Allocate: Process running on core 0 (Domain S0) - Vector length 4000/16000 Offset 0 Alignment 1024
--------------------------------------------------------------------------------
LIKWID MICRO BENCHMARK
Test: sum_int
--------------------------------------------------------------------------------
Using 1 work groups
Using 1 threads
--------------------------------------------------------------------------------
--------------------------------------------------------------------------------
=========== Threads started
Group: 0 Thread 0 Global Thread 0 running on core 0 - Vector length 4000 Offset 0
=========== Threads finished
--------------------------------------------------------------------------------
Cycles:			47723782996
CPU Clock:		2207627533
Cycle Clock:		2207627533
Time:			2.161768e+01 sec
Iterations:		10000000
Iterations per thread:	10000000
Inner loop executions:	2000
Size (Byte):		16000
Size per thread:	16000
Number of Flops:	0
MFlops/s:		0.00
Data volume (Byte):	160000000000
MByte/s:		7401.35
Cycles per update:	1.193095
Cycles per cacheline:	19.089513
Loads per update:	1
Stores per update:	0
Load bytes per element:	4
Store bytes per elem.:	0
Instructions:		140000000020
UOPs:			200000000000
--------------------------------------------------------------------------------
