Allocate: Process running on core 0 (Domain S0) - Vector length 250000000/1000000000 Offset 0 Alignment 1024
--------------------------------------------------------------------------------
LIKWID MICRO BENCHMARK
Test: sum_int
--------------------------------------------------------------------------------
Using 1 work groups
Using 1 threads
--------------------------------------------------------------------------------
--------------------------------------------------------------------------------
=========== Threads started
Group: 0 Thread 0 Global Thread 0 running on core 0 - Vector length 250000000 Offset 0
=========== Threads finished
--------------------------------------------------------------------------------
Cycles:			52012791552
CPU Clock:		2206574253
Cycle Clock:		2206574253
Time:			2.357174e+01 sec
Iterations:		150
Iterations per thread:	150
Inner loop executions:	125000000
Size (Byte):		1000000000
Size per thread:	1000000000
Number of Flops:	0
MFlops/s:		0.00
Data volume (Byte):	150000000000
MByte/s:		6363.55
Cycles per update:	1.387008
Cycles per cacheline:	22.192124
Loads per update:	1
Stores per update:	0
Load bytes per element:	4
Store bytes per elem.:	0
Instructions:		131250000020
UOPs:			187500000000
--------------------------------------------------------------------------------
