Allocate: Process running on core 0 (Domain S0) - Vector length 4000/16000 Offset 0 Alignment 1024
--------------------------------------------------------------------------------
LIKWID MICRO BENCHMARK
Test: sum_int
--------------------------------------------------------------------------------
Using 1 work groups
Using 6 threads
--------------------------------------------------------------------------------
--------------------------------------------------------------------------------
=========== Threads started
Group: 0 Thread 0 Global Thread 0 running on core 0 - Vector length 666 Offset 0
Group: 0 Thread 1 Global Thread 1 running on core 6 - Vector length 666 Offset 666
Group: 0 Thread 2 Global Thread 2 running on core 1 - Vector length 666 Offset 1332
Group: 0 Thread 3 Global Thread 3 running on core 7 - Vector length 666 Offset 1998
Group: 0 Thread 4 Global Thread 4 running on core 2 - Vector length 666 Offset 2664
Group: 0 Thread 5 Global Thread 5 running on core 8 - Vector length 666 Offset 3330
=========== Threads finished
--------------------------------------------------------------------------------
Cycles:			104811077722
CPU Clock:		2207953233
Cycle Clock:		2207953233
Time:			4.746979e+01 sec
Iterations:		360000000
Iterations per thread:	60000000
Inner loop executions:	333
Size (Byte):		15984
Size per thread:	2664
Number of Flops:	0
MFlops/s:		0.00
Data volume (Byte):	959040000000
MByte/s:		20203.16
Cycles per update:	0.437150
Cycles per cacheline:	6.994400
Loads per update:	1
Stores per update:	0
Load bytes per element:	4
Store bytes per elem.:	0
Instructions:		839160000020
UOPs:			1198800000000
--------------------------------------------------------------------------------
