Allocate: Process running on core 0 (Domain S0) - Vector length 4000/16000 Offset 0 Alignment 1024
--------------------------------------------------------------------------------
LIKWID MICRO BENCHMARK
Test: sum_int
--------------------------------------------------------------------------------
Using 1 work groups
Using 6 threads
--------------------------------------------------------------------------------
--------------------------------------------------------------------------------
=========== Threads started
Group: 0 Thread 0 Global Thread 0 running on core 0 - Vector length 666 Offset 0
Group: 0 Thread 1 Global Thread 1 running on core 1 - Vector length 666 Offset 666
Group: 0 Thread 2 Global Thread 2 running on core 2 - Vector length 666 Offset 1332
Group: 0 Thread 3 Global Thread 3 running on core 3 - Vector length 666 Offset 1998
Group: 0 Thread 4 Global Thread 4 running on core 4 - Vector length 666 Offset 2664
Group: 0 Thread 5 Global Thread 5 running on core 5 - Vector length 666 Offset 3330
=========== Threads finished
--------------------------------------------------------------------------------
Cycles:			8287525268
CPU Clock:		2209109148
Cycle Clock:		2209109148
Time:			3.751524e+00 sec
Iterations:		60000000
Iterations per thread:	10000000
Inner loop executions:	333
Size (Byte):		15984
Size per thread:	2664
Number of Flops:	0
MFlops/s:		0.00
Data volume (Byte):	159840000000
MByte/s:		42606.69
Cycles per update:	0.207396
Cycles per cacheline:	3.318328
Loads per update:	1
Stores per update:	0
Load bytes per element:	4
Store bytes per elem.:	0
Instructions:		139860000020
UOPs:			199800000000
--------------------------------------------------------------------------------
