Allocate: Process running on core 0 (Domain S0) - Vector length 1984/7936 Offset 0 Alignment 1024
Allocate: Process running on core 0 (Domain S0) - Vector length 1984/7936 Offset 0 Alignment 1024
--------------------------------------------------------------------------------
LIKWID MICRO BENCHMARK
Test: ddot_sp_avx
--------------------------------------------------------------------------------
Using 1 work groups
Using 2 threads
--------------------------------------------------------------------------------
--------------------------------------------------------------------------------
=========== Threads started
Group: 0 Thread 0 Global Thread 0 running on core 0 - Vector length 992 Offset 0
Group: 0 Thread 1 Global Thread 1 running on core 6 - Vector length 992 Offset 992
=========== Threads finished
--------------------------------------------------------------------------------
Cycles:			260232363382
CPU Clock:		2207978146
Cycle Clock:		2207978146
Time:			1.178600e+02 sec
Iterations:		900000000
Iterations per thread:	450000000
Inner loop executions:	62
Size (Byte):		15872
Size per thread:	7936
Number of Flops:	1785600000000
MFlops/s:		15150.17
Data volume (Byte):	7142400000000
MByte/s:		60600.70
Cycles per update:	0.291479
Cycles per cacheline:	4.663662
Loads per update:	2
Stores per update:	0
Load bytes per element:	8
Store bytes per elem.:	0
Instructions:		502200000018
UOPs:			558000000000
--------------------------------------------------------------------------------
