Allocate: Process running on core 0 (Domain S0) - Vector length 1984/7936 Offset 0 Alignment 1024
Allocate: Process running on core 0 (Domain S0) - Vector length 1984/7936 Offset 0 Alignment 1024
--------------------------------------------------------------------------------
LIKWID MICRO BENCHMARK
Test: ddot_sp_avx
--------------------------------------------------------------------------------
Using 1 work groups
Using 2 threads
--------------------------------------------------------------------------------
--------------------------------------------------------------------------------
=========== Threads started
Group: 0 Thread 0 Global Thread 0 running on core 0 - Vector length 992 Offset 0
Group: 0 Thread 1 Global Thread 1 running on core 6 - Vector length 992 Offset 992
=========== Threads finished
--------------------------------------------------------------------------------
Cycles:			26961392934
CPU Clock:		2207795747
Cycle Clock:		2207795747
Time:			1.221191e+01 sec
Iterations:		150000000
Iterations per thread:	75000000
Inner loop executions:	62
Size (Byte):		15872
Size per thread:	7936
Number of Flops:	297600000000
MFlops/s:		24369.66
Data volume (Byte):	1190400000000
MByte/s:		97478.65
Cycles per update:	0.181192
Cycles per cacheline:	2.899075
Loads per update:	2
Stores per update:	0
Load bytes per element:	8
Store bytes per elem.:	0
Instructions:		83700000018
UOPs:			93000000000
--------------------------------------------------------------------------------
