Allocate: Process running on core 0 (Domain S0) - Vector length 2000/8000 Offset 0 Alignment 1024
Allocate: Process running on core 0 (Domain S0) - Vector length 2000/8000 Offset 0 Alignment 1024
--------------------------------------------------------------------------------
LIKWID MICRO BENCHMARK
Test: ddot_sp_avx
--------------------------------------------------------------------------------
Using 1 work groups
Using 1 threads
--------------------------------------------------------------------------------
--------------------------------------------------------------------------------
=========== Threads started
Group: 0 Thread 0 Global Thread 0 running on core 0 - Vector length 2000 Offset 0
=========== Threads finished
--------------------------------------------------------------------------------
Cycles:			287544417142
CPU Clock:		2208001891
Cycle Clock:		2208001891
Time:			1.302283e+02 sec
Iterations:		450000000
Iterations per thread:	450000000
Inner loop executions:	125
Size (Byte):		16000
Size per thread:	16000
Number of Flops:	1800000000000
MFlops/s:		13821.88
Data volume (Byte):	7200000000000
MByte/s:		55287.51
Cycles per update:	0.319494
Cycles per cacheline:	5.111901
Loads per update:	2
Stores per update:	0
Load bytes per element:	8
Store bytes per elem.:	0
Instructions:		506250000018
UOPs:			562500000000
--------------------------------------------------------------------------------
