Allocate: Process running on core 0 (Domain S0) - Vector length 1920/7680 Offset 0 Alignment 1024
Allocate: Process running on core 0 (Domain S0) - Vector length 1920/7680 Offset 0 Alignment 1024
--------------------------------------------------------------------------------
LIKWID MICRO BENCHMARK
Test: ddot_sp_avx
--------------------------------------------------------------------------------
Using 1 work groups
Using 12 threads
--------------------------------------------------------------------------------
--------------------------------------------------------------------------------
=========== Threads started
Group: 0 Thread 0 Global Thread 0 running on core 0 - Vector length 160 Offset 0
Group: 0 Thread 1 Global Thread 1 running on core 6 - Vector length 160 Offset 160
Group: 0 Thread 2 Global Thread 2 running on core 1 - Vector length 160 Offset 320
Group: 0 Thread 3 Global Thread 3 running on core 7 - Vector length 160 Offset 480
Group: 0 Thread 4 Global Thread 4 running on core 2 - Vector length 160 Offset 640
Group: 0 Thread 5 Global Thread 5 running on core 8 - Vector length 160 Offset 800
Group: 0 Thread 6 Global Thread 6 running on core 3 - Vector length 160 Offset 960
Group: 0 Thread 7 Global Thread 7 running on core 9 - Vector length 160 Offset 1120
Group: 0 Thread 8 Global Thread 8 running on core 4 - Vector length 160 Offset 1280
Group: 0 Thread 9 Global Thread 9 running on core 10 - Vector length 160 Offset 1440
Group: 0 Thread 10 Global Thread 10 running on core 5 - Vector length 160 Offset 1600
Group: 0 Thread 11 Global Thread 11 running on core 11 - Vector length 160 Offset 1760
=========== Threads finished
--------------------------------------------------------------------------------
Cycles:			5045021682
CPU Clock:		2208207568
Cycle Clock:		2208207568
Time:			2.284668e+00 sec
Iterations:		900000000
Iterations per thread:	75000000
Inner loop executions:	10
Size (Byte):		15360
Size per thread:	1280
Number of Flops:	288000000000
MFlops/s:		126057.69
Data volume (Byte):	1152000000000
MByte/s:		504230.76
Cycles per update:	0.035035
Cycles per cacheline:	0.560558
Loads per update:	2
Stores per update:	0
Load bytes per element:	8
Store bytes per elem.:	0
Instructions:		81000000018
UOPs:			90000000000
--------------------------------------------------------------------------------
