Allocate: Process running on core 0 (Domain S0) - Vector length 1000/8000 Offset 0 Alignment 512
Allocate: Process running on core 0 (Domain S0) - Vector length 1000/8000 Offset 0 Alignment 512
--------------------------------------------------------------------------------
LIKWID MICRO BENCHMARK
Test: copy
--------------------------------------------------------------------------------
Using 1 work groups
Using 2 threads
--------------------------------------------------------------------------------
--------------------------------------------------------------------------------
=========== Threads started
Group: 0 Thread 0 Global Thread 0 running on core 0 - Vector length 500 Offset 0
Group: 0 Thread 1 Global Thread 1 running on core 6 - Vector length 500 Offset 500
=========== Threads finished
--------------------------------------------------------------------------------
Cycles:			57375391392
CPU Clock:		2207438150
Cycle Clock:		2207438150
Time:			2.599185e+01 sec
Iterations:		60000000
Iterations per thread:	30000000
Inner loop executions:	125
Size (Byte):		16000
Size per thread:	8000
Number of Flops:	0
MFlops/s:		0.00
Data volume (Byte):	480000000000
MByte/s:		18467.33
Cycles per update:	1.912513
Cycles per cacheline:	15.300104
Loads per update:	1
Stores per update:	1
Load bytes per element:	8
Store bytes per elem.:	8
Load/store ratio:	1.00
Instructions:		82500000016
UOPs:			105000000000
--------------------------------------------------------------------------------
