Allocate: Process running on core 0 (Domain S0) - Vector length 62500000/500000000 Offset 0 Alignment 512
Allocate: Process running on core 0 (Domain S0) - Vector length 62500000/500000000 Offset 0 Alignment 512
--------------------------------------------------------------------------------
LIKWID MICRO BENCHMARK
Test: copy
--------------------------------------------------------------------------------
Using 1 work groups
Using 1 threads
--------------------------------------------------------------------------------
--------------------------------------------------------------------------------
=========== Threads started
Group: 0 Thread 0 Global Thread 0 running on core 0 - Vector length 62500000 Offset 0
=========== Threads finished
--------------------------------------------------------------------------------
Cycles:			51786922762
CPU Clock:		2207430869
Cycle Clock:		2207430869
Time:			2.346027e+01 sec
Iterations:		250
Iterations per thread:	250
Inner loop executions:	15625000
Size (Byte):		1000000000
Size per thread:	1000000000
Number of Flops:	0
MFlops/s:		0.00
Data volume (Byte):	250000000000
MByte/s:		10656.31
Cycles per update:	3.314363
Cycles per cacheline:	26.514904
Loads per update:	1
Stores per update:	1
Load bytes per element:	8
Store bytes per elem.:	8
Load/store ratio:	1.00
Instructions:		42968750016
UOPs:			54687500000
--------------------------------------------------------------------------------
