Allocate: Process running on core 0 (Domain S0) - Vector length 62499984/499999872 Offset 0 Alignment 512
Allocate: Process running on core 0 (Domain S0) - Vector length 62499984/499999872 Offset 0 Alignment 512
--------------------------------------------------------------------------------
LIKWID MICRO BENCHMARK
Test: copy
--------------------------------------------------------------------------------
Using 1 work groups
Using 6 threads
--------------------------------------------------------------------------------
--------------------------------------------------------------------------------
=========== Threads started
Group: 0 Thread 0 Global Thread 0 running on core 0 - Vector length 10416664 Offset 0
Group: 0 Thread 1 Global Thread 1 running on core 1 - Vector length 10416664 Offset 10416664
Group: 0 Thread 2 Global Thread 2 running on core 2 - Vector length 10416664 Offset 20833328
Group: 0 Thread 3 Global Thread 3 running on core 3 - Vector length 10416664 Offset 31249992
Group: 0 Thread 4 Global Thread 4 running on core 4 - Vector length 10416664 Offset 41666656
Group: 0 Thread 5 Global Thread 5 running on core 5 - Vector length 10416664 Offset 52083320
=========== Threads finished
--------------------------------------------------------------------------------
Cycles:			178826673830
CPU Clock:		2207954669
Cycle Clock:		2207954669
Time:			8.099200e+01 sec
Iterations:		9000
Iterations per thread:	1500
Inner loop executions:	2604166
Size (Byte):		999999744
Size per thread:	166666624
Number of Flops:	0
MFlops/s:		0.00
Data volume (Byte):	1499999616000
MByte/s:		18520.34
Cycles per update:	1.907485
Cycles per cacheline:	15.259880
Loads per update:	1
Stores per update:	1
Load bytes per element:	8
Store bytes per elem.:	8
Load/store ratio:	1.00
Instructions:		257812434016
UOPs:			328124916000
--------------------------------------------------------------------------------
