Allocate: Process running on core 0 (Domain S0) - Vector length 62500000/500000000 Offset 0 Alignment 512
Allocate: Process running on core 0 (Domain S0) - Vector length 62500000/500000000 Offset 0 Alignment 512
--------------------------------------------------------------------------------
LIKWID MICRO BENCHMARK
Test: copy
--------------------------------------------------------------------------------
Using 1 work groups
Using 2 threads
--------------------------------------------------------------------------------
--------------------------------------------------------------------------------
=========== Threads started
Group: 0 Thread 0 Global Thread 0 running on core 0 - Vector length 31250000 Offset 0
Group: 0 Thread 1 Global Thread 1 running on core 6 - Vector length 31250000 Offset 31250000
=========== Threads finished
--------------------------------------------------------------------------------
Cycles:			245901144040
CPU Clock:		2206330128
Cycle Clock:		2206330128
Time:			1.114526e+02 sec
Iterations:		3000
Iterations per thread:	1500
Inner loop executions:	7812500
Size (Byte):		1000000000
Size per thread:	500000000
Number of Flops:	0
MFlops/s:		0.00
Data volume (Byte):	1500000000000
MByte/s:		13458.64
Cycles per update:	2.622946
Cycles per cacheline:	20.983564
Loads per update:	1
Stores per update:	1
Load bytes per element:	8
Store bytes per elem.:	8
Load/store ratio:	1.00
Instructions:		257812500016
UOPs:			328125000000
--------------------------------------------------------------------------------
