Allocate: Process running on core 0 (Domain S0) - Vector length 2000/8000 Offset 0 Alignment 1024
Allocate: Process running on core 0 (Domain S0) - Vector length 2000/8000 Offset 0 Alignment 1024
--------------------------------------------------------------------------------
LIKWID MICRO BENCHMARK
Test: ddot_sp
--------------------------------------------------------------------------------
Using 1 work groups
Using 2 threads
--------------------------------------------------------------------------------
--------------------------------------------------------------------------------
=========== Threads started
Group: 0 Thread 0 Global Thread 0 running on core 0 - Vector length 1000 Offset 0
Group: 0 Thread 1 Global Thread 1 running on core 6 - Vector length 1000 Offset 1000
=========== Threads finished
--------------------------------------------------------------------------------
Cycles:			32575660166
CPU Clock:		2206453535
Cycle Clock:		2206453535
Time:			1.476381e+01 sec
Iterations:		30000000
Iterations per thread:	15000000
Inner loop executions:	250
Size (Byte):		16000
Size per thread:	8000
Number of Flops:	60000000000
MFlops/s:		4063.99
Data volume (Byte):	240000000000
MByte/s:		16255.97
Cycles per update:	1.085855
Cycles per cacheline:	17.373685
Loads per update:	2
Stores per update:	0
Load bytes per element:	8
Store bytes per elem.:	0
Instructions:		112500000020
UOPs:			135000000000
--------------------------------------------------------------------------------
