Allocate: Process running on core 0 (Domain S0) - Vector length 2000/8000 Offset 0 Alignment 1024
Allocate: Process running on core 0 (Domain S0) - Vector length 2000/8000 Offset 0 Alignment 1024
--------------------------------------------------------------------------------
LIKWID MICRO BENCHMARK
Test: ddot_sp
--------------------------------------------------------------------------------
Using 1 work groups
Using 1 threads
--------------------------------------------------------------------------------
--------------------------------------------------------------------------------
=========== Threads started
Group: 0 Thread 0 Global Thread 0 running on core 0 - Vector length 2000 Offset 0
=========== Threads finished
--------------------------------------------------------------------------------
Cycles:			62874518460
CPU Clock:		2207757223
Cycle Clock:		2207757223
Time:			2.847891e+01 sec
Iterations:		15000000
Iterations per thread:	15000000
Inner loop executions:	500
Size (Byte):		16000
Size per thread:	16000
Number of Flops:	60000000000
MFlops/s:		2106.82
Data volume (Byte):	240000000000
MByte/s:		8427.29
Cycles per update:	2.095817
Cycles per cacheline:	33.533077
Loads per update:	2
Stores per update:	0
Load bytes per element:	8
Store bytes per elem.:	0
Instructions:		112500000020
UOPs:			135000000000
--------------------------------------------------------------------------------
