Allocate: Process running on core 0 (Domain S0) - Vector length 125000000/500000000 Offset 0 Alignment 1024
Allocate: Process running on core 0 (Domain S0) - Vector length 125000000/500000000 Offset 0 Alignment 1024
--------------------------------------------------------------------------------
LIKWID MICRO BENCHMARK
Test: ddot_sp
--------------------------------------------------------------------------------
Using 1 work groups
Using 2 threads
--------------------------------------------------------------------------------
--------------------------------------------------------------------------------
=========== Threads started
Group: 0 Thread 0 Global Thread 0 running on core 0 - Vector length 62500000 Offset 0
Group: 0 Thread 1 Global Thread 1 running on core 6 - Vector length 62500000 Offset 62500000
=========== Threads finished
--------------------------------------------------------------------------------
Cycles:			320604895148
CPU Clock:		2207975439
Cycle Clock:		2207975439
Time:			1.452031e+02 sec
Iterations:		2400
Iterations per thread:	1200
Inner loop executions:	15625000
Size (Byte):		1000000000
Size per thread:	500000000
Number of Flops:	300000000000
MFlops/s:		2066.07
Data volume (Byte):	1200000000000
MByte/s:		8264.29
Cycles per update:	2.137366
Cycles per cacheline:	34.197855
Loads per update:	2
Stores per update:	0
Load bytes per element:	8
Store bytes per elem.:	0
Instructions:		562500000020
UOPs:			675000000000
--------------------------------------------------------------------------------
