Allocate: Process running on core 0 (Domain S0) - Vector length 2000/8000 Offset 0 Alignment 1024
Allocate: Process running on core 0 (Domain S0) - Vector length 2000/8000 Offset 0 Alignment 1024
--------------------------------------------------------------------------------
LIKWID MICRO BENCHMARK
Test: ddot_sp
--------------------------------------------------------------------------------
Using 1 work groups
Using 1 threads
--------------------------------------------------------------------------------
--------------------------------------------------------------------------------
=========== Threads started
Group: 0 Thread 0 Global Thread 0 running on core 0 - Vector length 2000 Offset 0
=========== Threads finished
--------------------------------------------------------------------------------
Cycles:			47933667208
CPU Clock:		2207568886
Cycle Clock:		2207568886
Time:			2.171333e+01 sec
Iterations:		15000000
Iterations per thread:	15000000
Inner loop executions:	500
Size (Byte):		16000
Size per thread:	16000
Number of Flops:	60000000000
MFlops/s:		2763.28
Data volume (Byte):	240000000000
MByte/s:		11053.12
Cycles per update:	1.597789
Cycles per cacheline:	25.564623
Loads per update:	2
Stores per update:	0
Load bytes per element:	8
Store bytes per elem.:	0
Instructions:		112500000020
UOPs:			135000000000
--------------------------------------------------------------------------------
