Allocate: Process running on core 0 (Domain S0) - Vector length 1968/7872 Offset 0 Alignment 1024
Allocate: Process running on core 0 (Domain S0) - Vector length 1968/7872 Offset 0 Alignment 1024
--------------------------------------------------------------------------------
LIKWID MICRO BENCHMARK
Test: ddot_sp
--------------------------------------------------------------------------------
Using 1 work groups
Using 12 threads
--------------------------------------------------------------------------------
--------------------------------------------------------------------------------
=========== Threads started
Group: 0 Thread 0 Global Thread 0 running on core 0 - Vector length 164 Offset 0
Group: 0 Thread 1 Global Thread 1 running on core 6 - Vector length 164 Offset 164
Group: 0 Thread 2 Global Thread 2 running on core 1 - Vector length 164 Offset 328
Group: 0 Thread 3 Global Thread 3 running on core 7 - Vector length 164 Offset 492
Group: 0 Thread 4 Global Thread 4 running on core 2 - Vector length 164 Offset 656
Group: 0 Thread 5 Global Thread 5 running on core 8 - Vector length 164 Offset 820
Group: 0 Thread 6 Global Thread 6 running on core 3 - Vector length 164 Offset 984
Group: 0 Thread 7 Global Thread 7 running on core 9 - Vector length 164 Offset 1148
Group: 0 Thread 8 Global Thread 8 running on core 4 - Vector length 164 Offset 1312
Group: 0 Thread 9 Global Thread 9 running on core 10 - Vector length 164 Offset 1476
Group: 0 Thread 10 Global Thread 10 running on core 5 - Vector length 164 Offset 1640
Group: 0 Thread 11 Global Thread 11 running on core 11 - Vector length 164 Offset 1804
=========== Threads finished
--------------------------------------------------------------------------------
Cycles:			5611830098
CPU Clock:		2208247771
Cycle Clock:		2208247771
Time:			2.541305e+00 sec
Iterations:		180000000
Iterations per thread:	15000000
Inner loop executions:	41
Size (Byte):		15744
Size per thread:	1312
Number of Flops:	59040000000
MFlops/s:		23232.16
Data volume (Byte):	236160000000
MByte/s:		92928.65
Cycles per update:	0.190103
Cycles per cacheline:	3.041642
Loads per update:	2
Stores per update:	0
Load bytes per element:	8
Store bytes per elem.:	0
Instructions:		110700000020
UOPs:			132840000000
--------------------------------------------------------------------------------
