Allocate: Process running on core 0 (Domain S0) - Vector length 62496768/499974144 Offset 0 Alignment 512
Allocate: Process running on core 0 (Domain S0) - Vector length 62496768/499974144 Offset 0 Alignment 512
--------------------------------------------------------------------------------
LIKWID MICRO BENCHMARK
Test: copy_scattered
--------------------------------------------------------------------------------
Using 1 work groups
Using 3 threads
--------------------------------------------------------------------------------
--------------------------------------------------------------------------------
=========== Threads started
Group: 0 Thread 0 Global Thread 0 running on core 0 - Vector length 20832256 Offset 0
Group: 0 Thread 1 Global Thread 1 running on core 1 - Vector length 20832256 Offset 20832256
Group: 0 Thread 2 Global Thread 2 running on core 2 - Vector length 20832256 Offset 41664512
=========== Threads finished
--------------------------------------------------------------------------------
Cycles:			152298124432
CPU Clock:		2206366750
Cycle Clock:		2206366750
Time:			6.902666e+01 sec
Iterations:		900000
Iterations per thread:	300000
Inner loop executions:	5086
Size (Byte):		999948288
Size per thread:	333316096
Number of Flops:	0
MFlops/s:		0.00
Data volume (Byte):	299984486400000
MByte/s:		4345922.18
Cycles per update:	0.008123
Cycles per cacheline:	0.064984
Loads per update:	1
Stores per update:	1
Load bytes per element:	8
Store bytes per elem.:	8
Load/store ratio:	1.00
Instructions:		50351400016
UOPs:			64083600000
--------------------------------------------------------------------------------
