1 7 1 0.10068250742064 0.10069416417757 0.0014292009177641 997.71453934939 1.4548002270027 32.437387919678 67.562612080322 9.7444959893965
2 10 1 0.20083977237058 0.055800834721804 1.0024050084237e-05 996.60326068957 3.6833083707772 1.4141723935389 7.8912e-05 0.044730513664246 2.496e-06 1.4589029072031 8.1408e-05
3 5 1 0.30118735251421 0.05621690820826 1.3101962900957e-05 998.98242009697 4.8916131214068 1.9774535809019
4 6 1 0.40158624448987 0.055989574727042 1.2859661053261e-05 997.73476058602 5.4941950464396 0.0 0.0
5 7 1 0.50198677777748 0.055954279273593 1.3229680884229e-05 998.66203788889 4.8028609010194 0.50674120355146 0.21374547846103 0.42180402336145
6 8 1 0.60233543491886 0.055667585915795 1.3102868702257e-05 999.05148452506 5.5981037151703 81.690919774636 41.011371884829 38.844146417338 56.665860150012
7 7 1 0.70273656241213 0.055627448954399 1.2708845136844e-05 999.20011650272 5.4297600619195 42.0 0.0081269349845201 66.571428571429
8 10 1 0.80289251304437 0.0546656238442 1.2735113374538e-05 998.30306519375 5.4409829721362 705.28799067369 0.038555008 180.09241105632 0.009844864 885.38040173001 0.048399872
9 19 1 0.90330753824699 0.054889727237984 1.3977872757864e-05 998.25952403127 4.7445042275173 0.62432861328125 11.374234209151 0.03436279296875 0.62603322511996 0.00012752841655872 0.0 0.0 0.00012752841655872 544.98795139392 0.02991424 9.323128857632 0.000511744 554.31108025155 0.030425984 2.3006651157116e-07
10 9 1 1.0037194121669 0.053945296230146 1.281754129282e-05 998.854193861 5.4761996904025 0.00012976108185848 0.0 0.0 0.00012976108185848 0.0
11 7 1 1.110149546771 7.8656161669909e-05 1.5773170934067e-05 995.05253080936 0.78518769022658 46080.0 54815.0 49132.0
12 10 1 1.2102553178229 0.017435524653605 0.0031908725794146 997.52315378709 0.43521806170517 48.0 2.9651156002824e-06 48.5625 19749.0 0.0012199597497912 30.293331307914
13 9 1 1.3103621332636 0.016591810598093 0.0030367015749834 997.83218189445 0.0 0.43538960419127 0.20458984375 12.330772614624 0.013427734375 0.80929891862093
14 10 1 1.4104716543328 0.017024665865231 0.0031229995293186 997.9344345036 0.43521053449745 2.9096606295907 4.9536e-05 2.2856248873271 3.8912e-05 7.5335399246767 0.000128256
15 19 1 1.5105818067456 0.016235634128388 0.0029803648102417 997.68180857395 0.43550920000003 0.20849609375 12.841881758437 0.01385498046875 0.85336860631301 0.0 0.0 0.0 0.0 798.48461091723 0.012963904 1000.9114440185 0.016250432 1799.3960549357 0.029214336 0.0
16 13 1 1.6106942499298 0.015707973168205 0.0028844395467916 997.62297124763 0.43526400811806 201.0 0.22265625 14.174728185217 0.03375244140625 2.1487458021999 0.0 0.0 0.01373291015625 0.87426366273956
17 9 1 1.7108078806195 0.014926558314492 0.0027357794374684 997.79810488316 0.43561575296757 0.27708497725422 5.6249678186937e-05 0.00020300515294747 5993.0 0.00043218502740297
18 8 1 1.810908004906 0.01505797377867 0.0027635680626443 997.98040934088 0.4354535473422 0.250165152398 8.349500082603e-06 3.3375951856473e-05 3.9973593060997
19 5 1 1.9110046155893 0.014464700195535 0.0026544257995282 997.67379271172 0.43543208217314 5.9842162678121
20 6 1 2.011101325005 0.014475904051813 0.0026544036073963 997.4037031198 0.43530722904318 1.0 8.0
21 7 1 2.1112009039991 0.015857712992679 0.0031615463565322 1097.3819757791 0.43529208041215 71.705205036428 28.294794963572 9.995465724725
22 7 1 2.2113004585366 0.018560567911618 0.0036969165915738 1097.2621708498 0.43527619114656 4.5581380600564e-06 3.2204236293877e-06 0.70652173913043
23 9 1 2.3113977576289 0.018477643614223 0.0036894034226926 1097.3801559788 0.43477155155114 0.0 0.0 0.0 0.0 -
24 6 1 2.4114932270026 0.03007115205986 0.0060002687530209 1097.2992081511 0.43409875225539 0.0 0.0
25 13 1 2.5115903503694 0.017719207127883 0.0035396486524986 1097.7878335908 0.43471226894097 2.3003721575104 31262032.0 14838683.0 1774296.0 934928.0 5.6755619724271 5.8325127426138 47.465510239386 41.026415045573
26 7 1 2.6117018324984 0.017705480614986 0.0035440839085631 1097.705029642 0.43475346037943 52.501252028516 47.498747971484 2.9718955136765
27 12 1 2.7118106642529 0.014822522506203 0.0027242567391336 997.43994032413 0.43522360491442 1680699.0 0.63420041304243 0.4842627978002 6.5631026138529 27.941186983293 0.177203123257 0.13530877382388 1.833808773242
1 7 1 2.8119122423505 0.015824272620293 0.0031659317935252 1097.3228925823 0.43479081622816 65.970377713832 34.029622286168 11.19061015195
Running without Marker API. Activate Marker API with -m on commandline.
2 10 1 2.9120074562882 0.017569840493545 0.0035119682705781 1097.1331231255 0.43468602045175 20.012475362493 0.000351616 1.5590352120763 2.7392e-05 21.571510574569 0.000379008
3 5 1 3.0120986502797 0.02465485521639 0.012175514313429 1097.4356386836 0.36290406123164 16129.043004899
4 6 1 3.1121924339571 0.016870506636216 0.0077134709871191 1017.9672592093 0.3563340216576 0.0 0.0
5 7 1 3.2122845890038 0.014710172347783 0.0070252408950278 1062.3465870464 0.36005273987641 0.11386994081677 0.036621592315222 0.32160895186684
6 8 1 3.3123759795542 0.017677992262941 0.0094814411381078 1191.4702870332 0.36599367586536 8.3775079203771 21.979070858864 0.43373931361111 99.915356754323
7 7 1 3.4124510711161 0.021765458671967 0.011752135539492 1197.2005880712 0.36620527525316 50.0 7.056360378147e-07 44.52
8 10 1 3.512512705188 0.021268046040391 0.011480439080915 1197.2075162987 0.3660877036291 5726.7809073147 0.12179744 1.7122400398627 3.6416e-05 5728.4931473545 0.121833856
9 19 1 3.6125875476544 0.017285322870468 0.0093300278457338 1197.1994663332 0.36612913204338 0.2275390625 13.163714916124 0.0228271484375 1.320608738903 0.00040496784772006 0.0 0.0 0.00040496784772006 5723.8368494137 0.098938368 1.0441228165217 1.8048e-05 5724.8809722302 0.098956416 7.0738212669303e-08
10 9 1 3.7126741084723 0.021143751986032 0.01126218037002 1182.055901753 0.36557392654247 0.0003310670691098 0.0 0.0 0.0003310670691098 0.0
11 7 1 3.8127512100072 0.021251159186759 0.011471753352251 1197.2017330033 0.36591841824518 55386996.0 83071947.0 83068181.0
12 10 1 3.9128248069969 0.033286335440379 0.017979327445741 1197.2024754695 0.36628145952559 67.0 6.1818610706812e-07 55.492537313433 1.0 9.2266583144495e-09 74.0
13 9 1 4.0129051277496 0.021486035275401 0.011599918801365 1197.2016455341 0.0 0.36631179464962 0.29534912109375 13.746096816284 0.029541015625 1.3748937505851
14 10 1 4.1129806468496 0.021403495037757 0.012268309580487 1276.1990882202 0.36542936453111 5552.8725467658 0.11885088 2.1349784191502 4.5696e-05 5556.8255460236 0.118935488
15 19 1 4.2130553788083 0.033579251653108 0.018984097501359 1256.2277418025 0.36618164998482 0.46484375 13.843183725537 0.0467529296875 1.3923160102102 0.0 0.0 0.0 0.0 5981.8691040249 0.200866688 2.9218042442861 9.8112e-05 5984.7909082692 0.2009648 0.0
16 13 1 4.3131377838098 0.021457696375935 0.012173483054014 1264.0618930726 0.36583207481663 202.0 0.3013916015625 14.045850788555 0.03851318359375 1.7948424154674 0.0 0.0 0.0299072265625 1.3937762021855
17 9 1 4.4132218663553 0.021465295143039 0.011588183239725 1197.2029317614 0.36640185365907 0.20006675159139 8.8354854518577e-06 4.4162687610899e-05 3894.0 5.5762366854998e-05
18 8 1 4.5132906136848 0.033359071284753 0.018020072199809 1197.2001880698 0.36596953484122 0.20000011773384 9.6578543222315e-07 4.8289243184767e-06 4.9999970566557
19 5 1 4.6133672097826 0.020644244236049 0.010882520548718 1170.0757278866 0.3655050963472 6.0262172284644
20 6 1 4.7134578602934 0.016335777708491 0.0073377668000939 997.66602027914 0.3533275121878 1.0 8.0
21 7 1 4.8135352408151 0.017797990101735 0.0096079014162748 1197.2008384254 0.36617499435094 91.542479104039 8.4575208959606 7.8576446217652
22 7 1 4.9136137345666 0.021853738066646 0.01179931284149 1197.1964660574 0.36603636501171 5.1280445203244e-06 3.5591907173028e-06 0.69406392694064
23 9 1 5.0136936612957 0.020775952274047 0.011168434011596 1193.3423441515 0.36624301668738 0.0 0.0 0.0 0.0 -
24 6 1 5.1137609357923 0.033889217763702 0.018306616100392 1197.2049952226 0.36595977416015 0.0 0.0
25 13 1 5.2138388289975 0.021730061768774 0.011730492323234 1197.1983044387 0.36608802203391 2.7315834985373 103603228.0 56603422.0 41183.0 5712.0 0.0397506919379 0.012397297118966 54.634805394288 45.313046616656
26 7 1 5.313912021094 0.021424749665257 0.011565445815497 1197.201946711 0.3659708019161 54.662919020726 45.337080979274 2.3937027214616
27 12 1 5.4139415626259 0.033619849667365 0.018160474571582 1197.2010981414 0.3658661436491 3326547.0 93.66724714847 1.8569405452561 99.576197179838 8.296012817751 7.7706468294716 0.15405202565246 8.2608540814684
1 7 1 5.5140120653983 0.021364907902386 0.011530153532354 1197.2016294998 0.36634843606601 57.317938425265 42.682061574735 4.0267123409503
2 10 1 5.6140842873816 0.033707962394605 0.018199579825297 1197.2024493629 0.36662226057205 5217.6215797651 0.175875392 5185.2759877285 0.174785088 10402.897567494 0.35066048
3 5 1 5.7141481461015 0.033314706948692 0.017994041734956 1197.2029193986 0.36634490874881 68314.836220472
4 6 1 5.8142131117106 0.021439102992654 0.011569887412171 1197.2010057632 0.36637606157687 0.0 0.0
5 7 1 5.9142762956085 0.033213414812539 0.017936453605719 1197.1968729208 0.36632812742665 0.11339266053311 0.036957173132566 0.32592209194857
6 8 1 6.0143440030781 0.033328933463906 0.018000743305873 1197.1978557766 0.36632969023897 7.7049485177639 24.436490942852 0.41012234429711 99.955750917646
7 7 1 6.1144083790106 0.021196418896808 0.01231601270014 1289.8665455972 0.36573092529717 51.0 6.8590611809294e-07 44.490196078431
8 10 1 6.2144905820184 0.030061415601688 0.014804600321595 1093.0653020384 0.36965051373467 5368.1591758087 0.161374464 329.55467338151 0.00990688 5697.7138491902 0.171281344
9 19 1 6.3145750323192 0.017182013514822 0.0092699813717688 1197.1970431588 0.36652317221315 0.22686767578125 13.203788693656 0.0228271484375 1.3285490910485 0.0004074027758133 0.0 0.0 0.0004074027758133 5737.4788999532 0.09858144 4.6411324220651 7.9744e-05 5742.1200323753 0.098661184 7.0949888458667e-08
10 9 1 6.4146486383669 0.020931838866141 0.011294619831969 1197.1983163287 0.36639373093435 0.00033441877919876 0.0 0.0 0.00033441877919876 0.0
11 7 1 6.5147161266326 0.032899847235977 0.018770956567807 1269.6666725129 0.36594698174318 90624212.0 135921772.0 135915421.0
12 10 1 6.6147813956851 0.02055144217548 0.01176920762949 1272.7114597066 0.36583098977084 57.0 8.0243722428011e-07 49.508771929825 1.0 1.4077846040002e-08 74.0
13 9 1 6.7148530479194 0.021613986955409 0.011663852974509 1197.1967900722 0.0 0.36706593095942 0.29913330078125 13.839802041076 0.0303955078125 1.4062888015621
14 10 1 6.814946798988 0.03226817492414 0.017233989299102 1184.6132728891 0.36731280530169 5147.414267788 0.166097664 1.9972620128505 6.4448e-05 5150.5361053334 0.1661984
15 19 1 6.9150236142897 0.033552759682492 0.019158829289494 1269.2848663184 0.36588081983288 0.46209716796875 13.772255168921 0.046875 1.397053489596 0.0 0.0 0.0 0.0 6027.9932236256 0.202255808 1.5965303750544 5.3568e-05 6029.5897540006 0.202309376 0.0
16 13 1 7.0150985962496 0.021411479676215 0.012462218540842 1292.0382590094 0.36536529477496 202.0 0.30084228515625 14.050513542529 0.0384521484375 1.7958660036099 0.0 0.0 0.0301513671875 1.4081869933068
17 9 1 7.1151722394351 0.033812819764673 0.019718113131751 1292.9326417326 0.36543186523912 0.20004423215896 4.7171568812479e-06 2.358056930879e-05 3383.0 2.8395269980892e-05
18 8 1 7.2152363472504 0.033917144523577 0.019778756075872 1292.7819083746 0.36545058955764 0.20000011548132 1.0041853524989e-06 5.02092386338e-06 4.9999971129688
19 5 1 7.3153000257158 0.021813979730194 0.012692160729802 1291.2267012889 0.36557269691698 5.9672727272727
20 6 1 7.4153690882642 0.033908736875912 0.018309306330252 1197.1991996379 0.366606418573 1.0 8.0
21 7 1 7.5154398202043 0.033558663695364 0.019590853031036 1294.3999174616 0.36537030145379 92.241466180566 7.758533819434 6.5401318892037
22 7 1 7.6155082722426 0.021929715773873 0.01258327933746 1273.4218124943 0.36588970423485 6.7380200308386e-06 4.8504965042845e-06 0.71986970684039
23 9 1 7.7155810775619 0.035186895879843 0.017972993630152 1135.2517495997 0.37007469414077 0.0 0.0 0.0 0.0 -
24 6 1 7.8156683295062 0.016659963087891 0.0082369629968158 1097.4259423444 0.3710062191189 0.0 0.0
25 13 1 7.9157416973281 0.020097792427902 0.011693772044342 1291.3786414135 0.36564146116336 2.7349196035326 103278916.0 56495610.0 44479.0 6980.0 0.043066873397471 0.014772618256373 54.701978088151 45.240182420195
26 7 1 8.015816537983 0.036234555627012 0.019573014180238 1197.2010990655 0.36660471506925 54.564733357915 45.435266642085 2.4210141502048
27 12 1 8.1158873768077 0.034330074879523 0.020035406269058 1294.2209695114 0.36529515170006 3442994.0 92.787992078987 2.1861786572965 99.420010607047 7.7828929409332 7.2215900855491 0.17014794439492 7.7377529874109
1 7 1 8.2159571594681 0.024569743408856 0.014377664918854 1296.9669510683 0.36094563810762 58.103354160592 41.896645839408 3.7625061386416
2 10 1 8.3160172065761 0.037035768579735 0.021681458735398 1296.9619645414 0.36107275427093 5744.2449868964 0.212742528 5710.5962184817 0.21149632 11454.841205378 0.424238848
3 5 1 8.4160810598612 0.036708332279471 0.021485599584846 1296.9701657836 0.36100924704495 83699.125796178
4 6 1 8.5161399475436 0.024858929531832 0.014548194241859 1296.9680233373 0.36122799370469 0.0 0.0
5 7 1 8.6162095055653 0.026876898124174 0.014524623933337 1198.7598398 0.36639281572504 0.11388285372498 0.036493672564206 0.32044922804918
6 8 1 8.7162858344516 0.022221712598282 0.012714939367989 1272.1567351083 0.36236738613293 7.5712562337806 21.35807725001 0.44338169900781 99.907820119471
7 7 1 8.8163541234457 0.021528743806687 0.012498305211725 1288.000548869 0.36585627285505 48.0 6.3636100775879e-07 44.3125
8 10 1 8.9164137873998 0.034026494668092 0.019847549872989 1292.8738857124 0.36527894683685 6151.5151073227 0.209314496 1.1906016295587 4.0512e-05 6152.7057089522 0.209355008
9 19 1 9.0165032422528 0.021730970287477 0.012653785099034 1292.5335960893 0.36523890800063 0.2884521484375 13.273781364642 0.02947998046875 1.3565883197465 0.00032212091348879 0.0 0.0 0.00032212091348879 6150.4022246544 0.133654208 2.0969151122653 4.5568e-05 6152.4991397667 0.133699776 5.2356108659449e-08
10 9 1 9.1165741906795 0.021835144683365 0.012719156778841 1292.2191763825 0.36580922615118 0.00032058409053423 0.0 0.0 0.00032058409053423 0.0
11 7 1 9.2166439371078 0.033712824735982 0.018209523711967 1197.1982073061 0.36665510307463 87737473.0 131596347.0 131591731.0
12 10 1 9.3167423231617 0.018552627657424 0.00933902879325 1119.0107679686 0.36974623142416 57.0 1.022068118258e-06 52.561403508772 1.0 1.7931019618562e-08 79.0
13 9 1 9.4168226701826 0.020040285820781 0.011667550002514 1292.0937622752 0.0 0.3657846185494 0.27423095703125 13.683984324559 0.028076171875 1.4009865989978
14 10 1 9.5168906548274 0.036401521980605 0.021309510000562 1296.9721695063 0.36100396821262 5740.5001942319 0.208962944 1.951566751463 7.104e-05 5743.4574332192 0.209070592
15 19 1 9.6169653713875 0.022623958122096 0.013240077218647 1296.9631455723 0.36103059140629 0.31573486328125 13.955774740092 0.03240966796875 1.4325374805701 0.0 0.0 0.0 0.0 6246.3934576497 0.141318144 1.951913089729 4.416e-05 6248.3453707394 0.141362304 0.0
16 13 1 9.7170410942928 0.023972126508489 0.013939206364878 1289.8948510144 0.36151369123225 202.0 0.3284912109375 13.703048447587 0.04241943359375 1.7695315256546 0.0 0.0 0.0338134765625 1.4105330434714
17 9 1 9.8171275971394 0.033239737398312 0.017904023654682 1194.6139777454 0.36587856899324 0.20004422910261 5.3402930030889e-06 2.669556141182e-05 3462.0 3.2041758018533e-05
18 8 1 9.9172034477627 0.021542793690648 0.012544737945055 1291.8836909069 0.36140714412455 0.20000013569737 1.5004997381758e-06 7.5024936005361e-06 4.9999966075681
19 5 1 10.017270150699 0.022178160765986 0.012891809752993 1289.3953112697 0.36147423817436 6.0034602076125
20 6 1 10.117334686052 0.033889579178421 0.019770494715117 1293.1223659769 0.36123623897806 2.0 8.0
21 7 1 10.217410260406 0.021409424413066 0.01241639812919 1288.6239759027 0.36610859635571 92.267523188896 7.7324768111042 6.7168995342648
22 7 1 10.317479265889 0.021536090761029 0.012554229383975 1293.2230417955 0.36126161211118 5.6690643297292e-06 4.2029270030751e-06 0.74137931034483
23 9 1 10.417545369184 0.033322081982875 0.019426798828623 1292.2985715631 0.36112098762917 0.0 0.0 0.0 0.0 -
24 6 1 10.517618785014 0.021529178591311 0.011623642643208 1197.2018407649 0.36587013913521 0.0 0.0
25 13 1 10.617693450849 0.026096394506568 0.013903251488084 1182.8265548187 0.37211166429906 2.6873653688972 122792948.0 66002769.0 476337.0 7456.0 0.38791885670829 0.013046351814927 53.751269983354 45.847764808122
26 7 1 10.717791666612 0.019566508262521 0.010712018399752 1222.1344647406 0.3649778759034 54.808808962577 45.191191037423 2.3916290683981
27 12 1 10.817886279098 0.019988136122548 0.0098873950124404 1097.4364345526 0.36375159923532 1662969.0 92.372678023463 1.7430872132914 99.234742199043 7.6173728258648 7.0363712742829 0.13277745171638 7.5590802860869
1 7 1 10.917964467594 0.018366166648256 0.0099123530085545 1197.2005437778 0.366345217037 56.838199877239 43.161800122761 3.9650016537362
2 10 1 11.018030105308 0.033450190366507 0.019514668348213 1293.4043739782 0.36539124664347 5656.4925319364 0.189210752 5630.0106497619 0.188324928 11286.503181698 0.37753568
3 5 1 11.118118847295 0.021553228521622 0.0099536426021039 1026.4934741812 0.36133011916317 38740.280254777
4 6 1 11.218214222466 0.012758178698913 0.0057204218943484 997.66585697614 0.36346412119859 0.0 0.0
5 7 1 11.318311196375 0.012216327455568 0.0054849996075239 997.67075518846 0.35485196763618 0.11376358198103 0.036805698435704 0.32352794976025
6 8 1 11.429983122485 0.024588202733545 0.011046979191412 997.66702973299 0.35503139214096 5.5138082891347 18.674436385255 0.34918554190155 99.907406712724
7 7 1 11.530056723098 0.029586020282306 0.016005345017431 1201.2942558291 0.36607888649885 49.0 5.0758486655817e-07 56.591836734694
8 10 1 11.642185875965 0.032206296919947 0.015200777882499 1049.8911081468 0.36583287627607 5471.9992316425 0.176232832 91.281528183988 0.00293984 5563.2807598265 0.179172672
9 19 1 11.75399151918 0.0036839029443219 0.0016392204600364 997.67725296173 0.36446514619814 0.0560302734375 15.209486863345 0.00506591796875 1.3751496837229 0.0016287074037192 0.0 0.0 0.0016287074037192 5290.6844438019 0.019490368 143.20464137448 0.000527552 5433.8890851764 0.02001792 2.997314406292e-07
10 9 1 11.866107739016 0.016137516825791 0.0087431673358051 1203.377639992 0.36613132424374 0.00043377181728557 0.0 0.0 0.00043377181728557 0.0
11 7 1 11.966176128554 0.033571680965844 0.019585569944955 1293.6073038208 0.36133481339599 95758967.0 143626388.0 143620690.0
12 10 1 12.066246520818 0.022188604654973 0.012889400774436 1289.2711756709 0.36154424095929 58.0 7.3681703476267e-07 56.465517241379 1.0 1.2703741978667e-08 72.0
13 9 1 12.16631634424 0.034239255617999 0.019950515024141 1292.0337303143 0.0 0.36130208809903 0.4644775390625 13.565643606409 0.04791259765625 1.3993469423168
14 10 1 12.266388794485 0.034472354524491 0.020014624016936 1288.6700907718 0.3621193162661 5675.9796857215 0.195664384 4.5894167132564 0.000158208 5682.0394980807 0.19587328
15 19 1 12.366479003871 0.0200957697736 0.0098808564857578 1092.5253060313 0.36349852554272 0.28167724609375 14.016743288122 0.02734375 1.3606719378285 0.0 0.0 0.0 0.0 5552.0317587722 0.111572352 83.255730875161 0.001673088 5635.2874896474 0.11324544 0.0
16 13 1 12.466566905274 0.010850572031139 0.0058487793733378 1197.2035377168 0.36662332914285 202.0 0.14752197265625 13.595778382273 0.01654052734375 1.5243921975987 0.0 0.0 0.014404296875 1.3275149765066
17 9 1 12.566637142647 0.022849709168444 0.013357596785085 1296.9670227662 0.36203476604201 0.20005596461699 8.4575410388063e-06 4.2275875428151e-05 3527.0 4.3294263053512e-05
18 8 1 12.666704951566 0.036775465742806 0.020617761776222 1245.8081856636 0.36725349114146 0.20000010971507 1.0084105310587e-06 5.0420498893492e-06 4.9999972571249
19 5 1 12.766785668154 0.016131183463103 0.0087015226681462 1197.1980495632 0.36655227405188 6.0661157024793
20 6 1 12.866851930871 0.033186105809152 0.019361870538553 1293.6453829035 0.36559514205376 2.0 8.0
21 7 1 12.966920940883 0.021380305618681 0.012438792707626 1291.2288809846 0.3659559318322 92.23539176321 7.76460823679 6.6335505544582
22 7 1 13.066989362124 0.033455863400048 0.019514233563589 1293.3383515984 0.36586139234441 7.0050292997026e-06 5.5403413552193e-06 0.79090909090909
23 9 1 13.167057768872 0.033937386465223 0.019776419108519 1292.1032252871 0.36120719639113 0.0 0.0 0.0 0.0 -
24 6 1 13.26712321365 0.021866551531834 0.012714976958743 1290.1644678711 0.36133012752634 0.0 0.0
25 13 1 13.367190124014 0.033832565327207 0.019727828303592 1292.7378750212 0.36568120212779 2.7346223819581 174235372.0 95298313.0 43497.0 7768.0 0.02496450605908 0.0093144117716809 54.695158569754 45.270562512416
26 7 1 13.46726397644 0.03399795649234 0.019819391227982 1292.6381446601 0.36568428726089 54.701953325928 45.298046674072 2.4199746273638
27 12 1 13.56733064405 0.024687729462963 0.014426300560945 1296.9672949982 0.36515589263227 2465472.0 92.706751486125 2.2999652804818 99.432481893933 7.7401262117964 7.1756195718825 0.17802021553679 7.696199594112
1 7 1 13.667397606045 0.037001301028675 0.021658045583401 1296.9683858013 0.36509667838111 58.196571726207 41.803428273793 3.9446556254435
2 10 1 13.76746562511 0.034107528558174 0.019886932754803 1292.7980748345 0.36536480482748 5654.1276413821 0.19284832 5617.2203645077 0.191589504 11271.34800589 0.384437824
3 5 1 13.867536751074 0.021833830365679 0.01203949828445 1225.9960470192 0.36720759951285 46108.796178344
4 6 1 13.967622635258 0.017101769483473 0.0084539689845134 1097.4329007564 0.37020381851262 0.0 0.0
5 7 1 14.067697149825 0.018209426791338 0.010127665147821 1235.0452233684 0.36628311121517 0.11331495555371 0.036916284013746 0.325784746006
6 8 1 14.16776118427 0.023441083286253 0.013707985637383 1296.9674763461 0.36535642198962 7.7872793329468 24.51660701332 0.43552251402282 99.945501867176
7 7 1 14.267830298449 0.033668674169027 0.019624346845699 1292.20315417 0.36565712601133 58.0 4.8945161722662e-07 48.465517241379
8 10 1 14.367887629059 0.021374368996962 0.012445577159362 1292.3230135565 0.36545221310272 6150.6219911654 0.131465664 1.5001144597325 3.2064e-05 6152.1221056252 0.131497728
9 19 1 14.467954583808 0.021444327654551 0.012542688116713 1296.9681431139 0.36548370749755 0.2978515625 13.889526745633 0.0303955078125 1.4174148195338 0.00032642664823834 0.0 0.0 0.00032642664823834 6172.9331006517 0.1323744 0.83863669170263 1.7984e-05 6173.7717373434 0.132392384 5.2873132037565e-08
10 9 1 14.568021765007 0.036730754484847 0.021489499512342 1296.9706723641 0.36538928514286 0.00019057599273894 0.0 0.0 0.00019057599273894 0.0
11 7 1 14.668092294953 0.036379285464496 0.021289956015002 1296.9692858622 0.36534361045546 102947657.0 154410267.0 154405046.0
12 10 1 14.768164652807 0.021929549106434 0.012749171863612 1290.0178965118 0.36596748863972 57.0 7.4103433286168e-07 53.842105263158 1.0 1.3000602330907e-08 72.0
13 9 1 14.86823615196 0.033076892440633 0.019275809904158 1292.069072288 0.0 0.36572216376734 0.45147705078125 13.649318828592 0.04608154296875 1.3931642173296
14 10 1 14.96831658775 0.02094728821311 0.012177618489848 1290.1098704909 0.3649077678165 5639.9395854046 0.11814144 2.8689155077547 6.0096e-05 5644.840267486 0.118244096
15 19 1 15.068389102307 0.021355653330506 0.012444826702985 1293.4971968766 0.36535053623583 0.2880859375 13.489914499056 0.02935791015625 1.3747137445013 0.0 0.0 0.0 0.0 6153.4949067695 0.131411904 1.3096297999954 2.7968e-05 6154.8045365695 0.131439872 0.0
16 13 1 15.168464692965 0.033576782438764 0.019602833159027 1294.3764582014 0.36549680219838 202.0 0.4530029296875 13.491552697572 0.06097412109375 1.8159608117589 0.0 0.0 0.0462646484375 1.3778761714847
17 9 1 15.26855999386 0.021732508338084 0.012659337661002 1292.4729452841 0.36517101781178 0.20006245288419 8.2436134890757e-06 4.1205200527296e-05 4133.0 5.3995015135261e-05
18 8 1 15.368626183207 0.021532452157208 0.011921985058621 1229.6414913555 0.36624334463068 0.20000014191369 1.7113121097426e-06 8.5565544772519e-06 4.9999964521603
19 5 1 15.468706645264 0.031771380954852 0.015743768170975 1100.3682847811 0.36986215085322 6.1253822629969
20 6 1 15.568787436128 0.026634180513679 0.015499570028258 1290.8150260572 0.36130083872671 2.0 8.0
21 7 1 15.668854492326 0.024759225265358 0.014483644123832 1296.9693642254 0.36111017514281 92.836820614353 7.1631793856472 6.6983224704744
22 7 1 15.768925682602 0.033412100516049 0.019491235268588 1293.0739406779 0.36127819694675 5.9950688774653e-06 4.9947248290667e-06 0.83313885647608
23 9 1 15.869002288664 0.021914109723278 0.012737227061871 1289.1858979634 0.36156411009719 0.0 0.0 0.0 0.0 -
24 6 1 15.969065368394 0.021735749295135 0.012639664109671 1290.2008543258 0.36129737742751 0.0 0.0
25 13 1 16.069132711732 0.033608653963299 0.019607914704319 1293.163489112 0.36507741168338 2.7391450908698 173176300.0 94875594.0 47355.0 7912.0 0.027344965794973 0.0098766401638099 54.785553219465 45.177225174576
26 7 1 16.169209811455 0.021437708964454 0.012488678355511 1292.2179346172 0.36510149709113 54.792090319756 45.207909680244 2.4215862965461
27 12 1 16.269281202819 0.021322580713447 0.012428840668745 1293.1012520144 0.36593151102699 2098406.0 93.156043206129 1.9685418360413 99.371665921657 7.646485030128 7.1231628984162 0.1505242568047 7.5984395588883
1 7 1 16.369351325155 0.036304233486198 0.021026484685128 1283.9002719263 0.36539185461123 57.904206513847 42.095793486153 3.9604922119668
2 10 1 16.469419426648 0.036236433353106 0.021210631371974 1296.9752086678 0.36534113029681 5676.2725513207 0.205687872 5643.8773100849 0.204513984 11320.149861406 0.410201856
3 5 1 16.569478633172 0.024616544350414 0.014395030035573 1296.968063309 0.36508370163997 55450.952229299
4 6 1 16.669537667594 0.036896940943521 0.021600852836431 1296.9672393702 0.36489459702329 0.0 0.0
5 7 1 16.769611905891 0.022283352376734 0.012964556919883 1290.4894794292 0.36538160255399 0.11330276268055 0.036859230992054 0.32531625990423
6 8 1 16.869681790002 0.021443820405823 0.012465092648366 1289.7497923299 0.36577195296114 7.705292452653 24.554873547191 0.43246694730917 99.941063402822
7 7 1 16.969753488432 0.033270648773469 0.01722504043516 1149.2261085261 0.36927175047461 52.0 5.0488459828464e-07 53.019230769231
8 10 1 17.069840176062 0.016279999370251 0.008221668088968 1122.2004055234 0.36946560755965 5368.2675295247 0.087395392 526.27422183175 0.008567744 5894.5417513565 0.095963136
9 19 1 17.169915982301 0.021264819576161 0.012379201851715 1291.5477159193 0.3613902987318 0.30047607421875 14.130196268187 0.030517578125 1.4351204822453 0.0003291821957355 0.0 0.0 0.0003291821957355 6211.0894252809 0.132077696 1.7546351553262 3.7312e-05 6212.8440604362 0.132115008 5.298413939467e-08
10 9 1 17.269983503175 0.033686522077838 0.019642239591675 1292.5975237444 0.36128237970161 0.00020779824001496 0.0 0.0 0.00020779824001496 0.0
11 7 1 17.370049543971 0.02152510157966 0.012567783794625 1295.8006704249 0.36124295107261 61465155.0 92187754.0 92183173.0
12 10 1 17.470111709748 0.037090816842128 0.021712523643875 1296.9711102439 0.36104937250116 69.0 5.1964688081546e-07 56.797101449275 1.0 7.5311142147168e-09 72.0
13 9 1 17.57017514093 0.036759212044283 0.021506468340992 1296.9711311693 0.0 0.3609680578121 0.506103515625 13.768073021133 0.052001953125 1.4146645217083
14 10 1 17.670240057625 0.037277686367682 0.021819941714217 1296.9709301169 0.36105050059101 5739.1098226921 0.213940736 2.0705147642133 7.7184e-05 5742.2293295964 0.214057024
15 19 1 17.770311658229 0.034093836465726 0.019872195820555 1292.2871237322 0.36124105160244 0.46014404296875 13.496399662482 0.0478515625 1.4035253130901 0.0 0.0 0.0 0.0 6212.3641677265 0.211803328 1.1356891454244 3.872e-05 6213.4998568719 0.211842048 0.0
16 13 1 17.870385304132 0.033789384873444 0.019715473626763 1293.4509809564 0.36124108550565 201.0 0.4644775390625 13.746256133462 0.05908203125 1.7485382309056 0.0 0.0 0.04754638671875 1.4071397540036
17 9 1 17.970457365788 0.022031721681449 0.012815377786415 1290.632319215 0.36141952812899 0.20006463248103 8.1234453054048e-06 4.0604104806856e-05 3217.0 4.1089816898565e-05
18 8 1 18.070521626684 0.034567722720142 0.020185102615068 1294.4406700994 0.36550013036501 0.20000011153173 9.2669743723136e-07 4.6334846022541e-06 4.9999972117084
19 5 1 18.170583668367 0.035905083991227 0.020961835834759 1293.9049762819 0.36527180931692 6.1188405797101
20 6 1 18.270647906617 0.023753753213728 0.013848335472681 1293.2610856314 0.36109302613921 2.0 8.0
21 7 1 18.370715538905 0.034372845911098 0.020043817992829 1292.6953180547 0.36123746861749 92.822207861754 7.1777921382461 6.8098296415549
22 7 1 18.470780990024 0.034110871870771 0.019906590454611 1293.6363802667 0.36105357492469 5.2776251229084e-06 4.3398370011984e-06 0.82230869001297
23 9 1 18.570864516407 0.027197133304104 0.013455792892393 1097.434599686 0.36313956969 0.0 0.0 0.0 0.0 -
24 6 1 18.670936476614 0.031530898861965 0.017883798017459 1257.7733294922 0.36302119702724 0.0 0.0
25 13 1 18.771014594458 0.033759408285228 0.018325306404412 1203.7217070247 0.36567897530726 2.7346390345788 161848356.0 88524155.0 52877.0 8176.0 0.032670705657338 0.010789729615789 54.695739387059 45.260800177668
26 7 1 18.871089007575 0.021578489508271 0.01255400293365 1291.1315993291 0.3613545494721 55.361002388467 44.638997611533 2.3320925157042
27 12 1 18.971159534804 0.033882244905296 0.019753762753507 1292.5799969977 0.36124897853364 3146432.0 92.644716300877 2.0413280820943 99.488436425767 7.2139223065901 6.6833178551061 0.14725982186489 7.1770185077962
1 7 1 19.071225759477 0.020981705039298 0.012219609626504 1292.2952511729 0.36131084747959 58.237245323146 41.762754676854 3.750932492689
2 10 1 19.171291249545 0.021185481346112 0.012308379059686 1289.0237588971 0.36138709485933 5696.846346243 0.120690432 5652.4023241971 0.119748864 11349.24867044 0.240439296
3 5 1 19.271370049457 0.03338417013297 0.019502830883927 1294.4882076688 0.36108182946267 75959.694267516
4 6 1 19.371429182612 0.021219372807546 0.012357784632882 1292.2747652648 0.36130615789516 0.0 0.0
5 7 1 19.471491543136 0.021580674301006 0.01257368327849 1292.8695984208 0.36124329343044 0.11386701970513 0.036461462081773 0.32021091072896
6 8 1 19.571560548619 0.033268322675731 0.019396533742693 1292.4317545651 0.36117305274727 7.347459385064 21.213015571265 0.41870442223039 99.95585764498
7 7 1 19.683650429565 0.033635976553707 0.019639373636362 1294.1430061843 0.36575265480109 81.0 6.831999364371e-07 37.617283950617
8 10 1 19.783712046426 0.021160627064247 0.012313579264948 1291.0073652108 0.36137672918021 6203.2309156747 0.131264256 3.6505534436887 7.7248e-05 6206.8814691184 0.131341504
9 19 1 19.883784685984 0.033581258908788 0.019576814469591 1292.1399994142 0.3611497731065 0.466064453125 13.878707001155 0.0478515625 1.4249484401396 0.00020844960038613 0.0 0.0 0.00020844960038613 6212.670959319 0.208629312 2.2202860292557 7.456e-05 6214.8912453483 0.208703872 3.3540345624254e-08
10 9 1 19.983850533843 0.021609748711127 0.012585217752242 1292.1375797282 0.36128224730924 0.00032392787595886 0.0 0.0 0.00032392787595886 0.0
11 7 1 20.083931223257 0.020822678034097 0.010242874920944 1092.7479610099 0.36202616529414 49987909.0 74972312.0 74968126.0
12 10 1 20.184012660863 0.030138687698972 0.016274787389473 1197.2063310621 0.36598498831237 63.0 6.4164001721795e-07 59.285714285714 1.0 1.0184762178063e-08 74.0
13 9 1 20.284084982484 0.035105619235012 0.020547523226032 1296.9703931961 0.0 0.36103309528589 0.47833251953125 13.625525769225 0.049560546875 1.4117553814738
14 10 1 20.384152441765 0.024732261372266 0.014473187100726 1296.9753901715 0.36095627388642 5739.4082111383 0.141948544 2.0805214381933 5.1456e-05 5743.1836847431 0.14204192
15 19 1 20.484219353035 0.036625259430664 0.021443072666721 1296.9767362385 0.3609963888074 0.50494384765625 13.786765077041 0.0518798828125 1.416505537953 0.0 0.0 0.0 0.0 6238.4818442735 0.228486016 2.0025523679593 7.3344e-05 6240.4843966414 0.22855936 0.0
16 13 1 20.584293614883 0.036688545050077 0.021467072325059 1296.9746235307 0.36097719894861 202.0 0.50457763671875 13.753002089073 0.0628662109375 1.7135106026061 0.0 0.0 0.0518798828125 1.4140621477818
17 9 1 20.684361778876 0.024540165373212 0.014358397166506 1296.9730477282 0.36166214033728 0.20005844647103 7.6203776107009e-06 3.8090756701963e-05 4064.0 4.6361099715402e-05
18 8 1 20.784422520734 0.036727239975803 0.021503360083831 1296.9726120438 0.36113285576282 0.20000010344334 9.3555372024762e-07 4.6777661818194e-06 4.9999974139179
19 5 1 20.884486708259 0.036448102812448 0.021335628781042 1296.9724038454 0.36547409839059 6.0549132947977
20 6 1 20.984545549746 0.024758026890239 0.01448886244512 1296.9763967903 0.3653306153532 1.0 8.0
21 7 1 21.084607955561 0.036403041009385 0.021247384259713 1294.1839179551 0.36530686500141 92.245485467643 7.754514532357 6.5083366429448
22 7 1 21.184678057969 0.034871629020041 0.020410651667725 1296.976168166 0.36500880199378 6.4455715053041e-06 5.034969992625e-06 0.78115183246073
23 9 1 21.284746940263 0.023069561636727 0.013437285560236 1292.1725764026 0.36514162685624 0.0 0.0 0.0 0.0 -
24 6 1 21.384811766378 0.03359732329484 0.019586985259486 1292.2527887048 0.36584013276939 0.0 0.0
25 13 1 21.484885600688 0.021625728857658 0.012574681471523 1289.7763504549 0.36136625725669 2.7672755270276 111059072.0 61469978.0 42722.0 6848.0 0.038467816478783 0.012820204368356 55.348902969404 44.599809009749
26 7 1 21.584959468512 0.02126173894594 0.011177080790804 1168.3776877196 0.36542162648226 54.744577954548 45.255422045452 2.3878362145026
27 12 1 21.685054289332 0.017421542704741 0.0086096327494867 1097.436868518 0.36394537551609 1480356.0 91.654439877975 1.7465393459411 99.078937769023 7.7872565995726 7.1373664181989 0.13600750048093 7.7155311202047
1 7 1 21.785139380035 0.01949007493724 0.011335749551589 1291.0555900573 0.36140858619524 57.895705365095 42.104294634905 3.7896034770864
2 10 1 21.885201872806 0.02451746689844 0.014344461413508 1296.9788353345 0.3609683427411 5743.4501118449 0.140814848 5708.7920452705 0.13996512 11452.242157115 0.280779968
3 5 1 21.985260276791 0.036629956916204 0.021436022815204 1296.9766757603 0.36096666988683 83515.840764331
4 6 1 22.085324601092 0.036771837102799 0.021525266888267 1296.9741824173 0.36094316379349 0.0 0.0
5 7 1 22.18538372066 0.025091555610045 0.014683312621751 1296.9781099084 0.36101467776822 0.11384494893308 0.036442260619769 0.32010432576321
6 8 1 22.285448030469 0.036980079915823 0.021649797356765 1296.9742420777 0.36098074392788 7.0135867910425 21.037618280086 0.41705741480509 99.959993750122
7 7 1 22.385514224344 0.037233109168315 0.021794829278982 1296.9737828014 0.36105072248881 46.0 3.4512428702105e-07 43.760869565217
8 10 1 22.485569280487 0.024846306284918 0.014539932428204 1296.9711646944 0.36472274183337 6170.9061396008 0.153324224 3.2713111988537 8.128e-05 6174.1774507996 0.153405504
9 19 1 22.585635520559 0.036984887003321 0.021652761138618 1296.9729132595 0.36555878852253 0.50665283203125 13.698915234911 0.05145263671875 1.3911800437333 0.0001892664968632 0.0 0.0 0.0001892664968632 6164.427539809 0.227990656 1.4483753862811 5.3568e-05 6165.8759151953 0.228044224 3.0695800477718e-08
10 9 1 22.68574516844 0.020977627121846 0.010308557743497 1092.6872177216 0.36726952194432 0.00033368883712831 0.0 0.0 0.00033368883712831 0.0
11 7 1 22.785821821603 0.02050792929264 0.011918549807192 1289.7376273353 0.36531581256143 57641119.0 86451429.0 86446449.0
12 10 1 22.885889273637 0.036549369586163 0.021394748167376 1296.977583841 0.36572006542294 68.0 5.2644555911894e-07 57.691176470588 2.0 1.5483692915263e-08 49.0
13 9 1 22.985960942176 0.03715026820464 0.021505809370546 1283.5930864351 0.0 0.36544446588054 0.513916015625 13.833440253893 0.052001953125 1.3997732893488
14 10 1 23.086006028164 0.023864513690866 0.013966387197382 1296.9737795236 0.36504042404087 5675.5653919668 0.135444608 1.9496730837556 4.6528e-05 5679.0705126277 0.135528256
15 19 1 23.186101060035 0.033814734628621 0.016734708905248 1098.8217169227 0.3702485324156 0.46990966796875 13.896594875863 0.04541015625 1.3429103244112 0.0 0.0 0.0 0.0 5359.0555120495 0.18121504 57.735777655566 0.00195232 5416.7912897051 0.18316736 0.0
16 13 1 23.286187705999 0.017300114605694 0.0093248398687892 1197.2005254679 0.36648970779171 202.0 0.22967529296875 13.27594054742 0.0279541015625 1.6158333166937 0.0 0.0 0.023193359375 1.3406477300079
17 9 1 23.386256139921 0.034313321178682 0.020082087191944 1296.9755353657 0.36578787605382 0.20004314941497 5.2548803835373e-06 2.6268734515055e-05 3611.0 2.9788654733051e-05
18 8 1 23.486315477787 0.037134829727286 0.021733184065723 1296.9727772799 0.36546979603068 0.20000010814823 8.986965693378e-07 4.4934804168792e-06 4.9999972962957
19 5 1 23.586372869991 0.032663586177147 0.0191163938573 1296.9754328268 0.36546881303591 6.1823529411765
20 6 1 23.686431162562 0.037114889417472 0.021725252416641 1296.9785194747 0.36593261538709 1.0 8.0
21 7 1 23.786494430699 0.03655795295928 0.02139761457559 1296.9777541784 0.36592246311192 92.28561557986 7.7143844201402 6.7550908069858
22 7 1 23.886556139953 0.037020724125947 0.021669651162555 1296.9774395605 0.36577987478951 6.1603459436231e-06 4.8734898106222e-06 0.79110651499483
23 9 1 23.986616511338 0.036952436671756 0.021630498807172 1296.9779165158 0.36554116638748 0.0 0.0 0.0 0.0 -
24 6 1 24.086674272203 0.037105099517024 0.021721030476782 1296.9807136915 0.36536314476629 0.0 0.0
25 13 1 24.18673526225 0.036920380363756 0.021607235112389 1296.9771810726 0.36570643447741 2.7344337034403 190834216.0 104369754.0 43802.0 9016.0 0.022952906935725 0.010192092596225 54.691321183199 45.275533817269
26 7 1 24.286800006844 0.036923508095644 0.021613316209415 1296.9763874652 0.36513301227395 54.784756315963 45.215243684037 2.4148935527287
27 12 1 24.386862415376 0.037089593104572 0.021711693929885 1296.9771041183 0.36518509873307 3702916.0 92.976940335671 1.9580244326363 99.569393418592 7.7241926325092 7.1817179753403 0.15124157896843 7.690931750673
1 7 1 24.486926835693 0.023946348309297 0.014012272373826 1296.9800498546 0.36544092800849 57.935067875921 42.064932124079 3.9594437256061
2 10 1 24.587002836679 0.036965438543613 0.021637978008504 1296.97877153 0.36527677603114 5677.86581924 0.2098848 5633.7943821305 0.20825568 11311.660201371 0.41814048
3 5 1 24.687065765141 0.036723344124413 0.019500572268386 1178.8864953636 0.36513180236115 75108.444267516
4 6 1 24.787150812365 0.017274942387573 0.0085345101186877 1097.4330940739 0.36303317245199 0.0 0.0
5 7 1 24.887219220019 0.032397194543881 0.01881899438104 1289.6023341342 0.361517535831 0.11385902830517 0.036452970438712 0.32015880498303
6 8 1 24.987289224601 0.033662595336504 0.019639544832808 1293.4626621968 0.36119758075771 7.2862011487247 21.197436190838 0.46029516616051 99.950401156132
7 7 1 25.087355385867 0.021534954886199 0.012539878773982 1292.3074900981 0.36128206894418 45.0 5.8717631204449e-07 48.622222222222
8 10 1 25.187415167576 0.035708119310187 0.020843208020431 1293.875619085 0.3610843879276 6232.4084353698 0.222547584 0.88360856324905 3.1552e-05 6233.292043933 0.222579136
9 19 1 25.287486929412 0.034883954258328 0.020356894625085 1293.4454507584 0.36111304419308 0.4781494140625 13.706858188198 0.049072265625 1.4067288720081 0.00020066532446874 0.0 0.0 0.00020066532446874 6217.8437224679 0.216902976 2.1392070247365 7.4624e-05 6219.9829294926 0.2169776 3.2261394724617e-08
10 9 1 25.387559627847 0.022156190555459 0.012884896677473 1290.4746083576 0.36122975907846 0.00031593878841574 0.0 0.0 0.00031593878841574 0.0
11 7 1 25.487626776437 0.035583513660181 0.020785353585612 1294.7159738046 0.36103773921248 101706915.0 152548969.0 152543605.0
12 10 1 25.587695976667 0.035462313823061 0.020676481251283 1292.5455503256 0.3612164700205 71.0 5.617618014761e-07 57.042253521127 1.0 7.9121380489592e-09 75.0
13 9 1 25.687766352627 0.023017717193532 0.013297746870002 1283.5593582455 0.0 0.3624012139019 0.31451416015625 13.664003146439 0.03192138671875 1.3868180953983
14 10 1 25.787842763942 0.032594280602295 0.018812845801817 1283.0948629561 0.36188279371767 5646.244083296 0.184035264 1.9890606205137 6.4832e-05 5649.6567065522 0.184146496
15 19 1 25.887916250423 0.034396189316396 0.020065697623225 1293.2737745144 0.36120334646681 0.478759765625 13.918976931459 0.049072265625 1.4266773907309 0.0 0.0 0.0 0.0 6216.5695749929 0.213826304 2.5007421377053 8.6016e-05 6219.0703171306 0.21391232 0.0
16 13 1 25.987992171699 0.022059042460254 0.012408447005381 1256.8065374676 0.36309718097484 203.0 0.298095703125 13.513537754964 0.0360107421875 1.6324707771148 0.0 0.0 0.03057861328125 1.3862167107365
17 9 1 26.088065240607 0.033740958018553 0.019671947609805 1292.4307187694 0.36112972122236 0.20004169389176 4.8388460163714e-06 2.4189187375056e-05 3387.0 2.8160088414862e-05
18 8 1 26.188135994286 0.035507793200523 0.020657038679283 1290.7363059274 0.36147971702704 0.20000010778485 9.1141601419913e-07 4.557077615076e-06 4.9999973053802
19 5 1 26.288218945486 0.018817162398025 0.0093760244357377 1108.1316892458 0.3705180264738 5.911877394636
20 6 1 26.388291170187 0.031813843108184 0.017893574330888 1251.55915831 0.36618635113042 10.0 8.0
21 7 1 26.488360550671 0.035176759963298 0.020586060542332 1296.9758741698 0.36541915042757 92.21433159917 7.78566840083 6.521327232555
22 7 1 26.588430615036 0.024074107053628 0.014011033237648 1290.82056626 0.3654374450064 6.7625189581854e-06 5.1284896320446e-06 0.75836972343523
23 9 1 26.688491469213 0.036868592080241 0.021216359659394 1278.0024927802 0.365682856252 0.0 0.0 0.0 0.0 -
24 6 1 26.788596060005 0.021690587853929 0.010255257224713 1051.5143690036 0.3734590743517 0.0 0.0
25 13 1 26.888676407932 0.018939444667698 0.010365258187461 1217.2688775217 0.36633650941299 2.7297306555723 91545536.0 49983171.0 52598.0 7192.0 0.0574555596026 0.01685827695629 54.599244467802 45.326441695639
26 7 1 26.988750258546 0.033757568602789 0.01875725768185 1232.6557505866 0.36706450139689 54.497240301033 45.502759698967 2.4243593446183
27 12 1 27.088829375489 0.0213637330781 0.012428961593219 1290.6255065788 0.36132630343106 1981906.0 92.43253716372 2.3154983132399 99.252184513292 7.2218946748572 6.6753804792621 0.16722284938028 7.1678882280449
1 7 1 27.188896495094 0.023335524825979 0.013650204572469 1296.9771986303 0.36598604222722 57.969601498525 42.030398501475 3.9479516725045
2 10 1 27.288979186328 0.034962712775545 0.020364476634865 1291.6598447922 0.36531452782438 5648.8724221121 0.197499904 5619.1703790622 0.19646144 11268.042801174 0.393961344
3 5 1 27.389051725342 0.022049527923401 0.011905493587256 1197.2052774217 0.36632509204321 45201.587401575
4 6 1 27.489117614869 0.022148402475884 0.012783458254412 1284.0306011096 0.36169874981246 0.0 0.0
5 7 1 27.589182709101 0.017150380216029 0.0099849344138068 1292.1043700975 0.36507916216092 0.11323274277576 0.036854830818586 0.32547856666839
6 8 1 27.689258563348 0.022014737907078 0.012737506048672 1285.1981901642 0.3625157416404 7.3349069912289 21.253974723551 0.453597341486 99.914145366835
7 7 1 27.789349096104 0.020203943282226 0.0098324282721647 1085.0334005536 0.36531057859284 58.0 9.7596085575815e-07 72.98275862069
8 10 1 27.889429998382 0.017494981450924 0.0093974978142514 1192.0936555048 0.36608699246765 5703.2126772978 0.0997776 6.3798867299802 0.000111616 5709.5925640278 0.099889216
9 19 1 27.989505085414 0.022912116160596 0.012423760029255 1202.8791254467 0.36744132080838 0.3116455078125 13.601777576026 0.03167724609375 1.3825543599603 0.00030551521085767 0.0 0.0 0.00030551521085767 5865.6825523227 0.1343952 11.56977374512 0.000265088 5877.2523260678 0.134660288 5.1982660247986e-08
10 9 1 28.089579443277 0.021696471939173 0.012642156874848 1292.6265308729 0.36123273307398 0.0003226330999632 0.0 0.0 0.0003226330999632 0.0
11 7 1 28.189649201481 0.03423223837533 0.019901209089089 1289.9346418337 0.36181777836481 97172789.0 145746890.0 145740931.0
12 10 1 28.289725210619 0.02194066872319 0.012781698735387 1292.1346933332 0.36127463834337 60.0 7.680740497119e-07 50.633333333333 1.0 1.2801234161865e-08 73.0
13 9 1 28.389813786845 0.022911292787215 0.011197822281868 1088.9898818901 0.0 0.36417319923611 0.37689208984375 16.450057766014 0.03564453125 1.5557625482352
14 10 1 28.489898779721 0.018053606322739 0.010507047793925 1291.3186416566 0.36600758928287 5629.2265480498 0.10162784 2.0631888905811 3.7248e-05 5633.4982707528 0.10170496
15 19 1 28.589972175623 0.036993151534381 0.021647263830529 1296.9749543136 0.36546643976526 0.50830078125 13.740402214112 0.05206298828125 1.4073682863398 0.0 0.0 0.0 0.0 6177.6640951395 0.228531264 1.2508261145849 4.6272e-05 6178.9149212541 0.228577536 0.0
16 13 1 28.690028059668 0.024862359801354 0.014543544310887 1296.9789653476 0.36656926568471 203.0 0.34320068359375 13.804026903957 0.0447998046875 1.801912813001 0.0 0.0 0.03509521484375 1.4115802009204
17 9 1 28.790097657545 0.036411099923549 0.021310599226625 1296.9773881385 0.36116992116227 0.20003996284401 4.881754915363e-06 2.4403898330904e-05 3613.0 2.7732359291205e-05
18 8 1 28.890158206467 0.021995039446211 0.012864085439709 1296.9771448345 0.36110327023471 0.20000014238803 1.5128727866337e-06 7.5643585477983e-06 4.9999964403019
19 5 1 28.990215025299 0.037218766710534 0.021786264474791 1296.9796996822 0.36099298688024 6.2822822822823
20 6 1 29.090271996306 0.036813942370419 0.021549007034534 1296.9741383625 0.36106990977856 1.0 8.0
21 7 1 29.190332821497 0.036853282226671 0.021567903408349 1296.9771765225 0.36139170515005 92.761759290038 7.2382407099619 6.6600857490093
22 7 1 29.290398035296 0.036799493028085 0.021098372699486 1273.8130172516 0.36203145904387 5.5434591362453e-06 4.6044386049888e-06 0.83060747663551
23 9 1 29.390485536336 0.017149151949466 0.0084783961810658 1097.4369507603 0.3632930457164 0.0 0.0 0.0 0.0 -
24 6 1 29.490558072632 0.018673290354372 0.010073931656015 1197.2137845953 0.36612282547098 0.0 0.0
25 13 1 29.590624275566 0.032850874182901 0.019167524529072 1293.7228547011 0.36120741879347 2.7684924172938 169286792.0 93738788.0 48167.0 8344.0 0.028452899030658 0.010381199733527 55.372771196468 44.588394704768
26 7 1 29.690690226686 0.034094377229102 0.019829349607472 1291.0677777383 0.36204753434372 55.252383329709 44.747616670291 2.3288692460808
27 12 1 29.790761843595 0.021724469351549 0.012276532444687 1260.9820272667 0.363067821158 2103509.0 91.875337828362 1.8333651056401 98.537681559718 7.7601765601393 7.1296884307053 0.14227236918966 7.6466980673019
1 7 1 29.890830325524 0.034093548420912 0.019896754811197 1293.7794048282 0.36120203454579 58.549841763238 41.450158236762 3.733998818498
2 10 1 29.990895065589 0.0342081060171 0.019960399580825 1293.5306929918 0.36125787639587 5722.4687009022 0.195754816 5692.242414785 0.194720832 11414.711115687 0.390475648
3 5 1 30.090957717781 0.022556101829323 0.013120401845116 1290.4427181181 0.3612493160106 51077.339171975
4 6 1 30.191021629038 0.034117407227149 0.019849739647631 1291.1991650528 0.36174140382171 0.0 0.0
5 7 1 30.291085052973 0.03463584078949 0.019940870051901 1278.4627793219 0.36191430156477 0.1138526500925 0.036461414026721 0.32025090322533
6 8 1 30.391154019506 0.021789203347241 0.012283897967956 1257.8084500842 0.36300757742448 7.7847204194594 21.422161146737 0.39863625777075 99.869666468936
7 7 1 30.491219491458 0.033407251761691 0.019494865267297 1293.8833242875 0.36118030918226 52.0 4.3632501763298e-07 42.826923076923
8 10 1 30.591278442547 0.033898601865168 0.019764099757941 1292.6163428734 0.36127870862909 6199.3504285477 0.210149312 1.8709916194263 6.3424e-05 6201.2214201672 0.210212736
9 19 1 30.691350497863 0.021669630329256 0.012332688502069 1268.6312388621 0.363408145685 0.30023193359375 13.854963330335 0.0302734375 1.3970444829937 0.000323032737229 0.0 0.0 0.000323032737229 6068.4730658493 0.131501568 3.5972925617821 7.7952e-05 6072.0703584111 0.13157952 5.3199768474608e-08
10 9 1 30.791436354873 0.033280931429824 0.019394432736579 1291.8077088692 0.3613229957168 0.00021033065179561 0.0 0.0 0.00021033065179561 0.0
11 7 1 30.891523032539 0.034080991297493 0.019277856109294 1257.6546408834 0.36432237937343 93485326.0 140213963.0 140207230.0
12 10 1 30.991605203844 0.020535847900302 0.011382035545109 1229.8792581927 0.36455242878381 59.0 8.5584479547652e-07 51.661016949153 1.0 1.4505843991127e-08 72.0
13 9 1 31.091671989208 0.036443248623282 0.021332514636173 1296.9780029351 0.0 0.36092404084165 0.49407958984375 13.557506767608 0.05078125 1.3934336788943
14 10 1 31.191741484729 0.037124074242652 0.021730904616752 1296.976964746 0.36559421762488 5668.024436775 0.21042016 2.9944989139225 0.000111168 5672.3050014285 0.210579072
15 19 1 31.291811030976 0.024977585878901 0.014615505695149 1296.9793407395 0.36125633327243 0.34423828125 13.781887605911 0.03546142578125 1.4197299111763 0.0 0.0 0.0 0.0 6238.4610248352 0.155821696 1.6757424117339 4.1856e-05 6240.136767247 0.155863552 0.0
16 13 1 31.391879508376 0.03669879781499 0.023057152611681 1392.132925619 0.36588176469402 203.0 0.5140380859375 14.006946181968 0.0716552734375 1.9525237256745 0.0 0.0 0.053466796875 1.4569086743534
17 9 1 31.491947283781 0.036890959937538 0.023221157447923 1394.606609145 0.36598429553441 0.20003821586325 4.3542300016783e-06 2.1766990786675e-05 3374.0 2.408388856666e-05
18 8 1 31.592006617118 0.024233122283412 0.015214954578642 1392.2721313384 0.3657770584235 0.20000012412338 1.2521218293199e-06 6.2606052611622e-06 4.9999968969174
19 5 1 31.692071336349 0.036581357959066 0.021531841647002 1307.4751230885 0.36618883867189 6.2163461538462
20 6 1 31.792148229549 0.020944483852286 0.01216848348374 1288.9333736645 0.36166744794056 2.0 8.0
21 7 1 31.892212873599 0.023346776689725 0.013659236317229 1296.9702647126 0.3612928595906 92.573671923902 7.4263280760985 6.7466722092193
22 7 1 31.992275909851 0.036759951178143 0.021519433074996 1296.9780815054 0.36119124459681 5.7961423385089e-06 4.8902971424359e-06 0.84371584699454
23 9 1 32.092342471482 0.036975563590542 0.021642910096582 1296.9736579356 0.36570673489534 0.0 0.0 0.0 0.0 -
24 6 1 32.192402751381 0.024963301392403 0.014607602125908 1296.9795120914 0.36619725633824 0.0 0.0
25 13 1 32.292470869179 0.036756110580632 0.021456729885818 1293.7846081808 0.3652513290483 2.7378408248523 189504960.0 103771832.0 49895.0 8420.0 0.026329126161131 0.0094593830156213 54.759427932651 45.204783558172
26 7 1 32.392547918177 0.037159751038448 0.019820141231459 1183.2557164658 0.3637695505169 54.989885789672 45.010114210328 2.3641461336278
27 12 1 32.492638979016 0.017581288010372 0.0094438535544706 1192.7005914174 0.36643510933569 1762420.0 93.445886905505 1.8392891592242 99.286492436536 8.4520705323612 7.8981122708438 0.15545801703171 8.3917643698435
1 7 1 32.59271208959 0.025620166755791 0.014186053976398 1235.1028408942 0.36423463996832 58.592898986438 41.407101013562 3.7746625256703
2 10 1 32.692816953029 0.021102838752922 0.01063513036222 1119.8974710768 0.37057278349831 4819.9043356627 0.101713664 4746.1868601034 0.100158016 9566.0911957662 0.20187168
3 5 1 32.792888166856 0.021377434228561 0.012346090285201 1281.3422007973 0.36640838319614 47386.159235669
4 6 1 32.89295283355 0.03362680803295 0.019435802493543 1283.3825930567 0.36579931970992 0.0 0.0
5 7 1 32.993017482129 0.022604276871454 0.013166019810177 1292.6861093163 0.36564286400945 0.11328425457704 0.036871075899463 0.32547396844448
6 8 1 33.093086005726 0.022122249274954 0.012892828326555 1292.7618651171 0.36590175954285 7.7557274358207 24.590985010731 0.43184738046019 99.944560821911
7 7 1 33.193153119895 0.034474761238545 0.020057508273674 1290.647165391 0.36544811056656 50.0 4.1259284184757e-07 46.22
8 10 1 33.29322060182 0.021792264049833 0.01267707189175 1290.3109419452 0.36543973750338 6117.0272026428 0.133303872 2.0792699600365 4.5312e-05 6119.1064726028 0.133349184
9 19 1 33.393292840108 0.021825189021279 0.012696275332207 1290.4511734799 0.3653049099687 0.301025390625 13.792567401433 0.0303955078125 1.392680163405 0.00032073032646705 0.0 0.0 0.00032073032646705 6122.1180659524 0.133616384 1.6655984039615 3.6352e-05 6123.7836643564 0.133652736 5.2374535752115e-08
10 9 1 33.493364637271 0.034109392697249 0.019932997279904 1295.2221897268 0.36543250145297 0.00020522206484681 0.0 0.0 0.00020522206484681 0.0
11 7 1 33.593437379184 0.022268024407138 0.012943639250467 1289.2428345814 0.36533954291853 62592943.0 93879481.0 93875212.0
12 10 1 33.69351021983 0.021187023925726 0.011593268861123 1220.446719903 0.36605902935926 75.0 1.0725299370991e-06 49.28 1.0 1.4300399161322e-08 74.0
13 9 1 33.793583052323 0.032835382263271 0.019161175314861 1293.5991287545 0.0 0.3611635177416 0.451416015625 13.747853215339 0.046142578125 1.4052700149806
14 10 1 33.893662610391 0.022258858603786 0.012946908740259 1290.2912199438 0.36157322585729 5694.8602017913 0.126761088 1.9465508439247 4.3328e-05 5698.4514012065 0.126841024
15 19 1 33.993752740066 0.019555487378106 0.0097477992567243 1107.4462620623 0.36279772390753 0.27691650390625 14.160552409258 0.02557373046875 1.3077521400659 0.0 0.0 0.0 0.0 5417.6425241446 0.10594464 63.847858959419 0.001248576 5481.490383104 0.107193216 0.0
16 13 1 34.093834453035 0.01908197069062 0.010658938443584 1238.7508608236 0.36621142525182 203.0 0.2567138671875 13.453215674086 0.03021240234375 1.5832957105736 0.0 0.0 0.02569580078125 1.3466009982859
17 9 1 34.193915302776 0.021926165032778 0.012718963843164 1288.5458182063 0.36239354907851 0.20007345080516 9.3684617959999e-06 4.6825112269011e-05 4541.0 5.8598050985724e-05
18 8 1 34.293982503903 0.022601007834563 0.013149339479241 1290.464973213 0.36172339798245 0.20000012707958 1.4701363479202e-06 7.350677068996e-06 4.9999968230125
19 5 1 34.394044556455 0.036983627939515 0.021647802782303 1296.9764505527 0.36105800698202 6.0605095541401
20 6 1 34.494105805561 0.036144449231111 0.021103965116711 1294.5623087778 0.36138982954494 2.0 8.0
21 7 1 34.594173515748 0.030393230545435 0.017728154633015 1293.3679102412 0.36123698774209 92.814232434547 7.1857675654531 6.8203323335362
22 7 1 34.694240104553 0.034495236876927 0.020066363387181 1290.7483308401 0.36605015243565 6.6161143664972e-06 5.0670761433319e-06 0.76586888657648
23 9 1 34.794309593734 0.022503166801363 0.012452473930458 1236.8844522216 0.36644397118409 0.0 0.0 0.0 0.0 -
24 6 1 34.8943739905 0.033499724110587 0.019551472413726 1294.008352941 0.36608045645089 0.0 0.0
25 13 1 34.994440229665 0.033988195577533 0.019820508533886 1292.793755848 0.36109886022218 2.7693247200634 175053920.0 96961244.0 43302.0 8516.0 0.024736378368448 0.010128879147636 55.389358890107 44.575775852377
26 7 1 35.094508823915 0.02140964361698 0.012476435545143 1293.2212597357 0.3654693144178 54.739025746019 45.260974253981 2.4191073840634
27 12 1 35.194578160015 0.03359525353887 0.019549519506124 1291.3775091294 0.3617214527022 3112780.0 92.226980384094 2.0160114110217 99.273061379217 7.2113285677129 6.6507905835772 0.14538120681136 7.1589066352827
1 7 1 35.294647833979 0.033653716672163 0.019648434366764 1294.4245792174 0.36117575404497 58.215179396838 41.784820603162 3.7406304455709
2 10 1 35.394711468966 0.021274760745426 0.012368311402687 1290.2412937599 0.36170623442251 5696.0249494722 0.121181568 5637.7760217955 0.119942336 11333.800971268 0.241123904
3 5 1 35.494787485351 0.032803255302769 0.016233293990631 1097.4393548591 0.36318366401253 62859.404458599
4 6 1 35.594870990901 0.017346870257188 0.0090218905479653 1154.8387061606 0.36509504323886 0.0 0.0
5 7 1 35.694936669376 0.021140662297798 0.011833378669674 1248.603368969 0.36475279302123 0.11379414001998 0.036498678056247 0.32074303694231
6 8 1 35.79500682885 0.032642636804685 0.018692285913317 1274.1933583354 0.36219172650428 7.6006188739897 21.366812029431 0.45686005574285 99.908403625708
7 7 1 35.895072858775 0.034295739575452 0.020017085531968 1293.8481923237 0.3611266909072 44.0 3.5951280524149e-07 45.068181818182
8 10 1 35.995127028139 0.022523263814802 0.013174427004941 1296.9743592886 0.36540036286797 6157.3456289608 0.13868352 1.0115763056075 2.2784e-05 6158.3572052664 0.138706304
9 19 1 36.095198453017 0.034521728847542 0.020144016373911 1293.5058477482 0.3648087744035 0.48150634765625 13.947921026282 0.04864501953125 1.4091130761753 0.0002027708412552 0.0 0.0 0.0002027708412552 6155.2106193294 0.212488512 2.7697338224939 9.5616e-05 6157.9803531519 0.212584128 3.2928140336046e-08
10 9 1 36.195270875182 0.033953861179264 0.019729343709167 1289.5235801029 0.36175779610952 0.00020616211991451 0.0 0.0 0.00020616211991451 0.0
11 7 1 36.295338717616 0.021693923920117 0.012623556245157 1291.2428897638 0.36572715850594 60981147.0 91461705.0 91456951.0
12 10 1 36.395407723099 0.03390000404558 0.018916399270914 1242.6161879097 0.36590954552906 65.0 5.6944471614745e-07 59.076923076923 2.0 1.752137588146e-08 49.0
13 9 1 36.495477016627 0.033754602103532 0.019135927462331 1261.2489930795 0.0 0.36268180224991 0.46551513671875 13.791160544299 0.04693603515625 1.3905077302434
14 10 1 36.595549307451 0.022370571078091 0.012722911778129 1267.0049782718 0.36266812983301 5551.6594353567 0.124193792 2.3201911036967 5.1904e-05 5555.8191861147 0.124286848
15 19 1 36.695622396286 0.035516194507579 0.020357385569389 1274.9879458009 0.36264859819692 0.47918701171875 13.492070824663 0.049072265625 1.3816870389796 0.0 0.0 0.0 0.0 6101.3113314761 0.21669536 5.2023591649317 0.000184768 6106.513690641 0.216880128 0.0
16 13 1 36.807732906856 0.033607014462947 0.019047745894192 1259.1816109348 0.36292383880404 202.0 0.450439453125 13.403138015179 0.05792236328125 1.7235200510034 0.0 0.0 0.046142578125 1.3730043820428
17 9 1 36.907810464915 0.021568243083967 0.012536265079696 1289.4074278663 0.36147915107393 0.2000650298106 7.6788353745454e-06 3.8381697100263e-05 3285.0 4.2899615995547e-05
18 8 1 37.007879012968 0.034071606290226 0.018809503395021 1226.3633282385 0.3633263350622 0.20000011897656 1.0060517776183e-06 5.0302558956786e-06 4.9999970255878
19 5 1 37.10796317613 0.017116957959668 0.0084641669484472 1097.4340470741 0.36139980161757 5.8380566801619
20 6 1 37.208034728726 0.020237897243949 0.011627021282056 1277.2224772223 0.36201790918309 4.0 8.0
21 7 1 37.308105624616 0.033592069647301 0.019505245750192 1286.9465408473 0.36147596541518 92.71009776525 7.2899022347504 6.8619340596894
22 7 1 37.408175486081 0.021672319653315 0.012621295818013 1292.5810553025 0.36134146610436 5.7914399815841e-06 4.4408243142371e-06 0.76679104477612
23 9 1 37.508242766919 0.021724546344659 0.012640319004011 1290.6306727127 0.3612977901486 0.0 0.0 0.0 0.0 -
24 6 1 37.60830801242 0.025316909009623 0.014763802125251 1293.3708545348 0.36115861963707 0.0 0.0
25 13 1 37.708378999797 0.021258636576489 0.01242995208694 1296.9779309277 0.36119479520712 2.7685891747874 109780828.0 60791037.0 44196.0 6372.0 0.040258395573406 0.01211595889949 55.37491209303 44.572713552498
26 7 1 37.808445912878 0.023483244713554 0.013738996197782 1296.9767869662 0.36102299557767 55.411201697493 44.588798302507 2.3217034717426
27 12 1 37.90851147994 0.037399684215746 0.021896445691998 1296.9633799154 0.36579276874242 3684314.0 93.467630609117 2.0668433797988 99.581930313214 7.6205436649722 7.1227416031827 0.15750470224415 7.5886844819407
1 7 1 38.008582590505 0.037302901158465 0.021835773762236 1296.9678252886 0.36520718166675 57.760507944251 42.239492055749 3.975046113667
2 10 1 38.108642326923 0.025026481033065 0.01464416887148 1296.9730753134 0.36516157233607 5677.7695518705 0.142094592 5644.1079276539 0.14125216 11321.877479524 0.283346752
3 5 1 38.208700125832 0.037113862238798 0.021728684044865 1296.9685974377 0.36550761550891 82682.692913386
4 6 1 38.308764890353 0.03018404569906 0.017667300184291 1296.9669539201 0.36552194131367 0.0 0.0
5 7 1 38.408823505389 0.024862731179887 0.014549273957009 1296.9704560104 0.36117550067961 0.11381656855028 0.036459798663223 0.32033823482491
6 8 1 38.508884508118 0.036766520954971 0.021523568057929 1296.9691525771 0.3612602634294 6.9977500545095 21.122766272693 0.42443349143371 99.96107425544
7 7 1 38.608977198493 0.021266810527418 0.010551854161021 1102.0749638058 0.36350092994816 48.0 7.4889499373526e-07 60.020833333333
8 10 1 38.709044565381 0.019840806635333 0.011022737231225 1233.0909350396 0.36453674634391 5896.9247647243 0.116999744 5.3352669548974 0.000105856 5902.2600316791 0.1171056
9 19 1 38.809116645154 0.033759276038239 0.019622214589439 1289.495835037 0.3613077796393 0.466552734375 13.819986360091 0.0477294921875 1.413818594138 0.00020735041806202 0.0 0.0 0.00020735041806202 6193.3081670109 0.2090816 3.2209221511989 0.000108736 6196.5290891621 0.209190336 3.3462348853438e-08
10 9 1 38.9091948726 0.021656129360882 0.012601178424045 1290.6854096573 0.36173087650667 0.00032323412385245 0.0 0.0 0.00032323412385245 0.0
11 7 1 39.009263176087 0.021928764682508 0.012747462163658 1289.7734816215 0.36496334199217 61707582.0 92551835.0 92547600.0
12 10 1 39.109334393536 0.033675898840194 0.01874428887174 1235.5605717134 0.36608633528235 74.0 6.5455962519845e-07 62.108108108108 1.0 8.8454003405196e-09 74.0
13 9 1 39.209406485084 0.022622719891719 0.01323856000147 1296.9727590866 0.0 0.36185629999576 0.31573486328125 13.956538594496 0.03204345703125 1.416428138819
14 10 1 39.309474030415 0.024660366111498 0.014429879381881 1296.9677867006 0.3612251505422 5734.5562251838 0.141416256 2.0839917691262 5.1392e-05 5738.0001318807 0.141501184
15 19 1 39.409540314871 0.036564625997456 0.021404074297559 1296.9702339875 0.36110763026754 0.4935302734375 13.497479051798 0.051025390625 1.3954850961295 0.0 0.0 0.0 0.0 6222.1326157098 0.227509952 1.7258210163121 6.3104e-05 6223.8584367261 0.227573056 0.0
16 13 1 39.509614585777 0.036802322751346 0.021544594423502 1296.9692915502 0.36120861955825 203.0 0.50628662109375 13.756920304038 0.06494140625 1.7646007478597 0.0 0.0 0.0517578125 1.4063735283694
17 9 1 39.60968322441 0.040411630241225 0.023659611019992 1296.9655967455 0.36104382166119 0.20004161527218 4.1674708745102e-06 2.0833019513664e-05 3001.0 2.0740597171484e-05
18 8 1 39.709743438186 0.036688182729557 0.021477542482284 1296.9698753809 0.36163614559155 0.20000008388472 9.6086137103936e-07 4.8043048401579e-06 4.9999979028828
19 5 1 39.809817229017 0.021669152066169 0.012237184436224 1256.3656847777 0.36328312938427 5.9135446685879
20 6 1 39.90988062759 0.021744952236341 0.012675571431897 1293.3404473956 0.36537609124936 2.0 8.0
21 7 1 40.009949362238 0.033695433351026 0.019642859159764 1292.1520874674 0.36546630448358 92.318007897816 7.6819921021843 6.6104780932616
22 7 1 40.110038797164 0.021650408319873 0.010713411069251 1097.4354438407 0.37065204927628 6.2804649883924e-06 4.400242621805e-06 0.7006237006237
23 9 1 40.210126452189 0.018125056835069 0.0097781897961339 1197.1993094778 0.36632608690046 0.0 0.0 0.0 0.0 -
24 6 1 40.31019013609 0.03328984813782 0.018895658232751 1264.1167917157 0.3626163852945 0.0 0.0
25 13 1 40.410257503884 0.021997879133286 0.012781172917732 1289.4739946808 0.36576407824052 2.73400276159 112882796.0 61728275.0 43936.0 6704.0 0.038921785743153 0.012110791444252 54.683509965504 45.265457457308
26 7 1 40.510326818245 0.033810407615811 0.019717327802024 1292.8987449515 0.36542120311747 54.741328609625 45.258671390375 2.4151386663715
27 12 1 40.610407172512 0.033871974024358 0.01844680560886 1213.1250837021 0.36971854036948 3327194.0 90.613802501447 1.9042472425714 98.692441739195 8.1688307281758 7.4020881427067 0.15555473389161 8.0620185071784
1 7 1 40.710488370986 0.019122472689939 0.011102843580776 1288.9014236803 0.36532803814808 57.546943656843 42.453056343157 4.0125500235178
2 10 1 40.810549623716 0.034885939774777 0.020355524600619 1294.0193699079 0.36554835025986 5654.9324247425 0.197277632 5627.3151093937 0.196314176 11282.247534136 0.393591808
3 5 1 40.910608304876 0.036364626882061 0.021290748138239 1296.969829362 0.36580970386246 81851.630573248
4 6 1 41.010664503234 0.036759405885761 0.021516487409169 1296.9657581517 0.36529511752841 0.0 0.0
5 7 1 41.11072285287 0.036410575464597 0.021316713838299 1296.9667094606 0.36531622801388 0.11329788612554 0.036852025046365 0.3252666603641
6 8 1 41.210786428074 0.036880888332886 0.021586163456752 1296.9669762671 0.36610543181942 7.7846016120002 24.565339519334 0.39710437835335 99.957660215382
7 7 1 41.310845852897 0.036818330977717 0.022070783909469 1331.887987581 0.36738057883593 52.0 3.9201683941504e-07 58.730769230769
8 10 1 41.410903132782 0.036616307396418 0.021437499724224 1296.968299368 0.36614998157445 6152.7191576407 0.225289856 2.3194037312542 8.4928e-05 6155.038561372 0.225374784
9 19 1 41.510969043142 0.03677704998928 0.021532522356678 1296.9733604836 0.36567088173223 0.50823974609375 13.819481068816 0.0517578125 1.4073399719414 0.00019033609280898 0.0 0.0 0.00019033609280898 6157.1581207847 0.226442112 0.82312202878763 3.0272e-05 6157.9812428135 0.226472384 3.0908845822014e-08
10 9 1 41.611034435383 0.024419233653278 0.014290438065286 1296.969356716 0.36529220872814 0.00028665928257173 0.0 0.0 0.00028665928257173 0.0
11 7 1 41.711114826789 0.032420159324235 0.016403520776002 1122.6292206815 0.36944007257013 78441878.0 117652740.0 117647761.0
12 10 1 41.811196224539 0.018764010883554 0.010127029275309 1197.2037047504 0.36639914026776 57.0 9.3400710530339e-07 53.350877192982 1.0 1.6386089566726e-08 74.0
13 9 1 41.91126682695 0.0220083420441 0.012788094598365 1289.4530151939 0.0 0.36576194027739 0.30181884765625 13.713838464137 0.030517578125 1.3866368517833
14 10 1 42.011335755439 0.034257501173581 0.02005011150026 1296.9637326218 0.36587255619691 5662.9428695637 0.193998272 2.05689258078 7.0464e-05 5666.1599168154 0.19410848
15 19 1 42.11140436871 0.037169988404738 0.021762429672289 1296.9668149295 0.36108754457975 0.50823974609375 13.673389955348 0.05218505859375 1.4039568165993 0.0 0.0 0.0 0.0 6228.9840254695 0.231531264 0.89706780741825 3.3344e-05 6229.8810932769 0.231564608 0.0
16 13 1 42.223506130146 0.037392802843272 0.021890275826445 1296.9647006412 0.36101307068326 203.0 0.50933837890625 13.621294478541 0.069091796875 1.8477298202168 0.0 0.0 0.052490234375 1.4037523369138
17 9 1 42.323576077662 0.036930615918444 0.021620951661472 1296.9704666017 0.36100704871669 0.2000398039982 4.4692155442311e-06 2.2341631289897e-05 3388.0 2.5620477603816e-05
18 8 1 42.42364239835 0.036075365577578 0.021096310189926 1296.0686457258 0.36100490857443 0.2000001054019 8.602655413422e-07 4.3013254398716e-06 4.9999973649538
19 5 1 42.523702009767 0.025037081625676 0.014653003604458 1296.9686733901 0.36111059799929 6.1883561643836
20 6 1 42.62376202789 0.029119773556052 0.017046092594875 1296.9682286387 0.36483589237197 1.0 8.0
21 7 1 42.723854490003 0.033941456230463 0.018185683474657 1188.4822876244 0.36572870253103 91.849035936464 8.1509640635362 7.9210648596321
22 7 1 42.823926308905 0.021794147210735 0.012330116026378 1256.7322831786 0.36306714083658 5.8675752932985e-06 4.7340664298204e-06 0.80681818181818
23 9 1 42.923988143159 0.034352827702373 0.020107357689506 1296.9652672036 0.36570829802672 0.0 0.0 0.0 0.0 -
24 6 1 43.024046624136 0.036986212190623 0.021655421929936 1296.9651650979 0.36562020419285 0.0 0.0
25 13 1 43.124109365097 0.024171445367107 0.014143582312152 1296.9688517828 0.36538909302111 2.7368085668124 124915540.0 68377649.0 42246.0 6956.0 0.033819651261965 0.011678290787519 54.739105318682 45.215396739269
26 7 1 43.2241957674 0.034190706479932 0.017343369335059 1127.4309971212 0.36337516685503 55.048030356032 44.951969643968 2.3665996187728
27 12 1 43.324300334642 0.01818392304994 0.0098464745329207 1202.6006083828 0.36588293935087 1769023.0 93.220325569538 1.5589961238492 99.092436898785 8.1368378469811 7.5851867320212 0.12685298663833 8.0629909090763
1 7 1 43.424367995916 0.023100486598904 0.013514593889571 1296.973109382 0.36111682514737 57.24165329958 42.75834670042 3.825361785259
2 10 1 43.524430880899 0.036696774254886 0.021483340063503 1296.969693915 0.36102765736249 5744.83104525 0.210816768 5718.2329580934 0.209840704 11463.064003343 0.420657472
3 5 1 43.624497226044 0.036240773952935 0.02121094251472 1296.9628061064 0.3609325554108 82646.714968153
4 6 1 43.724559548525 0.023599168258101 0.013754230416943 1294.2578434423 0.36136030166777 0.0 0.0
5 7 1 43.824625130984 0.032970852999868 0.019232248560949 1293.0287537572 0.36123510147716 0.11387700365898 0.036452850034728 0.32010721096851
6 8 1 43.924694626506 0.036200119778997 0.021189791601469 1296.9685176687 0.3609659687577 7.0783574775498 21.101363902668 0.38131232748489 99.96108093893
7 7 1 44.024755247892 0.025142631933739 0.014714187311955 1296.970490213 0.360991266282 48.0 5.3334053935662e-07 46.8125
8 10 1 44.12481051871 0.037166465743483 0.021756956367935 1296.9673570444 0.36099382754842 6230.9554424234 0.231582592 1.5928337229746 5.92e-05 6232.5482761464 0.231641792
9 19 1 44.224882627468 0.036952257323098 0.021630443553293 1296.9672657792 0.36105090357718 0.511962890625 13.854712207391 0.052490234375 1.4204878991841 0.00018943362346701 0.0 0.0 0.00018943362346701 6235.7270892884 0.230424192 0.67719814194836 2.5024e-05 6236.4042874303 0.230449216 3.0375455909557e-08
10 9 1 44.324948803227 0.024866516523519 0.014551173875235 1296.9674601537 0.36106950052636 0.00028150304017771 0.0 0.0 0.00028150304017771 0.0
11 7 1 44.425010894729 0.037027331946429 0.021678158448362 1296.9651219438 0.3610580886648 106068619.0 159091708.0 159086492.0
12 10 1 44.525079757095 0.036097308614065 0.021127329355438 1296.9668935541 0.36095401512623 67.0 5.1842390744502e-07 58.611940298507 1.0 7.7376702603735e-09 72.0
13 9 1 44.625143791541 0.025029587931523 0.014647153486763 1296.9707887117 0.0 0.36102777689154 0.3450927734375 13.787393319523 0.03533935546875 1.4119032069338
14 10 1 44.72521695284 0.036677580325343 0.019423759412362 1175.7384155969 0.36448109909189 5143.634403539 0.188656064 1.8252021918072 6.6944e-05 5146.6199876214 0.188765568
15 19 1 44.825316128752 0.018135763406432 0.0097033185251957 1187.6619456558 0.365779701674 0.24505615234375 13.5123152443 0.02447509765625 1.3495487952588 0.0 0.0 0.0 0.0 5676.4357635746 0.102946496 6.7438021360943 0.000122304 5683.1795657107 0.1030688 0.0
16 13 1 44.925387915045 0.022786287678835 0.013332921851877 1296.9666204207 0.36142824373229 203.0 0.31829833984375 13.968854616867 0.04400634765625 1.9312644638084 0.0 0.0 0.03216552734375 1.411617714878
17 9 1 45.025459091734 0.0368992960269 0.021600567056121 1296.9662453379 0.36108626586933 0.20004136448846 4.4592729528697e-06 2.2291754329274e-05 3758.0 2.8451524205236e-05
18 8 1 45.125524194119 0.036652453397286 0.021456349449272 1296.9714975442 0.36106909449788 0.20000010365168 9.0695217866757e-07 4.5347585431612e-06 4.9999974087094
19 5 1 45.225584166045 0.024773523338876 0.014496032315308 1296.9653264734 0.36137582737577 6.1637010676157
20 6 1 45.32564358181 0.036852871898683 0.021575441486766 1296.97127457 0.36110281639154 1.0 8.0
21 7 1 45.42571219961 0.036800548286599 0.021540665963264 1296.9670680555 0.36112138215451 92.839534102848 7.1604658971518 6.7978410617441
22 7 1 45.525774987673 0.024785579554176 0.014504225740966 1296.9626293439 0.3612370780789 5.8183442977321e-06 4.540000477875e-06 0.78029079159935
23 9 1 45.625836161597 0.036634761286298 0.02144760167322 1296.9694023852 0.36118679868739 0.0 0.0 0.0 0.0 -
24 6 1 45.725908143543 0.035933190099759 0.020657872922281 1277.5412185759 0.36598561070125 0.0 0.0
25 13 1 45.82597168795 0.022662877686544 0.0132606022232 1296.9646144508 0.36127108535768 2.7680045277079 117117096.0 64839564.0 41050.0 6388.0 0.03505039093524 0.012252694516947 55.36302232084 44.589674593707
26 7 1 45.926036798488 0.037465488868575 0.021932915063931 1296.9649294217 0.36121150140055 55.378978522436 44.621021477564 2.3191700151972
27 12 1 46.026095376386 0.037173538240032 0.021761452765587 1296.968398366 0.36103969553535 3425561.0 92.761769532056 2.0204865713966 99.552277714512 7.1292979374312 6.6132629219736 0.14404650746066 7.0973784817665
1 7 1 46.126159467897 0.03709468551948 0.021715891866009 1296.9647055138 0.36122261469303 57.906460283704 42.093539716296 3.7705626007293
2 10 1 46.226219909934 0.037067621082443 0.021689172992168 1296.9637069077 0.36538248097501 5673.5765031226 0.210305984 5640.4366370042 0.209077568 11314.013140127 0.419383552
3 5 1 46.326298486114 0.020243749626147 0.010038323248218 1102.282068775 0.3702433277694 37708.987401575
4 6 1 46.426369339431 0.030629431821379 0.017404413096255 1263.9354431078 0.36600914499833 0.0 0.0
5 7 1 46.526427045043 0.036949092453357 0.021629169090864 1296.9642248812 0.36574121556041 0.11328575456443 0.036838547098374 0.32518251954992
6 8 1 46.626488657375 0.036964366980676 0.021636412330958 1296.9700128419 0.36550193068552 7.7810662710009 24.516257381239 0.41840599550662 99.959971094119
7 7 1 46.726555987126 0.034813525489864 0.020355291356784 1296.4276233283 0.36123667571154 52.0 4.1794660470105e-07 45.038461538462
8 10 1 46.826609977141 0.036598159667376 0.02142042355812 1296.9657835122 0.36114860067398 6226.42193135 0.227875584 1.1244281235453 4.1152e-05 6227.5463594736 0.227916736
9 19 1 46.926676230799 0.024346381866337 0.014249480447913 1296.9683670192 0.36104665005306 0.330322265625 13.567612117418 0.033935546875 1.3938640682344 0.00028751705442026 0.0 0.0 0.00028751705442026 6225.8489508694 0.151576896 0.73867238667056 1.7984e-05 6226.5876232561 0.15159488 4.6175701976215e-08
10 9 1 47.026740683725 0.037020507639436 0.021671436496916 1296.9671051396 0.36123835904662 0.00018908438717743 0.0 0.0 0.00018908438717743 0.0
11 7 1 47.126801930114 0.036487169116707 0.021362954088853 1296.9730776036 0.36113990250601 104503504.0 156743578.0 156737973.0
12 10 1 47.22686502162 0.024627973751215 0.014415520619676 1296.9729167851 0.36112619586032 63.0 7.1477960916668e-07 59.68253968254 1.0 1.1345708082011e-08 72.0
13 9 1 47.326929019833 0.036572341612928 0.021410289453178 1296.9671773328 0.0 0.36115844265205 0.50860595703125 13.906846939532 0.05206298828125 1.4235617952023
14 10 1 47.426994003558 0.036461370084086 0.021347747496632 1296.9681581182 0.36111621263168 5739.5802603518 0.20927296 1.9185236275729 6.9952e-05 5742.4782315404 0.209378624
15 19 1 47.527059963737 0.024614267165947 0.014405735701135 1296.9645640892 0.36118944257304 0.34417724609375 13.982835392715 0.03515625 1.4282874953368 0.0 0.0 0.0 0.0 6206.8587689405 0.15277728 2.9901357413486 7.36e-05 6209.8489046818 0.15285088 0.0
16 13 1 47.627129930275 0.036421091817687 0.020535808950722 1249.861888887 0.36334400210486 202.0 0.5164794921875 14.180780048353 0.0736083984375 2.0210376670189 0.0 0.0 0.0511474609375 1.4043362893548
17 9 1 47.727207295398 0.034088145316159 0.019868994265861 1293.7475533971 0.36139517328085 0.20005142507283 5.6675824343069e-06 2.8330627648584e-05 3900.0 3.2127284147961e-05
18 8 1 47.827286647849 0.020093582263461 0.0099385383654297 1097.4285228035 0.36308088858542 0.20000013567432 2.035114864613e-06 1.0175567420249e-05 4.9999966081442
19 5 1 47.927370211371 0.029495089607222 0.015371243799413 1156.408731995 0.36799363312679 6.2790697674419
20 6 1 48.027436966843 0.033821996437641 0.019727652125239 1293.0621170707 0.36589266421499 2.0 8.0
21 7 1 48.127500763969 0.024725742320311 0.014468854200209 1296.9643490688 0.36568526853377 92.219114096242 7.780885903758 6.6226518144737
22 7 1 48.227563738626 0.036861429909363 0.021579624930069 1296.965282749 0.36521475997217 6.8471747139152e-06 5.4228090784646e-06 0.7919776119403
23 9 1 48.327624643528 0.036680063126706 0.021475558777437 1296.9683232402 0.36533658577499 0.0 0.0 0.0 0.0 -
24 6 1 48.427683657117 0.024452285436906 0.014308201734577 1296.9666658643 0.36573079540626 0.0 0.0
25 13 1 48.527745892641 0.03678362882412 0.021535061317722 1296.9700238849 0.36107372675484 2.7695174860479 190196780.0 105355334.0 45796.0 8208.0 0.024078220461987 0.0091068839335766 55.392806334576 44.574008561028
26 7 1 48.627817672593 0.028161759151922 0.016416538952283 1292.4433666263 0.36122200545776 55.377788158034 44.622211841966 2.3352609526571
27 12 1 48.727884108318 0.024650265521204 0.014422947284533 1296.9738796084 0.36117480311003 2351924.0 92.386828826102 1.9895625879068 99.470008384625 7.38536921131 6.8231084114286 0.14693654280701 7.3462273737256
1 7 1 48.827950672666 0.035479403576185 0.020769046897712 1296.9734435963 0.36099263411287 58.535195386316 41.464804613684 3.7296898166682
2 10 1 48.928011315792 0.036502303244824 0.021370309195407 1296.9634429112 0.36097616288151 5745.8081643037 0.209735232 5719.255976802 0.208766016 11465.064141106 0.418501248
3 5 1 49.028069404557 0.024606476368967 0.014399344820065 1296.9687101609 0.36533564976671 54818.291338583
4 6 1 49.128126971581 0.036570087073492 0.021407234185393 1296.9659433424 0.36517223105802 0.0 0.0
5 7 1 49.228192255127 0.036912422899337 0.02160685920485 1296.9663700861 0.36567811285333 0.1132735361692 0.036833054389867 0.32516910511957
6 8 1 49.328256674538 0.024867165983051 0.014258441087272 1271.7570624109 0.36573116523809 7.7929282091138 24.603236617991 0.45339485832316 99.942612547952
7 7 1 49.428343844054 0.017989240988176 0.0089013270362599 1097.439240473 0.37142396245235 48.0 9.0710872191272e-07 59.666666666667
8 10 1 49.52841283595 0.020137335183645 0.011777921437994 1296.9686073605 0.36544772765004 6165.4044523644 0.124154816 2.48851198746 5.0112e-05 6167.8929643519 0.124204928
9 19 1 49.628479349573 0.032594511581627 0.01899501150122 1296.97307488 0.36666309714547 0.4493408203125 13.785781670243 0.0457763671875 1.4044194855585 0.00021476008261298 0.0 0.0 0.00021476008261298 6138.3723299226 0.200077248 0.86983969460619 2.8352e-05 6139.2421696173 0.2001056 3.4981529752291e-08
10 9 1 49.730256266958 0.022619623862876 9.0362737668048e-06 1253.5229857586 4.025015130119 0.00030946580024651 0.0 0.0 0.00030946580024651 0.0
