1 7 1 0.10096526837914 0.10097828268592 0.0014513312613267 2122.54998784 1.4770457673659 31.878497037537 68.121502962463 10.018824609734
2 10 1 0.20129009005348 0.073294512453027 1.4210441367853e-05 1398.5732593379 5.1636483371748 1.0740231071248 7.872e-05 0.082079814690841 6.016e-06 1.1561029218157 8.4736e-05
3 5 1 0.30165984561101 0.074963911282897 1.4414781026599e-05 1395.3419526305 5.2734957732471 1.9550706033376
4 6 1 0.40176266017505 0.074783505189858 1.3011588292373e-05 2194.1210998915 5.5763106796117 0.0 0.0
5 7 1 0.50214046155001 0.079770435856356 1.6796629332644e-05 2195.9732424337 5.9286742363665 0.49752118982888 0.20566128258436 0.4133719061395
6 8 1 0.60256272288513 0.079651089715536 4.7493339354115e-05 1204.3761352121 1.927460282436 64.941854364023 56.217623994734 49.820173053624 79.64950440266
7 7 1 0.70303353006742 0.07214225425672 1.2762846667869e-05 1191.8577414243 5.4697087378641 41.0 0.0079611650485437 69.0
8 10 1 0.80345968699541 0.072373822288264 1.4432904277929e-05 1728.9856581688 6.1854368932039 661.68278095443 0.047888512 156.4623180312 0.011323776 818.14509898563 0.059212288
9 19 1 0.90360614869179 0.074450129793969 1.3658135283571e-05 1151.5735872315 4.6284354368187 0.849853515625 11.415070974045 0.04638671875 0.62305759410184 9.4022670200463e-05 0.0 0.0 9.4022670200463e-05 536.70332221821 0.039957632 7.5931633909092 0.000565312 544.29648560912 0.040522944 1.7274164483212e-07
10 9 1 1.0040739582883 0.071765285192082 1.3935874110203e-05 1387.0193219445 5.972427184466 9.7540196228083e-05 0.0 0.0 9.7540196228083e-05 0.0
11 7 1 1.1041351673043 0.044140891261357 0.017669782662253 2194.3789434573 0.43432833826233 78510978.0 101847520.0 96632141.0
12 10 1 1.2042093598175 0.066619371021779 0.026766583292678 2193.0758607734 0.43384911683943 43.0 3.1578417144766e-07 77.674418604651 166189.0 0.0012204617597376 29.904765056652
13 9 1 1.3042825455841 0.066266951713392 0.026631302283125 2193.8940647495 0.0 0.4337706792741 1.060302734375 16.000475455109 0.06597900390625 0.99565472985105
14 10 1 1.404352282496 0.066300201536445 0.026645438419163 2193.9526533298 0.43406132332735 3.4615882709473 0.000229504 3.0185126947162 0.000200128 7.3401888489357 0.000486656
15 19 1 1.504426290152 0.066026471573007 0.026522622128793 2193.8770062781 0.43378420610848 1.037353515625 15.711176001249 0.06463623046875 0.97894418600394 0.0 0.0 0.0 0.0 785.21815212665 0.051845184 2069.9712212984 0.136672896 2855.189373425 0.18851808 0.0
16 13 1 1.6045043809766 0.065879161255385 0.026467215271746 2193.4847064848 0.43374714292776 208.0 1.0377197265625 15.751866095255 0.25421142578125 3.85875322237 0.0 0.0 0.064453125 0.97835375818073
17 9 1 1.7045744205468 0.065554959849319 0.05683056167744 2194.0940941871 0.37880404738733 0.20664206878318 1.3013235169871e-05 6.2974762334212e-05 25704.0 7.7626409098714e-05
18 8 1 1.8046292673953 0.065575505273189 0.065078806761124 2194.0030925177 0.37285876097025 0.20000003686118 3.4005736726252e-07 1.7002865229398e-06 4.9999990784707
19 5 1 1.9046827450323 0.065671341026222 0.065167001751396 2194.0037418752 0.37433749934677 6.3715341959335
20 6 1 2.0047399352173 0.065587473868367 0.065080431057524 2194.0033721376 0.37397582949365 1.0 8.0
21 7 1 2.1047951499678 0.065439290916193 0.064941846179254 2194.0025936893 0.37295065155692 90.581658131983 9.4183418680169 7.8135128518122
22 7 1 2.2048476344506 0.065429415556543 0.064919710893161 2194.0093084352 0.37281076733853 6.9664391414923e-06 6.3593420485518e-06 0.91285403050109
23 9 1 2.3048964625674 0.065477394145951 0.06497740626377 2194.0014662913 0.37239813283685 0.0 0.0 0.0 0.0 -
24 6 1 2.4049429745327 0.065246996876444 0.06475209981556 2194.0050225279 0.37216708635719 0.0 0.0
25 13 1 2.5049942619747 0.065230433130891 0.064720966788263 2194.0017182518 0.37219355229089 2.6867741094517 571385040.0 307044468.0 113407.0 13940.0 0.019847737000605 0.0052666762153941 53.736875575181 46.238010011603
26 7 1 2.605046866071 0.065348487990054 0.064846091527771 2194.0041244925 0.37313430143116 53.60527012874 46.39472987126 2.5412812383642
27 12 1 2.7051014075428 0.065271949875038 0.064775997587845 2194.004656988 0.3723170989568 13587610.0 94.592581035223 2.8130259847022 99.804564599661 9.5039706131144 8.990051103774 0.26734916292537 9.4853964900986
1 7 1 2.8051581546143 0.064873309026459 0.0643719455895 2194.0043244699 0.37215281780321 56.777695464986 43.222304535014 4.1477956467812
2 10 1 2.9052055093107 0.065099846043433 0.064600724905745 2194.0047084027 0.3722035316845 9439.9269637288 0.614537792 9393.1537655562 0.611492864 18833.080729285 1.226030656
3 5 1 3.0052455549 0.064985832669316 0.064489877663636 2194.0073239103 0.37292991187823 243100.90764331
4 6 1 3.1052887231254 0.065058086447719 0.06455837177355 2194.0073358559 0.37282466671301 0.0 0.0
5 7 1 3.2053301469879 0.07704553886903 0.076454664240701 2194.0075667337 0.37378907145785 0.11335844955692 0.036476312450606 0.32177850520344
6 8 1 3.3053670364129 0.064829829534193 0.064331665757256 2194.0070121285 0.37296145763416 9.4292161755901 26.853791504759 0.56446493739604 99.974835729714
7 7 1 3.4054136208712 0.064958534522001 0.064453990001352 2194.0043647602 0.3742221771044 42.0 1.1048545942958e-07 91.761904761905
8 10 1 3.5054514055848 0.076792831877135 0.076189951954043 2194.0082158517 0.37379697431241 9959.7445920955 0.764836992 140.18058374541 0.010764864 10099.925175841 0.775601856
9 19 1 3.6054878084005 0.064833007446314 0.064338586573858 2194.0098722656 0.37224650550942 1.044677734375 16.113362244379 0.11224365234375 1.7312732628776 0.0001079696943844 0.0 0.0 0.0001079696943844 9924.6068838132 0.643442112 2.5833754532935 0.000167488 9927.1902592665 0.6436096 1.087615846625e-08
10 9 1 3.705530631378 0.064774223774463 0.064276538451361 2194.0035896942 0.37227788605003 0.00010806767865522 0.0 0.0 0.00010806767865522 0.0
11 7 1 3.8055713855863 0.077033687168823 0.076440499107461 2194.0017921777 0.37251827966545 362344137.0 543496356.0 543484917.0
12 10 1 3.9056085205814 0.064661340385066 0.064169498451274 2194.0003830374 0.37242184112617 97.0 2.550670469108e-07 61.577319587629 1.0 2.6295571846475e-09 116.0
13 9 1 4.0056519253152 0.064930547691134 0.064430748743846 2194.0101559586 0.0 0.3720234448435 1.0477905273438 16.137096707207 0.1123046875 1.7296125089568
14 10 1 4.1056887177808 0.076894895685488 0.076309986778414 2194.005677783 0.37236858899616 9430.3742990428 0.725147648 2.1415205590958 0.000164672 9433.1150791443 0.7253584
15 19 1 4.2057284389639 0.064750526717186 0.064257452855385 2194.0126377886 0.37223326226881 1.0492553710938 16.204584337617 0.11212158203125 1.7315933586296 0.0 0.0 0.0 0.0 9921.6747194349 0.642433664 2.2555492195129 0.000146048 9923.9302686544 0.642579712 0.0
16 13 1 4.3057718427915 0.064909162254565 0.064409288095784 2194.0032091596 0.37214074867734 209.0 1.0708618164062 16.497852987325 0.28643798828125 4.4129053331158 0.0 0.0 0.11224365234375 1.7292420429576
17 9 1 4.4058117488317 0.076841053318112 0.076255600260417 2194.0050307999 0.37305345785349 0.2000218949758 1.606991036071e-06 8.0340756508953e-06 6772.0 1.5010404546583e-05
18 8 1 4.5058494039641 0.064736222034911 0.064234410953644 2194.009690604 0.37227460180947 0.2000000472655 3.1247749554802e-07 1.562387108505e-06 4.9999988183627
19 5 1 4.6058931584767 0.064615195868692 0.064116526453043 2193.9998040947 0.37295925550907 6.2574430823117
20 6 1 4.7059300433709 0.077085536884715 0.076499203037007 2194.0062366229 0.37287467687747 1.0 8.0
21 7 1 4.8059698968536 0.064929382366074 0.064431457362973 2194.008888196 0.37279204277905 90.581371146531 9.4186288534692 7.7676587837799
22 7 1 4.9060165112153 0.065106026978299 0.064605115716461 2194.0018463997 0.37388953457859 7.3571165480142e-06 6.6207493734728e-06 0.8999108999109
23 9 1 5.0060556524543 0.076802766137352 0.076209897498294 2194.0062562823 0.37389094740634 0.0 0.0 0.0 0.0 -
24 6 1 5.1060915858778 0.064706053164585 0.064209556273689 2194.0099286004 0.37231192465626 0.0 0.0
25 13 1 5.2061339104659 0.064823821676377 0.064327249120907 2194.0033528059 0.37234503505736 2.6856810373367 567909128.0 305052239.0 111652.0 13576.0 0.019660187606634 0.0050414755791705 53.714973744884 46.26032459193
26 7 1 5.3061722515633 0.076649097277 0.076062948286454 2194.0081528991 0.3723515483094 53.717595422972 46.282404577028 2.5271181896599
27 12 1 5.4062114353919 0.064802961814097 0.064309230984435 2194.0064020057 0.37220561165931 13455982.0 94.610783516209 2.5973206563445 99.808367757924 9.4802153573015 8.9693060285669 0.24623159174114 9.4620482080587
1 7 1 5.506254451382 0.06460940095908 0.064104576887279 2194.0063462695 0.37294335065906 56.372200408493 43.627799591507 4.2508465070553
2 10 1 5.6062954919377 0.077064211254875 0.07647206346814 2194.0074546321 0.37324711993917 9413.301715381 0.725428672 9351.2842377195 0.720649344 18764.5859531 1.446078016
3 5 1 5.7063333092732 0.064756335219237 0.064260901257032 2194.0044636831 0.372995541908 239525.26456693
4 6 1 5.8063755196848 0.064990914428989 0.064490836383631 2194.006107859 0.37279073598802 0.0 0.0
5 7 1 5.9064127018003 0.076926492668019 0.076342160080338 2194.0002687046 0.37293330756712 0.11330256428278 0.036497720841961 0.32212616786738
6 8 1 6.0064527075184 0.064983678720896 0.064488008703342 2194.0057665587 0.37285443123631 9.4138282063942 26.819947905496 0.53957471405466 99.977048746616
7 7 1 6.1064960325099 0.064865968203508 0.064366541235953 2194.0065467155 0.37250715019987 49.0 1.2848328813676e-07 58.265306122449
8 10 1 6.2065372552043 0.076960474670425 0.076364236465864 2194.005964063 0.37256331411891 9990.1853684312 0.768849408 10.962094550649 0.000843648 10001.147462982 0.769693056
9 19 1 6.3065731242903 0.064809443594935 0.064318130407 2194.0060840754 0.3721254726853 1.0491333007812 16.187969570275 0.1123046875 1.7328444941129 0.0001080089507287 0.0 0.0 0.0001080089507287 9938.0904428925 0.644082112 2.0313089065046 0.000131648 9940.121751799 0.64421376 1.0865958529045e-08
10 9 1 6.4066172684528 0.064886861593803 0.064389724952136 2194.0100854746 0.37221296112128 0.00010788008277886 0.0 0.0 0.00010788008277886 0.0
11 7 1 6.5066592550422 0.076780347675457 0.07617457437529 2194.0116578253 0.37329026147784 360336482.0 540485125.0 540474042.0
12 10 1 6.6066946456743 0.064541792169993 0.064047414340259 2194.0027439708 0.37281445958176 94.0 2.4791061461472e-07 58.223404255319 1.0 2.6373469639864e-09 120.0
13 9 1 6.7067383141015 0.064743209454462 0.064234492508275 2194.006815004 0.0 0.37308026437458 1.0479736328125 16.186618514017 0.11175537109375 1.7261327023393
14 10 1 6.8067775686108 0.076805940424822 0.076219886128265 2194.0063297272 0.37341835171641 9403.6676330647 0.722257536 2.2881563460839 0.000175744 9406.5624091559 0.722479872
15 19 1 6.9068157012908 0.064924706567231 0.064430590165397 2194.0103999736 0.37293822217518 1.0482177734375 16.145129163611 0.11199951171875 1.7250676613035 0.0 0.0 0.0 0.0 9916.657772389 0.643836096 2.0858623343914 0.000135424 9918.7436347234 0.64397152 0.0
16 13 1 7.0068586166969 0.064762325859964 0.06426570255939 2194.0014545263 0.37305679795655 208.0 1.0481567382812 16.184667927889 0.26397705078125 4.0760897215466 0.0 0.0 0.1116943359375 1.7246807376717
17 9 1 7.1068957245071 0.077060427119998 0.076471126496046 2194.0079153086 0.37291129371704 0.20002160223416 1.6747630708486e-06 8.3729109863241e-06 4621.0 1.0209868272284e-05
18 8 1 7.2069359477042 0.065115919555038 0.064620277175443 2194.0073349047 0.37299106329283 0.2000000407972 3.2428541544624e-07 1.6214267464829e-06 4.9999989800703
19 5 1 7.3069790796831 0.065050377722765 0.064551593677552 2194.007927698 0.37283860477077 6.330241187384
20 6 1 7.4070192195132 0.077240996322298 0.076651378994531 2194.0057068915 0.37303299047082 1.0 8.0
21 7 1 7.5070571791162 0.064936126934056 0.064436076526656 2194.0039175681 0.37291848231221 90.499967809863 9.5000321901367 7.7098035500906
22 7 1 7.607101330528 0.064871310938 0.064373569432819 2194.0045916873 0.37274461325269 7.2516660828533e-06 6.5498919458029e-06 0.90322580645161
23 9 1 7.7071372195495 0.076651396211431 0.076069196730431 2194.0067155445 0.37300010509752 0.0 0.0 0.0 0.0 -
24 6 1 7.807177221643 0.064824434242272 0.064329813107889 2194.0031808369 0.37231159648196 0.0 0.0
25 13 1 7.90722047686 0.064690841413581 0.064191244540545 2194.0057828623 0.37232127429865 2.6858524318379 566708420.0 304426823.0 113069.0 13320.0 0.019951882839503 0.0050329232800176 53.718422429651 46.25659276423
26 7 1 8.0072628802842 0.076833896446161 0.076243630305995 2194.006368374 0.37393743079283 53.490043620665 46.509956379335 2.5619107524218
27 12 1 8.1072982319513 0.064569841526077 0.064076280148814 2194.0064852093 0.37229416541108 13495970.0 94.5312785965 2.7932782897413 99.802800391524 9.5429562891326 9.0210785960221 0.26656132622384 9.5241376166934
1 7 1 8.2073416738378 0.064679308682597 0.064181405427398 2194.0093902567 0.37237393894617 56.677199199248 43.322800800752 4.1426847847652
2 10 1 8.3073785224855 0.076847528755812 0.076262896681402 2194.0087130963 0.37286730643515 9423.5339473455 0.724175296 9383.0023642168 0.721060544 18806.536311562 1.44523584
3 5 1 8.4074186224445 0.064724840633076 0.06422805059859 2194.0019085124 0.37296592994737 242090.53503185
4 6 1 8.5074616357161 0.064854390164396 0.06434530984702 2194.0017575142 0.37287791846444 0.0 0.0
5 7 1 8.6075027659819 0.076722885188627 0.07613869532155 2194.0046268301 0.37327656521592 0.11334744461951 0.036477408214666 0.3218194140778
6 8 1 8.7075447543837 0.064606126993727 0.064102234457044 2194.0055928188 0.37507824665469 9.8681826808118 27.424644995623 0.59026305010615 99.965304796098
7 7 1 8.8075833528313 0.06442050684128 0.063923391041351 2194.0053989262 0.3727921287195 45.0 1.1890375337005e-07 62.0
8 10 1 8.9076211040169 0.077010241118577 0.076422722463313 2194.002963612 0.37245354441637 9919.4196110071 0.763896896 4.1453187960866 0.000319232 9923.5649298032 0.764216128
9 19 1 9.0076595574785 0.064756427647819 0.06426307559411 2194.0037204453 0.3724064770764 1.044189453125 16.124877345055 0.1119384765625 1.7286079641589 0.00010809737742282 0.0 0.0 0.00010809737742282 9906.4063800561 0.641503488 1.7888571715228 0.00011584 9908.1952372277 0.641619328 1.0909895781693e-08
10 9 1 9.1077032875247 0.064966572183965 0.064468851973605 2194.0053140269 0.37284868922094 0.00010774771955304 0.0 0.0 0.00010774771955304 0.0
11 7 1 9.2077456030512 0.076893549127914 0.076304070896099 2194.0059499517 0.37329755101144 360943565.0 541394724.0 541382570.0
12 10 1 9.3077824091092 0.064698073497024 0.064203357215571 2194.0062394999 0.37299271655771 98.0 2.5795551116053e-07 63.418367346939 1.0 2.6321990934748e-09 119.0
13 9 1 9.4078244573177 0.064953641244141 0.064453450381544 2194.0071533254 0.0 0.37297724170022 1.040283203125 16.015779611414 0.11199951171875 1.7242992012992
14 10 1 9.5078662363959 0.076780745480823 0.076181553639377 2194.0062094008 0.37431854945224 9379.3881719977 0.720156416 2.1105291305158 0.000162048 9382.0646763571 0.72036192
15 19 1 9.6079021471653 0.064720743872113 0.064227018026345 2194.0034375845 0.37313004266817 1.0350341796875 15.992309694906 0.11187744140625 1.7286179779905 0.0 0.0 0.0 0.0 9915.9997491396 0.64177088 7.4926209278158 0.000484928 9923.4923700674 0.642255808 0.0
16 13 1 9.7079453144846 0.064642155111208 0.064131268811837 2194.005172717 0.37297828463324 208.0 1.043701171875 16.145828833823 0.2579345703125 3.9901913831424 0.0 0.0 0.1116943359375 1.727886945374
17 9 1 9.8079858466831 0.076621783724921 0.076034441771356 2194.0010218278 0.37331328374949 0.20002461670209 1.9264471360772e-06 9.631050256911e-06 7642.0 1.6999894935221e-05
18 8 1 9.9080224107958 0.064591745287634 0.064099056544923 2194.0017712878 0.37309964521501 0.20000004747028 3.1910579488476e-07 1.5955285957228e-06 4.9999988132432
19 5 1 10.008065633391 0.06478475519581 0.064287502112253 2194.0058422609 0.37281801785169 6.0641711229947
20 6 1 10.108102902498 0.07710631338004 0.076520622001591 2193.9990093121 0.37290978580697 1.0 8.0
21 7 1 10.208142437918 0.065016456433251 0.064510129037753 2194.0027273328 0.37253683778956 90.497527906092 9.502472093908 8.0102086488445
22 7 1 10.308186409003 0.065252324206172 0.064752781702892 2194.0098752152 0.37278232643964 7.0708120547464e-06 6.3839455901599e-06 0.90285889947741
23 9 1 10.408223489629 0.0770100444813 0.076425214863452 2194.0055219185 0.37219027414627 0.0 0.0 0.0 0.0 -
24 6 1 10.508263131069 0.065222573076789 0.064713948559186 2194.0054052158 0.37228854950647 0.0 0.0
25 13 1 10.608306929078 0.064987436577059 0.064490273656677 2194.0024699988 0.37232784025034 2.6858050671893 569348380.0 305839579.0 104548.0 13568.0 0.018362746548958 0.0050234620848486 53.71747593275 46.259137858617
26 7 1 10.708344856965 0.077208266636559 0.07662130391203 2194.0047338223 0.3723334244229 53.720349307543 46.279650692457 2.535529365799
27 12 1 10.808384529215 0.064886086824809 0.064392727974881 2193.9966359819 0.37204903240441 13538760.0 94.467706052844 2.7112157981972 99.797647642768 9.5261669249463 8.9991513687615 0.25827494263178 9.5068905016198
1 7 1 10.908427865081 0.064773884869663 0.064276801238505 2193.997001627 0.37218016264542 56.581727179642 43.418272820358 4.1657893218701
2 10 1 11.008468090996 0.07703684967618 0.07644272645505 2194.0003103808 0.37306297568938 9417.6337045144 0.725504832 9360.0064258982 0.721065408 18777.640130413 1.44657024
3 5 1 11.108506680382 0.064906759111439 0.064408615270078 2194.0042850825 0.37350798190702 239746.48346457
4 6 1 11.208549127302 0.064791914786248 0.064293417541487 2194.0069177713 0.3729299892128 0.0 0.0
5 7 1 11.308585659699 0.076844687936166 0.076260314118088 2194.0023633447 0.37299892418482 0.11329904896133 0.036494799352754 0.32211037680651
6 8 1 11.408625597455 0.064916231228746 0.064420865681815 2194.0037866088 0.37288863639157 9.395258973899 26.826162404431 0.57187063874684 99.977351163462
7 7 1 11.5086709595 0.064782623901454 0.064272347902572 2193.9991580013 0.37272369692185 43.0 1.1298152106822e-07 59.093023255814
8 10 1 11.608705920611 0.076919972828353 0.076334623979354 2194.0028009849 0.37274721606764 9899.6336582079 0.761479552 1.3429021904429 0.000103296 9900.9765603983 0.761582848
9 19 1 11.708746519866 0.064798704662359 0.064302830305146 2194.0057355325 0.37308645809444 1.0532836914062 16.254702881709 0.11199951171875 1.7284220772982 0.00010802685079083 0.0 0.0 0.00010802685079083 9923.944550292 0.643058752 2.9995661335018 0.000194368 9926.9441164255 0.64325312 1.0882185849328e-08
10 9 1 11.808789693528 0.065067283997768 0.064570207162831 2194.0011837145 0.37280145337027 0.00010758094652053 0.0 0.0 0.00010758094652053 0.0
11 7 1 11.908826634604 0.077006521321242 0.07642336765106 2194.0000738341 0.37285646713714 361934093.0 542881495.0 542870204.0
12 10 1 12.008866526146 0.06504669326577 0.064550788099031 2193.9988557687 0.37282451441951 94.0 2.4598401589061e-07 57.702127659574 1.0 2.6168512328788e-09 116.0
13 9 1 12.108910546164 0.06491836161694 0.064420458814822 2193.9998081735 0.0 0.37204018791636 1.048095703125 16.144826779663 0.11224365234375 1.7289969978919
14 10 1 12.208947501739 0.076895488315806 0.07631074070567 2193.9987621472 0.37211191882893 9436.9042435854 0.72565536 2.1348456664428 0.00016416 9439.6258596981 0.72586464
15 19 1 12.30898736972 0.065010091547384 0.064516625317192 2194.0024157043 0.37215454166333 1.0431518554688 16.045998869397 0.1123046875 1.727496221385 0.0 0.0 0.0 0.0 9915.1316458335 0.644583616 1.2227024775386 7.9488e-05 9916.354348311 0.644663104 0.0
16 13 1 12.409031525663 0.064763367946916 0.064267599610723 2193.9997326863 0.37282461141956 208.0 1.0481567382812 16.184407505496 0.26348876953125 4.0684846678638 0.0 0.0 0.11175537109375 1.7255954197032
17 9 1 12.509070012653 0.076860946304934 0.076265347398064 2194.0065013268 0.37331614377573 0.20002111361453 1.4948084238886e-06 7.4732531825082e-06 4743.0 1.0519104383537e-05
18 8 1 12.609111119358 0.064703164318323 0.064207736699255 2194.0029726268 0.37409116784124 0.20000004118042 3.3261111668924e-07 1.6630552410196e-06 4.9999989704896
19 5 1 12.709152653773 0.064722387651009 0.064227230974548 2194.0008037307 0.37303122008783 6.3888888888889
20 6 1 12.809189363777 0.076799095272795 0.076215290524809 2193.994510837 0.37254570165005 1.0 8.0
21 7 1 12.909229137518 0.064793309370438 0.064301192416307 2193.9979196939 0.37228541340649 90.453768485479 9.5462315145208 8.1055262762713
22 7 1 13.009277822461 0.064730856646355 0.064226841324645 2193.995985978 0.37354562239937 6.9500577567367e-06 6.4757410188362e-06 0.93175355450237
23 9 1 13.109310176542 0.076927204005634 0.076343976483203 2193.9988831572 0.37229801342887 0.0 0.0 0.0 0.0 -
24 6 1 13.209349676622 0.064851058204639 0.064357563883407 2193.9985574354 0.37236886420688 0.0 0.0
25 13 1 13.309393602399 0.064753201709082 0.064259066277835 2193.9984019271 0.37226216422128 2.6862789080159 567307180.0 304797037.0 115357.0 13968.0 0.020334133616994 0.0051848453601451 53.726983853792 46.247497167231
26 7 1 13.409430461921 0.076982124706464 0.076396680257314 2193.9988069407 0.37275910060298 53.658785006898 46.341214993102 2.5583466674298
27 12 1 13.509470790233 0.064755688219165 0.06424980710873 2194.0005839773 0.37278413266335 13369243.0 94.229778006129 2.3849517882202 99.816646312734 9.4278162800866 8.8838103515513 0.22484887296204 9.4105300313084
1 7 1 13.609514239368 0.064929454859079 0.064434863628061 2194.0021234251 0.37264128170524 56.260197646519 43.739802353481 4.2603941005866
2 10 1 13.709551827445 0.076806048258168 0.076221026533855 2194.0033742596 0.37284122877213 9424.0819885305 0.723826496 9374.1600867147 0.719992192 18798.242075245 1.443818688
3 5 1 13.809590724926 0.064900519276006 0.064407128257307 2194.0016215839 0.37213723892099 243306.13216561
4 6 1 13.909635044884 0.064732253949033 0.064237354622741 2194.001257536 0.37205177918604 0.0 0.0
5 7 1 14.00967382547 0.076828214806869 0.076241532992735 2193.9996721851 0.37195330727183 0.11361671991958 0.036201914576195 0.31863192848569
6 8 1 14.109716576861 0.064825719180792 0.064328688107063 2194.0029683517 0.37362645517502 9.8350457497468 25.972336277433 0.57088842465912 99.971365777676
7 7 1 14.209756814557 0.064539477830799 0.064033255550157 2193.9974865585 0.37231570501284 39.0 1.0274164201287e-07 83.384615384615
8 10 1 14.309793016204 0.07692091433126 0.076334662944344 2193.9991571284 0.37230781534355 9917.0573651124 0.76282912 3.2731800211803 0.000251776 9920.3305451336 0.763080896
9 19 1 14.409832682111 0.064753754468248 0.064260126488037 2193.9992320552 0.37219364594312 1.0643920898438 16.437534758941 0.112060546875 1.7305644714385 0.00010810183992393 0.0 0.0 0.00010810183992393 9916.9914898894 0.642162432 1.8531743986959 0.00012 9918.8446642881 0.642282432 1.0898632207957e-08
10 9 1 14.509876912359 0.064903457961209 0.064398562302566 2193.9949475225 0.37209158561332 0.00010785249692218 0.0 0.0 0.00010785249692218 0.0
11 7 1 14.609913437507 0.076821704028829 0.076238835346774 2193.9983556147 0.37207900602709 361814369.0 542701709.0 542690956.0
12 10 1 14.709957635133 0.064865705416363 0.064366057798224 2194.0013673143 0.37281781856606 104.0 2.7292870293728e-07 68.403846153846 3.0 7.87294335396e-09 120.0
13 9 1 14.809997884609 0.064680398796165 0.064182197413481 2193.995386498 0.0 0.37224251403033 1.0409545898438 16.093818362565 0.1121826171875 1.7344144327408
14 10 1 14.910033952144 0.076848378736299 0.076264044336293 2193.9976234606 0.37297978005934 9414.9442304141 0.7235232 2.1353215604338 0.000164096 9417.6275401129 0.723729408
15 19 1 15.010075014448 0.064547003510913 0.064055007529485 2194.0002620701 0.37278086693894 1.0463256835938 16.210290589506 0.11163330078125 1.7294885077411 0.0 0.0 0.0 0.0 9901.1684081035 0.639090752 2.6652205469292 0.000172032 9903.8336286504 0.639262784 0.0
16 13 1 15.110118073028 0.064676554854558 0.064180597130389 2194.0001730768 0.37281359340464 209.0 1.036865234375 16.031547083896 0.25164794921875 3.8908681791207 0.0 0.0 0.111572265625 1.7250805315141
17 9 1 15.210154435066 0.07688038530431 0.076296297380522 2193.995699188 0.37277777965329 0.20002137789345 1.6580762342056e-06 8.2894951113118e-06 3935.0 8.7109879594112e-06
18 8 1 15.310194931018 0.064844436874765 0.064349429715129 2194.00236139 0.37209630551868 0.20000004715842 3.0652975580621e-07 1.5326484176447e-06 4.9999988210397
19 5 1 15.410238481644 0.065003880709153 0.064507764859617 2193.994192362 0.37218751271771 6.1710037174721
20 6 1 15.510275664666 0.076863062194527 0.076272018566878 2194.001732767 0.37208867702521 1.0 8.0
21 7 1 15.610319141893 0.064954151413666 0.064458340940915 2193.9959080389 0.37340241245428 90.303219133293 9.6967808667073 8.190212080301
22 7 1 15.710361447451 0.064616399252581 0.064121001536878 2193.9955509924 0.37242680645345 7.3946300415933e-06 6.909987918464e-06 0.93446026097272
23 9 1 15.810396953166 0.076835139701203 0.076248988445251 2193.9972011005 0.37230030024078 0.0 0.0 0.0 0.0 -
24 6 1 15.910437373 0.064758736550039 0.064266156093755 2193.995718988 0.37226748392074 0.0 0.0
25 13 1 16.01047997125 0.064885544939594 0.064388444091348 2193.9946791254 0.37211982575904 2.6873064286758 568449384.0 305527610.0 109446.0 14420.0 0.019253429255189 0.0053827131950943 53.747548787915 46.227815069635
26 7 1 16.110516975757 0.076989431095238 0.076403399452745 2193.9954264124 0.37216634154491 53.744191418372 46.255808581628 2.5396696694761
27 12 1 16.210556976038 0.064853508468218 0.064361896699719 2193.9937081193 0.37279617737315 13363647.0 94.255624980217 2.6952971744914 99.801932810707 9.4074578937735 8.867058232527 0.25355894680234 9.3888248063393
1 7 1 16.310600651715 0.065101883096883 0.0646020646671 2193.9953267605 0.37283821615727 56.430323129909 43.569676870091 4.2492867160648
2 10 1 16.410637387998 0.076908660294873 0.076326388320868 2193.9935625795 0.37295137555504 9421.6697732324 0.724608 9370.1060613592 0.720642304 18791.775834592 1.445250304
3 5 1 16.510677724466 0.064968359136546 0.064464017143232 2193.9973011196 0.3726101386205 240530.8976378
4 6 1 16.610721455418 0.064872890379353 0.064374712556897 2193.9941240244 0.37284699922579 0.0 0.0
5 7 1 16.710758204388 0.077048824614496 0.076464822323071 2193.9982348094 0.37281056193123 0.11331853572782 0.036500750940547 0.32210750612079
6 8 1 16.810798472893 0.064895596094782 0.064402621910863 2194.0005564202 0.37282067415505 9.4428524476066 26.819652667114 0.54352414984623 99.97740876732
7 7 1 16.910842184816 0.064968333763995 0.064471715900397 2193.9941982001 0.37283348094281 47.0 1.2314581475573e-07 53.787234042553
8 10 1 17.010879229195 0.076829941952721 0.076245601209577 2193.9939263399 0.37276114733933 9899.9428174508 0.760612032 1.392790327316 0.000107008 9901.3356077781 0.76071904
9 19 1 17.110922847783 0.064841057794555 0.064341536133012 2193.9945890305 0.37344802367335 1.108642578125 17.097848428656 0.11480712890625 1.7705930904152 0.00010795628939582 0.0 0.0 0.00010795628939582 10175.238813815 0.659773248 48.847074796889 0.003167296 10224.085888612 0.662940544 1.0559016284875e-08
10 9 1 17.210964011577 0.064616770779233 0.06412236893619 2193.9969693546 0.3724553541844 0.00010833100935848 0.0 0.0 0.00010833100935848 0.0
11 7 1 17.311000044678 0.076851369072769 0.076266887421345 2193.9923955274 0.37236438286086 361670314.0 542485494.0 542474457.0
12 10 1 17.411040159136 0.065077175668344 0.064581678727841 2193.9967506157 0.37223224044822 100.0 2.6114443676825e-07 62.28 1.0 2.6114443676825e-09 116.0
13 9 1 17.511083533966 0.064898669798207 0.064387787123487 2193.9962956508 0.0 0.3725726296412 1.041748046875 16.05191678218 0.1123046875 1.7304620857283
14 10 1 17.611120346368 0.077093768465469 0.076506307351528 2193.9996448645 0.37214783563986 9435.8642790413 0.727446336 2.1301851403665 0.000164224 9438.5971588083 0.727657024
15 19 1 17.711160571377 0.064902053409231 0.064409927393475 2193.9911111916 0.37260133654808 1.0482788085938 16.151704815624 0.112060546875 1.726610191644 0.0 0.0 0.0 0.0 9914.9449701152 0.643500288 2.122090022816 0.000137728 9917.067060138 0.643638016 0.0
16 13 1 17.811204662982 0.065018751743032 0.064520742013732 2193.9930470377 0.37292192744321 209.0 1.04931640625 16.138673507562 0.26531982421875 4.0806662248354 0.0 0.0 0.112060546875 1.7235112005516
17 9 1 17.911241476289 0.076953833404975 0.07636862002728 2193.9961920815 0.37203742351503 0.20002161982863 1.5715485438985e-06 7.8568933960483e-06 4111.0 9.0739270561329e-06
18 8 1 18.011281099607 0.065103669143301 0.064610114109178 2193.9928826584 0.37207529748072 0.20000004070343 3.1049414341902e-07 1.5524704011407e-06 4.9999989824144
19 5 1 18.111324883117 0.064952134295793 0.064454139518175 2193.9981705268 0.37207991130554 6.3619402985075
20 6 1 18.211362362454 0.076759350982628 0.076166982998389 2193.9935074765 0.37234341290621 1.0 8.0
21 7 1 18.311401694893 0.064897333208422 0.064404039149117 2193.9951969334 0.37292046201339 90.697438730333 9.3025612696669 7.9170426126685
22 7 1 18.411446052004 0.064825399305406 0.064327112743441 2193.9972881443 0.37275684995512 6.7867467219816e-06 6.108509622106e-06 0.90006447453256
23 9 1 18.5114825844 0.076927457731152 0.076332822528172 2193.9962797347 0.37283284675786 0.0 0.0 0.0 0.0 -
24 6 1 18.611530434768 0.064740585207669 0.06422990415412 2193.9930383589 0.37687518374876 0.0 0.0
25 13 1 18.711570860039 0.064462446763346 0.063959854569945 2193.9954443451 0.37421155972761 2.6722851659845 564665608.0 301797284.0 195896.0 13572.0 0.034692390899075 0.0051658892602505 53.447080842933 46.513060876908
26 7 1 18.811604365853 0.076627845046328 0.076044658754293 2193.9957295891 0.37292465935432 53.635009783907 46.364990216093 2.557894073906
27 12 1 18.911643817 0.064861960246476 0.064366008412364 2193.9940343614 0.37263312575394 13475172.0 94.335218875128 2.7402470261604 99.800017394954 9.4853609418503 8.9480360055904 0.25992232112963 9.4663918699408
1 7 1 19.011687606853 0.064686951257683 0.064191206934798 2193.9945838309 0.37230749055267 56.665154212516 43.334845787484 4.1355073634243
2 10 1 19.111724314139 0.07685581833097 0.076270321324391 2193.9946279849 0.37242977262943 9434.627901266 0.725106048 9385.1563572428 0.721303872 18819.784258509 1.44640992
3 5 1 19.211764648794 0.064679215347853 0.064188879456246 2193.9943420287 0.37228493009708 242385.47452229
4 6 1 19.311807913073 0.064459712870883 0.063966193177098 2193.9925651699 0.37236439705544 0.0 0.0
5 7 1 19.411844283267 0.076792175815437 0.076207262377551 2193.9924242709 0.37228724008158 0.1136188031044 0.036196969597501 0.31858256387583
6 8 1 19.511885397222 0.064604963480992 0.064101454251074 2193.9930710503 0.37254275082901 9.3821194347755 26.324578173224 0.51593478288159 99.976314493986
7 7 1 19.611929385524 0.064838346556156 0.064342107015429 2193.9956876001 0.37283077437733 41.0 1.0764068499697e-07 56.390243902439
8 10 1 19.711966781494 0.076633421570762 0.076049847441149 2193.9947999047 0.37267624978148 9899.9011195065 0.758663296 3.7305916157745 0.000285888 9903.6317111222 0.758949184
9 19 1 19.812006487272 0.064725222127517 0.064233091580947 2193.9971774988 0.37291591544072 1.0645141601562 16.446666773256 0.11181640625 1.7275553883725 0.00010814949365812 0.0 0.0 0.00010814949365812 9908.8054226598 0.641349632 3.0988846914243 0.000200576 9911.9043073513 0.641550208 1.0911071203331e-08
10 9 1 19.912049655498 0.064764408221542 0.064267129765433 2193.9992530187 0.37286904445564 0.00010808405715767 0.0 0.0 0.00010808405715767 0.0
11 7 1 20.01208655489 0.07695737650061 0.076373897971148 2193.9942594156 0.37280283253936 361751827.0 542608092.0 542596929.0
12 10 1 20.112127452272 0.064983050750237 0.064490271844352 2193.9925406375 0.37292483680183 102.0 2.6724118841088e-07 60.539215686275 1.0 2.620011651087e-09 119.0
13 9 1 20.212175700445 0.064704432945916 0.064201787742006 2193.9936695213 0.0 0.37426381353764 1.1314697265625 17.486742021343 0.11370849609375 1.7573524860158
14 10 1 20.312208639001 0.07672080282705 0.076138285282989 2193.9940052111 0.37296521094419 9415.4268123132 0.722359104 2.1555561712878 0.000165376 9418.1846562383 0.722570688
15 19 1 20.412249955937 0.064588521161223 0.064094929880596 2193.9938405427 0.37282517232037 1.0648193359375 16.486200903711 0.11163330078125 1.7283767885411 0.0 0.0 0.0 0.0 9905.5837863666 0.639787008 2.639726021508 0.000170496 9908.2235123881 0.639957504 0.0
16 13 1 20.512291861878 0.064696601889016 0.064193443344013 2193.997377811 0.37286789613279 209.0 1.0599365234375 16.383186944745 0.27435302734375 4.2406095425906 0.0 0.0 0.111572265625 1.7245459941837
17 9 1 20.61232872593 0.076740291665367 0.076141440541045 2193.9953760616 0.3729171960261 0.20002358186362 1.7730223990535e-06 8.8640668391909e-06 4139.0 9.1846554564237e-06
18 8 1 20.712368496046 0.064862777605111 0.064365841225371 2193.9982223315 0.37297308089887 0.20000004725749 2.9404661410706e-07 1.4702327231377e-06 4.999998818563
19 5 1 20.812412927462 0.06466252111489 0.064166853815824 2193.9921306894 0.37293602244698 6.2915129151292
20 6 1 20.912449741675 0.076880912690924 0.076297051307778 2193.9911655143 0.3728073196502 1.0 8.0
21 7 1 21.012489684868 0.06469566038611 0.064203194559391 2193.99926511 0.37283031471197 90.646468244817 9.3535317551834 7.8596418820996
22 7 1 21.112533394979 0.064849495980374 0.064352807889177 2193.9974560311 0.37294667674697 7.1594699796236e-06 6.4264557854995e-06 0.89761613691932
23 9 1 21.212570212817 0.076857031682647 0.076270824244615 2193.9924078149 0.37267306199223 0.0 0.0 0.0 0.0 -
24 6 1 21.312609975684 0.064531364051178 0.064039831571902 2193.9942267605 0.37268035529315 0.0 0.0
25 13 1 21.412653898742 0.064891193957034 0.064393711614347 2193.9948555294 0.37281618992738 2.682286947342 568495888.0 304981663.0 101160.0 13584.0 0.017794323958241 0.0050411974131992 53.647118552245 46.330045926383
26 7 1 21.512691006553 0.076987066917102 0.07639382584523 2193.9906107423 0.37262498957853 53.678156095772 46.321843904228 2.555489236853
27 12 1 21.612730343523 0.06511118576179 0.064615774000568 2193.9951258305 0.37278248223807 13347197.0 94.347225114007 2.5435303007815 99.812395066919 9.3589610866494 8.8299200847535 0.23804801107728 9.3414032139658
1 7 1 21.712779161672 0.064929334339458 0.064412757792251 2193.9929575018 0.37459368737032 56.220642024213 43.779357975787 4.3060460712879
2 10 1 21.812812454538 0.077022158968652 0.076438365547698 2193.9916941195 0.37311052052498 9417.5994247996 0.72536384 9389.4741160702 0.723197568 18807.07354087 1.448561408
3 5 1 21.912851497005 0.064927596319655 0.064435344800384 2193.9945222537 0.37284424207616 240272.94645669
4 6 1 22.012895551457 0.065128684667112 0.064629477897062 2193.9961470484 0.37280600505111 0.0 0.0
5 7 1 22.112931945211 0.076927835600942 0.076345464402137 2193.9928208889 0.37279223440082 0.11329133522097 0.03649460970631 0.32213063457261
6 8 1 22.212971988082 0.06469909927305 0.064197236540516 2193.9981479588 0.37291343064766 9.4373610393878 26.829378546863 0.54383457219699 99.976544623758
7 7 1 22.313015717222 0.064871223040231 0.064375702086419 2193.993956031 0.37283080512815 51.0 1.3382464752287e-07 51.823529411765
8 10 1 22.413162720804 0.07697872659684 0.067625166615711 2193.9962535405 0.37243450634642 9029.3962335893 0.695071424 34.965296504535 0.002691584 9064.3615300938 0.697763008
