1 7 2 0.10068058324676 0.10070382525557 0.10070382525557 0.0014233803302526 0.0 997.83999924422 - 1.4144583583868 - 32.991356121066 - 67.008643878934 - 9.5860466386574 -
2 10 2 0.20119115444634 0.007908585576951 0.007908585576951 0.0 0.0 - - - - 0.0 0.0 0.0 0.0 0.0 0.0 0.0 0.0 0.0 0.0 0.0 0.0
3 5 2 0.3016562905486 0.016457960012699 0.016457960012699 0.0 0.0 - - - - - -
4 6 2 0.40216366335646 0.010599215626994 0.010599215626994 0.0 0.0 - - - - 0.0 0.0 0.0 0.0
5 7 2 0.50263267720297 0.0062350785141716 0.0062350785141716 0.0 0.0 - - - - - - - - - -
6 8 2 0.60324348279249 0.0061102669612423 0.0061102669612423 0.0 0.0 - - - - - - - - - - - -
7 7 2 0.7077498715247 8.1918139880449e-05 8.1918139880449e-05 0.0 0.0 - - - - 0.0 0.0 - - - -
8 10 2 0.81071808474746 7.7816662195666e-05 7.7816662195666e-05 0.0 0.0 - - - - 1177.7426249606 0.0 9.1648e-05 0.0 15.626473375874 0.0 1.216e-06 0.0 1193.3690983365 0.0 9.2864e-05 0.0
9 19 2 0.91127775683062 0.0066856051855279 0.0066856051855279 0.0 0.0 - - - - 0.0849609375 0.0 12.70803990698 0.0 0.004638671875 0.0 0.69382976503625 0.0 0.0 0.0 0.0 0.0 0.0 0.0 0.0 0.0 542.61535034297 0.0 0.003627712 0.0 0.77539726863046 0.0 5.184e-06 0.0 543.3907476116 0.0 0.003632896 0.0 0.0 0.0
Running without Marker API. Activate Marker API with -m on commandline.
10 9 2 1.0118260782917 0.0050627859738445 0.0050627859738445 0.0 0.0 - - - - 0.0 0.0 0.0 0.0 0.0 0.0 0.0 0.0 - -
11 7 2 1.1122729841952 0.0057654258045391 0.0057654258045391 0.0025995361219838 0.0026204651618792 997.67305814594 997.67049953558 0.55302623806254 0.54971467020048 8351621.0 8470009.0 12470137.0 12646252.0 12465033.0 12640901.0
12 10 2 1.2127356474543 0.0051546742914804 0.0051546742914804 0.0023468581942394 0.0023455162465384 997.66543052634 997.67121309176 0.55328509847351 0.55233651199132 0.0 0.0 0.0 0.0 - - 0.0 0.0 0.0 0.0 - -
13 9 2 1.3131489163494 0.0040668189302213 0.0040668189302213 0.0018481876205644 0.0018580504606199 997.66521963337 997.66388014669 0.0 0.0 0.55444672038713 0.55249445188801 0.06512451171875 0.0 16.013624613281 0.0 0.00335693359375 0.0 0.8254445676949 0.0
14 10 2 1.4184569193298 7.7529522525597e-05 7.7529522525597e-05 5.2335054534885e-05 5.366160357848e-05 997.94918683716 997.75308887916 0.52563706001692 0.52243004665026 14.03336386653 10.731395897934 1.088e-06 8.32e-07 2.4764759764464 2.4764759764464 1.92e-07 1.92e-07 16.509839842976 13.207871874381 1.28e-06 1.024e-06
15 19 2 1.520874202106 8.2031365302401e-05 8.2031365302401e-05 5.3998109532523e-05 6.0552502758509e-05 997.36081554194 997.74682026587 0.52355232361556 0.51546403676516 0.0 0.0 0.0 0.0 0.0 0.0 0.0 0.0 0.0 0.0 0.0 0.0 0.0 0.0 0.0 0.0 1392.6380425203 0.0 0.00011424 0.0 74.898180438065 0.0 6.144e-06 0.0 1467.5362229583 0.0 0.000120384 0.0 0.0 0.0
16 13 2 1.6213299613317 0.0027451358623677 0.0027451358623677 0.0012592759326916 0.0012675042505557 997.69194554848 997.67768456211 0.55442270059489 0.55312730191363 204.0 204.0 0.0386962890625 0.0 14.096311076248 0.0 0.0032958984375 0.0 1.2006321736868 0.0 0.0 0.0 0.0 0.0 0.00201416015625 0.0 0.73371966169746 0.0
17 9 2 1.7217797187043 0.00087993453701033 0.00087993453701033 0.00041654364611599 0.00041884846280525 997.70272582176 997.72139980621 0.55207357283361 0.54884534946932 0.20406424957426 0.20399795372377 0.0 0.0 0.0 0.0 0.0 0.0 0.0 0.0
18 8 2 1.8221759095826 0.001710831596675 0.001710831596675 0.00078967213643851 0.00079243936575103 997.65702240745 997.68033100822 0.54960415277093 0.55304293185509 0.19952301638236 0.19952252985216 0.00019921599679237 0.00019913027481874 0.00099846123221491 0.00099803403137629 5.0119530975996 5.0119653191095
19 5 2 1.922588288073 0.00061093720275072 0.00061093720275072 0.00028977057597603 0.00029255637425775 997.61627070004 997.67891216148 0.54757071333818 0.54800331197741 5.6984126984127 5.5
20 6 2 2.0249871350332 7.9309426158679e-05 7.9309426158679e-05 5.0722724526281e-05 5.2380797605353e-05 997.72137417679 997.38583306874 0.52561058026244 0.52677941089395 0.0 0.0 - -
21 7 2 2.1258080190706 7.722517259139e-05 7.722517259139e-05 5.3414772158624e-05 5.5525746925506e-05 997.71462598027 997.75504207011 0.5230110864745 0.52050386132351 92.985356837009 93.275693311582 7.014643162991 6.7243066884176 1.3104704577855 1.2557501904037
22 7 2 2.2317682149742 8.1490600687159e-05 8.1490600687159e-05 5.4162965746886e-05 5.543607239132e-05 997.62395525851 997.83547961282 0.52474747917965 0.52452230254672 0.0 3.5632331352176e-06 0.0 3.5632331352176e-06 - 1.0
23 9 2 2.3444467517974 8.0074830011073e-05 8.0074830011073e-05 5.3496294462429e-05 5.4825108014464e-05 997.83046954697 997.68264980663 0.52584506760096 0.52320319489646 0.0 0.0 0.0 0.0 0.0 0.0 0.0 0.0 - -
24 6 2 2.4470620440973 7.7763219796505e-05 7.7763219796505e-05 4.9977701249834e-05 5.1708238598956e-05 997.50721487604 997.84596514771 0.52442484352797 0.5235520704361 0.0 0.0 0.0 0.0
25 13 2 2.5483085035463 7.7330245782962e-05 7.7330245782962e-05 5.3343666593637e-05 5.4721846429643e-05 997.79330039025 997.85957127993 0.52176648046178 0.51900550255368 1.9165661985702 1.9267618456445 471128.0 483300.0 181276.0 186941.0 56122.0 49163.0 1272.0 1420.0 11.912261635904 10.172356714256 0.470785009594 0.48686116283882 38.47701686166 38.68011587006 49.139936492843 50.660666252845
26 7 2 2.6508748978626 7.8193476399922e-05 7.8193476399922e-05 5.359547993206e-05 5.5439695604822e-05 997.92421910631 997.90069655238 0.52210858842112 0.5189811163966 38.722979938819 38.924107507557 61.277020061181 61.075892492443 1.8208617918843 1.8064804523269
27 12 2 2.7529561810289 7.7457964058923e-05 7.7457964058923e-05 5.3177904575899e-05 5.5290238047845e-05 997.86277650466 997.58246697623 0.52122342078395 0.51743942084762 7574.0 7785.0 0.13203063110642 0.11560693641618 0.0 0.0 88.302086083971 88.053949903661 6.4505689173537 6.3769659239843 0.0085167268515364 0.0073722149410223 0.0 0.0 5.6959869183076 5.6151703800786
1 7 2 2.8561627962653 7.7849271117189e-05 7.7849271117189e-05 5.389937696458e-05 5.5253553011132e-05 997.62354733846 997.93991785091 0.51934523809524 0.51995005029066 39.384416304649 40.66180870335 60.615583695351 59.33819129665 2.3822859218652 2.2988155345972
2 10 2 2.9588681788632 7.4905410146441e-05 7.4905410146441e-05 4.8724522279663e-05 5.0539752244406e-05 997.67160567232 997.82617332077 0.5264412137464 0.52644465516509 0.0 0.0 0.0 0.0 0.0 0.0 0.0 0.0 0.0 0.0 0.0 0.0
3 5 2 3.0627457905952 7.5055773506793e-05 7.5055773506793e-05 4.9026607705432e-05 5.0784772057511e-05 997.30595186118 997.46084479522 0.52739532481706 0.52349695141878 285.95470383275 284.53820598007
4 6 2 3.1673286644586 7.9126453876805e-05 7.9126453876805e-05 5.0876258198449e-05 5.2414765231939e-05 997.7784328931 997.67412390889 0.52716445086841 0.52295978309986 0.0 0.0 0.0 0.0
5 7 2 3.2719634381381 7.8586595064939e-05 7.8586595064939e-05 5.0207775307241e-05 5.2443298038271e-05 997.59039034358 997.50062831632 0.52572723909971 0.5239903160848 0.0012187834928343 7.692829830079e-05 0.0 0.0 0.0 0.0
6 8 2 3.3847514041612 7.6012301871442e-05 7.6012301871442e-05 5.2701904902011e-05 5.4574200479417e-05 997.40737698809 997.57018569627 0.52025537736566 0.51980898478953 6.531173462811 6.5344940621914 0.072186654062648 0.017427530518925 0.0 0.0 98.989386843123 98.995012406742
7 7 2 3.4901891661925 7.7232419018395e-05 7.7232419018395e-05 5.0165655450275e-05 5.176530421162e-05 997.87597091088 997.8570386866 0.53096433073999 0.52651532600584 0.0 0.0 0.0 0.0 - -
8 10 2 3.5957809012106 7.6971547646218e-05 7.6971547646218e-05 4.6344071008534e-05 4.8833671586425e-05 997.49430919318 997.59370679117 0.53587532010495 0.53061947599457 896.33120431858 0.0 6.8992e-05 0.0 2.4944282123894 0.0 1.92e-07 0.0 898.82563253097 0.0 6.9184e-05 0.0
9 19 2 3.7003135437479 7.8484239283494e-05 7.8484239283494e-05 5.2752629891045e-05 5.8831023443143e-05 997.6547597958 997.60972987217 0.52609304426378 0.51687941682053 0.0 0.0 0.0 0.0 0.0 0.0 0.0 0.0 0.0 0.0 0.0 0.0 0.0 0.0 0.0 0.0 238.92695108206 0.0 1.8752e-05 0.0 48.927020699398 0.0 3.84e-06 0.0 287.85397178146 0.0 2.2592e-05 0.0 0.0 0.0
10 9 2 3.8069352967701 7.7642747947549e-05 7.7642747947549e-05 5.1638944640721e-05 5.3532526597454e-05 997.5986313271 997.45300656955 0.52597150976123 0.52462472592343 0.0 0.0 0.0 0.0 0.0 0.0 0.0 0.0 - -
11 7 2 3.9104060152851 7.6859228027642e-05 7.6859228027642e-05 5.5026196363852e-05 5.7091428060265e-05 1097.4436591745 1097.7311481769 0.52400113859849 0.5238819554403 187124.0 194184.0 279133.0 289662.0 278851.0 289364.0
12 10 2 4.0107941309264 0.0039305435297703 0.0039305435297703 0.0019693134595591 0.0019710571310571 1097.4373300949 1097.4280545099 0.55369247462251 0.55069083985065 0.0 0.0 0.0 0.0 - - 0.0 0.0 0.0 0.0 - -
13 9 2 4.1112035429108 0.0045047413476061 0.0045047413476061 0.0022410648889839 0.0022520531897335 1097.4362175401 1097.4320364835 0.0 0.0 0.55132226886548 0.55051022260878 0.067138671875 0.0 14.904001516242 0.0 0.00335693359375 0.0 0.74520007581211 0.0
14 10 2 4.2116025888813 0.0035051184815589 0.0035051184815589 0.0017587155334325 0.0017577916139894 1097.4501296124 1097.4292843369 0.55161064004992 0.55363550477601 1.2598718198068 1.8076421762445 4.416e-06 6.336e-06 0.32866221386264 0.80339652277534 1.152e-06 2.816e-06 1.6433110693132 2.6110386990199 5.76e-06 9.152e-06
15 19 2 4.3160951912862 7.6096541585375e-05 7.6096541585375e-05 5.4831901539781e-05 6.1725065228249e-05 1097.2854508094 1097.6138736851 0.52514053716427 0.51637347357094 0.01385498046875 0.0 182.07109258974 0.0 0.0006103515625 0.0 8.0207529775217 0.0 0.0 0.0 0.0 0.0 0.0 0.0 0.0 0.0 15.138664333484 0.0 1.152e-06 0.0 1.6820738148316 0.0 1.28e-07 0.0 16.820738148316 0.0 1.28e-06 0.0 0.0 0.0
16 13 2 4.4165095679789 0.00062132857907576 0.00062132857907576 0.00032232967831269 0.00033666990445382 1097.4465232378 1097.4081579651 0.55128968814946 0.54361739781606 204.0 204.0 0.013916015625 0.0 22.397192232329 0.0 0.001220703125 0.0 1.9646659852921 0.0 0.0 0.0 0.0 0.0 0.00067138671875 0.0 1.0805662919106 0.0
17 9 2 4.5169220895862 0.0026365590233395 0.0026365590233395 0.001327059010896 0.0013298090299443 1097.4178666975 1097.4313818067 0.55105015676045 0.55389845779111 0.20407763342222 0.20406857766355 1.880636384785e-07 0.0 9.215298870573e-07 0.0 0.0 0.0 0.0 0.0
18 8 2 4.6191884546505 7.6880967308657e-05 7.6880967308657e-05 4.9677880332503e-05 5.1899363111211e-05 997.91272386137 997.90019961634 0.5277038761853 0.52490231914728 0.19953429969354 0.19953461314718 0.00019724909674347 0.00019696490818229 0.00098854731766124 0.00098712150777071 5.0116696805304 5.0116618075802
19 5 2 4.7258499199043 7.6705241453787e-05 7.6705241453787e-05 4.9338204066646e-05 5.1588672553374e-05 997.51769943752 997.71863656306 0.52800504071345 0.52393919183091 5.8301886792453 5.4912280701754
20 6 2 4.8261637225308 0.00013110779219319 0.00013110779219319 8.0822570698134e-05 8.2475208956952e-05 1097.3329064233 1097.5554312313 0.534598919748 0.53314127787146 0.0 0.0 - -
21 7 2 4.9266008022793 0.0028788913178278 0.0028788913178278 0.0014452056625882 0.0014513823358066 1097.4489135148 1097.4371060276 0.55332057334629 0.54977269721148 93.928941219533 94.059907071955 6.071058780467 5.9400929280447 1.0539467170082 1.0547785806108
22 7 2 5.0289537576172 7.7056693163526e-05 7.7056693163526e-05 5.1420193125508e-05 5.3406619928243e-05 997.73750495196 997.56235350664 0.52170496684634 0.52322826260583 0.0 0.0 0.0 0.0 - -
23 9 2 5.1300435656188 7.657661737445e-05 7.657661737445e-05 5.5589153161799e-05 5.698092004844e-05 1097.1097191029 1097.198795399 0.52514482770423 0.52374509820247 0.0 0.0 0.0 0.0 0.0 0.0 0.0 0.0 - -
24 6 2 5.2304542258002 0.0016437369290365 0.0016437369290365 0.00075972990005402 0.00076228607718002 997.67177504198 997.66613648188 0.55023328312542 0.55251447337149 0.0 0.0 0.0 0.0
25 13 2 5.3440545905665 8.0279541573962e-05 8.0279541573962e-05 5.5336434020001e-05 5.6586442678357e-05 997.73653914691 997.86596663307 0.52148564209376 0.52053093805723 1.9175983369072 1.9211153975445 488728.0 499768.0 188136.0 192728.0 56319.0 48572.0 1336.0 1384.0 11.523587762518 9.7189095740424 0.46651716292089 0.48862672279938 38.49503200144 38.563493460966 49.51486307312 51.228970242192
26 7 2 5.4450161739481 7.6701618240285e-05 7.6701618240285e-05 5.7511267924865e-05 5.8927491502647e-05 1097.0463967861 1097.2039249619 0.52047315741583 0.52188021434989 38.801738801739 38.712330241102 61.198261198261 61.287669758898 1.8045699424113 1.8057927036391
27 12 2 5.5454083946902 0.0035473352594862 0.0035473352594862 0.0017795888664203 0.0017775354101677 1097.4358989315 1097.4339288708 0.55000376532269 0.55112630108502 231804.0 231851.0 0.017255957619368 0.03234836166331 0.0 0.0 99.223481907128 99.347425717379 5.8993638824169 5.9073765068077 0.0010179917313622 0.0019109395172355 0.0 0.0 5.8535542545056 5.8688264869466
1 7 2 5.6531541265123 7.6293100917883e-05 7.6293100917883e-05 5.2764405334928e-05 5.4917952860465e-05 997.52145295242 997.659184833 0.52017931213081 0.51563822232428 39.3346094092 39.719441191509 60.6653905908 60.280558808491 2.3778555327524 2.3662231717976
2 10 2 5.7535340518794 0.0035078540077533 0.0035078540077533 0.0017587825628823 0.0017613237942526 1097.4273418295 1097.4364770417 0.55374090042384 0.55158375295703 0.0 0.018244772974743 0.0 6.4e-08 0.0 0.0 0.0 0.0 0.0 0.018244772974743 0.0 6.4e-08
3 5 2 5.853901638393 0.00297534307287 0.00297534307287 0.0014960923375255 0.001498559293019 1097.4353463221 1097.4523410792 0.55437885332732 0.55424405595647 286.98048662973 287.0392015392
4 6 2 5.9542968011845 0.0035189211133965 0.0035189211133965 0.001766245476894 0.0017687835379525 1097.4319782019 1097.4262520498 0.55085928326367 0.55335699059259 0.0 0.0 0.0 0.0
5 7 2 6.054665723758 0.0024640315601896 0.0024640315601896 0.0012355977795512 0.001241934779967 1097.4471266328 1097.4286071661 0.55075091358427 0.54970739249659 0.00011365549585894 1.844270223275e-05 8.0749908247917e-07 6.013924641114e-07 0.0071047957371226 0.032608695652174
6 8 2 6.1550820959355 0.00296463104215 0.00296463104215 0.0014916706583474 0.0014909247292676 1097.4428544386 1097.4425796342 0.55263021455117 0.5510591177534 6.0353669222543 5.9537251449678 0.006558201303989 0.0023086697536011 0.0 0.0 99.936087899329 99.936936863046
7 7 2 6.262760521132 7.5556682773508e-05 7.5556682773508e-05 5.2883518478822e-05 5.4950108880299e-05 1097.2453362978 1097.5785263305 0.52599666651651 0.52484978522207 0.0 0.0 0.0 0.0 - -
8 10 2 6.3630727376968 0.0023015159417504 0.0023015159417504 0.0011555147973092 0.0011585053071538 1097.4297774738 1097.4180434073 0.55133644078235 0.55121316104542 551.48347094859 0.0 0.001269248 0.0 1.668465523241 0.0 3.84e-06 0.0 553.15193647183 0.0 0.001273088 0.0
9 19 2 6.4634976054042 0.0040366746996843 0.0040366746996843 0.0020189772999393 0.002031181188819 1097.4270481768 1097.4414491249 0.55311874070897 0.55028382184212 0.052734375 0.0 13.063815869068 0.0 0.002685546875 0.0 0.66528691925808 0.0 0.0 0.0 0.0 0.0 0.0 0.0 0.0 0.0 542.19677403562 0.0 0.002188672 0.0 1.3476438912518 0.0 5.44e-06 0.0 543.54441792687 0.0 0.002194112 0.0 0.0 0.0
10 9 2 6.5638985037426 0.0037884610238781 0.0037884610238781 0.0019000924184959 0.0018985099799987 1097.4441139196 1097.4392087523 0.55352124810457 0.55190089305945 0.0 0.0 0.0 0.0 0.0 0.0 0.0 0.0 - -
11 7 2 6.6643016593431 0.0013181866668238 0.0013181866668238 0.00067407849156045 0.00067715233531562 1097.464439503 1097.4450086759 0.54874640616278 0.54835178175398 2183221.0 2194635.0 3259316.0 3276521.0 3257625.0 3274829.0
12 10 2 6.7647830401231 0.0024977944752123 0.0024977944752123 0.0011419676020235 0.0011495351363251 997.66402064884 997.66323919526 0.55389404595869 0.55282461203376 0.0 0.0 0.0 0.0 - - 0.0 0.0 0.0 0.0 - -
13 9 2 6.8805089259527 8.0015952791659e-05 8.0015952791659e-05 4.7543354677855e-05 5.6561985987215e-05 997.77526694337 997.76672393785 0.0 0.0 0.53594220656558 0.52134853974986 0.0 0.0 0.0 0.0 0.0 0.0 0.0 0.0
14 10 2 6.9809223289067 0.0020309597198813 0.0020309597198813 0.0010283390975688 0.0010312281574354 1097.4541939068 1097.4431755595 0.55017677665322 0.5523236450407 0.59873171688066 0.25209756500238 1.216e-06 5.12e-07 0.12604878250119 0.063024391250595 2.56e-07 1.28e-07 0.72478049938185 0.31512195625298 1.472e-06 6.4e-07
15 19 2 7.0813719232347 0.0049309399519002 0.0049309399519002 0.0024676149183585 0.0024723196610915 1097.4296765723 1097.4312994281 0.55268062156353 0.55082113441721 0.0653076171875 0.0 13.24445599106 0.0 0.0032958984375 0.0 0.66841179767965 0.0 0.0 0.0 0.0 0.0 0.0 0.0 0.0 0.0 537.88689902377 0.0 0.002652288 0.0 0.3634195543812 0.0 1.792e-06 0.0 538.25031857815 0.0 0.00265408 0.0 0.0 0.0
16 13 2 7.1817805100322 0.0034790675764762 0.0034790675764762 0.0017409137796914 0.0017553174120688 1097.4426612621 1097.4490803604 0.5540330184804 0.55036533976136 204.0 204.0 0.041259765625 0.0 11.859432080014 0.0 0.0072021484375 0.0 2.0701375524285 0.0 0.0 0.0 0.0 0.0 0.0020751953125 0.0 0.5964803117167 0.0
17 9 2 7.2821810351797 0.004313343282732 0.004313343282732 0.0021561874894748 0.0021628120824624 1097.4422706191 1097.4304603979 0.55381208798495 0.55147011357814 0.20406201615314 0.20403981707491 0.0 2.309601904313e-07 0.0 1.1319368628257e-06 44.0 0.0 5.1183799862036e-06 0.0
18 8 2 7.3825520891085 0.0043407655741253 0.0043407655741253 0.0021720059867249 0.0021703750877471 1097.4298644819 1097.4429465512 0.55409385390149 0.55457304869103 0.19952275718929 0.1995228418959 0.00019895708130655 0.0001990473270895 0.00099716485532423 0.0009976167400089 5.0119596084535 5.0119574806465
19 5 2 7.4829105125151 0.0040021536272362 0.0040021536272362 0.0020002344164909 0.0020063793865911 1097.4493834981 1097.4348277873 0.55125838061242 0.55077182937773 5.6542750929368 5.5308641975309
20 6 2 7.5832971408272 0.0046346534793434 0.0046346534793434 0.0023179354395542 0.0023167062643735 1097.4440977184 1097.4406440282 0.55161218840387 0.55153944164531 0.0 0.0 - -
21 7 2 7.6837178780712 0.003837675132882 0.003837675132882 0.0019253475753132 0.0019280396229456 1097.4378850131 1097.4141815872 0.55378510448495 0.55400054344884 94.056367965472 94.045193397731 5.9436320345282 5.9548066022689 1.0451399947882 1.0449943525183
22 7 2 7.7841304938821 0.0043736244973791 0.0043736244973791 0.0021868158719163 0.0021924939003764 1097.441509579 1097.4329092533 0.55404663122006 0.55037095237733 9.5543379082688e-08 1.8932737002605e-07 9.5543379082688e-08 0.0 1.0 0.0
23 9 2 7.8845407527927 0.0037531274458022 0.0037531274458022 0.0018822671138671 0.0018803830428458 1097.4354932086 1097.4357941154 0.55185460098261 0.55066439443465 0.0 0.0 0.0 0.0 0.0 0.0 0.0 0.0 - -
24 6 2 7.9849287144474 0.0039035252266824 0.0039035252266824 0.0019552703369251 0.0019575362040693 1097.436267364 1097.4294243617 0.55224008513069 0.55213712161219 0.0 0.0 0.0 0.0
25 13 2 8.0853535422994 0.0027942820361184 0.0027942820361184 0.0014032275638502 0.0014092393808542 1097.4659425876 1097.4220951881 0.55086559882513 0.55258175125342 1.8153248308349 1.8096869788619 12393220.0 12446316.0 4507308.0 4512565.0 1178660.0 949552.0 25148.0 25624.0 9.5105226890187 7.6291811970707 0.3500462349575 0.35429760902744 36.369143773773 36.256230357642 53.770287302251 55.76029083626
26 7 2 8.1857870042692 0.0032337687759328 0.0032337687759328 0.0016252277428691 0.0016232938526621 1097.442217417 1097.4508964285 0.54979493450146 0.54998825358327 36.613684130152 36.597290112627 63.386315869848 63.402709887373 1.908998360913 1.9099546062358
27 12 2 8.2862289536167 0.0029404460920211 0.0029404460920211 0.0014820333633325 0.0014846407183492 1097.437522904 1097.4512960092 0.55040548227783 0.54987631379376 192653.0 192935.0 0.0077860194235231 0.0051830927514448 0.0 0.0 99.424353630621 99.395133075906 5.8873754815792 5.8856385964398 0.00045839219853149 0.00030505810746831 0.0 0.0 5.8534850183678 5.8500383152983
1 7 2 8.3896061080778 8.0272295146957e-05 8.0272295146957e-05 5.5430637571066e-05 5.6247219314187e-05 997.73765420347 997.8611832091 0.52311466721376 0.5213899477741 40.367677097802 40.557841424235 59.632322902198 59.442158575765 2.3080863982796 2.2954912935323
2 10 2 8.4899967237364 0.0023287190287268 0.0023287190287268 0.0011749628486855 0.0011772835169338 1097.4313690922 1097.432474425 0.5505968424779 0.55321371337605 0.054965841057253 0.0 1.28e-07 0.0 0.0 0.0 0.0 0.0 0.054965841057253 0.0 1.28e-07 0.0
3 5 2 8.5923337170072 8.1313969028914e-05 8.1313969028914e-05 5.1599995095569e-05 5.336993489153e-05 997.93761314847 997.58039166268 0.53178122345341 0.53036883678016 291.37755102041 288.44155844156
4 6 2 8.692938749006 7.381935189908e-05 7.381935189908e-05 5.2311503647118e-05 5.3699194418568e-05 1097.8426926198 1097.834988236 0.52947081797679 0.5263281721652 0.0 0.0 0.0 0.0
5 7 2 8.7932896180124 0.0042136904185604 0.0042136904185604 0.0021047120423434 0.0021113869074183 1097.447115534 1097.4180750685 0.55408310271238 0.5529365089249 8.6441872490727e-05 1.1979336238026e-05 9.5384135162181e-07 5.9303644742702e-07 0.011034482758621 0.04950495049505
6 8 2 8.8937088824201 0.0038032129376534 0.0038032129376534 0.0019082215508904 0.001906871450959 1097.4265327437 1097.4242435747 0.55405711412225 0.55382759054771 5.9735496249517 5.9584694168622 0.0039873506048906 0.003348895802551 0.0 0.0 99.953504643839 99.954255508399
7 7 2 8.994098952785 0.0031532609719082 0.0031532609719082 0.0015847075346641 0.0015870784749998 1097.4484549865 1097.4410504065 0.55364204920707 0.55064694134967 0.0 0.0 0.0 0.0 - -
8 10 2 9.0944146258955 0.0030725194706127 0.0030725194706127 0.0015409468148828 0.0015438358747493 1097.4333381221 1097.4260175354 0.55397580596184 0.5510089214937 536.78423058817 0.0 0.00164928 0.0 0.12497886626034 0.0 3.84e-07 0.0 536.90920945443 0.0 0.001649664 0.0
9 19 2 9.1947979951271 0.0027448161137761 0.0027448161137761 0.0013807708865618 0.0013880816256064 1097.4112425057 1097.427901104 0.55122096039109 0.55255422169394 0.040283203125 0.0 14.676102680548 0.0 0.001953125 0.0 0.71156861481443 0.0 0.0 0.0 0.0 0.0 0.0 0.0 0.0 0.0 555.05357621355 0.0 0.00152352 0.0 1.5855342651763 0.0 4.352e-06 0.0 556.63911047872 0.0 0.001527872 0.0 0.0 0.0
10 9 2 9.2951969568579 0.0032279100396993 0.0032279100396993 0.0016175021458784 0.0016233808097862 1097.4276130509 1097.4256790828 0.55447447559342 0.55339290494839 0.0 0.0 0.0 0.0 0.0 0.0 0.0 0.0 - -
11 7 2 9.3955957066308 0.0030091114227129 0.0030091114227129 0.0015117803990895 0.0015107473303396 1097.4431778308 1097.4298958791 0.55240822220725 0.55142807785804 4862030.0 4867460.0 7260169.0 7268082.0 7257273.0 7265198.0
12 10 2 9.4960190725162 0.0030915467763208 0.0030915467763208 0.0015544559664268 0.0015569442082996 1097.4378746195 1097.4254391826 0.55235905466902 0.55275645093887 0.0 0.0 0.0 0.0 - - 0.0 0.0 0.0 0.0 - -
13 9 2 9.5963934181345 0.0030814180829747 0.0030814180829747 0.0015385355662969 0.0015522018747266 1097.4417455203 1097.4548327321 0.0 0.0 0.55457716846344 0.55179181424503 0.0390625 0.0 12.676793264707 0.0 0.001953125 0.0 0.63383966323535 0.0
14 10 2 9.6967981534561 0.0033661990410544 0.0033661990410544 0.001689966415928 0.0016881013667776 1097.4150739111 1097.4277523342 0.55431060569035 0.55455801721475 1.6160660536271 2.0913795988115 5.44e-06 7.04e-06 0.38025083614754 0.81753929771722 1.28e-06 2.752e-06 2.0343419733894 2.9089188965287 6.848e-06 9.792e-06
15 19 2 9.7972427568074 0.0039722086734418 0.0039722086734418 0.0019903684061237 0.0019982959972671 1097.4335271544 1097.4312062048 0.55076407858149 0.55029815980547 0.05242919921875 0.0 13.199004264124 0.0 0.00262451171875 0.0 0.66071849052078 0.0 0.0 0.0 0.0 0.0 0.0 0.0 0.0 0.0 544.69645929384 0.0 0.002163648 0.0 1.1439479578153 0.0 4.544e-06 0.0 545.84040725165 0.0 0.002168192 0.0 0.0 0.0
16 13 2 9.8993899453215 7.9047648983127e-05 7.9047648983127e-05 4.7631670506978e-05 5.9769435740286e-05 997.65316862266 997.87588576016 0.53139779295849 0.51556017408018 203.0 203.0 0.0 0.0 0.0 0.0 0.00042724609375 0.0 5.4049184162479 0.0 0.0 0.0 0.0 0.0 0.0 0.0 0.0 0.0
17 9 2 10.00391405972 7.7373724344991e-05 7.7373724344991e-05 5.5174295215765e-05 5.7000394821015e-05 1097.5059114363 1097.5737928015 0.52562680945252 0.52559792527135 0.20438453805298 0.2045328310775 0.0 0.0 0.0 0.0 0.0 0.0 0.0 0.0
18 8 2 10.104297097427 0.0035182653117526 0.0035182653117526 0.0017637196441811 0.0017619700849611 1097.4324435212 1097.4262489683 0.55239288650534 0.55258980820302 0.19952305111115 0.19952306070657 0.00019901239919589 0.00019913898665527 0.00099744063699701 0.00099807503929654 5.0119522252239 5.0119519841903
19 5 2 10.204676685836 0.0034837886236699 0.0034837886236699 0.0017465990545785 0.0017489840348665 1097.4364146723 1097.4385216312 0.55205553674714 0.55209680640706 5.5223562810504 5.631914893617
20 6 2 10.305038864703 0.0036559039462839 0.0036559039462839 0.0018277934575623 0.001834069769152 1097.4312708367 1097.4320389083 0.55089582988944 0.55101999162911 0.0 0.0 - -
21 7 2 10.405455694311 0.0036212134886047 0.0036212134886047 0.0018177802541465 0.001816611767792 1097.4374732482 1097.4447051972 0.55301685754208 0.55339359374004 93.987065577279 94.006633174198 6.012934422721 5.993366825802 1.0577255156334 1.0503740147159
22 7 2 10.505893393629 0.0021785929888592 0.0021785929888592 0.0011022173266878 0.0011042440617407 1097.4388678923 1097.4360593219 0.5531928483688 0.55017664112877 3.7852792760123e-07 0.0 3.7852792760123e-07 0.0 1.0 -
23 9 2 10.606291561876 0.0031628733573302 0.0031628733573302 0.0015906373764626 0.0015933756200671 1097.4245596175 1097.4419811466 0.55387332506333 0.55422441956194 0.0 0.0 0.0 0.0 0.0 0.0 0.0 0.0 - -
24 6 2 10.706683494573 0.0039785003836888 0.0039785003836888 0.0019916917848555 0.0019943956079317 1097.4324017594 1097.4387650262 0.55062597413265 0.55066137963116 0.0 0.0 0.0 0.0
25 13 2 10.807111911218 0.0035082543728453 0.0035082543728453 0.0017578803827202 0.0017643161157039 1097.4459156155 1097.429887445 0.55120885769002 0.55303924471966 1.8141943585427 1.8081899423013 15525492.0 15582332.0 5642818.0 5644738.0 1443951.0 1171050.0 32036.0 31848.0 9.3005168531857 7.5152422628397 0.35562158030161 0.35067921797585 36.345501965413 36.225245361221 53.9983596011 55.908833157964
26 7 2 10.907536379466 0.0039978320393312 0.0039978320393312 0.0020048553724116 0.002003862611912 1097.4508203031 1097.4402016831 0.55104569082466 0.55295089951261 36.516132821589 36.390908075899 63.483867178411 63.609091924101 1.9248415391423 1.9331053852394
27 12 2 11.007975324264 0.0036220649437777 0.0036220649437777 0.0018188645007872 0.0018209256563684 1097.4169100846 1097.4359759611 0.55399653037002 0.55237480267795 240761.0 239617.0 0.012875839525505 0.0091813185208061 0.0 0.0 99.386528549059 99.348543717683 5.9950075011983 5.9597679536464 0.00077190754539626 0.00054718527892521 0.0 0.0 5.9582298416967 5.9209426709009
1 7 2 11.108407307963 0.0041584454706816 0.0041584454706816 0.0020813214817747 0.0020874433538889 1097.4532830811 1097.4271379423 0.55260059306076 0.55203567393956 36.451735883988 36.496448395036 63.548264116012 63.503551604964 2.4270277817253 2.4235212485137
2 10 2 11.208782233295 0.0037495785081765 0.0037495785081765 0.0018781715239042 0.0018768105543323 1097.4262783523 1097.4418157397 0.55382218497109 0.55147984415255 0.10241151083052 0.13654868110736 3.84e-07 5.12e-07 0.01706858513842 0.01706858513842 6.4e-08 6.4e-08 0.11948009596894 0.15361726624578 4.48e-07 5.76e-07
3 5 2 11.309157470224 0.0043479558413209 0.0043479558413209 0.0021757990383603 0.0021778239618065 1097.431472509 1097.4395783669 0.5546103091441 0.55279350516759 287.16466296327 287.04374019972
4 6 2 11.409569679329 0.0023265043394734 0.0023265043394734 0.001067834842156 0.0010704340449423 997.67128684343 997.67227897036 0.5533322256189 0.55343687874509 0.0 0.0 0.0 0.0
5 7 2 11.515256906856 7.6699806633534e-05 7.6699806633534e-05 5.3397561894487e-05 5.539666994448e-05 1098.0226620967 1097.3980061469 0.52800082401465 0.52681336382705 0.0014644173455084 6.4605326063081e-05 4.478340506142e-06 0.0 0.0030581039755352 0.0
6 8 2 11.61580821928 0.0042491381278617 0.0042491381278617 0.0019590239861137 0.0019567739705287 1012.0118243777 1012.9231482062 0.55309677651169 0.55338239989835 6.0255531447846 6.0065820674191 0.057473190929593 0.051174312763235 0.046838569920899 0.045411126929655 99.891087609626 99.908437095752
7 7 2 11.716189039581 0.0037825062724868 0.0037825062724868 0.0018948455524426 0.0018971752787247 1097.439909173 1097.4338445839 0.55473363758589 0.55472988506356 0.0 0.0 0.0 0.0 - -
8 10 2 11.816505238058 0.0042859372957994 0.0042859372957994 0.0021376520349995 0.0021443581502909 1097.4315768915 1097.4402219874 0.5546612242941 0.55131913656854 435.28401636404 0.0 0.0018656 0.0 0.17919067569017 0.0 7.68e-07 0.0 435.46320703973 0.0 0.001866368 0.0
9 19 2 11.916941323234 0.0021767179758717 0.0021767179758717 0.0011005003763893 0.0011086449074412 1097.4408260821 1097.4258320605 0.5503604120872 0.5516866092654 0.02685546875 0.0 12.337596807526 0.0 0.00128173828125 0.0 0.58883984763194 0.0 0.0 0.0 0.0 0.0 0.0 0.0 0.0 0.0 444.76501353479 0.0 0.000968128 0.0 0.11760825372772 0.0 2.56e-07 0.0 444.88262178852 0.0 0.000968384 0.0 0.0 0.0
10 9 2 12.017342784982 0.0036818678942426 0.0036818678942426 0.0018458175860321 0.0018485703224906 1097.4352670954 1097.4465771373 0.55359687320784 0.55371817075067 0.0 0.0 0.0 0.0 0.0 0.0 0.0 0.0 - -
11 7 2 12.117741770264 0.0032114479691509 0.0032114479691509 0.001608168747896 0.0016146271259642 1097.4038724562 1097.4300691979 0.55145078371191 0.55343557014588 5181333.0 5183323.0 7736727.0 7739606.0 7733538.0 7736561.0
12 10 2 12.218173384395 0.0041725325247792 0.0041725325247792 0.0020915425670652 0.0020908881241263 1097.4373302248 1097.4308010104 0.55163539004654 0.55377588232429 0.0 0.0 0.0 0.0 - - 0.0 0.0 0.0 0.0 - -
13 9 2 12.318560639523 0.0042857126565622 0.0042857126565622 0.0021414283292724 0.0021508708765616 1097.4352331738 1097.424108789 0.0 0.0 0.55491044896633 0.55410507775351 0.05279541015625 0.0 12.318933719322 0.0 0.00250244140625 0.0 0.583903216754 0.0
14 10 2 12.418983532579 0.0040327797451691 0.0040327797451691 0.0020203255882639 0.0020188423352363 1097.4169751923 1097.4212278558 0.55024251707586 0.55108979235227 1.2219859033718 1.6980843072829 4.928e-06 6.848e-06 0.38087872312887 0.6982776590696 1.536e-06 2.816e-06 1.6346045200947 2.3963619663525 6.592e-06 9.664e-06
15 19 2 12.519430373265 0.0045606076766005 0.0045606076766005 0.0022826697967312 0.0022906372432231 1097.4257835245 1097.4131147822 0.5509111003433 0.55094318000719 0.06536865234375 0.0 14.333320684246 0.0 0.003173828125 0.0 0.69592219942186 0.0 0.0 0.0 0.0 0.0 0.0 0.0 0.0 0.0 432.30730196675 0.0 0.001971584 0.0 0.0 0.0 0.0 0.0 432.30730196675 0.0 0.001971584 0.0 0.0 0.0
16 13 2 12.619857948418 0.0026193342663489 0.0026193342663489 0.0012126089427796 0.0012298871421696 1021.5523021097 1023.0319995805 0.55435313955219 0.55256188203427 204.0 204.0 0.02630615234375 0.0 10.043068073331 0.0 0.0035400390625 0.0 1.3515033602162 0.0 0.0 0.0 0.0 0.0 0.0013427734375 0.0 0.51263920559926 0.0
17 9 2 12.720263077764 0.0041665034975111 0.0041665034975111 0.0020871199820838 0.0020859637240748 1097.4204454681 1097.4331672604 0.55196899803818 0.55112844430149 0.20410794679198 0.20410645361393 1.1977638706746e-07 0.0 5.8682863136892e-07 0.0 0.0 47.0 0.0 5.6240331449402e-06
18 8 2 12.820636649827 0.0034126975515382 0.0034126975515382 0.001711316654393 0.0017134484626376 1097.4143626158 1097.4400874138 0.55432364731296 0.55273028395292 0.19952292407055 0.19952281264414 0.00019892833958652 0.00019898633846291 0.00099701996907473 0.00099731121382001 5.0119554164433 5.0119582154427
19 5 2 12.921002654807 0.003537276313 0.003537276313 0.0017691531057298 0.0017751146506464 1097.4242642919 1097.4353365548 0.55234728965059 0.55380642958867 5.6297335203366 5.552207428171
20 6 2 13.026589361711 7.8402716979689e-05 7.8402716979689e-05 5.0465929269293e-05 5.5313788935611e-05 997.48357936962 997.6676980479 0.53231801114052 0.52441925372493 0.0 0.0 - -
21 7 2 13.127009037353 0.0012703222048495 0.0012703222048495 0.00064921826501487 0.00064829932749031 1097.4161122199 1097.4380922336 0.54902282207499 0.55011437056987 93.996919350608 93.970735660369 6.003080649392 6.0292643396312 1.0665575964899 1.0648627973547
22 7 2 13.227414365976 0.0030505392459 0.0030505392459 0.0015323308131739 0.0015346849961471 1097.4327898283 1097.4131742109 0.55301727392879 0.55144291224315 0.0 0.0 0.0 0.0 - -
23 9 2 13.327813809594 0.0034881962628957 0.0034881962628957 0.0017462331100148 0.0017522326986732 1097.4276925823 1097.4367837507 0.55297280955329 0.55253403689289 0.0 0.0 0.0 0.0 0.0 0.0 0.0 0.0 - -
24 6 2 13.428186084546 0.003137190208418 0.003137190208418 0.0015741091822676 0.0015721263786784 1097.4231764301 1097.441339249 0.5519373337729 0.55211114779943 0.0 0.0 0.0 0.0
25 13 2 13.528612363495 0.0030186585902919 0.0030186585902919 0.0015189851591392 0.0015212310986091 1097.4415298824 1097.41834059 0.55152830205744 0.55190687208764 1.8131435798844 1.8118998885037 13415584.0 13435420.0 4873211.0 4877078.0 1242287.0 1012982.0 27692.0 27808.0 9.2600292316756 7.539637763464 0.35691327339906 0.3603311247434 36.32500083485 36.300152879478 54.058056660075 55.799878232314
26 7 2 13.629046898842 0.0034708555630729 0.0034708555630729 0.0017392276267077 0.0017457820199337 1097.4241338611 1097.430534581 0.55284309396735 0.55037488047388 36.399129417622 36.561668214577 63.600870582378 63.438331785423 1.932994757536 1.9222268076894
27 12 2 13.729497860027 0.0026941074292025 0.0026941074292025 0.0013595981855584 0.0013622232037409 1097.4383694493 1097.4175558823 0.55050973973043 0.55366093272924 177756.0 181198.0 0.0084385337203807 0.0038631772977627 0.0 0.0 99.310290510588 99.316217618296 5.9213077270541 6.0243343236579 0.00049967154923497 0.00023273071593288 0.0 0.0 5.8804679057633 5.9831409869378
1 7 2 13.829940794889 0.0033819002367673 0.0033819002367673 0.0016987649370171 0.0017018088892608 1097.4399217564 1097.4263138986 0.55087641535925 0.55111804170146 36.51273965587 36.467949482218 63.48726034413 63.532050517782 2.4238362062385 2.4250150594607
2 10 2 13.930314586155 0.0037216525901063 0.0037216525901063 0.0018601016523639 0.0018666596688034 1097.4319317137 1097.452196593 0.55097312637053 0.55110203532594 0.068786646201355 0.068786646201355 2.56e-07 2.56e-07 0.0 0.017196661550339 0.0 6.4e-08 0.068786646201355 0.085983307751694 2.56e-07 3.2e-07
3 5 2 14.030682927203 0.0036810454247775 0.0036810454247775 0.0018442324301248 0.0018469050029845 1097.4285930413 1097.4292067429 0.55377693654253 0.55096452007464 287.09247143834 287.20933618012
4 6 2 14.131048750118 0.0029039005490285 0.0029039005490285 0.0014545168683879 0.0014600096600577 1097.4426567865 1097.4306032417 0.55353855731683 0.55061649909679 0.0 0.0 0.0 0.0
5 7 2 14.23141207392 0.0037816756507914 0.0037816756507914 0.0018940221771742 0.001893119997012 1097.4308169175 1097.4360600704 0.55367462620093 0.55449821584702 8.0099328463118e-05 3.1704714756396e-05 0.0 1.5918685233337e-06 0.0 0.050209205020921
6 8 2 14.331830162595 0.0039684459662195 0.0039684459662195 0.001990347572646 0.0019932379912176 1097.4334589094 1097.428536728 0.55392129367796 0.55322064961683 5.9831290587639 5.9598881082399 0.00364078470743 0.0023630783549066 0.0 0.0 99.951054200589 99.949966360216
7 7 2 14.432209744663 0.0037718177926546 0.0037718177926546 0.001885200558099 0.001891762197752 1097.4191652295 1097.4292929328 0.55400656796529 0.55196443097865 0.0 0.0 0.0 0.0 - -
8 10 2 14.533597697846 7.8543116502909e-05 7.8543116502909e-05 4.6896158165974e-05 4.9207768380556e-05 997.626168843 997.54473531089 0.53419661051926 0.53128545162931 220.00654887892 0.0 1.728e-05 0.0 48.075505125394 0.0 3.776e-06 0.0 268.08205400431 0.0 2.1056e-05 0.0
9 19 2 14.63472997625 0.00011301165235517 0.00011301165235517 6.9032181059376e-05 8.0275012557571e-05 1097.5405524984 1096.9248413495 0.53671230175498 0.52065329142555 0.0 0.0 0.0 0.0 0.0 0.0 0.0 0.0 0.0 0.0 0.0 0.0 0.0 0.0 0.0 0.0 1235.1292728764 0.0 0.000139584 0.0 53.799762000577 0.0 6.08e-06 0.0 1288.929034877 0.0 0.000145664 0.0 0.0 0.0
10 9 2 14.735131153576 0.0034733211598613 0.0034733211598613 0.0017429984861604 0.001741604907667 1097.4252201157 1097.4344646278 0.5522731802855 0.55111209521332 0.0 0.0 0.0 0.0 0.0 0.0 0.0 0.0 - -
11 7 2 14.835528541021 0.0041423058661349 0.0041423058661349 0.0020751982509555 0.0020779840492373 1097.4350553934 1097.429765775 0.55125955183451 0.55058309050146 6689292.0 6706173.0 9987300.0 10012787.0 9982471.0 10008153.0
12 10 2 14.935952963073 0.0046179577115241 0.0046179577115241 0.0023095146384727 0.0023161138689658 1097.4282793419 1097.4347117828 0.55446632415282 0.55303608129525 0.0 0.0 0.0 0.0 - - 0.0 0.0 0.0 0.0 - -
13 9 2 15.036331203646 0.0039337156531917 0.0039337156531917 0.0019660729479828 0.0019718202704011 1097.4318675462 1097.4378464471 0.0 0.0 0.55180236464628 0.55185757552481 0.052001953125 0.0 13.219550600412 0.0 0.00244140625 0.0 0.6206361784231 0.0
14 10 2 15.136738958916 0.0045684301945523 0.0045684301945523 0.002287664849446 0.0022898727451741 1097.4277258109 1097.4238769076 0.55248065792849 0.55187573200429 1.1487534615847 0.91059725613422 5.248e-06 4.16e-06 0.36423890245369 0.30820214823004 1.664e-06 1.408e-06 1.5270015525943 1.2187994043643 6.976e-06 5.568e-06
15 19 2 15.237182411897 0.0034210816675829 0.0034210816675829 0.0017129317018118 0.0017245228147079 1097.4274502121 1097.4366467003 0.55161431465463 0.55217574401292 0.0528564453125 0.0 15.450214420004 0.0 0.0025634765625 0.0 0.74931755847594 0.0 0.0 0.0 0.0 0.0 0.0 0.0 0.0 0.0 467.33289507514 0.0 0.001598784 0.0 0.037415067056974 0.0 1.28e-07 0.0 467.3703101422 0.0 0.001598912 0.0 0.0 0.0
16 13 2 15.337582596462 0.0045774719238476 0.0045774719238476 0.0022867259842472 0.0022961612851094 1097.424398415 1097.4303550456 0.55199961254408 0.55070017574998 203.0 203.0 0.0657958984375 0.0 14.373850791901 0.0 0.00689697265625 0.0 1.506720908613 0.0 0.0 0.0 0.0 0.0 0.003173828125 0.0 0.69335829422897 0.0
17 9 2 15.437996536558 0.0040821786380616 0.0040821786380616 0.0020355906396515 0.002047968895681 1097.4181765615 1097.4260722548 0.55143092459809 0.55308647169848 0.20405795373139 0.20401818700649 0.0 1.2231328174241e-07 0.0 5.9952146196906e-07 45.0 0.0 5.5209921001964e-06 0.0
18 8 2 15.538384003644 0.0038643510422939 0.0038643510422939 0.0019317796850835 0.0019377688570031 1097.4447450949 1097.4235562485 0.55154654772314 0.553106762681 0.19952303108406 0.19952279823236 0.00019887713298311 0.00019895257094812 0.00099676278925078 0.00099714204447163 5.0119527282979 5.0119585774625
19 5 2 15.638713658735 0.0035688326909996 0.0035688326909996 0.0017889498914056 0.0017911247253105 1097.4360324973 1097.4362223328 0.55350858791743 0.55110195977661 5.6157053509382 5.6272475795297
20 6 2 15.739074616579 0.0033897970305959 0.0033897970305959 0.0016954795881737 0.0017017876028815 1097.4313802271 1097.4392970006 0.55419314753903 0.55406395344208 0.0 0.0 - -
21 7 2 15.839494150916 0.0039615174761994 0.0039615174761994 0.0019868869508495 0.0019858235376865 1097.4322983702 1097.4283087316 0.55119740823828 0.55343312292447 94.07567695217 94.005885964456 5.9243230478302 5.9941140355439 1.0514389973542 1.0489090742197
22 7 2 15.939897013037 0.0033212222802416 0.0033212222802416 0.0016669146258218 0.0016695129228048 1097.4272102458 1097.4199067055 0.55280880920092 0.55234055471114 0.0 1.2476019530959e-07 0.0 0.0 - 0.0
23 9 2 16.040352946177 0.0030795122726724 0.0030795122726724 0.0014033579995363 0.0014096882064268 997.66188478861 997.66497367136 0.55082122072611 0.5517616088918 0.0 0.0 0.0 0.0 0.0 0.0 0.0 0.0 - -
24 6 2 16.144084796935 7.7040388702765e-05 7.7040388702765e-05 5.3908434998336e-05 5.5102736749091e-05 1097.8770994255 1097.3182165848 0.52671894221664 0.52534176187639 0.0 0.0 0.0 0.0
25 13 2 16.244504918233 0.0043802169343468 0.0043802169343468 0.0021923498776397 0.0021978616911803 1097.433382357 1097.4452374212 0.55191596449714 0.55190802164167 1.8118700387859 1.8118961145472 19362700.0 19411380.0 7028307.0 7046079.0 1809101.0 1472259.0 39148.0 39924.0 9.3432269259969 7.584514856749 0.34946572533789 0.35244789396735 36.298176390689 36.298702101551 54.009130957976 55.764335147733
26 7 2 16.344939295064 0.0042870767964459 0.0042870767964459 0.0021488482176238 0.0021475049112178 1097.4170433988 1097.4396427042 0.55173562222337 0.55252275358889 36.471003814001 36.417177282714 63.528996185999 63.582822717286 1.9235730249026 1.9267449878671
27 12 2 16.445372463554 0.0040262525260444 0.0040262525260444 0.002018971865119 0.0020219179905982 1097.4240940481 1097.4270100721 0.55299882338274 0.55278861843583 264592.0 264693.0 0.023054362943702 0.016623031209741 0.010204390155409 0.0 99.439136481829 99.452195562406 5.9354053145243 5.9290192287188 0.0013683698833902 0.00098558271682148 0.00060567191559895 0.0 5.9021157914595 5.8965397982781
1 7 2 16.545816992629 0.0038795395532962 0.0038795395532962 0.0019425777671243 0.0019487820673456 1097.4259866045 1097.4444860432 0.55347026226848 0.55130027438934 36.398735236695 36.47463176416 63.601264763305 63.52536823584 2.4307276124556 2.4247825527706
2 10 2 16.646199975988 0.0041347876981173 0.0041347876981173 0.0020701085417879 0.0020684559035291 1097.4376453994 1097.4288565709 0.55408151266718 0.5544773455711 0.0 0.20121952098746 0.0 8.32e-07 0.0 0.061913698765372 0.0 2.56e-07 0.0 0.26313321975283 0.0 1.088e-06
3 5 2 16.746563529865 0.0041146698051449 0.0041146698051449 0.0020596365489624 0.002062091729012 1097.4304244479 1097.436513658 0.55402073962897 0.55398183336209 287.12019945762 287.13088685015
4 6 2 16.846879572544 0.0036283802049125 0.0036283802049125 0.0018178341494474 0.0018162245368489 1097.432502331 1097.4359724503 0.55342924130521 0.55161897069355 0.0 0.0 0.0 0.0
5 7 2 16.947247242391 0.0040628361127788 0.0040628361127788 0.0020341816625007 0.0020359710770693 1097.4401244712 1097.4223097021 0.55379596494968 0.55394475848333 8.0021868534057e-05 1.5403123778147e-05 4.9320103873071e-07 4.9289996090071e-07 0.0061633281972265 0.032
6 8 2 17.047667093759 0.0029838503781738 0.0029838503781738 0.0014974093756336 0.0015033976417499 1097.4140233207 1097.4315256387 0.55211660811669 0.55181536684608 6.0086375620528 5.9867828656244 0.0045368523983465 0.0046995326676265 0.0 0.001084507538683 99.939327160593 99.940412335791
7 7 2 17.148051721152 0.0039438606509985 0.0039438606509985 0.0019748144034592 0.0019735825108684 1097.4329638822 1097.4158762325 0.55091388562355 0.55225648615969 0.0 0.0 0.0 0.0 - -
8 10 2 17.248359582614 0.0037135220990068 0.0037135220990068 0.0018567981874531 0.0018596709428588 1097.4256511361 1097.434406503 0.55262592824189 0.55276042657375 534.98752586698 0.0 0.001986688 0.0 0.08617156205576 0.0 3.2e-07 0.0 535.07369742904 0.0 0.001987008 0.0
9 19 2 17.348796306382 0.0039510382369469 0.0039510382369469 0.0019768796351556 0.0019881799851682 1097.4182821645 1097.4258536819 0.55271279959419 0.55189929339728 0.05206298828125 0.0 13.177039845983 0.0 0.00262451171875 0.0 0.66425874956301 0.0 0.0 0.0 0.0 0.0 0.0 0.0 0.0 0.0 539.07855917027 0.0 0.00212992 0.0 0.080991370067649 0.0 3.2e-07 0.0 539.15955054034 0.0 0.00213024 0.0 0.0 0.0
10 9 2 17.449193271722 0.0031024417793227 0.0031024417793227 0.0015590030993724 0.0015570678504604 1097.4315248877 1097.4396019467 0.55097387261602 0.55080321082464 0.0 0.0 0.0 0.0 0.0 0.0 0.0 0.0 - -
11 7 2 17.549586760589 0.0023293829826011 0.0023293829826011 0.0011766535306861 0.0011791915917446 1097.4243642726 1097.4350651271 0.55379183787705 0.55337967861246 3773782.0 3784606.0 5636183.0 5652360.0 5634318.0 5650677.0
12 10 2 17.655173646841 7.8891850802521e-05 7.8891850802521e-05 5.3780716722374e-05 5.5565602274033e-05 998.21655326959 997.7945118386 0.52303619722156 0.52149740075916 0.0 0.0 0.0 0.0 - - 0.0 0.0 0.0 0.0 - -
13 9 2 17.75549449843 0.00010731052590905 0.00010731052590905 6.4975087739974e-05 7.346518277966e-05 1097.2314055604 1097.5508977522 0.0 0.0 0.53979900140345 0.52938181675772 0.0 0.0 0.0 0.0 0.0 0.0 0.0 0.0
14 10 2 17.855892255442 0.0035090985815914 0.0035090985815914 0.001760996799234 0.0017593926214558 1097.4262888463 1097.4203376841 0.55051821504431 0.55207215073412 1.6779237924202 1.9332600217015 5.888e-06 6.784e-06 0.49243415647114 0.83896189621008 1.728e-06 2.944e-06 2.2068345530744 2.7722219179116 7.744e-06 9.728e-06
15 19 2 17.956326664882 0.0030191812388396 0.0030191812388396 0.0015167392196694 0.0015251169950905 1097.4348190166 1097.41296236 0.55359308341114 0.55200820938522 0.039306640625 0.0 13.018973528104 0.0 0.001953125 0.0 0.6469055169244 0.0 0.0 0.0 0.0 0.0 0.0 0.0 0.0 0.0 542.6848772516 0.0 0.001638464 0.0 0.14838459985005 0.0 4.48e-07 0.0 542.83326185145 0.0 0.001638912 0.0 0.0 0.0
16 13 2 18.056736382122 0.0033333527990479 0.0033333527990479 0.0016644979424157 0.0016817720656904 1097.4177350852 1097.4328653836 0.55337852488045 0.55344185780316 203.0 203.0 0.03973388671875 0.0 11.920096405667 0.0 0.00518798828125 0.0 1.5563873955172 0.0 0.0 0.0 0.0 0.0 0.001953125 0.0 0.58593407831235 0.0
17 9 2 18.157144965297 0.0034372647506916 0.0034372647506916 0.0017252288884392 0.0017229915541014 1097.4247082829 1097.4110694773 0.55086557940987 0.55133685825123 0.20411422631614 0.2041012386873 2.8922301538421e-07 0.0 1.4169664731563e-06 0.0 0.0 48.0 0.0 6.956312041608e-06
18 8 2 18.2575166551 0.004572874065913 0.004572874065913 0.0022873455537561 0.0022899035424889 1097.4335109841 1097.4287114482 0.55449248325024 0.55332131423322 0.19952280320836 0.19952300792389 0.0001989417877884 0.00019884701562038 0.00099708797485489 0.00099661195813681 5.0119584524666 5.0119533100736
19 5 2 18.357891710868 0.0035677448211455 0.0035677448211455 0.0017844090990836 0.0017904788875037 1097.4327382507 1097.4338715411 0.55408620767003 0.55339409257563 5.6020905923345 5.677307425399
20 6 2 18.458253373427 0.003218125551636 0.003218125551636 0.001616445073339 0.0016192163787668 1097.4410736141 1097.4525249154 0.5507661776915 0.55043369378643 0.0 0.0 - -
21 7 2 18.558745720769 0.0028509092399483 0.0028509092399483 0.0013015429827064 0.0013084846068755 997.63372962261 997.65838931498 0.55089494475211 0.55318345569968 93.971995836852 93.799448550663 6.0280041631478 6.2005514493371 1.0730492631892 1.0857754153307
22 7 2 18.666329888972 8.0911792330141e-05 8.0911792330141e-05 5.3215042514299e-05 5.5108624471033e-05 997.4999884038 997.70268950158 0.52365162980988 0.52335278861414 0.0 0.0 0.0 0.0 - -
23 9 2 18.766742346267 0.0012967281848555 0.0012967281848555 0.00066139316818658 0.00065983835669233 1097.4124442853 1097.3753194563 0.55113926706787 0.55236836867198 0.0 0.0 0.0 0.0 0.0 0.0 0.0 0.0 - -
24 6 2 18.867111844931 0.0030196866771232 0.0030196866771232 0.0015155286134578 0.0015178950247766 1097.4429784432 1097.4319705691 0.55079615533136 0.55030382979226 0.0 0.0 0.0 0.0
25 13 2 18.967529777808 0.0032581638724449 0.0032581638724449 0.0016335380359387 0.0016402681550195 1097.4320901099 1097.417882094 0.55391790165159 0.55406128979849 1.805321685792 1.8048544780374 14427308.0 14486748.0 5218073.0 5238221.0 1367548.0 1111018.0 29400.0 29696.0 9.4788854580494 7.6692022253718 0.34072191430307 0.34254064473269 36.168029406456 36.158708634954 54.012363221191 55.829548494942
26 7 2 19.067963593041 0.0028613305077848 0.0028613305077848 0.0014399012780206 0.0014389411264424 1097.4153443713 1097.4254027118 0.55089861862944 0.55046936541892 36.534561284316 36.561142655705 63.465438715684 63.438857344295 1.9200334954182 1.9177871299046
27 12 2 19.170530448412 7.9484246210173e-05 7.9484246210173e-05 5.4544308968022e-05 5.6433814809565e-05 997.36783274854 997.83092617785 0.52443347093763 0.52420898523776 8275.0 8411.0 1.0876132930514 0.095113541790512 0.80966767371601 0.0 85.365558912387 86.279871596719 6.8710403294778 6.7501304121022 0.07473034799432 0.006420288110429 0.055632592395772 0.0 5.8655019803542 5.8240038521729
1 7 2 19.275171838079 7.6983323090101e-05 7.6983323090101e-05 5.7645779726145e-05 5.8754483057903e-05 1097.6366657918 1097.453096209 0.52181452935389 0.5195977121984 39.15745476544 39.368221446246 60.84254523456 60.631778553754 2.3753450708545 2.3720446320869
2 10 2 19.375559158425 0.0031299256653456 0.0031299256653456 0.0015670280643787 0.0015732006614819 1097.4242512116 1097.439504907 0.55208507024697 0.55166765927373 0.081791079843978 0.040895539921989 2.56e-07 1.28e-07 0.020447769960995 0.0 6.4e-08 0.0 0.10223884980497 0.040895539921989 3.2e-07 1.28e-07
3 5 2 19.475931375405 0.0024703902998864 0.0024703902998864 0.0012420643098497 0.0012408967292986 1097.4149675804 1097.4080194287 0.55130344758267 0.5508953946965 287.30405893399 287.24772497472
4 6 2 19.576303807967 0.0022781045477042 0.0022781045477042 0.0011469839411176 0.0011492375799162 1097.4312255382 1097.4276785902 0.5502691568519 0.55148011888938 0.0 0.0 0.0 0.0
5 7 2 19.6766715068 0.0030563671848187 0.0030563671848187 0.0015295173878892 0.0015359671608253 1097.4350089346 1097.4266751716 0.55119646884435 0.55292905212568 0.00011212764075283 2.1032026885778e-05 8.1606725438742e-07 6.5215587242722e-07 0.0072780203784571 0.031007751937984
6 8 2 19.77709990714 0.0024544463488689 0.0024544463488689 0.0012377083014164 0.0012365103764521 1097.4270843218 1097.4115718864 0.54972604630037 0.5527379416626 5.9459734393622 6.0612498150316 0.0065865522362991 0.0064830510336987 0.0 0.00098893998819132 99.930328914123 99.929821888245
7 7 2 19.877486111536 0.0037864573868113 0.0037864573868113 0.0018965534447073 0.0018991349843278 1097.4455142983 1097.4293852472 0.55322809007571 0.55118903779136 0.0 0.0 0.0 0.0 - -
8 10 2 19.977818792011 0.0036945473298944 0.0036945473298944 0.0018439262685838 0.001850541350636 1097.4066103606 1097.424138588 0.551579639019 0.55305664396129 535.76035796964 0.0 0.001979392 0.0 0.15590543267352 0.0 5.76e-07 0.0 535.91626340231 0.0 0.001979968 0.0
9 19 2 20.078255435162 0.0041002005020229 0.0041002005020229 0.0020543149541306 0.0020583131702306 1097.4308435414 1097.44255331 0.55101292857088 0.55032204573847 0.06707763671875 0.0 16.359599167323 0.0 0.0032958984375 0.0 0.80383835763006 0.0 0.0 0.0 0.0 0.0 0.0 0.0 0.0 0.0 541.67887616819 0.0 0.002220992 0.0 0.5150967614774 0.0 2.112e-06 0.0 542.19397292967 0.0 0.002223104 0.0 0.0 0.0
10 9 2 20.178671728535 0.0036914857144848 0.0036914857144848 0.0018469095320014 0.0018532261518413 1097.4318978805 1097.4442617907 0.55125708630555 0.55361354401855 0.0 0.0 0.0 0.0 0.0 0.0 0.0 0.0 - -
11 7 2 20.279106444137 0.0042459189026647 0.0042459189026647 0.0021257552134641 0.002125095335705 1097.4373786694 1097.4281479693 0.55135481254828 0.5540871648074 6849434.0 6813381.0 10227789.0 10174231.0 10223901.0 10170319.0
12 10 2 20.379542645256 0.0041272079354702 0.0041272079354702 0.0020692770142891 0.0020718979563565 1097.4359821459 1097.4311110203 0.55433887947384 0.5528281828938 0.0 0.0 0.0 0.0 - - 0.0 0.0 0.0 0.0 - -
13 9 2 20.479927623194 0.0027212905885046 0.0027212905885046 0.0013596991826347 0.0013733482808003 1097.4028803825 1097.4374024689 0.0 0.0 0.55131354499681 0.55152742911957 0.04095458984375 0.0 15.049693706637 0.0 0.001953125 0.0 0.71772011715707 0.0
14 10 2 20.580334514328 0.003133382211027 0.003133382211027 0.0015744144380052 0.0015725136096215 1097.4338569279 1097.4225201883 0.55208978192958 0.55430630412016 1.7157179169145 2.1446473961431 5.376e-06 6.72e-06 0.42892947922861 0.87828417175383 1.344e-06 2.752e-06 2.1446473961431 3.0229315678969 6.72e-06 9.472e-06
15 19 2 20.681184476465 7.9257795366269e-05 7.9257795366269e-05 5.3191944528221e-05 5.9601409214108e-05 997.77291175071 997.58500413061 0.52667997040292 0.5209530821972 0.014892578125 0.0 187.90048418806 0.0 0.000732421875 0.0 9.2410074190848 0.0 0.0 0.0 0.0 0.0 0.0 0.0 0.0 0.0 2117.2428431111 0.0 0.000167808 0.0 176.84064936741 0.0 1.4016e-05 0.0 2294.0834924785 0.0 0.000181824 0.0 0.0 0.0
16 13 2 20.786847905821 7.8170831315532e-05 7.8170831315532e-05 4.7046521526327e-05 5.9528039140683e-05 997.22189255859 997.61737824424 0.53930939240861 0.51748072789121 204.0 204.0 0.0 0.0 0.0 0.0 0.0003662109375 0.0 4.6847517333136 0.0 0.0 0.0 0.0 0.0 0.0 0.0 0.0 0.0
17 9 2 20.887253283357 0.0018609132521772 0.0018609132521772 0.00093805133449714 0.00094418543495683 1097.4153939578 1097.4442638496 0.55277923824825 0.55091145289677 0.20407831561642 0.20405805435157 0.0 2.6425818235823e-07 0.0 1.2950147113671e-06 48.0 0.0 1.2810624277734e-05 0.0
18 8 2 20.98762285358 0.0037862182547201 0.0037862182547201 0.0018963328815854 0.0018950720032865 1097.425737636 1097.4391231904 0.55020603780993 0.55137397774259 0.19952283906029 0.19952306293898 0.00019894846406924 0.00019897633920959 0.00099712125692601 0.00099725984695033 5.0119575518763 5.0119519281128
19 5 2 21.087985769771 0.0036469220000114 0.0036469220000114 0.0018272255188458 0.0018298011707444 1097.4259989116 1097.4305966223 0.55420484207339 0.55095855182655 5.6762099522836 5.6321138211382
20 6 2 21.188347879797 0.0035432147599305 0.0035432147599305 0.0017720240495288 0.0017782301613568 1097.4195074197 1097.4281406149 0.5518799467783 0.55001875045615 0.0 0.0 - -
21 7 2 21.288769486613 0.0026671181118226 0.0026671181118226 0.0013437488909935 0.001342382939503 1097.4163112519 1097.4339510525 0.55213624602503 0.55122898342107 93.975045981145 94.025461198713 6.0249540188549 5.9745388012865 1.0544325226655 1.055409867331
22 7 2 21.389173457436 0.0035184192983264 0.0035184192983264 0.0017650629505871 0.001767494579749 1097.4178121198 1097.4488866886 0.55022249718375 0.54995320058138 0.0 0.0 0.0 0.0 - -
23 9 2 21.489585149328 0.002350789833777 0.002350789833777 0.0011876640236184 0.0011898660316246 1097.437052093 1097.4241972879 0.55316850989793 0.55025817379297 0.0 0.0 0.0 0.0 0.0 0.0 0.0 0.0 - -
24 6 2 21.589981087487 0.0031462627350282 0.0031462627350282 0.0015808637580396 0.0015830693892593 1097.4542037911 1097.4470294139 0.55078728689383 0.55341518524025 0.0 0.0 0.0 0.0
25 13 2 21.690422462555 0.0037066624500433 0.0037066624500433 0.0018673471735655 0.0018655958027388 1097.4180769795 1097.4476946117 0.55448545533964 0.55389009915062 1.8034738158956 1.8054123038731 16492296.0 16476828.0 5958750.0 5959367.0 1576667.0 1271244.0 34056.0 32968.0 9.5600212365822 7.7153442398015 0.3442455798756 0.33706730445933 36.130506025359 36.16816901894 53.965227158183 55.779419436799
26 7 2 21.790810054642 0.0030264104555804 0.0030264104555804 0.0015220898002091 0.0015211038332348 1097.4402050613 1097.4012290247 0.55000696356151 0.55028495891427 36.596314335695 36.578946898297 63.403685664305 63.421053101703 1.9228596540939 1.9237097406386
27 12 2 21.891250502167 0.0040130296083672 0.0040130296083672 0.0020125660236466 0.002015101367295 1097.4204965995 1097.4252833872 0.55139781610622 0.55350777201364 263289.0 267642.0 0.01367318801773 0.0078463021498868 0.0 0.0 99.40483651045 99.422362708394 5.9249749365115 6.01535562906 0.00081013296307256 0.00047198297804627 0.0 0.0 5.8897116489244 5.9806086917239
1 7 2 21.991685572844 0.0033516735781231 0.0033516735781231 0.0016804047554949 0.001686531156626 1097.419033313 1097.4301724323 0.55211717126384 0.5503514853424 36.507130944385 36.520737358127 63.492869055615 63.479262641873 2.4291360504515 2.4277068343292
2 10 2 22.092059139471 0.003560899665036 0.003560899665036 0.0017842116339477 0.0017826137967932 1097.4259244884 1097.4239539583 0.55482943078434 0.55484689490289 0.08986493024278 0.32351374887401 3.2e-07 1.152e-06 0.0 0.035945972097112 0.0 1.28e-07 0.08986493024278 0.35945972097112 3.2e-07 1.28e-06
3 5 2 22.192419619051 0.0029000463556653 0.0029000463556653 0.0014561133468374 0.0014577279413545 1097.428418428 1097.4278500256 0.55084929873316 0.55244476781258 287.15430047988 287.13743374831
4 6 2 22.298053607985 8.0122837589981e-05 8.0122837589981e-05 5.1437856291333e-05 5.2857703082617e-05 998.08023417813 997.50591110411 0.53116391748238 0.52527848414609 0.0 0.0 0.0 0.0
5 7 2 22.398407877378 0.0026952088861072 0.0026952088861072 0.0013565062257357 0.001359011224971 1097.4333535253 1097.4326471274 0.55405481898916 0.55357714757994 4.7170998012529e-05 1.6603573088929e-06 0.0 0.0 0.0 0.0
6 8 2 22.498826905371 0.0030412656309405 0.0030412656309405 0.001391706197814 0.0013892116153175 997.66335911285 997.6701101077 0.55126919435123 0.55461848166546 6.1192059790437 6.2886040690392 0.18350946640693 0.27805688152475 0.14449051797247 0.23645756380572 99.804091685091 99.80295746372
7 7 2 22.599201713855 0.0020493783257211 0.0020493783257211 0.0010329355967984 0.0010354424076404 1097.4529805334 1097.4758768092 0.55413821614468 0.55400789487076 0.0 0.0 0.0 0.0 - -
8 10 2 22.699521691343 0.0036187768775243 0.0036187768775243 0.0018057566201386 0.0018125383700118 1097.4176178704 1097.4360747814 0.55451451227591 0.55144462793519 498.20148105772 0.0 0.00180288 0.0 0.49519494034846 0.0 1.792e-06 0.0 498.69667599806 0.0 0.001804672 0.0
9 19 2 22.799948059061 0.0038579524472485 0.0038579524472485 0.0019338489928951 0.0019378327161411 1097.4320368972 1097.4128083013 0.55291589063634 0.55343928867218 0.05316162109375 0.0 13.779750222599 0.0 0.00262451171875 0.0 0.68028617631661 0.0 0.0 0.0 0.0 0.0 0.0 0.0 0.0 0.0 441.7680164035 0.0 0.00170432 0.0 0.28201488091849 0.0 1.088e-06 0.0 442.05003128442 0.0 0.001705408 0.0 0.0 0.0
10 9 2 22.900345674768 0.0033200320546061 0.0033200320546061 0.0016669581043839 0.0016691474311427 1097.4422002053 1097.4519248242 0.55433289782333 0.55293977851514 0.0 0.0 0.0 0.0 0.0 0.0 0.0 0.0 - -
11 7 2 23.000745036863 0.00054965779278364 0.00054965779278364 0.00029208897971593 0.00029474343650818 1097.430855618 1097.4443376411 0.54578736289264 0.54874262625172 951345.0 954745.0 1420286.0 1425377.0 1419496.0 1424679.0
12 10 2 23.101169978847 0.0026686833400557 0.0026686833400557 0.0013441438212652 0.0013429237041183 1097.4344050741 1097.4189167378 0.55276944504563 0.5506041938434 0.0 0.0 0.0 0.0 - - 0.0 0.0 0.0 0.0 - -
13 9 2 23.201544545481 0.0033340629488944 0.0033340629488944 0.0016683571176975 0.0016777104433542 1097.4497333997 1097.4447622521 0.0 0.0 0.55135162238091 0.55050751309001 0.05328369140625 0.0 15.981609292626 0.0 0.00250244140625 0.0 0.75056813401794 0.0
14 10 2 23.301950980996 0.0028468711684998 0.0028468711684998 0.0014339823058626 0.0014365955486013 1097.418333281 1097.437099126 0.5525700649148 0.550154744957 0.4720972325236 0.20232738536726 1.344e-06 5.76e-07 0.089923282385447 0.089923282385447 2.56e-07 2.56e-07 0.56202051490905 0.2922506677527 1.6e-06 8.32e-07
15 19 2 23.402386744612 0.0038656526817446 0.0038656526817446 0.0019374667715773 0.0019413594615841 1097.4166730319 1097.4279983004 0.55370189954871 0.55433595239724 0.05230712890625 0.0 13.531254153605 0.0 0.00244140625 0.0 0.63156378779952 0.0 0.0 0.0 0.0 0.0 0.0 0.0 0.0 0.0 416.76584334858 0.0 0.001611072 0.0 0.18211672334781 0.0 7.04e-07 0.0 416.94796007193 0.0 0.001611776 0.0 0.0 0.0
16 13 2 23.502767834842 0.0036004597216626 0.0036004597216626 0.0017974023956052 0.0018146190003656 1097.4378183738 1097.4168647186 0.55518092453843 0.55354000811248 204.0 204.0 0.05352783203125 0.0 14.866943715324 0.0 0.0052490234375 0.0 1.4578758945472 0.0 0.0 0.0 0.0 0.0 0.0025634765625 0.0 0.71198590198817 0.0
17 9 2 23.603178189768 0.003205337419579 0.003205337419579 0.0016092634112754 0.0016076651212192 1097.4583716898 1097.4417723043 0.55262577530592 0.55123151646047 0.20407311671426 0.2040555123074 3.1105553585537e-07 0.0 1.5242357291525e-06 0.0 0.0 43.0 0.0 6.6774530827394e-06
18 8 2 23.703554514566 0.0040051563654264 0.0040051563654264 0.0020058191472033 0.0020075610070946 1097.434238715 1097.4128235728 0.55179560222387 0.55320685863763 0.1995227376167 0.19952288063779 0.00019897353577219 0.00019893493679385 0.0009972474222684 0.00099705325102536 5.0119601001119 5.0119565074613
19 5 2 23.807392469321 7.9208881983986e-05 7.9208881983986e-05 5.0802435223336e-05 5.2793391042948e-05 997.43807068328 997.71348858285 0.52828367030721 0.52735703944987 6.0740740740741 5.7678571428571
20 6 2 23.910268900205 7.6072990697609e-05 7.6072990697609e-05 5.3318757000808e-05 5.4627642878579e-05 1097.2537588927 1097.7580389523 0.52944324518798 0.52794751032985 0.0 0.0 - -
21 7 2 24.010689876581 0.0047344893157969 0.0047344893157969 0.0023697501100498 0.0023724489512074 1097.4242158761 1097.4368496351 0.55007300669744 0.55069669032018 94.130042741609 94.10940240317 5.8699572583906 5.89059759683 1.054761119811 1.0544933241748
22 7 2 24.111083758567 0.0049744366299972 0.0049744366299972 0.0024811199937873 0.0024785928023693 1097.4307357417 1097.4304640019 0.55324006888998 0.55325293044274 4.2042657657654e-07 5.0503872931582e-07 4.2042657657654e-07 4.2086560776319e-07 1.0 0.83333333333333
23 9 2 24.211496646119 0.0047563762427619 0.0047563762427619 0.002381993854278 0.0023830237527161 1097.4357898777 1097.4332160299 0.55161068584279 0.55066038263073 0.0 0.0 0.0 0.0 0.0 0.0 0.0 0.0 - -
24 6 2 24.311864585895 0.0048346476182521 0.0048346476182521 0.0024175217271783 0.0024163527879221 1097.4312251744 1097.4270476746 0.55284618608858 0.55093574307764 0.0 0.0 0.0 0.0
25 13 2 24.412323711086 0.0052829550713383 0.0052829550713383 0.0026442796384276 0.0026463335475818 1097.4172800812 1097.4359820105 0.55284393875938 0.55099355034364 1.8088287306614 1.814903276774 23354116.0 23372256.0 8462767.0 8497774.0 2183418.0 1779435.0 47340.0 47928.0 9.3491785345247 7.6134498954658 0.35065339231851 0.35525025911063 36.236725894485 36.358381492998 54.063442178672 55.672918352426
26 7 2 24.51277122569 0.0053254318148343 0.0053254318148343 0.0026610569285509 0.0026677752721878 1097.4269245957 1097.4303962412 0.55331079247284 0.55442599978502 36.358836831744 36.285828806057 63.641163168256 63.714171193943 1.9311914689011 1.9359724911056
27 12 2 24.613265352935 0.0052937459069519 0.0052937459069519 0.0024099532870733 0.0024079365158575 997.66786779844 997.65912288448 0.55169108931914 0.55153561971118 322812.0 320142.0 2.1545047891652 1.5714901512454 2.1061794480998 1.5621193095564 98.336802845 98.329491288241 6.0665947522523 6.0214565950563 0.13070507447652 0.094626597352825 0.12777337187144 0.094062336187931 5.9656953209275 5.9208676380611
1 7 2 24.714803670384 7.6254151372731e-05 7.6254151372731e-05 5.850085811273e-05 5.8490894275598e-05 1096.5810141631 1097.9477614935 0.52672593075888 0.52389104111312 39.449093822821 40.239417098345 60.550906177179 59.760582901655 2.3775839007782 2.3278238576384
2 10 2 24.815194331332 0.0044026246982528 0.0044026246982528 0.0022022154351052 0.0022013404290444 1097.4372388586 1097.4346487575 0.55051314495224 0.55391733302396 0.014536783029768 0.14536783029768 6.4e-08 6.4e-07 0.014536783029768 0.014536783029768 6.4e-08 6.4e-08 0.029073566059537 0.15990461332745 1.28e-07 7.04e-07
3 5 2 24.915555371605 0.003779424729403 0.003779424729403 0.001893025793461 0.0018956431123148 1097.4294717938 1097.4340485178 0.55385933140232 0.55384335878384 286.99362754423 287.20758483034
4 6 2 25.015916891953 0.0033665423405338 0.0033665423405338 0.0016833789608788 0.0016903464004441 1097.427349565 1097.4197587901 0.55331603312803 0.55041565148424 0.0 0.0 0.0 0.0
5 7 2 25.11628040054 0.0021147465321257 0.0021147465321257 0.0010654466915561 0.0010644181518231 1097.4491490838 1097.4136211778 0.55308290071996 0.55300454668559 0.00015752056054749 5.5060002461229e-05 1.4106318855e-06 1.8823932465377e-06 0.008955223880597 0.034188034188034
6 8 2 25.216698645013 0.0036216953760005 0.0036216953760005 0.0018182363261462 0.0018207426840865 1097.4377489804 1097.4255520999 0.55129155983714 0.55365530454835 5.9567512687321 6.0573278954234 0.0033626942205001 0.0028605741246892 0.0 0.0 99.950281943229 99.951320490765
7 7 2 25.317059503219 0.00015634347423781 0.00015634347423781 8.5841174300756e-05 8.7919540146116e-05 997.55098501592 997.63762929348 0.53878822679955 0.5357226633109 0.0 0.0 0.0 0.0 - -
8 10 2 25.420968308102 7.6670820925514e-05 7.6670820925514e-05 4.9925617555735e-05 5.2283876644162e-05 1097.3130131122 1097.2628946556 0.53384117698335 0.53412482129059 1141.0859952184 0.0 8.7488e-05 0.0 69.283202343178 0.0 5.312e-06 0.0 1210.3691975616 0.0 9.28e-05 0.0
9 19 2 25.521397009169 0.0038790948038387 0.0038790948038387 0.0019407272108279 0.0019523278346594 1097.4335099267 1097.4353023803 0.55176779350105 0.54987592836871 0.05279541015625 0.0 13.610239714689 0.0 0.00262451171875 0.0 0.67657839044119 0.0 0.0 0.0 0.0 0.0 0.0 0.0 0.0 0.0 510.123134408 0.0 0.001978816 0.0 1.1054125296852 0.0 4.288e-06 0.0 511.22854693768 0.0 0.001983104 0.0 0.0 0.0
10 9 2 25.621806962824 0.0031090396511107 0.0031090396511107 0.0015610755774958 0.001560085987308 1097.4471463996 1097.4211671606 0.55385326105732 0.55429485884947 0.0 0.0 0.0 0.0 0.0 0.0 0.0 0.0 - -
11 7 2 25.722230262586 0.003170601671731 0.003170601671731 0.0015954173008757 0.0015974050863835 1097.4360683315 1097.4358272909 0.5510483452392 0.55436981375492 5143905.0 5118783.0 7680464.0 7643686.0 7677429.0 7640935.0
12 10 2 25.82266540935 0.0026110579409059 0.0026110579409059 0.0013183524288495 0.001321982888779 1097.445161547 1097.4331353383 0.55020927936224 0.55346637251286 0.0 0.0 0.0 0.0 - - 0.0 0.0 0.0 0.0 - -
13 9 2 25.92302158727 0.0032372434376817 0.0032372434376817 0.0016201176531255 0.0016296498749488 1097.4317439562 1097.435631349 0.0 0.0 0.55148537579668 0.55071308568828 0.039794921875 0.0 12.292841932054 0.0 0.00201416015625 0.0 0.62218371741991 0.0
14 10 2 26.023417716554 0.0034274277260324 0.0034274277260324 0.0017160485712273 0.0017226672764929 1097.4341208019 1097.4287669023 0.5537414359538 0.55246537417044 2.0540185126382 1.3071026898607 7.04e-06 4.48e-06 0.82160740505527 0.26142053797213 2.816e-06 8.96e-07 2.8756259176934 1.5871961234022 9.856e-06 5.44e-06
15 19 2 26.123853298103 0.0036862519825805 0.0036862519825805 0.0018486337287269 0.0018526387383522 1097.4227463396 1097.4275300359 0.55107541761792 0.55133246606634 0.05377197265625 0.0 14.587166832422 0.0 0.002685546875 0.0 0.72853046609147 0.0 0.0 0.0 0.0 0.0 0.0 0.0 0.0 0.0 540.00432130158 0.0 0.001990592 0.0 0.10417084936532 0.0 3.84e-07 0.0 540.10849215094 0.0 0.001990976 0.0 0.0 0.0
16 13 2 26.224252623967 0.0036581693605264 0.0036581693605264 0.0018299130374613 0.0018430861359529 1097.4355853724 1097.4242669783 0.55266175405087 0.55057287500086 203.0 203.0 0.05279541015625 0.0 14.43219407115 0.0 0.00537109375 0.0 1.4682463332499 0.0 0.0 0.0 0.0 0.0 0.00262451171875 0.0 0.71743854920166 0.0
17 9 2 26.324660578514 0.0032139380226305 0.0032139380226305 0.001610568221038 0.0016161900896888 1097.4160837707 1097.4226210751 0.55236519467553 0.55019220756474 0.20411639136504 0.20407952134126 0.0 1.5417925219054e-07 0.0 7.554861515611e-07 52.0 0.0 8.0770814522406e-06 0.0
18 8 2 26.425028704886 0.0036039543110857 0.0036039543110857 0.001804887048898 0.0018047000005009 1097.4303459403 1097.4299436334 0.55311812620959 0.55187278734987 0.19952299156241 0.19952304673943 0.00019889231001551 0.00019901905901795 0.0009968390532742 0.0009974740375625 5.0119537210687 5.0119523350402
19 5 2 26.52539320261 0.0042467576765905 0.0042467576765905 0.002125282384102 0.0021276288677466 1097.4391836747 1097.4317381033 0.55369772643202 0.55175302251539 5.6119577960141 5.6028037383178
20 6 2 26.625767261995 0.003441922391649 0.003441922391649 0.0017216627405494 0.0017277103367867 1097.4484922435 1097.4486698959 0.55420384656093 0.55313900561773 0.0 0.0 - -
21 7 2 26.726183155002 0.0028102277987427 0.0028102277987427 0.0014174917025077 0.0014201592934489 1097.4458281001 1097.4107373595 0.55002169473392 0.54948365159573 94.119592306218 94.163485548635 5.8804076937824 5.8365144513648 1.0546568332502 1.0534874484092
22 7 2 26.826581441004 0.0032662599430161 0.0032662599430161 0.001642356484702 0.0016453560525804 1097.4295012464 1097.4272812225 0.55153861456855 0.55393150494859 2.6594121280844e-06 3.1739043111015e-06 2.6594121280844e-06 3.1739043111015e-06 1.0 1.0
23 9 2 26.933217209522 8.0128272410235e-05 8.0128272410235e-05 5.3452362998712e-05 5.4768948205175e-05 997.71341321175 998.03160139291 0.52572920193147 0.52470148217571 0.0 0.0 0.0 0.0 0.0 0.0 0.0 0.0 - -
