1 7 1 0.10088071239243 0.10088882839148 0.0014393230653211 1495.5496407041 1.46540620948 32.196917372325 67.803082627675 9.887505162208
2 10 1 0.2012365279811 0.070765579613422 1.5134617202638e-05 1496.2730694727 5.3950597352276 1.0943173280434 7.744e-05 0.07958671476679 5.632e-06 1.1739040428101 8.3072e-05
3 5 1 0.30161663178388 0.070859104727034 0.00014853818128346 1497.5693869512 1.4033804022251 1.8195732392107
4 6 1 0.40174918221697 0.07055719862039 1.4319394083724e-05 1493.7060408518 6.1072049449488 0.0 0.0
5 7 1 0.50213275705863 0.070778602349845 1.4524105666918e-05 1497.3746936511 5.1065286624204 0.46974522292994 0.19697452229299 0.41932203389831
6 8 1 0.60251918608702 0.070735618352195 1.3852905299013e-05 1495.0770721608 5.9082480200889 82.767188674927 44.597377971033 42.25324484258 59.433746362834
7 7 1 0.70289943300675 0.070427090822219 1.4341586268628e-05 1496.0209852173 6.1166698860344 41.0 0.0079196445818041 94.243902439024
8 10 1 0.80317203243104 0.070057691487757 1.382256088292e-05 1497.9035863568 5.8953061618698 636.91233685309 0.044620608 131.82552556151 0.009235392 768.7378624146 0.053856
9 19 1 0.90330161454617 0.070039297336784 1.0409040523334e-05 1498.8807734096 3.4770045385779 0.87213134765625 12.45202880124 0.0457763671875 0.65358118839177 9.99438924457e-05 0.0 0.0 9.99438924457e-05 504.51128642951 0.035335616 0.1251868641377 8.768e-06 504.63647329365 0.035344384 1.980512660795e-07
10 9 1 1.0034227156235 0.069450624722618 8.7079416151997e-06 1493.3487312301 3.7139269847402 0.00010079103000092 0.0 0.0 0.00010079103000092 0.0
11 7 1 1.103500542846 0.028800078249825 0.00786955347846 1496.7196230364 0.43443976569856 34977539.0 45370868.0 43043922.0
12 10 1 1.2035791626465 0.044999709275584 0.012297021632149 1496.4797246525 0.43419274766136 48.0 7.675874186921e-07 59.0625 76322.0 0.0012204959785296 30.296768952596
13 9 1 1.3036548485497 0.044365533624331 0.012159916955108 1496.3721340731 0.0 0.43415890322052 0.6214599609375 14.00771973577 0.0406494140625 0.91623859202737
14 10 1 1.4037367473588 0.056661340121091 0.015523506710268 1496.6860954187 0.43442310568663 3.171686367035 0.000179712 2.8926954366014 0.000163904 6.9589600097232 0.000394304
15 19 1 1.5038213780711 0.043998985759178 0.012046441520169 1496.7632587668 0.43412419219755 0.60919189453125 13.845589483939 0.0396728515625 0.90167650180945 0.0 0.0 0.0 0.0 718.84566096849 0.03162848 1402.5923310545 0.06171264 2121.437992023 0.09334112 0.0
16 13 1 1.6039050413854 0.043795898281599 0.011980509444624 1496.2579202023 0.4341384209558 204.0 0.609375 13.913974228405 0.08984375 2.0514192772648 0.0 0.0 0.0394287109375 0.90028318825616
17 9 1 1.7039887762581 0.055834096990193 0.015251756612595 1496.2995259095 0.43405705946675 0.27685287756944 1.0839941433382e-05 3.9154158441655e-05 6652.0 8.5739941040257e-05
18 8 1 1.8040642483916 0.043714411296043 0.01196423759117 1496.3981873283 0.43416616231154 0.25017897519148 2.0543996818146e-06 8.2117199506561e-06 3.9971384455254
19 5 1 1.9041380701512 0.043380404420387 0.01187583615486 1496.8554831723 0.43411947574936 5.9680889207601
20 6 1 2.0042062514726 0.055631091940729 0.015246299599617 1496.2600112174 0.43450710398146 1.0 8.0
21 7 1 2.1042903486667 0.043217517406407 0.023673906817702 1496.5018781911 0.45454405452008 78.52266829539 21.47733170461 10.356222423732
22 7 1 2.2043570408473 0.04296791510927 0.029039162810119 1496.4977432671 0.45772195815186 0.0031803385597338 0.0012546209504049 0.39449289025061
23 9 1 2.30441590598 0.05537357473291 0.037431347677883 1496.4963679949 0.45767185327767 0.0 0.0 0.0 0.0 -
24 6 1 2.4044772856232 0.042957411412284 0.029032197634371 1496.4997257244 0.4576828688459 0.0 0.0
25 13 1 2.5045371978648 0.042792094127607 0.028921538795308 1496.4976152478 0.45763735670693 2.1851362991776 255433236.0 111636311.0 45296.0 8540.0 0.017733009497636 0.0073631764975173 43.704692759716 56.270211054289
26 7 1 2.6166189590625 0.054483597465601 0.036841214002726 1496.4989384593 0.45822947992447 43.654076646962 56.345923353038 6.1920767293694
27 12 1 2.7166903079786 0.042755261441291 0.028896964800192 1496.492979608 0.45765096830539 12837629.0 93.750870974695 87.38428256495 99.874766594361 20.120398313273 18.863048662271 17.582065715264 20.095200853237
1 7 1 2.8167514801928 0.042546920303612 0.028758425330462 1496.4963253636 0.45763495161761 47.411231163764 52.588768836236 6.8146812510089
2 10 1 2.9168069585264 0.054866905412275 0.037088890561697 1496.5003795349 0.45767057329327 5232.4706458799 0.287089472 5204.0393722683 0.285529536 10436.510018148 0.572619008
3 5 1 3.0168661080815 0.042563206649921 0.028770630126355 1496.4965815966 0.45762362857485 88416.222929936
4 6 1 3.1169192412899 0.042730785725851 0.028885101945106 1496.5001968083 0.45762170157789 0.0 0.0
5 7 1 3.2169771127563 0.042618736025567 0.028807193789042 1496.4976480063 0.41039379038782 0.11290241096356 0.035951506951588 0.31842993116588
6 8 1 3.3170463919115 0.042298556239811 0.028588796421288 1496.4954443168 0.37544131378322 9.8390160424737 27.44848010061 0.54371724156056 99.963669700243
7 7 1 3.4171024336549 0.042705470330598 0.028867301548305 1496.4982727654 0.3752893566307 50.0 2.9439745105505e-07 47.46
8 10 1 3.5171622915483 0.04230149919527 0.028595596740805 1496.4995838191 0.37595109676668 7044.7175081047 0.298002112 49.798707849001 0.00210656 7094.5162159537 0.300108672
9 19 1 3.6172372211055 0.042267186454195 0.028568322092657 1496.4998811206 0.37527009656464 0.59613037109375 14.10385741525 0.06158447265625 1.457027964778 0.00016561310527697 0.0 0.0 0.00016561310527697 6889.8761528778 0.29121568 2.2379535506227 9.4592e-05 6892.1141064284 0.291310272 2.4029362067947e-08
10 9 1 3.7172992628911 0.042282138552 0.028576441262019 1496.4991429137 0.37516098372418 0.00016555454004275 0.0 0.0 0.00016555454004275 0.0
11 7 1 3.8173598454272 0.042472472316786 0.028704995607248 1496.4978595638 0.37078144394872 136765587.0 205135291.0 205128381.0
12 10 1 3.9174305593751 0.042191003853733 0.02851719175154 1496.4931647758 0.37005621822753 80.0 4.7017000524592e-07 62.0375 3.0 1.7631375196722e-08 44.0
13 9 1 4.0174915431822 0.042476876333235 0.028710674542075 1496.4950511497 0.0 0.37021533447667 0.6112060546875 14.389147871716 0.0634765625 1.4943792477116
14 10 1 4.1175536320695 0.04253724088778 0.028756288992988 1496.4939031363 0.36988473672674 6469.900403885 0.275211712 1.791935687627 7.6224e-05 6472.5845460065 0.275325888
15 19 1 4.2176272074506 0.042264918322318 0.028557008607373 1496.4960156177 0.37184180921193 0.64398193359375 15.236795885483 0.067626953125 1.6000729638058 0.0 0.0 0.0 0.0 7650.0401002613 0.32332832 62.325354089447 0.002634176 7712.3654543507 0.325962496 0.0
16 13 1 4.3177004748585 0.041978126452299 0.028371890006039 1496.4958805502 0.37001999494013 204.0 0.5972900390625 14.228601644269 0.09503173828125 2.2638394400293 0.0 0.0 0.06231689453125 1.4845087143673
17 9 1 4.4177694125258 0.04206675841559 0.02843194251129 1496.4980696042 0.37079043567892 0.20003813317343 3.561584767956e-06 1.7804529123795e-05 7123.0 4.2071589224131e-05
18 8 1 4.5178376291735 0.041946423331008 0.028352265321058 1496.5004797822 0.3703128800098 0.20000009109735 7.0393408886481e-07 3.5196688411615e-06 4.9999977225672
19 5 1 4.6178934489951 0.041867968069651 0.02829829347447 1496.5017501957 0.36999530664873 6.2520325203252
20 6 1 4.7179496655585 0.042199238513038 0.028524060912121 1496.4979636684 0.37028698081705 1.0 8.0
21 7 1 4.8180137988442 0.042255661916704 0.028560991425211 1496.4975433529 0.36985569908336 90.874456287033 9.1255437129669 7.8826216547178
22 7 1 4.9180704909545 0.042559256441008 0.028766593413211 1496.4981376185 0.37032981917347 7.7203781080686e-06 6.9187025965322e-06 0.89616110761485
23 9 1 5.0181381179242 0.042300288136037 0.028586746135144 1496.5004691297 0.37188693911159 0.0 0.0 0.0 0.0 -
24 6 1 5.1181991044487 0.050449589956743 0.034095490001622 1496.4945937923 0.37072861782268 0.0 0.0
25 13 1 5.218261884464 0.054577866243858 0.036891804937878 1496.4994341678 0.37034345011094 2.7001962629566 325826132.0 175965387.0 52199.0 11120.0 0.016020507526388 0.0072489581652094 54.005915952745 45.970814581563
26 7 1 5.3183228112055 0.04222544250149 0.028541519368114 1496.499750875 0.37009333618684 54.049032206549 45.950967793451 2.4647089679636
27 12 1 5.4183822161972 0.042538794340723 0.028751084699177 1496.4993632096 0.37013050057937 5789022.0 94.255109066782 2.1395323769714 99.706392547826 9.1191623622016 8.59527643047 0.1951074312479 9.0923878219303
1 7 1 5.5184394472605 0.05424567550415 0.036666425637013 1496.4974600666 0.37000118222835 56.872302574174 43.127697425826 4.0102958507977
2 10 1 5.6184975469893 0.042519733518399 0.028736042021027 1496.4939755324 0.37085252506624 6456.0645442712 0.274510144 6410.3822259858 0.272567744 12866.446770257 0.547077888
3 5 1 5.7185561766132 0.042074656116006 0.028434647240438 1496.4992213622 0.37046142161797 107943.59235669
4 6 1 5.8186095362725 0.054304001095095 0.036708452653302 1496.4999750681 0.37001743756899 0.0 0.0
5 7 1 5.9186635109724 0.042311276437877 0.028600714077483 1496.4998876143 0.36990717745043 0.11375015674211 0.036162316332032 0.31791003518367
6 8 1 6.0187201768144 0.042637805000122 0.028814122732651 1496.5040357644 0.37005447270928 9.1225548063147 23.930413628578 0.45601983592371 99.962271972006
7 7 1 6.1187762493551 0.054634169175664 0.036922742202339 1496.4977091205 0.36988942102001 49.0 2.2231973942348e-07 44.571428571429
8 10 1 6.2188291678881 0.042484990520678 0.028713716683013 1496.5034743988 0.37065842179432 7099.5365728796 0.301623744 211.0848064244 0.008967936 7310.621379304 0.31059168
9 19 1 6.3188957332561 0.04257218497387 0.028771004676088 1496.4969677469 0.37041433633646 0.61273193359375 14.392776268585 0.0633544921875 1.488166328 0.00016442660869524 0.0 0.0 0.00016442660869524 6973.5117467477 0.296877632 3.2366673236192 0.000137792 6976.7484140713 0.297015424 2.35677996305e-08
10 9 1 6.4189556889763 0.054593729579949 0.036903507918652 1496.498751852 0.37031595320477 0.00012821985333955 0.0 0.0 0.00012821985333955 0.0
11 7 1 6.5190130323592 0.042613550300727 0.028800105876925 1496.4947362673 0.37043122069264 137349021.0 206009800.0 206002820.0
12 10 1 6.6190813169422 0.041966734162114 0.028359651695417 1496.4998127208 0.3705604064097 77.0 4.556725096586e-07 69.792207792208 3.0 1.7753474402283e-08 45.333333333333
13 9 1 6.719147975608 0.053982319487193 0.036490093782195 1496.497524914 0.0 0.37010558535505 0.76739501953125 14.215673331957 0.07977294921875 1.4777606812111
14 10 1 6.8192131369807 0.042094120020871 0.028448342083032 1496.493184599 0.37089431681313 6450.4393455754 0.271525568 1.9141865885318 8.0576e-05 6453.3007428427 0.271646016
15 19 1 6.9192800094161 0.042429618754835 0.028673766221169 1496.4995720484 0.36994581366273 0.597412109375 14.080072527329 0.06219482421875 1.4658350945391 0.0 0.0 0.0 0.0 6975.5241900747 0.295968832 1.0996092203794 4.6656e-05 6976.6237992951 0.296015488 0.0
16 13 1 7.0193440059255 0.054160243744502 0.036608258561675 1496.5047249095 0.37028395567057 204.0 0.7811279296875 14.422533498417 0.1357421875 2.5063068057883 0.0 0.0 0.07977294921875 1.472906023006
17 9 1 7.1194061618423 0.046531544313336 0.031452794351189 1496.5006036596 0.37506488349864 0.20003343581818 3.0676053503034e-06 1.5335462982757e-05 3612.0 1.950737768538e-05
18 8 1 7.2194625459794 0.042475009472293 0.028706343895706 1496.4974814031 0.37536405476616 0.20000008172555 7.7580053791522e-07 3.8790011045086e-06 4.999997956862
19 5 1 7.3195176076434 0.054344930730485 0.036736021687576 1496.5002316434 0.37527007104983 6.0742459396752
20 6 1 7.4195744075443 0.042376941754301 0.028639802214428 1496.4971075303 0.37582585124596 1.0 8.0
21 7 1 7.5196382609367 0.042056463053402 0.028421389900918 1496.5000476398 0.37029530108839 90.840607612061 9.1593923879388 7.9760380992557
22 7 1 7.6196968253428 0.054468852796791 0.03682067581495 1496.4986396271 0.37034721858649 6.5140133946868e-06 5.8724817724828e-06 0.90151515151515
23 9 1 7.7197537502445 0.042319601677528 0.028603743990075 1496.5017929931 0.37007998467848 0.0 0.0 0.0 0.0 -
24 6 1 7.8198088934309 0.043509223260227 0.029406416296172 1496.5013538191 0.36981532839676 0.0 0.0
25 13 1 7.9198662386254 0.054287485580509 0.036696404561408 1496.5004075482 0.37014740388111 2.7016264048179 324100368.0 175125809.0 54600.0 10860.0 0.016846633139275 0.0069675946804232 54.034436949482 45.941748822698
26 7 1 8.0199309507196 0.042294873242921 0.028586743417734 1496.5003268747 0.37105447920503 53.909500527305 46.090499472695 2.4761082243039
27 12 1 8.1199976727916 0.050190245743334 0.033922284527466 1496.4992656545 0.37039639065388 6907353.0 94.162988340107 2.0105531018901 99.710163936894 9.2221151548471 8.6838192179699 0.18541552230566 9.1953861393472
1 7 1 8.2200662671594 0.054223172628658 0.03665458950313 1496.5007809634 0.37024255768234 57.025695341065 42.974304658935 4.0079047707724
2 10 1 8.3201241196039 0.042412768998771 0.028666737639179 1496.4967959645 0.36986050440984 6474.0020159485 0.274580352 6448.9876623695 0.273519424 12922.989678318 0.548099776
3 5 1 8.4201787464823 0.042266704566752 0.028562449315889 1496.4999465366 0.37011017426952 107335.2488189
4 6 1 8.5202327628491 0.054362701688674 0.036748405832556 1496.5019843916 0.3699002589332 0.0 0.0
5 7 1 8.620294480357 0.041944841798157 0.028348476798064 1496.498762324 0.37082493055778 0.11390128847584 0.036135322141829 0.31725121484901
6 8 1 8.7203582812129 0.041717285851565 0.028196644662478 1496.5026597556 0.3706602327985 9.0893513440912 24.027421548166 0.47139991590445 99.962825514072
7 7 1 8.8204150177075 0.05442536426661 0.036787852214772 1496.4994565218 0.37015575664564 43.0 1.9595326879104e-07 45.790697674419
8 10 1 8.9204709715879 0.042746106485666 0.028891086588602 1496.5059265658 0.36993638430446 6968.2390394991 0.297865088 1.9388900373369 8.288e-05 6970.1779295364 0.297947968
9 19 1 9.0205321945271 0.04258310805786 0.028778612066493 1496.5033986957 0.37542976117194 0.61077880859375 14.343218155045 0.06298828125 1.4791846843216 0.00016438443127469 0.0 0.0 0.00016438443127469 6878.4127171275 0.292904192 1.1106751516525 4.7296e-05 6879.5233922792 0.292951488 2.3894741234426e-08
10 9 1 9.1205918132884 0.054787326048817 0.037035472613928 1496.5009091904 0.37544780267574 0.00012776677572771 0.0 0.0 0.00012776677572771 0.0
11 7 1 9.220667607888 0.042584258428261 0.02877358485726 1496.5019097724 0.37604345461654 135174919.0 202748851.0 202741540.0
12 10 1 9.3207333172717 0.042464023887863 0.028701143678011 1496.5016916983 0.37534597532428 79.0 4.679114085443e-07 65.696202531646 3.0 1.7768787666239e-08 45.666666666667
13 9 1 9.4207949088729 0.054933690301783 0.037135212898019 1496.5029736306 0.0 0.37567514185333 0.7825927734375 14.246135097392 0.08087158203125 1.4721672909097
14 10 1 9.5208613057615 0.04198149332378 0.028375143199185 1496.502130509 0.37510240692565 6378.7055390027 0.267787584 1.8522447355619 7.776e-05 6381.4160666898 0.267901376
15 19 1 9.6209264490181 0.042597861784706 0.028791252553853 1496.4984082847 0.37055673453369 0.65875244140625 15.464448538184 0.06524658203125 1.5316867865578 0.0 0.0 0.0 0.0 7228.9495082254 0.307937792 62.757703978462 0.002673344 7291.7072122038 0.310611136 0.0
16 13 1 9.7210011593709 0.042102167178858 0.028458379291233 1496.5056893032 0.37026565661621 203.0 0.60064697265625 14.266414602949 0.09808349609375 2.3296543305496 0.0 0.0 0.0628662109375 1.4931823027169
17 9 1 9.8210744249672 0.042105898183333 0.028457817240183 1496.507319595 0.37077047933257 0.20004019121891 3.870894938046e-06 1.9350586072026e-05 6066.0 3.5793976667968e-05
18 8 1 9.9211374803468 0.042120500640999 0.028468905180404 1496.5067606085 0.37021757883754 0.2000000918787 6.8909026462285e-07 3.445449740297e-06 4.9999977030335
19 5 1 10.021192596359 0.042493573008514 0.028726699564084 1496.5015977696 0.36986504928361 6.2791878172589
20 6 1 10.121252714218 0.042340778456746 0.028620074720754 1496.5021954678 0.36972147714846 1.0 8.0
21 7 1 10.221317653669 0.042168311665317 0.02848182963715 1496.50031277 0.37296361369625 90.246859794161 9.7531402058389 7.9313149547345
22 7 1 10.321385263428 0.042042587955918 0.028418603196556 1496.5005271582 0.37063947255315 8.0724775385527e-06 7.4128970567442e-06 0.91829268292683
23 9 1 10.421449018088 0.041880923776617 0.028307415368269 1496.5002677444 0.3751338360023 0.0 0.0 0.0 0.0 -
24 6 1 10.521503994607 0.042116302241937 0.028466729893381 1496.5082053803 0.36991573162804 0.0 0.0
25 13 1 10.621562151401 0.041733395566198 0.028208839947435 1496.5054101657 0.3752824476569 2.664659661659 249138724.0 132779087.0 48231.0 9384.0 0.019359094092494 0.0081103409681106 53.295242452956 46.677288111984
26 7 1 10.7216272856 0.041911175800756 0.028326405085021 1496.5023985172 0.37508827377299 53.329350127605 46.670649872395 2.5716619896597
27 12 1 10.821687543858 0.041956571953035 0.028359411657499 1496.4990679449 0.37522531100525 6144226.0 94.480509017735 2.1875985681516 99.740048624513 9.8123707053313 9.2707777891041 0.21465528105156 9.786863312715
1 7 1 10.92174816625 0.042529725436427 0.028751543035731 1496.5041106517 0.37519592035194 55.759875472727 44.240124527273 4.3329316922722
2 10 1 11.021809223427 0.042314335336179 0.0286016592834 1496.5064923309 0.37503315656208 6385.1420057398 0.27018304 6345.2984873056 0.268497088 12730.440493045 0.538680128
3 5 1 11.121864978031 0.042592298339821 0.028786369367371 1496.5014701446 0.37552167779682 107806.23407643
4 6 1 11.221927477247 0.042534153003766 0.028751429357396 1496.5099530669 0.37595803615676 0.0 0.0
5 7 1 11.321992108724 0.042275729086678 0.028575605658323 1496.5012299357 0.37533999267589 0.11307146239874 0.036525963417505 0.32303432398086
6 8 1 11.422050842516 0.042587707727858 0.028786122535927 1496.5062558142 0.37523146116311 9.8083692284146 27.363883359845 0.48798514370325 99.964576394408
7 7 1 11.522107800026 0.042281749962313 0.028580954880688 1496.5048031498 0.37499936268362 50.0 2.9711719192213e-07 47.34
8 10 1 11.622169003038 0.042457416957386 0.028694087469015 1496.5048421616 0.37521597567086 6870.570771952 0.291706688 0.87730254615784 3.7248e-05 6871.4480744982 0.291743936
9 19 1 11.722180467475 0.042241523230412 0.028550287092758 1496.4989608547 0.3749171568602 0.59625244140625 14.115315826892 0.0615234375 1.4564682519712 0.00016571372111317 0.0 0.0 0.00016571372111317 6865.3433357065 0.29000256 2.939287944773 0.00012416 6868.2826236513 0.29012672 2.4127388197819e-08
10 9 1 11.822239646016 0.042388866656924 0.028653013810874 1496.510124393 0.37516741882112 0.0001651377012897 0.0 0.0 0.0001651377012897 0.0
11 7 1 11.922294884312 0.04214447997614 0.028484031192473 1496.5076680398 0.37500184766179 134186852.0 201266423.0 201258923.0
12 10 1 12.022353253064 0.054303844391095 0.03670665916244 1496.508601271 0.37496193717646 82.0 3.793675323294e-07 64.256097560976 3.0 1.3879299963271e-08 44.0
13 9 1 12.122411182502 0.050364698961764 0.034047580697629 1496.5064097599 0.0 0.37512637646872 0.70928955078125 14.083069399853 0.0732421875 1.4542365785926
14 10 1 12.222471917213 0.042158576995473 0.028491616390693 1496.5085453648 0.37559891799603 6369.5584418998 0.26853152 2.0342242578351 8.576e-05 6372.4185004832 0.268652096
15 19 1 12.322543634791 0.054284859656263 0.036693262329186 1496.5035555393 0.37598685514064 0.78350830078125 14.43327487153 0.08135986328125 1.4987579188088 0.0 0.0 0.0 0.0 6886.5816798123 0.37383712 158.6888140551 0.0086144 7045.2704938674 0.38245152 0.0
16 13 1 12.422608111377 0.042119891035267 0.028467139316548 1496.5059749866 0.37568222287677 204.0 0.61181640625 14.525593281752 0.0955810546875 2.2692616798906 0.0 0.0 0.06268310546875 1.4882067338746
17 9 1 12.52267022925 0.042247662766301 0.028550491804341 1496.5052502679 0.37575656131939 0.20003455057736 3.3558717574888e-06 1.6776460605444e-05 3610.0 2.1518111979635e-05
18 8 1 12.622723583474 0.054210119094917 0.036644677295807 1496.5054029757 0.37531385575932 0.20000007607317 5.8910322407242e-07 2.9455149999888e-06 4.9999980981714
19 5 1 12.722784336301 0.04211780587569 0.028467034696247 1496.5034443308 0.37577731274605 6.2751842751843
20 6 1 12.822844975903 0.041537053607026 0.028070171400712 1496.5080402459 0.37554295761692 1.0 8.0
21 7 1 12.922902950631 0.054078789367871 0.036553074297149 1496.5092621968 0.37557452459834 90.151887243867 9.848112756133 7.6600955454834
22 7 1 13.022961206158 0.042286952897419 0.028580626979833 1496.5038997031 0.37024387168135 6.7225200358354e-06 6.0820472178758e-06 0.90472727272727
23 9 1 13.123018073994 0.042632431773965 0.02881287317677 1496.5080740946 0.37536919892063 0.0 0.0 0.0 0.0 -
24 6 1 13.223072064093 0.054682824408811 0.036954840706843 1496.5029855878 0.37550314599113 0.0 0.0
25 13 1 13.323129501679 0.042396133012324 0.028659681883085 1496.5058711052 0.37490796837426 2.6673212744354 253120532.0 135036089.0 50272.0 9732.0 0.019860893781623 0.008159748968922 53.348532390095 46.623446967155
26 7 1 13.423189393087 0.042726143483091 0.028874429315774 1496.5061698051 0.3756945623915 53.243314191302 46.756685808698 2.5737662356276
27 12 1 13.523249637759 0.054534211951644 0.036863501749895 1496.5060607889 0.37016972833547 7421892.0 94.297720850694 1.9594599328581 99.731402720492 9.1184710821579 8.5985104069045 0.17867278734413 9.0939791168985
1 7 1 13.623309201266 0.042591193259593 0.028788502987434 1496.5096201535 0.37020601357731 56.744639560832 43.255360439168 4.0218533937568
2 10 1 13.72336504011 0.042129629328324 0.028471819150152 1496.5085174543 0.36997965472916 6471.0357139723 0.272622336 6434.1225954665 0.2710672 12905.158309439 0.543689536
3 5 1 13.823418830931 0.054082862766055 0.03655690131679 1496.5087008238 0.37003268054501 137406.78740157
4 6 1 13.923473802921 0.041781308040503 0.028238144954052 1496.5079398754 0.3703295174604 0.0 0.0
5 7 1 14.023528347371 0.042088958752725 0.028445547679341 1496.5051436235 0.37012079627926 0.11372235176968 0.03617083192752 0.31806264436717
6 8 1 14.123586063945 0.054016299798396 0.036506087101083 1496.5094795025 0.37011540005453 9.1552664668888 23.929909002773 0.46640355768064 99.964946288484
7 7 1 14.223655230781 0.041699758554508 0.028175159004277 1496.505946904 0.37234769296545 49.0 2.9327993675304e-07 95.571428571429
8 10 1 14.32371428885 0.041618476280536 0.028125462550047 1496.5048187676 0.37577640437469 6869.3982468961 0.285893888 7.598163802741 0.000316224 6876.9964106989 0.286210112
9 19 1 14.423777034444 0.053752258088215 0.036333643407641 1496.5069037181 0.37566012542311 0.76708984375 14.270839422059 0.07916259765625 1.472730643731 0.00013022708717673 0.0 0.0 0.00013022708717673 6880.3813114799 0.369836032 4.642335203676 0.000249536 6885.0236466835 0.370085568 1.8914544649307e-08
10 9 1 14.523838851591 0.041912782696104 0.028329192695186 1496.5079324027 0.37558374886699 0.00016701348728751 0.0 0.0 0.00016701348728751 0.0
11 7 1 14.623896262003 0.041793642366293 0.028244450251975 1496.5113368248 0.37527469767001 132960017.0 199427337.0 199420739.0
12 10 1 14.723955032026 0.054537385886987 0.036865047503509 1496.5091963389 0.37503166962804 88.0 4.0545232941463e-07 57.715909090909 3.0 1.3822238502771e-08 48.0
13 9 1 14.824014879956 0.042159275369945 0.028494527643031 1496.5086747378 0.0 0.37500126732961 0.59478759765625 14.108107704343 0.06158447265625 1.4607573805728
14 10 1 14.924075390028 0.042189123405739 0.028511903670909 1496.5090953936 0.37530037399933 6374.5794719076 0.26893792 2.0175816212484 8.512e-05 6377.5466821716 0.269063104
15 19 1 15.024136384705 0.054049358001672 0.03653591747371 1496.5098156488 0.37506392114891 0.7637939453125 14.131415682845 0.0791015625 1.46350605122 0.0 0.0 0.0 0.0 6859.2249326724 0.370736704 2.6073945225333 0.000140928 6861.8323271949 0.370877632 0.0
16 13 1 15.124205011681 0.042646472633483 0.028822251865852 1496.5067526298 0.37008102960395 203.0 0.59600830078125 13.975559148902 0.095458984375 2.2383793659889 0.0 0.0 0.06231689453125 1.4612438188457
17 9 1 15.224267053467 0.042591361739037 0.028783790997807 1496.5083705374 0.37459595945009 0.20003609559958 4.0846261450141e-06 2.0419445464435e-05 5334.0 3.1439243661624e-05
18 8 1 15.324322485604 0.054381277906143 0.036761798589695 1496.5068571851 0.37543286409429 0.20000008695556 5.7816198198664e-07 2.8908086530737e-06 4.9999978261119
19 5 1 15.424381822661 0.042600947857112 0.028792372579838 1496.5096522675 0.37515933459139 6.1666666666667
20 6 1 15.524435772904 0.042381882912205 0.028643566733631 1496.506406321 0.37564900367103 1.0 8.0
21 7 1 15.624493357231 0.054605104659868 0.036909458594519 1496.5064399343 0.37547701337669 90.206976060228 9.7930239397723 7.6680345273531
22 7 1 15.724560525864 0.042146364047348 0.028483851390485 1496.5086075701 0.37564635021122 7.9686575427612e-06 7.0030613133448e-06 0.8788257339163
23 9 1 15.824627234349 0.047269869247048 0.031950592232684 1496.5099675783 0.37553185907375 0.0 0.0 0.0 0.0 -
24 6 1 15.924685823212 0.042117727976592 0.028473379849523 1496.5014883174 0.37538615307798 0.0 0.0
25 13 1 16.024749781677 0.042371232475059 0.028640907747558 1496.5076537399 0.37576645121323 2.6612274639509 252954720.0 134639233.0 50472.0 9424.0 0.019952978145654 0.0082402099474562 53.226614233567 46.74519257834
26 7 1 16.124811746469 0.042514133841376 0.028737013042342 1496.5018936451 0.3752326920523 53.308728788454 46.691271211546 2.5713207253712
27 12 1 16.224873547311 0.04227695554457 0.028577717086201 1496.5053202352 0.36999069798107 5823964.0 94.011810512565 2.1577914973376 99.689438327572 9.2298603803829 8.6771588513799 0.19916114250403 9.2011959716228
1 7 1 16.324940398913 0.042443936790214 0.028689789884473 1496.5045806571 0.37035345396195 56.255612474675 43.744387525325 4.0579991632293
2 10 1 16.42499696874 0.042283436568366 0.028581214846282 1496.5080641944 0.37004415869542 6471.2969003261 0.273628672 6435.3096645786 0.272107008 12906.606564905 0.54573568
3 5 1 16.525051640909 0.042530469101072 0.028753596945089 1496.5051821277 0.37009029685001 109263.85350318
4 6 1 16.625110730681 0.042245570360296 0.02855286500942 1496.5067825081 0.37048604602164 0.0 0.0
5 7 1 16.72516473346 0.042276190140642 0.028575296779341 1496.5072383692 0.37044898493217 0.11373687866214 0.036160247664092 0.31792896103212
6 8 1 16.825224202764 0.041931902395653 0.028345258478351 1496.5107480003 0.37029582928879 9.1142347082668 23.932095174614 0.42486412792302 99.961954684004
7 7 1 16.925284871352 0.042002502529358 0.028389866581614 1496.5041492484 0.37532998421659 50.0 2.9938076621202e-07 47.38
8 10 1 17.025336534441 0.041580010430571 0.028101407127414 1496.5096270582 0.37546915663836 6861.3831753692 0.285296384 1.5238091415536 6.336e-05 6862.9069845108 0.285359744
9 19 1 17.125397942164 0.042011573245261 0.028397470801707 1496.4985916791 0.37549277862467 0.597900390625 14.231801964056 0.0611572265625 1.4557233123708 0.0001666207537417 0.0 0.0 0.0001666207537417 6868.1478390612 0.288541696 3.934915720364 0.000165312 6872.0827547816 0.288707008 2.4246034235511e-08
10 9 1 17.225463832709 0.042398700965149 0.028658687763782 1496.5070482612 0.37550409640667 0.00016509939787433 0.0 0.0 0.00016509939787433 0.0
11 7 1 17.325529735934 0.042130163752369 0.028476246264589 1496.506682767 0.37574426816344 133883462.0 200812568.0 200805820.0
12 10 1 17.425597257831 0.042259392921179 0.028567399984729 1496.5063135301 0.37579733727166 73.0 4.3492044661587e-07 57.397260273973 3.0 1.7873443011611e-08 45.333333333333
13 9 1 17.525661517023 0.042196616212005 0.02851988923426 1496.5057880348 0.0 0.37533829276916 0.60894775390625 14.43119872093 0.0625 1.4811614202899
14 10 1 17.62572192021 0.042421110542884 0.028673900732984 1496.5036445113 0.3754976936926 6372.3759359559 0.270323264 1.8737840424909 7.9488e-05 6375.1956641165 0.27044288
15 19 1 17.725783519058 0.042412527149245 0.028672239036527 1496.5038792569 0.37527401902078 0.6112060546875 14.41097939146 0.062744140625 1.479377552868 0.0 0.0 0.0 0.0 6877.0911710502 0.291674816 1.7413723011625 7.3856e-05 6878.8325433513 0.291748672 0.0
16 13 1 17.825851537335 0.042515010659131 0.028737676996282 1496.5070564939 0.37540940373198 204.0 0.61041259765625 14.35757837509 0.09539794921875 2.2438651135152 0.0 0.0 0.06256103515625 1.4715046329834
17 9 1 17.925913779303 0.042272152974597 0.028569788135566 1496.5056691156 0.37497774147989 0.20003435105782 3.4774293672275e-06 1.7384161014536e-05 3844.0 2.2849980320722e-05
18 8 1 18.025969675212 0.042609426177549 0.028802980897124 1496.5061886405 0.37525283151948 0.20000009322827 6.8446069359376e-07 3.4223018726924e-06 4.9999976692944
19 5 1 18.126028795781 0.042651092231157 0.028830406814451 1496.5064102915 0.37527764799602 6.1367088607595
20 6 1 18.226083871032 0.042355579285372 0.028629099240681 1496.5074491497 0.37523464554302 1.0 8.0
21 7 1 18.326153306891 0.042328449565778 0.02861362268267 1496.5029824763 0.37552909871604 90.117506076243 9.8824939237574 7.6514954693516
22 7 1 18.426222813403 0.042283757222792 0.028576916808839 1496.5077784231 0.37550036750569 7.7065449256062e-06 6.7097524352285e-06 0.87065637065637
23 9 1 18.526278145903 0.054487232454908 0.036829566275963 1496.504162143 0.37421275832985 0.0 0.0 0.0 0.0 -
24 6 1 18.626332241074 0.042380710802521 0.028647398735191 1496.5074258452 0.37006389859648 0.0 0.0
25 13 1 18.726387127012 0.042407518056081 0.028661054628237 1496.5052943925 0.37522416492146 2.6650735573209 253132656.0 134928795.0 46786.0 9400.0 0.018482798995322 0.008123803670752 53.303590746506 46.669802650828
26 7 1 18.826450880767 0.054239087595546 0.036660983116891 1496.5070043274 0.37612871537714 53.181814958605 46.818185041395 2.5799393019706
27 12 1 18.926518656288 0.042188093507199 0.028514082581145 1496.5078429986 0.37560745336166 6248304.0 94.448029417263 2.1337470135896 99.704271751182 9.9244564511959 9.373453548529 0.21176279314239 9.8951070299282
1 7 1 19.026580156403 0.04203606707677 0.028408171510946 1496.5073895315 0.3704294931667 56.62461078793 43.37538921207 4.0308921020248
2 10 1 19.126636442713 0.038157694719347 0.025787973301185 1496.5072358143 0.3703809937095 6464.0164929812 0.246651968 6428.5745196139 0.245299584 12892.591012595 0.491951552
3 5 1 19.226689117585 0.042038954778218 0.028415204169052 1496.5029664037 0.37038032741319 107893.39490446
4 6 1 19.326742121264 0.042420363255025 0.028667430125928 1496.5049352504 0.37554230331154 0.0 0.0
5 7 1 19.426793981818 0.054717592769029 0.036986346362979 1496.5025480322 0.37530720144066 0.11305509349348 0.036510259833941 0.32294219310028
6 8 1 19.526851601471 0.042364643660651 0.02863568850799 1496.504978017 0.37004895190025 9.1999488321126 23.897543327744 0.46894723526707 99.960980373686
7 7 1 19.626905899543 0.042667739993048 0.028837410939748 1496.5064336014 0.37029117803511 47.0 2.7333103083925e-07 49.297872340426
8 10 1 19.726959431305 0.054436409634068 0.036797000376871 1496.5051275651 0.37015372609691 6951.1887823547 0.37839776 2.1879473830225 0.000119104 6953.3767297377 0.378516864
9 19 1 19.8270196796 0.041379672066509 0.027967487255358 1496.5004255514 0.3700685034908 0.5799560546875 14.015482137107 0.060791015625 1.4691033686128 0.00016916518789102 0.0 0.0 0.00016916518789102 6944.2066031395 0.287348992 1.5791328625073 6.5344e-05 6945.785736002 0.287414336 2.4355082969835e-08
10 9 1 19.9270781806 0.04236372064692 0.028630074338111 1496.5008480517 0.37016963536639 0.00016523572276244 0.0 0.0 0.00016523572276244 0.0
11 7 1 20.027133389004 0.054451307383665 0.036809983257942 1496.5025143324 0.37025304641644 175629523.0 263429869.0 263422416.0
12 10 1 20.12719243258 0.042110228829701 0.028463844909344 1496.5020330631 0.36979260527855 77.0 4.5306380218627e-07 56.597402597403 3.0 1.7651836448816e-08 44.666666666667
13 9 1 20.227250166364 0.041895242717799 0.0283106644853 1496.507808811 0.0 0.37066492806785 0.5977783203125 14.268405707518 0.0618896484375 1.477247640129
14 10 1 20.327315398389 0.054058018388605 0.036535542018173 1496.5060043522 0.37088042283229 6450.8942501953 0.34872256 1.8398010686416 9.9456e-05 6453.4420313405 0.348860288
15 19 1 20.427388370505 0.0416643914582 0.028161789798029 1496.5023401231 0.37038492317947 0.57916259765625 13.90066138941 0.0609130859375 1.4619938946813 0.0 0.0 0.0 0.0 6963.8731263144 0.290145536 9.0521422922589 0.000377152 6972.9252686067 0.290522688 0.0
16 13 1 20.527453523726 0.041892660272119 0.028310691659404 1496.5047668277 0.37032072887775 204.0 0.581787109375 13.887566595101 0.09283447265625 2.2160080561423 0.0 0.0 0.06103515625 1.456941522776
17 9 1 20.627517271139 0.053833536738974 0.036387627935477 1496.5029434022 0.37017713700451 0.20003080074638 2.7736797785313e-06 1.386626343634e-05 3404.0 1.5683730840732e-05
18 8 1 20.727572221389 0.042515002506899 0.028735113119573 1496.5014870992 0.37020959270131 0.20000009569353 6.7685669361935e-07 3.3842818488273e-06 4.9999976076628
19 5 1 20.827625729601 0.042439818101856 0.028683164837927 1496.5051803031 0.37000131561641 6.2106598984772
20 6 1 20.927679859193 0.054642206369813 0.036936791666991 1496.503995296 0.36994113795502 1.0 8.0
21 7 1 21.027738012364 0.04241023093746 0.028666815538277 1496.502336799 0.36987879802938 90.851168142308 9.1488318576924 7.8473709672829
22 7 1 21.127795863903 0.042247247908314 0.028550305208827 1496.5058315003 0.37023359992219 6.3379373513246e-06 5.5206126118101e-06 0.87104247104247
23 9 1 21.227852865798 0.053989813199263 0.036494757764239 1496.5069657248 0.37533281500858 0.0 0.0 0.0 0.0 -
24 6 1 21.327909502654 0.042136883908279 0.028482065598953 1496.5082592547 0.37506384090159 0.0 0.0
25 13 1 21.427969262721 0.042366799472899 0.028631889568256 1496.5012576454 0.37062601337148 2.6981376479845 252875072.0 136463649.0 49776.0 9796.0 0.019684028008898 0.0083412729586885 53.964848302643 46.007126396389
26 7 1 21.528029897793 0.054126653834593 0.036589194569039 1496.5046599115 0.37525008699112 53.305636526365 46.694363473635 2.5750707223282
27 12 1 21.628089853514 0.042353100101287 0.028625139520831 1496.4997519652 0.37511178404478 6196462.0 94.438245566583 2.1370904880882 99.711012510042 9.803929076235 9.2586586161884 0.20951883574713 9.7755969476803
1 7 1 21.728149856335 0.04219635081159 0.028515660943684 1496.5047154187 0.37529437867383 56.28339775062 43.71660224938 4.2797797488068
2 10 1 21.828205972355 0.054443576351087 0.03680379344996 1496.5046025093 0.37521919379441 6382.1794100979 0.347468672 6346.1412191578 0.345506624 12728.320629256 0.692975296
3 5 1 21.928274045886 0.042115761477268 0.028463723531679 1496.5045601539 0.37077381226747 107962.92834395
4 6 1 22.028331079484 0.042301237418069 0.028588223047695 1496.4979525437 0.37019182394155 0.0 0.0
5 7 1 22.128386846769 0.054453515732513 0.036797683805586 1496.5042090109 0.37082102963928 0.11384129616656 0.036106394649417 0.3171642968347
6 8 1 22.228460203851 0.040905347176019 0.027636396161056 1496.5035230783 0.37009273519611 9.2364916488877 23.910785799463 0.45888664662736 99.959030319104
7 7 1 22.328517685822 0.042313895115695 0.028596861695345 1496.5066660298 0.37037670959172 55.0 3.2262050440425e-07 52.709090909091
8 10 1 22.42857008533 0.042009517977198 0.028399411938533 1496.4981987649 0.37582419173655 6862.8942649732 0.28830688 2.6173116306567 0.000109952 6865.5115766039 0.288416832
9 19 1 22.528635140723 0.042223908976223 0.028538026137049 1496.5002013984 0.37546217722688 0.6051025390625 14.330803417638 0.0626220703125 1.483095048063 0.00016578285075268 0.0 0.0 0.00016578285075268 6860.3906891501 0.289672512 1.0670731605018 4.5056e-05 6861.4577623106 0.289717568 2.4161461965606e-08
10 9 1 22.628696210582 0.042125383827482 0.028471577753528 1496.5047355276 0.3751425026832 0.0001661705927397 0.0 0.0 0.0001661705927397 0.0
11 7 1 22.728754675349 0.042460642523527 0.02870860070504 1496.5047153705 0.37549827024939 135064614.0 202584097.0 202577122.0
12 10 1 22.828819641068 0.042203263903638 0.028526212195351 1496.5056339425 0.37511208022785 71.0 4.2284312427183e-07 57.549295774648 3.0 1.7866610884725e-08 48.333333333333
13 9 1 22.928878506201 0.042462207751915 0.028702545861776 1496.5026509018 0.0 0.37551415995281 0.60955810546875 14.355308820259 0.06256103515625 1.4733344889122
14 10 1 23.028939684756 0.042095253181007 0.028455808620998 1496.4982226825 0.37532999687203 6375.7391087767 0.268388352 1.845718795559 7.7696e-05 6378.4742390182 0.268503488
15 19 1 23.129006540887 0.042216987731943 0.028535212258584 1496.503696997 0.37503054083772 0.595703125 14.110507570612 0.0616455078125 1.4602062137621 0.0 0.0 0.0 0.0 6862.2673374869 0.289704256 1.4356306135537 6.0608e-05 6863.7029681005 0.289764864 0.0
16 13 1 23.229068913291 0.04198428501006 0.028377456168334 1496.4990066198 0.36974120415992 204.0 0.5968017578125 14.214884394708 0.09466552734375 2.2547847920017 0.0 0.0 0.0621337890625 1.4799296700566
17 9 1 23.32913402575 0.042036989184698 0.028416625827591 1496.5004991062 0.37032703109428 0.20003507465319 3.5354419377971e-06 1.7674110122571e-05 3915.0 2.3107270762063e-05
18 8 1 23.429203159977 0.042385493444819 0.028647609787399 1496.5022231762 0.37069709027927 0.20000009142382 6.7395764991952e-07 3.3697867092037e-06 4.9999977144055
19 5 1 23.529265434554 0.042052245632467 0.028420809733798 1496.4977520165 0.37079822778974 6.2356164383562
20 6 1 23.62932076343 0.042456072745044 0.028700872842775 1496.5022949825 0.37545369385649 1.0 8.0
21 7 1 23.729383501778 0.042473394424714 0.028709330329732 1496.5015298465 0.37529280751792 90.148461842951 9.8515381570486 7.6126266258701
22 7 1 23.82944237144 0.051760754060044 0.034989710958169 1496.5001404339 0.37542511484759 8.0584180723575e-06 7.0622518181867e-06 0.87638190954774
23 9 1 23.929498697606 0.042487903584623 0.028721598531868 1496.5021451342 0.37539346353825 0.0 0.0 0.0 0.0 -
24 6 1 24.029558081764 0.042627374673217 0.02881374093649 1496.506207396 0.37564328912222 0.0 0.0
25 13 1 24.129616774794 0.042706464902803 0.028867655264558 1496.50196956 0.37547265115917 2.6633098227335 254957340.0 135811175.0 48027.0 8992.0 0.018837269011357 0.0077126628321428 53.268195769535 46.705254298621
26 7 1 24.229687401785 0.042518745286819 0.028737160235405 1496.5036762376 0.38258729853928 52.284081165741 47.715918834259 2.4462589913758
27 12 1 24.329765110347 0.042156486401075 0.028495544407421 1496.4997813115 0.37540220714664 6229234.0 94.447583763911 2.1080119963386 99.703109563712 9.9006035183729 9.3508808011479 0.20870590987722 9.871209573392
1 7 1 24.429827092349 0.042350762222543 0.028623997302661 1496.5020462286 0.37573883504612 55.610776429399 44.389223570601 4.325092847111
2 10 1 24.529884042614 0.042474529396456 0.028713799111129 1496.5018830225 0.37557389246421 6376.4143793574 0.2708352 6346.1008710432 0.269547648 12722.515250401 0.540382848
3 5 1 24.629943079849 0.042236442578774 0.028549296596668 1496.5003321918 0.37522640169282 107002.51273885
4 6 1 24.729997148753 0.042210179713097 0.028530544653326 1496.498838238 0.37522897410743 0.0 0.0
5 7 1 24.830052185054 0.042110862892127 0.028464670549203 1496.5008986982 0.37540935965356 0.1130300609714 0.036507963899064 0.32299340180223
6 8 1 24.930118869988 0.042349945187817 0.02861869880529 1496.5026070762 0.37285086021764 9.6296508590814 25.592751014593 0.50065166533699 99.959417400095
7 7 1 25.030186014165 0.041572040265879 0.028096611803868 1496.500899949 0.37565725383402 46.0 2.7854774193547e-07 49.695652173913
8 10 1 25.13024801066 0.042002671914606 0.028390049553914 1496.4974192833 0.37544314688743 6871.971206661 0.288641152 1.3073454020173 5.4912e-05 6873.278552063 0.288696064
9 19 1 25.230309344107 0.041929111615176 0.028326508799518 1496.4989260413 0.37569045958991 0.607666015625 14.49269951632 0.0614013671875 1.4644089708134 0.00016694844537241 0.0 0.0 0.00016694844537241 6895.5851641596 0.28912576 6.8229444645914 0.00028608 6902.4081086242 0.28941184 2.418698557737e-08
10 9 1 25.330370612337 0.054130645710465 0.036590059158447 1496.4995953189 0.37532144131737 0.00012931676517294 0.0 0.0 0.00012931676517294 0.0
11 7 1 25.430427452999 0.04251105048638 0.028735295638971 1496.5006973571 0.37539277827337 135227703.0 202828907.0 202822503.0
12 10 1 25.530485615228 0.042283645808966 0.02857773791968 1496.4990169743 0.37536310742431 73.0 4.3426075090418e-07 56.41095890411 3.0 1.7846332228939e-08 49.333333333333
13 9 1 25.630542950459 0.054620271433094 0.036923058780651 1496.4979495938 0.0 0.37484688910849 0.7659912109375 14.023936367211 0.07928466796875 1.451561222391
14 10 1 25.730601811968 0.042132974460522 0.028476909312726 1496.497004357 0.37528477134073 6375.485695929 0.268618176 1.9382443571962 8.1664e-05 6378.2806564441 0.268735936
15 19 1 25.830660985074 0.042488501414911 0.028714257447682 1496.5036929654 0.37521887499169 0.61029052734375 14.363663274073 0.06292724609375 1.4810417877357 0.0 0.0 0.0 0.0 6870.4126123299 0.291913536 0.70042479750901 2.976e-05 6871.1130371275 0.291943296 0.0
16 13 1 25.930722850228 0.054386769792554 0.036763539996857 1496.4972734626 0.37019074453796 204.0 0.78399658203125 14.415207687855 0.12554931640625 2.3084532669458 0.0 0.0 0.0811767578125 1.4925828123665
17 9 1 26.030784287843 0.042416888592931 0.028671475444205 1496.4949779916 0.37005846581601 0.20003489433812 3.6651506017689e-06 1.8322556241481e-05 3730.0 2.1803846482613e-05
18 8 1 26.130837944606 0.046694842562089 0.03156300300593 1496.4945795321 0.37016497227803 0.20000007861089 6.9050104168456e-07 3.4525038514008e-06 4.9999980347286
19 5 1 26.230889527984 0.054559984777647 0.036880654044317 1496.5018924811 0.36990504333947 6.3233256351039
20 6 1 26.330944966463 0.042298404064829 0.028590525600104 1496.5016979316 0.3701246830829 1.0 8.0
21 7 1 26.431004545368 0.042487278580232 0.028712798651201 1496.5012554557 0.37068486506567 90.738597003341 9.2614029966585 7.9738410308226
22 7 1 26.531069072679 0.054527300671203 0.036858145281102 1496.494970226 0.37063560378448 6.743967998813e-06 6.2809606291702e-06 0.9313449634215
23 9 1 26.631131920629 0.04228097550035 0.028575760550715 1496.4975100346 0.37029409532472 0.0 0.0 0.0 0.0 -
24 6 1 26.731187173418 0.042205715007816 0.028520274200733 1496.4963512845 0.37012310850235 0.0 0.0
25 13 1 26.831245360104 0.054113435444621 0.036577998838206 1496.4983733903 0.37003894483688 2.7024182561131 323054616.0 174612082.0 55016.0 11048.0 0.017029937748978 0.0072396427234459 54.05032875308 45.925401666448
26 7 1 26.931305632855 0.042276190140642 0.028574555832106 1496.5024509326 0.37022659979393 54.029263470006 45.970736529994 2.465363204945
27 12 1 27.031367196377 0.042018858622533 0.028395864359261 1496.4987637502 0.36953659842684 5751527.0 93.92246615551 1.8825957002375 99.677842075678 9.1734363539239 8.6159176548114 0.172698718363 9.1438834017772
1 7 1 27.13142857602 0.046326765700687 0.031309520699647 1496.4934008547 0.37266194988216 56.506106036232 43.493893963768 4.1767171948128
2 10 1 27.231484268123 0.041990064941973 0.028379727470524 1496.493686109 0.3749391640813 6385.7604500146 0.268138496 6353.9388274035 0.266802304 12739.699277418 0.5349408
3 5 1 27.331540174902 0.041831497704721 0.028270176882001 1496.4993419346 0.37523862807473 105952.91401274
4 6 1 27.431594769171 0.054495369287438 0.036837656912517 1496.4978404238 0.37521888601599 0.0 0.0
5 7 1 27.531649136084 0.042258894729273 0.028563433924255 1496.4953082251 0.37513567879608 0.11300511320847 0.036505481904567 0.32304274442186
6 8 1 27.631706994869 0.042382365705453 0.02864054225586 1496.4915076968 0.37578564660671 9.8051368679019 27.426936070415 0.47261393500695 99.961904158288
7 7 1 27.731762563783 0.054148354168215 0.036602652091126 1496.4983454153 0.37497151515455 52.0 2.4126429207329e-07 50.692307692308
8 10 1 27.831813938827 0.049143425888571 0.033221838030169 1496.4955615957 0.37531087426494 6863.8744226915 0.337314304 1.8141185395203 8.9152e-05 6865.688541231 0.337403456
9 19 1 27.931873819365 0.042060181376628 0.028424708764815 1496.4933888602 0.37518918529927 0.59686279296875 14.190685190445 0.06170654296875 1.4671012094836 0.00016642819338601 0.0 0.0 0.00016642819338601 6870.8588156633 0.288989568 0.561481173572 2.3616e-05 6871.4202968369 0.289013184 2.422034836999e-08
10 9 1 28.031941176406 0.05433886818789 0.036728241741612 1496.4973678329 0.37604105885941 0.00012882123300389 0.0 0.0 0.00012882123300389 0.0
11 7 1 28.132007383981 0.042124867519506 0.028470518869277 1496.4965785285 0.37498350116389 134128808.0 201179973.0 201173066.0
12 10 1 28.232067518145 0.042002441840525 0.028383141896687 1496.4950347792 0.37503638933098 82.0 4.907166288007e-07 63.670731707317 3.0 1.7953047395147e-08 47.333333333333
13 9 1 28.332129345255 0.05430252825866 0.036707623843131 1496.4984227859 0.0 0.37543464507732 0.76776123046875 14.138590873921 0.07940673828125 1.4623027845593
14 10 1 28.432204849091 0.041901723741594 0.028329335812133 1496.4975907993 0.37125207254008 6446.7663828314 0.270130624 1.8099494060841 7.584e-05 6449.5187278354 0.270245952
15 19 1 28.532266941602 0.042150689258896 0.028485100493464 1496.4955968735 0.37550732570721 0.5950927734375 14.118221644784 0.06134033203125 1.4552628464623 0.0 0.0 0.0 0.0 6864.9832562092 0.289363776 1.6033901506305 6.7584e-05 6866.5866463599 0.28943136 0.0
16 13 1 28.632331253331 0.041811983074861 0.028265320869622 1496.4964232021 0.37489730846031 204.0 0.5960693359375 14.255945116745 0.09393310546875 2.2465594444676 0.0 0.0 0.0616455078125 1.4743502527046
17 9 1 28.732397963628 0.042232740560011 0.028543380794235 1496.4981419559 0.37507817111465 0.20003838187669 3.8327123654888e-06 1.9159884865753e-05 4135.0 2.4609108123131e-05
18 8 1 28.832452641231 0.041747086785578 0.028218487660146 1496.4973609342 0.37491535880004 0.20000009266681 7.1004436826564e-07 3.5502201963904e-06 4.9999976833309
19 5 1 28.932506345096 0.054728220561089 0.036995150772663 1496.493140392 0.37550583708673 6.2231947483589
20 6 1 29.032566338859 0.042423897700147 0.028671006690912 1496.4970435837 0.37507539410766 1.0 8.0
21 7 1 29.132624633336 0.046547869609194 0.031464231025744 1496.5019118289 0.37526291618162 90.183439976437 9.8165600235627 7.6049393316614
22 7 1 29.232682823645 0.042224806627457 0.028546383079822 1496.495642122 0.3701388656194 7.5067643948214e-06 6.8412363911084e-06 0.91134289439374
23 9 1 29.332745434275 0.041877067771265 0.028305087906265 1496.4966608885 0.3699617049363 0.0 0.0 0.0 0.0 -
24 6 1 29.43279940354 0.042337912494582 0.028615813368351 1496.4949664699 0.37002746728952 0.0 0.0
25 13 1 29.532861893699 0.042439652339822 0.028688735076338 1496.4966983206 0.37074670948543 2.697259272747 253377128.0 136690050.0 58851.0 9804.0 0.023226642619455 0.0082134485319448 53.94727262044 46.021287288409
26 7 1 29.632935662016 0.04241722283441 0.028671975447718 1496.4945435352 0.37488907031382 53.357420506335 46.642579493665 2.5761991201462
27 12 1 29.732997790758 0.042314100733082 0.028601080474985 1496.4954165793 0.37577787039121 6229899.0 94.574454577835 2.2448357509488 99.721440106814 9.8651239917339 9.3298872086095 0.22145583024187 9.8376437128799
1 7 1 29.833058866958 0.042457134346705 0.028702488796157 1496.499675596 0.37495752011057 56.025639589331 43.974360410669 4.3109472480247
2 10 1 29.933119472139 0.042282710113986 0.028577718897808 1496.5009785582 0.37506625713879 6383.9374361841 0.269930176 6348.1100259752 0.268415296 12732.047462159 0.538345472
3 5 1 30.033174224924 0.042509717143678 0.028734386212292 1496.5003989368 0.36972029571223 109300.13057325
4 6 1 30.133228472271 0.042551957476683 0.028767683547682 1496.496083635 0.37003990961459 0.0 0.0
5 7 1 30.233287629072 0.042326520204397 0.02860998950497 1496.4990664422 0.36999728879333 0.11375432236388 0.036157618329962 0.31785709394232
6 8 1 30.333356795908 0.042275746296944 0.028573280460827 1496.5007337488 0.36998871836713 9.2219242674201 23.916100908299 0.48547964347713 99.959150005643
7 7 1 30.4334167317 0.042172470209026 0.02850715997816 1496.5032042636 0.37053515482926 45.0 2.64906101501e-07 50.844444444444
8 10 1 30.533472664747 0.042244876514841 0.028554412121739 1496.502021453 0.36991288224888 6968.9515105239 0.294402496 0.65143994421032 2.752e-05 6969.6029504682 0.294430016
9 19 1 30.633533727359 0.0422999910325 0.028592224434503 1496.5019283281 0.37507350794446 0.59478759765625 14.06117550236 0.06134033203125 1.4501263601716 0.0001654846686521 0.0 0.0 0.0001654846686521 6875.5880297124 0.290837312 1.4933336499165 6.3168e-05 6877.0813633623 0.29090048 2.4063212271083e-08
10 9 1 30.733594644137 0.042541442910056 0.028759072979939 1496.4947579969 0.37535168390983 0.00016454542961319 0.0 0.0 0.00016454542961319 0.0
11 7 1 30.833655948598 0.042497383723693 0.028723698184301 1496.4982444322 0.3749836207169 135321607.0 202968978.0 202961889.0
12 10 1 30.933715198697 0.042727027547273 0.028881765418041 1496.4955921451 0.37492719709985 72.0 4.2331113013542e-07 56.555555555556 3.0 1.7637963755642e-08 49.333333333333
13 9 1 31.033776152613 0.04249292898225 0.028724191394288 1496.5018706719 0.0 0.37498329952225 0.6455078125 15.190946540062 0.06463623046875 1.5211055584271
14 10 1 31.133850363868 0.050586897986661 0.034196643339119 1496.4968992434 0.37588834740297 6366.3017266826 0.322051456 1.7383157200741 8.7936e-05 6368.7966019373 0.322177664
15 19 1 31.233919897554 0.042462866271035 0.028689423486971 1496.501672568 0.37502808826836 0.605712890625 14.264531432212 0.0628662109375 1.4804985263179 0.0 0.0 0.0 0.0 6907.4233031715 0.293308992 3.492180651525 0.000148288 6910.915483823 0.29345728 0.0
16 13 1 31.333985381393 0.042198225824763 0.028523533281602 1496.4984326258 0.37440044791429 204.0 0.59356689453125 14.066157591463 0.0916748046875 2.1724800722239 0.0 0.0 0.06195068359375 1.4680873990061
17 9 1 31.434054867977 0.04220268147201 0.028526979410886 1496.5014370569 0.37026822338546 0.20003432206099 3.4389075602954e-06 1.7191587547895e-05 3879.0 2.2802602438267e-05
18 8 1 31.534111189614 0.041742074975004 0.028215037001844 1496.4955807992 0.37018343350099 0.20000007843579 7.1899473080255e-07 3.5949722441403e-06 4.999998039106
19 5 1 31.634165657071 0.042324246637698 0.028611737252756 1496.4989010239 0.37550393446471 6.3112947658402
20 6 1 31.734225301194 0.042412454684968 0.028665280201403 1496.501796621 0.37477962431958 1.0 8.0
21 7 1 31.834287900955 0.042647316842313 0.028822697068255 1496.4990760819 0.3750293381767 90.19507175888 9.80492824112 7.5528231111778
22 7 1 31.934297225884 0.042370170873397 0.028641338910008 1496.5006705388 0.36976697458386 6.5096113461395e-06 5.7105273186194e-06 0.87724550898204
23 9 1 32.034351491347 0.042555489204395 0.028761703886105 1496.4949946368 0.3747542978792 0.0 0.0 0.0 0.0 -
24 6 1 32.13440516532 0.054717112693193 0.036986928341705 1496.497529547 0.36972376009265 0.0 0.0
25 13 1 32.234462130077 0.04250849702641 0.028730701856696 1496.4938333505 0.36974255143277 2.7045845714132 253747776.0 137261801.0 51799.0 9328.0 0.020413577930236 0.0076828259570638 54.093794697929 45.878108898184
26 7 1 32.33452066278 0.042735102785167 0.028882858722824 1496.4951739241 0.36980778531078 54.090345329107 45.909654670893 2.4698895447328
27 12 1 32.434578618486 0.054514922866847 0.036852580930414 1496.5006639559 0.36996201209193 7439167.0 94.209862475194 1.8653835839416 99.743210496552 9.142403433642 8.6130457017615 0.17054089282887 9.1189267012615
1 7 1 32.534637539779 0.042553171253327 0.028764168124433 1496.5012525996 0.37001590167679 57.006811294268 42.993188705732 4.0078088569364
2 10 1 32.634698889531 0.042216745882418 0.02852854871539 1496.5037616907 0.37053308962576 6460.9917770473 0.272762048 6425.7132644839 0.271272704 12886.705041531 0.544034752
3 5 1 32.734758656844 0.054165104285898 0.036611628150567 1496.5016280521 0.36999313586378 137627.1984252
4 6 1 32.834813936806 0.041963560226771 0.02836389719626 1496.4973300205 0.36998670064569 0.0 0.0
5 7 1 32.934866200444 0.04225892009177 0.028560609176148 1496.4982306694 0.37013327088278 0.11372747025969 0.036141894223794 0.31779388164765
6 8 1 33.034923550167 0.053949887194112 0.036467316448253 1496.4980468496 0.37009031351972 9.1720852557665 23.935607264393 0.47062647824088 99.965665361418
7 7 1 33.13497959644 0.042232482406023 0.028545800195292 1496.5006164618 0.37015531425809 52.0 3.0538597857161e-07 44.326923076923
8 10 1 33.235030236877 0.042103690740287 0.028454678631175 1496.4967179488 0.37034490839957 6988.4199419709 0.294238272 3.5873339686935 0.00015104 6992.0072759396 0.294389312
9 19 1 33.335090499664 0.054131662927757 0.036592194137215 1496.5037529984 0.36991523233837 0.76763916015625 14.180963943057 0.080078125 1.4793213559109 0.00012931433511182 0.0 0.0 0.00012931433511182 6968.9744522251 0.377242176 0.94820659894564 5.1328e-05 6969.9226588241 0.377293504 1.8553195127367e-08
10 9 1 33.435150645603 0.042116871992317 0.02846835264029 1496.5014676209 0.37010446003809 0.000166204175877 0.0 0.0 0.000166204175877 0.0
11 7 1 33.535207259814 0.041897057947944 0.028312311236 1496.4993172921 0.36995422332284 135196212.0 202781438.0 202774746.0
12 10 1 33.635264825119 0.054242618417454 0.03666590480002 1496.501560014 0.37537724874368 87.0 4.0339338783617e-07 70.724137931034 3.0 1.3910116821937e-08 48.0
13 9 1 33.735324610548 0.042222551176828 0.028539381671935 1496.5016817195 0.0 0.37534548551575 0.59686279296875 14.136113909107 0.0615234375 1.4571226935658
14 10 1 33.835384996525 0.042266485362313 0.028564361467004 1496.4995167571 0.3699438361641 6466.8814938589 0.273332352 2.0154029669085 8.5184e-05 6469.7766482336 0.27345472
15 19 1 33.935445988484 0.054224958873092 0.036652810505124 1496.5007872903 0.37012577921846 0.76763916015625 14.156565096764 0.07977294921875 1.4711481737672 0.0 0.0 0.0 0.0 6954.2682896736 0.377094912 2.5906889174186 0.00014048 6956.858978591 0.377235392 0.0
16 13 1 34.03550897774 0.042477410757279 0.02870805178814 1496.4981832971 0.37014547783174 204.0 0.60858154296875 14.327180779597 0.106689453125 2.5116750579416 0.0 0.0 0.062255859375 1.4656227454808
17 9 1 34.135579505999 0.050439865250738 0.034087257606826 1496.4989192428 0.37226513612475 0.20004189656893 3.6452873826113e-06 1.8222619586868e-05 9170.0 4.5355882358949e-05
18 8 1 34.23565243373 0.054151163064761 0.03658158083801 1496.4981876296 0.37416521936196 0.20000008616242 5.6515133627115e-07 2.8257554639862e-06 4.9999978459405
19 5 1 34.335715515378 0.042060520147124 0.028428799826167 1496.4961622837 0.37022391757659 6.2289473684211
20 6 1 34.435770906755 0.042223017665613 0.028533432807676 1496.4992381331 0.37537235677054 1.0 8.0
21 7 1 34.535829940367 0.054311733033476 0.036712072696851 1496.5013405954 0.37516344619123 90.193283129751 9.806716870249 7.5687883055168
22 7 1 34.635888923254 0.042052089834271 0.028424740015035 1496.5054417176 0.37547103420059 8.5099451895718e-06 7.3184531565854e-06 0.85998828353837
23 9 1 34.735945623517 0.042326140672745 0.028605447806394 1496.5037613221 0.37498481679939 0.0 0.0 0.0 0.0 -
24 6 1 34.836000146227 0.054325694182289 0.036720965422374 1496.5023674941 0.37538183313964 0.0 0.0
25 13 1 34.936058026752 0.042333158837995 0.028612580102881 1496.5045809231 0.37515818490543 2.665542270528 252704532.0 134724226.0 45309.0 9508.0 0.017929634914502 0.0081458768614407 53.31294414617 46.660980342054
26 7 1 35.036118363815 0.042074281113371 0.028435139544622 1496.4954055048 0.37500142303127 53.341994621685 46.658005378315 2.5686762733456
27 12 1 35.136179249796 0.054392419288768 0.036767899628936 1496.5011532346 0.37518380010269 7973592.0 94.516837580854 2.1687465323031 99.753247971554 9.8217566663503 9.2832137959211 0.21300900711272 9.7975212825471
1 7 1 35.2362396557 0.042287759062503 0.028583975282343 1496.4973402658 0.37511379480731 55.696537133554 44.303462866446 4.3281585534557
2 10 1 35.33629562045 0.042194416921191 0.028514324883572 1496.4998096896 0.37553023976919 6375.3374884273 0.269003648 6333.9155153908 0.267255872 12709.253003818 0.53625952
3 5 1 35.436350012725 0.054465560201194 0.03681676047947 1496.5036414283 0.37508406025367 138041.57484076
4 6 1 35.536422364366 0.042124105738792 0.028469815965788 1496.5011952115 0.3753676747973 0.0 0.0
5 7 1 35.636492529397 0.042164798959477 0.028499739636171 1496.5020851372 0.37587439786281 0.11326472439536 0.036487195567908 0.3221408586185
6 8 1 35.736562140982 0.041721162690397 0.028201523319943 1496.500791897 0.37595895046923 9.7991929341639 27.382870762028 0.48884728699054 99.95933419076
7 7 1 35.836626604886 0.041912768203249 0.028328041418981 1496.5008211547 0.37559080773963 50.0 3.002426555137e-07 47.5
8 10 1 35.936677366701 0.04188494192079 0.028307245530119 1496.4987538878 0.37008347376722 6968.1725845997 0.291861504 0.99778101827226 4.1792e-05 6969.170365618 0.291903296
9 19 1 36.036738919353 0.042116585758422 0.028471372136142 1496.5043185449 0.36998159548324 0.61126708984375 14.513690481701 0.06378173828125 1.5144090417751 0.00016620530543838 0.0 0.0 0.00016620530543838 6961.6963179731 0.29320288 4.0481913937173 0.000170496 6965.7445093668 0.293373376 2.3860379204962e-08
10 9 1 36.136804525475 0.03407437798724 0.023029246038433 1496.5028112623 0.3703451824007 0.00020543295031303 0.0 0.0 0.00020543295031303 0.0
11 7 1 36.236861011062 0.041923247443541 0.028335512485964 1496.5046263687 0.37014507471997 135237033.0 202842593.0 202836012.0
12 10 1 36.336928349986 0.042088085558184 0.028447453489833 1496.495464491 0.37018366495403 72.0 4.2433644476853e-07 57.541666666667 3.0 1.7680685198689e-08 53.666666666667
13 9 1 36.436993953391 0.041888772563645 0.028313025009131 1496.49972749 0.0 0.37033348177346 0.59759521484375 14.266238380124 0.062255859375 1.4862182767568
14 10 1 36.537056553151 0.041969841973804 0.028368425307784 1496.503797473 0.37021639980984 6463.144468576 0.271257152 1.8863068402644 7.9168e-05 6465.9121702051 0.271373312
15 19 1 36.637118887511 0.041903123207949 0.028327561343144 1496.5038056568 0.37005684350636 0.5987548828125 14.289027570597 0.0621337890625 1.4827961332179 0.0 0.0 0.0 0.0 6980.1261960473 0.292489088 1.5532971057311 6.5088e-05 6981.6794931531 0.292554176 0.0
16 13 1 36.737187379523 0.042558354260756 0.028765311701308 1496.5034478353 0.36999818109877 204.0 0.6104736328125 14.34439003614 0.0950927734375 2.2344090858134 0.0 0.0 0.063232421875 1.4857816514138
17 9 1 36.837250067147 0.042414396727598 0.028666026583459 1496.5009554683 0.37004995207117 0.20003328769994 3.5312931653452e-06 1.7653527600077e-05 3834.0 2.2415526483334e-05
18 8 1 36.937305768308 0.042671740021152 0.028847792806167 1496.5044142796 0.37491137160648 0.20000007769515 7.4163556918093e-07 3.708176405368e-06 4.9999980576219
19 5 1 37.037365949573 0.042369889168519 0.028639050397552 1496.5020923822 0.37526746107502 6.2189054726368
20 6 1 37.137420089129 0.038678187506668 0.026148134346103 1496.5028505019 0.37510962036945 1.0 8.0
21 7 1 37.237487963384 0.042594477702959 0.028780996594116 1496.5055076706 0.37619975472423 90.019588973965 9.9804110260349 7.769270816745
22 7 1 37.337560511583 0.042307227496386 0.028596038319995 1496.5064359255 0.37550559682545 7.7312321971962e-06 6.6508420568188e-06 0.86025641025641
23 9 1 37.437618072359 0.042603810196063 0.028799086848026 1496.5048852147 0.37526545330008 0.0 0.0 0.0 0.0 -
24 6 1 37.537673247249 0.042327543762313 0.028613490888265 1496.500520549 0.37518337418259 0.0 0.0
25 13 1 37.637750925014 0.042430513688659 0.021452098635218 1496.50303728 0.3770103636518 2.652446978682 189463604.0 100542556.0 358833.0 58148.0 0.18939415931305 0.073681169920108 53.066949998481 46.669974672286
