1 7 2 0.10058611517339 0.10059452552289 0.10059452552289 0.0014554170953025 0.0 2195.3554776786 - 1.4463016053756 - 32.260097238196 - 67.739902761804 - 9.9344973781609 -
2 10 2 0.20086292513786 0.057491207155095 0.057491207155095 0.0 0.0 - - - - 0.0 0.0 0.0 0.0 0.0 0.0 0.0 0.0 0.0 0.0 0.0 0.0
3 5 2 0.30114330032965 0.051672857623667 0.051672857623667 0.0 0.0 - - - - - -
4 6 2 0.40141769452653 0.050114318864456 0.050114318864456 0.0 0.0 - - - - 0.0 0.0 0.0 0.0
5 7 2 0.50169334687908 0.050279959724145 0.050279959724145 0.0 0.0 - - - - - - - - - -
6 8 2 0.60201557363665 0.050482113366644 0.050482113366644 0.0 0.0 - - - - - - - - - - - -
7 7 2 0.70230663816979 0.050502765598053 0.050502765598053 0.0 0.0 - - - - 0.0 0.0 - - - -
8 10 2 0.80253626684349 0.050657068563859 0.050657068563859 0.0 0.0 - - - - 541.39856050744 0.0 0.027425664 0.0 7.5096331229756 0.0 0.000380416 0.0 548.90819363042 0.0 0.02780608 0.0
9 19 2 0.90284972002592 0.050754438400151 0.050754438400151 0.0 0.0 - - - - 0.73492431640625 0.0 14.480000953061 0.0 0.03662109375 0.0 0.72153480374026 0.0 0.0 0.0 0.0 0.0 0.0 0.0 0.0 0.0 776.49358838897 0.0 0.039410496 0.0 47.977518356163 0.0 0.002435072 0.0 824.47110674513 0.0 0.041845568 0.0 0.0 0.0
10 9 2 1.0031328796457 0.052426787258814 0.052426787258814 0.0 0.0 - - - - 0.0 0.0 0.0 0.0 0.0 0.0 0.0 0.0 - -
11 7 2 1.1034077339888 0.058142425453573 0.058142425453573 0.055842828924397 0.035556139747772 2194.8843361634 2194.8710479513 0.80641770652549 0.55278152065516 128146154.0 114264861.0 183201257.0 170626188.0 184969269.0 170560409.0
12 10 2 1.2036463617818 0.057644700336038 0.057644700336038 0.057246463266842 0.057264588317302 2194.8832810129 2194.8794682849 0.55331670229304 0.55292111691625 0.0 0.0 0.0 0.0 - - 0.0 0.0 0.0 0.0 - -
13 9 2 1.3038582548989 0.056915281638694 0.056915281638694 0.056534648332279 0.056543292378083 2194.8775646617 2194.880291899 0.0 0.0 0.55374044330596 0.55321349186751 0.91064453125 0.0 16.000000439792 0.0 0.03729248046875 0.0 0.65522790004779 0.0
14 10 2 1.4040932250729 0.057195122091674 0.057195122091674 0.056808647283487 0.056820258728856 2194.8795706878 2194.8769131087 0.55290811934148 0.55335136787021 1.3125594850497 1.2398260097485 7.5072e-05 7.0912e-05 0.42297313328966 0.39387974316921 2.4192e-05 2.2528e-05 1.7467223837703 1.6471334714349 9.9904e-05 9.4208e-05
15 19 2 1.504343248731 0.05661295289847 0.05661295289847 0.056238038357978 0.05624690206019 2194.8740738407 2194.8773061118 0.55320874410527 0.55318402709586 0.89190673828125 0.0 15.754464175024 0.0 0.03643798828125 0.0 0.64363341630666 0.0 0.0 0.0 0.0 0.0 0.0 0.0 0.0 0.0 497.4239738122 0.0 0.02816064 0.0 0.32218775149764 0.0 1.824e-05 0.0 497.7461615637 0.0 0.02817888 0.0 0.0 0.0
16 13 2 1.6045670739465 0.056324409522711 0.056324409522711 0.055948668440064 0.055959860047308 2194.8767202332 2194.8754255148 0.55385704374459 0.55346002564292 210.0 210.0 0.91253662109375 0.0 16.201441414593 0.0 0.2420654296875 0.0 4.2977002642149 0.0 0.0 0.0 0.0 0.0 0.037109375 0.0 0.65885067086299 0.0
17 9 2 1.7047987497273 0.055866415494047 0.055866415494047 0.055492648148782 0.055503380968517 2194.8818588499 2194.8771510503 0.55291041451048 0.5531788647619 0.20406760996829 0.20405528524042 5.8663073430076e-08 7.2221792402249e-08 2.874688121216e-07 3.5393247627552e-07 241.0 190.0 1.0875231305114e-06 8.5763378477671e-07
18 8 2 1.8050094716455 0.055942492698597 0.055942492698597 0.0555683204609 0.055573189133875 2194.8752817768 2194.8794470393 0.55386487796269 0.55290037073197 0.19952263468745 0.1995226326756 0.00019900303020981 0.0001990040595927 0.00099739576174676 0.0009974009310325 5.0119626856698 5.0119627362069
19 5 2 1.9052159933708 0.055227121141809 0.055227121141809 0.05486214684639 0.054862606539699 2194.8795620708 2194.8780682826 0.55220407569646 0.55261716704181 5.5870290782736 5.6156573860127
20 6 2 2.0054191944347 0.055544482532579 0.055544482532579 0.055171886839129 0.055178193921905 2194.8765224964 2194.8769742634 0.55319102278959 0.55314743129923 0.0 0.0 - -
21 7 2 2.1056568774786 0.055376255614965 0.055376255614965 0.055009222437002 0.055013059404206 2194.8843460492 2194.8787885512 0.55326809053046 0.55339790976558 94.065023451131 94.059700104793 5.9349765488687 5.9402998952066 1.0444240220492 1.0443560847232
22 7 2 2.2058838195507 0.055203214372355 0.055203214372355 0.054826862327869 0.054840089266867 2194.8814095197 2194.8736879734 0.55265767934611 0.55263157270198 1.5205730145595e-08 5.3204704019419e-08 1.1404297609196e-08 2.2802016008323e-08 0.75 0.42857142857143
23 9 2 2.3061118911548 0.055100520245878 0.055100520245878 0.054735918234105 0.05474448755144 2194.8802609148 2194.8767599822 0.55322273908111 0.55365749484715 0.0 0.0 0.0 0.0 0.0 0.0 0.0 0.0 - -
24 6 2 2.4062867162339 0.054765992140649 0.054765992140649 0.05439816684092 0.054402409153455 2194.8811946746 2194.8752180599 0.55395059227896 0.55412837272769 0.0 0.0 0.0 0.0
25 13 2 2.5064826301398 0.054487612742462 0.054487612742462 0.054125501679657 0.054132130774199 2194.8794470441 2194.8761695604 0.55241195116841 0.55330850244052 1.8102432394609 1.807310018894 478035100.0 478093648.0 173350965.0 173091287.0 44010767.0 35618256.0 968820.0 965028.0 9.2065973816567 7.4500584036205 0.35046882540634 0.34870406812014 36.263229415581 36.204473270894 54.179704377356 55.996764257366
26 7 2 2.6066850531218 0.053896362002236 0.053896362002236 0.053535591069977 0.053545265009953 2194.8787539162 2194.8797067784 0.55389181985659 0.55342733911193 36.320760383444 36.350688150559 63.679239616556 63.649311849441 1.9333982946361 1.9315323680719
27 12 2 2.7068839842463 0.053998048879532 0.053998048879532 0.053639201412772 0.053640272067927 2194.8829906685 2194.8793453548 0.55257313306198 0.55312324529881 7011970.0 7038889.0 0.031175261731011 0.01780110469138 0.026041183861311 0.012288871155661 99.78228657567 99.788020524262 5.9205204554899 5.9431307466069 0.001845737747837 0.0010579429261491 0.0015417736173607 0.000730343680063 5.9076306876681 5.9305325292078
1 7 2 2.80707810014 0.053931400143259 0.053931400143259 0.053572080754896 0.053579470268222 2194.8821188215 2194.8811130983 0.55298397935437 0.55305224844598 36.360907480609 36.367312512861 63.639092519391 63.632687487139 2.4306471048589 2.4289611132774
2 10 2 2.9072909117379 0.05419599780018 0.05419599780018 0.053832973238457 0.053837764012664 2194.8784143591 2194.8795378009 0.55313238869174 0.55375183856157 0.027160677167108 0.18067754811163 1.472e-06 9.792e-06 0.0023617980145311 0.033065172203436 1.28e-07 1.792e-06 0.029522475181639 0.21374272031507 1.6e-06 1.1584e-05
3 5 2 3.0074944207736 0.053444567266193 0.053444567266193 0.053089693542384 0.053090401877689 2194.8745486293 2194.8730102672 0.55303864382304 0.55328677981607 287.13726347174 287.14172163432
4 6 2 3.1076950267216 0.05363369913331 0.05363369913331 0.053273212169235 0.053281244347393 2194.8809670328 2194.8791301256 0.55339425734687 0.55297067048154 0.0 0.0 0.0 0.0
5 7 2 3.2079013618522 0.053283903775433 0.053283903775433 0.052916754655132 0.052929308585009 2194.8860068872 2194.8810135191 0.55322413744808 0.55403819238965 3.6752230138772e-05 1.4776869063804e-05 6.0606615018846e-07 1.0856281731187e-06 0.016490595207421 0.073468078280398
6 8 2 3.3081445141143 0.052800626161888 0.052800626161888 0.052448966215146 0.052456100292978 2194.8809139981 2194.8813304571 0.55441499088181 0.55347843484216 6.0200042320414 5.9714660368054 0.053339610444084 0.037152460215781 0.048233701254402 0.034454371903302 99.957254740959 99.956930740038
7 7 2 3.4083632541707 0.052793426866483 0.052793426866483 0.052439608852139 0.05244784981711 2194.8793229181 2194.88099451 0.55378256780669 0.5536999046698 0.0 0.0 0.0 0.0 - -
8 10 2 3.5085441526363 0.052448145108129 0.052448145108129 0.052096045848572 0.052098723392258 2194.881493065 2194.873893356 0.55321104948037 0.55361860928645 500.78201899898 0.0 0.026265088 0.0 0.089078460074576 0.0 4.672e-06 0.0 500.87109745905 0.0 0.02626976 0.0
9 19 2 3.6087788746213 0.053212082923312 0.053212082923312 0.052861579229787 0.052872449731064 2194.8772107452 2194.8762657455 0.55398981667808 0.55319831784028 0.8424072265625 0.0 15.831126696855 0.0 0.03460693359375 0.0 0.65035855942013 0.0 0.0 0.0 0.0 0.0 0.0 0.0 0.0 0.0 510.5126224649 0.0 0.02716544 0.0 1.1630441170512 0.0 6.1888e-05 0.0 511.67566658195 0.0 0.027227328 0.0 0.0 0.0
10 9 2 3.7089968338784 0.05230228510061 0.05230228510061 0.051954422265891 0.051963132435068 2194.8810344363 2194.8815459278 0.55269267729296 0.55341496130443 0.0 0.0 0.0 0.0 0.0 0.0 0.0 0.0 - -
11 7 2 3.8092161400596 0.052426746497831 0.052426746497831 0.052080292634425 0.052080411747076 2194.879163171 2194.8772007549 0.55304744100767 0.55377806728752 167279130.0 167055480.0 249799678.0 249467311.0 249705627.0 249376711.0
12 10 2 3.9094475404774 0.052155679620001 0.052155679620001 0.051811680926476 0.051817004763761 2194.8805972355 2194.8797816049 0.5537595686456 0.55339789501871 0.0 0.0 0.0 0.0 - - 0.0 0.0 0.0 0.0 - -
13 9 2 4.0096601681979 0.052528598230658 0.052528598230658 0.052169359458471 0.052187594563585 2194.8832935819 2194.8802545655 0.0 0.0 0.55405064987938 0.55334420519934 0.941162109375 0.0 17.917137351396 0.0 0.037109375 0.0 0.70646040918604 0.0
14 10 2 4.1098896039363 0.052268485187671 0.052268485187671 0.051921395905831 0.051925064394305 2194.8803939034 2194.8796401836 0.5524933998165 0.55337825594414 1.1913871193399 1.1901626721463 6.2272e-05 6.2208e-05 0.44447433126453 0.42855651774817 2.3232e-05 2.24e-05 1.6664726304436 1.628514767443 8.7104e-05 8.512e-05
15 19 2 4.2101376964295 0.052210905317226 0.052210905317226 0.051859870372228 0.051877823773659 2194.8848977381 2194.8751787278 0.55302159972886 0.5531504465672 0.8189697265625 0.0 15.68579823672 0.0 0.03399658203125 0.0 0.65113948560539 0.0 0.0 0.0 0.0 0.0 0.0 0.0 0.0 0.0 501.45906953584 0.0 0.026181632 0.0 0.2047081914221 0.0 1.0688e-05 0.0 501.66377772726 0.0 0.02619232 0.0 0.0 0.0
16 13 2 4.3103621357772 0.052159446840634 0.052159446840634 0.05180799432201 0.051827156060138 2194.882339936 2194.8816867241 0.55332135483385 0.55358429006595 210.0 210.0 0.81298828125 0.0 15.58659706906 0.0 0.203857421875 0.0 3.9083509167162 0.0 0.0 0.0 0.0 0.0 0.03411865234375 0.0 0.65412220432465 0.0
17 9 2 4.4105930198892 0.052486282895462 0.052486282895462 0.052139082653167 0.052141277405654 2194.8833254805 2194.8798184244 0.55356457907549 0.55340983769221 0.20405563893926 0.20405121776692 9.1360958713819e-08 4.8069250253953e-08 4.4772572416396e-07 2.3557443459544e-07 132.0 229.0 6.3471823948548e-07 1.1007858308155e-06
18 8 2 4.5108022599192 0.052647750736288 0.052647750736288 0.052291409617094 0.052302367980935 2194.8792817937 2194.8820132344 0.55273631428279 0.55296058147493 0.19952263819235 0.19952264703288 0.00019900766934483 0.00019898445482128 0.00099741899539728 0.00099730260088464 5.0119625976275 5.0119623755553
19 5 2 4.6110031222084 0.052592534097059 0.052592534097059 0.052237908562352 0.052243849702081 2194.8815548775 2194.8840585226 0.55308783593584 0.55339167775697 5.5953073538957 5.5943541406175
20 6 2 4.7112093595127 0.05276833893432 0.05276833893432 0.052418116038681 0.052418499644821 2194.8812165015 2194.8782014283 0.55281146425357 0.55327657341495 0.0 0.0 - -
21 7 2 4.8114418351146 0.052436245618479 0.052436245618479 0.052088088851782 0.052098390057996 2194.8865401278 2194.8807897964 0.55260338779509 0.55298244480893 94.074626263519 94.061395900348 5.9253737364814 5.9386040996523 1.0463552436197 1.0461571963995
22 7 2 4.9116760679677 0.052551588330894 0.052551588330894 0.052205614088388 0.052205333290505 2194.8838265568 2194.8789865298 0.55308679440354 0.55278427690807 0.0 3.9932393499428e-08 0.0 0.0 - 0.0
23 9 2 5.011904423993 0.052252404526961 0.052252404526961 0.051902512701087 0.051910997779057 2194.8858179783 2194.8785632496 0.5530807808956 0.55282127125145 0.0 0.0 0.0 0.0 0.0 0.0 0.0 0.0 - -
24 6 2 5.1121248280033 0.052162696849682 0.052162696849682 0.051813661457352 0.051822212658694 2194.8767663078 2194.8828268923 0.55185394021848 0.55332356063546 0.0 0.0 0.0 0.0
25 13 2 5.2123579258896 0.052346162034356 0.052346162034356 0.051994050093605 0.052004149759403 2194.8805923171 2194.8733191492 0.55331324439467 0.55328792830917 1.8072945300524 1.8073772241082 459210172.0 459299372.0 166252799.0 166292696.0 42646025.0 34511791.0 924924.0 925296.0 9.286820632536 7.5140078789396 0.34639933890663 0.34600439209832 36.204075853964 36.205731193554 54.162704174593 55.934256535408
26 7 2 5.3126032393895 0.052114167729071 0.052114167729071 0.051773083445834 0.05176374148142 2194.8825791114 2194.8781079719 0.5533779425302 0.55292410604162 36.356123209055 36.385714588067 63.643876790945 63.614285411933 1.9315447403902 1.9294055726233
27 12 2 5.4128485601359 0.052320066853012 0.052320066853012 0.05197439877078 0.051982599427669 2194.8815575288 2194.879792922 0.55322783829862 0.55342156736587 6817007.0 6821731.0 0.0035499450125253 0.010158711916374 0.0 0.0057756601660194 99.803520811993 99.812393657856 5.9402730168286 5.943451690692 0.00021087642569129 0.00060377813514628 0.0 0.00034327357178591 5.9286016166397 5.932301398378
1 7 2 5.5131020113397 0.052015001692127 0.052015001692127 0.051669604896884 0.051673425106795 2194.8785086423 2194.8841959159 0.55288097854369 0.55308915359256 36.367252928203 36.362019045511 63.632747071797 63.637980954489 2.4308133050465 2.4295370864977
2 10 2 5.6133249235092 0.05243852732773 0.05243852732773 0.052092095203515 0.052095020030498 2194.8773366448 2194.8836453854 0.55408837099328 0.55339950816955 0.12204766850147 0.28681202097845 6.4e-06 1.504e-05 0.0073228601100881 0.031732393810382 3.84e-07 1.664e-06 0.12937052861156 0.31854441478883 6.784e-06 1.6704e-05
3 5 2 5.7135334171603 0.052120450355257 0.052120450355257 0.051772616053228 0.051780378755999 2194.8820797181 2194.8793009672 0.55335800761098 0.55335594409557 287.13878643561 287.14799791449
4 6 2 5.8137383193159 0.052397415800233 0.052397415800233 0.052049643545476 0.05205083693648 2194.8827066084 2194.8841255146 0.55384318116688 0.55377126281716 0.0 0.0 0.0 0.0
5 7 2 5.9139488057261 0.052089606972289 0.052089606972289 0.051744277206218 0.051749900863178 2194.8799830217 2194.8778289054 0.55272327797422 0.5531765939031 1.768698296446e-05 1.2785708975914e-05 9.6755924313239e-08 6.8261452692308e-07 0.0054704595185996 0.053388867853086
6 8 2 6.0141855648545 0.05243362242277 0.05243362242277 0.052087240570435 0.052095446209221 2194.8787204689 2194.8789151032 0.55226563890956 0.5535693371788 5.9003581367388 5.9555219594106 0.0010947035330239 0.0010345448882724 0.00015477142881514 0.00021386390127312 99.982987315864 99.983357737146
7 7 2 6.114401650918 0.05218108911103 0.05218108911103 0.051835427822297 0.051836325469723 2194.8794202561 2194.8805991603 0.55266126824625 0.55285673413181 0.0 0.0 0.0 0.0 - -
8 10 2 6.2145837604377 0.051916053047092 0.051916053047092 0.051561192004487 0.051573142671815 2194.8794789767 2194.8786486075 0.55344755590655 0.55278961242439 551.01261211156 0.0 0.0286064 0.0 170.03326489386 0.0 0.008827456 0.0 721.04587700542 0.0 0.037433856 0.0
9 19 2 6.3148150983553 0.052152370733978 0.052152370733978 0.051800808160699 0.051813003846826 2194.883221553 2194.8752276649 0.5535157101402 0.55361056792761 0.80828857421875 0.0 15.498596954331 0.0 0.0340576171875 0.0 0.65304063282613 0.0 0.0 0.0 0.0 0.0 0.0 0.0 0.0 0.0 515.76869126824 0.0 0.02689856 0.0 2.9353986759467 0.0 0.000153088 0.0 518.70408994419 0.0 0.027051648 0.0 0.0 0.0
10 9 2 6.4150386128815 0.051986472627195 0.051986472627195 0.051644694501447 0.051648938625582 2194.8795292235 2194.8785915825 0.55288772974958 0.5538800036106 0.0 0.0 0.0 0.0 0.0 0.0 0.0 0.0 - -
11 7 2 6.5152644480664 0.052285524184383 0.052285524184383 0.051938402746656 0.051945431751732 2194.883197341 2194.8791778831 0.55297580134754 0.55231658360302 166860553.0 167080891.0 249156187.0 249486554.0 249056542.0 249387558.0
12 10 2 6.6154965377977 0.052234183461742 0.052234183461742 0.051893220102753 0.05189341983157 2194.885198437 2194.8778793092 0.55300027690576 0.55246025809689 0.0 0.0 0.0 0.0 - - 0.0 0.0 0.0 0.0 - -
13 9 2 6.7157128783909 0.052294874753893 0.052294874753893 0.051947197155197 0.051957361132769 2194.8802676918 2194.8827036465 0.0 0.0 0.55332274312496 0.5531077303346 0.83447265625 0.0 15.957063864808 0.0 0.03466796875 0.0 0.66293243674743 0.0
14 10 2 6.8159336356631 0.052160211335516 0.052160211335516 0.051811510636147 0.051820176874041 2194.8839110965 2194.8843171235 0.55378277485668 0.55288975086129 1.300608227287 1.234350827029 6.784e-05 6.4384e-05 0.46870975738078 0.41104127937844 2.4448e-05 2.144e-05 1.7828148624981 1.6637969398124 9.2992e-05 8.6784e-05
15 19 2 6.9161748504197 0.052314565931901 0.052314565931901 0.051970257907803 0.05197625158391 2194.8851013372 2194.8810905966 0.55422803530129 0.55273815035703 0.809814453125 0.0 15.47971274729 0.0 0.03399658203125 0.0 0.6498492613989 0.0 0.0 0.0 0.0 0.0 0.0 0.0 0.0 0.0 495.73833860649 0.0 0.025934336 0.0 0.20307919621907 0.0 1.0624e-05 0.0 495.94141780271 0.0 0.02594496 0.0 0.0 0.0
16 13 2 7.0164072191373 0.052044829673717 0.052044829673717 0.051692524797648 0.051709999936878 2194.8809057676 2194.8772275498 0.55284883239767 0.55340585361023 210.0 210.0 0.88311767578125 0.0 16.968403611228 0.0 0.27191162109375 0.0 5.224565490913 0.0 0.0 0.0 0.0 0.0 0.03570556640625 0.0 0.68605405436232 0.0
17 9 2 7.1166429909441 0.052362625848307 0.052362625848307 0.052013325962486 0.052023514849547 2194.8795147358 2194.8847461694 0.55390414773246 0.55398167683372 0.20403790428558 0.20402488560621 2.8938324496574e-08 4.822784423205e-08 1.4182817941548e-07 2.3638216528711e-07 226.0 183.0 1.0900102227043e-06 8.8256954944651e-07
18 8 2 7.2168514691965 0.052240047608502 0.052240047608502 0.051887281227524 0.051894807969493 2194.8810217137 2194.8805320896 0.55317978068447 0.55284960091654 0.19952263263109 0.19952263840024 0.00019900929622465 0.00019900641154211 0.00099742717705917 0.00099741269029789 5.0119627373249 5.0119625924053
19 5 2 7.3170584972639 0.052305488913877 0.052305488913877 0.051958066297775 0.051963922292339 2194.8809977118 2194.8781690057 0.55330933441266 0.55305164370393 5.6104728504051 5.5722020788011
20 6 2 7.4172801186689 0.052475297357633 0.052475297357633 0.052122217569983 0.052132067687985 2194.8847581596 2194.8809462743 0.5537231953405 0.5530908612488 0.0 0.0 - -
21 7 2 7.51751895389 0.051754381401351 0.051754381401351 0.051416018140184 0.051415255909801 2194.8830490759 2194.8823369447 0.55264272711791 0.55294686925847 94.080955830375 94.074141783353 5.9190441696252 5.9258582166474 1.0465310303948 1.0463473370369
22 7 2 7.6177496740522 0.052379211039407 0.052379211039407 0.052034061527459 0.052039014892698 2194.878860663 2194.8781457658 0.5529942297912 0.5533908182796 2.8055328586834e-08 7.2187142278872e-08 2.8055328586834e-08 4.0103967932707e-08 1.0 0.55555555555556
23 9 2 7.7179739811531 0.052177864464372 0.052177864464372 0.051829997100656 0.051839644319542 2194.8827253059 2194.8738090023 0.55425914775229 0.5534291747022 0.0 0.0 0.0 0.0 0.0 0.0 0.0 0.0 - -
24 6 2 7.8181829014358 0.052699152147504 0.052699152147504 0.052348151169988 0.052352290221366 2194.8774240988 2194.880776585 0.55275101699713 0.55246821187286 0.0 0.0 0.0 0.0
25 13 2 7.9184169486001 0.052579304893563 0.052579304893563 0.052235797143431 0.05224031798935 2194.8850763131 2194.8818534013 0.55360401113547 0.55294861285912 1.8063452935411 1.8084863163492 461345276.0 461385204.0 166938038.0 167150372.0 42535689.0 34530758.0 930920.0 927808.0 9.219925121765 7.4841494050165 0.34626105069297 0.34606723105928 36.185054163208 36.227943711866 54.248759664334 55.941839652058
26 7 2 8.0186553952331 0.053426290041397 0.053426290041397 0.053071354723214 0.053079317607701 2194.8835226016 2194.8822384176 0.55333198299327 0.55283335450034 36.360687473612 36.392854237842 63.639312526388 63.607145762158 1.9310058582194 1.9289828164668
27 12 2 8.1188969560052 0.053348431128988 0.053348431128988 0.052998454157942 0.05299889165916 2194.8782747851 2194.8809553995 0.55296748260282 0.55367729921752 6934804.0 6963610.0 0.023720929964279 0.011861663706038 0.020115925410437 0.005413858616436 99.784680288008 99.796097139271 5.9261566678611 5.9507237947522 0.0014057394727568 0.00070585484460866 0.0011921012550126 0.0003221637729025 5.9133964843917 5.9385900987006
1 7 2 8.2191380602544 0.053354308862743 0.053354308862743 0.05299913396056 0.053007933350999 2194.8789827129 2194.879748744 0.55301316728532 0.5534030363465 36.360205377868 36.354766758995 63.639794622132 63.645233241005 2.4315363292819 2.4310365550967
2 10 2 8.3193537305559 0.053550945279738 0.053550945279738 0.053178393064682 0.053187836931553 2194.8788341949 2194.8788452783 0.55281584108706 0.55365391760449 0.056170810511129 0.19121978046342 3.008e-06 1.024e-05 0.0047804945115855 0.034658585208995 2.56e-07 1.856e-06 0.060951305022715 0.22587836567241 3.264e-06 1.2096e-05
3 5 2 8.4195585530011 0.053531963342835 0.053531963342835 0.053177065162435 0.053177575580523 2194.8787316291 2194.8809937189 0.55338944779101 0.55302282230322 287.14830998978 287.14412893842
4 6 2 8.519770017675 0.053715452984099 0.053715452984099 0.053344966445083 0.05335898595875 2194.8833293326 2194.8790310804 0.55363418054327 0.55323301185993 0.0 0.0 0.0 0.0
5 7 2 8.6199793229225 0.052985769793264 0.052985769793264 0.052632457215108 0.052633248883979 2194.8827817268 2194.8812505159 0.55376445027083 0.55401781547433 3.0082183448264e-05 1.5145475293547e-05 5.4798845185338e-07 1.2204097183343e-06 0.018216378900681 0.080579162732137
6 8 2 8.7202297886107 0.053368914881667 0.053368914881667 0.053020244073677 0.053025302511673 2194.8801291082 2194.8803477275 0.55339765497758 0.55316307495031 5.9432550583068 5.9273805495413 0.0010976491490148 0.0016031835860786 0.00022294663649251 0.00089170147249124 99.983301211507 99.984071512682
7 7 2 8.8204472478665 0.052123414131624 0.052123414131624 0.051775229285141 0.051782841172274 2194.8804854804 2194.8765814279 0.55249175574899 0.553041411072 0.0 0.0 0.0 0.0 - -
8 10 2 8.9206294352849 0.05231233313583 0.05231233313583 0.051963276910107 0.051964026006396 2194.8789008486 2194.8808002417 0.55201903422796 0.55325945057844 500.76206564868 0.0 0.026196032 0.0 0.094203406818128 0.0 4.928e-06 0.0 500.8562690555 0.0 0.02620096 0.0
9 19 2 9.0208714417105 0.052031717318372 0.052031717318372 0.05168858004029 0.051699263493945 2194.8822432985 2194.8803685251 0.55344542219465 0.55331431313689 0.8145751953125 0.0 15.655358640736 0.0 0.033935546875 0.0 0.65220885690462 0.0 0.0 0.0 0.0 0.0 0.0 0.0 0.0 0.0 501.14909412749 0.0 0.026075648 0.0 0.15867244875819 0.0 8.256e-06 0.0 501.30776657625 0.0 0.026083904 0.0 0.0 0.0
10 9 2 9.1210954960933 0.052340200967036 0.052340200967036 0.051991972189269 0.05200124803031 2194.8820479675 2194.8784631259 0.5536432339022 0.55304606188896 0.0 0.0 0.0 0.0 0.0 0.0 0.0 0.0 - -
11 7 2 9.2213148656805 0.052630184564196 0.052630184564196 0.052273063098627 0.052283602983042 2194.8845929172 2194.8784503412 0.55337239781293 0.55330017660121 167797629.0 167852558.0 250574609.0 250657454.0 250482255.0 250565707.0
12 10 2 9.3215558693858 0.052385419390024 0.052385419390024 0.052042727765353 0.052047518086661 2194.8810126351 2194.8769153424 0.55305144037697 0.55334231022059 0.0 0.0 0.0 0.0 - - 0.0 0.0 0.0 0.0 - -
13 9 2 9.4217682833377 0.052698245442081 0.052698245442081 0.052341306042236 0.052358261705382 2194.8804387073 2194.8776016292 0.0 0.0 0.55324965244317 0.55390274653146 0.82891845703125 0.0 15.729526667872 0.0 0.03466796875 0.0 0.65785812144548 0.0
14 10 2 9.5219935089194 0.052552371847568 0.052552371847568 0.052206051136706 0.052207944257918 2194.8795632794 2194.879051774 0.55313727094056 0.55241454966209 1.1934761038365 1.1971296021135 6.272e-05 6.2912e-05 0.46034078290835 0.434766294969 2.4192e-05 2.2848e-05 1.6769557091661 1.6428563919137 8.8128e-05 8.6336e-05
15 19 2 9.6222382608236 0.052774073551735 0.052774073551735 0.052426485174299 0.052437791365195 2194.8830522862 2194.8812643043 0.55296738047089 0.55317057563808 0.83697509765625 0.0 15.85958864509 0.0 0.03472900390625 0.0 0.65806941873087 0.0 0.0 0.0 0.0 0.0 0.0 0.0 0.0 0.0 507.24422426398 0.0 0.026769344 0.0 0.81130746820268 0.0 4.2816e-05 0.0 508.05553173219 0.0 0.02681216 0.0 0.0 0.0
16 13 2 9.7224602363963 0.052276770536824 0.052276770536824 0.051923800350931 0.051944771876706 2194.8787328674 2194.8775474862 0.55225747827084 0.55286276814531 210.0 210.0 0.8194580078125 0.0 15.675375494652 0.0 0.21136474609375 0.0 4.0431867524193 0.0 0.0 0.0 0.0 0.0 0.033935546875 0.0 0.64915155482099 0.0
17 9 2 9.8226920417065 0.052229658992624 0.052229658992624 0.051884167541319 0.051886491370253 2194.8807155929 2194.8791473617 0.55392374123441 0.55328346136327 0.20406423154322 0.20405017791099 5.8022777257042e-08 6.2782539235067e-08 2.8433585258058e-07 3.0768186471493e-07 185.0 239.0 8.9451781604607e-07 1.1542328367062e-06
18 8 2 9.9228989012951 0.051926206155068 0.051926206155068 0.051579480551778 0.051588019524826 2194.8857297668 2194.8789604246 0.55243524334563 0.55362838702877 0.19952264220404 0.19952263428474 0.00019894758888901 0.00019894571988736 0.00099711785435136 0.00099710852656168 5.0119624968547 5.0119626957857
19 5 2 10.023106425741 0.052245312115912 0.052245312115912 0.051893069287116 0.05189733832074 2194.8753157608 2194.8824433796 0.5535688249297 0.55291219560765 5.5911312173408 5.6127473483293
20 6 2 10.123315895844 0.052150915113983 0.052150915113983 0.051805006089053 0.05180938698893 2194.8820840637 2194.8799247104 0.55270996951491 0.55289260221883 0.0 0.0 - -
21 7 2 10.223554036316 0.052083616919381 0.052083616919381 0.05173117164437 0.051748146782208 2194.8775018678 2194.8842422489 0.55390030582811 0.55283067181375 94.02903950933 94.073223963083 5.97096049067 5.9267760369173 1.0446574659276 1.0445391102728
22 7 2 10.323781942159 0.052349058781551 0.052349058781551 0.05200432593743 0.052006089076396 2194.8807548722 2194.8799997491 0.55252681756211 0.55306264469781 3.6061244976017e-08 4.8126656461864e-08 3.6061244976017e-08 1.6042218820621e-08 1.0 0.33333333333333
23 9 2 10.424011068114 0.052073632290135 0.052073632290135 0.051731560232409 0.051735551638448 2194.8781728552 2194.8770586089 0.55364319556452 0.55231341667132 0.0 0.0 0.0 0.0 0.0 0.0 0.0 0.0 - -
24 6 2 10.524227000192 0.052447953078609 0.052447953078609 0.052097397754509 0.052106868795369 2194.8791189528 2194.8785301647 0.55306992791631 0.55270157239979 0.0 0.0 0.0 0.0
25 13 2 10.624465576354 0.052061992764977 0.052061992764977 0.051720161197051 0.051719770797413 2194.8830754244 2194.8752964505 0.55274454259151 0.55285763901765 1.8091539996244 1.8087839064264 456791192.0 456787744.0 165547201.0 165512075.0 42116023.0 34091545.0 921380.0 921232.0 9.2199726565656 7.4633230527306 0.34899162416424 0.34892201486036 36.241329495688 36.233913272419 54.189706223582 55.95384165999
26 7 2 10.724708305608 0.052476370730186 0.052476370730186 0.052134285085463 0.052137894244061 2194.8801359921 2194.8821186848 0.55300183124641 0.553770139839 36.380332329903 36.328728723859 63.619667670097 63.671271276141 1.9301983852844 1.9335215755856
27 12 2 10.824951072905 0.051995013411842 0.051995013411842 0.051650475314642 0.051659868909634 2194.8805291261 2194.8766445367 0.55271589380951 0.55259837695144 6751379.0 6742493.0 0.0073762708329661 0.0051019704432767 0.0041324890811196 0.0018835762973725 99.788295102378 99.794378726088 5.919980907007 5.9111141273337 0.00043667382496072 0.00030158329564492 0.00024464256458643 0.0001113403446131 5.9074480174886 5.8989596191627
1 7 2 10.925195101981 0.05257517897628 0.05257517897628 0.052231877295562 0.052232870957748 2194.8804849091 2194.8839490089 0.5532995953035 0.5532886943834 36.351030226364 36.354468588698 63.648969773636 63.645531411302 2.4325957202677 2.4313098976981
2 10 2 11.025411159965 0.052080089735648 0.052080089735648 0.051735896295205 0.051740783989971 2194.8776229713 2194.881146423 0.55264599157067 0.55330045059689 0.028264160209241 0.17941597350214 1.472e-06 9.344e-06 0.0036866295925097 0.025806407147568 1.92e-07 1.344e-06 0.03195078980175 0.2052223806497 1.664e-06 1.0688e-05
3 5 2 11.125618937128 0.052411939391391 0.052411939391391 0.052062777640012 0.052069936174434 2194.8776433183 2194.8773482935 0.55416726827766 0.55408666516189 287.14555060101 287.13634019637
4 6 2 11.225823870987 0.052198181549919 0.052198181549919 0.051854197349188 0.051855244000652 2194.8796989081 2194.8766653397 0.55374653050394 0.55282656648158 0.0 0.0 0.0 0.0
5 7 2 11.326039699803 0.052090097009885 0.052090097009885 0.051745895417245 0.051749472419957 2194.8801042414 2194.8719542943 0.55312058453337 0.5526422651639 2.3188975842761e-05 1.3024967934904e-05 2.2753274835277e-07 7.3516343338484e-07 0.009812108559499 0.056442629038247
6 8 2 11.426274812188 0.05231925435075 0.05231925435075 0.051973567699626 0.051982167361248 2194.8814441684 2194.8755404985 0.55291430979386 0.55285942892388 5.9279008245906 5.9245642563196 0.001179009777834 0.00098539501698199 0.00031021986763406 0.00027270436809493 99.982673000427 99.983030469721
7 7 2 11.526478938979 0.052032869495493 0.052032869495493 0.051683671512132 0.051687515272833 2194.8831085806 2194.8757232553 0.55395142950293 0.55345349565436 0.0 0.0 0.0 0.0 - -
8 10 2 11.626666295796 0.052324812337238 0.052324812337238 0.051969334445087 0.051977634287034 2194.8810859442 2194.8835095738 0.55289292764251 0.5529106721514 603.66557640802 0.0 0.031586688 0.0 193.4574353513 0.0 0.010122624 0.0 797.12301175931 0.0 0.041709312 0.0
9 19 2 11.726897262336 0.051848177858129 0.051848177858129 0.051505063677938 0.051513589969791 2194.879258611 2194.8754698371 0.55250779240096 0.55324595312849 0.83197021484375 0.0 16.046276826164 0.0 0.03399658203125 0.0 0.6556948273915 0.0 0.0 0.0 0.0 0.0 0.0 0.0 0.0 0.0 505.29683167819 0.0 0.02619872 0.0 1.2677012522957 0.0 6.5728e-05 0.0 506.56453293049 0.0 0.026264448 0.0 0.0 0.0
10 9 2 11.827117861999 0.051765596106485 0.051765596106485 0.051424826135719 0.051428796708367 2194.8806696036 2194.8839624787 0.5540584675273 0.55345739740286 0.0 0.0 0.0 0.0 0.0 0.0 0.0 0.0 - -
11 7 2 11.927342737036 0.05173921559826 0.05173921559826 0.051394038006528 0.051403473268303 2194.8765522771 2194.8744281774 0.55275324724946 0.55265767015507 165172482.0 165230324.0 246641240.0 246729562.0 246545448.0 246633561.0
12 10 2 12.027582080411 0.052210267634291 0.052210267634291 0.051866999921062 0.051869602736279 2194.8781156728 2194.8813417672 0.55196636095151 0.55286788569311 0.0 0.0 0.0 0.0 - - 0.0 0.0 0.0 0.0 - -
13 9 2 12.127792962655 0.052264554923106 0.052264554923106 0.051916304859049 0.051927430342921 2194.8770409376 2194.8816042827 0.0 0.0 0.55253555400113 0.55260223307497 0.82696533203125 0.0 15.822680079222 0.0 0.033935546875 0.0 0.64930327876947 0.0
14 10 2 12.228017952729 0.05236177711406 0.05236177711406 0.052014313736975 0.052021748993181 2194.8757537791 2194.8783963543 0.55389252580591 0.55324289880765 1.1550410114664 1.1122617147454 6.048e-05 5.824e-05 0.47668359203374 0.38990273297119 2.496e-05 2.0416e-05 1.6415027284649 1.5143871039226 8.5952e-05 7.9296e-05
15 19 2 12.328261965501 0.052602177239848 0.052602177239848 0.052255087505105 0.052262010078725 2194.8793915649 2194.8813641779 0.55399957203634 0.55231616576889 0.83294677734375 0.0 15.834834621879 0.0 0.0340576171875 0.0 0.64745641672224 0.0 0.0 0.0 0.0 0.0 0.0 0.0 0.0 0.0 513.90481190049 0.0 0.027032512 0.0 2.6985955230094 0.0 0.000141952 0.0 516.6034074235 0.0 0.027174464 0.0 0.0 0.0
16 13 2 12.428487965541 0.052244986028048 0.052244986028048 0.051895774004791 0.051912016803633 2194.8793466547 2194.8796186502 0.55292256911149 0.55245653476998 211.0 211.0 0.8306884765625 0.0 15.899869819403 0.0 0.22113037109375 0.0 4.2325663744084 0.0 0.0 0.0 0.0 0.0 0.033935546875 0.0 0.64954648196827 0.0
17 9 2 12.528720063425 0.052481262953951 0.052481262953951 0.05213306497337 0.052141049597049 2194.8758504646 2194.8789465497 0.5528380742119 0.55255705600442 0.20407540539382 0.20406236701078 3.8421720997638e-08 5.2794925943022e-08 1.8827217774475e-07 2.5871956067349e-07 220.0 192.0 1.056597327435e-06 9.2151143464183e-07
18 8 2 12.628936667606 0.052401855124186 0.052401855124186 0.052055038035132 0.052053243646079 2194.8778878006 2194.8790709355 0.5531460721975 0.55250971938759 0.19952263016104 0.19952263506888 0.00019894781396085 0.00019895172927059 0.00099711904258819 0.00099713864144739 5.0119627993721 5.0119626760882
19 5 2 12.729142586974 0.052731379592296 0.052731379592296 0.052383029890278 0.052387987784515 2194.8793146174 2194.8770588624 0.55318171195871 0.55343793819872 5.6358599184457 5.5902799433876
20 6 2 12.829350251819 0.052563301225821 0.052563301225821 0.05221152307223 0.052221151722224 2194.8780149297 2194.8805702744 0.55300890977151 0.5530002905861 0.0 0.0 - -
21 7 2 12.92958467489 0.052519949655856 0.052519949655856 0.052174377135483 0.05217645322822 2194.8800582838 2194.8750468769 0.55276700010005 0.55352107566886 94.080243641567 94.05237023495 5.9197563584334 5.9476297650504 1.0453623358133 1.044901116165
22 7 2 13.029809539963 0.052224526731959 0.052224526731959 0.051881181119962 0.051885923433889 2194.8787843638 2194.8831564318 0.55273076018353 0.55339010964885 4.8213588123933e-08 6.435558934367e-08 4.8213588123933e-08 2.0111121669897e-08 1.0 0.3125
23 9 2 13.130044884233 0.052597450777414 0.052597450777414 0.052244102420176 0.052252620106932 2194.8772746074 2194.8783977486 0.55301105792416 0.55273776564482 0.0 0.0 0.0 0.0 0.0 0.0 0.0 0.0 - -
24 6 2 13.23025653369 0.05236958963581 0.05236958963581 0.052014263012196 0.052024763494327 2194.8788566944 2194.8745172819 0.55323183206973 0.55258699624603 0.0 0.0 0.0 0.0
25 13 2 13.330499562763 0.052377096903086 0.052377096903086 0.05201006915994 0.052031392135969 2194.8836572428 2194.8780778659 0.553572064098 0.55375145409471 1.8064495390124 1.8058643324645 459351652.0 459539976.0 166233666.0 166245973.0 42045682.0 34148438.0 930864.0 937024.0 9.1532667438845 7.4310048708363 0.35050336555663 0.35066524876173 36.188759804438 36.176607407927 54.30747008612 56.041722472475
26 7 2 13.430759103658 0.052065172121654 0.052065172121654 0.051716596875534 0.05172326446656 2194.8794639747 2194.8811827063 0.55408544820128 0.55339790041535 36.306250232507 36.351325449533 63.693749767493 63.648674550467 1.9344029576863 1.9315306784424
27 12 2 13.531001303924 0.052292932719501 0.052292932719501 0.051948132393308 0.051949343447404 2194.883032306 2194.8747003599 0.55364938777663 0.55306222932257 6816294.0 6784445.0 0.02470550712748 0.017053716258294 0.020583032363334 0.013781525238984 99.804336491354 99.802990517279 5.942654963803 5.9147501359392 0.0014681630456439 0.0010086847055701 0.0012231785944409 0.00081514278280732 5.9310273565941 5.9030975172922
1 7 2 13.631241891868 0.052699831497221 0.052699831497221 0.052349085955199 0.052357578279566 2194.8801485928 2194.8784694651 0.55380670232712 0.55349364739305 36.336536303647 36.348759399782 63.663463696353 63.651240600218 2.4342555106837 2.4324689443006
2 10 2 13.731452342046 0.052371990004811 0.052371990004811 0.052024883512777 0.052026834152266 2194.8813281862 2194.8762518874 0.55375180358833 0.5526151680297 0.03177270903487 0.1698617906095 1.664e-06 8.896e-06 0.0048881090822878 0.026884599952583 2.56e-07 1.408e-06 0.036660818117158 0.19674639056208 1.92e-06 1.0304e-05
