1 7 2 0.10055851754048 0.10057091822186 0.10057091822186 0.0014372810923739 0.0 1396.8248918521 - 1.4283017016649 - 32.671285216177 - 67.328714783823 - 9.7481693379505 -
2 10 2 0.200943635692 0.036557356351184 0.036557356351184 0.0 0.0 - - - - 0.0 0.0 0.0 0.0 0.0 0.0 0.0 0.0 0.0 0.0 0.0 0.0
3 5 2 0.30132024094334 0.034393732748169 0.034393732748169 0.0 0.0 - - - - - -
4 6 2 0.40168829887331 0.0342083928346 0.0342083928346 0.0 0.0 - - - - 0.0 0.0 0.0 0.0
5 7 2 0.50205610589102 0.034491378376452 0.034491378376452 0.0 0.0 - - - - - - - - - -
6 8 2 0.60249664666417 0.034143021587435 0.034143021587435 0.0 0.0 - - - - - - - - - - - -
7 7 2 0.70287725654753 0.03433206449483 0.03433206449483 0.0 0.0 - - - - 0.0 0.0 - - - -
8 10 2 0.80318514535693 0.034318519762277 0.034318519762277 0.0 0.0 - - - - 541.7016855265 0.0 0.0185904 0.0 252.46030598102 0.0 0.008664064 0.0 794.16199150752 0.0 0.027254464 0.0
9 19 2 0.90360838858358 0.034469206610339 0.034469206610339 0.0 0.0 - - - - 0.4237060546875 0.0 12.292306564446 0.0 0.0220947265625 0.0 0.64099898823528 0.0 0.0 0.0 0.0 0.0 0.0 0.0 0.0 0.0 496.27043039828 0.0 0.017106048 0.0 0.20795372754098 0.0 7.168e-06 0.0 496.47838412582 0.0 0.017113216 0.0 0.0 0.0
10 9 2 1.0040250754821 0.033905837042845 0.033905837042845 0.0 0.0 - - - - 0.0 0.0 0.0 0.0 0.0 0.0 0.0 0.0 - -
11 7 2 1.1044422488062 0.034195439602773 0.034195439602773 0.0093348692545607 0.0 1496.6156551213 - 0.43364539980467 - 41556080.0 0.0 53910668.0 0.0 51149869.0 0.0
12 10 2 1.2048936648592 0.036231343434158 0.036231343434158 0.0099144213036373 0.0 1496.6483068786 - 0.43347805916337 - 0.0 0.0 0.0 - - - 61631.0 0.0 0.0012204249283123 - 29.8793139816 -
13 9 2 1.3052761506966 0.035040012057557 0.035040012057557 0.0095815404562794 0.0 1496.4288772543 - 0.0 0.0 0.43346126372371 - 0.48919677734375 0.0 13.961090439701 0.0 0.031494140625 0.0 0.89880507384723 0.0
14 10 2 1.4056725743926 0.035775569932123 0.035775569932123 0.0097967380221205 0.0 1496.468780666 - 0.43395060291868 - 1.8586985511667 0.0 6.6496e-05 0.0 1.6565494305874 0.0 5.9264e-05 0.0 3.5814384017668 0.0 0.000128128 0.0
15 19 2 1.5061154757338 0.03503054985758 0.03503054985758 0.0095860229085657 0.0 1496.3791772318 - 0.43357706609505 - 0.48809814453125 0.0 13.933499374565 0.0 0.031494140625 0.0 0.89904785260414 0.0 0.0 0.0 0.0 0.0 0.0 0.0 0.0 0.0 716.2698873415 0.0 0.025091328 0.0 1406.0413039546 0.0 0.0492544 0.0 2122.3111912961 0.0 0.074345728 0.0 0.0 0.0
16 13 2 1.6065063476565 0.03513710332375 0.03513710332375 0.0096224540995334 0.0 1496.6826407783 - 0.43347857000153 - 205.0 205.0 0.48773193359375 0.0 13.88082361542 0.0 0.0750732421875 0.0 2.1365802836899 0.0 0.0 0.0 0.0 0.0 0.031494140625 0.0 0.89632148486504 0.0
17 9 2 1.7069352930226 0.034598444536972 0.034598444536972 0.0094601152306594 0.0 1496.7741483645 - 0.43344816056871 - 0.27682156203721 - 2.9052323982552e-07 - 1.0494964253777e-06 - 114.0 0.0 2.3656892385793e-06 -
18 8 2 1.8073345455958 0.034585103614011 0.034585103614011 0.00068273858079238 0.0 1496.4353553359 - 0.36418824893699 - 0.20662326053344 - 0.00098207383069192 - 0.0047529684129295 - 4.8397261635419 -
19 5 2 1.9076931467607 0.034191677730621 0.034191677730621 0.011036921652035 0.0 1496.4585704298 - 1.8143897228072 - 5.8389301254159 -
20 6 2 2.0080369015292 0.034622869984259 0.034622869984259 0.023327703010497 0.022493078275422 1496.4710708505 1496.4736377249 0.61414340086558 0.59319313461011 4.0 0.0 9.0 -
21 7 2 2.108396749103 0.034479247629555 0.034479247629555 0.023332074499783 0.023334231711084 1496.4670718161 1496.4677708272 0.5886717211909 0.58854312624907 90.612736127364 90.654936899292 9.3872638726358 9.3450631007081 1.3997742268355 1.3917692987008
22 7 2 2.2087365843865 0.034789974827206 0.034789974827206 0.023541172271001 0.023543955404202 1496.4689830646 1496.4663793226 0.58913337479675 0.58926687552217 2.2441311295689e-05 2.5324778715654e-05 2.8618338899805e-06 2.8999280364438e-06 0.12752525252525 0.11450951137635
23 9 2 2.3090783762421 0.034839813066024 0.034839813066024 0.023571785377491 0.023578236630433 1496.4671828441 1496.4715494168 0.58744718522648 0.58751362900999 0.0 0.0 0.0 0.0 0.0 0.0 0.0 0.0 - -
24 6 2 2.4093994012591 0.033940979251373 0.033940979251373 0.02296834639136 0.022977203956214 1496.4717450511 1496.4655681421 0.58899159274056 0.5891979297712 0.0 0.0 0.0 0.0
25 13 2 2.5097007210589 0.033387972269341 0.033387972269341 0.022597370813856 0.022603435734394 1496.4660427423 1496.4674570714 0.58922029550324 0.58921794172817 1.6971581047559 1.6971648844687 199574844.0 199628408.0 67745614.0 67764062.0 9741215.0 8935696.0 3872.0 4008.0 4.8809833968854 4.4761645346588 0.0034568484994031 0.0034829712212102 33.944966530952 33.945099637322 61.170593223663 61.575252856798
26 7 2 2.6100727537288 0.030470071107219 0.030470071107219 0.020627863165413 0.020632911302544 1496.4711849616 1496.4706768529 0.5894571423683 0.58897203444339 33.93360654208 33.961437514586 66.06639345792 66.038562485414 2.1955813197346 2.1939109131975
27 12 2 2.7104420064359 0.032535704870196 0.032535704870196 0.022019196517619 0.022028583081591 1496.460430516 1496.4707438814 0.58999465672654 0.59012571650377 4575021.0 4589309.0 38.577680845618 38.828132949862 1.8530625323906 1.8794986347618 99.708963084541 99.71104582411 9.4103056463529 9.4356721286668 3.6302776788472 3.6636953188319 0.174378848116 0.17734332883889 9.3829181830645 9.4084073600278
1 7 2 2.8108158797328 0.031549152313108 0.031549152313108 0.021354765925992 0.021354149062294 1496.4697046386 1496.4700156585 0.58662170214552 0.58681754247953 34.849265463007 34.863977724287 65.150734536993 65.136022275713 2.8121910755861 2.8116228160723
2 10 2 2.9111320250953 0.031813639190599 0.031813639190599 0.021526360467789 0.021535413689852 1496.47182549 1496.4670563665 0.58776608594635 0.58769344988546 4077.866578632 4080.3832350736 0.129731776 0.12981184 4058.1437171184 4061.1029510317 0.12910432 0.129198464 8136.0102957504 8141.4861861053 0.258836096 0.259010304
3 5 2 3.0114462709523 0.031251631071178 0.031251631071178 0.021144433974469 0.021149724418559 1496.4681989364 1496.4708611067 0.58797995535803 0.58822589857504 inf inf
4 6 2 3.1117541878421 0.031975723976847 0.031975723976847 0.021641017403325 0.021639979786048 1496.4658521756 1496.4683097124 0.58880903504677 0.58921246173328 0.0 0.0 0.0 0.0
5 7 2 3.2120643575073 0.03139224791377 0.03139224791377 0.021238707233376 0.021250456176971 1496.4665556383 1496.4705834872 0.59023554841787 0.59042548265098 0.11347926135325 0.11253503558474 0.037996637809641 0.038027300524932 0.33483331982011 0.33791521304757
6 8 2 3.3124260538606 0.030696028913679 0.030696028913679 0.020767324634077 0.020766612659236 1496.4656064006 1496.4672125709 0.58724375603854 0.58747961634186 9.197586386413 9.212191330443 11.106727786816 10.958718668774 0.64610064411604 0.62394031549807 99.961114928982 99.961312062608
7 7 2 3.4127422626304 0.030844562626632 0.030844562626632 0.020875161194854 0.020874896242385 1496.4685444609 1496.4718204576 0.58869892792843 0.58892214827844 0.0 0.0 0.0 0.0 - -
8 10 2 3.5130125309066 0.030530194936764 0.030530194936764 0.020653579406781 0.020662639422497 1496.4662716818 1496.4679315359 0.58339925295305 0.58353724720747 8704.036661096 0.0 0.265735936 0.0 1.5743102885374 0.0 4.8064e-05 0.0 8705.6109713846 0.0 0.265784 0.0
9 19 2 3.6133670522564 0.030825327530279 0.030825327530279 0.020858933422254 0.020869367114618 1496.4652661288 1496.470233857 0.5875724652473 0.58791924262004 0.457763671875 0.0 14.85024518962 0.0 0.05340576171875 0.0 1.7325286054557 0.0 0.0 0.0 0.0 0.0 0.0 0.0 0.0 0.0 8639.0631774606 0.0 0.266301952 0.0 1.916346223474 0.0 5.9072e-05 0.0 8640.9795236841 0.0 0.266361024 0.0 0.0 0.0
10 9 2 3.7137014444652 0.029999908648012 0.029999908648012 0.020306363498565 0.020312993198127 1496.4708988905 1496.4724682143 0.58918213572175 0.58921785466427 0.0 0.0 0.0 0.0 0.0 0.0 0.0 0.0 - -
11 7 2 3.8140495172795 0.030331735120413 0.030331735120413 0.020527986954377 0.020537291994512 1496.4679627422 1496.4689656818 0.59075843694348 0.59059513579143 61383318.0 61428172.0 92072197.0 92139375.0 92070238.0 92137471.0
12 10 2 3.9144102009255 0.02969006734272 0.02969006734272 0.020101066096867 0.020098942400922 1496.4719994436 1496.4694784492 0.58637094969383 0.58656876871643 47.0 44.0 6.209595598237e-07 5.8158140416723e-07 82.340425531915 74.045454545455 0.0 0.0 0.0 0.0 - -
13 9 2 4.0147340511963 0.030098181104017 0.030098181104017 0.020362229972195 0.020381333724588 1496.4692455625 1496.4701888221 0.0 0.0 0.59099410921776 0.59098720365491 0.44378662109375 0.0 14.744632559691 0.0 0.0516357421875 0.0 1.7155768320036 0.0
14 10 2 4.115029248556 0.013780526662917 0.013780526662917 0.0093356129331152 0.0093325064220279 1496.4586951582 1496.4677480218 0.58576702148489 0.5856700163974 4094.3619485773 4093.8278615877 0.056422464 0.056415104 1.8809150502027 1.3561165300227 2.592e-05 1.8688e-05 4096.2475078622 4095.1839781177 0.056448448 0.056433792
15 19 2 4.2153871087598 0.026130038246138 0.026130038246138 0.017684339061405 0.017694624199221 1496.4695814371 1496.4700395743 0.59074117153521 0.5908227845517 0.3848876953125 0.0 14.729702715586 0.0 0.0450439453125 0.0 1.7238377107679 0.0 0.0 0.0 0.0 0.0 0.0 0.0 0.0 0.0 8632.7105178784 0.0 0.225573056 0.0 5.4447681499673 0.0 0.000142272 0.0 8638.1552860283 0.0 0.225715328 0.0 0.0 0.0
16 13 2 4.3157157924883 0.028673571986243 0.028673571986243 0.019399736910942 0.019421462107595 1496.4704932721 1496.4689229766 0.58745597424941 0.58689724195769 206.0 206.0 0.41424560546875 0.0 14.446948070073 0.0 0.07861328125 0.0 2.7416633437828 0.0 0.0 0.0 0.0 0.0 0.048583984375 0.0 1.6943820043875 0.0
17 9 2 4.4160624187074 0.026329026155786 0.026329026155786 0.017820872918511 0.017818638259566 1496.4710011718 1496.4706972737 0.58806815494174 0.58858247092895 0.20002381118952 0.2000251664841 0.0 0.0 0.0 0.0 0.0 0.0 0.0 0.0
18 8 2 4.5163800930947 0.028505264213795 0.028505264213795 0.019293902666176 0.019297389621834 1496.4627440801 1496.4725378477 0.58275889074851 0.58295166219841 0.20000009575886 0.20000009850961 0.0 0.0 0.0 0.0 4.9999976060296 4.9999975372611
19 5 2 4.6166802996412 0.028477556979172 0.028477556979172 0.019256196532984 0.019278591130918 1496.4689720506 1496.4689333369 0.58987880694346 0.58975747292824 6.203125 6.503937007874
20 6 2 4.7169864302532 0.02892984760174 0.02892984760174 0.01958282540789 0.019580756514079 1496.4728073757 1496.4700913583 0.58909887331063 0.58919780622027 0.0 0.0 - -
21 7 2 4.8173344396601 0.028531523947407 0.028531523947407 0.019316667291746 0.019319665557294 1496.4716883849 1496.4720537022 0.591904930835 0.59186447687927 90.571216426577 90.578878021669 9.4287835734234 9.421121978331 1.3833928296836 1.3807025922045
22 7 2 4.9176692304298 0.029320778855728 0.029320778855728 0.019843602044994 0.019853512173162 1496.472714232 1496.468269905 0.58876521027268 0.58882298460993 2.9405819911189e-05 2.7132942857004e-05 3.5721464400873e-06 3.4923589815945e-06 0.12147753236862 0.12871287128713
23 9 2 5.0180130196194 0.02777915676354 0.02777915676354 0.018804905483233 0.01880232027179 1496.4667088551 1496.4677399162 0.59121050002813 0.59117997454966 0.0 0.0 0.0 0.0 0.0 0.0 0.0 0.0 - -
24 6 2 5.1183550324952 0.029113291633196 0.029113291633196 0.019705336712179 0.019710145712722 1496.4750752264 1496.4692512009 0.58911688843314 0.58968611673166 0.0 0.0 0.0 0.0
25 13 2 5.2187035636546 0.028938903994174 0.028938903994174 0.019581849386401 0.019586672880071 1496.4694397372 1496.4668453973 0.58636490509641 0.58645021505599 1.7054226665144 1.7051745814511 172942444.0 172985044.0 58991123.0 58997068.0 8430663.0 7724855.0 3172.0 3228.0 4.8748374343547 4.4656201607811 0.0031646366695269 0.0032286028149347 34.110263296614 34.105299877832 61.011734632361 61.425851358572
26 7 2 5.3190546202414 0.028482791715307 0.028482791715307 0.019278218838731 0.019276399498442 1496.4707250382 1496.4741848477 0.58865263704143 0.58845037355457 33.9802348453 33.991959107351 66.0197651547 66.008040892649 2.1926858435349 2.1917032388574
27 12 2 5.4194088743742 0.02884992616137 0.02884992616137 0.019521923025705 0.019531326347355 1496.4716824856 1496.4716103468 0.58852080888633 0.58844717022305 4010063.0 4012056.0 38.454682632168 38.612870807387 1.8778258595937 1.9913730017727 99.697810233904 99.694819813083 9.3033788111383 9.3035212664003 3.5775847958916 3.5923566471329 0.17470125313152 0.18526781071327 9.2752649524699 9.2751287628096
1 7 2 5.5197588992315 0.028298393854961 0.028298393854961 0.019140802712548 0.019156113341985 1496.4644640403 1496.4691939124 0.58479849819754 0.58468141038798 34.938051036864 34.780914615016 65.061948963136 65.219085384984 2.7329811594108 2.7402307889227
2 10 2 5.6200747909642 0.027652231396407 0.027652231396407 0.018713881855038 0.018719059977397 1496.470978443 1496.4762945769 0.58377429621496 0.58386212110347 4106.5867839786 4107.1792858915 0.113556288 0.113572672 4088.6335131237 4087.8489109812 0.11305984 0.113038144 8195.2202971023 8195.0281968727 0.226616128 0.226610816
3 5 2 5.7203814750324 0.026301082502037 0.026301082502037 0.017793490873414 0.01780299655277 1496.4696135763 1496.4710178541 0.58617475355814 0.58621142556167 inf inf
4 6 2 5.8207039249049 0.029919321429642 0.029919321429642 0.02024890731012 0.020249661405609 1496.4677799073 1496.4692454083 0.58862858319441 0.58888865400131 0.0 0.0 0.0 0.0
5 7 2 5.9210098426491 0.029227047277426 0.029227047277426 0.019782660712531 0.019785980997234 1496.4665211729 1496.469874465 0.58899623095734 0.58908879560183 0.11441418993739 0.11351522305826 0.037554946270787 0.037569135437455 0.32823678856039 0.33096120877262
6 8 2 6.0213539262303 0.029775260657861 0.029775260657861 0.020149187353103 0.020161567653522 1496.4697928179 1496.4684941727 0.58918769838185 0.58906849080358 9.4013047621709 9.4018330115135 12.272931953892 12.349770628703 0.70381038269848 0.6851643635188 99.956545840261 99.956610712344
7 7 2 6.1216693460306 0.029649491117568 0.029649491117568 0.02006894796977 0.020066667566894 1496.4713978 1496.4761409491 0.58716667753249 0.58728444142191 0.0 0.0 0.0 0.0 - -
8 10 2 6.221943678723 0.026904902385645 0.026904902385645 0.018210186830164 0.018213577315949 1496.4719447883 1496.4697527377 0.58407922919376 0.58432439303242 8725.8565979878 0.0 0.23476832 0.0 316.00248453368 0.0 0.008502016 0.0 9041.8590825215 0.0 0.243270336 0.0
9 19 2 6.3222927524689 0.029129777564612 0.029129777564612 0.019713163000499 0.01972763710479 1496.4731974596 1496.4678843872 0.58297857248019 0.58308082450965 0.42852783203125 0.0 14.710988818255 0.0 0.05047607421875 0.0 1.7327998508327 0.0 0.0 0.0 0.0 0.0 0.0 0.0 0.0 0.0 8718.1672237868 0.0 0.253958272 0.0 3.7569802844273 0.0 0.00010944 0.0 8721.9242040712 0.0 0.254067712 0.0 0.0 0.0
10 9 2 6.4226266763684 0.029142062300978 0.029142062300978 0.019727226315235 0.0197246592202 1496.4731418767 1496.4690722553 0.59033190075398 0.59078058699686 0.0 0.0 0.0 0.0 0.0 0.0 0.0 0.0 - -
11 7 2 6.522961941788 0.029472640552858 0.029472640552858 0.019941202382257 0.019950586228768 1496.4747786579 1496.4711274348 0.59315512650827 0.59243704084956 59388609.0 59488727.0 89079845.0 89229909.0 89077532.0 89227475.0
12 10 2 6.6233129222858 0.02928239018686 0.02928239018686 0.019814058259494 0.019818181101079 1496.4681729344 1496.4702797952 0.58913521449994 0.58901344871355 48.0 42.0 6.4639038774401e-07 5.6535705205388e-07 74.25 63.380952380952 0.0 0.0 0.0 0.0 - -
13 9 2 6.7236337425874 0.029518238646349 0.029518238646349 0.019972935535681 0.019977573336167 1496.4719261371 1496.4787422966 0.0 0.0 0.58925031464733 0.58989403348323 0.427490234375 0.0 14.482240607127 0.0 0.05010986328125 0.0 1.6975898827029 0.0
14 10 2 6.8239751440344 0.02813276821674 0.02813276821674 0.019038396092203 0.019048763206766 1496.4662800269 1496.475366106 0.58780387110429 0.5880061998571 4075.8551421815 4076.8765845002 0.114665088 0.114693824 1.219360986296 1.5105516695905 3.4304e-05 4.2496e-05 4077.0745031678 4078.3871361698 0.114699392 0.11473632
15 19 2 6.9243419655195 0.029540591576543 0.029540591576543 0.019994994074244 0.020001154558835 1496.4742111621 1496.4681662504 0.58906674471821 0.58853344051691 0.44427490234375 0.0 15.039472083441 0.0 0.052001953125 0.0 1.7603558476565 0.0 0.0 0.0 0.0 0.0 0.0 0.0 0.0 0.0 8632.1813610017 0.0 0.254999744 0.0 2.5716478900958 0.0 7.5968e-05 0.0 8634.7530088918 0.0 0.255075712 0.0 0.0 0.0
16 13 2 7.0246754392263 0.029046058019274 0.029046058019274 0.019657616281473 0.019672162851396 1496.4756095729 1496.4671989826 0.58631952097816 0.58600336896145 205.0 205.0 0.4278564453125 0.0 14.730275792625 0.0 0.07733154296875 0.0 2.6623765234317 0.0 0.0 0.0 0.0 0.0 0.050048828125 0.0 1.7230850427893 0.0
17 9 2 7.1250094700127 0.029349163644016 0.029349163644016 0.019864530119688 0.019873282156465 1496.468568959 1496.4726214531 0.59271287461073 0.59250333313758 0.20002952769938 0.20002871027935 1.3513821226875e-08 1.3503094416377e-08 6.7559131805704e-08 6.7505781532659e-08 0.0 0.0 0.0 0.0
18 8 2 7.2253362152855 0.025882486586985 0.025882486586985 0.017520467997312 0.017524646999761 1496.4681435304 1496.4680871554 0.58829083378104 0.58822241254949 0.20000009732815 0.20000009729362 0.0 0.0 0.0 0.0 4.9999975667975 4.9999975676606
19 5 2 7.3256448369036 0.028862719062985 0.028862719062985 0.019528970761385 0.019533868532328 1496.4685588938 1496.4716480649 0.58918852776375 0.58946850270076 6.0656934306569 6.5833333333333
20 6 2 7.4259668691929 0.027421504445502 0.027421504445502 0.018553350550787 0.018563237127625 1496.4656676264 1496.4795093709 0.58935024998519 0.58953174205618 0.0 0.0 - -
21 7 2 7.526313550667 0.028955738666446 0.028955738666446 0.019602025177247 0.019600436821162 1496.4703348734 1496.4719673053 0.58834098656403 0.58817134224319 90.668107080385 90.660806909481 9.3318929196146 9.339193090519 1.3894745750583 1.3886282482118
22 7 2 7.6266463685599 0.029572474643245 0.029572474643245 0.020005792359321 0.020023148331238 1496.4686361818 1496.4698330538 0.58916700212049 0.58883367709733 3.2110434820969e-05 2.937853749445e-05 3.6345144293724e-06 3.8623842266976e-06 0.11318795430945 0.13146958821307
23 9 2 7.7269727415405 0.029021228576085 0.029021228576085 0.019635941357853 0.01963855827301 1496.4723906203 1496.4738185559 0.59063492748977 0.59066121813805 0.0 0.0 0.0 0.0 0.0 0.0 0.0 0.0 - -
24 6 2 7.8272865806842 0.029375623563938 0.029375623563938 0.019879936313178 0.019877742416151 1496.4718136959 1496.4703578983 0.59055224471976 0.59064747596323 0.0 0.0 0.0 0.0
25 13 2 7.9276380965219 0.029218797065155 0.029218797065155 0.01977060877201 0.019780513012345 1496.4713215267 1496.4728256792 0.58829580271481 0.58855938130598 1.6998251481403 1.6990639037663 174609524.0 174696996.0 59364392.0 59367541.0 8716581.0 7989440.0 3552.0 3316.0 4.9920421293858 4.5733127546166 0.0034717464781589 0.0034036074667248 33.99836998582 33.983149315286 61.006116138316 61.44013432263
26 7 2 8.028010006906 0.028310101583728 0.028310101583728 0.019165293831814 0.019162786068016 1496.4693633635 1496.4698072433 0.58858043887784 0.58919288637309 33.9840764271 33.948753381649 66.0159235729 66.051246618351 2.1914924162091 2.1941198564623
27 12 2 8.1283711833184 0.02916994526476 0.02916994526476 0.019748166618505 0.019751279470335 1496.4741784587 1496.4746583063 0.58751059151538 0.58745609035543 4013892.0 4017162.0 36.482471376908 36.351633317252 1.946738975538 1.5408141369454 99.683673601582 99.674197854107 9.2055767939833 9.2116243029676 3.3584219189443 3.3485758891777 0.17920855137155 0.14193400950243 9.1764571244573 9.1816126333169
1 7 2 8.2287389323636 0.029619435996449 0.029619435996449 0.020046975937056 0.020057551843224 1496.4713593473 1496.4681721354 0.5890438282111 0.58887672908828 34.60724073407 34.701715115646 65.39275926593 65.298284884354 2.828277315847 2.8247967873187
2 10 2 8.329071343543 0.030071699444405 0.030071699444405 0.020353443514243 0.02035434842883 1496.4731401619 1496.4732284408 0.58791312005579 0.58791437723487 4078.2828461934 4078.1274841725 0.122640896 0.122636224 4058.6072039473 4059.139265663 0.122049216 0.122065216 8136.8900501408 8137.2667498355 0.244690112 0.24470144
3 5 2 8.4293757657777 0.029836342845397 0.029836342845397 0.02019604227241 0.020199423247081 1496.4721157507 1496.4736190133 0.58722953515912 0.58762619850776 inf inf
4 6 2 8.529681022273 0.030299329395336 0.030299329395336 0.020505201042027 0.020513792295682 1496.4703552922 1496.4769726409 0.58470295145184 0.5846751540431 0.0 0.0 0.0 0.0
5 7 2 8.6299838883083 0.02921256320911 0.02921256320911 0.019762556028587 0.019771804002037 1496.4710147251 1496.4698733308 0.58370878563263 0.58329702899455 0.11508255357746 0.11398232018229 0.037551392359845 0.03752126066925 0.32629961008443 0.32918491753145
6 8 2 8.7303544861587 0.030141113368048 0.030141113368048 0.020404594286832 0.020409567240869 1496.4735960748 1496.4717106151 0.59066176396166 0.5907618726308 9.7338608549175 9.7485030179305 12.21481044704 12.156809225451 0.71143275292863 0.68255747238349 99.956117555675 99.957102436103
7 7 2 8.8306774478197 0.029755127893485 0.029755127893485 0.020135162082825 0.020144605713482 1496.4726724125 1496.4734984948 0.58506774387449 0.5846406472326 0.0 0.0 0.0 0.0 - -
8 10 2 8.9309473229698 0.029367404149561 0.029367404149561 0.019870645313258 0.019867979936709 1496.4782168669 1496.4710288919 0.58749278242286 0.58740678107837 8649.8077496509 0.0 0.2540224 0.0 2.2010797982282 0.0 6.464e-05 0.0 8652.0088294492 0.0 0.25408704 0.0
9 19 2 9.0312960135537 0.028977591583776 0.028977591583776 0.019606335070745 0.019620445488142 1496.4738078396 1496.4730361334 0.58542113246913 0.58548516525617 0.4267578125 0.0 14.727166378414 0.0 0.05035400390625 0.0 1.7376876805194 0.0 0.0 0.0 0.0 0.0 0.0 0.0 0.0 0.0 8671.0267578164 0.0 0.251265472 0.0 2.2130203545247 0.0 6.4128e-05 0.0 8673.239778171 0.0 0.2513296 0.0 0.0 0.0
10 9 2 9.1316264237759 0.029407788340786 0.029407788340786 0.019898318126706 0.019901397010271 1496.4800762543 1496.4758737524 0.58709102934742 0.58717754706995 0.0 0.0 0.0 0.0 0.0 0.0 0.0 0.0 - -
11 7 2 9.2319675561942 0.027040559861506 0.027040559861506 0.01830363624541 0.018307114595774 1496.4742397258 1496.4746237265 0.59037053900415 0.58977882259477 54768307.0 54833613.0 82149792.0 82247771.0 82147927.0 82245969.0
12 10 2 9.3323325325232 0.029046599699877 0.029046599699877 0.019658793395092 0.019668704429081 1496.4684741857 1496.4662078482 0.59007161175205 0.58988514326747 43.0 46.0 5.8455909711666e-07 6.2482966599975e-07 70.860465116279 75.217391304348 0.0 0.0 0.0 0.0 - -
13 9 2 9.4326441342904 0.029169646344026 0.029169646344026 0.019740889710261 0.019746380340661 1496.4727418426 1496.4715009109 0.0 0.0 0.58519271911953 0.5849387595732 0.4288330078125 0.0 14.701344087441 0.0 0.0506591796875 0.0 1.7367087379129 0.0
14 10 2 9.5329754602971 0.028631546448439 0.028631546448439 0.01938223600776 0.019385945795239 1496.4711512304 1496.4741197019 0.58400389124169 0.58396524509741 4103.7878345689 4104.8831299298 0.117497792 0.117529152 1.2472955334184 1.3210603230292 3.5712e-05 3.7824e-05 4105.0396006957 4106.2064255495 0.117533632 0.11756704
15 19 2 9.6333372517614 0.029251057858966 0.029251057858966 0.019796114410133 0.019811490258639 1496.4716234257 1496.4725848795 0.58925542706486 0.58927052033738 0.44439697265625 0.0 15.192509440134 0.0 0.0517578125 0.0 1.7694338696929 0.0 0.0 0.0 0.0 0.0 0.0 0.0 0.0 0.0 8633.1367985926 0.0 0.252528384 0.0 1.9822872827222 0.0 5.7984e-05 0.0 8635.1190858753 0.0 0.252586368 0.0 0.0 0.0
16 13 2 9.7336651746008 0.028518660391801 0.028518660391801 0.019298318540662 0.019310165312861 1496.4701125205 1496.4755585918 0.58422679460365 0.58428778692484 206.0 206.0 0.4129638671875 0.0 14.480479149933 0.0 0.0765380859375 0.0 2.6837896621366 0.0 0.0 0.0 0.0 0.0 0.04888916015625 0.0 1.7142866980633 0.0
17 9 2 9.8340132238638 0.02794037920876 0.02794037920876 0.018913211711892 0.018917039256023 1496.4735893465 1496.4747759669 0.59165663671827 0.59133953895313 0.20002704721106 0.20002756807358 4.2504784267676e-08 1.4157802784894e-08 2.1249518432789e-07 7.0779257685548e-08 0.0 0.0 0.0 0.0
18 8 2 9.9343349590439 0.028374523531106 0.028374523531106 0.019200371274183 0.019209297228478 1496.4783343218 1496.4740703956 0.58547881556233 0.58584031020655 0.20000009943658 0.20000009668919 0.0 0.0 0.0 0.0 4.9999975140868 4.9999975827714
19 5 2 10.034643445695 0.028633202288144 0.028633202288144 0.019381956562164 0.019379681141301 1496.4713801265 1496.4766761194 0.5894924874256 0.58972541857781 6.55 6.4083333333333
20 6 2 10.134934440954 0.028508247080397 0.028508247080397 0.019286025199002 0.019294664461138 1496.4738351357 1496.4736408005 0.58598339224779 0.58609112136437 0.0 0.0 - -
21 7 2 10.235307731808 0.027727519565392 0.027727519565392 0.018770614292978 0.018770670000933 1496.4774327207 1496.4751194886 0.59334361704263 0.593306474862 90.290125698375 90.290137625498 9.7098743016254 9.709862374502 1.4137400557528 1.4126819469837
22 7 2 10.33564577719 0.027965737651067 0.027965737651067 0.018930128360911 0.018933715409725 1496.4713765992 1496.4714112701 0.58655643760479 0.58613925954641 2.8990058175878e-05 2.9968752930789e-05 4.2450145695215e-06 3.8673127563709e-06 0.14643001210165 0.12904483430799
23 9 2 10.435979661234 0.028159684670148 0.028159684670148 0.019056555526821 0.01906591219872 1496.4774092166 1496.4714543533 0.58942596035224 0.58967853142931 0.0 0.0 0.0 0.0 0.0 0.0 0.0 0.0 - -
24 6 2 10.536291826421 0.028995764152791 0.028995764152791 0.019626566569546 0.019624447402703 1496.4746383417 1496.4745555763 0.59061536346905 0.59053256541064 0.0 0.0 0.0 0.0
25 13 2 10.636642883008 0.028374159391302 0.028374159391302 0.019198838626053 0.01921297078314 1496.4733373565 1496.4764425715 0.58597441935652 0.58618512902944 1.706559138022 1.7059456995365 169559780.0 169684592.0 57875818.0 57897615.0 8454758.0 7750421.0 3044.0 3208.0 4.9862992273286 4.5675455317711 0.0031965127579194 0.003368013520049 34.132987197789 34.120726176482 60.877517062124 61.308360278227
26 7 2 10.736988138721 0.028941734682947 0.028941734682947 0.019588562874351 0.019597598885826 1496.4731536714 1496.4773805871 0.59326776644924 0.59322347129817 33.715842019065 33.718361877298 66.284157980935 66.281638122702 2.2190776118675 2.2193161301625
27 12 2 10.837350898507 0.028809854478185 0.028809854478185 0.019504347845249 0.019502422071063 1496.4709720546 1496.4683918468 0.59241746498378 0.59222177016549 4146244.0 4140152.0 39.70222205929 39.756438894031 1.9182662670118 2.0742233618476 99.732360179478 99.731845594075 9.6279877166553 9.6147908139852 3.8225250631077 3.8224984347509 0.18469044056064 0.19943223725646 9.6022193876106 9.5890083287971
1 7 2 10.937718633965 0.029288277113688 0.029288277113688 0.019829114353397 0.019832668792676 1496.4791056996 1496.4724149811 0.59311215914012 0.59320726607071 34.555846550733 34.696255071375 65.444153449267 65.303744928625 2.8731628509707 2.8671194656087
2 10 2 11.038036187879 0.028669787468581 0.028669787468581 0.019401837055557 0.019410041976808 1496.4778232396 1496.4724468476 0.58837065234548 0.58790142271083 4074.4461090971 4079.3817578233 0.116813504 0.116955008 4053.1721460212 4058.005108252 0.116203584 0.116342144 8127.6182551184 8137.3868660754 0.233017088 0.233297152
3 5 2 11.138341687134 0.029240894553994 0.029240894553994 0.019791866565332 0.019790655936357 1496.4771454805 1496.4731573496 0.5880135955174 0.58806898344792 inf inf
4 6 2 11.2386515769 0.029473883338457 0.029473883338457 0.019951051367547 0.019954426907295 1496.4742419982 1496.4774737056 0.58659267288681 0.58669364570899 0.0 0.0 0.0 0.0
5 7 2 11.338945983479 0.029950147403928 0.029950147403928 0.020264389139614 0.020266107028017 1496.4744636952 1496.474107953 0.59027778648132 0.59020808633013 0.11365416873919 0.11275582279037 0.037826767202915 0.037841227470594 0.33282340298241 0.33560331106755
6 8 2 11.439286752663 0.030328414382799 0.030328414382799 0.020529382370714 0.020528075724777 1496.4770434254 1496.4785515078 0.58661876606319 0.58686142643031 9.1756587747318 9.2152677919882 11.925987436824 12.049952757677 0.64673904770393 0.66136824576819 99.958590451624 99.958940823268
7 7 2 11.539609087496 0.028867841477389 0.028867841477389 0.019531609416232 0.01953980844965 1496.4781521429 1496.4766861325 0.58588595354592 0.58593654888229 0.0 0.0 0.0 0.0 - -
8 10 2 11.639869562948 0.02911883615991 0.02911883615991 0.019690768855476 0.019701884177696 1496.4754208769 1496.4723892744 0.58891897744414 0.58903348206548 8612.7112575083 0.0 0.250792128 0.0 1.7517183626393 0.0 5.1008e-05 0.0 8614.4629758709 0.0 0.250843136 0.0
9 19 2 11.740183978194 0.028287584700039 0.028287584700039 0.019149237259272 0.01916328291051 1496.4769649803 1496.4755256404 0.58651908952573 0.58680988908131 0.443115234375 0.0 15.664654267014 0.0 0.05194091796875 0.0 1.8361736613263 0.0 0.0 0.0 0.0 0.0 0.0 0.0 0.0 0.0 9025.5510573741 0.0 0.25531104 0.0 79.179895482448 0.0 0.002239808 0.0 9104.7309528566 0.0 0.257550848 0.0 0.0 0.0
10 9 2 11.840535667949 0.017459916620409 0.017459916620409 0.011822180080723 0.011831405861573 1496.4758384224 1496.4782642909 0.58752482147959 0.5875786181983 0.0 0.0 0.0 0.0 0.0 0.0 0.0 0.0 - -
11 7 2 11.940862652358 0.028376833373145 0.028376833373145 0.01920647922119 0.019204390399331 1496.474545699 1496.4746250564 0.58632169816052 0.58632010108961 57866795.0 57860688.0 86797348.0 86788106.0 86795264.0 86786053.0
12 10 2 12.041230885112 0.028379828015412 0.028379828015412 0.019209470693086 0.019214700900119 1496.4721833614 1496.4770195699 0.59180940434756 0.59186651331837 43.0 53.0 5.9999416191727e-07 7.3939773403891e-07 76.279069767442 73.981132075472 0.0 0.0 0.0 0.0 - -
13 9 2 12.141549222559 0.028924628264552 0.028924628264552 0.019568093597693 0.019584846293219 1496.4735735681 1496.4761703057 0.0 0.0 0.58715244976708 0.58705676579016 0.42803955078125 0.0 14.798446046265 0.0 0.05047607421875 0.0 1.7450898160931 0.0
14 10 2 12.241881892804 0.028863981776633 0.028863981776633 0.019538928445124 0.019535926103384 1496.4785021846 1496.4778297123 0.58792634421877 0.58856259142433 4076.3019083962 4071.306339832 0.117658304 0.117514112 1.4722847432783 1.2039918909641 4.2496e-05 3.4752e-05 4077.7808450284 4072.5125490193 0.117700992 0.117548928
15 19 2 12.342247140879 0.029165533919376 0.029165533919376 0.019743077719455 0.019752973807407 1496.4780423998 1496.4746485991 0.58531710734483 0.58525850642498 0.44293212890625 0.0 15.186834231483 0.0 0.05230712890625 0.0 1.7934569293621 0.0 0.0 0.0 0.0 0.0 0.0 0.0 0.0 0.0 8684.6947736392 0.0 0.25329376 0.0 2.6749381724218 0.0 7.8016e-05 0.0 8687.3697118116 0.0 0.253371776 0.0 0.0 0.0
16 13 2 12.442580137218 0.02861616380628 0.02861616380628 0.019359684249986 0.019381338792646 1496.4743250022 1496.4803751535 0.58676796000305 0.58638000329249 206.0 206.0 0.42828369140625 0.0 14.96649565978 0.0 0.07568359375 0.0 2.6447847539016 0.0 0.0 0.0 0.0 0.0 0.05010986328125 0.0 1.7511034539945 0.0
17 9 2 12.54292022432 0.029050490198527 0.029050490198527 0.019659719596459 0.019659631278969 1496.4787848284 1496.4785112558 0.58759985854029 0.58760429817981 0.20002482651727 0.20002509755592 1.3536814212301e-08 1.3536977302618e-08 6.767567030552e-08 6.7676393952681e-08 0.0 0.0 0.0 0.0
18 8 2 12.643225114864 0.02891230729537 0.02891230729537 0.019546265590425 0.019569580501892 1496.475914642 1496.4792973905 0.58542029979479 0.5853915361492 0.20000010851907 0.20000010838446 0.0 0.0 0.0 0.0 4.9999972870247 4.99999729039
19 5 2 12.743537304508 0.029071738027825 0.029071738027825 0.019667935387555 0.019665585236507 1496.4764543588 1496.482434428 0.59108019118873 0.5908023705464 6.488188976378 6.2189781021898
20 6 2 12.843856287806 0.028764455665184 0.028764455665184 0.019469770415745 0.019474407763321 1496.4766827555 1496.4771286838 0.58861850826714 0.58807161903466 0.0 0.0 - -
21 7 2 12.94420177088 0.029433125043403 0.029433125043403 0.019916374750709 0.019926751376386 1496.4787435345 1496.4775327442 0.591078457167 0.59114204902209 90.411164504006 90.399713526801 9.5888354959942 9.6002864731988 1.4080125447077 1.4090089687385
22 7 2 13.044540894188 0.029359652138514 0.029359652138514 0.019874130910186 0.019873374097236 1496.4748625605 1496.4752915095 0.58707569917353 0.58715990316199 2.3423356692102e-05 2.3840186362907e-05 3.0993303952424e-06 3.1221946593143e-06 0.13231794383627 0.13096351730589
23 9 2 13.14486748366 0.030069453009794 0.030069453009794 0.020352600195443 0.020349708363793 1496.4755043647 1496.4809082554 0.58702152854958 0.58698375189887 0.0 0.0 0.0 0.0 0.0 0.0 0.0 0.0 - -
24 6 2 13.245180331836 0.029347296748156 0.029347296748156 0.019861836662706 0.019871050214981 1496.4805397845 1496.4789342327 0.58961565478805 0.58952848403539 0.0 0.0 0.0 0.0
25 13 2 13.345539618707 0.027083003888338 0.027083003888338 0.018333876606803 0.018331678633584 1496.4737635329 1496.4833795384 0.58824730930584 0.58882088440798 1.6999652768154 1.6983093271317 161920632.0 161901220.0 55054739.0 54994519.0 8156847.0 7459755.0 2864.0 3020.0 5.0375587713862 4.6075965332442 0.0031027546878646 0.0031963934552192 34.001064793275 33.967946010537 60.958273680651 61.421261062764
26 7 2 13.445895248781 0.029311986057033 0.029311986057033 0.019842988351668 0.019847963117345 1496.4754179516 1496.4821324698 0.58798805970181 0.58807707642359 34.018547486018 34.013427826715 65.981452513982 65.986572173285 2.1869117192708 2.1874966715605
27 12 2 13.546262852895 0.028774466792327 0.028774466792327 0.019476390604193 0.019485198348925 1496.4819265967 1496.4751496499 0.58057152620918 0.58054274556617 3863081.0 3875140.0 37.505115735342 37.905753082469 1.9149740841572 1.9916183673364 99.70502818864 99.716629592737 8.9833318621101 9.0073009032474 3.3692090117742 3.41428523978 0.17202847705324 0.17939105919033 8.9568335653959 8.9817768779945
1 7 2 13.646612701118 0.029266734892758 0.029266734892758 0.019806865139639 0.01981271538074 1496.4752030945 1496.4797966213 0.58794582632708 0.58780279126225 34.748672684184 34.875898809816 65.251327315816 65.124101190184 2.840401375011 2.8330103256711
2 10 2 13.746928587415 0.029023620847781 0.029023620847781 0.019637343114933 0.019645548036184 1496.4759103271 1496.4813553617 0.59069704836335 0.59074068159902 4057.4818909614 4059.0541275971 0.117762816 0.117808448 4038.5996156287 4039.0759173304 0.117214784 0.117228608 8096.08150659 8098.1300449275 0.2349776 0.235037056
3 5 2 13.847237691836 0.029322066932347 0.029322066932347 0.019839039427601 0.01984263734626 1496.4715217989 1496.4787642192 0.58741685206938 0.58732198224053 inf inf
4 6 2 13.947538296037 0.02916689899073 0.02916689899073 0.019737603393823 0.01973599692133 1496.4762391642 1496.4764871983 0.59101273197953 0.59112103271229 0.0 0.0 0.0 0.0
5 7 2 14.047846647721 0.029546420530865 0.029546420530865 0.019991013899373 0.019999818473734 1496.4743471905 1496.4823026718 0.58959328783809 0.58925919507862 0.11488436756438 0.11397095176652 0.03727520924413 0.037275370806523 0.32445849713399 0.32706027482235
6 8 2 14.148190385279 0.029661648133257 0.029661648133257 0.020072366083077 0.020076781504654 1496.4756795353 1496.4785157084 0.58553848761694 0.58525032537823 9.2115453712889 9.1820653187225 11.602891099285 11.523533009645 0.64904512872731 0.61061541301531 99.96246275044 99.963743328119
7 7 2 14.248517990175 0.029430271709119 0.029430271709119 0.019922420196108 0.019924841454057 1496.4767601309 1496.4761984187 0.58507735757458 0.58492991278621 0.0 0.0 0.0 0.0 - -
8 10 2 14.348791920683 0.029752686707487 0.029752686707487 0.020130330889681 0.020140849729163 1496.4788239637 1496.4756025642 0.58436981496777 0.58465848146451 8698.3784202209 0.0 0.258800128 0.0 1.8993914921229 0.0 5.6512e-05 0.0 8700.277811713 0.0 0.25885664 0.0
9 19 2 14.44913671624 0.029248970848747 0.029248970848747 0.019798246258462 0.019804358281661 1496.4726643313 1496.4757017839 0.58930857982404 0.58974994217734 0.42718505859375 0.0 14.605131264372 0.0 0.0499267578125 0.0 1.7069577617169 0.0 0.0 0.0 0.0 0.0 0.0 0.0 0.0 0.0 8622.9238390725 0.0 0.252211648 0.0 1.995557392492 0.0 5.8368e-05 0.0 8624.919396465 0.0 0.252270016 0.0 0.0 0.0
10 9 2 14.549469792291 0.029402297257476 0.029402297257476 0.019904488122412 0.019908433423196 1496.4768384382 1496.4825712418 0.58845873441196 0.58859456453584 0.0 0.0 0.0 0.0 0.0 0.0 0.0 0.0 - -
11 7 2 14.649810265272 0.029326028990809 0.029326028990809 0.019811902859835 0.019856631818645 1496.4781524087 1496.4799019255 0.58914813250106 0.58854930659155 59404305.0 59599134.0 89103594.0 89395696.0 89101559.0 89393632.0
12 10 2 14.750155126047 0.029787117846995 0.029787117846995 0.020166713619257 0.020166264785245 1496.4794256679 1496.4775544379 0.58861460676411 0.58843386820953 47.0 49.0 6.2130645704368e-07 6.4756054691114e-07 64.510638297872 70.775510204082 0.0 0.0 0.0 0.0 - -
13 9 2 14.850494431426 0.027711064431871 0.027711064431871 0.018752350236102 0.018763961947905 1496.4870828283 1496.4806870296 0.0 0.0 0.59077426925791 0.59090508694755 0.41900634765625 0.0 15.120543228731 0.0 0.0494384765625 0.0 1.7840699221081 0.0
14 10 2 14.95082678101 0.029827151485723 0.029827151485723 0.020186869029144 0.020196384219614 1496.480867591 1496.4807123409 0.58510974025497 0.58475240057468 4095.086587751 4099.5153043203 0.122144768 0.122276864 1.1586758466206 1.4376163282144 3.456e-05 4.288e-05 4096.2517006856 4100.9550663445 0.12217952 0.122319808
15 19 2 15.051192139595 0.02919364243244 0.02919364243244 0.019757833080983 0.019762148409404 1496.4812024781 1496.4786416308 0.58533248796973 0.5850999078281 0.4281005859375 0.0 14.664171726026 0.0 0.050537109375 0.0 1.7310998273667 0.0 0.0 0.0 0.0 0.0 0.0 0.0 0.0 0.0 8700.8357586016 0.0 0.254009088 0.0 2.5079433020199 0.0 7.3216e-05 0.0 8703.3437019036 0.0 0.254082304 0.0 0.0 0.0
16 13 2 15.151520326028 0.029482240437536 0.029482240437536 0.019943231419969 0.019961542579506 1496.4765735681 1496.4837431872 0.58847574400912 0.58875669062916 206.0 206.0 0.44390869140625 0.0 15.05681674182 0.0 0.07879638671875 0.0 2.6726729566464 0.0 0.0 0.0 0.0 0.0 0.052001953125 0.0 1.7638399373066 0.0
17 9 2 15.251855646703 0.029447767630289 0.029447767630289 0.019925698360163 0.019929051707311 1496.476924861 1496.4827350742 0.58664971760151 0.58648962502073 0.2000248955507 0.20002511115585 1.333452099467e-08 1.3328638986682e-08 6.6664306750208e-08 6.6634828545588e-08 0.0 0.0 0.0 0.0
18 8 2 15.352193351497 0.02862872481787 0.02862872481787 0.019376226342267 0.019382106928352 1496.4759515381 1496.4786288537 0.58688125484162 0.58683300621714 0.20000009602652 0.20000009873205 0.0 0.0 0.0 0.0 4.9999975993382 4.9999975317
19 5 2 15.452514277779 0.029382659976863 0.029382659976863 0.019883937321918 0.019893051686857 1496.481747164 1496.4726813778 0.58998666561398 0.59007031906286 6.8595041322314 6.675
20 6 2 15.552823169332 0.028667291933358 0.028667291933358 0.019405314500101 0.019402616061108 1496.482470768 1496.4790954298 0.58810059713871 0.58810801731003 0.0 0.0 - -
21 7 2 15.653186040534 0.029942485974922 0.029942485974922 0.020272544240742 0.020276042972066 1496.4802326795 1496.4799982388 0.59005847890773 0.59040299594465 90.532558682267 90.495540030054 9.4674413177331 9.5044599699462 1.395484985076 1.4009318276326
22 7 2 15.75353496029 0.029150440233926 0.029150440233926 0.019726222213313 0.019736345662187 1496.4783808034 1496.4793752046 0.58632396480471 0.58651586595344 2.4488574683287e-05 2.2050199511125e-05 3.1073454820296e-06 3.286219967833e-06 0.12688960146587 0.14903357070193
23 9 2 15.853882081993 0.029980937145398 0.029980937145398 0.020296129992512 0.020294084197122 1496.4805538957 1496.479637375 0.58965083209506 0.58944244379029 0.0 0.0 0.0 0.0 0.0 0.0 0.0 0.0 - -
24 6 2 15.954197484583 0.029738035062397 0.029738035062397 0.020129347621629 0.020133543381756 1496.481308062 1496.4804027137 0.58532453775159 0.58552748035127 0.0 0.0 0.0 0.0
25 13 2 16.054541343521 0.030140882383844 0.030140882383844 0.020400620905614 0.020409890618754 1496.4762992046 1496.4788557451 0.58908574801396 0.58890685165898 1.6975457365441 1.6980614118904 180173648.0 180255516.0 61173850.0 61220239.0 9057762.0 8282589.0 3624.0 3420.0 5.0272401655541 4.5949156973371 0.0036020805883888 0.0033835302992891 33.952717658245 33.963032232534 61.016440095613 61.43866853983
26 7 2 16.15490365402 0.030159249704246 0.030159249704246 0.020418703345498 0.020416344589157 1496.4831040119 1496.4758140451 0.58718576767052 0.58687634818403 34.064707765532 34.082692296302 65.935292234468 65.917307703698 2.1835548131881 2.1819297091212
27 12 2 16.255263750695 0.02936778187667 0.02936778187667 0.019871583743201 0.019881477566601 1496.4787042467 1496.4794130137 0.59041946449389 0.59046535311544 4146089.0 4140424.0 38.710505249646 38.536125768762 1.9429635977424 2.0423753702519 99.677527424037 99.675250650658 9.4497048546281 9.4320971421098 3.6580284938269 3.6347648173152 0.18360432541952 0.19263882892869 9.4192321479625 9.4014664680115
1 7 2 16.355626021338 0.029686504751057 0.029686504751057 0.020089210719374 0.020091472100022 1496.4787469704 1496.4831094587 0.58874878540913 0.5889384842414 34.879773205041 34.848548479561 65.120226794959 65.151451520439 2.8115994380426 2.8106389076389
2 10 2 16.455960226042 0.027121405238692 0.027121405238692 0.018356039314712 0.018359173000412 1496.4755333716 1496.4800495416 0.58577227993518 0.58610974361205 4092.9890993124 4091.2452368693 0.111007616 0.11096032 4078.4246622368 4077.2990568439 0.110612608 0.11058208 8171.4137615492 8168.5442937132 0.221620224 0.2215424
3 5 2 16.556259106467 0.029716247364136 0.029716247364136 0.020104625971069 0.0201144545754 1496.4826219346 1496.4784683878 0.59260036915679 0.59254905494642 inf inf
4 6 2 16.656569929229 0.029387895618818 0.029387895618818 0.01989174639965 0.019890551169623 1496.4807134608 1496.4800288468 0.58874241203947 0.58884311865034 0.0 0.0 0.0 0.0
5 7 2 16.756881498387 0.02970569636803 0.02970569636803 0.020104521801722 0.020111509300345 1496.4790723646 1496.4799600379 0.58877576627682 0.58887293293229 0.11335770425736 0.11248444588192 0.038067677793411 0.03807947017672 0.33581906093461 0.33853098424553
6 8 2 16.857230922685 0.029092328231507 0.029092328231507 0.019690191847876 0.019699087004277 1496.4809338412 1496.4787259066 0.59387448277388 0.59370470889861 9.7269810746794 9.7365998179309 12.728290453153 12.82094629742 0.65299860321462 0.69401474417492 99.960906110605 99.961346805852
7 7 2 16.957554972236 0.029868777556727 0.029868777556727 0.020219336802918 0.020217074969361 1496.4801562801 1496.4820588246 0.58544942842644 0.58577605757556 0.0 0.0 0.0 0.0 - -
8 10 2 17.057825553021 0.02947751386665 0.02947751386665 0.019949535477095 0.019953857146259 1496.4770451552 1496.4771033531 0.58569687164119 0.58580271983187 8671.0379021882 0.0 0.25560064 0.0 2.2145693933116 0.0 6.528e-05 0.0 8673.2524715816 0.0 0.25566592 0.0
9 19 2 17.158178442082 0.029630674510244 0.029630674510244 0.020052513670117 0.020068590623619 1496.4820832182 1496.4784452582 0.5848259557791 0.58511703434588 0.42803955078125 0.0 14.445825410868 0.0 0.05047607421875 0.0 1.703507431169 0.0 0.0 0.0 0.0 0.0 0.0 0.0 0.0 0.0 8682.4121371607 0.0 0.257265728 0.0 2.5184711868169 0.0 7.4624e-05 0.0 8684.9306083475 0.0 0.257340352 0.0 0.0 0.0
10 9 2 17.258509555221 0.028946337156437 0.028946337156437 0.01959634070128 0.019594992840513 1496.4761912414 1496.4767802696 0.58916690759348 0.5892531832848 0.0 0.0 0.0 0.0 0.0 0.0 0.0 0.0 - -
11 7 2 17.358836774238 0.028899058766091 0.028899058766091 0.019564096665145 0.019567453635575 1496.4767509974 1496.4764662253 0.58673585182625 0.58717357620197 58902620.0 58868857.0 88350974.0 88300326.0 88348891.0 88298178.0
12 10 2 17.459145528106 0.027973938949036 0.027973938949036 0.018937292494514 0.01893610541687 1496.479585292 1496.47727853 0.5873452694257 0.58771166677207 37.0 37.0 5.1974391964231e-07 5.2010074829425e-07 83.162162162162 67.162162162162 0.0 0.0 0.0 0.0 - -
13 9 2 17.559454650643 0.027757245873704 0.027757245873704 0.018782875930923 0.018793104454964 1496.4800798201 1496.4827438042 0.0 0.0 0.58943327226496 0.5895512700063 0.42315673828125 0.0 15.24491083181 0.0 0.04840087890625 0.0 1.7437205091051 0.0
14 10 2 17.65978588969 0.028367350339299 0.028367350339299 0.019188375041617 0.019207396817263 1496.4810249347 1496.4822281592 0.5869564130142 0.58690708879555 4080.0189871684 4084.4003621828 0.115739328 0.115863616 0.98592218397127 1.7078789319594 2.7968e-05 4.8448e-05 4081.0071654672 4086.1127533444 0.11576736 0.115912192
15 19 2 17.760151328894 0.028087981738334 0.028087981738334 0.019013524528365 0.019017811323443 1496.480300718 1496.4820613645 0.58691137087584 0.58746859216072 0.4136962890625 0.0 14.728587226966 0.0 0.0484619140625 0.0 1.7253612065818 0.0 0.0 0.0 0.0 0.0 0.0 0.0 0.0 0.0 8701.0936662084 0.0 0.24439616 0.0 5.5118235778652 0.0 0.000154816 0.0 8706.6054897863 0.0 0.244550976 0.0 0.0 0.0
16 13 2 17.860483262706 0.027166647344763 0.027166647344763 0.018382021414369 0.018399084353385 1496.477855652 1496.4759886276 0.58841925823158 0.58819983827164 206.0 206.0 0.433837890625 0.0 15.969504264524 0.0 0.09130859375 0.0 3.3610549211772 0.0 0.0 0.0 0.0 0.0 0.0496826171875 0.0 1.8288092953464 0.0
17 9 2 17.960786117871 0.027263920680858 0.027263920680858 0.018446231852683 0.018455959910949 1496.4816322774 1496.4826927878 0.58505592834479 0.58524243642391 0.20002522759204 0.20002351039664 0.0 0.0 0.0 0.0 0.0 0.0 0.0 0.0
18 8 2 18.061105940864 0.028286730511395 0.028286730511395 0.01914565428665 0.019144132055455 1496.4816651697 1496.4818836236 0.5933890124711 0.59361372908372 0.2000000982606 0.20000009830563 0.0 0.0 0.0 0.0 4.9999975434861 4.9999975423604
19 5 2 18.161413447418 0.028047720738684 0.028047720738684 0.018985317280876 0.018988902970959 1496.4740722219 1496.4829017271 0.5858892313345 0.58571548833873 6.6052631578947 6.3684210526316
20 6 2 18.261723108917 0.029148500872434 0.029148500872434 0.019726382090615 0.019735126880829 1496.4797972591 1496.4790407415 0.58813117360096 0.58804595704461 0.0 0.0 - -
21 7 2 18.362083404872 0.029140926402187 0.029140926402187 0.019730340978706 0.019727888922863 1496.4801857739 1496.4827018458 0.58982644819319 0.58995678400978 90.518847992649 90.543327253019 9.4811520073515 9.4566727469806 1.3987354782341 1.3951604954663
22 7 2 18.462425647827 0.028830393050104 0.028830393050104 0.019517004873802 0.019520918017963 1496.4778556762 1496.476906985 0.58642828333425 0.58649330448911 2.2838981055757e-05 2.3290498395121e-05 3.1525505131581e-06 3.1749462271831e-06 0.13803376365442 0.13631937682571
23 9 2 18.562760232069 0.029710615878663 0.029710615878663 0.020107981129858 0.020118057928981 1496.4780054662 1496.4776118675 0.5874743328119 0.587622447225 0.0 0.0 0.0 0.0 0.0 0.0 0.0 0.0 - -
24 6 2 18.663081826847 0.02894252002924 0.02894252002924 0.019586460012275 0.019585459533635 1496.4786317743 1496.4820276691 0.58766879660378 0.5874830475797 0.0 0.0 0.0 0.0
25 13 2 18.763438582856 0.029380802139207 0.029380802139207 0.019882401050506 0.01988934552266 1496.4787751363 1496.4806852528 0.58866138438854 0.58874169426881 1.698769490441 1.6985377623746 175596848.0 175658180.0 59663027.0 59675738.0 8441420.0 7743298.0 3616.0 3636.0 4.8072730781591 4.4081624892163 0.0035689706685396 0.0036132675404015 33.97727674474 33.972649608461 61.211881206433 61.615574634782
26 7 2 18.86380023573 0.02808632680445 0.02808632680445 0.019013565290283 0.019012550771427 1496.4812861739 1496.4770108338 0.58883814142137 0.58879573840499 33.969308688967 33.971635855118 66.030691311033 66.028364144882 2.1915759362476 2.1916032017337
27 12 2 18.964171781974 0.028535600139241 0.028535600139241 0.019319451783678 0.019322691903276 1496.4817453877 1496.4745936371 0.58937974807757 0.58933364463579 3990158.0 3978879.0 38.598195860916 38.462466438411 1.6723147303941 1.9388878123713 99.710086668247 99.710043959618 9.3542161181906 9.3262103827341 3.6105586585526 3.5870905384347 0.1564319340574 0.18082475646694 9.327096998583 9.2991684723906
1 7 2 19.064538649656 0.027992857914066 0.027992857914066 0.018943297177995 0.018955503560895 1496.4809719728 1496.4770009118 0.59136029714291 0.59136052763226 34.595405927701 34.615182900496 65.404594072299 65.384817099504 2.8422608549471 2.8424440829293
2 10 2 19.164863659377 0.02884905929124 0.02884905929124 0.019528383336851 0.019526812644264 1496.4776473002 1496.4784758568 0.58919585166259 0.58965218583186 4069.9914272647 4066.1468651638 0.117415424 0.117304512 4047.2900977902 4044.0511706884 0.116760512 0.116667072 8117.281525055 8110.1980358522 0.234175936 0.233971584
3 5 2 19.26516985702 0.027972010457389 0.027972010457389 0.018932700437958 0.01893741704482 1496.4782427287 1496.4782691287 0.58719789647642 0.5872176889551 inf inf
4 6 2 19.365468353377 0.027402767550373 0.027402767550373 0.018540443515801 0.018554057090705 1496.4792687646 1496.4839315725 0.5904823006677 0.59030799450579 0.0 0.0 0.0 0.0
5 7 2 19.465799754567 0.027539054571418 0.027539054571418 0.018640041639973 0.018638643506174 1496.4763194337 1496.4774372251 0.58526370734739 0.58539928917195 0.1134389747747 0.1125226299002 0.038126924762224 0.038180595640012 0.33610075230271 0.33931481759602
6 8 2 19.566154659985 0.027495756355941 0.027495756355941 0.018613532805749 0.0186184708857 1496.4748187826 1496.4699485919 0.58624332011276 0.58667162432192 9.223365545983 9.2360110406294 10.606340906869 10.511814507774 0.61258530694099 0.62562690766387 99.961009910476 99.96072104361
7 7 2 19.666468792614 0.028343272727049 0.028343272727049 0.019179945929815 0.019189305319175 1496.4777890567 1496.4764889665 0.5880782001428 0.58793600208837 0.0 0.0 0.0 0.0 - -
8 10 2 19.766744376245 0.028460843686834 0.028460843686834 0.019260021812565 0.019260193012622 1496.4765453554 1496.4744873118 0.59121759306439 0.59099399473924 8670.0136761634 0.0 0.246755904 0.0 6.7708463642328 0.0 0.000192704 0.0 8676.7845225276 0.0 0.246948608 0.0
9 19 2 19.867103317092 0.0296609443108 0.0296609443108 0.020070969760919 0.020085128639708 1496.4768525868 1496.4797072964 0.5856296148308 0.58537496322004 0.42572021484375 0.0 14.352888107097 0.0 0.05047607421875 0.0 1.7017689554938 0.0 0.0 0.0 0.0 0.0 0.0 0.0 0.0 0.0 8701.3170348061 0.0 0.25808928 0.0 3.4048814812422 0.0 0.000100992 0.0 8704.7219162874 0.0 0.258190272 0.0 0.0 0.0
10 9 2 19.967435283514 0.02875864392145 0.02875864392145 0.019457357505792 0.019461337227752 1496.4776968232 1496.4796931554 0.58880773353291 0.58904413821976 0.0 0.0 0.0 0.0 0.0 0.0 0.0 0.0 - -
11 7 2 20.067771928498 0.028275877877093 0.028275877877093 0.019141039131674 0.019144783340328 1496.4763239051 1496.475396849 0.59021837436052 0.59056167451934 57288753.0 57266473.0 85930358.0 85897046.0 85928336.0 85895192.0
12 10 2 20.168113063634 0.028714876491002 0.028714876491002 0.019436405426857 0.019445574141021 1496.471393121 1496.4771729218 0.58709506023725 0.58713882131275 46.0 40.0 6.2930678410224e-07 5.4700604106634e-07 68.326086956522 62.5 0.0 0.0 0.0 0.0 - -
13 9 2 20.268430901069 0.027727117381132 0.027727117381132 0.018764278985048 0.018770037285378 1496.4766916092 1496.4764612632 0.0 0.0 0.58936492817616 0.58927558257137 0.41217041015625 0.0 14.865245618238 0.0 0.04833984375 0.0 1.743413968554 0.0
14 10 2 20.368764467169 0.028150911799502 0.028150911799502 0.019057261160919 0.019061158000311 1496.4818135502 1496.4751267011 0.58880089498895 0.58872104863579 4070.6410085811 4071.9982647962 0.114592256 0.114630464 1.3436154490978 1.2981462291622 3.7824e-05 3.6544e-05 4072.0619217041 4073.3055048693 0.114632256 0.114667264
15 19 2 20.469134378408 0.027891167797664 0.027891167797664 0.01550970204095 0.01543462719267 1496.46451792 1496.4771857858 0.57857598924938 0.61356057012044 0.40985107421875 0.0 14.694654493925 0.0 0.04522705078125 0.0 1.6215545763214 0.0 0.0 0.0 0.0 0.0 0.0 0.0 0.0 0.0 7350.1094499589 0.0 0.205003136 0.0 37.104219067036 0.0 0.00103488 0.0 7387.2136690259 0.0 0.206038016 0.0 0.0 0.0
