1 7 1 0.10107546958117 0.10108733757951 0.0014460537430076 996.31983084012 1.471271135217 32.097307680858 67.902692319142 9.8585181646534
2 10 1 0.20149898592191 0.055285945105044 0.00024489358549124 998.921408127 5.5261005163863 36.201027154321 0.002001408 2.1682183378116 0.000119872 38.369245492133 0.00212128
3 5 1 0.30169748700795 0.055771733680479 1.3993724963788e-05 995.60854171599 5.0213008130081 2.00513478819
4 6 1 0.4018802520073 0.055539873141964 9.4454584743107e-06 995.97294549563 3.9574710461363 0.0 0.0
5 7 1 0.50203877529457 0.055517035288568 9.4744600739248e-06 997.04486350942 3.3511780734092 0.46113159160122 0.19698669658599 0.42718109141467
6 8 1 0.60221360473122 0.055231271651971 9.0199506299728e-06 996.77437032043 3.779191190431 72.544586787239 28.364732479277 23.476513438834 57.990454659633
7 7 1 0.70238766925068 0.055308099608249 8.8463941822823e-06 998.43928321493 3.7064742737801 38.0 0.0072147332447313 39.763157894737
8 10 1 0.8027229636317 0.055091390592933 0.00024057687864868 997.37672085172 5.7615605838624 694.45856400125 0.038258688 204.66239604136 0.011275136 899.12096004261 0.049533824
9 19 1 0.90323628251935 0.055279638163428 1.4561521906232e-05 997.13851064256 4.8452955367913 0.62664794921875 11.335963295674 0.0350341796875 0.63376282572483 0.0001266289041058 0.0 0.0 0.0001266289041058 573.90592728208 0.031725312 38.828618842517 0.002146432 612.7345461246 0.033871744 2.0666193036886e-07
10 9 1 1.0034447646872 0.054179316567771 1.3463992620837e-05 998.16851920362 5.6411619517752 0.0001292005961582 0.0 0.0 0.0001292005961582 0.0
11 7 1 1.103554903337 0.02785877164265 0.012542571923898 997.12475838525 0.31909687800036 69918410.0 104205009.0 104130809.0
12 10 1 1.2036423301091 0.018182347147926 0.0081835345278029 997.11747455406 0.31890917883847 49.0 8.652949293311e-07 39.775510204082 2.0 3.5318160380861e-08 36.5
13 9 1 1.303729354484 0.021355742961194 0.0096137030977719 997.12188680655 0.0 0.3200408090055 0.2791748046875 13.072586853794 0.014404296875 0.67449289407419
14 10 1 1.40382945133 0.017128047465657 0.0077075987926861 997.12080312885 0.32018100752947 3.041560931242 5.2096e-05 0.71368321605311 1.2224e-05 6.6436060635729 0.000113792
15 19 1 1.5039188583675 0.016722431093455 0.0075227824739454 997.12287814899 0.31989298468977 0.21539306640625 12.880487603896 0.0111083984375 0.66428131026045 0.0 0.0 0.0 0.0 500.04978063704 0.008362048 0.061235115532981 1.024e-06 500.11101575258 0.008363072 0.0
16 13 1 1.6040104559322 0.016889465806432 0.0076022658891878 997.12646575238 0.31984116162558 201.0 0.2149658203125 12.727804584005 0.01629638671875 0.96488467459665 0.0 0.0 0.0111083984375 0.65771165084865
17 9 1 1.7041079190704 0.016127150603877 0.0072546889682129 997.12288719406 0.32005010380885 0.20340261613419 1.6572792161233e-05 8.1477772883214e-05 3792.0 7.580703000651e-05
18 8 1 1.8041852550984 0.016006077988488 0.0072001310683889 997.11960667162 0.32061063988941 0.19976112400052 0.0001026054582835 0.00051364077368341 5.0059790412342
19 5 1 1.9042613857475 0.015561494342005 0.0069995306290583 997.12470963502 0.32259776277409 5.5163803435877
20 6 1 2.0043483947153 0.015209520959789 0.0068395691343369 997.12830406747 0.31996221944141 1.0 8.0
21 7 1 2.1044309918148 0.01546042195475 0.0069534498061715 997.12406285568 0.31966978013869 99.462602652721 0.53739734727917 4.5381101755545
22 7 1 2.2045052210465 0.015323206323976 0.0075863417452497 1096.8365381802 0.31822367779774 1.3933701043704e-06 4.7501253558081e-08 0.034090909090909
23 9 1 2.3046004247788 0.026989113363223 0.013029074663724 1070.0316663362 0.3202269627995 0.0 0.0 0.0 0.0 -
24 6 1 2.4046828442435 0.016857936536151 0.0083448568319562 1096.8388609319 0.31885134133348 0.0 0.0
25 13 1 2.5047587891011 0.018471618165476 0.0091530176725521 1096.8380383956 0.32080534834167 3.1171550136843 80794596.0 50412718.0 236510.0 143932.0 0.29272997416807 0.6032396028071 62.396150851475 36.70787957155
26 7 1 2.6048610094079 0.012349207383654 0.0055515306068266 997.12029378226 0.32094885762069 62.85473698508 37.14526301492 1.7084268452284
27 12 1 2.7049353265507 0.0017969635821856 0.00088319568234745 1096.8088591174 0.32377191404308 20956.0 16.191066997519 13.752624546669 49.699370108799 1.0752103371243 0.17408802604804 0.14786964075168 0.53437276489548
1 7 1 2.805011412791 0.0051715679620757 0.0025544173916087 1096.8356148888 0.32082370923217 66.948357856912 33.051642143088 1.7068498296017
2 10 1 2.9050898445358 0.018124440016496 0.0089763281458033 1096.8380256347 0.32118238922164 3.7571367688062 6.8096e-05 0.43079951672401 7.808e-06 4.1879362855302 7.5904e-05
3 5 1 3.0051595612998 0.017694097968023 0.0087616836818596 1096.8336063705 0.31907504612381 564.49870716765
4 6 1 3.1052288430399 0.017557873829436 0.0086973400079158 1096.8330137752 0.32025616326893 0.0 0.0
5 7 1 3.2053086668614 0.017249253307143 0.0085396410911143 1096.8315328156 0.320052700754 9.327266488818e-05 2.1670779387713e-05 0.23233794610342
6 8 1 3.3053788721212 0.018292206113564 0.0098838144804275 1196.5474766086 0.31986975875646 0.50810694778999 0.031382739071712 0.023281453470585 99.694993703508
7 7 1 3.4054528013676 0.033715448017608 0.018236303264582 1196.5501132851 0.32138533018514 47.0 3.7534365606651e-07 41.68085106383
8 10 1 3.5055190723791 0.021258507848088 0.01149259030792 1196.5509674508 0.31930497673195 505.7047313397 0.010750528 0.14149629040265 3.008e-06 505.8462276301 0.010753536
9 19 1 3.6055933278934 0.02166032319814 0.011709624684932 1196.5514307527 0.31899484072963 0.28387451171875 13.105737579351 0.014404296875 0.66500840007027 0.00032317153977652 0.0 0.0 0.00032317153977652 506.09475674589 0.010962176 0.14478084981988 3.136e-06 506.23953759571 0.010965312 6.3837672835939e-07
10 9 1 3.705672607935 0.033668053966039 0.018208591329851 1196.5487381192 0.32019622031145 0.00020791222465845 0.0 0.0 0.00020791222465845 0.0
11 7 1 3.8057501723506 0.021111646466542 0.011411108501204 1196.5542743924 0.32117555617995 63199067.0 94190571.0 94123697.0
12 10 1 3.9058210328653 0.021496169612825 0.011620516363818 1196.5491351306 0.31843056898137 48.0 5.9603606956978e-07 40.770833333333 1.0 1.2417418116037e-08 57.0
13 9 1 4.0058984386784 0.033655657594804 0.018203786127315 1196.5523432223 0.0 0.32042249069547 0.43084716796875 12.801626792022 0.02154541015625 0.64017201552397
14 10 1 4.1060063904263 0.020265993354896 0.0092740567548415 1015.0352865191 0.32315260439943 12.992010576002 0.000263296 2.5421897213616 5.152e-05 17.88375203984 0.000362432
15 19 1 4.2060870226675 0.0014600139348698 0.00071518443113315 1096.8594278885 0.32135410685503 0.01336669921875 9.1551860564547 0.00067138671875 0.45984952794978 0.0 0.0 0.0 0.0 546.31807337586 0.000797632 1.9725839125342 2.88e-06 548.29065728839 0.000800512 0.0
16 13 1 4.3061698517797 0.031962059338843 0.017284870896693 1196.5522362618 0.32114497688686 202.0 0.4188232421875 13.103762737794 0.04510498046875 1.4112038273434 0.0 0.0 0.0208740234375 0.65308756285714
17 9 1 4.4062636516534 0.020663734886503 0.011121178150412 1192.3808882368 0.32050598234556 0.20341852870001 9.9252376252072e-06 4.8792200438359e-05 3704.0 4.8372473899694e-05
18 8 1 4.5063348529368 0.018913451191496 0.010222025697327 1196.5524621176 0.31891245068761 0.19976097798667 0.00010156470436514 0.00050843115301485 5.0059827003186
19 5 1 4.6064057225144 0.033256004676522 0.017984830394329 1196.5505585348 0.31969826892627 5.5064183835182
20 6 1 4.706475325991 0.021412915083333 0.011575288822369 1196.5543083813 0.32072086803972 1.0 8.0
21 7 1 4.8065448007729 0.021241491159514 0.011482225408108 1196.5520886114 0.31876459958448 99.556922564966 0.44307743503353 4.7403310251647
22 7 1 4.9066202018505 0.033797731899813 0.018280597317043 1196.5508362018 0.31923769374139 5.6690458993115e-07 1.9775741509226e-08 0.034883720930233
23 9 1 5.0066986209071 0.021131102008383 0.011421538654615 1196.5481396351 0.32083478875056 0.0 0.0 0.0 0.0 -
24 6 1 5.1067650613966 0.021701400338793 0.01173002866971 1196.5551992696 0.32088776769111 0.0 0.0
25 13 1 5.2068411195417 0.033777113575087 0.018269108605246 1196.5490011229 0.32072550336386 3.1179310329603 161263236.0 100645223.0 512528.0 281568.0 0.31782073379701 0.5847600627337 62.410519282895 36.686899920575
26 7 1 5.3069182534649 0.021333103587495 0.011531775094198 1196.5543981932 0.32075068627052 62.874121773901 37.125878226099 1.7074143758655
27 12 1 5.4069890070361 0.021731753231689 0.012165054023371 1246.3087666017 0.32117105305959 148787.0 2.6507692204292 2.1729048908843 47.130461666678 0.5542336928655 0.014691456139727 0.012042971019203 0.26121289815979
1 7 1 5.5070667273354 0.033420611411832 0.019510151400031 1291.9408773839 0.32147909601277 68.570236283281 31.429763716719 1.5979512895455
2 10 1 5.6071451790187 0.021233408776222 0.01142422674038 1192.0005893138 0.32038726214555 3.6711957473025 7.7952e-05 0.32552474606623 6.912e-06 3.9967204933687 8.4864e-05
3 5 1 5.707225071719 0.016590398592312 0.008801330681132 1181.0943545329 0.32261184816043 564.5182536519
4 6 1 5.8072960790542 0.033280482932897 0.019376947506154 1289.5197308308 0.32028885661724 0.0 0.0
5 7 1 5.9073636243235 0.02100737393403 0.012252022570214 1291.5910409775 0.32034998734238 5.3033339985013e-05 1.3827057140865e-05 0.26072386058981
6 8 1 6.0074319064147 0.021326861899478 0.01242442484487 1290.2773064855 0.32116154933452 0.4714728782371 0.023273110406527 0.016729941613343 99.714478580933
7 7 1 6.1075047453822 0.033660800847235 0.019585931673523 1288.6342431992 0.32117340204017 49.0 3.6411066134445e-07 38.918367346939
8 10 1 6.2075736084117 0.021040988600582 0.011374070286447 1196.5530906375 0.32019115530399 507.93963168177 0.010687552 313.77384995196 0.006602112 821.71348163372 0.017289664
9 19 1 6.3076465651982 0.021807105731587 0.012689371677044 1288.5208169901 0.32083049386377 0.29046630859375 13.31980099372 0.01446533203125 0.6633311274452 0.00032099628837314 0.0 0.0 0.00032099628837314 506.65320451015 0.01104864 0.20250280135083 4.416e-06 506.8557073115 0.011053056 6.3330901426719e-07
10 9 1 6.4077264968694 0.035328536020441 0.0206434627684 1292.8960474385 0.31945394539189 0.00019814010962554 0.0 0.0 0.00019814010962554 0.0
11 7 1 6.507798209306 0.021312763496865 0.012421942489203 1290.8071038603 0.3202529636282 68988456.0 102823677.0 102756856.0
12 10 1 6.6078679659473 0.021265721089692 0.01239884226196 1291.1720443006 0.32139899856873 43.0 5.0509587113139e-07 41.813953488372 1.0 1.1746415607707e-08 55.0
13 9 1 6.7079442968886 0.035438565370476 0.020707720796995 1292.6990874158 0.0 0.32021418013341 0.47259521484375 13.335619258376 0.0235595703125 0.66480034014377
14 10 1 6.8080341960471 0.036358903038928 0.019659757511091 1196.5474106838 0.31913043718125 2.4819230630633 9.024e-05 0.55623240278582 2.0224e-05 4.3442454749222 0.000157952
15 19 1 6.9081083391803 0.021724393169487 0.012648810221084 1289.4879218282 0.31994456892048 0.2891845703125 13.311514298989 0.014404296875 0.66304714532746 0.0 0.0 0.0 0.0 506.0074136128 0.010992704 0.07954192259911 1.728e-06 506.0869555354 0.010994432 0.0
16 13 1 7.0081874977776 0.036337651210511 0.021298584886733 1296.2596942563 0.31900142114277 203.0 0.48565673828125 13.365110900199 0.05303955078125 1.459630686474 0.0 0.0 0.02423095703125 0.66682782799789
17 9 1 7.1082684100654 0.037169751512138 0.021785094423809 1296.2535501481 0.3206057270967 0.20337558868994 4.5015033820895e-06 2.2133941497533e-05 3729.0 2.4868305350832e-05
18 8 1 7.2083516633261 0.021794371310456 0.01131445795159 1151.8042310277 0.33495151583153 0.19976100400319 0.00010188680682964 0.00051004352595272 5.0059820483482
19 5 1 7.3084204529453 0.018941148625427 0.011015663533766 1287.7441398294 0.32017215766031 5.5163641012529
20 6 1 7.4084953573705 0.022732719878568 0.012290490473202 1196.5523578323 0.31894092217275 1.0 8.0
21 7 1 7.5085590336451 0.021621334172659 0.012664641922423 1296.2546447854 0.32072511337865 99.5107952755 0.48920472450045 4.2906951200377
22 7 1 7.6086301859883 0.037045331024593 0.0217143880708 1296.2559888195 0.32092355849186 4.9651500026488e-07 1.6736460683086e-08 0.033707865168539
23 9 1 7.7087036711477 0.036778127505449 0.021555144365669 1296.2518804593 0.31921282469811 0.0 0.0 0.0 0.0 -
24 6 1 7.8087647010264 0.024799933960458 0.014528844353867 1296.2604140445 0.3207009858664 0.0 0.0
25 13 1 7.9088364107441 0.036455625186241 0.021366238368233 1296.2562074455 0.32044978951249 3.1206136896558 188601908.0 117808381.0 620500.0 328744.0 0.32899985296013 0.58225073735733 62.46404516756 36.624704242123
26 7 1 8.008917954723 0.0364587020747 0.02074123033275 1260.7090936823 0.32114140268257 62.792956231019 37.207043768981 1.692353317312
27 12 1 8.1089857483185 0.023503749155507 0.013771250974248 1296.2544954807 0.31922155446776 148768.0 2.8709130995913 2.3439180468918 52.979135297914 0.4895286450664 0.014053941997463 0.011474150256416 0.25934804319177
1 7 1 8.2090591600676 0.036348066409973 0.021304450460255 1296.2515331475 0.32069734098723 67.926434874625 32.073565125375 1.6471220624764
2 10 1 8.309129890075 0.022509025102945 0.013130216382928 1291.6917884094 0.32146864485303 3.0167454916168 6.7904e-05 0.25874065950719 5.824e-06 3.275486151124 7.3728e-05
3 5 1 8.4092152767659 0.021076879892705 0.011307831086078 1189.2349236203 0.3195900475879 566.39555595864
4 6 1 8.5092818087918 0.033831551390163 0.019828237772549 1296.2578893621 0.32095154407617 0.0 0.0
5 7 1 8.6093557761028 0.036119167659819 0.020295101897936 1246.4031559677 0.32251508466137 0.00017155976988206 1.8190059550122e-05 0.10602753525856
6 8 1 8.7094329653102 0.0223546369 0.011556945310613 1145.0131780933 0.32136432917609 0.52475386196822 0.063151928184502 0.055004051196585 99.70463357766
7 7 1 8.8095163998309 0.0169444229314 0.0083886388249236 1096.827778658 0.31981434917622 47.0 8.1198178286045e-07 43.042553191489
8 10 1 8.9095774351474 0.021303731311186 0.012479115970792 1296.2519860625 0.32119942901506 506.54487903412 0.010791296 0.31243353113946 6.656e-06 506.85731256526 0.010797952
9 19 1 9.0096457108944 0.02488613759011 0.014579848198288 1296.2555333312 0.31996436544536 0.3306884765625 13.288059481513 0.01641845703125 0.65974307872406 0.00028128109372753 0.0 0.0 0.00028128109372753 508.50478320223 0.01265472 0.077151385708122 1.92e-06 508.58193458794 0.01265664 5.5306937702265e-07
10 9 1 9.1097200162553 0.037196949574776 0.021801929852385 1296.254254472 0.31951187152666 0.00018818747451127 0.0 0.0 0.00018818747451127 0.0
11 7 1 9.2098028308668 0.037258054132562 0.020474755478795 1216.8114524658 0.32131231596864 113337623.0 168937123.0 168813137.0
12 10 1 9.3098578130056 0.022873731093692 0.013399167248449 1296.2539573056 0.3197103085547 47.0 5.0818128621332e-07 36.765957446809 2.0 2.1624735583546e-08 38.5
13 9 1 9.4099124353434 0.037112150710104 0.021751831854802 1296.2545792411 0.0 0.32170275186456 0.48565673828125 13.086192230542 0.02423095703125 0.65291168977315
14 10 1 9.5099727311191 0.022384431512104 0.013112583410363 1296.2592810615 0.32115765580293 2.3930918223693 5.3568e-05 0.56038948289651 1.2544e-05 4.8147749448863 0.000107776
15 19 1 9.6100238415444 0.02517918606601 0.014750847067413 1296.2616013387 0.32003263975653 0.3284912109375 13.046140970416 0.01641845703125 0.65206464530692 0.0 0.0 0.0 0.0 508.72494315022 0.01280928 0.040668510781701 1.024e-06 508.765611661 0.012810304 0.0
16 13 1 9.7100791780465 0.036665245123052 0.021487716552866 1296.2541637337 0.32041715235527 202.0 0.470947265625 12.844514308972 0.05206298828125 1.41995473115 0.0 0.0 0.02349853515625 0.64089398768199
17 9 1 9.8101415827823 0.03701553822509 0.021622804191269 1293.6307590885 0.32170226117843 0.20336244194231 6.3171860462192e-06 3.1063681109864e-05 3727.0 2.5127163707854e-05
18 8 1 9.9101910455542 0.024070941595859 0.014100200711571 1296.2608641881 0.32045001956008 0.19976089600702 0.00010114227017136 0.00050631666253543 5.0059847547182
19 5 1 10.010245028044 0.037290211468734 0.02185719330675 1296.2509309313 0.32011466331757 5.5080413179916
20 6 1 10.110304065875 0.037305935773525 0.021863406446317 1296.2490687394 0.32010542783728 1.0 8.0
21 7 1 10.210355955719 0.025066308215113 0.014686997326962 1296.2522597317 0.32051399173506 99.530759655642 0.46924034435827 4.36111031457
22 7 1 10.310420498416 0.024819885248392 0.012814156044034 1145.4096067728 0.3270898043207 1.5994140980028e-06 2.6978069122939e-07 0.16867469879518
23 9 1 10.410473275527 0.019946638615546 0.0107839538942 1196.5415166593 0.31869548914878 0.0 0.0 0.0 0.0 -
24 6 1 10.5105227528 0.022904955847176 0.013417754101752 1296.2563322388 0.32161723298816 0.0 0.0
25 13 1 10.610577586306 0.03691556427342 0.021634831698408 1296.2563982236 0.32033180929179 3.1217630313107 190972808.0 119333170.0 474618.0 333260.0 0.24852648131979 0.59419035195838 62.486995530798 36.670287635924
26 7 1 10.710636440158 0.03686375382201 0.021604979083106 1296.2504552877 0.31947604167767 63.121728476204 36.878271523796 1.6766076796275
27 12 1 10.810688652644 0.024252855035738 0.014207541975842 1296.2548613557 0.32095046846889 149679.0 2.5841968479212 2.0804521676387 54.232724697519 0.47740163684024 0.01233699805115 0.0099321127019857 0.25890791540902
1 7 1 10.910743923893 0.037030080714696 0.021704022264688 1296.2526359889 0.32056635750888 67.232299055305 32.767700944695 1.7121698120412
2 10 1 11.010803045103 0.036640174146485 0.021471802378228 1296.2528871047 0.32027019626707 1.949335713156 7.1424e-05 0.19388554136229 7.104e-06 2.1432212545183 7.8528e-05
3 5 1 11.110854993856 0.024937750468123 0.014610869940575 1296.2528991305 0.32003384430684 567.81760784701
4 6 1 11.210909998653 0.036843131872084 0.021594501802095 1296.2536210025 0.31941077000484 0.0 0.0
5 7 1 11.310969208681 0.036663593844474 0.021487052688125 1296.2510476851 0.32075430434481 3.2368275729167e-05 8.0903777998085e-06 0.24994775339603
6 8 1 11.411021114838 0.024369495844186 0.01396724831594 1272.7472845777 0.32096173187078 0.51114488433996 0.020845113120346 0.015122034592052 99.679030679205
7 7 1 11.511076174918 0.036038601216091 0.021119598342665 1296.2537170634 0.32062017968069 45.0 3.0957058727749e-07 41.977777777778
8 10 1 11.6111354502 0.037020318957526 0.021696909622382 1296.2534424653 0.31946699616382 501.73009101597 0.018574208 0.10718438175945 3.968e-06 501.83727539773 0.018578176
9 19 1 11.711187545773 0.024745540554081 0.014497374899386 1296.2493232663 0.32082224104155 0.32928466796875 13.306828648544 0.01641845703125 0.66349154892646 0.0002828792519081 0.0 0.0 0.0002828792519081 508.49469109393 0.012582976 0.15000682615469 3.712e-06 508.64469792009 0.012586688 5.5614312518114e-07
10 9 1 11.811259657888 0.036191436927157 0.018219077673861 1114.7880562578 0.3231205645807 0.00019341591808275 0.0 0.0 0.00019341591808275 0.0
11 7 1 11.911304593692 0.01943989094659 0.011341038370786 1292.3450623927 0.32028397192382 62985017.0 93876203.0 93806304.0
12 10 1 12.011357262047 0.023977493910403 0.01404842243381 1296.2532228138 0.32027690279267 54.0 5.5787101873281e-07 36.259259259259 1.0 1.0330944791348e-08 57.0
13 9 1 12.111408976068 0.037052778091594 0.021717823854054 1296.2505834262 0.0 0.3206172748335 0.48724365234375 13.149989756214 0.02423095703125 0.6539579021943
14 10 1 12.211467912394 0.036913274053351 0.021634479147713 1296.2499473507 0.32011859369293 1.6939163919632 6.2528e-05 0.46639049072477 1.7216e-05 3.3358189745519 0.000123136
15 19 1 12.311519899211 0.033094750344868 0.019394683796918 1296.2524071198 0.32012415997859 0.43328857421875 13.092365698596 0.021484375 0.64917773290685 0.0 0.0 0.0 0.0 499.36427462921 0.016526336 0.28427469317528 9.408e-06 499.64854932238 0.016535744 0.0
16 13 1 12.411575213056 0.035067237045718 0.020417070844013 1289.4701751443 0.32162075771803 203.0 0.4599609375 13.116543424859 0.05126953125 1.4620350951276 0.0 0.0 0.02294921875 0.65443475686666
17 9 1 12.511634394082 0.036916964506902 0.021635646915248 1296.2524217982 0.31927249151949 0.20324770698729 4.2663283133962e-06 2.0990782019809e-05 3483.0 2.3290942814356e-05
18 8 1 12.61168635643 0.024646098600505 0.014439257959509 1296.2531834043 0.32037137077083 0.19976091937104 0.00010107563660911 0.00050598303675889 5.0059841692187
19 5 1 12.711741778124 0.03703056649149 0.021703166717499 1296.2512658888 0.31971692043153 5.509344564359
20 6 1 12.811800761577 0.036229487025851 0.021230101234444 1296.2484004411 0.32025718242739 1.0 8.0
21 7 1 12.911852852619 0.024307446921812 0.014238605861079 1296.2515375959 0.32155667486825 99.526752422879 0.47324757712078 4.0922750915045
22 7 1 13.011907741409 0.036845440218154 0.021594980781639 1296.2515033919 0.31965696416874 5.3640262917749e-07 1.6762582161796e-08 0.03125
23 9 1 13.111967155355 0.037305692885128 0.02186395928931 1296.2513564395 0.3202811636002 0.0 0.0 0.0 0.0 -
24 6 1 13.212018882064 0.025065987384917 0.014685480180782 1296.2545217007 0.32041191578784 0.0 0.0
25 13 1 13.312085853646 0.036950815717751 0.020621469133443 1236.0567910673 0.32158752526771 3.1095733553953 182027756.0 113302807.0 896533.0 323168.0 0.49252543661528 0.59667548722624 62.24479688691 36.666002189249
26 7 1 13.412150215989 0.013688393404132 0.0067664343505101 1096.8377516775 0.32285448481445 62.471349277662 37.528650722338 1.6997614658084
27 12 1 13.512186330775 0.019758165376354 0.011015870623313 1235.2016990196 0.31916170684357 121109.0 4.0731902666193 3.4638218464359 53.03817222502 0.49819523573168 0.020292439850584 0.017256595413176 0.26423364714421
1 7 1 13.612240342267 0.033679048291192 0.019684105713417 1293.3267916972 0.32002057313523 66.959413380706 33.040586619294 1.6957147149265
2 10 1 13.712300483971 0.023825071472131 0.013897858363663 1291.9952657748 0.31971004035737 2.7748919904535 6.6112e-05 0.19609594898655 4.672e-06 2.9709879394401 7.0784e-05
3 5 1 13.812353244769 0.02382969450837 0.013960397594331 1296.2565371732 0.32000347265181 567.561391612
4 6 1 13.912406681666 0.034412885735526 0.02012421314426 1294.0191610327 0.32155373795192 0.0 0.0
5 7 1 14.012484267833 0.022770374830467 0.011774172729523 1151.6573932525 0.32151445577447 0.0043035853394411 1.8994176088634e-05 0.0044135702188958
6 8 1 14.112520243955 0.016125487543399 0.0093617729991743 1287.1427665315 0.31997216430002 0.52214193832567 0.034701036940946 0.026898265069164 99.679868533943
7 7 1 14.212574192005 0.036631013266207 0.021467463013886 1296.252590842 0.31992487881308 49.0 3.30906539061e-07 41.755102040816
8 10 1 14.312632453138 0.03284669060037 0.019248775842959 1296.2536691639 0.3202178762686 511.46315482422 0.016799872 0.88654288964113 2.912e-05 512.34969771386 0.016828992
9 19 1 14.412683978648 0.024614075396731 0.01442039015321 1296.252132968 0.32122204053178 0.31524658203125 12.807573591536 0.01580810546875 0.64223844340907 0.00028439012585984 0.0 0.0 0.00028439012585984 524.23988275074 0.01290368 1.4040746785309 3.456e-05 525.64395742927 0.01293824 5.4103185595568e-07
10 9 1 14.512739336902 0.036747408467358 0.021538255918544 1296.2509229686 0.32056240429891 0.00019048962340346 0.0 0.0 0.00019048962340346 0.0
11 7 1 14.612798343919 0.036746089800876 0.021535864646025 1296.2484922666 0.32098494269465 119335123.0 177880469.0 177741726.0
12 10 1 14.712850289046 0.024875920870346 0.014572582391285 1296.2474678838 0.32013236296835 46.0 4.5792343627658e-07 38.760869565217 1.0 9.9548573103604e-09 56.0
13 9 1 14.812905423444 0.036668466113209 0.021491870578861 1296.2491889457 0.0 0.31936090567055 0.472412109375 12.883334359187 0.02349853515625 0.64083769099317
14 10 1 14.912970138338 0.022432157269468 0.011452127185508 1130.7762335341 0.32065453946673 2.2596132592646 5.0688e-05 0.47645885643585 1.0688e-05 4.8045312229818 0.000107776
15 19 1 15.013017625376 0.018404144131374 0.010398951768373 1254.1521286228 0.321221546254 0.2325439453125 12.635412092653 0.01177978515625 0.64006155744938 0.0 0.0 0.0 0.0 503.03800784834 0.009257984 0.32688289969129 6.016e-06 503.36489074803 0.009264 0.0
16 13 1 15.113071994856 0.036672645062453 0.021493118100794 1296.2505822459 0.31994007014827 202.0 0.4715576171875 12.858565734335 0.0528564453125 1.4413044170249 0.0 0.0 0.02349853515625 0.64076466576742
17 9 1 15.213134045228 0.036960185953326 0.021659606314879 1296.2471396428 0.32066135549128 0.20332522100051 4.8839299170011e-06 2.4020285791249e-05 3627.0 2.4332436550773e-05
18 8 1 15.31318342734 0.0234817532548 0.013712630584728 1292.8264427195 0.32124610931875 0.1997609074561 0.00010118066938587 0.00050650885938786 5.0059844678057
19 5 1 15.413238109493 0.036334448346354 0.021088993498372 1286.2840919467 0.32074607436922 5.5073598919649
20 6 1 15.51329860103 0.021251658032779 0.012366129363896 1288.7796137686 0.32104021580226 2.0 8.0
21 7 1 15.613351027403 0.022058170766845 0.012848653446775 1290.0052656723 0.32065781270455 99.531184044542 0.46881595545762 4.1237126194317
22 7 1 15.713404350106 0.033763014266175 0.019773204065231 1295.9460017376 0.32085864210901 5.1452125056375e-07 1.8375758948705e-08 0.035714285714286
23 9 1 15.813463923561 0.023713844899811 0.013895892598989 1296.2517629239 0.32147225207145 0.0 0.0 0.0 0.0 -
24 6 1 15.913516414281 0.022843568523793 0.013317871686381 1290.9610324023 0.32093296387141 0.0 0.0
25 13 1 16.013570572593 0.033707907601708 0.01969659815245 1293.1411796357 0.32054498955813 3.1196868850719 173863828.0 108570482.0 508094.0 303500.0 0.29223674978559 0.5914945114403 62.4456985958 36.670570142974
26 7 1 16.113630946311 0.023432062639061 0.013683576419715 1292.9220115525 0.32164790191991 62.700797593853 37.299202406147 1.7131407816496
27 12 1 16.21368204586 0.022495024580732 0.013177590495898 1296.2510605415 0.32036031577022 132568.0 2.9305714802969 2.3670870798383 54.016806469133 0.45587384445826 0.013359708871827 0.010790930872533 0.24624849230441
1 7 1 16.313736722576 0.034219364405402 0.020055158069829 1296.2521609961 0.32077716915677 68.250207231733 31.749792768267 1.6049835721788
2 10 1 16.413802698134 0.036546236152735 0.01961847418719 1189.3319681224 0.32043434065305 2.1592374019094 7.8912e-05 0.20664234665475 7.552e-06 2.3658797485642 8.6464e-05
3 5 1 16.513851299921 0.01764929412182 0.0093897853723515 1179.6110205944 0.32065318405687 565.04329193633
4 6 1 16.613903011223 0.033690669775938 0.019688818473354 1293.1805685189 0.32060015927004 0.0 0.0
5 7 1 16.713963563481 0.0218286403256 0.01272423703758 1290.823049462 0.3200911764557 5.3520421728612e-05 1.3759137172829e-05 0.25708200212993
6 8 1 16.814014772693 0.021905524472477 0.012811299386472 1295.1674021671 0.32063813260745 0.48513611850004 0.021441972282272 0.015559755207805 99.700961949413
7 7 1 16.914069050637 0.034034248101365 0.01987695094375 1292.3081589159 0.31971139384384 52.0 3.7901261935636e-07 40.115384615385
8 10 1 17.014130057858 0.021080467934357 0.012272050893648 1289.5317167933 0.3206243036052 504.86924830802 0.01064288 0.033395843118483 7.04e-07 504.90264415113 0.010643584
9 19 1 17.114180939896 0.02283407503142 0.013313396830191 1290.9646216016 0.32115939673518 0.30133056640625 13.196530448097 0.01507568359375 0.66022747026126 0.00030655938505799 0.0 0.0 0.00030655938505799 506.68695728117 0.011569728 0.04204242995081 9.6e-07 506.72899971112 0.011570688 6.0497699013231e-07
10 9 1 17.214237266984 0.035074011638128 0.020221225760719 1276.2211673839 0.32034824932142 0.00019957796878845 0.0 0.0 0.00019957796878845 0.0
11 7 1 17.314296093647 0.02270104288139 0.013289455103409 1296.1556668636 0.32039156927236 73778319.0 109963614.0 109885423.0
12 10 1 17.414346824333 0.024779780567626 0.014455972397037 1291.7488125715 0.32070039569073 46.0 4.6243638307916e-07 37.239130434783 2.0 2.0105929699094e-08 35.0
13 9 1 17.514402167179 0.033817034276956 0.019756504581653 1292.7946036481 0.0 0.32052685226127 0.4454345703125 13.171899305671 0.022216796875 0.65697058745743
14 10 1 17.614462294383 0.022280924803081 0.01296925795822 1288.8592399831 0.31994215957687 2.3869745295602 5.3184e-05 0.60320655981665 1.344e-05 5.0669351024599 0.000112896
15 19 1 17.714513509939 0.02276864107859 0.013279401064493 1291.4581505156 0.32112271416069 0.30181884765625 13.255900807363 0.0150146484375 0.65944420598814 0.0 0.0 0.0 0.0 506.50436098464 0.011532416 0.011243534434768 2.56e-07 506.51560451907 0.011532672 0.0
16 13 1 17.814568471233 0.035384501857296 0.020697998463875 1294.2045605056 0.31985171584175 202.0 0.45916748046875 12.976513907714 0.051025390625 1.4420265355376 0.0 0.0 0.02288818359375 0.6468420464433
17 9 1 17.914628961863 0.022922101230348 0.013362222382591 1290.8350078038 0.32163864083997 0.20336472662666 7.6353604055362e-06 3.7545156095596e-05 3423.0 3.7336912383072e-05
18 8 1 18.014684944557 0.020455554154073 0.010131237549185 1096.8284296759 0.31971874241544 0.1997610206307 0.00010160419946101 0.00050862875620189 5.0059816316653
19 5 1 18.114734862292 0.019880905583721 0.011586720890417 1290.191718126 0.3208446282505 5.5114289206698
20 6 1 18.214795408206 0.021302430770703 0.012121171431105 1260.3050705638 0.32116205481888 2.0 8.0
21 7 1 18.314846322871 0.023804988770698 0.013947142050707 1296.2513115964 0.31959046917241 99.534719409535 0.46528059046464 4.0350803043111
22 7 1 18.414904427213 0.036062081636179 0.020999833065008 1289.6745299955 0.32000733818372 5.2344476005479e-07 2.3008560881529e-08 0.043956043956044
23 9 1 18.514961288112 0.021403721576255 0.01249429151094 1292.752113703 0.32045029328802 0.0 0.0 0.0 0.0 -
24 6 1 18.615012550796 0.021710553062372 0.012658956249449 1291.3205853986 0.32001012559985 0.0 0.0
25 13 1 18.715066845959 0.034062142202394 0.019890420827321 1292.1316844498 0.32103250493534 3.1149493731216 175574720.0 109472361.0 505456.0 306224.0 0.28788654767611 0.59162047930363 62.350867482517 36.769625490503
26 7 1 18.815127524193 0.022404536871036 0.013079643937301 1292.8050317127 0.32098261340179 62.824205705657 37.175794294343 1.7031431359873
27 12 1 18.91517870531 0.023125019078748 0.013471818068083 1289.8058141811 0.31979156477968 144200.0 2.7614424410541 2.2087378640777 53.649791955617 0.48504388049366 0.013394207573688 0.010713347845855 0.2602250327783
1 7 1 19.01523318989 0.034446831201575 0.02014447891829 1293.9594789195 0.32017645024493 66.88275745128 33.11724254872 1.7050778607947
2 10 1 19.115293893501 0.022519523682006 0.013145916217619 1292.472419266 0.31917037003982 3.1261762457371 7.04e-05 0.27567190530591 6.208e-06 3.401848151043 7.6608e-05
3 5 1 19.215344578872 0.022145600620382 0.012897422355426 1289.5645884947 0.32012314441502 567.10311498158
4 6 1 19.31539994075 0.036821827478268 0.021579962031389 1296.252533533 0.31930576785879 0.0 0.0
5 7 1 19.415458722098 0.036529611892057 0.021316621162793 1291.2584333082 0.31998798192702 3.4113652118281e-05 7.9247068230903e-06 0.23230309072782
6 8 1 19.515514625038 0.021878006485943 0.010838469651074 1096.8267397121 0.32129598195954 0.50381590281019 0.042152244609116 0.035228606732435 99.70209960991
7 7 1 19.615567900614 0.017824007008295 0.0096358032229778 1196.543006062 0.31912792548092 54.0 8.1042461792644e-07 40.314814814815
8 10 1 19.715626341194 0.021303523768488 0.012393186043736 1288.6258989273 0.32110018109675 505.33611795828 0.01076544 0.09913852858108 2.112e-06 505.43525648687 0.010767552
9 19 1 19.815677796013 0.022013587151539 0.012824382279948 1290.0642821498 0.3196980642121 0.2890625 13.131094810225 0.014404296875 0.65433665017167 0.00031798543108004 0.0 0.0 0.00031798543108004 506.00022264983 0.01113888 0.066867793507116 1.472e-06 506.06709044333 0.011140352 6.2834639336351e-07
10 9 1 19.915732467291 0.033650547875472 0.019666634968549 1293.3717163055 0.32024503856274 0.00020802038724316 0.0 0.0 0.00020802038724316 0.0
11 7 1 20.015793344005 0.02154084567073 0.012568512495303 1292.242537732 0.32130219482368 69580631.0 103711875.0 103629987.0
12 10 1 20.115844071065 0.021456512644252 0.012520918604586 1292.4477765259 0.31954954773041 45.0 5.2042303037057e-07 41.088888888889 1.0 1.1564956230457e-08 56.0
13 9 1 20.215898560177 0.033793653549867 0.019803890023373 1296.2510770272 0.0 0.32092206363631 0.4464111328125 13.209910320994 0.02215576171875 0.65561901100915
14 10 1 20.315957704045 0.036834653435697 0.021587882640133 1296.2517138553 0.32001166023827 1.6176071835186 5.9584e-05 0.43263607808391 1.5936e-05 3.2230519070107 0.00011872
15 19 1 20.416011970207 0.021924278538127 0.012707025494509 1285.8167963129 0.32211954939748 0.28936767578125 13.198503899594 0.01458740234375 0.66535381396391 0.0 0.0 0.0 0.0 541.2199073901 0.011865856 7.0701528321871 0.000155008 548.29006022229 0.012020864 0.0
16 13 1 20.516064497179 0.033291359439052 0.019428506006168 1291.4847121149 0.32122567675335 202.0 0.43304443359375 13.00771253834 0.0482177734375 1.4483569986313 0.0 0.0 0.02154541015625 0.64717724116055
17 9 1 20.616125067564 0.021428610386524 0.012506889533923 1292.522034122 0.32058320033433 0.20330945640962 8.4676120633574e-06 4.1648884478335e-05 3475.0 4.0363445706676e-05
18 8 1 20.716177648008 0.021672224729582 0.012638414960222 1291.4202487757 0.32019143887579 0.1997609424948 0.00010114280462798 0.00050631922018794 5.0059835897401
19 5 1 20.816230970711 0.03322684809961 0.019438310359437 1294.6173915234 0.32046161741042 5.5076347085597
20 6 1 20.916291919023 0.022001186248804 0.01281819315733 1290.1379971913 0.3203752355101 2.0 8.0
21 7 1 21.016344637225 0.021260775410657 0.012287035657648 1281.0410255182 0.31954177697296 99.496607584073 0.50339241592698 4.4129380576749
22 7 1 21.116402581152 0.018034876732788 0.0089301952106672 1096.8294559031 0.31879136764199 1.2397056760854e-06 3.9077678920084e-07 0.31521739130435
23 9 1 21.216457719174 0.021062080920202 0.012336251825343 1296.2521380231 0.32019386084202 0.0 0.0 0.0 0.0 -
24 6 1 21.316508792441 0.025116561643144 0.014715616467981 1296.2515675515 0.32014120813196 0.0 0.0
25 13 1 21.41656355163 0.036822262502262 0.021518642227355 1293.0387510418 0.32040947542976 3.1210063268532 189947192.0 118663867.0 594009.0 331236.0 0.31272323309733 0.58874521293266 62.472030120877 36.626501433093
26 7 1 21.516624305087 0.021740486338373 0.0126777021584 1291.3613965769 0.32046090104101 62.929798980148 37.070201019852 1.6930301597739
27 12 1 21.616677754673 0.023649515726668 0.013845155659915 1296.2062012638 0.32165420140004 147441.0 2.7536438304135 2.2802341275493 52.83537143671 0.48257231555996 0.013288322794701 0.011003778629503 0.25496887537684
1 7 1 21.716729760523 0.034111152186842 0.019917695925458 1292.0514739548 0.3209529988303 67.304182438139 32.695817561861 1.6805291506941
2 10 1 21.816790177743 0.022473749188515 0.013119275982624 1292.549277417 0.32153530085081 3.0613494625614 6.88e-05 0.29047222807559 6.528e-06 3.351821690637 7.5328e-05
3 5 1 21.916841532869 0.022135578755115 0.012889911847426 1289.6199504973 0.32042960504276 567.11727024393
4 6 1 22.016896619232 0.03443292312196 0.020134026107379 1293.9475347131 0.31956409157349 0.0 0.0
5 7 1 22.116956932228 0.022352678385726 0.013009170503389 1288.7294726155 0.32067523189139 4.892512013714e-05 1.2990848109474e-05 0.26552511415525
6 8 1 22.217007307644 0.024926483346673 0.014603497190173 1296.2505725144 0.32103333935687 0.47411410997675 0.019490092510449 0.014019461544691 99.71790100299
7 7 1 22.317062431165 0.029025660066121 0.017009474878807 1296.2498509834 0.32070227666342 53.0 4.5282352899764e-07 39.584905660377
8 10 1 22.417122796726 0.036314851421715 0.021195938709549 1291.7725332228 0.32000423619554 557.57683722457 0.02024832 9.3317193030663 0.00033888 566.90855652764 0.0205872
9 19 1 22.517177615731 0.019399124666833 0.010481406034975 1196.5434132653 0.31979346107548 0.25213623046875 12.997299352369 0.0125732421875 0.6481345113987 0.00036084102351114 0.0 0.0 0.00036084102351114 536.67411178609 0.010411008 3.2265373348013 6.2592e-05 539.90064912089 0.0104736 6.683470821876e-07
10 9 1 22.617233174277 0.019458408467944 0.0097083747413621 1105.1039097348 0.31984520792785 0.00035974165161205 0.0 0.0 0.00035974165161205 0.0
11 7 1 22.717291852307 0.017981552760398 0.0097183549168293 1196.5456750713 0.32065631088731 53915519.0 80359592.0 80291042.0
12 10 1 22.817340613602 0.022688169796361 0.013291066051638 1296.2554645994 0.3196405836008 43.0 4.6861105818349e-07 41.837209302326 1.0 1.0897931585663e-08 55.0
13 9 1 22.917395124465 0.036806375063473 0.02157080840151 1296.2557803342 0.0 0.31938176112262 0.48663330078125 13.221440577673 0.02423095703125 0.65833587223581
14 10 1 23.017454225738 0.036466890495091 0.021371630853161 1296.2520553748 0.32109497973081 1.6479606345402 6.0096e-05 0.43173409594984 1.5744e-05 3.2327406696732 0.000117888
15 19 1 23.117506567825 0.023290088027051 0.013607535131827 1293.5577858032 0.32084867288255 0.3018798828125 12.961732152402 0.01507568359375 0.64730041278676 0.0 0.0 0.0 0.0 507.1122095495 0.011810688 0.027479501118959 6.4e-07 507.13968905061 0.011811328 0.0
16 13 1 23.217561182912 0.036395323610244 0.021331521640895 1296.2522293977 0.32145184523988 202.0 0.4722900390625 12.976668214857 0.05316162109375 1.4606717517628 0.0 0.0 0.02349853515625 0.64564710037737
17 9 1 23.317620614984 0.036412416428016 0.021337611523664 1296.25324678 0.32025811030558 0.20329270304561 4.5297114794152e-06 2.2281721928794e-05 3719.0 2.5294289777695e-05
18 8 1 23.417672805719 0.024522653291748 0.014263228219151 1288.6769048572 0.32018441419666 0.1997609216531 0.00010113421174157 0.00050627625716104 5.0059841120306
19 5 1 23.517727389085 0.03344476430651 0.019556185548469 1293.9144089277 0.32067254769094 5.5057412418635
20 6 1 23.617788049194 0.02271077654326 0.013291981414626 1295.8791505252 0.32056387766185 2.0 8.0
21 7 1 23.717839466855 0.021822157561786 0.012720930402074 1290.9898610472 0.3211872632898 99.514080799402 0.48591920059787 4.2470811669106
22 7 1 23.817894131789 0.033901444338933 0.019801239549058 1292.5868096307 0.31956713300743 5.3609258889218e-07 1.8275883712233e-08 0.034090909090909
23 9 1 23.917954429377 0.022981882590153 0.013395416072799 1290.4571821116 0.32081740999031 0.0 0.0 0.0 0.0 -
24 6 1 24.018005187251 0.021657406724779 0.012631930836959 1291.6578093387 0.31900002780797 0.0 0.0
25 13 1 24.118064963717 0.034493572717153 0.019008291860059 1220.2018060858 0.32090141038501 3.1162218913286 167788080.0 104660608.0 534407.0 293652.0 0.31850117123934 0.58350569361065 62.376664659373 36.721328475777
26 7 1 24.21812380035 0.01762970082238 0.00879396744688 1105.9728397797 0.32188744016208 62.653163333344 37.346836666656 1.7032047284173
27 12 1 24.318171626344 0.029385812805728 0.017127971336481 1290.3571322331 0.3189905748275 179185.0 2.3612467561459 1.9538465831403 52.762228981221 0.47406479187978 0.011193839520291 0.0092624987380143 0.25012715101095
1 7 1 24.418226921156 0.036879938527194 0.021615014089722 1296.2501407921 0.32009512527747 67.103300458125 32.896699541875 1.6880701918207
2 10 1 24.518285512182 0.036879092043006 0.021614094648384 1296.2552134916 0.32112720108324 1.8915866995492 6.976e-05 0.21692508022353 8e-06 2.1085117797727 7.776e-05
3 5 1 24.618338041873 0.024783866167971 0.014519514901791 1296.2539183229 0.32025894263823 567.73516474161
4 6 1 24.718392769341 0.036758791595207 0.021543094201029 1296.2532425968 0.32043608971402 0.0 0.0
5 7 1 24.818454602202 0.036737631303088 0.021529150775715 1296.2497225831 0.32063719717856 3.0889430060186e-05 7.6869261172277e-06 0.24885296045445
6 8 1 24.918503869213 0.025127090130104 0.014721695022001 1296.2585136039 0.31993145665095 0.47017517463504 0.019632186763966 0.013833027174234 99.717020096304
7 7 1 25.018558831413 0.036947617385094 0.020912159869925 1252.89068026 0.32015449302083 49.0 3.3993725979183e-07 40.938775510204
8 10 1 25.118618474653 0.036090008364007 0.021150236266907 1296.2508893025 0.31951377108004 501.17006949875 0.018087232 0.11881404838566 4.288e-06 501.28888354714 0.01809152
9 19 1 25.218669936723 0.024962496989294 0.014623338362659 1296.2488940479 0.32007191696352 0.328857421875 13.174059550855 0.016357421875 0.65527987372479 0.00028042066476772 0.0 0.0 0.00028042066476772 509.23879952602 0.012711872 0.23074614700886 5.76e-06 509.46954567303 0.012717632 5.5041693296362e-07
10 9 1 25.318725033962 0.036509563630023 0.021399134338895 1296.2552014497 0.32023138026821 0.00019173058519504 0.0 0.0 0.00019173058519504 0.0
11 7 1 25.418784471471 0.036563341658708 0.021429424243942 1296.2520950602 0.3193986713707 119313574.0 177862050.0 177741586.0
12 10 1 25.518836459195 0.024186728669718 0.014169565287448 1296.2553164753 0.31969863853786 48.0 4.9075809969916e-07 37.0625 1.0 1.0224127077066e-08 58.0
13 9 1 25.618891517463 0.03690885674721 0.021631251360306 1296.2560978263 0.0 0.31902081603881 0.48681640625 13.189690745076 0.024169921875 0.65485425464519
14 10 1 25.71895680967 0.020499864973084 0.010454690577081 1130.9162818239 0.32107111006601 2.4164061599938 4.9536e-05 0.50263745705297 1.0304e-05 5.0263745705297 0.00010304
15 19 1 25.819003606108 0.019534929188525 0.011392810757598 1291.7652473939 0.32156318374024 0.24957275390625 12.775718381045 0.012451171875 0.63737993390392 0.0 0.0 0.0 0.0 504.37490225394 0.009852928 0.27519935947133 5.376e-06 504.65010161341 0.009858304 0.0
16 13 1 25.919058159567 0.036687643420954 0.021501464217383 1296.2576965748 0.3204373474447 202.0 0.486572265625 13.262565274146 0.0543212890625 1.4806426359747 0.0 0.0 0.024169921875 0.65880279083818
17 9 1 26.019117152989 0.036106826572883 0.020995356849368 1286.7944320533 0.31951603759722 0.20327884571328 4.7170174348412e-06 2.3204664598964e-05 3857.0 2.6598737202021e-05
18 8 1 26.1191693546 0.025141491236912 0.014728284276063 1296.2522087821 0.31959600799873 0.1997608940159 0.00010104510094392 0.00050583023990609 5.0059848046154
19 5 1 26.219224315894 0.036924800376597 0.021642388880858 1296.2543461557 0.3193293614437 5.5077713382508
20 6 1 26.319283582113 0.033064070277677 0.019376826061955 1296.2553054131 0.32126103320509 1.0 8.0
21 7 1 26.419335262601 0.024897520717959 0.014586339571952 1296.2535275271 0.31981696071894 99.518996797858 0.48100320214191 4.1425819397993
22 7 1 26.519390455001 0.03692907992514 0.021642480417157 1296.2495616544 0.32041353160403 4.8060754158177e-07 1.6765379357504e-08 0.034883720930233
23 9 1 26.619450739901 0.023910511997194 0.013947036466759 1291.9202777336 0.32000044624189 0.0 0.0 0.0 0.0 -
24 6 1 26.719502027055 0.022490915416586 0.013127266376467 1292.5017389006 0.32062935966194 0.0 0.0
25 13 1 26.819556891375 0.03463651253865 0.020247424174471 1293.4789261947 0.32052821326523 3.1198501679867 178726024.0 111612481.0 556520.0 312180.0 0.31138162621466 0.58203778986322 62.448925177231 36.657655406691
26 7 1 26.919617526107 0.023380524077647 0.013655685037586 1292.9962637702 0.32034508501969 62.953720717444 37.046279282556 1.6839884047443
27 12 1 27.019669049805 0.022186934243932 0.012996160113912 1296.2612676894 0.32001715664084 137246.0 2.8824155166635 2.2798478644186 54.532008218819 0.47854922936684 0.013793777242143 0.010910194385912 0.26096250508942
1 7 1 27.119723193616 0.03721991702907 0.021815901826149 1296.2550587137 0.31957435713923 66.33925587559 33.66074412441 1.7484606094034
2 10 1 27.219788723274 0.036907622366626 0.018793840891163 1127.2664632275 0.32007731629373 2.1138180949458 7.8016e-05 0.24450233912006 9.024e-06 2.3583204340659 8.704e-05
3 5 1 27.319835268667 0.01899504266051 0.01078091144514 1257.5269139349 0.32013014340717 566.04313874869
4 6 1 27.419889372601 0.035714760291801 0.020933856691636 1296.2554474826 0.31990692540554 0.0 0.0
5 7 1 27.519948792891 0.036586734167696 0.021440471587645 1296.2522796879 0.32032653877294 3.2002666694813e-05 8.3273281224073e-06 0.26020731965306
6 8 1 27.6200007498 0.025416433651653 0.014891714633988 1296.2538567544 0.31962373625844 0.48299801406831 0.018711205401169 0.013154747267727 99.707497819486
7 7 1 27.720055618651 0.037108408597454 0.02175041847997 1296.2593722297 0.31918689007138 49.0 3.2584832033337e-07 41.285714285714
8 10 1 27.820114759801 0.037335356083734 0.021881887262521 1296.2544022921 0.32043760235522 501.84709523002 0.01873664 0.06342513500311 2.368e-06 501.91052036502 0.018739008
9 19 1 27.920167882212 0.02518669294881 0.014403568772284 1266.1473764143 0.31964924039714 0.3345947265625 13.284583539512 0.0164794921875 0.654293607382 0.00027792453793862 0.0 0.0 0.00027792453793862 524.53857387514 0.013211392 3.4253008195772 8.6272e-05 527.96387469471 0.013297664 5.2640824734329e-07
10 9 1 28.020224663357 0.03546909680447 0.020787637876782 1296.2509963751 0.31982593589446 0.00019735489850753 0.0 0.0 0.00019735489850753 0.0
11 7 1 28.12028105026 0.037487585480108 0.02197140568438 1296.2566132115 0.32021606571513 122023668.0 181896504.0 181771713.0
12 10 1 28.220333285404 0.025191180946351 0.014759391210549 1296.2592408902 0.32122021746932 48.0 4.733884346294e-07 38.0 1.0 9.8622590547792e-09 55.0
13 9 1 28.32038801831 0.037595278388775 0.022036108253119 1296.2539595066 0.0 0.32071840716801 0.48541259765625 12.911530874611 0.02410888671875 0.64127432358497
14 10 1 28.420452622636 0.022514927834767 0.012122865305783 1192.7992704362 0.32138868510095 2.3991193929829 5.4016e-05 0.56851170449832 1.28e-05 4.7556004081285 0.000107072
15 19 1 28.520500407847 0.023808385583053 0.013948942868783 1296.2616375171 0.32111263776615 0.31591796875 13.269189027872 0.0157470703125 0.66140857210027 0.0 0.0 0.0 0.0 508.04822350533 0.012095808 0.080643855220769 1.92e-06 508.12886736055 0.012097728 0.0
16 13 1 28.620554383086 0.037204644967973 0.021806913142869 1296.2549753493 0.32115968626035 202.0 0.48529052734375 13.043815570919 0.05426025390625 1.4584268698965 0.0 0.0 0.02423095703125 0.65128848970629
17 9 1 28.720614078891 0.037294829067173 0.021858216519436 1296.2535210204 0.32118564808366 0.2033435449509 4.6610249310167e-06 2.2921922267767e-05 3716.0 2.4743383776654e-05
18 8 1 28.820671250651 0.018802563575372 0.009309862854765 1096.8388208502 0.31971785398005 0.19976102360777 0.00010182220666229 0.00050972008865063 5.0059815570605
19 5 1 28.92072236017 0.019866630452611 0.010743008620194 1196.5532045841 0.32017872171993 5.5099224602444
20 6 1 29.020781021887 0.023356740953364 0.013684720170299 1296.2532680501 0.31979665237645 1.0 8.0
21 7 1 29.120832136844 0.021768842652396 0.012691691351864 1291.0770422911 0.31939942104026 99.523169105108 0.47683089489169 4.5768677176148
22 7 1 29.2208869921 0.033768845400297 0.019732744568019 1293.0285003788 0.32107282682895 5.7119753387123e-07 1.8425726899072e-08 0.032258064516129
23 9 1 29.320947505388 0.021255140037332 0.012365651743802 1288.6993895609 0.32147117550805 0.0 0.0 0.0 0.0 -
24 6 1 29.420998655691 0.021527086224313 0.012560629044858 1292.2276588781 0.32109941572225 0.0 0.0
25 13 1 29.521053336032 0.032896779988103 0.019212062536748 1292.4708145858 0.31976777740425 3.1272694457134 169586784.0 106157135.0 490636.0 297248.0 0.28931263889054 0.58766902496364 62.597528236634 36.525490099512
26 7 1 29.621113870164 0.020834673939828 0.012140169744603 1290.5896277151 0.32110562914965 62.803160554705 37.196839445295 1.7165183089023
27 12 1 29.721165040405 0.022372404911264 0.013064461146753 1293.0572743508 0.32054353788988 140822.0 2.9455624831347 2.410844896394 52.617488744656 0.48845097960051 0.014387628803617 0.011775795513085 0.25701063921446
1 7 1 29.821219779656 0.035846029688354 0.02100948334728 1296.2543150174 0.32007270064343 66.347123717671 33.652876282329 1.7469752037245
2 10 1 29.92128028388 0.02272810953053 0.013257406976386 1291.4998027325 0.31974806711689 3.1143813305246 7.0784e-05 0.25906246149029 5.888e-06 3.3734437920149 7.6672e-05
3 5 1 30.021331225734 0.025362085560276 0.01485924507747 1296.2583185323 0.32101139426196 567.86878796725
4 6 1 30.121385664999 0.037371404165754 0.021904785838016 1296.2574092576 0.32080847383173 0.0 0.0
5 7 1 30.221445003722 0.037183268070158 0.021790531317437 1296.2564905438 0.31938494515518 3.1960548090722e-05 8.0565554517967e-06 0.25207813798836
6 8 1 30.321500862253 0.022859116100086 0.011326050887886 1096.8364236377 0.3186999797539 0.47748175525337 0.028538799083494 0.021673163414452 99.690910362485
7 7 1 30.421552571742 0.019287221994722 0.011109260305571 1277.2534967187 0.32045617867927 44.0 5.7514607664627e-07 45.318181818182
8 10 1 30.52161257569 0.023823969411346 0.013960096249585 1296.2581162726 0.3200998246146 507.75619256122 0.012096768 0.10208206525155 2.432e-06 507.85827462647 0.0120992
9 19 1 30.621663242028 0.024970839480683 0.014629978369521 1296.2578967613 0.31953184966221 0.32958984375 13.198989325327 0.0164794921875 0.65994946626637 0.00028032697921169 0.0 0.0 0.00028032697921169 523.62132278792 0.013075264 2.9807568166693 7.4432e-05 526.60207960459 0.013149696 5.3233169801036e-07
10 9 1 30.721718368268 0.037061445944679 0.021720931556713 1296.2577516586 0.32008062661146 0.00018887552337944 0.0 0.0 0.00018887552337944 0.0
11 7 1 30.821777860156 0.036736995080497 0.021529869018455 1296.2605297094 0.32040910362792 119508692.0 178131234.0 178011580.0
12 10 1 30.921830018264 0.022969504344917 0.013456138625141 1296.2573919367 0.31980327253248 44.0 4.7386769878785e-07 39.431818181818 1.0 1.0769720426997e-08 58.0
13 9 1 31.021884794673 0.036761692661468 0.021546124415039 1296.2587533004 0.0 0.31885578739096 0.4873046875 13.255773938037 0.02423095703125 0.65913605378263
14 10 1 31.121944264809 0.036983841289312 0.021673334493946 1296.2553419705 0.32121243983391 1.6854928484136 6.2336e-05 0.4516567078398 1.6704e-05 3.3346455019436 0.000123328
15 19 1 31.221998660572 0.024874324876068 0.014571634401497 1296.2568092891 0.32147183628075 0.32952880859375 13.247748842856 0.01641845703125 0.6600563879845 0.0 0.0 0.0 0.0 509.64422404071 0.012677056 0.21355353467747 5.312e-06 509.85777757539 0.012682368 0.0
16 13 1 31.322050989064 0.036498595587569 0.021392294492886 1296.2577115374 0.320184230276 202.0 0.47259521484375 12.948312318206 0.05340576171875 1.4632278546339 0.0 0.0 0.0235595703125 0.64549251644422
17 9 1 31.422109954392 0.036948827295578 0.02165498826329 1296.2565482047 0.32192843688439 0.20338398424639 4.4596559581569e-06 2.1927272074453e-05 3846.0 2.5909119055999e-05
18 8 1 31.522161846048 0.024365690290537 0.014274005032308 1296.2549764768 0.31914787987255 0.19976092517511 0.00010106505137392 0.00050593003253929 5.0059840237693
19 5 1 31.6222172904 0.037171170777919 0.021786117183345 1296.259035835 0.32087574410207 5.508814629654
20 6 1 31.722276558431 0.03676755823499 0.021548233375111 1296.2545109243 0.32102778879534 1.0 8.0
21 7 1 31.822333741973 0.024925731117683 0.013395813938494 1191.1142349691 0.3210097130334 99.477242653641 0.52275734635878 4.3804705215419
22 7 1 31.922386969515 0.017619445131717 0.0095218849396937 1196.5499135443 0.31960521804785 1.0769505357506e-06 2.2806011345306e-07 0.21176470588235
23 9 1 32.02244418387 0.022942939785971 0.01344120597339 1296.2579090782 0.32035084532687 0.0 0.0 0.0 0.0 -
24 6 1 32.122494736921 0.024986209422179 0.014637361089223 1296.2567610398 0.32114718568946 0.0 0.0
25 13 1 32.22254970184 0.036750934880611 0.021540949895258 1296.2612534195 0.32039469293873 3.1211503250188 190144104.0 118792033.0 592218.0 331820.0 0.31145746175753 0.58660667174829 62.474739158886 36.627196707609
26 7 1 32.32262824506 0.037059705848702 0.020684629632753 1236.3496184322 0.32800226913952 61.461613655959 38.538386344041 1.6426989405803
27 12 1 32.422661937306 0.020353792978828 0.011856974562171 1291.4867728383 0.32041330085223 134718.0 3.6899300761591 3.1168811888538 52.719755340786 0.51486541164066 0.018998173675869 0.016047743163342 0.27143578535129
1 7 1 32.52271645995 0.037009080837676 0.021690910822762 1296.2549582709 0.3217098324386 67.690623569211 32.309376430789 1.6619866080472
2 10 1 32.622775410777 0.036819085014504 0.021578442166309 1296.2583228444 0.32301620451323 1.8181874963386 6.6944e-05 0.18599049914745 6.848e-06 2.0041779954861 7.3792e-05
3 5 1 32.722827095796 0.02504396792041 0.014672793793551 1296.2544026486 0.32108689198572 567.79388120011
4 6 1 32.822882320824 0.036879019539007 0.020782079085806 1247.4028454596 0.31952178589316 0.0 0.0
5 7 1 32.922941270744 0.036693861545171 0.021503695981103 1296.2564196381 0.32067382419325 4.2403929943518e-05 7.6901469762109e-06 0.18135458167331
6 8 1 33.022993620988 0.024980671929252 0.014633598584823 1296.2575343614 0.32079340902182 0.47185374862467 0.018663454500452 0.013417744873147 99.719853094119
7 7 1 33.123048770792 0.037286479325384 0.021854950214279 1296.2587769963 0.32000915180999 53.0 3.5166603542613e-07 38.056603773585
8 10 1 33.223107985352 0.037232198300206 0.021821015623831 1296.2591674579 0.32015108844235 502.22336723793 0.01869888 0.13923432503773 5.184e-06 502.36260156297 0.018704064
9 19 1 33.323159683966 0.025019685424833 0.014658755659888 1296.2581828803 0.32187914108071 0.3287353515625 13.139068136973 0.016357421875 0.65378207588352 0.00027977969671242 0.0 0.0 0.00027977969671242 509.48170544734 0.012747072 0.18673296329149 4.672e-06 509.66843841064 0.012751744 5.4894452084358e-07
10 9 1 33.423220987547 0.033865371786813 0.01681316758252 1099.7282702221 0.32084629165103 0.00020670081651741 0.0 0.0 0.00020670081651741 0.0
11 7 1 33.523276057597 0.019607131389664 0.01143095239259 1291.2606250104 0.32041094745853 63459266.0 94581586.0 94512532.0
12 10 1 33.623325932735 0.025125171493029 0.014720908353611 1296.2582464271 0.3213203533576 48.0 4.7477390722526e-07 37.708333333333 1.0 9.891123067193e-09 58.0
13 9 1 33.723381303677 0.03636326596707 0.021312839172943 1296.2568325887 0.0 0.32032532194653 0.47296142578125 13.006571692695 0.02349853515625 0.64621629909507
14 10 1 33.823441083768 0.023760077074796 0.013861224811851 1292.0979216842 0.32001385736932 2.2329893894275 5.3056e-05 0.51986363348554 1.2352e-05 4.4471236211639 0.000105664
15 19 1 33.923493269971 0.024642419928854 0.014434543840122 1296.2586732056 0.32111837441204 0.31591796875 12.820087055659 0.015869140625 0.64397655225487 0.0 0.0 0.0 0.0 546.85278632969 0.013475776 7.5758793389203 0.000186688 554.42866566861 0.013662464 0.0
16 13 1 34.023547324965 0.033610604516103 0.019645723002627 1293.4523865352 0.32066692070794 202.0 0.43341064453125 12.895056508835 0.05010986328125 1.4908944365235 0.0 0.0 0.02154541015625 0.64103012922387
17 9 1 34.123607988699 0.021923728414035 0.012775180159903 1290.3674751655 0.32002836760859 0.20337402404045 7.4694618770358e-06 3.6727708527566e-05 3191.0 3.6223484573893e-05
18 8 1 34.223659248663 0.022571587897413 0.01317141406148 1292.1065719682 0.32070228619862 0.19976090497302 0.00010116577306693 0.00050643429494172 5.0059845300313
19 5 1 34.323714148329 0.02568716358405 0.014993921708828 1292.1527143706 0.31987108758431 5.5081765762359
20 6 1 34.423778128214 0.021623335283032 0.012610234921547 1291.6550184556 0.32071808759285 2.0 8.0
21 7 1 34.523826607651 0.018751961221845 0.010179610857891 1204.8320771016 0.32243477782092 99.452777543106 0.54722245689401 4.4177297064214
22 7 1 34.623879736406 0.033388371602361 0.0195237934806 1293.9838485329 0.32068203338649 4.8980668880014e-07 3.1000423341781e-08 0.063291139240506
23 9 1 34.723940508895 0.022056843037363 0.012846506875253 1289.7285931224 0.32043117034418 0.0 0.0 0.0 0.0 -
24 6 1 34.823992042563 0.022704301029847 0.013298272042842 1296.2560854091 0.32098376991785 0.0 0.0
25 13 1 34.924053872704 0.037107360008368 0.018944968679902 1130.2579426197 0.32146865354448 3.1107232041884 167229120.0 104128001.0 534433.0 292588.0 0.31958130258654 0.58974896238167 62.266668030066 36.824001704966
26 7 1 35.024108996226 0.017805836599836 0.0096228444926002 1196.5562894838 0.3209533807243 62.82574832058 37.17425167942 1.6882398367646
27 12 1 35.124158172607 0.023270732178208 0.013633222392385 1296.2580649784 0.32037122080782 143326.0 2.7566526659504 2.2033685444372 54.73814939369 0.47639636592463 0.013132593121752 0.010496767673625 0.26077055448594
1 7 1 35.224212875606 0.03708839024332 0.021736770508452 1296.2603656793 0.32046029780022 67.06926499033 32.93073500967 1.7055627225314
2 10 1 35.324272421871 0.036941699246172 0.02164821004568 1296.2597865928 0.3205367385808 1.8502668094533 6.8352e-05 0.13859676475306 5.12e-06 1.9888635742064 7.3472e-05
3 5 1 35.424324318059 0.024578592845903 0.014295054755828 1288.4734775143 0.31981457223758 567.7427029361
4 6 1 35.524379572087 0.033453872621389 0.019559593236423 1293.8471534348 0.32107942735062 0.0 0.0
5 7 1 35.624439344928 0.022778643005257 0.013284459577876 1291.1862366711 0.32014859245157 4.8389533318826e-05 1.1969065339073e-05 0.24734822839088
6 8 1 35.724491068012 0.021673721030862 0.011867642166179 1213.0216461127 0.3197547989475 0.50770519497072 0.023872423204454 0.016934452481086 99.687688221571
7 7 1 35.8245454674 0.035141687777127 0.020597193888266 1296.2588599266 0.31943502071658 52.0 3.6544312209866e-07 41.25
8 10 1 35.924604871377 0.037078304937055 0.021730257383589 1296.2560336206 0.31993808382382 515.56358987965 0.019116224 2.3146689188111 8.5824e-05 517.87825879846 0.019202048
9 19 1 36.024656452172 0.025155866967321 0.014738546763976 1296.2588308018 0.32017033538359 0.3282470703125 13.048529424127 0.016357421875 0.65024281994532 0.00027826510646974 0.0 0.0 0.00027826510646974 508.74875497734 0.012798016 0.066147591023663 1.664e-06 508.81490256836 0.01279968 5.4688867221681e-07
10 9 1 36.124711606507 0.03739876264349 0.021919022451377 1296.2593759392 0.31945578782106 0.00018717196787307 0.0 0.0 0.00018717196787307 0.0
11 7 1 36.224770797503 0.037265255592267 0.021839800050531 1296.256360521 0.32016890146949 121314463.0 180836963.0 180709558.0
12 10 1 36.324822325733 0.03345234188071 0.01960491503307 1296.2603615609 0.32069190844622 48.0 3.5580025388572e-07 37.104166666667 1.0 7.4125052892858e-09 56.0
13 9 1 36.424877824463 0.036822160996663 0.02151899115285 1293.020086483 0.0 0.32024647117724 0.48699951171875 13.2257178432 0.02423095703125 0.65805363877057
14 10 1 36.52494343025 0.018759060269651 0.0094893768654263 1121.279987797 0.31975776799806 2.6440556875999 4.96e-05 0.60386820220025 1.1328e-05 5.5473994168226 0.000104064
15 19 1 36.624989511617 0.02155212366778 0.012574172338727 1292.0740634143 0.3210625084631 0.27606201171875 12.809039887399 0.01385498046875 0.64285917630766 0.0 0.0 0.0 0.0 535.96128985046 0.011551104 7.2635069477645 0.000156544 543.22479679822 0.011707648 0.0
16 13 1 36.725043781404 0.033841179921235 0.019617980253696 1283.893547139 0.32140533574938 202.0 0.446044921875 13.180536934976 0.04931640625 1.4572897979557 0.0 0.0 0.022216796875 0.65650183967313
17 9 1 36.825102863644 0.036861315875042 0.02160389922667 1296.2532519732 0.32005230429788 0.20337019957788 4.4441507635048e-06 2.1852517098027e-05 3475.0 2.3328434899062e-05
18 8 1 36.925155459495 0.025245779176524 0.014791432540323 1296.2537021472 0.31949946583463 0.19976090416536 0.00010104336598621 0.00050582152903434 5.0059845502711
19 5 1 37.025210414445 0.036885591120219 0.021619357079264 1296.2594625842 0.3200020103313 5.5062479338843
20 6 1 37.125270042277 0.03716959834744 0.021782589863792 1296.2575211682 0.32162052824099 1.0 8.0
21 7 1 37.225321419155 0.025066983408604 0.014686342525221 1296.2593076822 0.31982655258636 99.517042112191 0.48295788780871 4.1821145162583
22 7 1 37.325376678621 0.036842538245592 0.021594181425049 1296.2579093253 0.32043698777089 4.6491369966632e-07 1.6804109626494e-08 0.036144578313253
23 9 1 37.425435958435 0.036307156028517 0.021193734134828 1291.682792012 0.31887907217723 0.0 0.0 0.0 0.0 -
24 6 1 37.525488531628 0.021564012511022 0.012578299628872 1291.8311045612 0.32080397414274 0.0 0.0
25 13 1 37.625545731483 0.034037340396924 0.019875630464668 1292.2270689723 0.321932143893 3.1062446511472 175444164.0 109085257.0 548401.0 305452.0 0.31257865037905 0.58792323237381 62.176623327294 36.922874789953
26 7 1 37.725603097191 0.021929077396563 0.012845729723014 1296.2591202254 0.32113529798525 62.787827823226 37.212172176774 1.7008935488953
27 12 1 37.825654205804 0.024759368879297 0.014505405623579 1296.2535686865 0.31964503984638 153749.0 2.4644062725611 1.9668420607614 54.486208040377 0.48031306556255 0.011836865315654 0.0094469993968166 0.26170437614753
1 7 1 37.925709364671 0.03634146763976 0.021298991362277 1296.2561152218 0.31956456670266 65.536617338493 34.463382661507 1.8153318917671
2 10 1 38.025774344205 0.023409051682368 0.011597949947268 1096.8360697627 0.32050607625105 3.0237875912469 7.0784e-05 0.45930950753117 1.0752e-05 3.483097098778 8.1536e-05
3 5 1 38.125821396219 0.02046182484369 0.011890641794123 1287.307752667 0.31816994687053 566.66065323093
4 6 1 38.225875587158 0.036915487237921 0.021636711364583 1296.2545746193 0.32067044810605 0.0 0.0
5 7 1 38.325935300183 0.033512168555513 0.019640122521852 1296.2566588881 0.31948903135766 3.6068572481975e-05 8.4550690040517e-06 0.23441651338647
6 8 1 38.425990407391 0.02163029929214 0.011637848897937 1191.9575192967 0.32087368818995 0.51002035969627 0.03242723962889 0.025192632132435 99.69655922379
7 7 1 38.52604243046 0.034114197354801 0.019914897271095 1291.8715097612 0.32101252795393 46.0 3.3600343822092e-07 44.282608695652
8 10 1 38.626103583596 0.021958593774571 0.01230494369226 1241.79507664 0.32021561922136 524.91813083898 0.011526464 2.3141736907965 5.0816e-05 527.23230452977 0.01157728
9 19 1 38.7261545327 0.023477590618956 0.01375534676891 1296.2626734241 0.32111460145633 0.30059814453125 12.803619818149 0.01507568359375 0.64213078072748 0.00029815665983835 0.0 0.0 0.00029815665983835 516.46321791684 0.012125312 1.1176615363083 2.624e-05 517.58087945315 0.012151552 5.7605810352455e-07
10 9 1 38.826208104636 0.036947811333291 0.021655561951183 1296.2557079876 0.31998288378666 0.00018945641832085 0.0 0.0 0.00018945641832085 0.0
11 7 1 38.926268107677 0.037328345853327 0.02187517928316 1296.2559640518 0.32145972921975 121028580.0 180394710.0 180275459.0
12 10 1 39.026319253448 0.024740668285346 0.014494177473028 1296.2590273829 0.32052617968821 43.0 4.3090384235453e-07 41.116279069767 1.0 1.002101958964e-08 58.0
13 9 1 39.126374299027 0.037143451592788 0.021770829715149 1296.2557270142 0.0 0.32082921088932 0.483642578125 13.020937941559 0.024169921875 0.6507182514964
14 10 1 39.226433604217 0.036882072863666 0.021615398360917 1296.2555626126 0.32053302284977 1.6502326272437 6.0864e-05 0.42513879461062 1.568e-05 3.1980848917036 0.000117952
15 19 1 39.326485958992 0.024715058060287 0.014478948008031 1296.2592450151 0.31974690103688 0.3289794921875 13.310892953803 0.01641845703125 0.66430987097828 0.0 0.0 0.0 0.0 508.83182104303 0.012575808 0.10875960693449 2.688e-06 508.94058064996 0.012578496 0.0
16 13 1 39.426541335372 0.036422109306387 0.021256501753093 1291.4622129988 0.31982577752248 202.0 0.47332763671875 12.995612987075 0.05377197265625 1.4763552600404 0.0 0.0 0.0235595703125 0.64684804809941
17 9 1 39.526606391035 0.02145747060334 0.011542881347401 1193.3767582608 0.32089693427726 0.20333205953187 8.0373705986483e-06 3.9528299753382e-05 4126.0 5.1978355940475e-05
18 8 1 39.626654875003 0.017418480359791 0.0093203306196257 1186.414388024 0.32029149013124 0.1997610505851 0.00010173460855659 0.00050928150537158 5.0059808810126
19 5 1 39.726707536108 0.034077827536285 0.019971838286738 1296.2578643875 0.31974867734445 5.506786683812
20 6 1 39.826766538593 0.036969270704406 0.021664314543316 1296.2548525721 0.32082215699608 1.0 8.0
21 7 1 39.926818208206 0.024401341413162 0.014295246891425 1296.2581335342 0.32101291354246 99.522528583381 0.47747141661942 4.1850740462894
22 7 1 40.02687342417 0.036394149951759 0.021330892668703 1296.2541871253 0.3193404711908 5.1425033741462e-07 1.6953307826856e-08 0.032967032967033
23 9 1 40.126932460188 0.037269391039111 0.021844191527123 1296.2597433883 0.32012559785874 0.0 0.0 0.0 0.0 -
24 6 1 40.226984703489 0.024887175303596 0.014580667493477 1296.2587038442 0.3205407620907 0.0 0.0
25 13 1 40.327039539713 0.037268798318919 0.021843092185237 1296.2569938358 0.32007988147742 3.1242201021327 192811144.0 120576675.0 587198.0 336524.0 0.30454567501555 0.5927349303005 62.536154549241 36.566564845443
26 7 1 40.427099797424 0.036579169281697 0.021341342307564 1291.0937458707 0.31929319631415 63.152595403791 36.847404596209 1.675932062882
27 12 1 40.527151017512 0.021845873619871 0.012732156286875 1290.6543295037 0.32146561215763 137868.0 2.9180085298982 2.3558766356225 55.631473583428 0.49068580341775 0.014318253598729 0.011559952197035 0.27297574310597
1 7 1 40.627206032278 0.034242086252399 0.019987050532035 1291.5472807494 0.32084912952157 68.413532758427 31.586467241573 1.5977007842953
2 10 1 40.727265184303 0.037286151244788 0.021851346765527 1296.2542036596 0.32161016606351 1.9104143930639 7.1232e-05 0.15791385818677 5.888e-06 2.0683282512506 7.712e-05
3 5 1 40.82731972598 0.02489965505443 0.014586963106343 1296.2610621534 0.31958008653801 567.80547763698
4 6 1 40.927372006438 0.037049674014136 0.02171590974848 1296.2591146583 0.32092380897774 0.0 0.0
5 7 1 41.027431283533 0.036506463177765 0.02139497623455 1296.2540171725 0.32004494901463 3.7790794230312e-05 8.1682344479866e-06 0.21614349775785
6 8 1 41.127487385858 0.022000623436511 0.010929197983417 1101.3255689798 0.32111094153504 0.52271557186978 0.032377932107013 0.024056442833255 99.673857326221
7 7 1 41.227539363613 0.018673898884984 0.010474592471666 1242.568134361 0.31958264604484 51.0 7.0511216551034e-07 41.764705882353
8 10 1 41.327597725344 0.023434645594027 0.013732846965409 1296.2562357372 0.32023257160125 508.20073007784 0.011909504 0.28948592257478 6.784e-06 508.49021600042 0.011916288
9 19 1 41.427650233284 0.024081345013421 0.014034412848596 1290.3652401154 0.32020188560918 0.31396484375 13.037678899373 0.01580810546875 0.65644611876704 0.00029068143810484 0.0 0.0 0.00029068143810484 518.74311808739 0.012492032 2.2669830098599 5.4592e-05 521.01010109725 0.012546624 5.5791900673839e-07
10 9 1 41.527704822089 0.033042965269858 0.019291525560241 1292.0495737508 0.32070157744421 0.00021184539410528 0.0 0.0 0.00021184539410528 0.0
11 7 1 41.627764981013 0.02227875149571 0.013050892476484 1296.2564323889 0.32117116952354 72270765.0 107723962.0 107650541.0
12 10 1 41.727816429488 0.024499604270454 0.014350717888487 1296.2585314003 0.32038501030319 44.0 4.4513651031712e-07 40.045454545455 1.0 1.0116738870844e-08 58.0
13 9 1 41.827871097141 0.036942429723963 0.021652865708719 1296.2540919715 0.0 0.31939399081413 0.4825439453125 13.062052196299 0.024169921875 0.65425912847639
14 10 1 41.927930280887 0.036742417473325 0.021533633788605 1296.2557175085 0.32043848204998 1.6425701995198 6.0352e-05 0.41978729383275 1.5424e-05 3.1945638875073 0.000117376
15 19 1 42.027981829961 0.024622948979913 0.014425385225594 1296.2542821642 0.32175666108007 0.31573486328125 12.822788348334 0.01580810546875 0.64200699443621 0.0 0.0 0.0 0.0 516.69001996385 0.012722432 1.5413263468548 3.7952e-05 518.2313463107 0.012760384 0.0
16 13 1 42.128037440166 0.036757452083824 0.021541781878647 1296.2567947868 0.32066420489721 202.0 0.48602294921875 13.222433048689 0.0535888671875 1.4579048369645 0.0 0.0 0.024169921875 0.65755161211612
17 9 1 42.228095995846 0.036898846663843 0.021625892408477 1296.2519361572 0.32133337743153 0.20337097665131 4.1813390031841e-06 2.0560155987023e-05 3488.0 2.3485524062973e-05
18 8 1 42.328148427656 0.024999752262898 0.014646497952551 1296.2591619502 0.32055045241749 0.19976091157317 0.00010093094790901 0.00050525874714002 5.0059843646323
19 5 1 42.428203568398 0.03653615175277 0.021318654899966 1291.0373873328 0.31952641233081 5.5096938093328
20 6 1 42.528263978367 0.021955854936007 0.012791813483581 1290.1371751339 0.32091234130806 2.0 8.0
21 7 1 42.628319487973 0.02162650280149 0.010711518773963 1096.8380068254 0.3195399763971 99.483981451829 0.51601854817114 4.4146217879117
22 7 1 42.728371941535 0.017797860253643 0.00962211038961 1196.5493315764 0.32079817408578 1.0822958510327e-06 1.7618769667974e-07 0.16279069767442
23 9 1 42.828432824593 0.02143187578538 0.0115842498635 1196.5506165069 0.32008516244836 0.0 0.0 0.0 0.0 -
24 6 1 42.928481275934 0.022988559302164 0.013467555286089 1296.2531589175 0.32083792286448 0.0 0.0
25 13 1 43.02853614116 0.036461831528559 0.021368699879 1296.2569753126 0.32200337810575 3.1055574816721 188623636.0 117253421.0 585196.0 326864.0 0.31024531835448 0.59005860750134 62.162634273469 36.937061800675
26 7 1 43.128595032171 0.036974775570532 0.021669516252097 1296.2554595486 0.3206341974677 62.895469764444 37.104530235556 1.7086942248277
27 12 1 43.22864705524 0.024579523615991 0.014399223970142 1296.2536025646 0.32036587259682 149918.0 2.5213783534999 2.0070972131432 53.45588921944 0.47179862565417 0.011895828419354 0.0094694570671527 0.25220415066853
1 7 1 43.328702626474 0.036629990053521 0.02146864664167 1296.2530848528 0.31928232949252 66.422054374715 33.577945625285 1.7199665954629
2 10 1 43.428761658867 0.036395328141744 0.021242149586484 1291.5552943338 0.32075958493254 1.9255218616815 7.008e-05 0.14419433119441 5.248e-06 2.0697161928759 7.5328e-05
3 5 1 43.52881448945 0.021287957159896 0.012428973111359 1293.2767846454 0.3207076484344 566.96780717459
4 6 1 43.628868627824 0.033672101501785 0.019677661014202 1293.1746224717 0.32173689093362 0.0 0.0
5 7 1 43.728928976165 0.022004970051253 0.01281970985036 1290.0723349693 0.32013152112419 4.8681351528752e-05 1.3036010451214e-05 0.26778242677824
6 8 1 43.828980134624 0.021954380385927 0.012836352690189 1294.7871321045 0.31859833620841 0.50104600073287 0.021089464658025 0.015024566719879 99.689701746818
7 7 1 43.929035708577 0.034657983691665 0.020255094191268 1293.3445539535 0.3202384480262 45.0 3.223990085643e-07 42.444444444444
8 10 1 44.029098086123 0.022325510230988 0.013036741508472 1293.1184696552 0.32242398291795 507.88035223768 0.011338688 0.30100095946173 6.72e-06 508.18135319714 0.011345408
9 19 1 44.129146732319 0.021654453999418 0.012673462940206 1296.0473148689 0.32014368592843 0.28973388671875 13.379874954434 0.014404296875 0.66518864319493 0.00032325913182517 0.0 0.0 0.00032325913182517 505.52260520141 0.010946816 0.026599608561614 5.76e-07 505.54920480997 0.010947392 6.3942169970711e-07
10 9 1 44.22920416328 0.018409633590401 0.009319862515682 1121.6486101987 0.32120244073298 0.00038023570461771 0.0 0.0 0.00038023570461771 0.0
11 7 1 44.32927583584 0.02138154441555 0.011017492900292 1142.1729892912 0.32629237677299 60051045.0 89513734.0 89452809.0
12 10 1 44.429312718262 0.02096301145592 0.012069524113693 1275.611683329 0.3195725987735 44.0 5.2792720517353e-07 41.5 2.0 2.3996691144252e-08 38.0
13 9 1 44.529367549048 0.033660234409743 0.019672225480025 1293.2284378874 0.0 0.31945093980178 0.4324951171875 12.848844482863 0.02154541015625 0.64008497070994
