1 7 2 0.10063379600356 0.10065648087331 0.10065648087331 0.001463430893473 0.0 1895.5668180739 - 1.4540496805696 - 32.115071506538 - 67.884928493462 - 10.010482696933 -
2 10 2 0.20090820475697 0.049934038741176 0.049934038741176 0.0 0.00019161984842179 - 997.6656506762 - 2.6951129400074 0.0 28.2266773434 0.0 0.001409472 0.0 6.9006234762232 0.0 0.000344576 0.0 35.127300819623 0.0 0.001754048
3 5 2 0.30116351470513 0.051473906069598 0.051473906069598 0.0 0.0 - - - - - -
4 6 2 0.40141394782296 0.051814591255146 0.051814591255146 0.0 0.0 - - - - 0.0 0.0 0.0 0.0
5 7 2 0.50166862099332 0.050937495494491 0.050937495494491 0.0 0.0 - - - - - - - - - -
6 8 2 0.60196085499636 0.050842553100786 0.050842553100786 0.0 0.0 - - - - - - - - - - - -
7 7 2 0.70221080532249 0.050898990817591 0.050898990817591 0.0 0.0 - - - - 0.0 0.0 - - - -
8 10 2 0.80242445750192 0.052163838973588 0.052163838973588 0.0 0.00014422292721724 - 1296.2351833474 - 2.0875074567183 542.55638689342 0.0 0.028301824 0.0 166.10801985619 0.0 0.008664832 0.0 708.66440674961 0.0 0.036966656 0.0
9 19 2 0.9027011470612 0.052541742599212 0.052541742599212 0.0 0.0 - - - - 0.67376708984375 0.0 12.823462955602 0.0 0.03466796875 0.0 0.65981764279207 0.0 0.0 0.0 0.0 0.0 0.0 0.0 0.0 0.0 506.4042166047 0.0 0.02660736 0.0 1.1364678262669 0.0 5.9712e-05 0.0 507.54068443097 0.0 0.026667072 0.0 0.0 0.0
10 9 2 1.0029620530454 0.052204129889234 0.052204129889234 0.0 0.0 - - - - 0.0 0.0 0.0 0.0 0.0 0.0 0.0 0.0 - -
11 7 2 1.1032301501803 0.052529420993908 0.052529420993908 0.021009094745777 0.0 2193.9516265831 - 0.43352632185875 - 93552537.0 0.0 121365860.0 0.0 115150925.0 0.0
12 10 2 1.2035184584436 0.057037044288138 0.057037044288138 0.022897718848707 0.0 2194.6852268365 - 0.43383958565969 - 0.0 0.0 0.0 - - - 142256.0 0.0 0.0012207033889673 - 29.892988696435 -
13 9 2 1.3037570826393 0.056452874471595 0.056452874471595 0.022682678167561 7.249846690688e-05 2195.1652075877 2196.574752274 0.0 0.0 0.43425753307762 5.1637419354839 0.9918212890625 0.0 17.569013063481 0.0 0.0592041015625 0.0 1.0487349336355 0.0
14 10 2 1.4040198817467 0.056433410628709 0.056433410628709 0.022672199413539 0.00027308755268233 2194.52382906 2194.6230525435 0.43489116032972 3.8270033892281 4.6814820698716 7.3794582918252 0.000264192 0.000416448 3.4838936333928 4.1598052888297 0.000196608 0.000234752 8.2640406596788 30.0792027469 0.000466368 0.001697472
Running without Marker API. Activate Marker API with -m on commandline.
15 19 2 1.5043001999431 0.055946789194142 0.055946789194142 0.021716549003301 0.0 2194.5226742374 - 0.43411208646746 - 0.88433837890625 0.0 15.806776253727 0.0 0.05548095703125 0.0 0.99167365688716 0.0 0.0 0.0 0.0 0.0 0.0 0.0 0.0 0.0 888.37670071697 0.0 0.049701824 0.0 2068.2749746095 0.0 0.115713344 0.0 2956.6516753265 0.0 0.165415168 0.0 0.0 0.0
16 13 2 1.6045433504242 0.056174589888076 0.056174589888076 0.023102469635252 1.5408120784121e-05 2194.9165682494 2189.0103576941 10.571484793534 5.2251574258946 207.0 207.0 0.86590576171875 0.0 15.414545321007 0.0 0.19775390625 0.0 3.5203444590163 0.0 0.0 0.0 0.0 0.0 0.060791015625 0.0 1.0821799633272 0.0
17 9 2 1.7047964248566 0.055730241260827 0.055730241260827 0.053129396577158 0.026327965268668 2194.8486302909 2194.8776618726 1.1607215302869 0.60228317549402 0.20109739193096 0.20004574009563 0.0001877786439461 4.1856932672585e-06 0.00093376966326134 2.0923681080424e-05 61710.0 5921.0 0.00061059227094078 6.1345271869895e-05
18 8 2 1.8049960036124 0.055882384055426 0.055882384055426 0.055478350799884 0.055478164657864 2194.8769129996 2194.876103359 0.6043449635906 0.60437081201887 0.20000005130944 0.20000005032504 8.3871205541471e-08 7.894124631966e-08 4.1935592012276e-07 3.9470613228028e-07 4.9999987172642 4.9999987418742
19 5 2 1.9051922381524 0.05561565386412 0.05561565386412 0.05521805994491 0.055215747436027 2194.8764475654 2194.873431871 0.6041859961102 0.60447838341498 6.4122448979592 6.5454545454545
20 6 2 2.0053917082122 0.055682163177585 0.055682163177585 0.055277272128894 0.055280731834214 2194.8823326928 2194.8766237728 0.60584506479697 0.60572140034281 0.0 0.0 - -
21 7 2 2.1056276657309 0.055389455531414 0.055389455531414 0.054990295030102 0.054996502028584 2194.8747943228 2194.8778650233 0.60293965926852 0.60276943882485 88.596935358199 88.609304267144 11.403064641801 11.390695732856 1.7083222903147 1.7053785418814
22 7 2 2.2058455742673 0.055409136766439 0.055409136766439 0.055020254837221 0.055024707752877 2194.8736866144 2194.876178549 0.60429890682785 0.60415224856369 4.3080586143189e-05 4.3684073959333e-05 8.2778726573605e-06 8.1633111079384e-06 0.1921485615318 0.18687156137355
23 9 2 2.3060579556085 0.055447886915297 0.055447886915297 0.055039170217855 0.055062582445474 2194.8748107232 2194.8768731989 0.60207658967185 0.60195199798594 0.0 0.0 0.0 0.0 0.0 0.0 0.0 0.0 - -
24 6 2 2.4062589673408 0.054302674182646 0.054302674182646 0.053912285907072 0.053912392791541 2194.871871796 2194.8745370078 0.60376240177248 0.60384862327248 0.0 0.0 0.0 0.0
25 13 2 2.5064785733475 0.054694394890334 0.054694394890334 0.054300308230984 0.054310116239676 2194.8788442504 2194.8751575963 0.60438920786063 0.60431147091763 1.6545629653774 1.6547758037449 479578480.0 479665104.0 158704427.0 158753527.0 24332502.0 22210883.0 6628.0 6688.0 5.0737268277759 4.6304979901144 0.0024110756596084 0.0024269015825675 33.092483007161 33.096743055963 61.831379089404 62.27033205234
26 7 2 2.6067159828646 0.054106355493708 0.054106355493708 0.053716977185784 0.053720392053975 2194.8745631051 2194.8770106722 0.60390514563392 0.60398529922644 33.120785912221 33.116395789812 66.879214087779 66.883604210188 2.2826186997561 2.2829106994645
27 12 2 2.7069498787812 0.053941200873762 0.053941200873762 0.053557376482102 0.053555669500907 2194.8757626349 2194.8754024323 0.60467989016665 0.60468950029351 13570798.0 13574255.0 50.355631260594 50.532003413815 2.5676898292938 2.6868288535909 99.817755742883 99.829265031488 11.475951139948 11.479240368985 5.778787639678 5.8006901351355 0.29466683023516 0.30842754240694 11.455036878046 11.459641291556
1 7 2 2.807190959508 0.053470212651424 0.053470212651424 0.05308121342105 0.053090219796227 2194.8772042995 2194.8762516636 0.60435112256272 0.60419300295487 34.032326461223 33.818268475263 65.967673538777 66.181731524737 2.9431161650327 2.9513101842163
2 10 2 2.9073988824988 0.053484747127548 0.053484747127548 0.053087445781948 0.053095527787632 2194.876296349 2194.8748006045 0.6051878033009 0.60516288873366 5810.1864305149 5810.986957811 0.310756352 0.310799168 5792.5975654548 5792.7962015253 0.309815616 0.30982624 11602.78399597 11603.783159336 0.620571968 0.620625408
3 5 2 3.0076011994898 0.053285187484131 0.053285187484131 0.052902514817917 0.05290986312513 2194.8679674412 2194.8721137686 0.60393796016814 0.60367057891562 11052062.0 11058492.142857
4 6 2 3.1077919231391 0.053626943325966 0.053626943325966 0.053236193183067 0.053245304178212 2194.871609751 2194.8783882515 0.60406533672427 0.60402828836396 0.0 0.0 0.0 0.0
5 7 2 3.2079810869998 0.053518407582941 0.053518407582941 0.053133426031043 0.053135897960829 2194.8730723543 2194.8725260148 0.60528721126302 0.60517774176099 0.11348265922623 0.11240650454228 0.038387751798889 0.038406981056075 0.33826975910357 0.34167934687115
6 8 2 3.3082087419504 0.052619562644534 0.052619562644534 0.052232122749868 0.052249938941497 2194.8687520111 2194.8690015649 0.60328862891894 0.60318861399557 11.532202338504 11.52002252421 15.46273239049 15.48995868175 0.88052880510874 0.90008512108384 99.969894583526 99.968565649322
7 7 2 3.4084145806941 0.05265740518121 0.05265740518121 0.052275350270998 0.052284944510753 2194.8716376398 2194.8710069253 0.60483244245895 0.60461364746555 0.0 0.0 0.0 0.0 - -
8 10 2 3.5085816801584 0.051874859602608 0.051874859602608 0.051498445565523 0.051500302003814 2194.8714683057 2194.8693865283 0.60544898238279 0.60558048810747 12092.367300951 0.0 0.627289856 0.0 2.7388989789739 0.0 0.00014208 0.0 12095.10619993 0.0 0.627431936 0.0
9 19 2 3.6088044338221 0.052116077920549 0.052116077920549 0.051743913899788 0.051754743198635 2194.8757423638 2194.8695158266 0.60228792409373 0.60237854533147 0.874755859375 0.0 16.784759987284 0.0 0.106201171875 0.0 2.0377813548614 0.0 0.0 0.0 0.0 0.0 0.0 0.0 0.0 0.0 12146.752274127 0.0 0.633041088 0.0 2.1932579073632 0.0 0.000114304 0.0 12148.945532034 0.0 0.633155392 0.0 0.0 0.0
10 9 2 3.7090156530212 0.05160472813012 0.05160472813012 0.051232382496347 0.051240778814833 2194.87384788 2194.8733425949 0.60374356809003 0.60394408471927 0.0 0.0 0.0 0.0 0.0 0.0 0.0 0.0 - -
11 7 2 3.8092251874312 0.052285898319289 0.052285898319289 0.05191109026663 0.051912280941494 2194.8743289803 2194.8738856851 0.60572255359382 0.6058435812531 151394114.0 151367262.0 227084517.0 227044446.0 227079124.0 227038969.0
12 10 2 3.9094568034477 0.05172775305924 0.05172775305924 0.051357544661937 0.051362890696967 2194.875322648 2194.8754484433 0.60327691171782 0.60342897097722 146.0 152.0 7.7672611485401e-07 8.0876600186101e-07 148.66438356164 176.71052631579 0.0 0.0 0.0 0.0 - -
13 9 2 4.0096564954286 0.051916301790793 0.051916301790793 0.051540487846593 0.051551912709322 2194.8733068193 2194.8765418171 0.0 0.0 0.6042784646514 0.60414871566646 0.88092041015625 0.0 16.968088630544 0.0 0.1058349609375 0.0 2.0385689520795 0.0
14 10 2 4.1098702046735 0.05195116786676 0.05195116786676 0.051581713095538 0.051581696791128 2194.8738630202 2194.8766941461 0.6006031122965 0.60063119145749 5852.8526015014 5852.5667946445 0.304062528 0.30404768 1.4820071070868 1.2725796688451 7.6992e-05 6.6112e-05 5854.3395363129 5853.8886513576 0.304139776 0.304116352
15 19 2 4.2101044321131 0.051901983801008 0.051901983801008 0.051532166709555 0.051543338401022 2194.8752471692 2194.8694652362 0.60400302850361 0.60401866963209 0.88153076171875 0.0 16.984529244557 0.0 0.1058349609375 0.0 2.039131323829 0.0 0.0 0.0 0.0 0.0 0.0 0.0 0.0 0.0 12123.932110429 0.0 0.629256128 0.0 5.1654287633374 0.0 0.000268096 0.0 12129.097539192 0.0 0.629524224 0.0 0.0 0.0
16 13 2 4.3102760370296 0.051730928796077 0.051730928796077 0.051342879297629 0.05136685538611 2194.8734268376 2194.8678750103 0.60308035254881 0.60299204740624 211.0 211.0 1.0164184570312 0.0 19.64817722562 0.0 0.37969970703125 0.0 7.3398973470595 0.0 0.0 0.0 0.0 0.0 0.107421875 0.0 2.0765502862602 0.0
17 9 2 4.4104554798385 0.051492811033525 0.051492811033525 0.051120011140762 0.05112543326304 2194.8738119253 2194.8754267996 0.60174787947843 0.6017372088298 0.200020094417 0.20002037764736 1.0662430753043e-08 0.0 5.3306797920086e-08 0.0 0.0 0.0 0.0 0.0
18 8 2 4.5106173917829 0.051582444530025 0.051582444530025 0.051201780476616 0.05121299474071 2194.8705896721 2194.8754717048 0.60417408458644 0.6042106392566 0.20000006412995 0.20000006411978 0.0 0.0 0.0 0.0 4.9999983967519 4.9999983970059
19 5 2 4.6107691225288 0.051730139843771 0.051730139843771 0.051356309602845 0.051354701806813 2194.8756440507 2194.868886102 0.60399021546288 0.60404429043716 6.5964912280702 6.9521739130435
20 6 2 4.7109117400151 0.052129416739906 0.052129416739906 0.051747280760548 0.051756744112119 2194.8657061012 2194.873571262 0.6034305193417 0.60366101063466 0.0 0.0 - -
21 7 2 4.8110890079968 0.051951652470071 0.051951652470071 0.051573692684293 0.051584820897332 2194.8709729684 2194.8703960143 0.60454013349669 0.60444223262694 88.497559360992 88.514169945899 11.502440639008 11.485830054101 1.6886941871434 1.6871277312177
22 7 2 4.9112545657886 0.052270117461565 0.052270117461565 0.051895462489205 0.051892036298507 2194.8702881023 2194.8690270265 0.60259361273623 0.60272383812385 4.0983645711072e-05 4.2200693346827e-05 8.2168879072135e-06 8.236740708288e-06 0.20049187339607 0.19518022229147
23 9 2 5.0114202884361 0.052152615198588 0.052152615198588 0.051780167209344 0.051784304906399 2194.8744700882 2194.8707795898 0.60442374826172 0.60437711976294 0.0 0.0 0.0 0.0 0.0 0.0 0.0 0.0 - -
24 6 2 5.1115784476487 0.052311160191694 0.052311160191694 0.051928718051738 0.051937203138681 2194.8718667938 2194.8751199746 0.5995743247151 0.59973876560985 0.0 0.0 0.0 0.0
25 13 2 5.211756285379 0.052400798217197 0.052400798217197 0.052001884999474 0.052022103827144 2194.8744826946 2194.8660071343 0.60199118321424 0.60199778945334 1.6611538970731 1.6611356678038 459278884.0 459457456.0 152592098.0 152649773.0 23097459.0 21102498.0 6356.0 6212.0 5.0290705287465 4.5929166508074 0.0024220577926679 0.00237715154197 33.224279041751 33.223918995451 61.74422837171 62.1807872022
26 7 2 5.3119407608159 0.051786853829753 0.051786853829753 0.051407540777909 0.051421841104582 2194.8719141646 2194.8723702905 0.60285507536243 0.60293313705102 33.178291772201 33.174035044473 66.821708227799 66.825964955527 2.2773147274369 2.2771735943211
27 12 2 5.4121275641603 0.051968797463469 0.051968797463469 0.051594345843342 0.051599974941053 2194.8756193388 2194.8701667237 0.60299844260876 0.60304383134777 13030283.0 13036184.0 50.815097415766 50.967905945482 2.4001474104592 2.6738959806029 99.825046010129 99.825316979263 11.438111792922 11.442043388097 5.8122876500974 5.8317699122866 0.27453154400323 0.30594833825317 11.418100359974 11.422056081073
1 7 2 5.5123136664151 0.051802186316189 0.051802186316189 0.051432191687822 0.051431640961069 2194.8668870433 2194.8716658342 0.60433823730031 0.60432247190665 33.943095657579 34.116248759352 66.056904342421 65.883751240648 2.9782722580333 2.9688131378213
2 10 2 5.6124714288871 0.052113386787023 0.052113386787023 0.051736489052425 0.051737810162573 2194.871770296 2194.8715876357 0.60551140829633 0.60543768324249 5807.986674076 5808.5958073901 0.302673856 0.3027056 5780.2526869163 5780.5744468524 0.301228544 0.301245312 11588.239360992 11589.170254242 0.6039024 0.603950912
3 5 2 5.7126236170623 0.051562896447685 0.051562896447685 0.051182793084836 0.051196850656954 2194.8716202136 2194.8687740191 0.60301391775933 0.60308246788638 inf inf
4 6 2 5.812780917576 0.051801910047011 0.051801910047011 0.051427159512694 0.051422873264345 2194.8695494002 2194.870460625 0.60535051234687 0.6054189423767 0.0 0.0 0.0 0.0
5 7 2 5.9129364798583 0.051812091245543 0.051812091245543 0.051437803122422 0.051435106554092 2194.8695013756 2194.8693170221 0.60479810196007 0.60489410152842 0.11379823212234 0.11294684366061 0.03813432346902 0.038134525192506 0.33510470907864 0.33763250000236
6 8 2 6.0131164127054 0.052117599665526 0.052117599665526 0.051739970949859 0.051747069256112 2194.8701269679 2194.876059971 0.60388709329034 0.60395472926331 11.487972002308 11.472383026734 15.30842181343 15.340178889555 0.87429150147884 0.90256368335654 99.968867683075 99.968985732089
7 7 2 6.1132698862116 0.052125345166294 0.052125345166294 0.051749025332467 0.051749461475447 2194.8711870555 2194.868604598 0.60620828360512 0.60633862987911 0.0 0.0 0.0 0.0 - -
8 10 2 6.2133911304273 0.052036875623541 0.052036875623541 0.051657658133656 0.051666492859624 2194.8713413527 2194.8665906876 0.60483322852833 0.60481397859872 12224.021837934 0.0 0.636099904 0.0 73.815961353804 0.0 0.003841152 0.0 12297.837799287 0.0 0.639941056 0.0
9 19 2 6.3135760478949 0.052209081901011 0.052209081901011 0.051819488918369 0.051844078233842 2194.8698337607 2194.8657469579 0.6042389942647 0.60421151016498 0.892822265625 0.0 17.100899558391 0.0 0.1058349609375 0.0 2.027136986208 0.0 0.0 0.0 0.0 0.0 0.0 0.0 0.0 0.0 12125.22099508 0.0 0.633046656 0.0 2.2359328252761 0.0 0.000116736 0.0 12127.456927905 0.0 0.633163392 0.0 0.0 0.0
10 9 2 6.4137426328646 0.052095045231057 0.052095045231057 0.051718384816212 0.051723084109626 2194.8733572202 2194.8741598945 0.60335149439634 0.60343167635192 0.0 0.0 0.0 0.0 0.0 0.0 0.0 0.0 - -
11 7 2 6.5139517333961 0.052421142498248 0.052421142498248 0.052047544595164 0.052052992985659 2194.8664043095 2194.8690987962 0.60205683174092 0.60189111609231 152713716.0 152772049.0 229065299.0 229152704.0 229061274.0 229148335.0
12 10 2 6.6141770169608 0.052456414372874 0.052456414372874 0.052079195079067 0.052091999023181 2194.8666680538 2194.8721322537 0.60121374671898 0.60122340474856 127.0 131.0 6.6400440288249e-07 6.847605780638e-07 160.49606299213 167.06870229008 0.0 1.0 0.0 5.2271799852198e-09 - 21.0
13 9 2 6.7143705368165 0.052570549775092 0.052570549775092 0.052184994398536 0.052196118535472 2194.8707752334 2194.8735170749 0.0 0.0 0.60204275239336 0.60218457057454 0.87664794921875 0.0 16.675647353304 0.0 0.10650634765625 0.0 2.0259698274396 0.0
14 10 2 6.8145927134852 0.052239542162951 0.052239542162951 0.051860746323235 0.051872920283044 2194.8699976836 2194.868105997 0.60469912560874 0.6046500050556 5812.9526298828 5814.7596901305 0.303665984 0.303760384 1.3010833783341 1.3476381508169 6.7968e-05 7.04e-05 5814.2549383867 5816.1085534069 0.303734016 0.303830848
15 19 2 6.9148250505191 0.051999519501777 0.051999519501777 0.051628074233779 0.051634473714884 2194.874413942 2194.8717814759 0.60369226746372 0.60374031990953 0.878173828125 0.0 16.888114285267 0.0 0.10589599609375 0.0 2.0364802811328 0.0 0.0 0.0 0.0 0.0 0.0 0.0 0.0 0.0 12143.187899619 0.0 0.631439936 0.0 2.4874075999025 0.0 0.000129344 0.0 12145.675307219 0.0 0.63156928 0.0 0.0 0.0
16 13 2 7.0150328548499 0.051532270424238 0.051532270424238 0.051156486371461 0.05117600320368 2194.8713844688 2194.8664142615 0.60287475382153 0.60288264795691 211.0 211.0 0.8780517578125 0.0 17.03887196477 0.0 0.23822021484375 0.0 4.6227385846307 0.0 0.0 0.0 0.0 0.0 0.106201171875 0.0 2.0608673167454 0.0
17 9 2 7.1152463186229 0.051917814477764 0.051917814477764 0.051540910402564 0.05155139504429 2194.8701352872 2194.8721363667 0.60045716929792 0.60039873317999 0.20001887029261 0.20001881820085 1.6884279260217e-07 3.1648504618443e-08 8.4413431770298e-07 1.5822763529511e-07 1204.0 650.0 6.3527100716567e-06 3.4285880003313e-06
18 8 2 7.2154435051593 0.051822161030602 0.051822161030602 0.05145025606881 0.051451903720067 2194.8671272329 2194.866738398 0.6036967616312 0.60379422844207 0.20000005101585 0.20000005208542 1.5942453524573e-08 1.5944516823102e-08 7.9712247289923e-08 7.9722563353594e-08 4.999998724604 4.9999986978648
19 5 2 7.3156424154343 0.051778003252275 0.051778003252275 0.051399023535045 0.05141373101908 2194.8707912118 2194.8691791982 0.60546229720719 0.60546998300764 6.2764227642276 6.6882591093117
20 6 2 7.4158485974764 0.051619406628536 0.051619406628536 0.051242346755639 0.051254440099197 2194.8713118362 2194.8765869734 0.60490573725453 0.60473231511347 0.0 0.0 - -
21 7 2 7.5160795767151 0.05125319235941 0.05125319235941 0.050886407888309 0.050889002554073 2194.8720903934 2194.862522205 0.60149789397389 0.60146284561 88.588174541207 88.588874760211 11.411825458793 11.411125239789 1.7080349446312 1.7075502403814
22 7 2 7.6162977560859 0.052176915110776 0.052176915110776 0.051802674089282 0.051809928193236 2194.8716467147 2194.8648710294 0.59962988354831 0.59956346958675 2.5905783148054e-05 2.3431648161517e-05 6.6358995955976e-06 5.9354352006527e-06 0.25615514333895 0.25330848089469
23 9 2 7.7165109535534 0.052117245497498 0.052117245497498 0.051739784807839 0.051751909854418 2194.8710158668 2194.8652884027 0.60574814186511 0.60569489795144 0.0 0.0 0.0 0.0 0.0 0.0 0.0 0.0 - -
24 6 2 7.8167083420834 0.052443489504383 0.052443489504383 0.052065071836407 0.052067243946201 2194.8684430942 2194.8727070585 0.60442088652487 0.60432244019196 0.0 0.0 0.0 0.0
25 13 2 7.9169334571692 0.05156022433597 0.05156022433597 0.05119605038214 0.051200293604962 2194.8717548226 2194.8743217434 0.602971523075 0.60283255405877 1.658453113839 1.6588354316089 452161780.0 452199256.0 149983116.0 150030124.0 22398733.0 20456952.0 5804.0 5696.0 4.9536988730007 4.5238800658266 0.0022399062565615 0.0022459125850486 33.170233008195 33.177879443481 61.873828212548 62.295994578107
26 7 2 8.0171639889425 0.051783073018127 0.051783073018127 0.051409606456134 0.051421344725864 2194.87345691 2194.8670943209 0.60442687083142 0.60440248573839 33.09249883107 33.093783940486 66.90750116893 66.906216059514 2.2870089905729 2.286984371542
27 12 2 8.1173986547896 0.051678437652404 0.051678437652404 0.051311847928423 0.051309740583371 2194.8730704668 2194.8750577549 0.60331646147916 0.60340799919852 12902771.0 12908380.0 49.905055278436 49.880527223401 2.5207298494254 2.4459692076 99.822596246961 99.821457068974 11.388536898327 11.393955583877 5.6834556345153 5.6833651168377 0.28707424900896 0.27869264510925 11.368333206453 11.373612481617
1 7 2 8.217627505397 0.051817752499174 0.051817752499174 0.051450936325047 0.051456067232438 2194.8767105218 2194.8764933824 0.60256829154858 0.60265346246747 34.064031154184 34.107675988007 65.935968845816 65.892324011993 2.9358752995778 2.9334590415375
2 10 2 8.3178335062789 0.05226451327337 0.05226451327337 0.051873286226479 0.051895914030794 2194.8678170414 2194.8666124377 0.59985382697995 0.60008579152686 5861.6010905452 5861.5263935901 0.306353728 0.306349824 5834.2987411951 5833.9913815931 0.304926784 0.30491072 11695.89983174 11695.517775183 0.611280512 0.611260544
3 5 2 8.4180460850846 0.051082181738707 0.051082181738707 0.050713273165245 0.050715703881104 2194.8684076141 2194.8732219297 0.60755490387674 0.60762560781841 10531625.428571 10530905.142857
4 6 2 8.5182712146632 0.051995770393172 0.051995770393172 0.051621637161949 0.051620292048086 2194.8684044367 2194.8710890486 0.60514623533925 0.60508318181413 0.0 0.0 0.0 0.0
5 7 2 8.6184246202344 0.051978117245648 0.051978117245648 0.051601017517522 0.05159933136974 2194.8687067771 2194.8692188728 0.60450500738628 0.60464119780798 0.11348780965721 0.11241655088945 0.038336360431661 0.038349206399076 0.33780157135341 0.34113487823325
6 8 2 8.7186506746354 0.052060997093015 0.052060997093015 0.051687684970018 0.051693058179065 2194.8730105674 2194.8725309488 0.60342579771856 0.60363832744776 11.525341690415 11.527043697009 15.504698010453 15.508242429062 0.89268726478294 0.91080841782927 99.968580332767 99.969949491069
7 7 2 8.8188418991925 0.051881192960271 0.051881192960271 0.051501486790974 0.051512144440611 2194.8722192704 2194.8762986469 0.60494329700241 0.60510250842826 0.0 0.0 0.0 0.0 - -
8 10 2 8.9190243248027 0.052105273531218 0.052105273531218 0.051724224512558 0.051728142100071 2194.8698241597 2194.8673353171 0.60591037633423 0.60575049534684 12248.028591917 0.0 0.63818688 0.0 196.7696416344 0.0 0.010252736 0.0 12444.798233551 0.0 0.648439616 0.0
9 19 2 9.019257086657 0.051572661883749 0.051572661883749 0.051202342978777 0.051214686776196 2194.873396216 2194.8698826328 0.6032771059917 0.60334858975951 0.85589599609375 0.0 16.595924368283 0.0 0.1038818359375 0.0 2.0142810578919 0.0 0.0 0.0 0.0 0.0 0.0 0.0 0.0 0.0 12147.141394643 0.0 0.626460416 0.0 2.7748034476594 0.0 0.000143104 0.0 12149.91619809 0.0 0.62660352 0.0 0.0 0.0
10 9 2 9.1194675060341 0.052130714752139 0.052130714752139 0.051752294819664 0.051762422575961 2194.8728320532 2194.8737418323 0.60363593618724 0.60367955160535 0.0 0.0 0.0 0.0 0.0 0.0 0.0 0.0 - -
11 7 2 9.2196855776146 0.052104640376612 0.052104640376612 0.0517302141189 0.051731993111241 2194.870895087 2194.8620221856 0.60422289317264 0.60432662829456 151239939.0 151219145.0 226853808.0 226822702.0 226849111.0 226817944.0
12 10 2 9.3199175568572 0.051242601739016 0.051242601739016 0.050871239804678 0.05087961302525 2194.8681436 2194.8684260231 0.60358873149801 0.60348623624044 138.0 131.0 7.4156715623569e-07 7.0371606399787e-07 162.4347826087 168.97709923664 0.0 0.0 0.0 0.0 - -
13 9 2 9.4201173131499 0.051811581279815 0.051811581279815 0.051428871928693 0.051448053614697 2194.8701566482 2194.8721194741 0.0 0.0 0.60431066536771 0.60428244012747 0.87677001953125 0.0 16.922278723673 0.0 0.1058349609375 0.0 2.0426892660528 0.0
14 10 2 9.5203342488565 0.051421633223865 0.051421633223865 0.05105440989238 0.051053215141413 2194.870547127 2194.8743839348 0.60214504211594 0.60218938141669 5838.3520938162 5837.9500840257 0.3002176 0.300196928 1.425081145925 1.298130685764 7.328e-05 6.6752e-05 5839.7821534116 5839.299243818 0.300291136 0.300266304
15 19 2 9.6205622552577 0.051838031562583 0.051838031562583 0.051467845810294 0.051477329995278 2194.8736211326 2194.8682876855 0.60336340928825 0.60351858881619 0.85736083984375 0.0 16.539224465124 0.0 0.10394287109375 0.0 2.0051469540903 0.0 0.0 0.0 0.0 0.0 0.0 0.0 0.0 0.0 12127.624700429 0.0 0.628672192 0.0 2.3791026835405 0.0 0.000123328 0.0 12130.003803112 0.0 0.62879552 0.0 0.0 0.0
16 13 2 9.7207723648511 0.051654875061889 0.051654875061889 0.051274993620182 0.05129630122015 2194.8752219352 2194.8706785507 0.60386618581783 0.60379941816005 210.0 210.0 0.87518310546875 0.0 16.942894633279 0.0 0.2384033203125 0.0 4.6153111400785 0.0 0.0 0.0 0.0 0.0 0.1058349609375 0.0 2.0488862050425 0.0
17 9 2 9.8209910596224 0.051778554884829 0.051778554884829 0.051405300280172 0.051408607358093 2194.8735179175 2194.8697051673 0.60486745822147 0.60497619005324 0.20002206465895 0.20002165788256 1.6520249912159e-07 2.1318911856943e-08 8.2592137724041e-07 1.0658301747234e-07 685.0 613.0 3.6504423192996e-06 3.2671232420765e-06
18 8 2 9.9211956157524 0.051375845004492 0.051375845004492 0.051003162865806 0.051010671952622 2194.8754017466 2194.8741441208 0.60398900892767 0.60393970639238 0.20000006435996 0.20000006541765 0.0 0.0 0.0 0.0 4.9999983910015 4.9999983645592
19 5 2 10.021393239791 0.051787736985319 0.051787736985319 0.051410474665991 0.051420868727659 2194.8716204998 2194.8715279544 0.60293040581769 0.60279447128546 6.3409090909091 6.4318181818182
20 6 2 10.121583311263 0.05186875178929 0.05186875178929 0.051494305151067 0.051496493112371 2194.8732980828 2194.865927208 0.60401401320721 0.60395553576952 0.0 0.0 - -
21 7 2 10.221803568541 0.051996428910195 0.051996428910195 0.05162876218932 0.051632158941499 2194.8684438946 2194.8737421815 0.60356613134923 0.60357711477297 88.465100432718 88.480243070711 11.534899567282 11.519756929289 1.7022587766084 1.6981870666655
22 7 2 10.322015082125 0.052218257660897 0.052218257660897 0.051826232603695 0.051851976362009 2194.8765264894 2194.8669530603 0.60542234913362 0.60533777454977 4.2509617382097e-05 4.7721294948246e-05 7.7109853558689e-06 8.94856892622e-06 0.18139390168015 0.18751731142092
23 9 2 10.422251173702 0.051882836082525 0.051882836082525 0.051515005864647 0.051526745493077 2194.8640942801 2194.870154957 0.60388682230804 0.60371566643793 0.0 0.0 0.0 0.0 0.0 0.0 0.0 0.0 - -
24 6 2 10.522453526925 0.051553110178207 0.051553110178207 0.05117271378887 0.051185624164552 2194.872778246 2194.8686928755 0.60168560703124 0.6017046411625 0.0 0.0 0.0 0.0
25 13 2 10.622668413711 0.052068123026186 0.052068123026186 0.051694971682792 0.051696296416142 2194.8693626959 2194.8763679424 0.60560027426077 0.60556263243485 1.651254205954 1.6513568480591 456568236.0 456579936.0 150787372.0 150800605.0 22754025.0 20883922.0 5832.0 5948.0 4.9837074079766 4.5739903034197 0.0021935384922397 0.0022946693829314 33.026251085938 33.028303065862 61.987847967593 62.395411961335
26 7 2 10.722896540584 0.052334393976599 0.052334393976599 0.051960864008559 0.051968273910212 2194.8720619996 2194.8701376361 0.60337354214431 0.60338992630241 33.149766205444 33.148912461131 66.850233794556 66.851087538869 2.2802082231768 2.2804685488417
27 12 2 10.823118619426 0.051900044481964 0.051900044481964 0.051520568386015 0.051535696614419 2194.8716790435 2194.8668216055 0.60283765809832 0.60294091434086 13065309.0 13059957.0 50.999827099382 50.888812267912 2.2673325215653 2.4731092146781 99.821955990478 99.817572140551 11.485281368849 11.477206496039 5.8574736399907 5.8406140673701 0.2604095196692 0.28384385144119 11.464832513395 11.456268873904
1 7 2 10.923349512613 0.05188937505692 0.05188937505692 0.051520558422208 0.051520975996276 2194.8694900321 2194.8731631565 0.60324707273896 0.60333616863132 33.979536161288 34.242657022839 66.020463838712 65.757342977161 2.9731941752166 2.9601436048881
2 10 2 11.023551423806 0.051652661285269 0.051652661285269 0.051280302970287 0.051287637237592 2194.8755505826 2194.8703633782 0.6039873141751 0.60400676185747 5822.893313065 5823.3257399612 0.300767936 0.300790272 5792.9889487677 5793.50315267 0.299223296 0.299249856 11615.882261833 11616.828892631 0.599991232 0.600040128
3 5 2 11.123743269742 0.052062607606448 0.052062607606448 0.051682809498391 0.051694883820136 2194.8770382785 2194.8761837275 0.60236103565373 0.60234814309456 inf inf
4 6 2 11.223935158251 0.052223591014719 0.052223591014719 0.051848110858029 0.05184889075233 2194.8769009469 2194.8748481537 0.60069749112139 0.60059751530219 0.0 0.0 0.0 0.0
5 7 2 11.324127455276 0.052086146646148 0.052086146646148 0.051698535555179 0.051717366696359 2194.8764738734 2194.877609718 0.60052072518539 0.6005531642757 0.11462197078137 0.11373551618494 0.037629162672618 0.037644935576863 0.32828926615117 0.33098663319602
6 8 2 11.424352109309 0.052363594269931 0.052363594269931 0.051985915282329 0.051998298934973 2194.8734994586 2194.8734694308 0.60298065849475 0.60291253381017 11.537969512598 11.531925859574 15.403551142724 15.449965540564 0.82593845891683 0.83155213580262 99.968473084249 99.968861215427
7 7 2 11.524555305832 0.052162807266726 0.052162807266726 0.05178796977555 0.051785776379443 2194.8698708385 2194.8734590605 0.60569731166824 0.60565454286612 0.0 0.0 0.0 0.0 - -
8 10 2 11.624723947875 0.052452502220165 0.052452502220165 0.05207118780193 0.052080838201321 2194.8800710492 2194.8730752647 0.6028571570445 0.60290768483464 12122.86295382 0.0 0.635874496 0.0 2.2987654524829 0.0 0.000120576 0.0 12125.161719273 0.0 0.635995072 0.0
9 19 2 11.724951053005 0.052062863948013 0.052062863948013 0.051687077630728 0.051702833126035 2194.8718440843 2194.8725310231 0.60449822508945 0.60434719597615 0.87652587890625 0.0 16.83591359441 0.0 0.10577392578125 0.0 2.0316578413141 0.0 0.0 0.0 0.0 0.0 0.0 0.0 0.0 0.0 12097.404718821 0.0 0.629825536 0.0 2.0824056108066 0.0 0.000108416 0.0 12099.487124431 0.0 0.629933952 0.0 0.0 0.0
10 9 2 11.825157977803 0.052370871471799 0.052370871471799 0.051996687062839 0.051997345126961 2194.8753646977 2194.8681752031 0.6050382172773 0.60498603393353 0.0 0.0 0.0 0.0 0.0 0.0 0.0 0.0 - -
11 7 2 11.92537609558 0.051975696040695 0.051975696040695 0.051598331818799 0.051611502612148 2194.8654615922 2194.876009365 0.60523626226315 0.60513270737224 150600576.0 150664868.0 225895690.0 225991895.0 225891449.0 225987777.0
12 10 2 12.025612828464 0.051968148004453 0.051968148004453 0.051589762039502 0.051601302844705 2194.8726795737 2194.8720343592 0.60194737763848 0.60184212270315 139.0 119.0 7.3453484315438e-07 6.2859579907209e-07 196.44604316547 155.42857142857 1.0 0.0 5.2844233320459e-09 0.0 428.0 -
13 9 2 12.125816319372 0.052199951431154 0.052199951431154 0.051816383381077 0.051825815935427 2194.8698720251 2194.8729133772 0.0 0.0 0.60421919305785 0.60401057857863 0.893798828125 0.0 17.122598845783 0.0 0.10784912109375 0.0 2.0660770390944 0.0
14 10 2 12.226028071182 0.052150133304996 0.052150133304996 0.051777435314792 0.05178510201091 2194.8710339314 2194.8694538118 0.60425300493731 0.60436281186157 5817.9152529786 5817.7385324332 0.303405056 0.30339584 1.3119046043444 1.3315402204993 6.8416e-05 6.944e-05 5819.2332937129 5819.1289795021 0.303473792 0.303468352
15 19 2 12.326256802224 0.052269145537542 0.052269145537542 0.051876449282108 0.051902603820986 2194.8754698181 2194.8727681275 0.60387506687924 0.60404544621675 0.88232421875 0.0 16.880402571652 0.0 0.10577392578125 0.0 2.0236398489675 0.0 0.0 0.0 0.0 0.0 0.0 0.0 0.0 0.0 12118.309750158 0.0 0.633413696 0.0 2.877414552185 0.0 0.0001504 0.0 12121.18716471 0.0 0.633564096 0.0 0.0 0.0
16 13 2 12.426460261429 0.051948468581028 0.051948468581028 0.051572322660915 0.051588532415213 2194.8726000223 2194.8697062704 0.60267644254595 0.60272631127252 210.0 210.0 0.87908935546875 0.0 16.922334372525 0.0 0.241455078125 0.0 4.6479729763041 0.0 0.0 0.0 0.0 0.0 0.10614013671875 0.0 2.0431812451448 0.0
17 9 2 12.526689933598 0.052389618826425 0.052389618826425 0.052011381412765 0.052021098388499 2194.8749635394 2194.8795074981 0.60553170244475 0.60544099763176 0.20001848642818 0.20001839059909 1.5818392619834e-08 3.6897160681785e-08 7.908465313537e-08 1.8446884094643e-07 0.0 0.0 0.0 0.0
18 8 2 12.626894635562 0.052242001411529 0.052242001411529 0.051869259489996 0.051869154417128 2194.8691856158 2194.8717501039 0.60304028292284 0.60305487472142 0.20000005054871 0.20000005055004 1.5796473018266e-08 1.0531258164358e-08 7.8982345129048e-08 5.2656277512905e-08 4.9999987362825 4.9999987362493
19 5 2 12.727090507782 0.052595109652047 0.052595109652047 0.052220047522322 0.052224856870507 2194.8765215865 2194.8697563687 0.60261407521455 0.60262005111942 6.25 6.2321428571429
20 6 2 12.827283110061 0.051893223803589 0.051893223803589 0.051518576077637 0.051528319774487 2194.8697361576 2194.8772270162 0.60545481287926 0.60552318290664 0.0 0.0 - -
21 7 2 12.927504123682 0.051715481272967 0.051715481272967 0.051350364833631 0.051351013386847 2194.8747119636 2194.8758772854 0.60282187161712 0.6026872120634 88.548647892767 88.585685306464 11.451352107233 11.414314693536 1.7126285756496 1.7049440933238
22 7 2 13.027719343802 0.051574077650057 0.051574077650057 0.051208190374428 0.051214097552918 2194.8754834595 2194.8765821275 0.60309453642107 0.60318831780666 4.0194780805277e-05 4.0929824988282e-05 8.1118517051455e-06 8.3833242754019e-06 0.20181355744775 0.20482189400521
23 9 2 13.127930995068 0.052041709881242 0.052041709881242 0.051666220666549 0.051678935842206 2194.8743825962 2194.8743593344 0.60542255534747 0.60531886176875 0.0 0.0 0.0 0.0 0.0 0.0 0.0 0.0 - -
24 6 2 13.22812741258 0.052007077501826 0.052007077501826 0.051636327435773 0.0516344990773 2194.8748714089 2194.8728595783 0.60207451045994 0.60211729361696 0.0 0.0 0.0 0.0
25 13 2 13.328350022221 0.051825756153109 0.051825756153109 0.051461237542155 0.05146556364573 2194.8779568386 2194.8752125272 0.60330209981786 0.60344432001825 1.6575443717201 1.6571537204456 454503904.0 454542112.0 150677443.0 150654601.0 22727093.0 20828813.0 5804.0 6088.0 5.0004175541691 4.5823725569348 0.0022483855276191 0.0023370771859308 33.152067930312 33.144255949601 61.845266129991 62.271034416279
26 7 2 13.42858816272 0.052161312695767 0.052161312695767 0.051788092964429 0.051799301793719 2194.8715809628 2194.8744221913 0.60444429591897 0.60431946816446 33.091733307727 33.098544501363 66.908266692273 66.901455498637 2.2877491474396 2.2875159952668
27 12 2 13.52882160483 0.051669169500859 0.051669169500859 0.051300061651262 0.05130046337382 2194.8738497817 2194.8715441362 0.60259633402465 0.60254898178595 13006082.0 12994967.0 51.263308965759 51.206586365321 2.6929862505865 2.8800073136007 99.81117295739 99.810811370279 11.482361086621 11.472458419803 5.8862382403985 5.874654328962 0.30921840530539 0.33040764154013 11.460679283759 11.450753832923
1 7 2 13.629053679182 0.052428448685734 0.052428448685734 0.052055655133566 0.052059625710414 2194.8765616717 2194.8745759539 0.60429914871847 0.60423194130985 34.12943945779 34.068919392321 65.87056054221 65.931080607679 2.9742061640889 2.9786187853816
2 10 2 13.72925201065 0.051854575104396 0.051854575104396 0.051477553275121 0.051488080489474 2194.8760417762 2194.8692650228 0.60291820641898 0.60290471478108 5832.9945890225 5833.8178143582 0.302467456 0.302510144 5805.9071430802 5806.8056558904 0.301062848 0.30110944 11638.901732103 11640.623470249 0.603530304 0.603619584
3 5 2 13.829446996091 0.052216318341853 0.052216318341853 0.051842674242942 0.051839892076457 2194.8764487299 2194.8761493407 0.60262673930353 0.60257220883896 10854211.571429 10854611.714286
4 6 2 13.929641049463 0.051868484578119 0.051868484578119 0.051495589123391 0.051503013970754 2194.8768278059 2194.8719920143 0.60345313911526 0.60325487843213 0.0 0.0 0.0 0.0
5 7 2 14.029834276746 0.051820647437831 0.051820647437831 0.051443085751411 0.051454840325551 2194.8757582699 2194.8718615565 0.60334304917698 0.60348582521688 0.11326735177481 0.11237683367583 0.038394459696742 0.038412933459938 0.33897199056154 0.34182252874954
6 8 2 14.130072323946 0.051737061971811 0.051737061971811 0.05137449490821 0.051379655707021 2194.8757390967 2194.869721143 0.60291987378394 0.60294741485156 11.471166047626 11.455641336672 15.377663623156 15.295340391667 0.85902211240961 0.82981179989282 99.966163718043 99.968606165952
7 7 2 14.230281351108 0.051627143977099 0.051627143977099 0.051254061474554 0.051263632163493 2194.8745627119 2194.8800040982 0.60253748077161 0.60255153836484 0.0 0.0 0.0 0.0 - -
8 10 2 14.330460793917 0.052144541798009 0.052144541798009 0.05175730797298 0.051768814810662 2194.8711359002 2194.8725651277 0.60306710674992 0.60322984814776 12139.277365827 0.0 0.632997056 0.0 2.2681568563427 0.0 0.000118272 0.0 12141.545522684 0.0 0.633115328 0.0
9 19 2 14.430677349187 0.051902480179727 0.051902480179727 0.051533051676723 0.051530957465779 2194.8741288137 2194.8749028547 0.602406934199 0.60243167609454 0.88592529296875 0.0 17.069035812951 0.0 0.10650634765625 0.0 2.0520473643541 0.0 0.0 0.0 0.0 0.0 0.0 0.0 0.0 0.0 12172.619069691 0.0 0.63178912 0.0 3.0333810533682 0.0 0.00015744 0.0 12175.652450744 0.0 0.63194656 0.0 0.0 0.0
10 9 2 14.530880121796 0.052002832014502 0.052002832014502 0.051626425223821 0.051639277175365 2194.8729830113 2194.8770131161 0.60275321403766 0.60264408007753 0.0 0.0 0.0 0.0 0.0 0.0 0.0 0.0 - -
11 7 2 14.631094222347 0.051547038596912 0.051547038596912 0.017366528669616 0.017382439509722 2194.8637136128 2194.8696896244 0.58903733022921 0.64170420349814 52107764.0 48073637.0 78127331.0 71808783.0 78124158.0 71868385.0
