1 7 2 0.10067862497397 0.10069537956717 0.10069537956717 0.0014270638930252 2.0962036857126e-05 997.43316382764 997.13800976974 1.4181813026342 5.4044838860346 32.940276647165 10.945467116066 67.059723352835 89.054532883934 9.6066222937523 20.869873417722
2 10 2 0.20101694882492 0.0084507443433871 0.0084507443433871 0.0 1.0624587819361e-05 - 996.48467661004 - 2.9895501465528 0.0 7.5960172727544 0.0 6.4192e-05 0.0 0.9618087673378 0.0 8.128e-06 0.0 8.5578260400922 0.0 7.232e-05
3 5 2 0.30158172191328 0.0061230470168586 0.0061230470168586 0.0 0.0 - - - - - -
4 6 2 0.40212896232576 0.0046561654893444 0.0046561654893444 0.0 0.0 - - - - 0.0 0.0 0.0 0.0
5 7 2 0.50280692606531 0.0050320256254533 0.0050320256254533 0.0 0.0 - - - - - - - - - -
6 8 2 0.60338274720326 0.004527248328612 0.004527248328612 0.0 0.0 - - - - - - - - - - - -
7 7 2 0.70389508440227 0.0049745507675039 0.0049745507675039 0.0 0.0 - - - - 0.0 0.0 - - - -
8 10 2 0.80434439056261 0.0038433743309029 0.0038433743309029 0.0 0.0 - - - - 541.19110472161 0.0 0.00208 0.0 0.48290898575159 0.0 1.856e-06 0.0 541.67401370736 0.0 0.002081856 0.0
9 19 2 0.90492571081584 0.0010824941848124 0.0010824941848124 0.0 0.0 - - - - 0.01361083984375 0.0 12.573591650387 0.0 0.00067138671875 0.0 0.62022200966036 0.0 0.0 0.0 0.0 0.0 0.0 0.0 0.0 0.0 590.93158094965 0.0 0.00063968 0.0 1.0050862307298 0.0 1.088e-06 0.0 591.93666718038 0.0 0.000640768 0.0 0.0 0.0
10 9 2 1.0054056194485 0.0044499337207152 0.0044499337207152 0.0 0.0 - - - - 0.0 0.0 0.0 0.0 0.0 0.0 0.0 0.0 - -
11 7 2 1.1059480926326 0.0049432082560816 0.0049432082560816 0.00091867109319977 0.0 996.96591091282 - 0.43544271297895 - 4072140.0 0.0 5282769.0 0.0 5013071.0 0.0
12 10 2 1.2065353685246 0.0038431976997912 0.0038431976997912 0.00071803943661328 0.0 997.2756244574 - 0.43627077199777 - 0.0 0.0 0.0 - - - 4434.0 0.0 0.0012201299986049 - 29.927379341452 -
13 9 2 1.307048716597 0.0029745856752464 0.0029745856752464 0.00055549669411556 0.0 997.98803857678 - 0.0 0.0 0.43576869510843 - 0.03912353515625 0.0 13.152599866874 0.0 0.0025634765625 0.0 0.86179281499017 0.0
14 10 2 1.4075891490124 0.0038253796967224 0.0038253796967224 0.00071571288784189 0.0 997.25925292628 - 0.43583980124914 - 1.7734187290774 0.0 6.784e-06 0.0 1.4890025178103 0.0 5.696e-06 0.0 3.2791516122564 0.0 1.2544e-05 0.0
15 19 2 1.5082045608818 0.0026984523706087 0.0026984523706087 0.00051106944051821 0.0 996.84865313813 - 0.43719058854524 - 0.03985595703125 0.0 14.769931633909 0.0 0.00262451171875 0.0 0.972598867164 0.0 0.0 0.0 0.0 0.0 0.0 0.0 0.0 0.0 676.06158992108 0.0 0.00182432 0.0 945.5849685516 0.0 0.002551616 0.0 1621.6465584727 0.0 0.004375936 0.0 0.0 0.0
16 13 2 1.6087565648995 0.0031943401406278 0.0031943401406278 0.0005979819112847 0.0 997.92198014948 - 0.4354994638465 - 203.0 203.0 0.052001953125 0.0 16.279403831672 0.0 0.00384521484375 0.0 1.2037587340321 0.0 0.0 0.0 0.0 0.0 0.0032958984375 0.0 1.0317932005989 0.0
17 9 2 1.7093367836992 0.0022620104805855 0.0022620104805855 0.00042566920380811 0.0 997.91583578712 - 0.43779639645263 - 0.27664662625668 - 4.658032847516e-07 - 1.6837482931002e-06 - 26.0 0.0 1.2110885403542e-05 -
18 8 2 1.8098405357204 0.0027741093634572 0.0027741093634572 0.00052176875688483 0.0 998.13573645591 - 0.43731919308252 - 0.25018306077618 - 0.0 - 0.0 - 3.9970731707317 -
19 5 2 1.9103851076444 0.00076314785224508 0.00076314785224508 0.00015254360997392 0.0 996.61312050065 - 0.44437862327923 - 5.9634814363968 -
Running without Marker API. Activate Marker API with -m on commandline.
20 6 2 2.010894671282 0.00049046564779 0.00049046564779 0.00010182240109605 0.0 997.91590922827 - 0.4508995006117 - 0.0 0.0 - -
21 7 2 2.1114570186365 0.0008431264196267 0.0008431264196267 0.0 0.0 - - - - - - - - - -
22 7 2 2.2119980334816 0.000523365230397 0.000523365230397 0.0 0.0 - - - - - - - - - -
23 9 2 2.3124587137797 0.00012451496994822 0.00012451496994822 7.8935085121312e-05 0.0 997.35240088528 - 13.508603317315 - 0.0 0.0 0.0 0.0 0.0 0.0 0.0 0.0 - -
24 6 2 2.4129780075271 7.7775660388423e-05 7.7775660388423e-05 5.5279650260787e-05 0.0 997.73732064831 - 13.576974416018 - 0.0 0.0 0.0 -
25 13 2 2.5147186718974 8.3041984919056e-05 8.3041984919056e-05 5.7621597641916e-05 5.8766076665725e-05 997.21107047826 997.7917543658 0.54930337583165 0.54222279797077 1.8204876285094 1.8442603367886 508912.0 519020.0 185692.0 191839.0 36082.0 34425.0 332.0 284.0 7.0900273524696 6.6326923817965 0.094711855880781 0.084197140765288 36.48803722451 36.961774112751 56.327223567139 56.321336364687
26 7 2 2.6175965154446 8.0391612442855e-05 8.0391612442855e-05 5.5542785327202e-05 5.7500673265439e-05 997.72905762174 997.72505643831 0.55572271413165 0.55320456120017 36.12991079437 36.288309008278 63.87008920563 63.711690991722 2.1619928236268 2.1354012671595
27 12 2 2.7203770805393 7.9707733010343e-05 7.9707733010343e-05 5.4920500333648e-05 5.7277393424229e-05 997.3697211659 997.77132403282 0.55710531635335 0.54913982509922 13038.0 12376.0 41.095260009204 38.396897220427 7.2787237306335 2.3755656108597 93.541954287467 93.350032320621 10.751748251748 9.785874687668 4.418458899591 3.7574722459436 0.78259005145798 0.23246987380207 10.057395434754 9.1351171837935
1 7 2 2.8241707799516 7.8117147204393e-05 7.8117147204393e-05 5.4925029336512e-05 5.622938216143e-05 997.45196896584 997.55091414304 0.54297009666313 0.5343358352844 37.793756287415 38.422443094866 62.206243712585 61.577556905134 2.8001930143647 2.7181611320486
2 10 2 2.926425881076 7.7740334166081e-05 7.7740334166081e-05 5.097981494142e-05 5.2543226730176e-05 997.60031265286 997.61710109473 0.5646982687262 0.55785292858963 4130.2626679484 4299.8528831362 0.000321088 0.000334272 4041.3512929956 4238.9321262241 0.000314176 0.000329536 8171.613960944 8538.7850093604 0.000635264 0.000663808
3 5 2 3.030164405458 7.7697761539157e-05 7.7697761539157e-05 5.0935883613636e-05 5.2819043004612e-05 997.47733022388 997.84858222485 0.54973555835802 0.54948596413528 inf inf
4 6 2 3.1331569306041 7.5214962168936e-05 7.5214962168936e-05 4.927600406387e-05 5.1124290132791e-05 997.78906866096 997.8481095112 0.56111334591701 0.5475137264032 0.0 0.0 0.0 0.0
5 7 2 3.2359004955571 8.0662446814142e-05 8.0662446814142e-05 5.2369313020187e-05 5.4078558701174e-05 998.24941168165 997.80954643087 0.55970705545229 0.55742809525366 0.11410896840149 0.11190110500591 0.036584185254027 0.036670136830262 0.32060744888436 0.32770129328327
6 8 2 3.3394119656268 7.8661533348684e-05 7.8661533348684e-05 5.4494321164117e-05 5.6513350641022e-05 997.4925502292 997.91153711261 0.53727137958134 0.53615746867642 9.2625682537836 9.5327012926647 11.322024883023 11.767015811702 0.8876108474689 0.82063775735088 99.040914870806 99.07758392704
7 7 2 3.442617906446 8.1259369391659e-05 8.1259369391659e-05 5.2713970138161e-05 5.4425933220866e-05 997.64189088558 997.96434145406 0.55953119216218 0.55437049065377 0.0 0.0 0.0 0.0 - -
8 10 2 3.5464499927807 8.0010270401679e-05 8.0010270401679e-05 4.8391489804473e-05 5.0812241835441e-05 997.79851062998 997.26728914661 0.5655068751257 0.56159117415919 9680.3572355349 0.0 0.000774528 0.0 17.597740801666 0.0 1.408e-06 0.0 9697.9549763366 0.0 0.000775936 0.0
9 19 2 3.6494667988171 7.6272031437468e-05 7.6272031437468e-05 5.1510614077116e-05 5.8645605189534e-05 997.67161508244 997.98461459276 0.54389513753395 0.53542808941375 0.0 0.0 0.0 0.0 0.0 0.0 0.0 0.0 0.0 0.0 0.0 0.0 0.0 0.0 0.0 0.0 11650.089597109 0.0 0.000888576 0.0 12.58652722246 0.0 9.6e-07 0.0 11662.676124331 0.0 0.000889536 0.0 0.0 0.0
10 9 2 3.7534891866058 7.5656992848493e-05 7.5656992848493e-05 5.1092587112741e-05 5.3457632408479e-05 997.22932735226 997.8179441534 0.55123819948009 0.55009041254218 0.0 0.0 0.0 0.0 0.0 0.0 0.0 0.0 - -
11 7 2 3.8576842118314 7.9081824814493e-05 7.9081824814493e-05 5.2650111197774e-05 5.4843960185241e-05 997.50207631339 997.68927631528 0.53938021686378 0.54216139257508 172936.0 179219.0 259122.0 268544.0 259033.0 268428.0
12 10 2 3.9618135429648 7.9420594228745e-05 7.9420594228745e-05 5.5790068883593e-05 5.7745239420111e-05 997.43747292984 997.72164091764 0.55143763961197 0.55550908195764 3.0 4.0 1.3429608705968e-05 1.7427599217501e-05 26.666666666667 22.5 0.0 0.0 0.0 0.0 - -
13 9 2 4.0657540282657 7.8073668776895e-05 7.8073668776895e-05 4.6881520249515e-05 5.5988439209049e-05 998.12232984098 997.95379397162 0.0 0.0 0.55427402600184 0.54004158803383 0.0 0.0 0.0 0.0 0.0 0.0 0.0 0.0
14 10 2 4.1695018706181 7.6728554926192e-05 7.6728554926192e-05 5.2092138044892e-05 5.4731640914206e-05 997.99183686393 997.35793834834 0.55890899549059 0.55672672492825 4304.8380139276 4539.2227226882 0.000330304 0.000348288 15.848076393068 9.1752021223025 1.216e-06 7.04e-07 4320.6860903206 4548.3979248105 0.00033152 0.000348992
15 19 2 4.2739675101056 7.7088157753619e-05 7.7088157753619e-05 5.1841684186496e-05 5.8964899891467e-05 997.52123152852 997.65134897741 0.54654405164346 0.53880216524028 0.0 0.0 0.0 0.0 0.0 0.0 0.0 0.0 0.0 0.0 0.0 0.0 0.0 0.0 0.0 0.0 11285.157478798 0.0 0.000869952 0.0 17.434584496046 0.0 1.344e-06 0.0 11302.592063294 0.0 0.000871296 0.0 0.0 0.0
16 13 2 4.3797186445558 7.7645225105931e-05 7.7645225105931e-05 4.7785509221229e-05 6.0755667624012e-05 997.72667272885 997.37907723534 0.55458024094359 0.53174883164141 203.0 203.0 0.0145263671875 0.0 187.08641990131 0.0 0.00030517578125 0.0 3.9303869727166 0.0 0.0 0.0 0.0 0.0 0.0 0.0 0.0 0.0
17 9 2 4.4873918053938 7.6343589682725e-05 7.6343589682725e-05 5.2308171481519e-05 5.4312708149258e-05 998.16110078936 997.61420096942 0.55406786247128 0.55266905390646 0.2005459316578 0.20051431652587 0.0 0.0 0.0 0.0 0.0 0.0 0.0 0.0
18 8 2 4.5941480632613 7.733181810772e-05 7.733181810772e-05 5.0766046006225e-05 5.2742502856206e-05 997.83890581514 997.82552255802 0.54634029839107 0.54107988310017 0.2000077985251 0.20000743401153 0.0 0.0 0.0 0.0 4.9998050444742 4.9998141566195
19 5 2 4.7012335597094 7.7566420456091e-05 7.7566420456091e-05 5.1061789893264e-05 4.9775100179516e-05 997.36293034128 997.60283333049 0.54463858710092 0.55577581455092 5.0 6.6842105263158
20 6 2 4.8054272742417 7.5634347834172e-05 7.5634347834172e-05 4.9618849580698e-05 5.2348479607012e-05 997.4893486564 997.85229090143 0.54381201510947 0.53746216119447 0.0 0.0 - -
21 7 2 4.9131336689027 7.9208636894694e-05 7.9208636894694e-05 5.5580828951262e-05 5.7359821276359e-05 997.73601363752 997.89505941162 0.53402202717933 0.53490277566604 91.253401998012 91.001184366364 8.7465980019882 8.998815633636 1.588809946714 1.6335101046295
22 7 2 5.0206462657195 8.1205021357287e-05 8.1205021357287e-05 5.4680916082126e-05 5.6124762195265e-05 997.80609332594 997.69896068172 0.54064401724902 0.53616842688219 1.4904129188992e-05 2.8802569189172e-05 0.0 1.8001605743232e-05 0.0 0.625
23 9 2 5.1273530152451 7.8335445142453e-05 7.8335445142453e-05 5.2950384087677e-05 5.4925482236798e-05 997.48497919198 997.46019374583 0.54651353031642 0.5377166495963 0.0 0.0 0.0 0.0 0.0 0.0 0.0 0.0 - -
24 6 2 5.2280440650855 7.6024747881076e-05 7.6024747881076e-05 5.3330820328278e-05 5.5704470729458e-05 1096.6570311236 1097.3489543301 0.54620176541257 0.54393203668816 0.0 0.0 0.0 0.0
25 13 2 5.3284431907999 0.0032867961109007 0.0032867961109007 0.001649688840421 0.0016457472492282 1097.4508325658 1097.4463584907 0.57639284161828 0.57662927146561 1.7349278613392 1.7342165052744 14569996.0 14535184.0 5056256.0 5042294.0 768665.0 697116.0 580.0 696.0 5.2756706316186 4.796058997258 0.0063143462771026 0.0070312147407284 34.703207880085 34.690266046856 60.01480714202 60.506643741146
26 7 2 5.431745767859 7.9126209042564e-05 7.9126209042564e-05 5.8957653486885e-05 6.1253405038798e-05 1097.7723213173 1097.705634167 0.5489569320688 0.54580858139084 36.561477361766 36.774198318632 63.438522638234 63.225801681368 2.1241576212768 2.1240219578231
27 12 2 5.5369018791955 7.7477651999951e-05 7.7477651999951e-05 5.862839497865e-05 6.0616627236078e-05 1097.4256776182 1097.0531726615 0.54700995554654 0.54663116150086 12309.0 12867.0 38.670891217808 39.465298826455 3.2171581769437 7.4298593300692 91.347794296856 93.52607445403 9.508617160161 9.6136460426924 3.6770669983237 3.7940541388663 0.30590725448239 0.71428037746281 8.6859120439394 8.9912657556354
1 7 2 5.6427363681319 8.026027135979e-05 8.026027135979e-05 5.5819960302497e-05 5.7379295988676e-05 997.97188383721 997.5788540068 0.56338478838216 0.54896073002379 37.575659229209 38.601974852596 62.424340770791 61.398025147404 2.9278483902885 2.8073841489822
2 10 2 5.7430743269452 0.0013441346802843 0.0013441346802843 0.00068399311048119 0.00068655652610239 1097.429002359 1097.4217111884 0.5963605936711 0.59548442320059 3023.8874568287 3039.7906251001 0.004064512 0.004085888 3002.5562610634 3016.0787155217 0.00403584 0.004054016 6026.4437178921 6055.8693406218 0.008100352 0.008139904
3 5 2 5.8434695740215 0.0031028089927399 0.0031028089927399 0.0015562265257121 0.0015541336734886 1097.437273946 1097.4364422966 0.58444458769616 0.58424540965286 inf inf
4 6 2 5.9438492721252 0.0031849044160603 0.0031849044160603 0.0015968969714336 0.001600526514329 1097.4634688295 1097.4386801139 0.57818060950477 0.57840069409085 0.0 0.0 0.0 0.0
5 7 2 6.0442458235544 0.002814130350168 0.002814130350168 0.0014172708301317 0.001420329265766 1097.4419547127 1097.452852784 0.5904668566885 0.59067334774572 0.11349099635416 0.11257878124551 0.038039964964332 0.038156472709698 0.33518046529104 0.33893130026417
6 8 2 6.1446941777184 0.0035101683437702 0.0035101683437702 0.0017622526776103 0.00176010185415 1097.4413654407 1097.4561414111 0.57373302262706 0.57449138172015 8.4686892112878 8.5401758489459 11.606797053435 11.847082950578 0.46237007647572 0.5020984023323 99.935235807197 99.916012443745
7 7 2 6.2463094186007 7.9467695858534e-05 7.9467695858534e-05 5.6054562650868e-05 5.7578572114705e-05 1097.7164139131 1097.546872857 0.54749581973087 0.54473042628767 0.0 0.0 0.0 0.0 - -
8 10 2 6.3504763431752 8.0296503382705e-05 8.0296503382705e-05 5.2306359880374e-05 5.4881098008728e-05 1097.7415355485 1097.4478695714 0.56547753111566 0.56632176172583 10322.541643557 0.0 0.000828864 0.0 18.332056042145 0.0 1.472e-06 0.0 10340.873699599 0.0 0.000830336 0.0
9 19 2 6.4509778361297 0.0017409233386292 0.0017409233386292 0.00079690205768877 0.00081160727708886 997.66372518374 997.66552629703 0.59445081088824 0.58948809574327 0.02960205078125 0.0 17.003649801466 0.0 0.0029296875 0.0 1.6828354442688 0.0 0.0 0.0 0.0 0.0 0.0 0.0 0.0 0.0 6525.0523948656 0.0 0.011359616 0.0 66.355592711486 0.0 0.00011552 0.0 6591.4079875771 0.0 0.011475136 0.0 0.0 0.0
10 9 2 6.5590702449513 8.2041981086614e-05 8.2041981086614e-05 5.4342599568163e-05 5.698164953719e-05 997.81738174851 997.53829790867 0.54428174840782 0.54242995166999 0.0 0.0 0.0 0.0 0.0 0.0 0.0 0.0 - -
11 7 2 6.6618136993965 7.6861707610403e-05 7.6861707610403e-05 5.630546940955e-05 5.8613902169484e-05 1096.9546195195 1097.1543964254 0.54905996193034 0.54776587504814 181694.0 189552.0 272248.0 284042.0 272113.0 283920.0
12 10 2 6.762252167653 0.0027561518671001 0.0027561518671001 0.0013818390820234 0.001390501705802 1097.4440286327 1097.432369826 0.58777456853962 0.58712672745582 5.0 7.0 9.6322094920801e-07 1.3386312533681e-06 98.8 82.571428571429 0.0 0.0 0.0 0.0 - -
13 9 2 6.8626609510131 0.0022875730785523 0.0022875730785523 0.0011476570251185 0.0011523119342624 1097.4479378846 1097.443359761 0.0 0.0 0.57687423679641 0.57652061207426 0.04278564453125 0.0 18.703509379612 0.0 0.004638671875 0.0 2.0277699184743 0.0
14 10 2 6.9630859155947 0.0020966339409948 0.0020966339409948 0.0010581911025371 0.0010613537052372 1097.4700674269 1097.4209649345 0.59190741985358 0.59205822506327 3019.0258185923 3027.0539248205 0.006329792 0.006346624 2.0757080742169 2.0757080742169 4.352e-06 4.352e-06 3021.1015266665 3029.1296328947 0.006334144 0.006350976
15 19 2 7.0635388983995 0.0027784046697737 0.0027784046697737 0.0013918431964504 0.0014064030348585 1097.4287188249 1097.4618736526 0.58440714064988 0.58351781271251 0.027587890625 0.0 9.9293997469588 0.0 0.00299072265625 0.0 1.0764172292057 0.0 0.0 0.0 0.0 0.0 0.0 0.0 0.0 0.0 6679.5165592317 0.0 0.0185584 0.0 3.0405937953913 0.0 8.448e-06 0.0 6682.5571530271 0.0 0.018566848 0.0 0.0 0.0
16 13 2 7.16397361483 0.0024890349013647 0.0024890349013647 0.0012515396696175 0.0012660329316836 1097.4678861611 1097.4286046032 0.58192328580541 0.57962849649172 204.0 204.0 0.04205322265625 0.0 16.89539292245 0.0 0.004638671875 0.0 1.8636427606767 0.0 0.0 0.0 0.0 0.0 0.0045166015625 0.0 1.8145995301326 0.0
17 9 2 7.2643986373828 0.0033751361233704 0.0033751361233704 0.0016933112902094 0.0016965816831777 1097.442200853 1097.4410713407 0.57691712432162 0.57654211523553 0.20004357565399 0.2000440790141 0.0 0.0 0.0 0.0 0.0 0.0 0.0 0.0
18 8 2 7.3647836471011 0.0029367666897281 0.0029367666897281 0.0014775029450246 0.0014806143699924 1097.4326634112 1097.4363625831 0.57826893014769 0.57856113625914 0.20000028361166 0.20000028315868 0.0 0.0 0.0 0.0 4.9999929097186 4.9999929210431
19 5 2 7.4651805699085 0.0017358952396492 0.0017358952396492 0.00088077647333388 0.00088452558190495 1097.4054013726 1097.4577467661 0.58650613106815 0.58620933918875 5.8 6.2857142857143
20 6 2 7.5655110594903 0.0022863701753915 0.0022863701753915 0.0011448304744309 0.0011533350360095 1097.4581938865 1097.4709865985 0.59061980854559 0.58873640403777 0.0 0.0 - -
21 7 2 7.6659440639577 0.0015683583656923 0.0015683583656923 0.00079718602616836 0.00079433456596499 1097.4218865773 1097.4307717437 0.57227426170352 0.57269214128864 91.313104341601 91.483416235053 8.6868956583986 8.5165837649468 1.3441016174402 1.3186581328625
22 7 2 7.7663623527891 0.0025316953909449 0.0025316953909449 0.0012738518022285 0.0012773631381492 1097.438421351 1097.4304245167 0.580030553821 0.57973386655671 2.1651050703152e-05 2.3978338653955e-06 2.9211735075682e-06 1.1989169326978e-06 0.13492063492063 0.5
23 9 2 7.8667791253102 0.0020422804718195 0.0020422804718195 0.0010247235829711 0.0010346230774319 1097.4259997169 1097.4703421249 0.57639002464441 0.5747588942194 0.0 0.0 0.0 0.0 0.0 0.0 0.0 0.0 - -
24 6 2 7.9671640734341 0.0034062567136523 0.0034062567136523 0.0017065346198723 0.0017045382354097 1097.4356446374 1097.4569932628 0.58526410488242 0.585800326084 0.0 0.0 0.0 0.0
25 13 2 8.0738035400931 8.0692338233046e-05 8.0692338233046e-05 5.643998079462e-05 5.7690438485453e-05 997.28060612718 998.07648835252 0.53840171778399 0.53059082275317 1.8573492003627 1.8846914743288 498476.0 509520.0 185567.0 192455.0 36719.0 33724.0 324.0 296.0 7.3662523371236 6.6187784581567 0.096092891132171 0.087337101585806 37.226867492116 37.771824462239 55.310787279628 55.522059978019
26 7 2 8.175994373761 7.8030190349398e-05 7.8030190349398e-05 5.8203121609692e-05 6.094996184689e-05 1097.6071813895 1097.4636839473 0.54343018314213 0.54614629157671 36.937406623506 36.752193911292 63.062593376494 63.247806088708 2.0907308515853 2.125003120709
27 12 2 8.2764399942189 0.0024092918421321 0.0024092918421321 0.0012192972453263 0.0012231256114475 1097.4150241456 1097.4124750115 0.58063153917292 0.58011559561255 239687.0 238995.0 37.517679306763 36.68444946547 1.8640977608297 1.2828720266114 99.214809313813 99.240988305195 8.9030227345834 8.8495329459453 3.3402075181692 3.2464024414854 0.16596104744153 0.11352818264929 8.8331170292824 8.7823639559499
1 7 2 8.3768998538617 0.0025926141026723 0.0025926141026723 0.0013100177017011 0.0013135100158097 1097.4267820554 1097.4550523971 0.59593729500226 0.59564896908138 34.138297975321 34.765064293421 65.861702024679 65.234935706579 2.9335391627721 2.8962204362801
2 10 2 8.4773063908364 0.0029293780744553 0.0029293780744553 0.0014643498149061 0.0014728570938864 1097.4307458688 1097.4583773717 0.57061957048121 0.57014873928645 3102.6927112131 3124.7151331608 0.00908896 0.009153472 3084.8431886623 3099.41556509 0.009036672 0.00907936 6187.5358998754 6224.1306982508 0.018125632 0.018232832
3 5 2 8.577717270219 0.0024872658728459 0.0024872658728459 0.0012502602263083 0.0012475319549829 1097.453736764 1097.4585252252 0.57504226530362 0.57589336395242 inf inf
4 6 2 8.6792509528177 7.7318231099127e-05 7.7318231099127e-05 5.4163251054737e-05 5.6542336259353e-05 1097.5896750094 1097.5342553071 0.55183488143524 0.54717700581166 0.0 0.0 0.0 0.0
5 7 2 8.7796268646751 0.0028554203634815 0.0028554203634815 0.001428217882955 0.0014377179193632 1097.4355018207 1097.4311686073 0.56686526318893 0.56588795184353 0.11541121955306 0.11450728406248 0.037657121881964 0.037634189128749 0.32628649127698 0.32866196623975
6 8 2 8.8800815666894 0.00327969554021 0.00327969554021 0.0016484959010665 0.0016461729754974 1097.4563149281 1097.4402385734 0.58159413194495 0.58242319427283 8.6463096845625 8.6672594653367 9.9296814579662 10.35607537934 0.52724482913515 0.48592249891051 99.936865790352 99.922800445479
7 7 2 8.9804821108875 0.0025005086772212 0.0025005086772212 0.0012611751232113 0.001263791528166 1097.4363669048 1097.4244545745 0.58213663862388 0.58223317695506 0.0 0.0 0.0 0.0 - -
8 10 2 9.0808426350047 0.0027633448294493 0.0027633448294493 0.0013875093936095 0.0013914278868877 1097.4407327819 1097.4441695436 0.59693967022278 0.5968114096296 6514.516685776 0.0 0.018001856 0.0 7.6892321846908 0.0 2.1248e-05 0.0 6522.2059179607 0.0 0.018023104 0.0
9 19 2 9.1813380781172 0.0013218003555592 0.0013218003555592 0.00061282752977359 0.00062122656558543 997.68686767173 997.69019993273 0.58912824460318 0.58776774213453 0.0137939453125 0.0 10.43572522468 0.0 0.00140380859375 0.0 1.0620428326002 0.0 0.0 0.0 0.0 0.0 0.0 0.0 0.0 0.0 6322.9155332346 0.0 0.008357632 0.0 13.266753883253 0.0 1.7536e-05 0.0 6336.1822871179 0.0 0.008375168 0.0 0.0 0.0
10 9 2 9.2817475335814 0.0028017616433456 0.0028017616433456 0.0014035185129343 0.0014119075849398 1097.4573257146 1097.4263059385 0.59301953317482 0.59245176451986 0.0 0.0 0.0 0.0 0.0 0.0 0.0 0.0 - -
11 7 2 9.3821674148101 0.0027457768273385 0.0027457768273385 0.0013807398930283 0.0013781570026947 1097.4592408838 1097.4309302339 0.58299630600583 0.58444655929581 4184338.0 4166377.0 6276021.0 6248952.0 6275805.0 6248711.0
12 10 2 9.4826224755215 0.0024034865662606 0.0024034865662606 0.0012128280176349 0.0012157080105563 1097.4265707676 1097.4652068201 0.58980563760411 0.58999251154973 5.0 8.0 1.1012408120726e-06 1.7583681288743e-06 86.8 80.75 0.0 0.0 0.0 0.0 - -
13 9 2 9.5849589827549 8.0208640727137e-05 8.0208640727137e-05 4.828143503487e-05 5.7447683931927e-05 997.08113588065 997.45882474575 0.0 0.0 0.55014268979291 0.53485243952319 0.0 0.0 0.0 0.0 0.0 0.0 0.0 0.0
14 10 2 9.6895875585552 7.8389793176825e-05 7.8389793176825e-05 5.6882464374462e-05 5.9478488816279e-05 1097.7030036099 1097.4442620801 0.55725834361218 0.55864762083018 4612.8454400222 4812.0550484054 0.0003616 0.000377216 13.062925139886 13.879357961129 1.024e-06 1.088e-06 4625.9083651621 4825.9344063666 0.000362624 0.000378304
15 19 2 9.7900482932014 0.0040489004808858 0.0040489004808858 0.0020285856729486 0.0020319443814728 1097.4445705664 1097.446581446 0.58449449923224 0.58467630954516 0.0582275390625 0.0 14.381074402145 0.0 0.00628662109375 0.0 1.5526736513846 0.0 0.0 0.0 0.0 0.0 0.0 0.0 0.0 0.0 7180.1893223218 0.0 0.029071872 0.0 52.288763579015 0.0 0.000211712 0.0 7232.4780859008 0.0 0.029283584 0.0 0.0 0.0
16 13 2 9.8904726364037 0.0021197155511925 0.0021197155511925 0.0010646725585362 0.0010795435394411 1097.4478355712 1097.4491675864 0.59005959863293 0.58757858627531 204.0 204.0 0.0284423828125 0.0 13.41801865656 0.0 0.004150390625 0.0 1.9579941387254 0.0 0.0 0.0 0.0 0.0 0.00299072265625 0.0 1.4109075411404 0.0
17 9 2 9.9908960230807 0.0026611179883969 0.0026611179883969 0.0013333393490505 0.0013430554188953 1097.480230136 1097.4656475397 0.58269561458511 0.57974050378269 0.20003843730009 0.2000292464999 0.0 0.0 0.0 0.0 0.0 0.0 0.0 0.0
18 8 2 10.091285076293 0.0021007444639944 0.0021007444639944 0.0010578002495899 0.0010555565815709 1097.4298362221 1097.4440469739 0.59465516266863 0.59632181308277 0.20000061104805 0.20000061406312 0.0 0.0 0.0 0.0 4.9999847238453 4.9999846484691
19 5 2 10.191675500887 0.0027415766300822 0.0027415766300822 0.0013778657878106 0.0013808078280712 1097.446404338 1097.430934772 0.59261236015791 0.59167179810424 6.1363636363636 6.4545454545455
20 6 2 10.292059269658 0.0022760259328494 0.0022760259328494 0.0011496411812733 0.0011524745254652 1097.4441296091 1097.4404202671 0.58577757511339 0.58558882806937 0.0 0.0 - -
21 7 2 10.392518281472 0.0019974542130695 0.0019974542130695 0.0010148095957011 0.001018009789125 1097.4323069547 1097.4217559143 0.59147165559935 0.59109625496885 90.677250901619 90.665094136065 9.3227490983808 9.3349058639346 1.3839538889625 1.3833556392118
22 7 2 10.497841433304 8.0918788376262e-05 8.0918788376262e-05 5.4152834348149e-05 5.6459455506937e-05 997.4435183403 997.62471951329 0.55349099881033 0.55170674066305 5.392226720024e-05 2.9460613001705e-05 1.9257952571514e-05 1.1047729875639e-05 0.35714285714286 0.375
23 9 2 10.59826175294 0.0010977895332858 0.0010977895332858 0.00056201845824015 0.00056503794444978 1097.4777558822 1097.4293083183 0.59214319866467 0.59153033705308 0.0 0.0 0.0 0.0 0.0 0.0 0.0 0.0 - -
24 6 2 10.698651831518 0.0026255435766983 0.0026255435766983 0.001313124597666 0.0013225272605125 1097.4444898197 1097.4448388968 0.58021081852773 0.57905943881704 0.0 0.0 0.0 0.0
25 13 2 10.799095321533 0.0023365533387293 0.0023365533387293 0.0011796050642235 0.0011769859418671 1097.4604522207 1097.4707636588 0.59444667479025 0.59532154499202 1.6822366789298 1.67976450443 10418232.0 10395100.0 3505790.0 3493058.0 534538.0 489821.0 448.0 576.0 5.1307937853563 4.7120374022376 0.0064694278261417 0.0076478340756703 33.650527267966 33.602928302758 61.212209518851 61.677386460929
26 7 2 10.899547035311 0.0027043609077455 0.0027043609077455 0.0013621265970566 0.0013655518819228 1097.463310119 1097.4531852254 0.58696395913061 0.58644233550207 34.083331227532 34.113355755827 65.916668772468 65.886644244173 2.1881768081422 2.1879492223209
27 12 2 11.000008903114 0.001756565608722 0.001756565608722 0.00089521674606642 0.00089853559936538 1097.4382259501 1097.4447073808 0.58243064775904 0.58146120351475 170158.0 169540.0 32.172451486266 32.227792851245 1.1935965396866 1.6084699775864 99.087318844838 99.162439542291 8.6084858529488 8.5455394995562 2.769560934742 2.7540387679382 0.10275058926021 0.13745243727315 8.5299178248242 8.47396543981
1 7 2 11.100455598757 8.2020241872865e-05 8.2020241872865e-05 5.6331737626163e-05 5.9192708735542e-05 997.36336777755 997.68319934232 0.5513860012324 0.5508203492121 37.236694002251 37.275530425335 62.763305997749 62.724469574665 2.8799896701837 2.8650962849055
2 10 2 11.208695337853 7.8520228459318e-05 7.8520228459318e-05 5.1131083637088e-05 5.351967974772e-05 997.61326065657 997.57057011977 0.54378841300118 0.54313514606659 4258.7751788478 4454.3935602686 0.0003344 0.00034976 4160.9659881374 4357.3994461474 0.00032672 0.000342144 8419.7411669852 8811.793006416 0.00066112 0.000691904
3 5 2 11.309074535049 0.0015455122636435 0.0015455122636435 0.00078648353949973 0.00078971498304341 1097.427818823 1097.4576633583 0.58210030882458 0.58153388682447 inf inf
4 6 2 11.409412776472 0.0011230088328355 0.0011230088328355 0.0005732608020502 0.00056985816219826 1097.4712275362 1097.459378879 0.59398820146761 0.58724184763585 0.0 0.0 0.0 0.0
5 7 2 11.509798840542 0.00089820543506087 0.00089820543506087 0.00046113129623558 0.00046381246593124 1097.4617061997 1097.4353369232 0.56411563391495 0.5633597805739 0.11549928167885 0.11420631048067 0.037807017884064 0.037529850101742 0.32733552394886 0.32861450425802
6 8 2 11.610237158436 0.0014146159286594 0.0014146159286594 0.00071614042571228 0.0007244769612846 1097.4384777678 1097.4241451039 0.57074421200127 0.56865276731556 8.1974055673045 8.121394889722 11.110071134407 10.196988195462 0.65942252623271 0.50636424843355 99.860298804982 99.890350260277
7 7 2 11.710646168246 0.0011511701726458 0.0011511701726458 0.00058999954373637 0.00059288134825893 1097.4031652784 1097.4475196844 0.58164093579471 0.58046351875 0.0 0.0 0.0 0.0 - -
8 10 2 11.810975895144 0.0021512211067178 0.0021512211067178 0.001079476963099 0.001083094730587 1097.4235927539 1097.4591004928 0.58308586285712 0.58237865873363 6576.6256921798 0.0 0.014147776 0.0 6.455868230667 0.0 1.3888e-05 0.0 6583.0815604104 0.0 0.014161664 0.0
9 19 2 11.911416990222 0.0034764689392573 0.0034764689392573 0.0017385116445956 0.0017530175878697 1097.4365126918 1097.4293070713 0.58858518994758 0.58673491661573 0.04107666015625 0.0 11.815626969193 0.0 0.00439453125 0.0 1.2640789625288 0.0 0.0 0.0 0.0 0.0 0.0 0.0 0.0 0.0 6552.5429388322 0.0 0.022779712 0.0 6.3144530797073 0.0 2.1952e-05 0.0 6558.8573919119 0.0 0.022801664 0.0 0.0 0.0
10 9 2 12.011838090658 0.0019922820917985 0.0019922820917985 0.0010101755199704 0.0010134010758103 1097.4375916708 1097.4320143754 0.59598389517972 0.59413790988389 0.0 0.0 0.0 0.0 0.0 0.0 0.0 0.0 - -
11 7 2 12.112252901216 0.0019922377075704 0.0019922377075704 0.001010114831332 0.001013481239161 1097.4616570066 1097.4515433142 0.57842283705921 0.57850529914389 3085305.0 3095165.0 4627625.0 4642418.0 4627486.0 4642243.0
12 10 2 12.212700345956 0.0025730560567031 0.0025730560567031 0.0013006997312081 0.001303767224848 1097.4453371467 1097.4473936822 0.57145159602219 0.57123810155024 5.0 7.0 9.9488984778583e-07 1.3890495666463e-06 63.6 36.0 0.0 0.0 0.0 0.0 - -
13 9 2 12.313104103934 0.0022176996223615 0.0022176996223615 0.0011166279206946 0.0011273516936767 1097.4422869435 1097.4385158638 0.0 0.0 0.59352951825385 0.59309812252616 0.0283203125 0.0 12.770130009691 0.0 0.0030517578125 0.0 1.3760915958719 0.0
14 10 2 12.413479506732 0.0024017564871664 0.0024017564871664 0.0012047084212998 0.0012131518413397 1097.4629420564 1097.438495445 0.56852201025311 0.56748233866461 3123.6072599729 3151.1604279788 0.007502144 0.00756832 1.3856525496165 3.5973671961197 3.328e-06 8.64e-06 3124.9929125225 3154.7844423393 0.007505472 0.007577024
15 19 2 12.51393644245 0.0027812778691908 0.0027812778691908 0.0013978989261802 0.0014013527437645 1097.4354385918 1097.4479857465 0.58765631000344 0.5883940792724 0.04156494140625 0.0 14.944548283607 0.0 0.00445556640625 0.0 1.6019853519872 0.0 0.0 0.0 0.0 0.0 0.0 0.0 0.0 0.0 6643.0471419871 0.0 0.01847616 0.0 4.8323111289525 0.0 1.344e-05 0.0 6647.879453116 0.0 0.0184896 0.0 0.0 0.0
16 13 2 12.614348727635 0.0025403693372307 0.0025403693372307 0.0012730315998098 0.0012881471468694 1097.445476881 1097.4256104259 0.57649413331643 0.57460075480267 204.0 204.0 0.028076171875 0.0 11.052003920661 0.0 0.0054931640625 0.0 2.1623485931728 0.0 0.0 0.0 0.0 0.0 0.00311279296875 0.0 1.2253308694646 0.0
17 9 2 12.72161564054 8.029197437984e-05 8.029197437984e-05 5.3937706712094e-05 5.5654651697951e-05 997.64224989692 997.70930218725 0.54686215716077 0.54482859524358 0.20049867525037 0.20048504087822 0.0 0.0 0.0 0.0 0.0 0.0 0.0 0.0
18 8 2 12.821957278715 0.00010841798796785 0.00010841798796785 6.990017730732e-05 7.1737593769366e-05 1097.1924775429 1097.4276648469 0.55165992308022 0.55223531954802 0.20000571894257 0.20000557827541 0.0 0.0 0.0 0.0 4.999857030524 4.9998605470044
19 5 2 12.922335384421 0.0037131220201261 0.0037131220201261 0.0018602009696562 0.0018574677164276 1097.4362269956 1097.4487096946 0.56858996801212 0.56928995487348 6.047619047619 6.5
20 6 2 13.022722332553 0.0019351315104542 0.0019351315104542 0.00097612919383828 0.00097930040164387 1097.4845489451 1097.4409270381 0.59501868194425 0.59412841636884 0.0 0.0 - -
21 7 2 13.12316205806 0.0024344939314709 0.0024344939314709 0.0012224865691433 0.001231418215692 1097.4708905758 1097.4388912902 0.58081034667142 0.57860969098948 91.249833286407 91.298992519569 8.7501667135935 8.7010074804309 1.3287651195499 1.3205747235511
22 7 2 13.223595529921 0.0016580145063944 0.0016580145063944 0.00084379173014344 0.00084694301033642 1097.4344354235 1097.4388692516 0.58946410254625 0.58910551582247 1.3972213222301e-05 1.2599327983344e-05 2.3726399811454e-06 2.3623739968769e-06 0.16981132075472 0.1875
23 9 2 13.324015643035 0.0022858411878569 0.0022858411878569 0.0011561783440077 0.0011588554376008 1097.4177075578 1097.4230074621 0.57446674928311 0.57415306721429 0.0 0.0 0.0 0.0 0.0 0.0 0.0 0.0 - -
24 6 2 13.424405504221 0.0021802175946564 0.0021802175946564 0.0011020481546738 0.0011047347591729 1097.4215576131 1097.4159835555 0.58063597828753 0.58052423760596 0.0 0.0 0.0 0.0
25 13 2 13.524859517827 0.0017860249607533 0.0017860249607533 0.0009099056610562 0.00091286627022859 1097.4451750277 1097.4192061878 0.56750943888691 0.56701911705299 1.7620852297388 1.7636089682432 8036256.0 8062404.0 2832548.0 2844221.0 459405.0 420117.0 344.0 400.0 5.7166546212565 5.2108155334315 0.0067319906185169 0.0074419490762309 35.24711009704 35.277579739244 59.029503291085 59.504162778248
26 7 2 13.625328305946 0.0023019100900196 0.0023019100900196 0.0011560868581498 0.0011652449548417 1097.4488152522 1097.4333941267 0.58298004220081 0.58133895560351 34.322091333252 34.415867844659 65.677908666748 65.584132155341 2.1678509037917 2.1639622193866
27 12 2 13.725781103061 0.001773049367547 0.001773049367547 0.00089896721333834 0.00089667282048729 1097.4154076683 1097.4460562495 0.57765278065566 0.57846443145817 176385.0 176225.0 36.244011678998 36.799546034899 1.8771437480511 1.1422896864804 99.210817246364 98.906511561924 8.8862881578629 8.9009448209608 3.2207473177652 3.2755072869304 0.16680840258913 0.10167457468914 8.8161591042827 8.8036140184641
1 7 2 13.82624076524 0.0030649583042016 0.0030649583042016 0.0015405407771919 0.0015443129836776 1097.4311869689 1097.4333695877 0.58868014195468 0.58829994234028 35.156861632556 34.623368320415 64.843138367444 65.376631679585 2.8399809950312 2.8731104079805
2 10 2 13.926633602887 0.00063548160210386 0.00063548160210386 0.00033359366977632 0.00033688670775895 1097.5141399064 1097.3791235985 0.59278252198875 0.59233732767627 3138.8603437083 3171.3900029959 0.001994688 0.00201536 3121.0344932627 3155.2762398813 0.00198336 0.00200512 6259.894836971 6326.6662428772 0.003978048 0.00402048
3 5 2 14.027011868014 0.0012326088905509 0.0012326088905509 0.00063076102241536 0.00063371755548517 1097.4499097303 1097.4771495873 0.58191953243037 0.58122049229425 inf inf
4 6 2 14.12738781248 0.00046612950379885 0.00046612950379885 0.00024951680770317 0.00025194571193929 1097.4679055767 1097.4029946662 0.5864536718088 0.58520795462196 0.0 0.0 0.0 0.0
5 7 2 14.23242094599 7.9894327928353e-05 7.9894327928353e-05 5.1986159377868e-05 5.3894681184884e-05 997.76510043046 997.89135384088 0.53986746120959 0.53503857705519 0.1163077270397 0.11401363235797 0.036793859380953 0.037016887578008 0.31634922560556 0.3246707153561
6 8 2 14.336855245683 7.7733087761498e-05 7.7733087761498e-05 5.8816801497805e-05 6.0393347394868e-05 1097.0771049187 1097.8867015088 0.54291770135701 0.54465102600967 9.4358074029584 9.8869124396316 13.056434660075 13.664246932837 1.0410650896687 1.317605063443 99.071357619719 99.106848246693
7 7 2 14.43723836409 0.0010303046732057 0.0010303046732057 0.00053019315511272 0.00053340059494121 1097.4056841137 1097.4006162709 0.58468171095998 0.58406340597858 0.0 0.0 0.0 0.0 - -
8 10 2 14.542188101447 8.149668914175e-05 8.149668914175e-05 4.9151909385389e-05 5.1612516641563e-05 997.94560072327 998.18595553667 0.54547967651302 0.54758975936034 9045.177267482 0.0 0.000737152 0.0 10.209003687903 0.0 8.32e-07 0.0 9055.3862711699 0.0 0.000737984 0.0
9 19 2 14.642606806947 0.00030143503203951 0.00030143503203951 0.00016872936041036 0.00017673754327501 1097.4883678981 1097.5746052863 0.57603242021347 0.56877111566502 0.0 0.0 0.0 0.0 0.00146484375 0.0 4.859567051941 0.0 0.0 0.0 0.0 0.0 0.0 0.0 0.0 0.0 7641.5272120663 0.0 0.002303424 0.0 3.8217190357921 0.0 1.152e-06 0.0 7645.3489311021 0.0 0.002304576 0.0 0.0 0.0
10 9 2 14.743012555875 0.0021298768220189 0.0021298768220189 0.0010689085349152 0.0010778823011905 1097.4380384897 1097.4446384259 0.58292300639893 0.58046366265351 0.0 0.0 0.0 0.0 0.0 0.0 0.0 0.0 - -
11 7 2 14.843434868273 0.0010798003339087 0.0010798003339087 0.00055628519351424 0.00055922361057259 1097.44384147 1097.4391893113 0.57733649450383 0.5770852349285 1702528.0 1712258.0 2553496.0 2568102.0 2553379.0 2567982.0
12 10 2 14.943886689841 0.0026144602008887 0.0026144602008887 0.0013170059531207 0.0013203678319469 1097.4344204367 1097.4401758344 0.58823250972283 0.58880028468957 3.0 5.0 6.0685527998482e-07 1.0098239715246e-06 85.0 45.2 0.0 0.0 0.0 0.0 - -
13 9 2 15.044276402476 0.0021165778580081 0.0021165778580081 0.0010663224742797 0.0010768877321615 1097.4620774511 1097.4441296589 0.0 0.0 0.58992593951184 0.58834493770409 0.0277099609375 0.0 13.091869421509 0.0 0.00286865234375 0.0 1.3553256890109 0.0
14 10 2 15.144699376108 0.0024087202819706 0.0024087202819706 0.0012169036673125 0.0012199870124625 1097.441539529 1097.458006324 0.57387802892251 0.57391827358411 3116.5694315733 3124.221627695 0.007506944 0.007525376 0.39855188133951 0.31884150507161 9.6e-07 7.68e-07 3116.9679834546 3124.5404692 0.007507904 0.007526144
15 19 2 15.245167906074 0.0016901776731356 0.0016901776731356 0.00086045664908291 0.00086866954287704 1097.4263941964 1097.44149683 0.58166560888743 0.5811027353122 0.028076171875 0.0 16.611373065243 0.0 0.0029296875 0.0 1.7333606676775 0.0 0.0 0.0 0.0 0.0 0.0 0.0 0.0 0.0 6834.3300137021 0.0 0.011551232 0.0 3.5215232662243 0.0 5.952e-06 0.0 6837.8515369683 0.0 0.011557184 0.0 0.0 0.0
16 13 2 15.345537711024 0.002217668825142 0.002217668825142 0.0011129308956565 0.001121702668404 1097.4521665502 1097.4431290144 0.57010861180357 0.56955187553294 204.0 204.0 0.02740478515625 0.0 12.357474139312 0.0 0.004150390625 0.0 1.8715105600739 0.0 0.0 0.0 0.0 0.0 0.0029296875 0.0 1.3210662776992 0.0
17 9 2 15.445964979962 0.0023436439456137 0.0023436439456137 0.0011810570625418 0.0011835407677126 1097.4433383489 1097.4419786574 0.5775263027464 0.57704178993609 0.20006276294718 0.20005992892438 0.0 2.2081401762714e-07 0.0 1.1037393585729e-06 0.0 0.0 0.0 0.0
18 8 2 15.54635230853 0.001264098141666 0.001264098141666 0.00063714782225459 0.00064604821868352 1097.4639559103 1097.4203358131 0.57941511411679 0.57606505698786 0.20000123558739 0.20000088844772 0.0 0.0 0.0 0.0 4.9999691105061 4.9999777889058
19 5 2 15.64673572585 0.0019298534105161 0.0019298534105161 0.00097361650304917 0.00097098515238501 1097.4069483808 1097.4288872066 0.57829311642088 0.57963727637987 7.0 6.28
20 6 2 15.749182405608 8.0101756259539e-05 8.0101756259539e-05 5.1839872585351e-05 5.4255189812882e-05 997.48637327431 997.59506643928 0.56251935070105 0.56267672450235 0.0 0.0 - -
21 7 2 15.856958708145 8.1415167090192e-05 8.1415167090192e-05 5.6345777535043e-05 5.817549469222e-05 997.61194684493 997.99682269834 0.53556869008209 0.53672875874345 91.331152390062 91.24802453854 8.668847609938 8.75197546146 1.5517985611511 1.552119287588
22 7 2 15.957376461648 0.0014468126100219 0.0014468126100219 0.00073503769016357 0.00073324329922874 1097.4534746823 1097.4645131434 0.56695246765351 0.56833085031544 4.0748266234037e-06 9.6513324541847e-06 1.4552952226442e-06 5.8492923964756e-06 0.35714285714286 0.60606060606061
23 9 2 16.057793293047 0.0024914162510708 0.0024914162510708 0.0012539731028565 0.0012569183134192 1097.4406826491 1097.444551774 0.57577666346486 0.57500712733565 0.0 0.0 0.0 0.0 0.0 0.0 0.0 0.0 - -
24 6 2 16.158178691353 0.0019929079999943 0.0019929079999943 0.00099942230846966 0.0010077312171245 1097.4776929845 1097.4369778652 0.58372877428427 0.58181701227377 0.0 0.0 0.0 0.0
25 13 2 16.258627590809 0.002649271928505 0.002649271928505 0.0013350676165435 0.0013331808339502 1097.4368018051 1097.4520341807 0.58675036669186 0.58826825645773 1.7043023008883 1.6999047441749 11791272.0 11774608.0 4019853.0 4004007.0 560076.0 506524.0 604.0 760.0 4.7499201104003 4.3018332330044 0.0077430153421955 0.0093676154654151 34.091767198653 34.00543780311 61.150569675604 61.68336134842
26 7 2 16.359090696841 0.0026217464606968 0.0026217464606968 0.0013216074200308 0.0013240589692813 1097.4376895881 1097.4269977458 0.58183012327286 0.58308763035156 34.383286647673 34.309978652381 65.616713352327 65.690021347619 2.1625980632439 2.163724735767
27 12 2 16.459559706881 0.0022687179338275 0.0022687179338275 0.0011400723040216 0.0011490918132259 1097.4432055617 1097.4337064201 0.58124249713047 0.58034226488989 245034.0 243725.0 45.306365647216 44.075494922556 2.0417574703919 1.7515642630013 99.30866736861 99.407528977331 9.7341167216866 9.6061185920617 4.4101745144542 4.2339443122989 0.1987470553417 0.16825734032008 9.666821596412 9.5492051230005
1 7 2 16.56004263183 0.0024639433196958 0.0024639433196958 0.0012464350304892 0.0012497434670815 1097.440914254 1097.4546059058 0.59071864538911 0.59002676202581 34.488455800224 35.250485336971 65.511544199776 64.749514663029 2.9100712283131 2.8592074226514
2 10 2 16.660445275674 0.0019216713139414 0.0019216713139414 0.00097354177450191 0.00097661742034705 1097.4394325842 1097.4280856213 0.58858729269045 0.58850983336458 3049.7119655597 3059.0038771736 0.005860544 0.0058784 3035.8573589957 3044.7496184971 0.00583392 0.005851008 6085.5693245554 6103.7534956707 0.011694464 0.011729408
3 5 2 16.760822368695 0.0026784224025409 0.0026784224025409 0.0013492361491042 0.0013521836241683 1097.4393551454 1097.4447924574 0.58767209138412 0.58818302958951 inf inf
4 6 2 16.86120746537 0.0022864064074144 0.0022864064074144 0.0011541208180064 0.0011572159385639 1097.4501437895 1097.4393676317 0.59311404722542 0.59227570578828 0.0 0.0 0.0 0.0
5 7 2 16.961548668761 0.0030971558913647 0.0030971558913647 0.0015485471484554 0.0015568936478341 1097.4400394556 1097.4257870014 0.5877185458552 0.58716590455638 0.11360594322685 0.11270600762446 0.037769811687235 0.037776939307485 0.33246334315287 0.33518123925886
6 8 2 17.061988356225 0.0024417213142417 0.0024417213142417 0.0012311247363064 0.0012294567045515 1097.4357322423 1097.4811386255 0.57763112236019 0.57806371875741 8.4070156747954 8.363165514269 9.5637625247718 9.2891112232606 0.49045124678431 0.44234389216947 99.921458639973 99.890519149939
7 7 2 17.162386284471 0.0035188785220788 0.0035188785220788 0.0017636118313699 0.0017662603922449 1097.4365813763 1097.4480371401 0.58059877696797 0.58067116496255 0.0 0.0 0.0 0.0 - -
8 10 2 17.262750553168 0.0021362880784736 0.0021362880784736 0.00096955398747989 0.0009789489510216 997.69328497233 997.67419636182 0.57180392656501 0.57081397949728 6552.4645955061 0.0 0.013997952 0.0 52.187718090745 0.0 0.000111488 0.0 6604.6523135968 0.0 0.01410944 0.0
9 19 2 17.369718944095 7.9370775197237e-05 7.9370775197237e-05 5.3327650026273e-05 6.0317260146747e-05 997.49988346249 997.59917301826 0.54169676169796 0.53696849473031 0.014404296875 0.0 181.48111618168 0.0 0.00146484375 0.0 18.455706730341 0.0 0.0 0.0 0.0 0.0 0.0 0.0 0.0 0.0 11870.162508288 0.0 0.000942144 0.0 26.609290318151 0.0 2.112e-06 0.0 11896.771798606 0.0 0.000944256 0.0 0.0 0.0
10 9 2 17.47014706358 0.00054371494606697 0.00054371494606697 0.00029024024275809 0.00029361978469543 1097.3382602732 1097.5086668299 0.571414304974 0.57141119553807 0.0 0.0 0.0 0.0 0.0 0.0 0.0 0.0 - -
11 7 2 17.570560635002 0.0026131422610552 0.0026131422610552 0.0013144832985253 0.0013175390167578 1097.4376897777 1097.4299343759 0.58485085775982 0.58506978627194 3970870.0 3978571.0 5955873.0 5967437.0 5955695.0 5967308.0
12 10 2 17.671004567047 0.0034352568247931 0.0034352568247931 0.0017195921880303 0.0017287706652351 1097.4291347308 1097.4317825174 0.57457186444151 0.57394098037456 7.0 10.0 1.0593013544378e-06 1.503600446449e-06 89.714285714286 89.5 0.0 0.0 0.0 0.0 - -
13 9 2 17.771411062355 0.0027725477632696 0.0027725477632696 0.0013881824034352 0.0013931339622667 1097.4325025472 1097.434057866 0.0 0.0 0.59214437133507 0.59277739310978 0.0419921875 0.0 15.145703910428 0.0 0.0045166015625 0.0 1.6290437345518 0.0
14 10 2 17.871831640145 0.0030985145922239 0.0030985145922239 0.0015561083187374 0.0015591355042519 1097.4269360484 1097.4440507392 0.59569643819067 0.59448920810882 2984.7592208246 2996.6152243729 0.00924832 0.009285056 1.3012686821352 1.4045439743682 4.032e-06 4.352e-06 2986.0604895067 2998.0197683473 0.009252352 0.009289408
15 19 2 17.972310594969 0.00265022845391 0.00265022845391 0.0013374299444375 0.0013460092345634 1097.4379743792 1097.4424507349 0.58450260548983 0.58364374832584 0.0423583984375 0.0 15.982923424963 0.0 0.0045166015625 0.0 1.704231028022 0.0 0.0 0.0 0.0 0.0 0.0 0.0 0.0 0.0 6712.4900020428 0.0 0.017789632 0.0 2.897863385577 0.0 7.68e-06 0.0 6715.3878654284 0.0 0.017797312 0.0 0.0 0.0
16 13 2 18.072735767885 0.0028641857956251 0.0028641857956251 0.00143845614683 0.0014528461476308 1097.4255873005 1097.4389255753 0.58763314998739 0.58689277820477 204.0 204.0 0.041748046875 0.0 14.575886431239 0.0 0.0052490234375 0.0 1.832640691647 0.0 0.0 0.0 0.0 0.0 0.00457763671875 0.0 1.5982331613201 0.0
17 9 2 18.17315901688 0.0020777860426746 0.0020777860426746 0.0010525665338799 0.0010562105695845 1097.4142808298 1097.434981616 0.58970498232452 0.58940394003512 0.20003846688651 0.20003887061897 0.0 0.0 0.0 0.0 0.0 0.0 0.0 0.0
18 8 2 18.273498140553 0.0028592247258875 0.0028592247258875 0.0014354701752416 0.0014330525935126 1097.438504122 1097.45853757 0.57362025090115 0.57399873015873 0.20000043435431 0.20000054421769 0.0 0.0 0.0 0.0 4.9999891411658 4.9999863945948
19 5 2 18.373881018017 0.0022152720768262 0.0022152720768262 0.0011150898713219 0.0011178969472972 1097.416464663 1097.407253843 0.5769464108 0.5762449007035 6.2857142857143 5.7619047619048
20 6 2 18.474261864676 0.0025471773343363 0.0025471773343363 0.001274899360591 0.0012835742126773 1097.4309885245 1097.4289016264 0.58846708068198 0.58653324191477 0.0 0.0 - -
21 7 2 18.574700936195 0.0031692195733406 0.0031692195733406 0.0015928077347474 0.0015908095386837 1097.4427652937 1097.4358253898 0.57095892492558 0.57168670571015 91.703303983672 91.714690473493 8.296696016328 8.2853095265074 1.2999567849808 1.2921460064025
22 7 2 18.675119516694 0.0029493835859076 0.0029493835859076 0.0014816782327652 0.0014851900215862 1097.4420447335 1097.4354929549 0.5759682383525 0.57600188154686 6.014602574866e-06 4.8298580065654e-06 1.7603714853266e-06 1.9026713359197e-06 0.29268292682927 0.39393939393939
23 9 2 18.775554493996 0.0033757239879422 0.0033757239879422 0.0016886586455669 0.0016977374847086 1097.4333217493 1097.4251358475 0.58971362414563 0.58879696361782 0.0 0.0 0.0 0.0 0.0 0.0 0.0 0.0 - -
24 6 2 18.879606880993 8.1758465507308e-05 8.1758465507308e-05 5.2535527425307e-05 5.4742510521081e-05 997.47091749158 997.89916838992 0.55499311031157 0.54893456619677 0.0 0.0 0.0 0.0
25 13 2 18.982520210184 7.8533815467911e-05 7.8533815467911e-05 5.8369788915098e-05 6.0163726949648e-05 1097.2359509956 1097.4773774634 0.55087045910146 0.55191281804131 1.815308814401 1.8118803682598 515520.0 531364.0 187565.0 192951.0 34622.0 32701.0 272.0 296.0 6.7159373060211 6.1541617422332 0.079725325884544 0.080735616263051 36.383651458721 36.312396022312 56.820685909373 57.452706619191
26 7 2 19.082966442057 0.0034686482571112 0.0034686482571112 0.001741691910407 0.0017449478105661 1097.4438797274 1097.4336635553 0.57680493728723 0.57660324249997 34.682124514483 34.694185832232 65.317875485517 65.305814167768 2.1295062162746 2.1305824523373
27 12 2 19.183421423058 0.0030389265015381 0.0030389265015381 0.0015230524855317 0.001532149440685 1097.4542259918 1097.428339489 0.58694208085028 0.58621410276382 289904.0 293153.0 29.838498261493 30.965741438771 1.0793228103096 1.5026283203651 99.345300513273 99.57735380501 8.6206881170851 8.6655435913914 2.5722838739452 2.6833498227742 0.09304505325335 0.13021091211783 8.5642485162303 8.6289190011271
1 7 2 19.283913534636 0.0024861662309505 0.0024861662309505 0.0012580070857077 0.0012609577310738 1097.4549011451 1097.4454303204 0.59355808031811 0.59310177051759 34.246125078258 34.895789933424 65.753874921742 65.104210066576 2.9059092695391 2.8738461782379
2 10 2 19.384356127003 0.0029905395407362 0.0029905395407362 0.0015044237909503 0.0015078237134005 1097.4315080548 1097.4340976356 0.5865662190635 0.58618865795722 3038.9379161202 3047.3270377681 0.009088064 0.009113152 3022.8444990814 3033.3309011413 0.009039936 0.009071296 6061.7824152016 6080.6579389093 0.018128 0.018184448
3 5 2 19.484733961874 0.0029654742272839 0.0029654742272839 0.0014920247398087 0.0014954781044927 1097.4511269394 1097.4321205324 0.58262027720983 0.5825973975105 inf inf
4 6 2 19.585118386446 0.003196244133432 0.003196244133432 0.0016067063387373 0.0016099925832157 1097.4443775474 1097.4398712582 0.58255472585102 0.58284284205178 0.0 0.0 0.0 0.0
5 7 2 19.685449885089 0.0037212533918688 0.0037212533918688 0.0018581900923845 0.0018665388562645 1097.4350202373 1097.4366622317 0.57386870586136 0.57285991133485 0.11399975578674 0.11301526856557 0.038078385741974 0.038055905139905 0.33402164310954 0.33673242229058
6 8 2 19.785882824339 0.0030113186058777 0.0030113186058777 0.0015154691231357 0.00151417926312 1097.4366840397 1097.4474449479 0.5809817686128 0.58155649262795 9.2406690329732 9.3017816256119 13.620398171865 13.610435214362 0.52842929904669 0.55971728489409 99.934402086223 99.918613224379
7 7 2 19.886280580483 0.0030132660771094 0.0030132660771094 0.0015117290725704 0.0015148780882619 1097.4427775156 1097.4285957156 0.57846774593265 0.57798940837111 0.0 0.0 0.0 0.0 - -
8 10 2 19.986605834537 0.0025955090413032 0.0025955090413032 0.0012897916278094 0.0012960787895856 1097.4151677097 1097.4255525899 0.57538754345184 0.57372371062922 6792.409396173 0.0 0.01762976 0.0 8.2357640292661 0.0 2.1376e-05 0.0 6800.6451602023 0.0 0.017651136 0.0
9 19 2 20.087045842655 0.0032261672553566 0.0032261672553566 0.0016195148117379 0.0016234197180075 1097.4229699707 1097.4447729224 0.57892659436631 0.57973989720101 0.04150390625 0.0 12.864772023549 0.0 0.00457763671875 0.0 1.4189086790679 0.0 0.0 0.0 0.0 0.0 0.0 0.0 0.0 0.0 6708.6019685014 0.0 0.021643072 0.0 4.2452851684177 0.0 1.3696e-05 0.0 6712.8472536699 0.0 0.021656768 0.0 0.0 0.0
10 9 2 20.187489026509 0.0021015433800997 0.0021015433800997 0.0010644501844956 0.0010672572604709 1097.4534383447 1097.4223974766 0.59595607420567 0.59592835795531 0.0 0.0 0.0 0.0 0.0 0.0 0.0 0.0 - -
11 7 2 20.287905121491 0.0033325517210383 0.0033325517210383 0.0016671110086394 0.0016758904806918 1097.4269494594 1097.4125134196 0.57062417170779 0.56982423980358 5161647.0 5195898.0 7741918.0 7793386.0 7741725.0 7793228.0
12 10 2 20.388402538343 0.00064400790289623 0.00064400790289623 0.00031178199198185 0.00031529921560626 997.69472712201 997.74322028175 0.56488702456444 0.56499837279871 1.0 3.0 8.2056533669437e-07 2.4347151423862e-06 34.0 24.666666666667 0.0 0.0 0.0 0.0 - -
13 9 2 20.496393556378 8.0397047246292e-05 8.0397047246292e-05 4.8907343230716e-05 5.7795964252192e-05 997.56661568743 997.62223530712 0.0 0.0 0.55144081255394 0.53453381754818 0.0 0.0 0.0 0.0 0.0 0.0 0.0 0.0
14 10 2 20.599197923194 7.8839976061539e-05 7.8839976061539e-05 5.6959910323442e-05 5.9411459573887e-05 1097.9979746033 1097.3537589079 0.55948165415139 0.55425749016592 4575.9526831718 4813.8015631025 0.000360768 0.00037952 15.423647504038 10.553021976447 1.216e-06 8.32e-07 4591.3763306759 4824.354585079 0.000361984 0.000380352
15 19 2 20.699661092632 0.0033941280439817 0.0033941280439817 0.0017031478315303 0.0017060599803721 1097.4418233791 1097.4367264075 0.57009795494382 0.57067598824642 0.05609130859375 0.0 16.5259848382 0.0 0.006103515625 0.0 1.798257327334 0.0 0.0 0.0 0.0 0.0 0.0 0.0 0.0 0.0 6810.218029631 0.0 0.023114752 0.0 3.5260897187486 0.0 1.1968e-05 0.0 6813.7441193497 0.0 0.02312672 0.0 0.0 0.0
16 13 2 20.80008023201 0.0034759852417514 0.0034759852417514 0.0017383322960822 0.0017530764649069 1097.4278817637 1097.4272716568 0.57931489051615 0.57823742646134 204.0 204.0 0.05670166015625 0.0 16.312399568095 0.0 0.00634765625 0.0 1.8261459150505 0.0 0.0 0.0 0.0 0.0 0.006103515625 0.0 1.7559095337024 0.0
17 9 2 20.900521710242 0.0028500734226999 0.0028500734226999 0.001436438476054 0.0014399815149947 1097.4346430712 1097.4359368136 0.59011919438572 0.59037578147384 0.20002783472277 0.20003112061895 0.0 0.0 0.0 0.0 0.0 0.0 0.0 0.0
18 8 2 21.000948051641 0.0033619123408072 0.0033619123408072 0.0016895879969546 0.0016924906348903 1097.4450978954 1097.4337874238 0.56696272184952 0.56634142112861 0.20000024316231 0.20000024247928 0.0 0.0 0.0 0.0 4.9999939209495 4.9999939380254
19 5 2 21.101344740751 0.0026467411217044 0.0026467411217044 0.0013225177496065 0.0013320893442599 1097.4541319764 1097.440027829 0.58307713166213 0.58248955872867 6.6206896551724 6.4583333333333
20 6 2 21.201704042038 0.0033239683548099 0.0033239683548099 0.001665766347689 0.0016633795631795 1097.4415508934 1097.4244794483 0.57585662633946 0.57657364613684 0.0 0.0 - -
21 7 2 21.3021435574 0.0026265127833112 0.0026265127833112 0.0013230304327308 0.0013261359699948 1097.4327511898 1097.4320087306 0.57564124240013 0.57529820502297 91.632320521422 91.681491426001 8.3676794785776 8.3185085739987 1.2935112766836 1.2806809996267
22 7 2 21.402578094482 0.0034302731100412 0.0034302731100412 0.001715687734661 0.001724004795521 1097.4353016619 1097.4300800881 0.59204839131147 0.59060875436798 1.4845611500505e-05 1.5126283132216e-05 2.6044932457026e-06 2.5856894243105e-06 0.17543859649123 0.17094017094017
23 9 2 21.503004714867 0.0033381839890004 0.0033381839890004 0.0016755422003716 0.0016732215393039 1097.4285503011 1097.4277639769 0.58120717139673 0.58187466679057 0.0 0.0 0.0 0.0 0.0 0.0 0.0 0.0 - -
24 6 2 21.603393114091 0.0029602097143544 0.0029602097143544 0.0014858689191155 0.0014889866846873 1097.4321547553 1097.4405074718 0.58723695670774 0.58713184272359 0.0 0.0 0.0 0.0
25 13 2 21.703830426546 0.0037423032913815 0.0037423032913815 0.0018724972124328 0.0018815851095803 1097.4452720782 1097.4431112716 0.59136093636937 0.5904932626309 1.6910146384363 1.6934994237607 16537832.0 16618096.0 5593970.0 5629189.0 855634.0 779379.0 720.0 580.0 5.1737978714501 4.6899416154534 0.006143489666602 0.0052653444774901 33.825292214844 33.873850530169 60.994766424039 61.4309425099
26 7 2 21.804288467341 0.0021895690797706 0.0021895690797706 0.0011097143978222 0.0011131627806031 1097.4252987117 1097.4357673559 0.57813058903141 0.57754101419219 34.602610356537 34.637533392952 65.397389643463 65.362466607048 2.1408542344983 2.1403121244661
27 12 2 21.90479094943 0.0012207999684825 0.0012207999684825 0.00057311904426055 0.00057589804041809 997.68376883121 997.67089615917 0.57821366511053 0.57681356252044 108458.0 108582.0 30.129635434915 31.15249304673 1.2594737133268 1.0305575509753 98.988548562577 99.016411559927 8.5707602561002 8.5391537129456 2.5823388191636 2.660159266675 0.10794647245784 0.088000893378149 8.4840711782919 8.4551635841451
1 7 2 22.013040102511 8.1422413494775e-05 8.1422413494775e-05 5.6472589615243e-05 5.8559554135113e-05 997.524177051 997.80196376775 0.5339811230258 0.5358722185613 38.524833388135 38.421797539037 61.475166611865 61.578202460963 2.783066477871 2.813228747085
2 10 2 22.113394083125 0.00048266761065821 0.00048266761065821 0.0002547822264332 0.00025135648866665 1097.4895347952 1097.36208212 0.58172302862408 0.58632070139631 3218.6456387274 3149.8280937616 0.001553536 0.00152032 3131.9275762849 3079.6845845383 0.00151168 0.001486464 6350.5732150123 6229.5126782999 0.003065216 0.003006784
3 5 2 22.213772645355 0.0027277749467534 0.0027277749467534 0.001369486226711 0.0013726239198954 1097.4195568539 1097.4280210919 0.57024012093455 0.57070220046929 inf inf
4 6 2 22.314158794571 0.0035403713580718 0.0035403713580718 0.0017690271600947 0.0017771934051593 1097.4171610784 1097.4341440911 0.58047351576404 0.57958130718875 0.0 0.0 0.0 0.0
5 7 2 22.414536996292 0.0029997714601749 0.0029997714601749 0.0015049441733794 0.001502949600518 1097.4334360656 1097.4438457053 0.59492123466463 0.59527386454448 0.11360692026357 0.11262362673091 0.037895053077173 0.037784687909492 0.33356289378548 0.33549521540245
6 8 2 22.514977336838 0.0024520628393821 0.0024520628393821 0.0012371908827428 0.0012403580144458 1097.4525308869 1097.4512138424 0.59167827443604 0.59188030216649 9.1180715940619 9.1476978128309 11.903362988783 12.276408514989 0.45209826676141 0.62854639062329 99.927444634436 99.923503852193
7 7 2 22.615371943513 0.0027665205662577 0.0027665205662577 0.0013840936196493 0.0013926751742765 1097.4417863723 1097.415235406 0.58509588967662 0.58299726627754 0.0 0.0 0.0 0.0 - -
8 10 2 22.715732619805 0.0022401399257536 0.0022401399257536 0.0011276075823385 0.0011311306936667 1097.4255357783 1097.4279697925 0.58303996897632 0.58304910726167 6684.2681690799 0.0 0.014973696 0.0 3.1998001185522 0.0 7.168e-06 0.0 6687.4679691984 0.0 0.014980864 0.0
9 19 2 22.816172910532 0.0023703668741144 0.0023703668741144 0.0011984316762302 0.001206756436395 1097.4235707226 1097.4420271751 0.59111027117613 0.58954548381194 0.0279541015625 0.0 11.793153991381 0.0 0.0030517578125 0.0 1.2874622261333 0.0 0.0 0.0 0.0 0.0 0.0 0.0 0.0 0.0 6654.6998155691 0.0 0.01577408 0.0 3.5910052966718 0.0 8.512e-06 0.0 6658.2908208658 0.0 0.015782592 0.0 0.0 0.0
10 9 2 22.91659715772 0.0021989395866969 0.0021989395866969 0.0011132311685464 0.0011166686817204 1097.4623540501 1097.4416398209 0.58958791774186 0.58903568623179 0.0 0.0 0.0 0.0 0.0 0.0 0.0 0.0 - -
11 7 2 23.017021232805 0.0026424820474108 0.0026424820474108 0.0013330023912374 0.001336347512753 1097.4244765887 1097.4334336294 0.59119753305635 0.59118370820893 3983664.0 3993723.0 5975035.0 5990119.0 5974707.0 5989840.0
12 10 2 23.117425115784 0.0024485646375697 0.0024485646375697 0.0012297855101594 0.0012383240392595 1097.4418888988 1097.4473109764 0.58705652775322 0.58490583393624 3.0 3.0 6.4859620000458e-07 6.4176421839322e-07 79.333333333333 35.0 0.0 0.0 0.0 0.0 - -
13 9 2 23.217825089328 0.0027825804104146 0.0027825804104146 0.0013934568801709 0.0013983450329624 1097.427414426 1097.4279792415 0.0 0.0 0.58133839255567 0.58111997289705 0.0419921875 0.0 15.091095783911 0.0 0.00457763671875 0.0 1.6451049183042 0.0
14 10 2 23.318244456062 0.0021159202467922 0.0021159202467922 0.0010672649597757 0.0010705050084249 1097.4303143959 1097.4399139963 0.58821655844269 0.58769417285026 3035.8800194566 3047.5855646148 0.00642368 0.006448448 2.2987633902431 1.8753069762509 4.864e-06 3.968e-06 3038.1787828468 3049.460871591 0.006428544 0.006452416
15 19 2 23.418700692502 0.0026668100391968 0.0026668100391968 0.00133645349142 0.0013506378754907 1097.4184241441 1097.4508748187 0.59671210372664 0.59535846716701 0.04217529296875 0.0 15.814884580775 0.0 0.0045166015625 0.0 1.6936345281872 0.0 0.0 0.0 0.0 0.0 0.0 0.0 0.0 0.0 6567.6068945935 0.0 0.01751456 0.0 3.5758077477735 0.0 9.536e-06 0.0 6571.1827023412 0.0 0.017524096 0.0 0.0 0.0
16 13 2 23.523718159286 8.0024763210845e-05 8.0024763210845e-05 4.8231616003363e-05 6.2141995400774e-05 997.60741794978 997.57751583476 0.55361478038916 0.52782436757555 204.0 204.0 0.01568603515625 0.0 196.01476501619 0.0 0.0003662109375 0.0 4.5762201949305 0.0 0.0 0.0 0.0 0.0 0.00152587890625 0.0 19.067584145544 0.0
17 9 2 23.625494028501 7.7849030234825e-05 7.7849030234825e-05 5.7168697355486e-05 5.8792797782624e-05 1097.6305760082 1097.4019231944 0.56142005097026 0.55970956879417 0.20049191191841 0.20047772828988 0.0 0.0 0.0 0.0 0.0 0.0 0.0 0.0
18 8 2 23.725871453045 0.0034316481153108 0.0034316481153108 0.0017193983467077 0.0017232638506524 1097.4243759422 1097.4330079866 0.58829097927912 0.58733731091513 0.20000037190286 0.2000003704671 0.0 0.0 0.0 0.0 4.9999907024457 4.9999907383396
19 5 2 23.826256363126 0.0022203191976182 0.0022203191976182 0.0011125477420141 0.0011208177012444 1097.4215043381 1097.4485657157 0.58602707824053 0.58511813931582 6.6153846153846 5.9047619047619
20 6 2 23.92664462648 0.002242357325556 0.002242357325556 0.0011291420085089 0.0011266003321015 1097.447538351 1097.392507668 0.57924757219522 0.58027878306624 0.0 0.0 - -
21 7 2 24.027113044126 0.0015089921961467 0.0015089921961467 0.00077160667089108 0.00077554554468216 1097.4466502963 1097.4523204659 0.56779680504921 0.5677473130276 92.013387325593 92.016633983455 7.9866126744071 7.9833660165452 1.2791591851316 1.2784240746629
22 7 2 24.127534264128 0.0024150264655589 0.0024150264655589 0.0012110544601132 0.001220149150765 1097.4333262188 1097.4361933501 0.58909923267234 0.58804992733627 1.0095838880691e-05 4.7287360561396e-06 3.1205320176681e-06 2.0006191006744e-06 0.30909090909091 0.42307692307692
23 9 2 24.227963319305 0.0016435950670749 0.0016435950670749 0.00083722377018963 0.00083999597284287 1097.4304789067 1097.4267253708 0.58671726670903 0.58717766557887 0.0 0.0 0.0 0.0 0.0 0.0 0.0 0.0 - -
24 6 2 24.328366990327 0.0021818190500692 0.0021818190500692 0.0011031917278971 0.0011058697272907 1097.4260926626 1097.4325251834 0.57956153111496 0.57903165221548 0.0 0.0 0.0 0.0
25 13 2 24.429881942781 7.8815519446071e-05 7.8815519446071e-05 5.9181839128667e-05 6.0815903362107e-05 1097.7038785228 1097.6606434205 0.550765625461 0.5487643902459 1.8156543432844 1.8222756756354 522692.0 537124.0 190206.0 196156.0 33674.0 32085.0 284.0 316.0 6.442417331813 5.9734809839069 0.07844007560858 0.084524243936223 36.389690295623 36.519686329414 57.089452296955 57.422308442743
26 7 2 24.530334449135 0.0027267486747044 0.0027267486747044 0.0013728607867452 0.0013764830832361 1097.4352655695 1097.4337624383 0.56568353454305 0.56560654237923 35.364905410777 35.369890660992 64.635094589223 64.630109339008 2.0615401936264 2.0623997295322
27 12 2 24.630788629408 0.0029279460037496 0.0029279460037496 0.0014673833410246 0.0014761759471854 1097.438176467 1097.4468806788 0.57892841859056 0.57802559151085 288341.0 289238.0 38.683711300162 38.382231933563 1.7607624305943 1.3898588705495 99.361866678689 99.547777263015 8.8994959829875 8.8740080947811 3.4426553332284 3.4060423687421 0.1566989817807 0.1233361886786 8.8427053336914 8.8338778124946
1 7 2 24.731242516202 0.0025751756300436 0.0025751756300436 0.0012977907526683 0.0012955167403302 1097.4372137301 1097.4231004913 0.57878377302957 0.57890370776928 35.825547345657 35.135763453115 64.174452654343 64.864236546885 2.7517545198526 2.7854323764001
2 10 2 24.831632908187 0.0034120166994952 0.0034120166994952 0.0017098901580944 0.0017132805696386 1097.4360169998 1097.4189297116 0.58818178404914 0.58785295335229 3019.7085499389 3026.7987848735 0.010303296 0.010327488 3001.0075863682 3008.0978213028 0.010239488 0.01026368 6020.7161363072 6034.8966061762 0.020542784 0.020591168
3 5 2 24.932012115347 0.0029516870367644 0.0029516870367644 0.0014761465086667 0.0014849350387249 1097.4095989602 1097.4613245149 0.58120507202029 0.579310257093 inf inf
4 6 2 25.032808960883 7.81035601958e-05 7.81035601958e-05 5.0689958758105e-05 5.3411889479549e-05 997.82381334694 997.31541675169 0.54943129102093 0.55455605608901 0.0 0.0 0.0 0.0
5 7 2 25.138388292138 7.8510264653016e-05 7.8510264653016e-05 5.4920047433361e-05 5.7076758597341e-05 1097.398509221 1097.8542317438 0.55394756677493 0.55548943897881 0.11451895097005 0.11226594731831 0.037828849694162 0.037188370534927 0.33032829390881 0.33125245386729
6 8 2 25.238827398984 0.0039699798885733 0.0039699798885733 0.0019916530132911 0.0019952182443459 1097.4406521912 1097.4423906207 0.58221197370856 0.58212187465066 8.7701728665919 8.8121123387641 11.918150844345 12.053048230307 0.55692336169683 0.53055040092613 99.933576695949 99.937304573339
7 7 2 25.339226585387 0.0028902021996789 0.0028902021996789 0.0014455648697258 0.0014545350127989 1097.4139567728 1097.4162623568 0.58255670847461 0.58105619178539 0.0 0.0 0.0 0.0 - -
8 10 2 25.43956323079 0.0034617605495551 0.0034617605495551 0.0017307040965579 0.0017288730206998 1097.4233707453 1097.444171589 0.57770640859268 0.57872250818054 6965.593273948 0.0 0.024113216 0.0 11.665740429444 0.0 4.0384e-05 0.0 6977.2590143775 0.0 0.0241536 0.0
9 19 2 25.540002231657 0.0033894649826326 0.0033894649826326 0.0017008131305538 0.0017099286546188 1097.4320088037 1097.4341411917 0.58650491497479 0.58531895125577 0.0557861328125 0.0 16.458683921606 0.0 0.0059814453125 0.0 1.7647166568024 0.0 0.0 0.0 0.0 0.0 0.0 0.0 0.0 0.0 6646.8732131588 0.0 0.022529344 0.0 4.0596377512397 0.0 1.376e-05 0.0 6650.93285091 0.0 0.022543104 0.0 0.0 0.0
10 9 2 25.640411694368 0.0024976680866247 0.0024976680866247 0.0012609210461506 0.0012647675282833 1097.4315265146 1097.4267609084 0.57119975413058 0.57064168367124 0.0 0.0 0.0 0.0 0.0 0.0 0.0 0.0 - -
11 7 2 25.740842825639 0.0031595746088407 0.0031595746088407 0.0015898942272048 0.0015941433376921 1097.4472985958 1097.4355156187 0.57552964545593 0.57570110853198 4880370.0 4891927.0 7320159.0 7337497.0 7319935.0 7337311.0
12 10 2 25.841290761324 0.0024705330188634 0.0024705330188634 0.0012491202762874 0.0012577484796442 1097.4529440429 1097.428030357 0.56933014227644 0.56840748363814 6.0 6.0 1.238550631537e-06 1.2280606956718e-06 96.666666666667 51.166666666667 0.0 0.0 0.0 0.0 - -
13 9 2 25.941673635164 0.0032943740384933 0.0032943740384933 0.0016479990694523 0.0016526616779011 1097.4288715692 1097.430845918 0.0 0.0 0.57485685325508 0.57464572655367 0.0562744140625 0.0 17.081974725687 0.0 0.006103515625 0.0 1.8527087554975 0.0
14 10 2 26.042087975611 0.0026426179174967 0.0026426179174967 0.0013293864353505 0.0013323769359418 1097.4312378324 1097.4210393958 0.57107298001061 0.5706561831204 3118.7255431186 3127.9285383148 0.0082416 0.00826592 1.8163806308204 1.7679438139985 4.8e-06 4.672e-06 3120.5419237494 3129.6964821288 0.0082464 0.008270592
15 19 2 26.142541196641 0.0033334330649957 0.0033334330649957 0.0016677088370175 0.001682052641989 1097.4523986994 1097.4335503999 0.58075519102155 0.5790913838055 0.0418701171875 0.0 12.560659347619 0.0 0.00445556640625 0.0 1.3366299305775 0.0 0.0 0.0 0.0 0.0 0.0 0.0 0.0 0.0 6578.5871719695 0.0 0.02192928 0.0 3.4174977501804 0.0 1.1392e-05 0.0 6582.0046697197 0.0 0.021940672 0.0 0.0 0.0
16 13 2 26.242956768071 0.002802736284762 0.002802736284762 0.0014039958698362 0.0014131104881006 1097.441939799 1097.4115864892 0.57924230890397 0.57890459697009 204.0 204.0 0.0413818359375 0.0 14.764798301748 0.0 0.00482177734375 0.0 1.720382103006 0.0 0.0 0.0 0.0 0.0 0.00445556640625 0.0 1.5897201711321 0.0
17 9 2 26.343384399329 0.0036895340674082 0.0036895340674082 0.0018500886120608 0.0018528467748052 1097.4203486961 1097.4348785148 0.58234157772431 0.58154794582471 0.20003281656977 0.20003528177229 1.4255677573068e-07 0.0 7.1266694223122e-07 0.0 0.0 0.0 0.0 0.0
18 8 2 26.443767742374 0.0029045011675221 0.0029045011675221 0.0014525626320515 0.0014612266145309 1097.44377598 1097.4337033918 0.58992568095139 0.58891400922658 0.20000055180583 0.20000043807468 0.0 0.0 0.0 0.0 4.9999862048923 4.9999890481571
19 5 2 26.545194310432 7.8276568105217e-05 7.8276568105217e-05 5.1561791809483e-05 5.3099841182199e-05 997.93335590651 997.46374197598 0.54292963012418 0.54000377676552 5.75 4.9230769230769
20 6 2 26.651654014627 7.7458630187921e-05 7.7458630187921e-05 5.083262234833e-05 5.3223030060108e-05 997.66728761365 997.65588648609 0.55584829785759 0.55027931652908 0.0 0.0 - -
21 7 2 26.752744906579 7.6517503392715e-05 7.6517503392715e-05 5.744723103164e-05 5.9636551016243e-05 1097.0163362941 1097.3041279839 0.55251947101563 0.54978351363426 89.891440599797 89.726375904676 10.108559400203 10.273624095324 1.6752025084923 1.6590630365465
22 7 2 26.853169051411 0.0024572983666933 0.0024572983666933 0.0012414916238628 0.0012448557671904 1097.446408815 1097.4544774662 0.57470375387309 0.57460811023253 6.638530942018e-06 8.0130675712375e-06 1.7469818268468e-06 1.219379847797e-06 0.26315789473684 0.15217391304348
23 9 2 26.953545802946 0.0020127839819647 0.0020127839819647 0.0010167756358445 0.0010191488333454 1097.430830929 1097.4217878597 0.58456961317666 0.58453071883133 0.0 0.0 0.0 0.0 0.0 0.0 0.0 0.0 - -
24 6 2 27.05393355724 0.0023790698060184 0.0023790698060184 0.0011910951444903 0.0011992310452357 1097.4376691605 1097.4159779616 0.5836983027231 0.58242099053439 0.0 0.0 0.0 0.0
25 13 2 27.154368248308 0.0018463558079089 0.0018463558079089 0.00093522550446936 0.00093331335946005 1097.4355071611 1097.4517919545 0.57662316193461 0.57761505783584 1.7342348799256 1.7312568057812 8259880.0 8242992.0 2865524.0 2854937.0 456895.0 413547.0 472.0 644.0 5.5314968256197 5.0169525822662 0.0080388577073759 0.010530157010949 34.69207785101 34.634717587983 59.768386465663 60.33779967274
26 7 2 27.254819958463 0.0029165338223321 0.0029165338223321 0.0014669426690459 0.001470185887997 1097.4338606186 1097.4122918696 0.57184136798565 0.57131578215589 34.98437942363 35.016502585518 65.01562057637 64.983497414482 2.0965265533641 2.094135831577
27 12 2 27.355289692238 0.0017452412899601 0.0017452412899601 0.0008889794033217 0.0008921334009164 1097.433617385 1097.4411722766 0.58288626338611 0.58253159039204 174361.0 173874.0 34.421688336268 33.225209059434 1.5984079008494 1.2037452408066 99.448844638423 99.481808666046 8.8830119738606 8.8268844459629 3.0576826965156 2.9327508106058 0.14198676522358 0.10625320142977 8.8340527770971 8.7811442957058
1 7 2 27.455762110806 0.00276378867173 0.00276378867173 0.0013918993560859 0.0013891914652733 1097.440341071 1097.4443547655 0.58940973337632 0.58994888353304 35.196638664212 34.597953981371 64.803361335788 65.402046018629 2.8480765930672 2.8768929833417
2 10 2 27.55616570574 0.0033042128443157 0.0033042128443157 0.0016567201173678 0.0016595290049443 1097.4167119806 1097.4527900375 0.57966314787985 0.57894687779018 3064.8098282837 3073.3903893238 0.010126784 0.010155136 3050.6703033193 3052.9946087929 0.010080064 0.010087744 6115.480131603 6126.3849981166 0.020206848 0.02024288
3 5 2 27.656541000747 0.0027230475735637 0.0027230475735637 0.0013715011800854 0.0013751972993229 1097.4244777879 1097.4323341267 0.5971471936618 0.59627318459089 inf inf
4 6 2 27.756934724267 0.0030977156761187 0.0030977156761187 0.0015578642131479 0.0015614090636898 1097.4530079641 1097.4263210007 0.58148181081134 0.58127489119573 0.0 0.0 0.0 0.0
5 7 2 27.857309337206 0.0019269485080789 0.0019269485080789 0.00097618399477294 0.00098420938784848 1097.4297420233 1097.4418003514 0.56839196732586 0.56840886655957 0.113712622412 0.11285675200763 0.038207995966364 0.038124866929938 0.33600487928184 0.33781644652827
6 8 2 27.957755361651 0.0024074068711399 0.0024074068711399 0.0012148108150889 0.0012119978514099 1097.4404829226 1097.4062000689 0.59012586221159 0.59126871023805 9.4319335851578 9.3908966133686 13.373860862277 12.688890956589 0.63684341600393 0.55820432939063 99.919732825509 99.894696759926
7 7 2 28.060714720004 7.7483992603961e-05 7.7483992603961e-05 0.0 0.0 - - - - 0.0 0.0 - - - -
