1 7 2 0.10078922909061 0.1008043681396 0.1008043681396 0.0 0.0014377021799633 - 1276.3168641684 - 1.4279754513981 - 32.600172706129 - 67.399827293871 - 9.7102732448852
2 10 2 0.20119271510412 0.036076652798424 0.036076652798424 0.0 0.0 - - - - 0.0 0.0 0.0 0.0 0.0 0.0 0.0 0.0 0.0 0.0 0.0 0.0
3 5 2 0.30157325240001 0.034558985338852 0.034558985338852 0.0 0.0 - - - - - -
4 6 2 0.40192052202993 0.034580261203348 0.034580261203348 0.0 0.0 - - - - 0.0 0.0 0.0 0.0
5 7 2 0.5022921984602 0.035678493816251 0.035678493816251 0.0 0.0 - - - - - - - - - -
6 8 2 0.60274225703117 0.036855320621669 0.036855320621669 0.0 0.0 - - - - - - - - - - - -
7 7 2 0.70313377842935 0.036915067577204 0.036915067577204 0.0 0.0 - - - - 0.0 0.0 - - - -
8 10 2 0.80345719404355 0.035944887974961 0.035944887974961 0.0 0.0 - - - - 579.89397586994 0.0 0.020844224 0.0 243.16336737754 0.0 0.00874048 0.0 823.05734324748 0.0 0.029584704 0.0
9 19 2 0.90388214259964 0.036328150770893 0.036328150770893 0.0 0.0 - - - - 0.1787109375 0.0 4.9193513489596 0.0 0.02349853515625 0.0 0.64684093898547 0.0 0.0 0.0 0.0 0.0 0.0 0.0 0.0 0.0 502.22561877877 0.0 0.018244928 0.0 0.03523438360715 0.0 1.28e-06 0.0 502.26085316238 0.0 0.018246208 0.0 0.0 0.0
10 9 2 1.0043096511829 0.035184173871258 0.035184173871258 0.0 0.0 - - - - 0.0 0.0 0.0 0.0 0.0 0.0 0.0 0.0 - -
11 7 2 1.1046876103275 0.035875326826884 0.035875326826884 0.023042044437757 0.013288181541165 1495.8469212337 1495.841476139 0.91955083207153 0.55358957954925 46554032.0 42624459.0 66757673.0 63646913.0 67262299.0 63621744.0
12 10 2 1.2050323380544 0.036407847814037 0.036407847814037 0.024657526683001 0.024662803510625 1495.846562632 1495.8410267155 0.55398741596867 0.55284151555215 0.0 0.0 0.0 0.0 - - 0.0 0.0 0.0 0.0 - -
13 9 2 1.3053408058287 0.035985082666575 0.035985082666575 0.024366921010972 0.024376514089665 1495.8400173707 1495.8426898032 0.0 0.0 0.5526776508458 0.5532854977282 0.23486328125 0.0 6.5266844994122 0.0 0.0235595703125 0.0 0.65470379853771 0.0
14 10 2 1.4056676360207 0.035689893866313 0.035689893866313 0.024170682017255 0.024173778064237 1495.8439251165 1495.8431952084 0.55236989978179 0.55277161382159 1.2588437547136 1.3162269458117 4.4928e-05 4.6976e-05 0.43575360740086 0.41602813546091 1.5552e-05 1.4848e-05 1.7071499351672 1.7519805532125 6.0928e-05 6.2528e-05
15 19 2 1.5060196151944 0.034831990257912 0.034831990257912 0.023590371440269 0.023598470188075 1495.8444594006 1495.8420410179 0.55291948462226 0.55428115657243 0.2271728515625 0.0 6.5219601257467 0.0 0.02288818359375 0.0 0.65710237698952 0.0 0.0 0.0 0.0 0.0 0.0 0.0 0.0 0.0 501.8687669169 0.0 0.017481088 0.0 0.26642175572761 0.0 9.28e-06 0.0 502.13518867263 0.0 0.017490368 0.0 0.0 0.0
16 13 2 1.6063404934365 0.034477165965244 0.034477165965244 0.0233441666071 0.023358698046112 1495.8440049433 1495.8409843012 0.55322173466219 0.55429240690119 206.0 206.0 0.2197265625 0.0 6.3731039471604 0.0 0.07806396484375 0.0 2.2642222078939 0.0 0.0 0.0 0.0 0.0 0.0223388671875 0.0 0.64793223462798 0.0
17 9 2 1.7066709738194 0.033599368453901 0.033599368453901 0.022755396159896 0.022758210830444 1495.8400452029 1495.8393462752 0.55327446636629 0.55337988319182 0.20406850589281 0.20405043593599 4.4066883790813e-08 1.3220948659255e-07 2.1594162018298e-07 6.4792552873558e-07 139.0 168.0 1.5313242117308e-06 1.8509328122957e-06
18 8 2 1.8069779934793 0.033858916239143 0.033858916239143 0.022929924311054 0.022931806044278 1495.8443254508 1495.8380643366 0.55310943289174 0.55231040272516 0.19952266250834 0.19952266002407 0.00019913744849231 0.00019909536452976 0.00099806932199486 0.00099785841119872 5.0119619868153 5.0119620492196
19 5 2 1.9072362520983 0.032642989436904 0.032642989436904 0.022103473694507 0.022107955780962 1495.8488096246 1495.8404747363 0.55408695829561 0.55323173901571 5.5829459122349 5.6261951909477
20 6 2 2.0075498435517 0.033296067312768 0.033296067312768 0.022553441735674 0.022557153548477 1495.8399341255 1495.8425148802 0.55308456428804 0.55290418935764 0.0 0.0 - -
21 7 2 2.1078998925102 0.033322128842159 0.033322128842159 0.022570710364767 0.02257440541279 1495.8459504834 1495.8436731404 0.55271646486465 0.55328297746013 94.076995029584 94.057375181873 5.9230049704163 5.9426248181271 1.0463550089369 1.0461315370678
22 7 2 2.2082334249892 0.032967728653101 0.032967728653101 0.02232966364646 0.022332364135266 1495.8446737226 1495.8419901447 0.55394610877244 0.55252786046153 2.807903908811e-08 1.8669176003059e-08 2.807903908811e-08 1.8669176003059e-08 1.0 1.0
23 9 2 2.3085641065494 0.032917072739078 0.032917072739078 0.022283164491548 0.022301308967094 1495.8507325826 1495.8435475581 0.55243615622595 0.55305164405765 0.0 0.0 0.0 0.0 0.0 0.0 0.0 0.0 - -
24 6 2 2.4088650908887 0.032004084596252 0.032004084596252 0.021674368288676 0.021675489716494 1495.8413083633 1495.8465576382 0.55272176074614 0.55317307441025 0.0 0.0 0.0 0.0
25 13 2 2.5092025454199 0.032037395760022 0.032037395760022 0.021700174268455 0.021703550332565 1495.8440093429 1495.8410758291 0.55203559173361 0.55360056097067 1.8114774028602 1.8063565510964 191569820.0 191599624.0 69517329.0 69331607.0 17699882.0 14310077.0 386972.0 387312.0 9.2393895865226 7.4687396046247 0.35056461398774 0.34914055990005 36.288246760372 36.18566965455 54.121799039118 55.996450180925
26 7 2 2.6095884030412 0.030735219151363 0.030735219151363 0.020823382643877 0.020826366321527 1495.8431023652 1495.8402721912 0.55301122403901 0.55422054609179 36.382102291365 36.301911711077 63.617897708635 63.698088288923 1.9297902782691 1.9352156427071
27 12 2 2.7099531569768 0.030901936274579 0.030901936274579 0.020932529514281 0.0209346001911 1495.8454888805 1495.8379995166 0.55227965254704 0.55229690831752 2727965.0 2721701.0 0.02774962288739 0.014512982873578 0.012830076632215 0.0090752070120855 99.714512466252 99.736635288006 5.9049089232955 5.8907672467747 0.0016385899580584 0.00085492604164676 0.00075760433992131 0.00053459932224494 5.8880511444404 5.875253044581
1 7 2 2.8103131705578 0.030141981570077 0.030141981570077 0.020420097263992 0.020422536312858 1495.8430566778 1495.8437365576 0.55323548489738 0.55348776809379 36.355043560949 36.35304680452 63.644956439051 63.64695319548 2.4321123312013 2.4310475375171
2 10 2 2.9106255830394 0.030616239964333 0.030616239964333 0.020734600449549 0.020737187209716 1495.8463887146 1495.841408841 0.55338300508541 0.55323297459463 0.045988664892889 0.02717512016398 1.408e-06 8.32e-07 0.010451969293838 0.0020903938587677 3.2e-07 6.4e-08 0.056440634186727 0.029265514022747 1.728e-06 8.96e-07
3 5 2 3.0109184196958 0.02978485914331 0.02978485914331 0.020169369112073 0.020173083190386 1495.8485903298 1495.8432625425 0.55287707321189 0.55276386881978 287.14596118168 287.15008827148
4 6 2 3.1112243265367 0.030983861674091 0.030983861674091 0.020986865523956 0.020989275574286 1495.8478740362 1495.8404278123 0.5530436213967 0.55370299781488 0.0 0.0 0.0 0.0
5 7 2 3.2115305768291 0.030935435928843 0.030935435928843 0.020950054146087 0.020952983451479 1495.8440200596 1495.8413591991 0.5522600381799 0.55372213241064 5.3581375687129e-05 1.3865983971713e-05 5.6137419912953e-07 5.268594946074e-07 0.010477039679001 0.037996545768566
6 8 2 3.3118682905347 0.03038826977404 0.03038826977404 0.020583414308684 0.020586360378855 1495.8481899091 1495.8425933598 0.55370603030388 0.55252834026523 5.987504511834 5.9312313204008 0.0018953169974912 0.0016331288686803 0.00058994768330737 0.00068670647847476 99.978521941992 99.979508854761
7 7 2 3.4121649495609 0.030566882641068 0.030566882641068 0.020702515380193 0.020706046405238 1495.8471490689 1495.8409809529 0.55315679398166 0.55289094369845 0.0 0.0 0.0 0.0 - -
8 10 2 3.5124322892531 0.029728945431953 0.029728945431953 0.020130067937896 0.020135884410179 1495.83802117 1495.846145659 0.55249649102964 0.55398568208075 505.02161384652 0.0 0.01501376 0.0 1.9116722498645 0.0 5.6832e-05 0.0 506.93328609638 0.0 0.015070592 0.0
9 19 2 3.6127878497462 0.030335319350735 0.030335319350735 0.020552036531783 0.020559924133988 1495.8449159777 1495.8452781261 0.55190759039686 0.55210426331617 0.19525146484375 0.0 6.4364400646739 0.0 0.01983642578125 0.0 0.65390528947141 0.0 0.0 0.0 0.0 0.0 0.0 0.0 0.0 0.0 538.65976524173 0.0 0.016340416 0.0 7.3208393632625 0.0 0.00022208 0.0 545.980604605 0.0 0.016562496 0.0 0.0 0.0
10 9 2 3.7131202567194 0.029188915635992 0.029188915635992 0.019774607942911 0.019777429863093 1495.8416188774 1495.8434995898 0.5524685084058 0.55261092258583 0.0 0.0 0.0 0.0 0.0 0.0 0.0 0.0 - -
11 7 2 3.8134554747384 0.029868548922589 0.029868548922589 0.020231212118149 0.020232609485175 1495.8420825585 1495.8451299871 0.5533945647279 0.55298233308405 64911749.0 64964256.0 96932401.0 97011841.0 96897218.0 96976146.0
12 10 2 3.9138079722609 0.029686083781092 0.029686083781092 0.020113190335958 0.020116354801365 1495.8435395752 1495.8477500823 0.55282696904799 0.55285057614968 0.0 0.0 0.0 0.0 - - 0.0 0.0 0.0 0.0 - -
13 9 2 4.0141121246903 0.029686555007327 0.029686555007327 0.020106815641828 0.0201166574736 1495.8443213497 1495.8429450995 0.0 0.0 0.55392643806373 0.55337964189184 0.19573974609375 0.0 6.5935486972281 0.0 0.01959228515625 0.0 0.65997166567204 0.0
14 10 2 4.1144342643689 0.029499596904923 0.029499596904923 0.019979156376934 0.019981356187866 1495.8434488931 1495.8452696648 0.5537133808335 0.55302201967423 1.2344575458902 1.2908650963175 3.6416e-05 3.808e-05 0.47295561512136 0.4794641786322 1.3952e-05 1.4144e-05 1.7334474150549 1.7876854443119 5.1136e-05 5.2736e-05
15 19 2 4.2147945298746 0.029295429076706 0.029295429076706 0.019844604975255 0.019852303180762 1495.8469464459 1495.8394364502 0.55241373763238 0.55193587201492 0.19464111328125 0.0 6.6440779130289 0.0 0.01959228515625 0.0 0.6687830072381 0.0 0.0 0.0 0.0 0.0 0.0 0.0 0.0 0.0 496.85949169366 0.0 0.014555712 0.0 0.16821736889727 0.0 4.928e-06 0.0 497.02770906256 0.0 0.01456064 0.0 0.0 0.0
16 13 2 4.3151127819368 0.02894836098662 0.02894836098662 0.019601008198055 0.019614651556856 1495.8449491332 1495.8447275492 0.55256797223808 0.5524445674887 206.0 206.0 0.183349609375 0.0 6.3336784234433 0.0 0.06109619140625 0.0 2.110523336174 0.0 0.0 0.0 0.0 0.0 0.01885986328125 0.0 0.6515002106671 0.0
17 9 2 4.4154488644746 0.029184830467019 0.029184830467019 0.019764578526849 0.019767650106315 1495.8437892959 1495.8410452316 0.55304915960974 0.5528553539565 0.20406867354153 0.20406211459432 1.1410766286206e-07 1.1404995167387e-07 5.5916305468043e-07 5.5889821538211e-07 162.0 165.0 2.0539379315171e-06 2.0909157806876e-06
18 8 2 4.5157541995007 0.029392999187209 0.029392999187209 0.019908834017246 0.019911785977745 1495.8455434096 1495.8465675898 0.55392735469269 0.55313545480328 0.19952265553202 0.19952268864594 0.00019895971375922 0.00019894790968253 0.00099717855713532 0.00099711923006195 5.011962162059 5.0119613302451
19 5 2 4.6160692399748 0.029228248527319 0.029228248527319 0.019796102202642 0.019798639574675 1495.8475453235 1495.8428670231 0.55378522920157 0.55217121175122 5.5956717649299 5.5746282821892
20 6 2 4.7163653181239 0.029877794925036 0.029877794925036 0.020233349400984 0.020235929364619 1495.8434355991 1495.842007301 0.55489237667855 0.55456674613235 0.0 0.0 - -
21 7 2 4.8166992629259 0.029362736494696 0.029362736494696 0.019893841320247 0.019897574428851 1495.8505233615 1495.844428076 0.55375942149732 0.55300481552804 94.040042122847 94.074705340105 5.9599578771528 5.9252946598955 1.0443685965962 1.0450979754249
22 7 2 4.9170333364088 0.029867335515035 0.029867335515035 0.020231148230746 0.020233289138398 1495.8436257734 1495.8389804103 0.55351903942573 0.55313229001084 0.0 0.0 0.0 0.0 - -
23 9 2 5.0173740242769 0.029037980966821 0.029037980966821 0.019672085425922 0.019675396243323 1495.8443666223 1495.8426141251 0.55273387973507 0.55251692709781 0.0 0.0 0.0 0.0 0.0 0.0 0.0 0.0 - -
24 6 2 5.1176866823399 0.029297674650955 0.029297674650955 0.01984695929402 0.019849942065465 1495.8476477855 1495.8446094041 0.55275578047139 0.55338429295031 0.0 0.0 0.0 0.0
25 13 2 5.2180321159999 0.029339588412121 0.029339588412121 0.01987508923472 0.019878578574367 1495.8468776342 1495.8500721714 0.55222727182885 0.55346439582181 1.8108486324629 1.8068009569345 175457912.0 175488716.0 63648470.0 63517546.0 16151153.0 13073292.0 357164.0 354716.0 9.2051437384026 7.4496482155582 0.35080948643684 0.34904067564093 36.275634010736 36.194661085787 54.168412764424 56.006650023013
26 7 2 5.3183863008748 0.028836516346023 0.028836516346023 0.019535410787575 0.01953985707896 1495.8411101474 1495.8462443399 0.5528721469267 0.55432278360861 36.388532894907 36.292713363861 63.611467105093 63.707286636139 1.9295238045655 1.9359153971852
27 12 2 5.418734458585 0.02933283175288 0.02933283175288 0.019874659240781 0.019877347495829 1495.8464112711 1495.8446015244 0.552990306643 0.55414432214706 2595591.0 2614614.0 0.0039682677278508 0.0056222448131923 0.0 0.0 99.748381004557 99.762986046889 5.9174240175705 5.9599864707709 0.00023481922760934 0.00033508503021988 0.0 0.0 5.9025346547014 5.9458604712317
1 7 2 5.5190890131912 0.028923417713332 0.028923417713332 0.019591461788884 0.019593583666246 1495.8495040597 1495.8497243696 0.55294408496583 0.55271892901206 36.369738457685 36.380976770147 63.630261542315 63.619023229853 2.4312111794381 2.4293143781758
2 10 2 5.6194020899206 0.029323146241348 0.029323146241348 0.019861644787763 0.019863853660738 1495.8450557795 1495.8475695657 0.55406854452937 0.55276541762418 0.080755318017713 0.0480166755781 2.368e-06 1.408e-06 0.010912880813205 0.0043651523252818 3.2e-07 1.28e-07 0.091668198830918 0.052381827903382 2.688e-06 1.536e-06
3 5 2 5.7197128431422 0.028437798235799 0.028437798235799 0.019260303021441 0.019263229155118 1495.8492897408 1495.8439544208 0.55395948330942 0.55447477089527 287.13183285761 287.13430613181
4 6 2 5.8200079534651 0.029421031710947 0.029421031710947 0.019921606513717 0.01992686838897 1495.8478205913 1495.846208817 0.5531344867803 0.55188597878544 0.0 0.0 0.0 0.0
5 7 2 5.9203176373656 0.029069849453349 0.029069849453349 0.01969283252021 0.019695410671437 1495.8450731166 1495.8456135461 0.55325011739094 0.55248376561415 3.3707568815631e-05 1.3663408924438e-05 2.9277722158592e-07 1.0168118269349e-07 0.0086858006042296 0.0074418604651163
6 8 2 6.0206751833523 0.029398707368079 0.029398707368079 0.019915407170118 0.019918044677726 1495.8469271516 1495.8455535251 0.55316412533665 0.55372901210219 5.9247440360782 5.938750454085 0.00079629681030799 0.0010009262890355 0.0 6.142047682718e-05 99.979084695494 99.980354546745
7 7 2 6.120983870428 0.028909833710913 0.028909833710913 0.019584727784749 0.019586716903182 1495.8422865599 1495.8409996761 0.55256551055991 0.55226877339448 0.0 0.0 0.0 0.0 - -
8 10 2 6.2212443546848 0.029145728657788 0.029145728657788 0.019739608973637 0.019743569992621 1495.8442590547 1495.8446819567 0.55248036075023 0.55262372022498 503.78345905847 0.0 0.014683136 0.0 286.3843308913 0.0 0.00834688 0.0 790.16778994976 0.0 0.023030016 0.0
9 19 2 6.3215929401234 0.029462976283059 0.029462976283059 0.019941487276697 0.019965371650263 1495.8471092923 1495.8457746718 0.55323921034417 0.55269336928739 0.187255859375 0.0 6.3556328313876 0.0 0.01898193359375 0.0 0.6442639538988 0.0 0.0 0.0 0.0 0.0 0.0 0.0 0.0 0.0 510.19747141579 0.0 0.015031936 0.0 2.4241950071103 0.0 7.1424e-05 0.0 512.6216664229 0.0 0.01510336 0.0 0.0 0.0
10 9 2 6.4219233081369 0.029360676692327 0.029360676692327 0.019891694069164 0.019894250471487 1495.8462737395 1495.840924631 0.55214415790043 0.55220262315434 0.0 0.0 0.0 0.0 0.0 0.0 0.0 0.0 - -
11 7 2 6.522259648943 0.029626301483589 0.029626301483589 0.020069701138621 0.020074309640576 1495.8450742079 1495.8453156755 0.55311623026325 0.55417188337786 64435552.0 64325907.0 96215851.0 96053933.0 96174741.0 96013627.0
12 10 2 6.6226178310851 0.029084733858935 0.029084733858935 0.019702894559627 0.019695875554241 1495.8496608794 1495.840150915 0.55256108832637 0.55419845410984 0.0 0.0 0.0 0.0 - - 0.0 0.0 0.0 0.0 - -
13 9 2 6.7229275766075 0.029927444952289 0.029927444952289 0.020270351081756 0.020280415386683 1495.8489606414 1495.8431634188 0.0 0.0 0.55292772780874 0.55346781827549 0.19171142578125 0.0 6.4058734745609 0.0 0.01953125 0.0 0.6526200292453 0.0
14 10 2 6.8232614108525 0.029241908650899 0.029241908650899 0.019810230380742 0.019813492263111 1495.8433983543 1495.8464958398 0.55313733478705 0.55203639588354 1.0855652542716 1.1118289297782 3.1744e-05 3.2512e-05 0.37206873634309 0.38738921372193 1.088e-05 1.1328e-05 1.4795203868702 1.5145386208789 4.3264e-05 4.4288e-05
15 19 2 6.9236166016142 0.029892701079525 0.029892701079525 0.020248910288078 0.020259820534717 1495.8471241856 1495.845371931 0.55386009636132 0.55304851386708 0.19537353515625 0.0 6.535827412735 0.0 0.01953125 0.0 0.65337856047335 0.0 0.0 0.0 0.0 0.0 0.0 0.0 0.0 0.0 496.92183923033 0.0 0.014854336 0.0 0.038537835605263 0.0 1.152e-06 0.0 496.96037706594 0.0 0.014855488 0.0 0.0 0.0
16 13 2 7.0238905149124 0.02879325777768 0.02879325777768 0.019500266372511 0.019513139910761 1495.8499629551 1495.8448696896 0.55295159984716 0.55285826405368 207.0 207.0 0.18072509765625 0.0 6.2766463958915 0.0 0.065185546875 0.0 2.263917038437 0.0 0.0 0.0 0.0 0.0 0.01824951171875 0.0 0.63381197986206 0.0
17 9 2 7.1242209952953 0.029270970622718 0.029270970622718 0.019823070842535 0.019827098920637 1495.8465529353 1495.8477697498 0.55316096809886 0.55345233809419 0.20407019261816 0.20405853249165 8.8506416418062e-08 1.3912650008722e-07 4.3370575233233e-07 6.8179702357171e-07 154.0 152.0 1.9471411611974e-06 1.9224752739325e-06
18 8 2 7.2245207934131 0.029222522222363 0.029222522222363 0.01978804015611 0.01979218377526 1495.8446620287 1495.8460724718 0.55354128706237 0.55175619410882 0.19952266203203 0.19952266649528 0.00019899538762914 0.00019899422151298 0.00099735732072979 0.00099735145388949 5.0119619987803 5.0119618866643
19 5 2 7.3248339326706 0.028845773222922 0.028845773222922 0.019541114437423 0.019543312435947 1495.8451700774 1495.8404052755 0.55366146727052 0.55297882708972 5.5723092730542 5.6257696254489
20 6 2 7.4251336021074 0.029336553533929 0.029336553533929 0.019866819214301 0.019869994554159 1495.8453646641 1495.8461918454 0.55393530307531 0.55349203865783 0.0 0.0 - -
21 7 2 7.5254855269088 0.028901720463838 0.028901720463838 0.019580595493153 0.019585171371753 1495.8417257374 1495.8437981033 0.55381814653579 0.5535701677854 94.051662440927 94.060696000916 5.9483375590727 5.9393039990837 1.0444427740521 1.0447299218744
22 7 2 7.6258090322372 0.030162079368986 0.030162079368986 0.020431186939082 0.020434766446057 1495.846183872 1495.8434829534 0.55355289511526 0.55354967086889 3.0666320573387e-08 5.1101285855524e-08 3.0666320573387e-08 3.0660771513314e-08 1.0 0.6
23 9 2 7.7261426354001 0.029538736774734 0.029538736774734 0.020008425869537 0.020011370580402 1495.8433945967 1495.8480959213 0.55333920128368 0.5537975549385 0.0 0.0 0.0 0.0 0.0 0.0 0.0 0.0 - -
24 6 2 7.8264542486095 0.029652868674977 0.029652868674977 0.020086995594536 0.020089928977847 1495.8432335386 1495.8428657642 0.5529501460931 0.55278486064772 0.0 0.0 0.0 0.0
25 13 2 7.9267989047463 0.028902108319278 0.028902108319278 0.019581504416063 0.019584764486023 1495.8442525576 1495.8429318147 0.55339682609278 0.5532133914368 1.8070215672548 1.8076207399875 172866136.0 172894916.0 62575790.0 62606955.0 15687860.0 12764700.0 348948.0 350676.0 9.0751493398337 7.3829238564771 0.34703442437101 0.34814036984176 36.198986943284 36.210986678174 54.378829292511 56.057949095507
26 7 2 8.0271477031428 0.029040863602691 0.029040863602691 0.019668297945061 0.019673730639824 1495.8485453255 1495.8405670137 0.55274541551274 0.5528725369299 36.402370452253 36.394204542885 63.597629547747 63.605795457115 1.9284192321687 1.9290408322476
27 12 2 8.1275103284046 0.028558083263222 0.028558083263222 0.019347062114676 0.019351530608067 1495.8465998668 1495.8425793248 0.55495182106393 0.5541122762076 2553144.0 2534759.0 0.030354731264668 0.016885234454242 0.020249543308172 0.011164769510632 99.769499879364 99.761713046487 5.979383461738 5.9349555995016 0.0018150257810946 0.001002131167731 0.0012107978436463 0.0006626241132427 5.9656009756454 5.9208133746111
1 7 2 8.2278726392134 0.02872246872278 0.02872246872278 0.019460320433977 0.019463244755245 1495.8459368673 1495.8426889932 0.55379626380278 0.55252837597651 36.338014690885 36.379442983994 63.661985309115 63.620557016006 2.4315999063012 2.4273837987117
2 10 2 8.3281804572393 0.029335149823472 0.029335149823472 0.019850688324704 0.019871455355487 1495.8454893894 1495.8413087555 0.55277827304765 0.55388989542659 0.18107969558586 0.034906929269564 5.312e-06 1.024e-06 0.034906929269564 0.0087267323173909 1.024e-06 2.56e-07 0.21598662485542 0.043633661586954 6.336e-06 1.28e-06
3 5 2 8.4284841855651 0.029067374609413 0.029067374609413 0.019687978436891 0.019690632709278 1495.8454876781 1495.8475182774 0.55288173618884 0.55294021156238 287.1571766684 287.14710612402
4 6 2 8.5287786071728 0.029261092089671 0.029261092089671 0.019815546628253 0.019818379875989 1495.8458831848 1495.8464819071 0.55374587880456 0.55311557624487 0.0 0.0 0.0 0.0
5 7 2 8.6290815108527 0.028792337980318 0.028792337980318 0.019497580382973 0.019499322560735 1495.8476471023 1495.846916813 0.55391950972552 0.55358828796462 4.7370708762475e-05 1.7597443883803e-05 7.4660356201727e-07 3.7304522853092e-07 0.015760869565217 0.021198830409357
6 8 2 8.7294357047897 0.02877347805648 0.02877347805648 0.01949382416616 0.019498141776535 1495.8455909123 1495.8473655368 0.55262466841317 0.55373043234569 5.9217363689204 5.9663112705935 0.0017850907408343 0.0020286967874924 0.00029983946037451 0.0010480438157607 99.979938648198 99.980156882167
7 7 2 8.8297440520388 0.028740788548857 0.028740788548857 0.019465977414304 0.019468626702567 1495.844253704 1495.8437538844 0.55353901411773 0.55321387631522 0.0 0.0 0.0 0.0 - -
8 10 2 8.9300056328028 0.02917185996491 0.02917185996491 0.019758692276835 0.019761303051416 1495.8452012596 1495.8439320372 0.552470880508 0.55357575863118 511.99806998821 0.0 0.014935936 0.0 0.12724591453768 0.0 3.712e-06 0.0 512.12531590275 0.0 0.014939648 0.0
9 19 2 9.0303555712044 0.029020164084129 0.029020164084129 0.019659955881401 0.019668619647587 1495.847984671 1495.8472268863 0.55324258735799 0.55253797034442 0.25872802734375 0.0 8.9154570799016 0.0 0.01904296875 0.0 0.65619783178328 0.0 0.0 0.0 0.0 0.0 0.0 0.0 0.0 0.0 512.22425748205 0.0 0.014864832 0.0 0.050723352071088 0.0 1.472e-06 0.0 512.27498083412 0.0 0.014866304 0.0 0.0 0.0
10 9 2 9.1306997651769 0.02999358880396 0.02999358880396 0.020315666280752 0.020319662641704 1495.8487433105 1495.8434355651 0.55304350196471 0.55318772654908 0.0 0.0 0.0 0.0 0.0 0.0 0.0 0.0 - -
11 7 2 9.2310351245638 0.02971217430902 0.02971217430902 0.020129700018951 0.020132842735455 1495.8463723329 1495.8405663494 0.55381094389036 0.55290580168092 64535702.0 64652053.0 96371915.0 96545138.0 96338585.0 96511370.0
12 10 2 9.3313864041477 0.029783108356608 0.029783108356608 0.020179435229409 0.020182643192622 1495.8449929559 1495.8440372892 0.55288330896353 0.5528577992946 0.0 0.0 0.0 0.0 - - 0.0 0.0 0.0 0.0 - -
13 9 2 9.4317033376826 0.030043799771674 0.030043799771674 0.020345573288079 0.020354930753655 1495.8457000826 1495.8440407173 0.0 0.0 0.55449969218569 0.55366911864355 0.2674560546875 0.0 8.9022046718493 0.0 0.01971435546875 0.0 0.65618715404092 0.0
14 10 2 9.532026554838 0.029663402393731 0.029663402393731 0.020096120618709 0.02009722800036 1495.8473853629 1495.8414866201 0.55358399433998 0.5535806493979 1.1197636589058 1.1542843112035 3.3216e-05 3.424e-05 0.38619979758024 0.42503553141512 1.1456e-05 1.2608e-05 1.5404841087837 1.587950005693 4.5696e-05 4.7104e-05
15 19 2 9.6323487661067 0.029645959773414 0.029645959773414 0.020073381234273 0.020090196308114 1495.8435044411 1495.8480448619 0.5526456412937 0.55362644993463 0.27777099609375 0.0 9.369607130846 0.0 0.020751953125 0.0 0.69999262238797 0.0 0.0 0.0 0.0 0.0 0.0 0.0 0.0 0.0 536.28299173022 0.0 0.015898624 0.0 287.78019214784 0.0 0.00853152 0.0 824.06318387806 0.0 0.024430144 0.0 0.0 0.0
16 13 2 9.7326576054248 0.029624603256735 0.029624603256735 0.020062134332737 0.020075787206683 1495.8454496225 1495.8459417609 0.55345740380054 0.55317374167682 206.0 206.0 0.270263671875 0.0 9.1229465432099 0.0 0.0697021484375 0.0 2.3528466468712 0.0 0.0 0.0 0.0 0.0 0.01971435546875 0.0 0.66547238786287 0.0
17 9 2 9.8329904147527 0.029105517654497 0.029105517654497 0.019715617214861 0.019719104288998 1495.8481776766 1495.8447962913 0.55368074814107 0.55308784269447 0.20405945985523 0.20405060850415 1.1452167110124e-07 6.3543781271324e-08 5.6121716279407e-07 3.1141186854159e-07 141.0 86.0 1.7941728472528e-06 1.0929530378668e-06
18 8 2 9.9332994334993 0.029244162380986 0.029244162380986 0.019803160627915 0.019807316027721 1495.8450432792 1495.8452085655 0.55299381898508 0.55368403360514 0.19952267834575 0.1995227021412 0.00019896310173923 0.00019895432454291 0.00099719542354203 0.0009971513136491 5.0119615889835 5.0119609912476
19 5 2 10.033601400164 0.029178668277796 0.029178668277796 0.019760516012983 0.019761809619618 1495.8485159855 1495.8459201514 0.55255864715945 0.55332595192728 5.5938728910313 5.6142512384098
20 6 2 10.133901641416 0.029139462255071 0.029139462255071 0.019737963759735 0.01973989850591 1495.8459051336 1495.8447895784 0.55315088015462 0.5528122184817 0.0 0.0 - -
21 7 2 10.234252647326 0.029051653777261 0.029051653777261 0.01968013387939 0.019682600114386 1495.8440863835 1495.8382690618 0.55315836502033 0.55196545298905 94.0480372499 94.094377319266 5.9519627500995 5.9056226807337 1.0475084483415 1.0474752052787
22 7 2 10.334592626542 0.029371046388103 0.029371046388103 0.019883167139827 0.019901261774137 1495.8488149426 1495.8412661672 0.55325047897211 0.55383959086759 7.3485309000738e-08 1.574961852849e-07 7.3485309000738e-08 1.3649669391358e-07 1.0 0.86666666666667
23 9 2 10.434920082015 0.029033773460268 0.029033773460268 0.019667815844375 0.019672762813635 1495.8462598997 1495.8464626311 0.5541175383408 0.554631152035 0.0 0.0 0.0 0.0 0.0 0.0 0.0 0.0 - -
24 6 2 10.535234540706 0.029923156793554 0.029923156793554 0.020266639722056 0.020270008083429 1495.8440379697 1495.8424135161 0.5534438094391 0.55308458617161 0.0 0.0 0.0 0.0
25 13 2 10.635585363563 0.028304121321268 0.028304121321268 0.019177292442283 0.019178706574089 1495.8446773145 1495.8447923803 0.55345588943445 0.55285810904791 1.8068287267154 1.80878236863 169297740.0 169310224.0 61277601.0 61348381.0 15274998.0 12440765.0 345032.0 342660.0 9.0225646249028 7.3479112519513 0.35099641613645 0.34988377311461 36.195167755931 36.234303842159 54.43127120303 56.067901132775
26 7 2 10.735932172841 0.028834821743987 0.028834821743987 0.0195365335747 0.019539722960724 1495.8448749808 1495.8467915155 0.55379158510238 0.55349955386272 36.327574258332 36.346744187654 63.672425741668 63.653255812346 1.9339836202757 1.9325544972633
27 12 2 10.836279577496 0.028427537284539 0.028427537284539 0.019256503306822 0.019259938727314 1495.8482190367 1495.8451339236 0.55451700453633 0.55421744649666 2531965.0 2526996.0 0.0046209169558031 0.0058567564016722 0.0 0.0 99.755367866459 99.773288125506 5.9576692805008 5.9449167188073 0.00027529894995333 0.00034817929050283 0.0 0.0 5.9430949070306 5.931438886677
1 7 2 10.936639511331 0.029046762086463 0.029046762086463 0.019680686210909 0.019683013343545 1495.8452661643 1495.8417603479 0.55383661408741 0.5538779629679 36.331794950155 36.333231393284 63.668205049845 63.666768606716 2.4354213769038 2.4343578063251
2 10 2 11.03695028902 0.028907150439989 0.028907150439989 0.01958267613822 0.019585092985081 1495.8409555805 1495.8399690799 0.55302567955758 0.55239432770697 0.05313564210311 0.037637746489703 1.536e-06 1.088e-06 0.011069925438148 0.0066419552628888 3.2e-07 1.92e-07 0.064205567541258 0.044279701752592 1.856e-06 1.28e-06
3 5 2 11.137241211773 0.029133443246128 0.029133443246128 0.019729798405912 0.019734024036551 1495.84589054 1495.8449549875 0.55369706216361 0.5535113884526 287.14129561311 287.13391317046
4 6 2 11.237551557202 0.0294949317652 0.0294949317652 0.019981251521269 0.019985003207061 1495.8480095686 1495.8412172097 0.55187514721771 0.55273356502071 0.0 0.0 0.0 0.0
5 7 2 11.337849381607 0.029070948679162 0.029070948679162 0.019686361315322 0.019689644493492 1495.8449791736 1495.8475673282 0.55239337447639 0.55315810965581 3.7277183960487e-05 1.7630202642568e-05 4.7041466798705e-07 1.7821143465411e-07 0.012619372442019 0.010108303249097
6 8 2 11.438192896833 0.029329214185324 0.029329214185324 0.019866349347373 0.019868434976564 1495.8482778237 1495.8457661801 0.55392094239909 0.55383936531046 5.9393722763973 5.9327031699489 0.0014710850031916 0.0011356952388737 0.0 0.0 99.980713961571 99.980230236896
7 7 2 11.538510397651 0.02899975001992 0.02899975001992 0.019642558118196 0.019645115879825 1495.8463055128 1495.8409920656 0.55422608435159 0.55355545631877 0.0 0.0 0.0 0.0 - -
8 10 2 11.638773785387 0.029275440022313 0.029275440022313 0.019822384845882 0.019825810298126 1495.8438231719 1495.8486015182 0.55303420479095 0.55356068660538 504.84802239472 0.0 0.014779648 0.0 1.665833202262 0.0 4.8768e-05 0.0 506.51385559698 0.0 0.014828416 0.0
9 19 2 11.739106333728 0.029006936219999 0.029006936219999 0.0196505721359 0.019659955428299 1495.8455534241 1495.8393515528 0.55278087587023 0.5523772852362 0.40478515625 0.0 13.954771134048 0.0 0.0189208984375 0.0 0.65228875928148 0.0 0.0 0.0 0.0 0.0 0.0 0.0 0.0 0.0 495.56809071374 0.0 0.014374912 0.0 0.052952851978246 0.0 1.536e-06 0.0 495.62104356572 0.0 0.014376448 0.0 0.0 0.0
10 9 2 11.839430213319 0.029158082034771 0.029158082034771 0.019754199315928 0.019755533248654 1495.8472867856 1495.843465081 0.55387253729378 0.55319530730554 0.0 0.0 0.0 0.0 0.0 0.0 0.0 0.0 - -
11 7 2 11.939758255106 0.02915259496775 0.02915259496775 0.019746915245785 0.019748333908613 1495.8455442882 1495.8395790628 0.55301756975729 0.55309246861525 63401570.0 63397096.0 94677030.0 94670487.0 94642206.0 94636176.0
12 10 2 12.040104125556 0.029386328617375 0.029386328617375 0.019910424405789 0.019913421676502 1495.8461603923 1495.839976481 0.55244407537002 0.55218907481236 0.0 0.0 0.0 0.0 - - 0.0 0.0 0.0 0.0 - -
13 9 2 12.140423029179 0.029367697963224 0.029367697963224 0.019886548188061 0.019895093694586 1495.8481126391 1495.838471923 0.0 0.0 0.55333997344811 0.55261076092248 0.42327880859375 0.0 14.413074158002 0.0 0.01959228515625 0.0 0.66713724653477 0.0
14 10 2 12.240755781416 0.029326063312982 0.029326063312982 0.019863675591593 0.019867021750962 1495.8447980794 1495.8435961504 0.55320926715781 0.55302677366022 1.1784738930404 1.1566503024286 3.456e-05 3.392e-05 0.47575427533855 0.44956596660431 1.3952e-05 1.3184e-05 1.6673223227461 1.6324045777671 4.8896e-05 4.7872e-05
15 19 2 12.341110790031 0.029796624393704 0.029796624393704 0.020186890119062 0.020194496797935 1495.84260758 1495.8430962583 0.55300669588968 0.55309929243435 0.42010498046875 0.0 14.099079644656 0.0 0.01959228515625 0.0 0.65753371581211 0.0 0.0 0.0 0.0 0.0 0.0 0.0 0.0 0.0 497.62200590524 0.0 0.014827456 0.0 0.24271205705865 0.0 7.232e-06 0.0 497.86471796229 0.0 0.014834688 0.0 0.0 0.0
16 13 2 12.441444345165 0.029338230918084 0.029338230918084 0.019870826449705 0.019884792417235 1495.8428831832 1495.8393048475 0.55306513048779 0.55307922562267 206.0 206.0 0.42352294921875 0.0 14.435872101535 0.0 0.06964111328125 0.0 2.3737325360789 0.0 0.0 0.0 0.0 0.0 0.01959228515625 0.0 0.6678073129547 0.0
17 9 2 12.541778904373 0.02972989150924 0.02972989150924 0.020137916120214 0.020140719010106 1495.8417613898 1495.8421947862 0.55332300021428 0.55313757286395 0.20406151387158 0.20405400047829 1.2449741017997e-07 8.710685843814e-08 6.10097454527e-07 4.2688140508868e-07 157.0 196.0 1.9546093398256e-06 2.4389920362679e-06
18 8 2 12.642102665251 0.028929952352521 0.028929952352521 0.019595295939266 0.019587561032485 1495.8445578723 1495.8450504616 0.55318518896383 0.55326632716283 0.19952265665571 0.19952267967755 0.00019900711591783 0.0001989997182981 0.00099741612934329 0.00099737893767116 5.011962133832 5.0119615555288
19 5 2 12.74239460839 0.030133784952207 0.030133784952207 0.02040537597518 0.020410283524552 1495.8450234293 1495.8444007369 0.55274664415757 0.55371733447197 5.6423128917291 5.6029656063496
20 6 2 12.842696817918 0.030203379629843 0.030203379629843 0.020454846573982 0.020457358572295 1495.8429102344 1495.8489230647 0.5540084525301 0.55342192699337 0.0 0.0 - -
21 7 2 12.943048591383 0.030618597001711 0.030618597001711 0.020742604952108 0.020745984641036 1495.8429525468 1495.8401451667 0.55288823892569 0.55239813139037 94.071252002989 94.10125257087 5.9287479970114 5.8987474291304 1.0471601258231 1.0467983856371
22 7 2 13.0433715838 0.029432727183609 0.029432727183609 0.019933712950029 0.019935888293445 1495.8425160744 1495.8403853334 0.55341882180416 0.55290264241967 3.1424002229009e-08 3.139126822785e-08 3.1424002229009e-08 0.0 1.0 0.0
23 9 2 13.143698375025 0.030196353827925 0.030196353827925 0.020451522163517 0.020454333209248 1495.8415353231 1495.8446247239 0.55249544396321 0.55269920112625 0.0 0.0 0.0 0.0 0.0 0.0 0.0 0.0 - -
24 6 2 13.244004741312 0.029821726252744 0.029821726252744 0.020198207251431 0.020201977967512 1495.8458771826 1495.8405672678 0.55417339441967 0.55233517231057 0.0 0.0 0.0 0.0
25 13 2 13.344340621766 0.02879721789046 0.02879721789046 0.019507524615831 0.019510800091265 1495.8432460278 1495.8431015452 0.55302968791821 0.55349546153015 1.8082211892897 1.8066995476991 172213040.0 172241956.0 62380765.0 62338932.0 15978889.0 12916258.0 349076.0 348184.0 9.2785592775088 7.4989034611288 0.34673797059735 0.34603996252806 36.22302062608 36.192652154972 54.151682125813 55.962404421371
26 7 2 13.444697563314 0.029177988624573 0.029177988624573 0.019769693143904 0.01977219743948 1495.8459878252 1495.8409385782 0.55364325377906 0.55382491858833 36.337087378427 36.325028109492 63.662912621573 63.674971890508 1.9315069350436 1.9321177940976
27 12 2 13.545054580984 0.028633238410427 0.028633238410427 0.019400179732674 0.019402049232139 1495.8467282393 1495.8383846277 0.55281577394068 0.55327087996848 2535811.0 2539209.0 0.0064673589632666 0.0046864988269969 0.00094644277511218 0.0 99.735666419934 99.752757650119 5.922529732743 5.9298945189188 0.00038303125752268 0.00027790443707128 5.6053354759417e-05 0.0 5.90687449787 5.9152333083647
1 7 2 13.645414081653 0.028874532522506 0.028874532522506 0.019559059548024 0.019561811690475 1495.8433433063 1495.8399087793 0.55329718326641 0.55305432461935 36.351140285456 36.364734480789 63.648859714544 63.635265519211 2.4329086438014 2.4311425502304
2 10 2 13.745723500036 0.028939575335956 0.028939575335956 0.019604785710669 0.019607206182348 1495.8421519305 1495.8414429319 0.55335602743724 0.55319976787046 0.039807080326044 0.01105752231279 1.152e-06 3.2e-07 0.004423008925116 0.0 1.28e-07 0.0 0.04423008925116 0.01105752231279 1.28e-06 3.2e-07
3 5 2 13.846017468541 0.029270424181527 0.029270424181527 0.019828982013167 0.019831712859818 1495.8406310874 1495.8420305169 0.55317952156534 0.552695668838 287.14775007035 287.14676569542
4 6 2 13.946321822148 0.028959674947273 0.028959674947273 0.019614486174571 0.019616925223438 1495.8428883633 1495.8414418117 0.5524604610364 0.55270538055136 0.0 0.0 0.0 0.0
5 7 2 14.046616482088 0.02934816201098 0.02934816201098 0.019880942408277 0.019883832293782 1495.8429847635 1495.8457172839 0.55371874554565 0.5520023509152 2.6905160130818e-05 1.3283143846435e-05 4.1644947669653e-07 1.5094481643676e-07 0.015478424015009 0.011363636363636
6 8 2 14.146937635816 0.029593437984742 0.029593437984742 0.02004003790025 0.020045396286261 1495.8452650125 1495.8445403619 0.55350057268513 0.55350705336238 5.9658381974835 5.9561377310173 0.040998431758548 0.035246106907796 0.036474201793906 0.032061231346128 99.963410487997 99.963867824093
7 7 2 14.247197465793 0.029270135102356 0.029270135102356 0.019819132025556 0.019821224451279 1495.8456753929 1495.8436709611 0.55247499336199 0.55233824138085 0.0 0.0 0.0 0.0 - -
8 10 2 14.347455315714 0.029826471138445 0.029826471138445 0.020199728315344 0.020202484082613 1495.8392594266 1495.8424785421 0.55421594737623 0.55352246452848 501.07007063052 0.0 0.014945152 0.0 0.7595937144169 0.0 2.2656e-05 0.0 501.82966434494 0.0 0.014967808 0.0
9 19 2 14.447807372821 0.029788725917048 0.029788725917048 0.02017614162989 0.020182628693353 1495.8479785922 1495.8429626706 0.55340842242003 0.55365522572914 0.420654296875 0.0 14.121258426641 0.0 0.0196533203125 0.0 0.65975699555692 0.0 0.0 0.0 0.0 0.0 0.0 0.0 0.0 0.0 504.50657211222 0.0 0.015028608 0.0 0.055860059427641 0.0 1.664e-06 0.0 504.56243217164 0.0 0.015030272 0.0 0.0 0.0
10 9 2 14.548130664285 0.030168290493241 0.030168290493241 0.020431851186832 0.020434570252826 1495.8451715 1495.8415303334 0.55344071672627 0.55359975455609 0.0 0.0 0.0 0.0 0.0 0.0 0.0 0.0 - -
11 7 2 14.648454417914 0.029594683109446 0.029594683109446 0.020045072318224 0.020049467862169 1495.8414481893 1495.8384498732 0.55394608226639 0.55412485804641 64247418.0 64241479.0 95945232.0 95935631.0 95911064.0 95901142.0
12 10 2 14.748806469584 0.029323216019079 0.029323216019079 0.019863468070809 0.019866717266318 1495.8419362947 1495.8398159026 0.55339478830336 0.55415767573895 0.0 0.0 0.0 0.0 - - 0.0 0.0 0.0 0.0 - -
13 9 2 14.849110664605 0.028922029408348 0.028922029408348 0.019589275571016 0.01959879932508 1495.8357410107 1495.8402449855 0.0 0.0 0.55352168929997 0.55347703421188 0.4049072265625 0.0 13.999959022434 0.0 0.01898193359375 0.0 0.65631402712946 0.0
14 10 2 14.949444901205 0.029373952585285 0.029373952585285 0.019901114062836 0.019903307530338 1495.8450288832 1495.8421331202 0.55261535707486 0.55333494076429 1.0414669224776 0.97392408859307 3.0592e-05 2.8608e-05 0.38129019128364 0.3703961858184 1.12e-05 1.088e-05 1.4380087214126 1.3595718820628 4.224e-05 3.9936e-05
15 19 2 15.049808381017 0.029201882513284 0.029201882513284 0.019777312509637 0.019787985783852 1495.8431712595 1495.842687593 0.55336168675914 0.55343650920446 0.42803955078125 0.0 14.657943733132 0.0 0.01971435546875 0.0 0.67510563607609 0.0 0.0 0.0 0.0 0.0 0.0 0.0 0.0 0.0 514.87968260814 0.0 0.015035456 0.0 0.32217101057509 0.0 9.408e-06 0.0 515.20185361871 0.0 0.015044864 0.0 0.0 0.0
16 13 2 15.150137927103 0.029923583615778 0.029923583615778 0.020268052494555 0.020281871656989 1495.8440465745 1495.8422126747 0.5532287848127 0.5524551453593 206.0 206.0 0.4185791015625 0.0 13.988267813678 0.0 0.06719970703125 0.0 2.2457105370166 0.0 0.0 0.0 0.0 0.0 0.01971435546875 0.0 0.65882334555529 0.0
17 9 2 15.250468904086 0.028633296407502 0.028633296407502 0.019398925092824 0.019400975833149 1495.8414842723 1495.8405795826 0.55323274376051 0.55430346875981 0.20405684818764 0.2040396011293 7.7531392202265e-08 9.061877424748e-08 3.7994996438919e-07 4.4412346302352e-07 790.0 468.0 1.0208299973298e-05 6.058512335403e-06
18 8 2 15.350770729383 0.028574348724157 0.028574348724157 0.019352974644615 0.019355789768265 1495.8428211679 1495.8398505564 0.55237178427881 0.55333841192563 0.19952266687655 0.19952268088949 0.00019909464249314 0.00019912907293143 0.00099785475810789 0.00099802725205826 5.011961877087 5.0119615250854
19 5 2 15.451082255597 0.028903151360424 0.028903151360424 0.019579988789376 0.019581510759493 1495.8428612846 1495.8425788639 0.55362378189176 0.55265987273817 5.6343747995124 5.5886384014346
20 6 2 15.551376334659 0.028556491968475 0.028556491968475 0.019344206211832 0.019347720018996 1495.8398652163 1495.8406716186 0.55315551758856 0.55252117936155 0.0 0.0 - -
21 7 2 15.651668107432 0.028758919884441 0.028758919884441 0.019470406487807 0.01948228320133 1495.8437415257 1495.8380327403 0.55221263365792 0.5537920966973 94.086402704686 94.009042654335 5.9135972953136 5.9909573456647 1.047202475882 1.0513164489182
22 7 2 15.752023155919 0.0284133796548 0.0284133796548 0.01925370676036 0.01925260390973 1495.8438693898 1495.8394030386 0.55321829136921 0.55353039991707 2.0597282602674e-07 2.1694874306081e-07 2.0597282602674e-07 2.1694874306081e-07 1.0 1.0
23 9 2 15.8523502036 0.028922641096249 0.028922641096249 0.019588505297363 0.01959120170825 1495.8394875558 1495.8425894529 0.55340396874193 0.55445800514901 0.0 0.0 0.0 0.0 0.0 0.0 0.0 0.0 - -
24 6 2 15.952653570351 0.028635609947073 0.028635609947073 0.019397887942005 0.01940115118368 1495.8421175889 1495.8388509244 0.55286137424899 0.55380900397864 0.0 0.0 0.0 0.0
25 13 2 16.053013340163 0.029032367031198 0.029032367031198 0.019669937721737 0.019673186917246 1495.8400339971 1495.8378930658 0.55319799455836 0.55304089663518 1.8076710505763 1.8081845412956 173646828.0 173675512.0 62880981.0 62909223.0 16284684.0 13147352.0 351368.0 350056.0 9.3780486448045 7.5700666424406 0.34801384336257 0.34656756906523 36.211995188303 36.222275826658 54.06194232353 55.861089961836
26 7 2 16.153384305223 0.029386407457149 0.029386407457149 0.019903714416068 0.019904942322891 1495.84298556 1495.8397178791 0.55206617748117 0.5531352169574 36.446239537399 36.374670148419 63.553760462601 63.625329851581 1.9223962101954 1.9270206445625
27 12 2 16.253743075491 0.02974075780497 0.02974075780497 0.020151117251318 0.020153851722785 1495.840179668 1495.8397288551 0.55257787032786 0.55345433291257 2630518.0 2647177.0 0.0045998544773311 0.0067619203400453 0.0 0.00067996964313304 99.732714241073 99.74603133829 5.9147755591319 5.9514260761014 0.00027207106838081 0.00040243069036266 0.0 4.0467890650993e-05 5.8989662063899 5.9363113189432
1 7 2 16.354104874295 0.029798135036268 0.029798135036268 0.020189154270499 0.020191190058453 1495.8408035349 1495.843012785 0.55354641742497 0.55300580190468 36.350746007047 36.361873757563 63.649253992953 63.638126242437 2.4314946726004 2.4296874036127
2 10 2 16.45441874214 0.029512020059637 0.029512020059637 0.019986761243398 0.019990608080641 1495.8395776752 1495.8399087578 0.55238729732617 0.55398510993815 0.052046589725004 0.023854686957293 1.536e-06 7.04e-07 0.013011647431251 0.004337215810417 3.84e-07 1.28e-07 0.065058237156255 0.02819190276771 1.92e-06 8.32e-07
3 5 2 16.55472612247 0.029654563277014 0.029654563277014 0.020089102066425 0.020091207179008 1495.8423019772 1495.8370623957 0.55450290105076 0.55291420824399 287.15478510801 287.14349293908
4 6 2 16.655028929186 0.029497459168985 0.029497459168985 0.019982683777162 0.019984194419725 1495.838901767 1495.8441217875 0.55379858857139 0.55317758191947 0.0 0.0 0.0 0.0
5 7 2 16.755331666124 0.029863656325587 0.029863656325587 0.020227116980928 0.020229584122128 1495.8442872752 1495.8366051142 0.55223880320062 0.55191752452835 3.399427498308e-05 1.3832906377814e-05 3.5874598781271e-07 1.2361846628967e-07 0.010553129548763 0.0089365504915103
6 8 2 16.855681779423 0.029706354665022 0.029706354665022 0.02012654506869 0.020129696847236 1495.8449714188 1495.8398381563 0.5532399423871 0.55366533729688 5.9196735087381 5.9348947007836 0.0011503971357768 0.0010804386824149 8.7799390010361e-05 0.0 99.980510786684 99.980801955162
7 7 2 16.955987650922 0.029658748128459 0.029658748128459 0.020092069885499 0.020094302319786 1495.8402912528 1495.8382210879 0.55255294845371 0.55382149503526 0.0 0.0 0.0 0.0 - -
8 10 2 17.056253377571 0.027875370694422 0.027875370694422 0.018879777868691 0.01888255493176 1495.8417168543 1495.8378950334 0.55280569151952 0.55300722444068 494.00914344632 0.0 0.013770688 0.0 0.075765808575332 0.0 2.112e-06 0.0 494.08490925489 0.0 0.0137728 0.0
9 19 2 17.15659994308 0.027948933640677 0.027948933640677 0.0189333195903 0.018943237996335 1495.8374220846 1495.8353178841 0.55221990671675 0.55194449857234 0.39093017578125 0.0 13.98730201328 0.0 0.0181884765625 0.0 0.65077533176539 0.0 0.0 0.0 0.0 0.0 0.0 0.0 0.0 0.0 494.28662208043 0.0 0.013814784 0.0 0.041218030527054 0.0 1.152e-06 0.0 494.32784011095 0.0 0.013815936 0.0 0.0 0.0
10 9 2 17.256873651576 0.027508281832792 0.027508281832792 0.018630504627771 0.018633282597045 1495.8420086031 1495.8427445478 0.55292079276821 0.55295186479898 0.0 0.0 0.0 0.0 0.0 0.0 0.0 0.0 - -
11 7 2 17.357202932144 0.027401832732582 0.027401832732582 0.018562014160071 0.018566373455844 1495.8393286897 1495.8377234919 0.55289137826816 0.55240822707054 59615015.0 59682599.0 89018649.0 89118257.0 88983668.0 89082414.0
12 10 2 17.457546489055 0.028037098256776 0.028037098256776 0.018989637468774 0.018999364665703 1495.835957733 1495.8432746733 0.55309529718381 0.55234041172055 0.0 0.0 0.0 0.0 - - 0.0 0.0 0.0 0.0 - -
13 9 2 17.557868099511 0.027214399779127 0.027214399779127 0.018427910423316 0.018437740927535 1495.8335357376 1495.8379973512 0.0 0.0 0.55262960332989 0.55203282397304 0.393310546875 0.0 14.452295478391 0.0 0.01837158203125 0.0 0.67506842628735 0.0
14 10 2 17.658196308945 0.028222235794746 0.028222235794746 0.019119118657408 0.019122479316045 1495.8357893349 1495.8378864499 0.55294379421958 0.55194431218412 1.1315900069811 1.056755397301 3.1936e-05 2.9824e-05 0.41045649551821 0.39458248740424 1.1584e-05 1.1136e-05 1.5579205106133 1.4672118928192 4.3968e-05 4.1408e-05
15 19 2 17.758547703617 0.028648838717408 0.028648838717408 0.019409274399003 0.019417037851219 1495.8443308495 1495.8373269081 0.55371128983939 0.55373854932019 0.39111328125 0.0 13.651976790681 0.0 0.01824951171875 0.0 0.63700703189974 0.0 0.0 0.0 0.0 0.0 0.0 0.0 0.0 0.0 496.12175000182 0.0 0.014213312 0.0 0.20552316476348 0.0 5.888e-06 0.0 496.32727316658 0.0 0.0142192 0.0 0.0 0.0
16 13 2 17.858874881792 0.029522445940079 0.029522445940079 0.019990748089205 0.020005745317225 1495.8440428977 1495.8373182645 0.55278206768333 0.55270607598756 205.0 205.0 0.4178466796875 0.0 14.153525102073 0.0 0.06561279296875 0.0 2.2224714409478 0.0 0.0 0.0 0.0 0.0 0.01959228515625 0.0 0.66364030934347 0.0
17 9 2 17.959207588719 0.029097843916506 0.029097843916506 0.019712033176865 0.019713363031671 1495.8420582078 1495.8400631029 0.5532457246937 0.55267534337543 0.20406899486532 0.20405427433053 1.017355538661e-07 1.2702976414079e-07 4.9853508580879e-07 6.2252929794072e-07 97.0 113.0 1.2335435906264e-06 1.4354363347909e-06
18 8 2 18.059520024762 0.029470840323952 0.029470840323952 0.019964100245634 0.0199670032711 1495.839422984 1495.8388958239 0.55417950480486 0.55297064094042 0.1995226660188 0.19952268982001 0.0001989520466956 0.00019894093753006 0.00099714007769346 0.00099708428003616 5.0119618986334 5.0119613007529
19 5 2 18.159828613061 0.02940296924689 0.02940296924689 0.019915071421426 0.019917458816648 1495.8408078485 1495.8376259573 0.55262364761273 0.55316484674317 5.615089111405 5.6312937173105
20 6 2 18.260125731533 0.029381282871847 0.029381282871847 0.019903167068672 0.019906511415632 1495.8421935265 1495.8387352087 0.55272958517541 0.55150544356118 0.0 0.0 - -
21 7 2 18.360475189646 0.029760118859786 0.029760118859786 0.020164564416888 0.020166827209018 1495.8421802798 1495.8402734623 0.55245973542226 0.55166130777592 94.084014165944 94.124162690746 5.9159858340558 5.8758373092543 1.0482087011914 1.0480512829144
22 7 2 18.460803937366 0.029185808261456 0.029185808261456 0.019771719416713 0.019773636945006 1495.8389735169 1495.8408326318 0.5535300177081 0.55362106882657 0.0 1.056332478704e-08 0.0 1.056332478704e-08 - 1.0
23 9 2 18.56112736748 0.029122081256646 0.029122081256646 0.01972722750432 0.019729661569063 1495.8373315049 1495.8419421933 0.55318325605866 0.55380209236337 0.0 0.0 0.0 0.0 0.0 0.0 0.0 0.0 - -
24 6 2 18.661442949864 0.028861781321836 0.028861781321836 0.019545779577146 0.019548188268169 1495.8389414736 1495.8373292737 0.55335468339842 0.55352061871443 0.0 0.0 0.0 0.0
25 13 2 18.761785715659 0.029215866151798 0.029215866151798 0.019778897460953 0.019784863003843 1495.8369711545 1495.8372859081 0.55328695022044 0.5540306943881 1.8073804191506 1.804954148081 174608728.0 174661392.0 63221204.0 63155350.0 16010493.0 12975218.0 356348.0 356732.0 9.1693543520917 7.4287842616072 0.35450862456314 0.35246484237341 36.207356140868 36.158735068366 54.268780882477 56.060015827654
26 7 2 18.862147953971 0.027806850775083 0.027806850775083 0.018840529254363 0.01884375488856 1495.8413124077 1495.8304784711 0.55306031471978 0.55374364377335 36.376142235062 36.330986239765 63.623857764938 63.669013760235 1.9291507344655 1.9320103264814
27 12 2 18.962508658986 0.029383486760699 0.029383486760699 0.019905044270875 0.019908034745056 1495.8410096031 1495.8406827338 0.55294641406849 0.55272606171613 2608334.0 2603591.0 0.0043706059116662 0.012905252783559 0.0 0.0066062603534887 99.738262047729 99.745505342429 5.9373981987813 5.9257113603695 0.0002595002766751 0.00076472803027977 0.0 0.00039146792026226 5.9218577743176 5.9106307415342
1 7 2 19.062864774076 0.028853881032771 0.028853881032771 0.019550576569595 0.019552629122329 1495.8406424543 1495.8333992051 0.55295121147929 0.55261241384129 36.369066054922 36.383979294417 63.630933945078 63.616020705583 2.4310654552506 2.4288346554503
2 10 2 19.163176420815 0.029815284046393 0.029815284046393 0.020198758223644 0.020200753685507 1495.8385567278 1495.8398711547 0.55256106947126 0.55214911793679 0.045077551429955 0.012879300408559 1.344e-06 3.84e-07 0.0064396502042793 0.0 1.92e-07 0.0 0.051517201634234 0.012879300408559 1.536e-06 3.84e-07
3 5 2 19.263485864571 0.029595751524313 0.029595751524313 0.020045388130422 0.020048096775067 1495.8354984857 1495.8352269555 0.55229576556587 0.55297194111163 287.13339907661 287.12738499094
4 6 2 19.363788072286 0.0292509552884 0.0292509552884 0.019815330045426 0.019817964381319 1495.8380647801 1495.8385785196 0.5536657255413 0.55348281846374 0.0 0.0 0.0 0.0
5 7 2 19.464090299032 0.030021271532839 0.030021271532839 0.020337744589154 0.020339326821857 1495.8371985265 1495.8372033305 0.55332101122121 0.55354584351436 3.1138941166533e-05 1.2997318211788e-05 2.7120217959768e-07 9.8651371626475e-08 0.0087094220110847 0.0075901328273245
6 8 2 19.564436882665 0.0296293825782 0.0296293825782 0.020071751425844 0.020074352232178 1495.8420600571 1495.8337524595 0.55184340445642 0.55218621630976 5.8962137171512 5.908439535139 0.0012370618399764 0.0016499544637396 0.00034086922962854 0.00067713589483159 99.979859369094 99.979773950821
7 7 2 19.66475626567 0.029834091410383 0.029834091410383 0.020208397065654 0.020213009645528 1495.83889456 1495.8352559078 0.55277437076527 0.55314911732085 0.0 0.0 0.0 0.0 - -
