1 7 1 0.10063281065917 0.10064219024142 0.0014586985018551 1797.806144576 1.4849984992275 31.71456798771 68.28543201229 10.025248542477
2 10 1 0.2007337342396 0.075158976672811 1.6934425886728e-05 2199.4580966654 6.1196399345336 1.1027292236934 8.288e-05 0.056200871632251 4.224e-06 1.1589300953257 8.7104e-05
3 5 1 0.30110043378598 0.080073120523973 1.6289041786581e-05 2196.3844724512 5.9261822376009 1.9704749679076
4 6 1 0.40146410614125 0.080008074864701 1.5626447443764e-05 2190.6542250973 6.6531045121481 0.0 0.0
5 7 1 0.50183682112035 0.080025180034311 1.9855638129497e-05 2192.0375505742 7.0213004484305 0.48894939141576 0.20707879564382 0.42351785129381
6 8 1 0.60229954929182 0.080050453728573 1.5568023198908e-05 2199.9235057868 6.6282298495951 83.516611392331 43.995461686158 41.38593122709 54.643044161285
7 7 1 0.7027578408439 0.079957273851546 1.5809419497419e-05 2198.8536535952 6.7310065561126 41.0 0.0079059005013498 85.756097560976
8 10 1 0.80320632708666 0.079711228070109 1.2084307761485e-05 1104.0764881449 5.1450057848052 707.20315524958 0.056372032 63.592747505302 0.005069056 770.79590275489 0.061441088
9 19 1 0.90364878340387 0.072739386844163 1.4193468290876e-05 1312.620817372 4.8184194341943 0.49456787109375 6.7991756949136 0.04669189453125 0.64190662799073 9.6233970393466e-05 0.0 0.0 9.6233970393466e-05 575.44966786256 0.041857856 42.894615082261 0.003120128 618.34428294483 0.044977984 1.5563169749894e-07
Running without Marker API. Activate Marker API with -m on commandline.
10 9 1 1.0037814408602 0.072738162199526 1.406801467983e-05 1377.9736896682 5.9895873505592 9.6235590621584e-05 0.0 0.0 9.6235590621584e-05 0.0
11 7 1 1.1038219003291 0.061279812703284 0.060848321122575 2194.8701241911 0.31994176232178 338455336.0 504508691.0 504109420.0
12 10 1 1.2038544802243 0.067053188789396 0.066589134070881 2194.868955073 0.31948696461415 49.0 1.0647539340077e-07 35.163265306122 1.0 2.1729672122607e-09 60.0
13 9 1 1.303888152517 0.06674637001788 0.066281954337169 2194.8684955364 0.0 0.32022872500711 1.0277709960938 15.398155672262 0.043701171875 0.6547348097476
14 10 1 1.4039228827867 0.06675996610959 0.066291988361547 2194.8702160367 0.32097979248174 1.4935897336484 9.9712e-05 0.39880188010125 2.6624e-05 2.553865886033 0.000170496
15 19 1 1.5039595650602 0.066445905449119 0.065982790047529 2194.8659918044 0.32001107026253 1.0053100585938 15.129751815386 0.0430908203125 0.64850979185613 0.0 0.0 0.0 0.0 499.35405012138 0.033180032 0.048159476168933 3.2e-06 499.40220959755 0.033183232 0.0
16 13 1 1.6040004910173 0.066388858023677 0.065911345801192 2194.8730222589 0.32030929773624 209.0 1.0834350585938 16.319531482336 0.3123779296875 4.7052764422622 0.0 0.0 0.04656982421875 0.70147048172061
17 9 1 1.7040374033646 0.066002601301006 0.065533194649915 2194.8719083747 0.32080646655007 0.20333848571723 2.0685537743534e-06 1.0172957505103e-05 5140.0 1.1395891104155e-05
18 8 1 1.8040348852344 0.066038550780537 0.065579966654681 2194.8694539042 0.32014565273317 0.19976069644998 0.00010000810712814 0.00050063955976037 5.0059897555995
19 5 1 1.9040378571715 0.065902223013531 0.06543994321451 2194.8685810184 0.32125679748969 5.5027011468804
20 6 1 2.0040366886866 0.077931419048911 0.077385248374956 2194.8712073144 0.31944012118595 1.0 8.0
21 7 1 2.1040366859692 0.065772580972901 0.065314385889107 2194.8708501444 0.31955025889817 99.55606050189 0.44393949810955 4.0150009093361
22 7 1 2.2040390999322 0.065511027857015 0.065053463211583 2194.8687102959 0.31969223549497 1.7242391445755e-07 1.112412351339e-08 0.064516129032258
23 9 1 2.3040376144165 0.07768852183608 0.077147364777554 2194.87086421 0.31943995205104 0.0 0.0 0.0 0.0 -
24 6 1 2.4040377729319 0.065433661475596 0.064976451451742 2194.8724615236 0.31981225406888 0.0 0.0
25 13 1 2.5040404495776 0.065408627818928 0.064949719415864 2194.8677042855 0.32039897562082 3.121108605489 573632664.0 358364757.0 1700123.0 988992.0 0.29637834570731 0.58684594013984 62.472864515958 36.643911198195
26 7 1 2.6040397077255 0.077280024950866 0.076728611040608 2194.8672009406 0.31998364095598 63.030949336836 36.969050663164 1.6633286295722
27 12 1 2.7040391705848 0.065351108470516 0.064896883065063 2194.8682015279 0.32008024988165 618215.0 1.110940368642 0.98509418244462 55.188081816197 0.43143869855675 0.0047930266682106 0.0042500775202974 0.23810274194624
1 7 1 2.8040423490449 0.065109744780887 0.064652566913012 2194.8701669753 0.3207474319022 68.171996288642 31.828003711358 1.6057791201388
2 10 1 2.9040402176922 0.07723771311636 0.076699489498405 2194.8647226115 0.32017712528314 0.94875931773902 7.328e-05 0.058002753049547 4.48e-06 1.0067620707886 7.776e-05
3 5 1 3.0040403979468 0.065008281342322 0.06455488791623 2194.8669380608 0.31950846211078 571.70237610754
4 6 1 3.1040457874702 0.065194481675181 0.064735724541091 2194.8697444864 0.3202394511952 0.0 0.0
5 7 1 3.2040442901791 0.077203836112366 0.076658113357618 2194.8683291454 0.3204963823639 3.9621769696526e-05 3.2227599533327e-06 0.081338112305854
6 8 1 3.304042737634 0.064991401717472 0.064537795880752 2194.8688275099 0.31977035449904 0.43517887791269 0.0065060268222623 0.0045705698083695 99.749178665869
7 7 1 3.4040447720659 0.065257366090295 0.064798872091757 2194.8635577987 0.32026642934442 46.0 1.0296869307622e-07 39.891304347826
8 10 1 3.5040427186122 0.077028503594853 0.076493870124098 2194.8690705428 0.32008506208936 504.91189864681 0.038892608 0.49186986935745 3.7888e-05 505.40376851617 0.038930496
9 19 1 3.6040432865502 0.065178295894851 0.06472544730881 2194.865353453 0.32031510442517 0.5029296875 7.7162141261158 0.04248046875 0.65175789220589 0.00010739771428349 0.0 0.0 0.00010739771428349 501.23090135256 0.032669376 0.085427210447211 5.568e-06 501.31632856301 0.032674944 2.1423143066443e-07
10 9 1 3.7040462747918 0.065069651256081 0.06461289051014 2194.8674668084 0.31974395928691 0.00010757703268535 0.0 0.0 0.00010757703268535 0.0
11 7 1 3.8040455392804 0.077166315065938 0.076625326939529 2194.8664631079 0.32022411502749 425792494.0 634719688.0 634257425.0
12 10 1 3.9040448236966 0.065020024162637 0.064565676473879 2194.8704182928 0.31991378030766 46.0 1.0322680159852e-07 36.826086956522 1.0 2.2440609043156e-09 61.0
13 9 1 4.0040472757033 0.065124715880406 0.064669224616313 2194.8647854799 0.0 0.32042441125563 0.4957275390625 7.6119723880691 0.04241943359375 0.651356908361
14 10 1 4.1040455836647 0.077079954068217 0.076544556100368 2194.8628080609 0.32012496466841 1.1898294583678 9.1712e-05 0.35703186817735 2.752e-05 2.1264153823307 0.000163904
15 19 1 4.2040458626518 0.064831832876442 0.064379689004547 2194.8671001075 0.31962971547077 0.49896240234375 7.6962563019726 0.04254150390625 0.65618234158714 0.0 0.0 0.0 0.0 507.87199033462 0.032926272 0.48470016357379 3.1424e-05 508.35669049819 0.032957696 0.0
16 13 1 4.3040485592251 0.064945704899973 0.064490178309591 2194.8650978436 0.32045409921966 209.0 0.49261474609375 7.5850242422106 0.2193603515625 3.3775959765215 0.0 0.0 0.04248046875 0.65409204219782
17 9 1 4.404049173359 0.076845963608869 0.07630881563108 2194.8668934107 0.31958829946971 0.20333403867416 1.3808640864e-06 6.7911112935341e-06 3627.0 6.8796621447427e-06
18 8 1 4.5040475247989 0.064868989790368 0.064417862681493 2194.8680027934 0.32035623653527 0.19976069540769 0.00010001881476274 0.00050069316468196 5.0059897817192
19 5 1 4.604050075538 0.064682926233648 0.064230115238398 2194.8696355945 0.3200745758994 5.5032146389713
20 6 1 4.7040521090641 0.077112322005669 0.076567779511247 2194.8683783787 0.32067494167983 1.0 8.0
21 7 1 4.8040489876695 0.064824113629703 0.064371058520749 2194.8665795303 0.32012190095455 99.559889647886 0.44011035211375 3.8917155051203
22 7 1 4.9040522168545 0.065102610682399 0.064639858507503 2194.8647905874 0.31996928712664 1.5687006042792e-07 7.4700028775198e-09 0.047619047619048
23 9 1 5.004050716846 0.07700988482969 0.076473123176559 2194.863245603 0.32016279563715 0.0 0.0 0.0 0.0 -
24 6 1 5.1040500936541 0.065237612354918 0.064782806783125 2194.8693525162 0.31998645897153 0.0 0.0
25 13 1 5.2040529251919 0.065253068058638 0.064795310024425 2194.8677664653 0.32020608179064 3.1229887777517 572268928.0 357728101.0 1564742.0 987280.0 0.2734277406024 0.58525823020047 62.510488250727 36.63082577847
26 7 1 5.3040514152195 0.077143331239753 0.076607507544848 2194.8662024742 0.32033494194302 62.946086352946 37.053913647054 1.686948893229
27 12 1 5.4040515800756 0.065153490500349 0.064700416369549 2194.864888822 0.31987804797467 639979.0 0.5889255741204 0.45532744043164 53.341437765927 0.44798352777716 0.0026382895629265 0.0020397919305831 0.23896085467086
1 7 1 5.5040540764665 0.065120964953306 0.064665677041817 2194.8638711943 0.32052454022158 67.734649071385 32.265350928615 1.6665087173859
2 10 1 5.6040532766432 0.077265878131391 0.076703845501405 2194.8672927603 0.32018845838825 1.2399781419306 9.5808e-05 0.10353858900556 8e-06 1.3435167309362 0.000103808
3 5 1 5.7040561489421 0.065028146491375 0.064570353130874 2194.8660676709 0.32010284798691 571.71367403404
4 6 1 5.804055535714 0.065149590115879 0.06469378997322 2194.866317343 0.31979407576774 0.0 0.0
5 7 1 5.9040537956678 0.076986041397174 0.07645141245543 2194.8642325701 0.32063300967532 1.1100341061968e-05 2.2660347171334e-06 0.20414099931554
6 8 1 6.0040540347996 0.065086863310356 0.064632807289921 2194.8672660679 0.31981538020736 0.42688929346205 0.0041686395704674 0.0026179252706785 99.750674150794
7 7 1 6.1040567657934 0.06497452571583 0.064518179374416 2194.8665626027 0.3198236569351 45.0 1.0102861339797e-07 43.266666666667
8 10 1 6.2040605629164 0.07677007730832 0.076220460056813 2194.8654646705 0.31958340835654 796.07349820106 0.061114624 60.226798801191 0.004623616 856.30029700225 0.06573824
9 19 1 6.3040559768397 0.064607755516872 0.064158622984542 2194.8681350397 0.31951297342379 0.49267578125 7.6256445887729 0.04193115234375 0.64901112890077 0.00010834612569341 0.0 0.0 0.00010834612569341 506.09304933153 0.032697536 0.20802456133134 1.344e-05 506.30107389286 0.032710976 2.1399544911164e-07
10 9 1 6.4040583174327 0.064720272460243 0.064267287098061 2194.8660304374 0.31977183500593 0.00010815776469884 0.0 0.0 0.00010815776469884 0.0
11 7 1 6.5040566779306 0.076791570184008 0.076255652738569 2194.8638780361 0.32073710972241 423084398.0 630654843.0 630187638.0
12 10 1 6.6040569542003 0.064518369139651 0.064067484785777 2194.867598013 0.31963801202994 45.0 1.0168026226675e-07 37.333333333333 1.0 2.2595613837055e-09 60.0
13 9 1 6.7040596480562 0.064838601030823 0.064372342495432 2194.8665787257 0.0 0.3201309216323 0.50286865234375 7.7556986787037 0.04266357421875 0.6579965258422
14 10 1 6.8040595864616 0.077091114457688 0.076553064753764 2194.8668784888 0.32112056608189 1.3606756205032 0.000104896 0.37939521572299 2.9248e-05 2.3560691952338 0.000181632
15 19 1 6.9040583871794 0.065117775623599 0.064664671148423 2194.8662813358 0.31971764709739 0.4981689453125 7.6502758354658 0.04248046875 0.6523636340951 0.0 0.0 0.0 0.0 501.51688517083 0.032657664 0.10516329733963 6.848e-06 501.62204846816 0.032664512 0.0
16 13 1 7.0040609098387 0.064903055201228 0.064446944368398 2194.8625415192 0.32015492894588 209.0 0.49847412109375 7.6802874617883 0.22442626953125 3.4578691070155 0.0 0.0 0.04248046875 0.65452186523873
17 9 1 7.1040597440712 0.077234556395533 0.07669668015274 2194.8613716976 0.32034557193257 0.20333560958079 1.4414531391246e-06 7.0890344396457e-06 3498.0 6.617064410312e-06
18 8 1 7.2040600819354 0.065250537247164 0.064797879332496 2194.8664078663 0.31980371509508 0.19976069636711 0.0001000095568115 0.00050064681706809 5.0059897576761
19 5 1 7.3040624614779 0.065115903330357 0.064660756724018 2194.8627562433 0.32041767252121 5.502302602164
20 6 1 7.4040614225228 0.077316204504169 0.076775254421455 2194.8649824394 0.32124985963222 1.0 8.0
21 7 1 7.5040616326689 0.065068327879 0.0646137618919 2194.8647064024 0.31965581924608 99.570324124586 0.4296758754144 3.911753069403
22 7 1 7.6040653518929 0.065279101720985 0.064821994505686 2194.8639125389 0.32039220328547 1.5104189707549e-07 5.5941443361291e-09 0.037037037037037
23 9 1 7.7040656797933 0.077176388492714 0.076630846445514 2194.8667707085 0.31983691760078 0.0 0.0 0.0 0.0 -
24 6 1 7.8040630248869 0.065038488035616 0.064586944257709 2194.8654556919 0.319534765961 0.0 0.0
25 13 1 7.904065214211 0.065046505291294 0.064589997264179 2194.8650472304 0.31945931070941 3.130289105612 570455616.0 357428206.0 1700921.0 986524.0 0.29816885876709 0.59059634185458 62.656619722015 36.454615077363
26 7 1 8.0040644678299 0.077181705551897 0.076641957468762 2194.8670757042 0.32027371075549 62.956476728683 37.043523271317 1.6853214215622
27 12 1 8.1040637468113 0.065059472756245 0.064607851532246 2194.8623200878 0.31990009052322 618545.0 0.66527091804153 0.53237840415815 54.813958564049 0.43360012510329 0.0028846155329039 0.0023083934264526 0.23767339290778
1 7 1 8.204066588313 0.065056364948739 0.064601405843465 2194.8656683 0.32021343177938 67.807368434351 32.192631565649 1.6314330214981
2 10 1 8.3040649288832 0.077186987284792 0.076650991487461 2194.8612775902 0.32028637712772 0.93031225244036 7.1808e-05 0.088719617656968 6.848e-06 1.0190318700973 7.8656e-05
3 5 1 8.404065085587 0.065051854959357 0.064598001385724 2194.8682085125 0.32050688532657 571.69987985943
4 6 1 8.5040681281768 0.065176074867744 0.064717783316008 2194.8653050672 0.32079953137639 0.0 0.0
5 7 1 8.6040673337882 0.076833483465527 0.076296017551148 2194.8645242942 0.32004648304811 3.0043900952079e-05 2.8915402332784e-06 0.096243834576957
6 8 1 8.7040667441109 0.065060388522315 0.064608013217947 2194.8621844997 0.31989115801038 0.44421916537549 0.0068052922264895 0.005226643885528 99.738345346471
7 7 1 8.8040692196685 0.064761651318436 0.064306684513841 2194.8648786003 0.32036727398897 40.0 9.0251705078646e-08 44.25
8 10 1 8.9040676616886 0.077127657237691 0.076590053188472 2194.8609721944 0.32012931916355 503.60393912002 0.038841792 0.1576606944319 1.216e-05 503.76159981445 0.038853952
9 19 1 9.0040679569802 0.064921972881132 0.064469713519451 2194.8649728962 0.31996101019449 0.6591796875 10.153414294832 0.04248046875 0.65433114344475 0.00010782173876349 0.0 0.0 0.00010782173876349 503.29363927103 0.032674816 0.16659998949513 1.0816e-05 503.46023926052 0.032685632 2.1416137830836e-07
10 9 1 9.1040704397841 0.065158182555982 0.064702771908289 2194.863301981 0.32105273858489 0.00010743086632267 0.0 0.0 0.00010743086632267 0.0
11 7 1 9.2040742332839 0.077399061858802 0.076850728129082 2194.8628393084 0.32046559815669 426700838.0 636068858.0 635644717.0
12 10 1 9.3040700475717 0.064919194785644 0.064463127884223 2194.866384128 0.32014661637558 44.0 9.8967731472186e-08 49.522727272727 1.0 2.2492666243679e-09 61.0
13 9 1 9.4040721517504 0.065233653093302 0.064775646416372 2194.8653176987 0.0 0.31921377169591 0.65478515625 10.037536228632 0.04241943359375 0.65026917215688
14 10 1 9.504070476922 0.065087298095434 0.064631274672521 2194.8602296333 0.31953570000396 1.2605838988691 8.2048e-05 0.37463530847827 2.4384e-05 2.2635445672362 0.000147328
15 19 1 9.6040757966986 0.065281464959045 0.064808651132803 2194.8665021287 0.31979932362778 0.683349609375 10.46774317647 0.04620361328125 0.70776005578669 0.0 0.0 0.0 0.0 756.24381332392 0.049368704 36.313890956449 0.002370624 792.55770428037 0.051739328 0.0
16 13 1 9.7040785974391 0.064917577928636 0.064447856511259 2194.8625728495 0.32184157491877 209.0 0.70806884765625 10.907197561108 0.27166748046875 4.1848061670969 0.0 0.0 0.04779052734375 0.73617237223925
17 9 1 9.8040740004927 0.077022800663913 0.076483488271658 2194.8599749368 0.32059663558045 0.20330200181584 1.465588238747e-06 7.2089218288889e-06 5178.0 9.8300724096271e-06
18 8 1 9.9040722550118 0.064995582900638 0.064542677701956 2194.8672264705 0.32035384570917 0.19976069643927 0.00010001347735052 0.00050066644306544 5.0059897558679
19 5 1 10.004074757743 0.065179853874714 0.064724209982942 2194.8613178631 0.32055729167966 5.501563896336
20 6 1 10.104073119147 0.065158779479662 0.064703367473266 2194.863834408 0.32061955277628 1.0 8.0
21 7 1 10.204073447953 0.065042569580536 0.064588254047757 2194.8607020814 0.32013867222935 99.555925421949 0.44407457805132 4.0109632594638
22 7 1 10.304076291267 0.065221990889387 0.064763956132588 2194.8649771668 0.32075646133829 1.7377121594497e-07 7.474030793332e-09 0.043010752688172
23 9 1 10.404074420785 0.065108244772368 0.064652248523523 2194.8663887231 0.31944777766608 0.0 0.0 0.0 0.0 -
24 6 1 10.504074717888 0.065321274967748 0.064867463513921 2194.8649984108 0.31958725209141 0.0 0.0
25 13 1 10.604077474244 0.065072846020602 0.064616297685287 2194.8622056975 0.32044282271671 3.1206815353891 570687900.0 356476254.0 1695441.0 983604.0 0.29708725206895 0.58778747543097 62.464309125881 36.650816146619
26 7 1 10.704076073874 0.077084806450848 0.076545743607112 2194.8647919386 0.32026356381808 62.960663477458 37.039336522542 1.6850434769688
27 12 1 10.804079292189 0.064802650645489 0.064345433375214 2194.8613852894 0.32109647774836 649197.0 2.872625720698 2.6324828981033 55.329430049738 0.45694315022371 0.013126266462294 0.012028950283694 0.2528240406701
1 7 1 10.904078772259 0.065157775850774 0.064702527341683 2194.8634359343 0.31986192663243 66.44164146543 33.55835853457 1.7365547787591
2 10 1 11.004077058481 0.065054405698482 0.064599849675207 2194.8662718714 0.32011876552279 1.0929928455508 7.1104e-05 0.094444026258215 6.144e-06 1.187436871809 7.7248e-05
3 5 1 11.10407744707 0.065282187789237 0.064826660745956 2194.8634339687 0.3198877741346 571.72282393385
4 6 1 11.204080285855 0.065379293413197 0.064921377769394 2194.8631371886 0.32021183320356 0.0 0.0
5 7 1 11.304078488743 0.077181269861016 0.076642586548422 2194.8661126395 0.31931644890098 1.4910477808243e-05 2.3812987843587e-06 0.15970640344217
6 8 1 11.40407928766 0.065345185429631 0.064891656586104 2194.8623392166 0.32007172575065 0.43005454691488 0.0040326643298152 0.0027233396010624 99.7389258138
7 7 1 11.504081588398 0.06504232954294 0.064586504490719 2194.8659941605 0.32014296811495 42.0 9.4287663615811e-08 44.0
8 10 1 11.604079971541 0.069216756330672 0.068731779391894 2194.8657102546 0.31997569137117 500.07313019177 0.03461344 0.099860212561522 6.912e-06 500.17299040433 0.034620352
9 19 1 11.704081629159 0.065082910389355 0.064627617948855 2194.8640476648 0.31926097359343 1.0174560546875 15.633229193357 0.04290771484375 0.65927775182543 0.00010755511636039 0.0 0.0 0.00010755511636039 574.59065331099 0.037396032 12.366748739184 0.000804864 586.95740205017 0.038200896 1.8324177527145e-07
10 9 1 11.804083999644 0.065070101439797 0.064615870599529 2194.8617677301 0.31986728269516 0.0001075762884199 0.0 0.0 0.0001075762884199 0.0
11 7 1 11.904081365571 0.077047966567709 0.076511634264842 2194.8618049361 0.32037191632765 424968352.0 633513540.0 633023873.0
12 10 1 12.004081756877 0.065142724134855 0.064688770470074 2194.8604324096 0.31894836517117 44.0 9.8253393196565e-08 38.772727272727 1.0 2.2330316635583e-09 59.0
13 9 1 12.104084324827 0.06506261679584 0.064606882323843 2194.8645715232 0.0 0.31993871025567 0.98388671875 15.122151047772 0.04248046875 0.65291669536286
14 10 1 12.204082479708 0.064661581909528 0.064209313036921 2194.8650570479 0.319968532471 1.2797707318046 8.2752e-05 0.37908135365906 2.4512e-05 2.3299151606095 0.000150656
15 19 1 12.304086121938 0.064872887457431 0.064415292467621 2194.8651046816 0.3197868975291 1.04052734375 16.039479427099 0.04632568359375 0.71409930110091 0.0 0.0 0.0 0.0 680.53921646342 0.044148544 167.47877928402 0.010864832 848.01799574744 0.055013376 0.0
16 13 1 12.404085898205 0.064506600956873 0.064053671754429 2194.8640604957 0.32061072592405 209.0 0.9691162109375 15.023520020616 0.222900390625 3.4554663758213 0.0 0.0 0.0418701171875 0.64908267629065
17 9 1 12.504083882795 0.076743204873093 0.076208512978092 2194.8601652317 0.32013735511189 0.20333024281078 1.4592564664415e-06 7.1767802284065e-06 3195.0 6.0786498178366e-06
18 8 1 12.60408430037 0.064615998317309 0.064164077725666 2194.8634531815 0.31945530336684 0.19976069468636 0.00010000800230879 0.00050063903945573 5.0059897997956
19 5 1 12.704086954371 0.064728131200528 0.064262568321261 2194.8647189968 0.32040623916598 5.5035760874455
20 6 1 12.804085371934 0.064503475033323 0.064051806707605 2194.8640200437 0.32072914844182 1.0 8.0
21 7 1 12.904085695306 0.065182168199452 0.064727857648586 2194.8656254639 0.31923747010843 99.561655848994 0.43834415100577 3.8514797919561
22 7 1 13.004088453473 0.065150423453945 0.064692312609757 2194.86678321 0.31981018913806 1.6039504658393e-07 5.5951760436256e-09 0.034883720930233
23 9 1 13.104086727014 0.06527774030021 0.064820887615342 2194.8628970691 0.3195754264616 0.0 0.0 0.0 0.0 -
24 6 1 13.204087019588 0.065096297240746 0.064643921936378 2194.8649379729 0.32002915740629 0.0 0.0
25 13 1 13.304089989714 0.065035786933319 0.064581092775201 2194.8636617808 0.32024163516806 3.1226420620642 570376972.0 356505882.0 1698499.0 983984.0 0.29778533906169 0.59230161206438 62.503554578988 36.606358469886
26 7 1 13.404088306733 0.077154065902168 0.076615906596172 2194.8659427833 0.31995651077974 63.01011401393 36.98988598607 1.6929177224068
27 12 1 13.504088587532 0.064898451914215 0.064445291279299 2194.8626668459 0.31993880055903 623999.0 0.59935993487169 0.46794946786774 53.838067048184 0.43852675996128 0.0026283537028988 0.0020520836396964 0.23609433105218
1 7 1 13.604091410918 0.065131093634019 0.064652882132194 2194.8639947014 0.32004306470234 66.873435358546 33.126564641454 1.7221921305183
2 10 1 13.704089530472 0.076883703859441 0.07634925336074 2194.8624895709 0.31955298846207 0.92149566739818 7.0848e-05 0.059102251477209 4.544e-06 0.98059791887539 7.5392e-05
3 5 1 13.804096051343 0.065035447257477 0.064570446881406 2194.8678465057 0.31964240349586 571.70313035842
4 6 1 13.904092834839 0.064776218430154 0.064322169656135 2194.8689253949 0.32009092745429 0.0 0.0
5 7 1 14.004092515091 0.077045495539182 0.076507962142538 2194.8645884157 0.32054257574489 1.2364129957313e-05 2.2637211539402e-06 0.18308778391651
6 8 1 14.104091213453 0.064981373580808 0.064529834784814 2194.8685355974 0.32067946175949 0.42330677116074 0.0041977507383332 0.0028123034958203 99.743669801011
7 7 1 14.204094109303 0.064900280728949 0.064445875068847 2194.8670322737 0.31931782953892 43.0 9.6493908207176e-08 41.372093023256
8 10 1 14.304092318532 0.077134030462293 0.076596492536638 2194.8674616526 0.31997852404281 508.90160626559 0.039253632 1.3151134381548 0.00010144 510.21671970375 0.039355072
9 19 1 14.404092724331 0.065046771597154 0.06459196602536 2194.8672041338 0.3190451599041 0.99212646484375 15.252508932929 0.04248046875 0.65307574391376 0.00010761487200859 0.0 0.0 0.00010761487200859 501.15618653434 0.032598592 0.074776962492829 4.864e-06 501.23096349683 0.032603456 2.1470116542246e-07
10 9 1 14.504095281411 0.065143185188198 0.064688309416731 2194.8658691421 0.31983394025382 0.00010745559922772 0.0 0.0 0.00010745559922772 0.0
11 7 1 14.604093576691 0.064988579237674 0.064533905007205 2194.8689140538 0.31964491203028 359251201.0 535484810.0 535139821.0
12 10 1 14.704094024157 0.065121493941818 0.064666869077573 2194.8663732002 0.31980613011975 47.0 1.0527038347467e-07 36.531914893617 1.0 2.2397953930782e-09 59.0
13 9 1 14.804096708955 0.064977664320612 0.064521694340031 2194.8607336521 0.0 0.31959908329504 0.987060546875 15.190766814958 0.04241943359375 0.6528310002718
14 10 1 14.904095176338 0.07701043736906 0.076473458776291 2194.8645562363 0.31946650571463 1.2042004067004 9.2736e-05 0.36400260740841 2.8032e-05 2.1565907904676 0.00016608
15 19 1 15.004095455325 0.064920805302037 0.064469416869215 2194.8661543936 0.32028906455563 0.9862060546875 15.190909140749 0.04241943359375 0.6534027635116 0.0 0.0 0.0 0.0 501.71454048457 0.032571712 0.01084398132039 7.04e-07 501.72538446589 0.032572416 0.0
16 13 1 15.10409796168 0.065226332399551 0.06477044258247 2194.8644222577 0.3203620423347 209.0 0.994384765625 15.245143012699 0.2352294921875 3.6063577934534 0.0 0.0 0.04241943359375 0.65034215528025
17 9 1 15.204096428156 0.077186033475027 0.076646928058586 2194.8694556908 0.31968297115634 0.20328300596652 1.411070617813e-06 6.9414096426996e-06 3689.0 6.9684598515557e-06
18 8 1 15.304099342122 0.065071021734879 0.064608891846126 2194.8638913609 0.31992384089859 0.199760697429 0.0001000078613167 0.00050063832677721 5.0059897310653
19 5 1 15.404099834879 0.065152669843514 0.064695911362079 2194.8652176546 0.31962214078774 5.5013707178996
20 6 1 15.504097677258 0.077098461419704 0.076562536274947 2194.8664914856 0.32013899191223 1.0 8.0
21 7 1 15.60409856585 0.065281761156379 0.064825061552091 2194.8653833843 0.32052228367587 99.565568852388 0.43443114761235 3.9952582274252
22 7 1 15.704101256988 0.065082130493622 0.064623257869744 2194.8636721013 0.32079230731973 2.1349746718965e-07 4.1201265598003e-08 0.19298245614035
23 9 1 15.804099844842 0.077145267844954 0.076603075454459 2194.8697562943 0.32061239062473 0.0 0.0 0.0 0.0 -
24 6 1 15.904099519659 0.064967861728707 0.064515987332981 2194.8652617312 0.32055338101698 0.0 0.0
25 13 1 16.00410216279 0.065199470833951 0.064744627671365 2194.8668673402 0.31994825281045 3.1255054253802 571821304.0 357736366.0 1690057.0 987152.0 0.29555684410107 0.5882699676401 62.560867092143 36.555306096116
26 7 1 16.104100502455 0.077184823323227 0.076646452059506 2194.8676858112 0.32074265295656 62.868065745851 37.131934254149 1.6894627062985
27 12 1 16.204101124741 0.065057669303973 0.06458416163321 2194.868014927 0.31904161148565 620082.0 0.64652739476392 0.51654458603862 55.369289868114 0.43483700491649 0.0028113403593561 0.0022461270069886 0.24076616170604
1 7 1 16.304103620226 0.065226857764853 0.064771033165534 2194.8661888546 0.31884422598795 65.99661351157 34.00338648843 1.7488746196256
2 10 1 16.404101949927 0.077191442020237 0.076655239699994 2194.8678789293 0.31981417070093 0.94684071300079 7.3088e-05 0.065499488902857 5.056e-06 1.0123402019036 7.8144e-05
3 5 1 16.50410239377 0.065283684174547 0.064829737756185 2194.8666443491 0.31864782838697 571.71166801916
4 6 1 16.60410489469 0.065170988788134 0.064713747514102 2194.8674996837 0.31956271183097 0.0 0.0
5 7 1 16.704103456276 0.077272857337695 0.076733913154054 2194.8672135728 0.32073214808016 1.2974858918381e-05 2.3322185858543e-06 0.17974905164867
6 8 1 16.804105709912 0.065205747137712 0.064748153053706 2194.8698361785 0.31977054806075 0.45655903820223 0.014971694446211 0.013218095213513 99.72837398403
7 7 1 16.904107833112 0.065082010927725 0.064622963936916 2194.8705701764 0.32087454531722 46.0 1.0344502819998e-07 49.565217391304
8 10 1 17.004104680015 0.076894579827007 0.076357741180684 2194.8695433341 0.32055283318462 505.24112476332 0.038850304 0.60758508733786 4.672e-05 505.84870985066 0.038897024
9 19 1 17.104105034183 0.064946716681081 0.064494189654836 2194.8677017856 0.31941221250229 0.99346923828125 15.2966814806 0.04254150390625 0.65502162511384 0.00010778066017368 0.0 0.0 0.00010778066017368 504.6834955638 0.032777536 0.84056597145738 5.4592e-05 505.52406153526 0.032832128 2.1320579646863e-07
10 9 1 17.204109576782 0.0648230638049 0.064366248257922 2194.8635629872 0.32116949672764 0.00010798625657479 0.0 0.0 0.00010798625657479 0.0
11 7 1 17.304106246147 0.076868919355185 0.076270138780985 2194.8707219505 0.31989790636921 424206173.0 632387986.0 631960872.0
12 10 1 17.404106306836 0.064990968743998 0.064539521886932 2194.8655476049 0.32020624423237 45.0 1.0111601930266e-07 37.688888888889 1.0 2.2470226511703e-09 60.0
13 9 1 17.504109014279 0.064805288341629 0.064349555681235 2194.8677800184 0.0 0.31996796100452 1.0037231445312 15.488290696895 0.0426025390625 0.65739294049454
14 10 1 17.604107676409 0.076973122845544 0.076409778161003 2194.8628146416 0.32023455910298 1.304559257671 0.000100416 0.37748241107879 2.9056e-05 2.2765348932461 0.000175232
15 19 1 17.704109504318 0.064791352574077 0.064338301541232 2194.8681865123 0.31924966405483 0.9940185546875 15.341839847394 0.043701171875 0.67449080994313 0.0 0.0 0.0 0.0 599.23058336544 0.03882496 17.620129147555 0.001141632 616.850712513 0.039966592 0.0
16 13 1 17.804110543273 0.064808856296675 0.064355173919665 2194.8644503679 0.32101481808591 209.0 0.97821044921875 15.093777380375 0.21697998046875 3.3479989135356 0.0 0.0 0.04248046875 0.65547320501287
17 9 1 17.9041087054 0.076784225033597 0.076248574346919 2194.8711555102 0.31994856615905 0.20328076864161 1.41011893097e-06 6.9368044030571e-06 3600.0 6.8415473739784e-06
18 8 1 18.004109132033 0.06495323392824 0.064499698744095 2194.8663032004 0.32112641369432 0.19976069502887 0.00010001706712014 0.00050068441695042 5.0059897912122
19 5 1 18.104112180963 0.064988748622694 0.06453191450677 2194.8660158609 0.32008922694512 5.5025396612293
20 6 1 18.204110142908 0.077069309986027 0.076533373065841 2194.8651882515 0.32025373483573 1.0 8.0
21 7 1 18.304110569541 0.065286940533621 0.064833239587667 2194.8702142233 0.32005488119993 99.560508771927 0.43949122807263 3.9190202698494
22 7 1 18.404115710875 0.065089875102823 0.064628487066109 2194.8654309828 0.32069647753685 3.5943801260178e-07 2.2839290384071e-07 0.63541666666667
23 9 1 18.504111863932 0.077147129268569 0.076608008906391 2194.8722599891 0.32066800222407 0.0 0.0 0.0 0.0 -
24 6 1 18.604111860309 0.065117919646156 0.064663932466692 2194.8707320238 0.31971780075447 0.0 0.0
25 13 1 18.704114632064 0.065172827566693 0.064703977983979 2194.8676838316 0.32040697122489 3.1210307197034 571462288.0 356999894.0 1698446.0 985584.0 0.29721051339087 0.58810494945556 62.471295393687 36.643389143467
26 7 1 18.804113043287 0.077039904927721 0.076501672251743 2194.8671325559 0.31936058047785 63.141929721429 36.858070278571 1.6701098574655
27 12 1 18.904113444557 0.065097022788345 0.064642296021347 2194.8659856481 0.32097212785596 590230.0 0.6206055266591 0.48591227148739 51.187503176728 0.41353084006622 0.0025663952478908 0.0020093970982666 0.21167611189565
1 7 1 19.004116065949 0.06496719324665 0.064510867285786 2194.868622594 0.32110264754478 69.092489759103 30.907510240897 1.5545932308231
2 10 1 19.10411440199 0.076986282340571 0.076451112181986 2194.8698813743 0.31992559008449 0.97014685901569 7.4688e-05 0.058192185202312 4.48e-06 1.028339044218 7.9168e-05
3 5 1 19.20411473442 0.064938664099116 0.064487026570676 2194.8649659792 0.32083943944459 571.70741300279
4 6 1 19.304117357623 0.065161472429739 0.064704669563994 2194.8672581725 0.32048690223832 0.0 0.0
5 7 1 19.404115461779 0.077297049504076 0.076758399706165 2194.8698036004 0.31998325801616 1.0727683970949e-05 2.3430228454677e-06 0.21840901091165
6 8 1 19.504115918303 0.065002303953302 0.064549540059771 2194.8639592612 0.31931056001313 0.4385966420177 0.0038695081181614 0.002485887082982 99.746134307013
7 7 1 19.60411865292 0.065148035759225 0.064692365146287 2194.8671603927 0.31986189008999 46.0 1.0300793931453e-07 42.0
8 10 1 19.704123287005 0.07708067689841 0.076522422822491 2194.8671181156 0.32151187406791 852.02531480824 0.065674688 44.548856317463 0.003433856 896.57417112571 0.069108544
9 19 1 19.804117601284 0.0649540246936 0.064499484068963 2194.868864239 0.32065161687597 0.98968505859375 15.236701086072 0.04248046875 0.65400826123382 0.0001077685337132 0.0 0.0 0.0001077685337132 502.19299194887 0.032619456 0.16454715547523 1.0688e-05 502.35753910435 0.032630144 2.1452556262087e-07
10 9 1 19.904124620345 0.065281309161058 0.064817289768821 2194.8715029321 0.3205003338379 0.00010722824174267 0.0 0.0 0.00010722824174267 0.0
