1 7 1 0.10088422339341 0.10089274244549 0.0014621859135849 1496.804931196 1.4886267541016 31.719609291636 68.280390708364 10.044375287626
2 10 1 0.20133970884698 0.07075359073165 1.4925777790613e-05 1497.9946653975 5.3439273552781 1.1035482325715 7.808e-05 0.071459270797663 5.056e-06 1.1750075033692 8.3136e-05
3 5 1 0.30180827949208 0.070759399629148 1.4616446978895e-05 1498.1610090991 5.3494115697 1.9550706033376
4 6 1 0.40226760735063 0.070683124901001 1.4388185296455e-05 1495.0064407449 6.1687378640777 0.0 0.0
5 7 1 0.50272683466535 0.070690384890623 1.4559834458448e-05 1492.3583218331 5.1044776119403 0.4568116862496 0.19260082565894 0.42161974278763
6 8 1 0.60286705993827 0.070183271671678 1.4126409001912e-05 1500.1629943491 6.0565048543689 83.453560321888 42.425699721073 40.03077810907 57.051713635344
7 7 1 0.70299275073913 0.070252599817116 9.3637108818098e-06 1494.5729908356 4.0145631067961 47.0 0.009126213592233 37.468085106383
8 10 1 0.80310032915665 0.06992025805389 9.1336375987162e-06 1136.1649680164 3.9159223300971 565.09997388091 0.039511936 119.51077173599 0.008356224 684.6107456169 0.04786816
9 19 1 0.90347492573521 0.067380388501809 1.2564356337759e-05 1035.4675411476 4.2594810379242 0.7821044921875 11.607301613681 0.0433349609375 0.64313907801728 0.0001038877951826 0.0 0.0 0.0001038877951826 583.38636618197 0.0393088 16.385539242926 0.001104064 599.7719054249 0.040412864 1.7321217323276e-07
Running without Marker API. Activate Marker API with -m on commandline.
10 9 1 1.0039581114686 0.064897817161022 1.1997325332969e-05 1023.7644701503 5.1436893203883 0.00010786187126497 0.0 0.0 0.00010786187126497 0.0
11 7 1 1.1040242051369 0.040466635955235 0.027377079377941 1496.5039844265 0.32063172033564 151939970.0 226475698.0 226324143.0
12 10 1 1.2040776447747 0.057227453795049 0.038723219420927 1496.5017761586 0.3208607224619 48.0 1.8013114718367e-07 39.229166666667 1.0 3.7527322329932e-09 71.0
13 9 1 1.3041313706454 0.044772759079803 0.030290728793738 1496.5013847433 0.0 0.32131709987633 0.62890625 14.046627076947 0.0303955078125 0.67888395616458
14 10 1 1.4041919941855 0.056986592430062 0.038556742831702 1496.502882056 0.32087234793962 1.3802544887472 7.8656e-05 0.34478285439007 1.9648e-05 2.5044487468725 0.00014272
15 19 1 1.5042522889202 0.044374900778915 0.030024075217333 1496.5037864474 0.320295785459 0.6119384765625 13.790193686546 0.0294189453125 0.66296363025286 0.0 0.0 0.0 0.0 505.91482135025 0.02244992 2.477797089571 0.000109952 508.39261843982 0.022559872 0.0
16 13 1 1.6043092602734 0.044323379762108 0.029987608149063 1496.5061693026 0.32039188084146 204.0 0.609375 13.748387493703 0.09613037109375 2.16884117614 0.0 0.0 0.02862548828125 0.64583270578391
17 9 1 1.7043674725731 0.055909228991969 0.037818785040681 1496.5047705932 0.32017729101464 0.20333348321589 3.1862984656846e-06 1.5670308772026e-05 4399.0 1.6867060108961e-05
18 8 1 1.8044167899136 0.043866899875649 0.029681970738178 1496.5051868923 0.31978855226357 0.19976071761937 0.0001003511813158 0.00050235693239254 5.005989225096
19 5 1 1.9044655420347 0.043563440461654 0.029471284299487 1496.5059620648 0.32094429775352 5.5046113306983
20 6 1 2.0045151437965 0.055740692159901 0.037715741648365 1496.5050022277 0.31950516974264 1.0 8.0
21 7 1 2.1045699086201 0.043556697684019 0.02947126618348 1496.5036081596 0.31945955520142 99.556107754811 0.4438922451886 3.9256193854392
22 7 1 2.2046212667287 0.043346194216995 0.029325478526627 1496.5044976245 0.31963179173228 3.1251313017748e-07 1.2336044612269e-08 0.039473684210526
23 9 1 2.3046720569005 0.055470324349257 0.037532597427321 1496.500291681 0.31973380907875 0.0 0.0 0.0 0.0 -
24 6 1 2.4047208996016 0.048027316865395 0.032493697236665 1496.5025048031 0.31990193086867 0.0 0.0
25 13 1 2.5047720611516 0.042944987172298 0.029053864787631 1496.5046215691 0.31969816937308 3.1279503475449 256602820.0 160660320.0 777396.0 446320.0 0.30295691995902 0.58767826479849 62.610504436389 36.498860378853
26 7 1 2.6048264763363 0.054669911172786 0.036989786617478 1496.5001439825 0.31894578711966 63.217010660957 36.782989339043 1.6514355565411
27 12 1 2.7048824105482 0.042764448485896 0.028927877473029 1496.5013432655 0.32024710607114 286990.0 1.3847172375344 1.1014321056483 52.120282936688 0.44931681580904 0.0062217673996485 0.0049489196653973 0.23418519568179
1 7 1 2.8049505685355 0.042186383021526 0.028535947182379 1496.5052158467 0.32035429382686 66.229791360018 33.770208639982 1.7656464752991
2 10 1 2.905007107822 0.054558895378892 0.036912301287194 1496.4992461923 0.31942346634601 1.4064800884823 7.6736e-05 0.26393496239242 1.44e-05 1.6704150508747 9.1136e-05
3 5 1 3.0050616443839 0.042238357844297 0.028578355394995 1496.500314167 0.32031200499149 570.24075508299
4 6 1 3.1051095178787 0.042556148831068 0.028790355697062 1496.5061977322 0.32006377482612 0.0 0.0
5 7 1 3.2051572401048 0.054590559440928 0.036934561330233 1496.5006613928 0.31966975750878 3.8210841701506e-05 4.8567124403125e-06 0.12710299548625
6 8 1 3.3052224424656 0.042033738456198 0.02844000888783 1496.498976275 0.32091621176169 0.4439678271545 0.0099816362099364 0.0066119581275775 99.735543969553
7 7 1 3.40527213209 0.042279908716903 0.028603626318322 1496.5045289079 0.3203812085278 56.0 2.8407724277347e-07 34.785714285714
8 10 1 3.5053168099212 0.041949913882325 0.028385415396313 1496.5031790103 0.32027742262102 505.89090741714 0.02122208 2.4532112339654 0.000102912 508.3441186511 0.021324992
9 19 1 3.6053838528683 0.042193999896477 0.0285495726838 1496.5044496445 0.32034695098206 0.5726318359375 13.571404402106 0.02734375 0.64804830229625 0.00016590036538784 0.0 0.0 0.00016590036538784 494.23975094007 0.020853952 0.14106271068406 5.952e-06 494.38081365075 0.020859904 3.3557201413774e-07
10 9 1 3.7054380832698 0.041907110287866 0.028351494985662 1496.5059637833 0.32028224964071 0.00016703609368234 0.0 0.0 0.00016703609368234 0.0
11 7 1 3.80548944319 0.04208970332941 0.028477833750791 1496.504012163 0.31925308846032 158719673.0 236603933.0 236440741.0
12 10 1 3.9055482469773 0.04173821657047 0.028237645395444 1496.4993181595 0.31968934389979 45.0 2.3073563447759e-07 42.711111111111 1.0 5.1274585439465e-09 71.0
13 9 1 4.0056019565436 0.042038111660178 0.028440293309133 1496.5035404189 0.0 0.31989126580734 0.571533203125 13.595596485044 0.02734375 0.6504514337142
14 10 1 4.1056562032494 0.041655019716223 0.028184766131046 1496.5016043599 0.32051839027469 1.5779130690077 6.5728e-05 0.42866382303129 1.7856e-05 3.0897596706664 0.000128704
15 19 1 4.2057150523267 0.041702809741482 0.028212977735135 1496.5030758623 0.320398394676 0.559814453125 13.423902528278 0.02679443359375 0.64250907216684 0.0 0.0 0.0 0.0 504.76483792077 0.021050112 0.27317104220602 1.1392e-05 505.03800896298 0.021061504 0.0
16 13 1 4.3057720082814 0.042165166460464 0.028527178129412 1496.500009489 0.3198636334633 205.0 0.5701904296875 13.52278379411 0.08026123046875 1.9034961131722 0.0 0.0 0.02734375 0.64849145148375
17 9 1 4.4058344968644 0.041972342404225 0.028393578468861 1496.5017751652 0.31941750588737 0.20330729149829 3.5155246869391e-06 1.7291680298483e-05 6091.0 3.1033421548038e-05
18 8 1 4.5058937290953 0.041843396292856 0.028309115305756 1496.5034643043 0.3203259931723 0.19976071038003 0.00010033135688726 0.0005022577097187 5.0059894065132
19 5 1 4.6059429431745 0.041786177791991 0.028268208457182 1496.4996917605 0.31991107232294 5.5053277856708
20 6 1 4.7059908628651 0.041916845829782 0.028353003143207 1496.5050757174 0.31895224522825 1.0 8.0
21 7 1 4.8060461621109 0.04191936123729 0.028360670742976 1496.4983873819 0.32095159940613 99.551628263738 0.44837173626158 3.9397608957988
22 7 1 4.9060973879727 0.042167949984869 0.028529001958371 1496.4993909673 0.319920546191 3.1306697248402e-07 1.2691904289893e-08 0.040540540540541
23 9 1 5.0061478819478 0.041907422788979 0.028353191549675 1496.5016050051 0.32031830879104 0.0 0.0 0.0 0.0 -
24 6 1 5.1062020897043 0.042195455517603 0.028546082182239 1496.5035619597 0.31998490561494 0.0 0.0
25 13 1 5.2062536253498 0.042180900212146 0.028538073548647 1496.5041720517 0.32038446924205 3.1212499231494 252047368.0 157469962.0 766428.0 437616.0 0.30408093767518 0.5831046805456 62.476336590827 36.636477790952
26 7 1 5.3063072162562 0.042754626892949 0.028930697229447 1496.4996612187 0.32039931723718 62.922898055366 37.077101944634 1.6828717259895
27 12 1 5.4063646848938 0.042957788848321 0.029066665557854 1496.5035727429 0.31936008347245 294332.0 1.2193713221804 0.96319802128209 54.250302379626 0.45861129367784 0.0055921745953881 0.0044173349060811 0.24879801356734
1 7 1 5.5064186498958 0.04268280417341 0.028876459264559 1496.5031927582 0.32060357027269 67.027706443616 32.972293556384 1.6990284663278
2 10 1 5.6064688639786 0.042873436192857 0.029008173048829 1496.5032280517 0.32026468048465 1.6465206959959 7.0592e-05 0.17913189802313 7.68e-06 1.825652594019 7.8272e-05
3 5 1 5.7065227927485 0.042594751323609 0.028808207662809 1496.5020052306 0.32061279784484 570.30028823415
4 6 1 5.8065710629838 0.041970874101895 0.028395508729358 1496.5008094848 0.32029162024243 0.0 0.0
5 7 1 5.9066202399252 0.042048735792214 0.028449574592185 1496.5015393252 0.31999454338114 8.6294413114778e-05 6.7089576193721e-06 0.077744982290437
6 8 1 6.0066824948118 0.041966574267742 0.028389371932142 1496.4988650823 0.3197642239211 0.45951479105111 0.016656693283449 0.013073613778169 99.736658014205
7 7 1 6.1067323121541 0.042039920543431 0.028441829093587 1496.5026229794 0.31982222890393 53.0 2.6991652271331e-07 35.830188679245
8 10 1 6.2067772445152 0.041918647466633 0.028362172107018 1496.4971415638 0.31967711614582 538.13644674381 0.022557952 205.56999141872 0.008617216 743.70643816253 0.031175168
9 19 1 6.3068360845345 0.041949702830848 0.028382289026484 1496.5021282312 0.32048703963556 0.5697021484375 13.580600337854 0.0274658203125 0.65473217827666 0.00016686649791599 0.0 0.0 0.00016686649791599 504.20304728467 0.021151168 0.10984583177098 4.608e-06 504.31289311644 0.021155776 3.3087890512738e-07
10 9 1 6.406890446277 0.042993346040163 0.029089662016559 1496.5011192758 0.31988476592383 0.00016281589233508 0.0 0.0 0.00016281589233508 0.0
11 7 1 6.506941262717 0.042137698971344 0.028509995550106 1496.5023196796 0.31928880317061 158884245.0 236839485.0 236681029.0
12 10 1 6.6069987132386 0.04191750434662 0.028359578347781 1496.4988610245 0.32081277995255 45.0 2.3055093214124e-07 42.666666666667 2.0 1.0246708095166e-08 40.0
13 9 1 6.7070513512431 0.041829006748859 0.028291069045839 1496.4974542218 0.0 0.3198326650387 0.56951904296875 13.615409191716 0.0274658203125 0.65662138423235
14 10 1 6.8071064466839 0.041607189835749 0.028151374707786 1496.4995004308 0.3191537575176 1.6704805172947 6.9504e-05 0.40762185735091 1.696e-05 3.0979261158669 0.000128896
15 19 1 6.9071632241958 0.04231068962362 0.028624619599604 1496.4991808449 0.3202669797908 0.58367919921875 13.795076478567 0.02813720703125 0.66501414374354 0.0 0.0 0.0 0.0 504.47998342443 0.021344896 0.30706188236524 1.2992e-05 504.7870453068 0.021357888 0.0
16 13 1 7.0072198169246 0.041960804319658 0.028385837499265 1496.5016109584 0.32049281180944 204.0 0.57110595703125 13.610462580282 0.08099365234375 1.9302216355707 0.0 0.0 0.0274658203125 0.65455895705109
17 9 1 7.1072754159903 0.042275202178403 0.028603921609229 1496.4948607908 0.32056954851821 0.20329015403341 3.2078661751322e-06 1.5779741967262e-05 3296.0 1.6729631191829e-05
18 8 1 7.2073235204641 0.042418336746097 0.0286974300944 1496.4980736407 0.32056705405223 0.19976072908314 0.00010033830699624 0.00050229245486225 5.0059889378147
19 5 1 7.3073710560954 0.054026089133668 0.036554313146402 1496.4975121913 0.31986272757592 5.5055191106572
20 6 1 7.4074185138278 0.042369192549348 0.028664957152672 1496.4982499028 0.31991444901706 1.0 8.0
21 7 1 7.5074778601895 0.041978489165245 0.02839709252123 1496.5024206992 0.32033020529494 99.532267313032 0.467732686968 4.0947627092612
22 7 1 7.60753214041 0.054450123252409 0.036844106750865 1496.499481156 0.3202488316339 2.6561614366914e-07 3.2792116502362e-08 0.12345679012346
23 9 1 7.7075822774997 0.042074623565564 0.028466642134849 1496.4961464035 0.31952579645491 0.0 0.0 0.0 0.0 -
24 6 1 7.8076314761804 0.042295822722851 0.028610584223535 1496.4977064214 0.32121561636852 0.0 0.0
25 13 1 7.9076826676217 0.053993662387757 0.036532215694522 1496.4992702188 0.32068538107183 3.1183211303792 322651380.0 201391303.0 927026.0 558280.0 0.28731505812868 0.58537112099133 62.417617119753 36.709696701127
26 7 1 8.0077371471183 0.04224586874061 0.028582323706228 1496.4966463021 0.31953180593162 63.099999166529 36.900000833471 1.668530722275
27 12 1 8.1077929943733 0.042057294699506 0.028452730853425 1496.499703862 0.32080939468127 282873.0 1.343712549448 1.0531227794805 54.348417841222 0.45026689574901 0.0060502927841894 0.0047418632475928 0.24471293390237
1 7 1 8.2078454756744 0.05403833374249 0.036562362541009 1496.4975497988 0.32018637196391 66.389996735886 33.610003264114 1.7457827972576
2 10 1 8.3078949107689 0.042127838428983 0.028500849684203 1496.4951161271 0.32131534454432 1.6680656454392 7.0272e-05 0.1579952888212 6.656e-06 1.8260609342604 7.6928e-05
3 5 1 8.4079429074525 0.041793501187636 0.028273050865731 1496.5033861244 0.32035482323628 570.22731330397
4 6 1 8.5079903497863 0.054047853703928 0.036570352152795 1496.4974522566 0.31982993187484 0.0 0.0
5 7 1 8.6080387015436 0.041916679162522 0.028359360049903 1496.4962829332 0.31970894279363 5.8190405521824e-05 6.1830816080485e-06 0.1062560322892
6 8 1 8.7080917915425 0.04193245729842 0.028356921182522 1496.5002153258 0.32173670113263 0.44815152349973 0.01071202821178 0.0069092342394753 99.725234160513
7 7 1 8.8081470690491 0.053804349213586 0.036394196634174 1496.4977504949 0.32153549328214 52.0 2.0806671201374e-07 63.557692307692
8 10 1 8.9081998565106 0.041523541892939 0.02809282286884 1496.4974798959 0.32032007999253 509.91257091198 0.021173376 0.73211481039794 3.04e-05 510.64468572238 0.021203776
9 19 1 9.008257657577 0.041838547543704 0.028299113911444 1496.5002501031 0.31955337658877 0.6162109375 14.72830615968 0.030029296875 0.71774233662465 0.00016730982337969 0.0 0.0 0.00016730982337969 764.95198516555 0.03200448 48.171461925027 0.002015424 813.12344709058 0.034019904 2.0576189750565e-07
10 9 1 9.1083171434319 0.054307403541265 0.036747345536718 1496.4979264708 0.32033932484815 0.00012889586950481 0.0 0.0 0.00012889586950481 0.0
11 7 1 9.2083695287181 0.042105428928889 0.028484087849149 1496.5017263172 0.32011161465283 158335556.0 236019390.0 235858588.0
12 10 1 9.3084248678192 0.041833812019594 0.02829876970732 1496.4969819421 0.32044798300579 44.0 2.2565509378962e-07 42.159090909091 2.0 1.025704971771e-08 56.0
13 9 1 9.4084769858943 0.054272965918628 0.036724299258995 1496.498987015 0.0 0.32001784557988 0.7354736328125 13.551380882983 0.0352783203125 0.65001644401364
14 10 1 9.508532408329 0.041902120233864 0.028349340086684 1496.4950731827 0.32045922663699 1.6113743081056 6.752e-05 0.41391700236646 1.7344e-05 3.0684843459565 0.000128576
15 19 1 9.6085876106542 0.042211965540165 0.028556858941632 1496.5015021482 0.32107115879056 0.5697021484375 13.496224142783 0.0274658203125 0.65066433086054 0.0 0.0 0.0 0.0 509.26375317788 0.021497024 0.77475662603016 3.2704e-05 510.03850980391 0.021529728 0.0
16 13 1 9.7086455403442 0.054118122975906 0.036607468227 1496.4966398177 0.31994809105679 205.0 0.73541259765625 13.589026322729 0.10546875 1.9488619375612 0.0 0.0 0.0352783203125 0.65187627309628
17 9 1 9.808703021663 0.042206179287676 0.028554060018621 1496.4983780341 0.3192378540892 0.20333767607652 3.4330385973491e-06 1.6883435788148e-05 4079.0 2.0653929850424e-05
18 8 1 9.9087544477066 0.041839459684634 0.028303853511656 1496.4999977345 0.32010673522143 0.19976072419935 0.00010036839734924 0.00050244309912032 5.0059890602022
19 5 1 10.008802199824 0.05407590634006 0.036589741714598 1496.4992919304 0.31988917490095 5.5021602513747
20 6 1 10.108850157558 0.04213123608601 0.028503247790569 1496.4994427895 0.32132134576079 1.0 8.0
21 7 1 10.208900926897 0.041964739116279 0.028387496472564 1496.4997422881 0.32036929178517 99.543473387551 0.45652661244883 4.0536045671545
22 7 1 10.308952230657 0.054008906101462 0.036544183128444 1496.5001624228 0.32035156125218 2.5134611720254e-07 9.9215572579948e-09 0.039473684210526
23 9 1 10.409012873219 0.041836388115725 0.028311160149995 1496.5010886202 0.32019547680308 0.0 0.0 0.0 0.0 -
24 6 1 10.509064349082 0.042026638793234 0.028425733474674 1496.4967490812 0.32035239408711 0.0 0.0
25 13 1 10.609124322257 0.041900795953786 0.028352970081495 1496.498859013 0.32021400907259 3.1229114644179 250412540.0 156531873.0 633255.0 435260.0 0.2528846997838 0.5859263278109 62.509598361168 36.651590611237
26 7 1 10.709182725681 0.04212783027678 0.028490524919174 1496.498668798 0.31949555047318 63.115773312781 36.884226687219 1.6688558493982
27 12 1 10.809237099199 0.041990088844234 0.02841027101019 1496.5033942274 0.31924325080661 287077.0 1.6995440247738 1.4132096963532 52.995886121145 0.45764160507498 0.007777820553931 0.0064674355374663 0.24253122386852
1 7 1 10.909291226339 0.041846892682118 0.028315508897365 1496.5010746691 0.31961301790392 66.410976343234 33.589023656766 1.733109608129
2 10 1 11.009344859818 0.041489499199245 0.028068076403902 1496.503076493 0.32007118632086 1.6690488276913 6.9248e-05 0.19281987380907 8e-06 1.8618687015004 7.7248e-05
3 5 1 11.109393389112 0.042466381301248 0.028727715075438 1496.5001388454 0.32147264491762 570.26403463128
4 6 1 11.209441187426 0.054493620689918 0.036873904411326 1496.4985030939 0.31989959439177 0.0 0.0
5 7 1 11.309493300066 0.042403893759881 0.028688110767735 1496.5024912172 0.32046455517784 2.5270627296247e-05 5.5499255543509e-06 0.21961961961962
6 8 1 11.409545227923 0.042661173661598 0.028861715099734 1496.5015889917 0.32052380972595 0.45115339880903 0.0091688787260045 0.0059896645725071 99.730640845464
7 7 1 11.521604857056 0.066447500215894 0.044961418719423 1496.4996135613 0.32112093804221 77.0 2.4907022892213e-07 32.857142857143
8 10 1 11.621653469684 0.042680836775099 0.028873923929443 1496.5005918711 0.31989377563636 493.98244254434 0.021083584 0.031489541947877 1.344e-06 494.01393208629 0.021084928
9 19 1 11.721707717295 0.038365770683902 0.025958843802029 1496.5005387879 0.31874372794116 0.51995849609375 13.552666526048 0.02496337890625 0.65066799027511 0.00018245430432438 0.0 0.0 0.00018245430432438 517.13096456381 0.019840128 2.4121501627708 9.2544e-05 519.54311472658 0.019932672 3.5118221982482e-07
10 9 1 11.821761865269 0.042366691634645 0.028668027815781 1496.5022794849 0.32028101643813 0.00016522413551583 0.0 0.0 0.00016522413551583 0.0
11 7 1 11.921815874655 0.041878482468527 0.028333807875574 1496.5010346519 0.31985617643999 157644230.0 234999578.0 234801148.0
12 10 1 12.021868394905 0.041993783603768 0.028407577612917 1496.4968870993 0.31950586530361 43.0 2.1903603352109e-07 42.790697674419 1.0 5.0938612446765e-09 71.0
13 9 1 12.121928157029 0.042031043700225 0.028438127993451 1496.5055103125 0.0 0.32022543840901 0.57562255859375 13.695176420058 0.02862548828125 0.68105585208432
14 10 1 12.221986161901 0.041796457719904 0.028277823980555 1496.5049066401 0.32137835859815 1.5434800822673 6.4512e-05 0.39811986248959 1.664e-05 2.9399620614616 0.00012288
15 19 1 12.322040526361 0.041944978176342 0.02836400318238 1496.501371871 0.31942893635908 0.5736083984375 13.675258001708 0.02752685546875 0.65626105115667 0.0 0.0 0.0 0.0 514.73451504089 0.021590528 5.2487808927786 0.00022016 519.98329593366 0.021810688 0.0
16 13 1 12.422097222351 0.041573320149917 0.028129263668901 1496.5040671809 0.32020195597218 204.0 0.5718994140625 13.75640463644 0.08038330078125 1.9335309398283 0.0 0.0 0.02734375 0.65772350876466
17 9 1 12.522156864003 0.041684641198521 0.028199370802621 1496.5033372922 0.31984879795747 0.20331450002141 3.4469128444286e-06 1.6953600673172e-05 3390.0 1.7414358483775e-05
18 8 1 12.622205194021 0.041518852564646 0.028089478201132 1496.5043464117 0.31965642432657 0.19976071746908 0.00010034787831419 0.00050234039798002 5.0059892288621
19 5 1 12.722253874584 0.041706023521043 0.02821083189416 1496.5001023905 0.32157162551609 5.5045998160074
20 6 1 12.822305514397 0.041535762045153 0.028100470088102 1496.4986700255 0.32008686940728 1.0 8.0
21 7 1 12.922357354391 0.041735173987171 0.02823375860624 1496.5043584813 0.31893104016187 99.54556724867 0.4544327513301 3.9782755231007
22 7 1 13.02240970254 0.041539248470612 0.0281043432903 1496.5019055564 0.31961371315965 3.3894476994083e-07 1.28713203775e-08 0.037974683544304
23 9 1 13.122464165732 0.042359372768002 0.028659806319112 1496.5006193569 0.31970824527024 0.0 0.0 0.0 0.0 -
24 6 1 13.222512505714 0.042649000611002 0.028854919332779 1496.5006510676 0.3197286880901 0.0 0.0
25 13 1 13.322563643713 0.042315825511475 0.028632642273102 1496.5007837946 0.31965826526031 3.1283408210504 252882596.0 158350684.0 773685.0 439684.0 0.30594632143052 0.58943004523728 62.618261005198 36.486362628134
26 7 1 13.422620779016 0.042300675095203 0.028618022655822 1496.4982942579 0.31991160410193 63.034583152479 36.965416847521 1.6886641498718
27 12 1 13.52267378387 0.042129971588753 0.028503771343158 1496.5017249125 0.31998707831084 283594.0 1.2725939194764 0.98203770178495 55.012447371947 0.45060622835195 0.005734387462789 0.0044251230490073 0.24788951422683
1 7 1 13.622731647436 0.042484076110639 0.028743240493045 1496.502727739 0.32163728031504 69.13639863856 30.86360136144 1.5476623371185
2 10 1 13.722787323495 0.042262310828148 0.028593634434913 1496.5033239648 0.31964473886581 1.6491289433606 6.9696e-05 0.22109534043218 9.344e-06 1.8702242837928 7.904e-05
3 5 1 13.822834691553 0.042483785348734 0.028740840122178 1496.4997899871 0.32010210996962 570.27611580651
4 6 1 13.92288247175 0.042259135998001 0.028591849102469 1496.5015219376 0.3209174395061 0.0 0.0
5 7 1 14.022933693083 0.042502648640546 0.028756650866889 1496.5025300272 0.32079032719523 2.3563726813367e-05 5.8404091329873e-06 0.24785591766724
6 8 1 14.122986004094 0.042499231961712 0.028753327485488 1496.5000578573 0.32017649348216 0.46253633079377 0.010153240371382 0.0071557820364858 99.724468526459
7 7 1 14.223035546073 0.042325779351269 0.02863878405222 1496.5044472862 0.32147122974736 53.0 2.6944236634901e-07 35.094339622642
8 10 1 14.323084508339 0.042085862736023 0.028471168871984 1496.5040044308 0.32024835482673 497.66602460718 0.020944704 0.55049364546279 2.3168e-05 498.21651825264 0.020967872
9 19 1 14.423138211565 0.042100785796412 0.028482916649326 1496.5039926492 0.32131123395906 0.572998046875 13.610150880458 0.02740478515625 0.6509328659273 0.00016626768046207 0.0 0.0 0.00016626768046207 495.2595445802 0.020850816 0.012161293199511 5.12e-07 495.2717058734 0.020851328 3.3571003247371e-07
10 9 1 14.523177593182 0.042330966869743 0.028641568482425 1496.5023777183 0.31799301284204 0.00016536357465068 0.0 0.0 0.00016536357465068 0.0
11 7 1 14.623228106179 0.042303494851621 0.028619148565628 1496.4995773987 0.32012918859236 159091826.0 237136702.0 236963693.0
12 10 1 14.723280994184 0.054301092830386 0.036732532078168 1496.5053464255 0.32035591647877 43.0 1.698450193033e-07 44.325581395349 1.0 3.9498841698442e-09 71.0
13 9 1 14.82333383237 0.042192609492975 0.028545454009713 1496.5017205477 0.0 0.31924514016717 0.572265625 13.56317212604 0.0274658203125 0.65096282601514
14 10 1 14.923388493027 0.042346578338381 0.028648838435851 1496.5015388669 0.32102641430501 1.6005071167361 6.7776e-05 0.42317468620028 1.792e-05 3.063482460457 0.000129728
15 19 1 15.023443877418 0.054000633427075 0.036538769159888 1496.4993404993 0.32056983972139 0.73284912109375 13.571120829229 0.0352783203125 0.65329456477843 0.0 0.0 0.0 0.0 502.28033040814 0.027123456 0.19673843297315 1.0624e-05 502.47706884112 0.02713408 0.0
16 13 1 15.123503828854 0.041935283395441 0.028368167599384 1496.5035520196 0.3210604450668 205.0 0.6234130859375 14.866075425289 0.13092041015625 3.1219631669518 0.0 0.0 0.0303955078125 0.72481942057901
17 9 1 15.223565111817 0.042227836067697 0.028567587240706 1496.5043021154 0.31956229439994 0.20335329358306 3.5615559470284e-06 1.7514129642428e-05 3721.0 1.8851422018339e-05
18 8 1 15.323615314125 0.054313284902789 0.03674854074025 1496.5040476558 0.32053294281169 0.19976071336883 0.00010021630786807 0.00050168176804133 5.0059893316143
19 5 1 15.423662662255 0.042308570050854 0.028626022231411 1496.5001666561 0.32001936296919 5.5063620879671
20 6 1 15.52371017343 0.042127456181245 0.028499388175375 1496.5014143558 0.32085023136028 1.0 8.0
21 7 1 15.623762171939 0.054441882281033 0.036835740779043 1496.5037923936 0.31935868000873 99.54326671677 0.45673328322987 4.0135161415792
22 7 1 15.723813387837 0.050299601225437 0.034033459513468 1496.501840029 0.32011029357451 2.7678215353527e-07 1.0645467443664e-08 0.038461538461538
23 9 1 15.823863613695 0.042365844711339 0.02866168313739 1496.5057193866 0.32033980084445 0.0 0.0 0.0 0.0 -
24 6 1 15.923912109475 0.054208270941863 0.036680438595554 1496.5023012143 0.32035285578702 0.0 0.0
25 13 1 16.023963057256 0.042309503025191 0.028626495059181 1496.4997872524 0.32048046325416 3.1203150103004 252828304.0 157910706.0 773141.0 438568.0 0.30579685413703 0.58846813290335 62.457685117407 36.648049895553
26 7 1 16.124016572981 0.04243008678794 0.028703209553388 1496.5019799154 0.32045143378599 62.931323981628 37.068676018372 1.7001157590169
27 12 1 16.224070198308 0.054183834260638 0.036661279107034 1496.5064009298 0.31981773713723 362955.0 0.99433814109187 0.75574106982959 54.860244382912 0.44838146096493 0.0044584278839592 0.0033886028500139 0.24598316525303
1 7 1 16.324123848091 0.042396679060275 0.028670098475329 1496.5057033383 0.31956387827468 65.832700296818 34.167299703182 1.7735603864089
2 10 1 16.424173535904 0.042094030337573 0.028477124509135 1496.5053263853 0.32127618798963 1.6359564396126 6.8864e-05 0.15204056130229 6.4e-06 1.7879970009149 7.5264e-05
3 5 1 16.524220911209 0.054343142798973 0.036769376412275 1496.5026648583 0.32031028964051 570.84880636605
4 6 1 16.624269123473 0.04220909958793 0.028553556393639 1496.5030646208 0.32081205644207 0.0 0.0
5 7 1 16.724323661846 0.04228410891302 0.028596956457613 1496.5042606228 0.31894552272489 4.5744152651147e-05 6.5969372087453e-06 0.14421378091873
6 8 1 16.824376146771 0.05410669902218 0.036609774394633 1496.5031764284 0.31994209115838 0.46017463868649 0.0095825902372333 0.0070304493052152 99.723914762996
7 7 1 16.924426383498 0.042290138825798 0.028611669372327 1496.5042433535 0.32009505354069 52.0 2.6347631840142e-07 34.442307692308
8 10 1 17.024470457161 0.041956333289243 0.028381369186251 1496.504254861 0.32030675105423 505.48401963042 0.021208256 0.18304745429146 7.68e-06 505.66706708471 0.021215936
9 19 1 17.124525218361 0.054110102114009 0.036610796590302 1496.5045573283 0.32054345163018 0.73626708984375 13.606832385798 0.0352783203125 0.6519729021795 0.00012936586194665 0.0 0.0 0.00012936586194665 501.43804834874 0.027132864 0.10644962354467 5.76e-06 501.54449797229 0.027138624 2.5793496383604e-07
10 9 1 17.224579210537 0.042115809400638 0.028495117326833 1496.5010699822 0.32035175834621 0.00016620836924706 0.0 0.0 0.00016620836924706 0.0
11 7 1 17.324630441834 0.042130068509388 0.02850164407109 1496.4997566559 0.32041900317487 158285850.0 235952408.0 235777337.0
12 10 1 17.424683414079 0.054231124284117 0.036693320887807 1496.5059477603 0.320169951214 42.0 1.6597600953515e-07 42.047619047619 1.0 3.9518097508369e-09 71.0
13 9 1 17.524735673459 0.042087339190556 0.028473862722157 1496.5030990239 0.0 0.31948668041232 0.572998046875 13.614499226969 0.027587890625 0.65549144126437
14 10 1 17.624789329583 0.042367686203404 0.028662895551128 1496.5056189149 0.32075650865476 1.6480484599697 6.9824e-05 0.45166497665531 1.9136e-05 3.0982102579265 0.000131264
15 19 1 17.72484391234 0.054198999169715 0.036667618350624 1496.5023369996 0.31974067289932 0.734130859375 13.545099921056 0.0352783203125 0.65090353794231 0.0 0.0 0.0 0.0 501.37368616179 0.027173952 0.076754184832337 4.16e-06 501.45044034663 0.027178112 0.0
16 13 1 17.824901118296 0.042326869934863 0.028637297180983 1496.5049630538 0.32028992869695 204.0 0.57012939453125 13.469680026154 0.080322265625 1.8976660865452 0.0 0.0 0.02752685546875 0.65033997342849
17 9 1 17.924957893091 0.042205205552324 0.028550250675345 1496.5029810206 0.32098482104277 0.20335444047969 3.4573776620408e-06 1.7001731822945e-05 3320.0 1.6904998288624e-05
18 8 1 18.025006599922 0.054507901537876 0.036881262227384 1496.504855048 0.32019118897049 0.19976071358382 0.0001001895777431 0.0005015479567811 5.0059893262265
19 5 1 18.12505549063 0.042498870547382 0.028754137270981 1496.5083984953 0.32114168544224 5.50295502354
20 6 1 18.225109237334 0.042154516060217 0.028515861513025 1496.5048622941 0.32085978406403 1.0 8.0
21 7 1 18.325163299257 0.054497596247554 0.036874970538311 1496.5050953463 0.31968314511288 99.575329762246 0.42467023775405 4.1645889792231
22 7 1 18.425217875674 0.043409603863096 0.029366710104618 1496.5030889559 0.32067235640188 3.3780792474569e-07 1.2358826515086e-08 0.036585365853659
23 9 1 18.525268062583 0.042446152968343 0.028714020733192 1496.5061413358 0.32032190384115 0.0 0.0 0.0 0.0 -
24 6 1 18.625316394413 0.054252015662862 0.036708524746298 1496.5040736487 0.32050462050705 0.0 0.0
25 13 1 18.72537166105 0.042297685954123 0.028615037590843 1496.5061183454 0.32088881648976 3.116344193416 252727112.0 157646672.0 765453.0 437880.0 0.30287727895217 0.59177623966201 62.378219239098 36.727127242288
26 7 1 18.825425656849 0.041928229928293 0.028365456086104 1496.5050188806 0.32033433301618 62.944293265488 37.055706734512 1.6872634717718
27 12 1 18.925478995037 0.042097795749533 0.028484250440308 1496.5028500731 0.32021869613322 279175.0 1.2196650846243 0.91125638040656 55.817677084266 0.44388881999763 0.0054139569520621 0.0040449651941398 0.24776842815944
1 7 1 19.025537649367 0.041853918975256 0.028317212707781 1496.5045558165 0.32107132772984 66.461093941843 33.538906058157 1.7519561489781
2 10 1 19.125587879754 0.042138666366093 0.02850950641793 1496.5048095897 0.31992912122337 1.599291240366 6.7392e-05 0.14124794430583 5.952e-06 1.7405391846719 7.3344e-05
3 5 1 19.225636220642 0.042027743869633 0.028437897920167 1496.5052919272 0.32087806264606 570.22185222967
4 6 1 19.325687567881 0.041628352048792 0.02816204367694 1496.5051913967 0.32066203000123 0.0 0.0
5 7 1 19.425735099889 0.04223986237864 0.028576639809176 1496.5021634885 0.32070996265838 2.5658018513267e-05 5.8045675796653e-06 0.22622820919176
6 8 1 19.525786476114 0.041985706582251 0.028408474355241 1496.5099100412 0.32043336644501 0.44665113916327 0.01037692882699 0.0070465548341215 99.731612349951
7 7 1 19.625839559772 0.042262442169195 0.028594717319205 1496.5053121932 0.3209365826853 51.0 2.5924242186873e-07 34.078431372549
8 10 1 19.725886323661 0.042082913450158 0.028468882179058 1496.50552985 0.32047202487047 720.42312459919 0.030317504 41.107420047067 0.00172992 761.53054464626 0.032047424
9 19 1 19.825945979807 0.04215324884556 0.028518848389604 1496.5000699672 0.32101935992772 0.58709716796875 13.927684912728 0.02783203125 0.66025827219085 0.00016606074719523 0.0 0.0 0.00016606074719523 538.87794232005 0.022715456 9.1961595041051 0.000387648 548.07410182415 0.023103104 3.0298958962397e-07
10 9 1 19.926003761851 0.042083631749817 0.028471476391195 1496.5038401728 0.31967869240296 0.00016633545416456 0.0 0.0 0.00016633545416456 0.0
11 7 1 20.026054419776 0.04220671733307 0.028556317273036 1496.5071545627 0.32024493620547 158685276.0 236524592.0 236357777.0
12 10 1 20.126106315024 0.042195552438238 0.028552435012834 1496.5064564878 0.31994380674185 42.0 2.1314852125016e-07 41.452380952381 1.0 5.0749647916705e-09 71.0
13 9 1 20.226161809017 0.042067444192171 0.028460060136772 1496.5034647987 0.0 0.31985015461782 0.57269287109375 13.613683504935 0.0274658203125 0.65289966718757
14 10 1 20.326216630906 0.042184000766666 0.028523314438117 1496.5062106029 0.31961062094406 1.7250141920513 7.2768e-05 0.45363170046027 1.9136e-05 3.1253555282547 0.00013184
15 19 1 20.426271201889 0.041973080631491 0.028400357478509 1496.5107735397 0.3202554302453 0.57049560546875 13.591940283762 0.0274658203125 0.65436751125418 0.0 0.0 0.0 0.0 505.00481930546 0.021196608 0.032020523149107 1.344e-06 505.03683982861 0.021197952 0.0
16 13 1 20.526331371623 0.042119361043721 0.028496460628718 1496.5048766654 0.31942256345224 205.0 0.572265625 13.586759409906 0.08203125 1.9475900860616 0.0 0.0 0.02752685546875 0.65354399465311
17 9 1 20.626388632832 0.041922332262363 0.028362586963568 1496.5056203321 0.32028656415856 0.20337178895803 3.401081217528e-06 1.6723466096027e-05 3509.0 1.7946457131287e-05
18 8 1 20.72643769836 0.041879395515257 0.028323471335141 1496.5114489018 0.31953109730106 0.19976071598426 0.00010033310878242 0.00050226646559638 5.0059892660717
19 5 1 20.826490057378 0.041754292714676 0.028246594249776 1496.508119273 0.32113522934768 5.5031590746968
20 6 1 20.926538100258 0.042056063716861 0.028452886651081 1496.5064128611 0.32016839261037 1.0 8.0
21 7 1 21.026589680287 0.041840954255174 0.028310608064695 1496.5062394497 0.32027947116833 99.554356450849 0.44564354915085 3.914534238298
22 7 1 21.126644501271 0.04209609918552 0.02848120876281 1496.5032852438 0.31988480679136 3.0932001414347e-07 1.2711781403156e-08 0.041095890410959
23 9 1 21.226696010648 0.042114795810072 0.028486028979251 1496.5072691383 0.31990813376555 0.0 0.0 0.0 0.0 -
24 6 1 21.326751163154 0.041432892113601 0.028032874738689 1496.5098583448 0.32024973764238 0.0 0.0
25 13 1 21.426805905333 0.041965442923133 0.028392185800858 1496.504283536 0.32021942743737 3.1228586222976 250758892.0 156745707.0 667471.0 435492.0 0.26618039132188 0.58220029142576 62.508533894782 36.64308542247
26 7 1 21.526859940987 0.041981175769015 0.028402274604902 1496.5076274508 0.31929408573274 63.140710918815 36.859289081185 1.6846448282974
27 12 1 21.626913156892 0.042332741332584 0.02864243986234 1496.5065915041 0.32017257387798 283397.0 1.2357223259244 0.92802676104546 54.63748734108 0.44811317845868 0.0055374345916234 0.0041586102158679 0.24483778115407
1 7 1 21.726969356504 0.041900575844306 0.028346608645797 1496.5089061915 0.32054843557616 69.129718440222 30.870281559778 1.5307972939215
2 10 1 21.827019042505 0.042255723848169 0.028588495376757 1496.5092732399 0.31900850449488 1.5373065252275 6.496e-05 0.12571077989545 5.312e-06 1.6630173051229 7.0272e-05
3 5 1 21.927066223968 0.041927171047711 0.028368980102277 1496.509169717 0.32102507240318 570.23728268574
4 6 1 22.027117099285 0.04224539863024 0.028582814197106 1496.5045840051 0.31970415983347 0.0 0.0
5 7 1 22.127164792526 0.042296049172932 0.028614268113466 1496.5027990905 0.3214292431615 2.6709424130316e-05 5.9829110051909e-06 0.224
6 8 1 22.2271956098 0.042137969805642 0.028511487856145 1496.5094983997 0.32073667035741 0.4484954928619 0.0090702384492618 0.0059282188953844 99.74025124497
7 7 1 22.327199370819 0.042497495542485 0.02875205800633 1496.5089465806 0.32004467939275 47.0 2.3694197882789e-07 38.0
8 10 1 22.427196548481 0.042318116280502 0.02862973012505 1496.5079871379 0.32064234704962 504.94950811044 0.021368512 0.024197674424176 1.024e-06 504.97370578487 0.021369536
9 19 1 22.527250557867 0.042427753446298 0.028704591804687 1496.5063172746 0.32123618574319 0.58404541015625 13.76564542583 0.02813720703125 0.66317928114823 0.0001649863457621 0.0 0.0 0.0001649863457621 505.12747574831 0.021431424 0.024135145437199 1.024e-06 505.15161089375 0.021432448 3.2660758117785e-07
10 9 1 22.627304055476 0.041996787237653 0.028409444467391 1496.5029953698 0.3216618698777 0.0001666794166989 0.0 0.0 0.0001666794166989 0.0
11 7 1 22.727354289487 0.037986179658211 0.025696999119561 1496.5087381774 0.32003296106257 142893786.0 212988277.0 212832679.0
12 10 1 22.827412559758 0.041694556088902 0.028207799274665 1496.5070149652 0.32108788842428 44.0 2.2683489959481e-07 48.909090909091 1.0 5.1553386271547e-09 28.0
13 9 1 22.927475383487 0.041919418302711 0.028358059773533 1496.5066503015 0.0 0.3198721501917 0.57171630859375 13.638459972542 0.02752685546875 0.65666119863523
14 10 1 23.027531678207 0.053771536596736 0.036381901753434 1496.507778766 0.32009594571875 1.3532810219974 7.2768e-05 0.3832510897829 2.0608e-05 2.516126719879 0.000135296
15 19 1 23.127586462958 0.042057491258177 0.028455278416845 1496.5059568341 0.3195119817824 0.57073974609375 13.570465784328 0.0274658203125 0.65305417633916 0.0 0.0 0.0 0.0 505.01233822098 0.021239552 0.018260718293574 7.68e-07 505.03059893927 0.02124032 0.0
16 13 1 23.227643972357 0.041961489104705 0.028387103808123 1496.504350916 0.32020086248991 204.0 0.5704345703125 13.594240397168 0.07958984375 1.8967354459562 0.0 0.0 0.02752685546875 0.65600282678394
17 9 1 23.327699877583 0.053879833178047 0.036456479464669 1496.5040817213 0.31961979295889 0.20334447702383 2.7159234053216e-06 1.3356268363282e-05 3542.0 1.4064036113522e-05
18 8 1 23.42774720941 0.041940039752959 0.028373787184613 1496.5094967076 0.32029672817887 0.19976073055739 0.00010033381789753 0.00050226997877695 5.00598890087
19 5 1 23.52779553037 0.041535269289775 0.028095819256322 1496.508164808 0.32158806912935 5.5049235819058
20 6 1 23.627843891185 0.053980117955465 0.036524426717508 1496.5075888267 0.32066834548489 1.0 8.0
21 7 1 23.72789501922 0.041813783868561 0.028289433623348 1496.503562762 0.32095298797184 99.57923947975 0.42076052024974 4.3777629715999
22 7 1 23.827946842005 0.042077227741504 0.028455988564301 1496.5076595619 0.32114747787804 3.4062023623972e-07 1.2773258858989e-08 0.0375
23 9 1 23.927997124928 0.053856615704062 0.036439606669075 1496.5035362211 0.32040892958886 0.0 0.0 0.0 0.0 -
24 6 1 24.028045619802 0.042056907016966 0.028453003499323 1496.5066172748 0.31982161343946 0.0 0.0
25 13 1 24.128096370119 0.042086802956763 0.028472066520108 1496.5036867396 0.32115190600184 3.1137912661004 251464396.0 156730530.0 721409.0 435432.0 0.28688315780497 0.58799815143612 62.327125626166 36.797993064593
26 7 1 24.228150110482 0.053962777314003 0.036512817074716 1496.5051585248 0.32051026641487 62.912738552895 37.087261447105 1.6994194076423
27 12 1 24.32820687803 0.042394077601736 0.0286788765863 1496.508407441 0.31973775244073 303314.0 6.4692035316537 6.0623644144352 56.023460835965 0.47899700603578 0.030987291230982 0.029038544040123 0.2683507000819
1 7 1 24.428264617502 0.042093893561723 0.028476191534798 1496.5037875808 0.31980756838866 66.809925572094 33.190074427906 1.6997121416411
2 10 1 24.528314668541 0.054297994087467 0.036740249496955 1496.502212696 0.32060946377794 1.2729752021531 6.912e-05 0.12140411650164 6.592e-06 1.3943793186547 7.5712e-05
3 5 1 24.628362330078 0.042014172263332 0.028425991174867 1496.5073424407 0.31994873774473 570.27161642521
4 6 1 24.728410108464 0.042178296942006 0.028526573960594 1496.503870476 0.32064967110685 0.0 0.0
5 7 1 24.828458259134 0.053985377032165 0.036526941219217 1496.5041629156 0.32036202730387 2.5572970487175e-05 4.6593809228731e-06 0.18219944082013
6 8 1 24.928509924309 0.042133982472602 0.028505456131767 1496.5027018226 0.32125636541368 0.45900828160893 0.008876732939017 0.0055386237740135 99.724827634167
7 7 1 25.028559555056 0.041971086964971 0.028393649574187 1496.5040343892 0.32026212237038 55.0 2.8096325544666e-07 36.145454545455
8 10 1 25.128603731074 0.054301205149627 0.03674291979632 1496.5040025903 0.32028222170951 501.3068849023 0.027221568 0.073073884623116 3.968e-06 501.37995878692 0.027225536
9 19 1 25.228657264915 0.042335724133061 0.02864498787866 1496.5069246576 0.32027427038564 0.56939697265625 13.449562616825 0.027587890625 0.65164565363973 0.00016534499275361 0.0 0.0 0.00016534499275361 512.14543849193 0.021682048 1.4724207811842 6.2336e-05 513.61785927312 0.021744384 3.2192220299274e-07
10 9 1 25.328710082268 0.04204880644464 0.028444294682078 1496.506051044 0.31934551171893 0.00016647321510103 0.0 0.0 0.00016647321510103 0.0
11 7 1 25.428761909581 0.054162101393389 0.036648256868631 1496.5039558012 0.31878043608889 204570976.0 304942625.0 304727508.0
12 10 1 25.528814300302 0.041556989475819 0.028119983744549 1496.5061642181 0.3216838433228 43.0 2.2278457423858e-07 43.255813953488 1.0 5.1810366101994e-09 73.0
13 9 1 25.628866320551 0.042061004857645 0.028454788831768 1496.5084277876 0.0 0.32090586565649 0.57684326171875 13.714443192003 0.02752685546875 0.65445073321272
14 10 1 25.728919813631 0.054277907965213 0.036719106305719 1496.5060255954 0.32116390589874 1.5163443670812 8.2304e-05 0.43391502883815 2.3552e-05 2.7249392164266 0.000147904
15 19 1 25.828976943499 0.042563531103734 0.02879068269098 1496.5041117376 0.31965172617089 0.6221923828125 14.617969108252 0.0311279296875 0.73132864873537 0.0 0.0 0.0 0.0 876.84303985591 0.037321536 65.28781630517 0.00277888 942.13085616108 0.040100416 0.0
16 13 1 25.929040386796 0.042221938401767 0.028564059601332 1496.5044283718 0.32091594585239 205.0 0.58587646484375 13.876114811897 0.08160400390625 1.9327394003027 0.0 0.0 0.0283203125 0.6707487522367
17 9 1 26.029097331881 0.054480968470949 0.036863624030513 1496.5053444669 0.32037390417858 0.20334194461664 2.609607017508e-06 1.2833589363119e-05 3312.0 1.303622691099e-05
18 8 1 26.129146188169 0.042486810721826 0.028746038510256 1496.5028433704 0.32110216283571 0.19976072179806 0.00010034596414907 0.0005023308048041 5.0059891203784
19 5 1 26.229194410397 0.042181003473383 0.028534001523276 1496.5068505859 0.32036209305743 5.5020623742455
20 6 1 26.329242111789 0.054534056522322 0.036898909482257 1496.5035881199 0.3207650107027 1.0 8.0
21 7 1 26.429297238027 0.047372051850744 0.032049140852809 1496.5026619344 0.3207877964385 99.554857155204 0.44514284479603 3.8846452663123
22 7 1 26.529348587984 0.042474923904133 0.02873497461216 1496.5075850499 0.32015647322272 3.1525528521808e-07 1.2610211408723e-08 0.04
23 9 1 26.62939890261 0.054352287759075 0.036773819362879 1496.5041890405 0.31998235760807 0.0 0.0 0.0 0.0 -
24 6 1 26.7294506013 0.042323567386871 0.028631494624087 1496.5027932136 0.32006903146071 0.0 0.0
25 13 1 26.829501753792 0.04212777683456 0.028501936644596 1496.5047389612 0.32039001572024 3.121195889179 251728208.0 157267844.0 767812.0 437036.0 0.30501627374235 0.58899557255816 62.475256646645 36.630731507055
26 7 1 26.941566550515 0.054321607396195 0.036766147687009 1496.5045842994 0.32060251137755 62.896285281364 37.103714718636 1.6966937000377
27 12 1 27.041623553572 0.04211152224769 0.028491428455001 1496.5016273629 0.31931083594506 280295.0 1.2076562193403 0.92259940419915 55.426604113523 0.44555734209098 0.0053808009524892 0.0041107093834969 0.2469573040995
1 7 1 27.141677666219 0.0424089309155 0.028694316405776 1496.5021135688 0.32012979508585 66.550094642527 33.449905357473 1.7478759183488
2 10 1 27.241727142075 0.0423469062381 0.02865332078877 1496.507028031 0.3200693464367 1.6760610468432 7.0976e-05 0.145087340394 6.144e-06 1.8211483872372 7.712e-05
3 5 1 27.341779869753 0.041853945243465 0.02831341785731 1496.5054862425 0.31998426873866 570.24238045192
4 6 1 27.441835287659 0.042033573600539 0.028437400182888 1496.502876955 0.31950440572671 0.0 0.0
5 7 1 27.541883989055 0.041851096501437 0.028316807815034 1496.5055447861 0.31962957331058 2.9952193814159e-05 5.659170259818e-06 0.1889400921659
6 8 1 27.641939142467 0.041954484550775 0.028383216566019 1496.5063635784 0.31992466757247 0.44679489692655 0.0093649395015175 0.0061257459100913 99.734678131625
7 7 1 27.741988534083 0.045894561081945 0.03105072561252 1496.5010385126 0.3198403684895 51.0 2.3792176735753e-07 38.156862745098
8 10 1 27.842033277132 0.04252566774426 0.028775628289543 1496.5039935109 0.3195450224967 521.74719826698 0.022187648 3.7157793958763 0.000158016 525.46297766286 0.022345664
9 19 1 27.942090043774 0.04224321112245 0.028580980404343 1496.5032013211 0.31937796315851 0.58502197265625 13.848899198512 0.02813720703125 0.66607642467541 0.00016570709976827 0.0 0.0 0.00016570709976827 505.15856709244 0.02133952 0.068176635333232 2.88e-06 505.22674372777 0.0213424 3.279856061174e-07
10 9 1 28.042143323086 0.042550849899154 0.028789308591883 1496.5060828912 0.32044344771309 0.00016450905250048 0.0 0.0 0.00016450905250048 0.0
11 7 1 28.142194322497 0.042403972564509 0.028690965850366 1496.505583596 0.32097365022659 159074621.0 237117798.0 236933154.0
12 10 1 28.242249638048 0.042198159331579 0.028550381563492 1496.500960165 0.32040451822542 43.0 2.185534407229e-07 40.06976744186 1.0 5.0826381563466e-09 71.0
13 9 1 28.342301699963 0.042350848281123 0.028638339304259 1496.5018667991 0.0 0.31923138217391 0.5841064453125 13.79208372487 0.02825927734375 0.66726591061804
14 10 1 28.442356217503 0.042138699880705 0.028512573910738 1496.5042474049 0.31967907045201 1.5643577088667 6.592e-05 0.39488641194692 1.664e-05 2.9403849751125 0.000123904
15 19 1 28.542414360056 0.042197626720987 0.028547591698485 1496.5027513017 0.32118255573423 0.57135009765625 13.53986330639 0.02752685546875 0.65233183967333 0.0 0.0 0.0 0.0 511.95144558345 0.021603136 1.2209217437903 5.152e-05 513.17236732724 0.021654656 0.0
16 13 1 28.642471485396 0.042012932222684 0.028421932736501 1496.5062865428 0.3194290047966 204.0 0.57025146484375 13.573236493497 0.0802001953125 1.9089406777753 0.0 0.0 0.0274658203125 0.65374680745731
17 9 1 28.742527560912 0.042172816850027 0.028535923631571 1496.5010187715 0.31962084027409 0.2033811853815 3.2973039969255e-06 1.6212433764414e-05 3694.0 1.8738832253296e-05
18 8 1 28.842611195404 0.04186029852696 0.028316421038295 1496.504506227 0.32173406114373 0.19976072192706 0.00010041190390454 0.00050266089817798 5.0059891171455
19 5 1 28.942669548103 0.041941082329135 0.028372503212649 1496.5013554309 0.32004023030661 5.5023497902875
20 6 1 29.042723730497 0.041762650534294 0.028255150892566 1496.5021248067 0.32045945742313 1.0 8.0
21 7 1 29.142779745325 0.042091151704133 0.028477908479318 1496.5020030336 0.32181709631025 99.569530354157 0.43046964584264 4.2764041393475
22 7 1 29.242831445826 0.042156804111844 0.028521598852297 1496.5036186042 0.32011626150262 3.2604279898614e-07 1.2702966194265e-08 0.038961038961039
23 9 1 29.342881894511 0.041974884985743 0.028401120615285 1496.5048552427 0.31940895715007 0.0 0.0 0.0 0.0 -
24 6 1 29.442933864035 0.042225355080601 0.02856668506358 1496.4999432854 0.3205138936805 0.0 0.0
25 13 1 29.542984947686 0.04201217316201 0.028420768330181 1496.5029677084 0.32031889867135 3.1218888555996 251011332.0 156854772.0 725990.0 435660.0 0.28922598602042 0.58477439576314 62.489119813921 36.636879804295
26 7 1 29.643038799463 0.042223877720267 0.028570155637534 1496.5027454141 0.3202080413139 62.970072973597 37.029927026403 1.690550210589
27 12 1 29.743095499982 0.049862133182044 0.033737151845953 1496.5013990795 0.32101353608112 337790.0 1.1551555700287 0.88694159092928 54.793510761124 0.45346194886532 0.0052381909602785 0.004021942623525 0.24846772174912
1 7 1 29.843148699583 0.042220820644163 0.028556789647907 1496.4993507732 0.32139060467851 68.256690421276 31.743309578724 1.606718348286
2 10 1 29.943198112938 0.042393693542397 0.028683527418079 1496.5035257543 0.32120758078865 1.6440181115689 6.9696e-05 0.15096585046546 6.4e-06 1.7949839620343 7.6096e-05
3 5 1 30.043220343225 0.042536033723203 0.028776954834122 1496.5054229195 0.32053775758541 570.27407183604
4 6 1 30.143267291898 0.054661502628349 0.036986989506068 1496.498947961 0.32043767494873 0.0 0.0
5 7 1 30.243315563945 0.04231113346578 0.028606364099811 1496.5014937811 0.32071134656767 3.6695448111184e-05 7.3726014469959e-06 0.20091324200913
6 8 1 30.343366590531 0.042520244717701 0.028767125541872 1496.5024000366 0.32048597752466 0.45967426312967 0.0093375713406745 0.006064462115036 99.723142820271
7 7 1 30.443419514768 0.054288552930657 0.036722422893617 1496.5042315853 0.31973714341277 52.0 2.0505368772831e-07 61.673076923077
8 10 1 30.543470177222 0.042400992481433 0.028687184134 1496.5027676014 0.32203313008714 525.15600925499 0.022267136 201.12887696519 0.008528064 726.28488622017 0.0307952
9 19 1 30.643524589689 0.042166939111704 0.028526469793556 1496.4998873604 0.32033234234221 0.571044921875 13.542479817239 0.0274658203125 0.65135911904207 0.00016600683254377 0.0 0.0 0.00016600683254377 506.48210303869 0.0213568 0.38551529569022 1.6256e-05 506.86761833438 0.021373056 3.2751516675949e-07
10 9 1 30.7435788527 0.054463627829486 0.036852112667056 1496.5023396175 0.32008118241115 0.00012852614265644 0.0 0.0 0.00012852614265644 0.0
11 7 1 30.843630876571 0.042146372009476 0.028512736501896 1496.5024056086 0.31992033139483 158577023.0 236391444.0 236236746.0
12 10 1 30.94368336059 0.042563336356664 0.028793863408828 1496.5006333445 0.31947762965483 43.0 2.1607844536001e-07 41.883720930233 1.0 5.0250801246513e-09 73.0
13 9 1 31.043735331019 0.054260438700104 0.036714724949537 1496.5012545363 0.0 0.31988371432669 0.7322998046875 13.496017028814 0.03521728515625 0.64904165907863
14 10 1 31.14378941287 0.04236083654133 0.028661127428889 1496.500296391 0.3208605297641 1.5773059612458 6.6816e-05 0.4109456144242 1.7408e-05 2.9597149215331 0.000125376
15 19 1 31.243843482039 0.042320806507474 0.028630650418182 1496.4985219895 0.32103513859257 0.57159423828125 13.506222717668 0.02752685546875 0.65043314956413 0.0 0.0 0.0 0.0 506.90754194894 0.021452736 0.37957688724961 1.6064e-05 507.28711883619 0.0214688 0.0
16 13 1 31.343900691617 0.054122247084796 0.036618966909253 1496.4979941817 0.32055914706131 204.0 0.73480224609375 13.576713563694 0.10406494140625 1.9227756978236 0.0 0.0 0.03533935546875 0.65295432788262
17 9 1 31.443957205541 0.042328635339701 0.028639001897198 1496.5010738237 0.32049717989486 0.20332315765653 3.3096494212543e-06 1.6277778977076e-05 3476.0 1.761767440778e-05
18 8 1 31.544004906934 0.042024497481261 0.028429643814686 1496.5033892763 0.3207459596937 0.19976072981316 0.00010033334163654 0.00050226759649096 5.0059889195205
19 5 1 31.64405259474 0.054086046774722 0.036596182407824 1496.4982150198 0.31885610737578 5.5027777777778
20 6 1 31.744100545228 0.041618852014961 0.028156131971104 1496.5001856596 0.31932909930282 1.0 8.0
21 7 1 31.844151950438 0.041811140743206 0.028283785505408 1496.5020663384 0.31952029573536 99.550952263282 0.44904773671819 3.9474669557016
22 7 1 31.944208112006 0.05362465835629 0.036275231083709 1496.5005223251 0.32324929492214 7.5305109661805e-07 4.4712408861697e-07 0.59375
23 9 1 32.044268374131 0.042211808836709 0.028555985750116 1496.4986606219 0.3215237734376 0.0 0.0 0.0 0.0 -
24 6 1 32.144318876259 0.042471539834111 0.02873206835181 1496.501832021 0.3201008910324 0.0 0.0
25 13 1 32.244370719876 0.05416819471219 0.036650623724886 1496.5002786193 0.31937485299205 3.1311169011321 323697156.0 202873115.0 982541.0 562828.0 0.30353711232483 0.58472957358946 62.673740327827 36.437992986259
26 7 1 32.34442504901 0.042433550568391 0.02869377473718 1496.5018474834 0.32001320165734 63.012135827742 36.987864172258 1.6754377667573
27 12 1 32.444478893541 0.042161346700484 0.028522446681403 1496.4962425267 0.31980357725729 285214.0 1.2643138134874 0.96173399622739 54.341301619135 0.45288354360103 0.0057258692007592 0.0043555350021304 0.24610281241166
1 7 1 32.544533033362 0.054296725967009 0.03673909913054 1496.4990667554 0.32007074825801 66.913620008333 33.086379991667 1.7031398705973
2 10 1 32.644583184945 0.042026177740868 0.028432251613828 1496.5009262046 0.31955653516583 1.6416434638763 6.8992e-05 0.13858029240514 5.824e-06 1.7802237562815 7.4816e-05
3 5 1 32.744635183454 0.050228956952123 0.033971147244463 1496.4987324672 0.31953541182623 570.68738829651
4 6 1 32.84469341387 0.053836652770653 0.036424785058322 1496.499083756 0.3208478250943 0.0 0.0
5 7 1 32.94474169588 0.042210020786863 0.028558195902914 1496.4990489381 0.32061668779679 2.5504414628075e-05 6.1574653338515e-06 0.24142743221691
6 8 1 33.044792806706 0.041931673781137 0.028367011798166 1496.4991909409 0.31950013810849 0.44714752125833 0.0095778438017644 0.0062537779915838 99.738027850914
7 7 1 33.144842324228 0.054346967993754 0.036771228773944 1496.501047427 0.32067213216965 51.0 2.0143073168007e-07 32.843137254902
8 10 1 33.244891189574 0.042186544253984 0.028542638782296 1496.4992210077 0.32082529714315 507.23585869395 0.021398528 0.25638506759127 1.0816e-05 507.49224376154 0.021409344
9 19 1 33.344946342986 0.042162901053846 0.028523510543887 1496.4987196184 0.32132884536033 0.57366943359375 13.606023761532 0.02752685546875 0.65286910484636 0.00016602273147809 0.0 0.0 0.00016602273147809 511.79628205474 0.021578816 0.69672625141435 2.9376e-05 512.49300830615 0.021608192 3.2395121257716e-07
10 9 1 33.444999154904 0.054321765911252 0.036756644482877 1496.4970981854 0.31930510490361 0.00012886179016043 0.0 0.0 0.00012886179016043 0.0
