1 7 1 0.10091799905699 0.1009289692266 0.0014475605326945 1842.138849189 1.4741900546329 31.967889179119 68.032110820881 10.023095539933
2 10 1 0.20105244174672 0.075282073305638 1.4606812541338e-05 1377.0601349114 5.356976744186 1.019313053301 7.6736e-05 0.050158023473527 3.776e-06 1.0694710767745 8.0512e-05
3 5 1 0.30117431992344 0.075447344210192 9.941546357091e-06 1487.9366653561 3.6201550387597 1.972972972973
4 6 1 0.40161422069011 0.075779928771776 1.3267473501841e-05 1351.8193262502 5.6482838411107 0.0 0.0
5 7 1 0.50196766184505 0.073938088929247 1.4754923419226e-05 1378.7567976016 5.2524991938084 0.49242179941954 0.20235407932925 0.4109364767518
6 8 1 0.60232182679565 0.073821971812736 1.400078087585e-05 1368.632150532 5.9604704974933 81.760538319692 44.91928439714 41.894471223836 59.62278800427
7 7 1 0.70267690758784 0.07389690051704 1.3856746444143e-05 1372.2753236152 5.8991515618974 47.0 0.0090628615503278 76.872340425532
8 10 1 0.80303778146298 0.073618837064304 1.4540683525522e-05 1290.4591366819 6.1903200925569 660.54659295316 0.048628672 152.85479163669 0.011252992 813.40138458985 0.059881664
9 19 1 0.90349864241003 0.073573023244498 1.3254791224835e-05 1127.2457606227 4.483529952505 0.84075927734375 11.427548308702 0.04705810546875 0.63961087085366 9.5143568815129e-05 0.0 0.0 9.5143568815129e-05 581.80281456901 0.042804992 41.899705409082 0.003082688 623.70251997809 0.04588768 1.525463915369e-07
10 9 1 1.0039614247221 0.072443556866028 1.2663706528676e-05 1096.3347530124 5.3912456613961 9.6626950730005e-05 0.0 0.0 9.6626950730005e-05 0.0
11 7 1 1.1040045015706 0.060250878258213 0.059827796591309 2194.6877909863 0.425247248115 349743282.0 346829110.0 346987946.0
12 10 1 1.204043530961 0.067165675102763 0.066687353060717 2194.6833602386 0.42523507966627 43.0 1.2419189776218e-07 51.023255813953 3.0 8.6645510066637e-09 43.0
13 9 1 1.3040844391402 0.066575883998857 0.066101773378655 2194.6851547261 0.0 0.42518198872172 1.1221313476562 16.85492223694 0.04595947265625 0.69033214274765
14 10 1 1.4041266445351 0.078908330358045 0.078356960665115 2194.6848727158 0.42509260782603 1.5166966460569 0.00011968 0.42581055571117 3.36e-05 2.6108270073034 0.000206016
15 19 1 1.5041707540834 0.066588363359431 0.066107296963229 2194.6883819949 0.42569099039199 1.219970703125 18.321079563704 0.05133056640625 0.77086391400217 17862.469116108 17862.469116108 2232.8086395135 0.0 1044.7807468172 0.06957024 55.108247370376 0.003669568 1099.8889941876 0.073239808 16.240247161762
16 13 1 1.6042166527386 0.066362753804391 0.065895733482912 2194.6864224538 0.42528381143645 210.0 1.0797119140625 16.269847951835 0.2938232421875 4.4275323934502 0.0 0.0 0.043701171875 0.65851956662034
17 9 1 1.7042587448989 0.078247929771032 0.077702648476943 2194.6895747059 0.42503485634919 0.1267032096046 2.2000922671127e-06 1.7364139977025e-05 4406.0 1.091622356858e-05
18 8 1 1.8042925038974 0.066303640805391 0.065839812794209 2194.6891838687 0.42505252638682 0.1110161617922 0.00086776375661136 0.0078165533972936 9.0076974726595
19 5 1 1.9043253280308 0.066080449035874 0.065615233221238 2194.6827496627 0.42512503831838 5.7495412006854
20 6 1 2.0043610582175 0.078148879375864 0.077587551377855 2194.6830205558 0.42520447689223 1.0 8.0
21 7 1 2.1043986608517 0.065972789186372 0.065511369901946 2194.6877406225 0.42524084720412 94.031874751714 5.9681252482865 1.0623959936518
22 7 1 2.2044340006054 0.065748490435249 0.065283560424785 2194.682697297 0.42531775847559 8.0566891684096e-07 2.6415374322654e-08 0.032786885245902
23 9 1 2.304469944579 0.077791863313506 0.077247132339652 2194.6851590449 0.4251282781629 17890.152680767 17890.152680767 2236.2690850959 0.0 100.0
24 6 1 2.4045032642272 0.065469341741952 0.065011916015968 2194.6870742903 0.42508077691068 0.0 0.0
25 13 1 2.5045382833005 0.065648566774721 0.06518403987949 2194.6874908443 0.42533069599377 2.3511117570848 575654708.0 375336681.0 7189539.0 6757792.0 1.2489325458622 2.148446425978 65.201704386999 31.400916641161
26 7 1 2.6045769430931 0.077431458365556 0.076889558257106 2194.6871444272 0.4250121889464 66.660330557792 33.339669442208 2.1184575832242
27 12 1 2.7046172823816 0.065507047963244 0.065035663126723 2194.6846794917 0.42525222832135 8222685.0 0.24988188164815 0.22587512473116 87.543874050873 5.7266584806369 0.014309881966979 0.012935096986066 5.0133386876124
1 7 1 2.8046591815901 0.065027145166085 0.064561504495172 2194.6877328111 0.42513883493598 76.852921342923 23.147078657077 1.0015355575088
2 10 1 2.9046947423778 0.077406316657269 0.07686642216034 2194.6876930976 0.42513078056768 1.2608790111037 9.76e-05 0.20256744768552 1.568e-05 1.4634464587892 0.00011328
3 5 1 3.0047271452785 0.065132367300771 0.06467192047523 2194.6843416951 0.42508396027204 72.978204737904
4 6 1 3.1047683487735 0.065319412769067 0.064863452299016 2194.6883198377 0.42508429710609 17892.364895134 0.0
5 7 1 3.204805596304 0.077381639663847 0.076832026013347 2194.6860739204 0.42533394549802 9.3855211470151e-05 5.230476640398e-06 0.055729208410141
6 8 1 3.3048467517876 0.065077801803954 0.064622820133925 2194.6894779404 0.42506513487286 6.5524425147731 0.00910813754932 0.0055027308887812 97.95182622994
7 7 1 3.4048805615152 0.065280980940355 0.064822904794737 2194.6870996449 0.42519328507542 55.0 1.6340291575153e-07 37.290909090909
8 10 1 3.5049120766565 0.065122399936922 0.064670432572374 2194.68445416 0.42524108844244 503.86152893294 0.032812672 0.63486603749319 4.1344e-05 504.49639497044 0.032854016
9 19 1 3.6049493767278 0.065162080064042 0.064708682772761 2194.6850326209 0.42512789477593 1.0669555664062 16.373872125593 0.04241943359375 0.65098341784148 0.00010742444061209 0.0 0.0 0.00010742444061209 498.42877894751 0.032478656 0.056965646221726 3.712e-06 498.48574459373 0.032482368 2.1550152993772e-07
10 9 1 3.7049853225132 0.065090139847727 0.064633291165347 2194.687768036 0.42511573848294 0.00010754317038458 0.0 0.0 0.00010754317038458 0.0
11 7 1 3.8050205426911 0.065138416746903 0.064682464882683 2194.6921510007 0.42523326619192 378121588.0 374987596.0 375156491.0
12 10 1 3.9050592314719 0.064911768151026 0.064459946179725 2194.6894930683 0.42537124422446 47.0 1.4048024318888e-07 38.702127659574 3.0 8.9668240333325e-09 41.666666666667
13 9 1 4.0050955377962 0.065126159326177 0.064659625007673 2194.6831757401 0.0 0.42524839912031 1.045654296875 16.055826225495 0.04241943359375 0.65134247179075
14 10 1 4.1051338596968 0.065088317223346 0.064634851085419 2194.6901007897 0.42525487822706 1.4896682559374 9.696e-05 0.4100275001491 2.6688e-05 2.7256504326458 0.000177408
15 19 1 4.2051710392865 0.064925401598807 0.064473263476458 2194.6873735997 0.42516697216766 1.0419311523438 16.048127954328 0.04248046875 0.65429658814433 17889.181174065 17889.181174065 2236.1476467582 0.0 501.76576806263 0.032577344 0.38246971737571 2.4832e-05 502.14823778001 0.032602176 35.625299121138
16 13 1 4.3052162920514 0.065046588908489 0.064582524010493 2194.689758241 0.42526529420537 210.0 1.1616821289062 17.859232104247 0.3836669921875 5.8983414599536 0.0 0.0 0.0450439453125 0.6924874319831
17 9 1 4.4052597584271 0.064787855963541 0.064334654794616 2194.6842687572 0.42517571982456 0.12669950223228 2.3947085848591e-06 1.8900694498932e-05 4786.0 1.4326344108919e-05
18 8 1 4.5052963283616 0.064794495135553 0.064342880157132 2194.687901923 0.42528704606918 0.1110161448692 0.00086776106257491 0.0078165303217594 9.0076988457691
19 5 1 4.6053292747885 0.064798098713977 0.064341328389952 2194.6858366306 0.4250775040883 5.7507194133034
20 6 1 4.7053616767833 0.065135204507313 0.064682166849173 2194.6848496145 0.42515715292739 1.0 8.0
21 7 1 4.8053963742703 0.065102102858451 0.064647416504301 2194.6919928716 0.42508548711813 93.93711577031 6.0628842296898 1.0645047521737
22 7 1 4.905431396967 0.065242983932569 0.064785510195108 2194.6888462779 0.42509343715882 8.6996460297601e-07 7.9813266328074e-09 0.0091743119266055
23 9 1 5.0054661107598 0.065033880361052 0.064570974079649 2194.6871813025 0.42502885302233 17892.221493473 17892.221493473 2236.5276866842 0.0 100.0
24 6 1 5.1055071059031 0.065313373287582 0.064842397454494 2194.6921170315 0.42899816564754 0.0 0.0
25 13 1 5.2055505387613 0.065189074290649 0.064728750211431 2194.6856717593 0.42502724072491 2.3527903724346 571633944.0 372981012.0 7153428.0 6715164.0 1.2514001442853 2.1540685484555 65.248226756807 31.346304550452
26 7 1 5.3055880807018 0.065308662727551 0.064854196501494 2194.6904966077 0.4253325594306 66.610856059974 33.389143940026 2.0381441616123
27 12 1 5.4056248354353 0.065404625894146 0.064943282250444 2194.6885997522 0.42506891295459 8921425.0 0.063756630807298 0.049308266336376 89.002720977871 6.2221316825037 0.0039670215251578 0.0030680252618089 5.5378665002545
1 7 1 5.5056613981228 0.065275173363364 0.064816621632357 2194.6889455945 0.42511200726755 76.857801543899 23.142198456101 1.0010354320901
2 10 1 5.6056959570106 0.065249072331409 0.064791165584776 2194.6909909673 0.42514282160376 1.5752561121168 0.000102784 0.22755879079146 1.4848e-05 1.8028149029082 0.000117632
3 5 1 5.705732727144 0.06510674004245 0.064650084764795 2194.6911705426 0.42520530218186 72.978071991288
4 6 1 5.8057701531322 0.065273126081504 0.064810256488116 2194.6908211551 0.42538728228196 17877.626368667 0.0
5 7 1 5.9058071470172 0.064899027897896 0.064445280032245 2194.6879979297 0.42508744074397 2.468078588271e-05 5.1685945499441e-06 0.20941774603559
6 8 1 6.0058459535619 0.06513659774603 0.06466789385228 2194.6910780732 0.42516058207158 6.339767708753 0.0084658195808825 0.0048601242716756 97.955414568916
7 7 1 6.1058806293078 0.065114962687335 0.064657102593364 2194.6875421097 0.42509434751798 54.0 1.6080592786396e-07 38.555555555556
8 10 1 6.2059126617049 0.064959643746722 0.064505402178144 2194.690010249 0.42516736911072 538.62265834494 0.034988736 9.1862572757738 0.000596736 547.80891562072 0.035585472
9 19 1 6.305955771165 0.064975005607684 0.064520113166533 2194.6916198079 0.42510240601019 1.0508422851562 16.173023385349 0.04241943359375 0.65285771347026 0.00010773373444961 0.0 0.0 0.00010773373444961 500.05591682716 0.032491136 0.33588300294689 2.1824e-05 500.3917998301 0.03251296 2.1529876086336e-07
10 9 1 6.4059933140114 0.064990030482428 0.064535758114035 2194.6883643915 0.42518882140934 0.00010770882777002 0.0 0.0 0.00010770882777002 0.0
11 7 1 6.5060281410387 0.064898888392849 0.064446831346486 2194.6872231753 0.42507855514548 376890336.0 373817113.0 373925513.0
12 10 1 6.6060674494392 0.064960699999221 0.064504159314998 2194.6900041507 0.42524304560121 43.0 1.2839767495101e-07 43.0 2.0 5.9719848814425e-09 56.5
13 9 1 6.70610336986 0.064961516194334 0.064499718706292 2194.6925383055 0.0 0.42502542550677 1.053955078125 16.22429924468 0.04254150390625 0.65487239828248
14 10 1 6.8061422842041 0.064904735828426 0.064450634217834 2194.6925921965 0.42512998579025 1.5944599215929 0.000103488 0.42104785808297 2.7328e-05 2.7254713811273 0.000176896
15 19 1 6.9061837377212 0.065126885839474 0.064668974110518 2194.6883773235 0.4250077932402 1.0523071289062 16.157798969538 0.04241943359375 0.65133520583659 17894.673650949 17894.673650949 2236.8342063686 0.0 500.6605732749 0.032606464 0.40094040523235 2.6112e-05 501.06151368013 0.032632576 35.71352650799
16 13 1 7.0062228776286 0.064998726900946 0.064530998183711 2194.6856722526 0.4251383953057 210.0 1.073486328125 16.515497753686 0.31353759765625 4.8237498271937 0.0 0.0 0.04266357421875 0.65637553615114
17 9 1 7.1062611279649 0.065172703282788 0.064718420043871 2194.6921556897 0.42503955762803 0.12669491917174 2.2726575840243e-06 1.7938032550016e-05 3893.0 1.1580439757339e-05
18 8 1 7.206297244961 0.065122436171999 0.064667069504275 2194.6898116836 0.42521065173682 0.1110161385757 0.0008677439154968 0.0078163763091534 9.0076993564147
19 5 1 7.3063336020145 0.065072722552013 0.064607637183657 2194.6887234704 0.42530177962565 5.7514134960985
20 6 1 7.4063735418112 0.065066397719295 0.064609103345466 2194.6906864409 0.42514947302885 1.0 8.0
21 7 1 7.5064133665616 0.064976021095721 0.064521822103359 2194.6919803947 0.4250679242271 93.746866173078 6.2531338269217 1.0641104591662
22 7 1 7.606449282453 0.065134828568387 0.064679432912602 2194.6876594028 0.42511841210615 7.2220473296419e-07 7.994886342777e-09 0.011070110701107
23 9 1 7.7064845153132 0.064922597003835 0.064471439040323 2194.6887212077 0.42514387163118 17890.42086427 17890.42086427 2236.3026080338 0.0 100.0
24 6 1 7.806520730144 0.065077689475215 0.064622434230353 2194.6876263053 0.42522869686392 0.0 0.0
25 13 1 7.9065568770341 0.064878944606381 0.064423343316533 2194.690000007 0.42512277803179 2.3522616328152 568936828.0 371137830.0 7113821.0 6682368.0 1.2503709814335 2.1523006417155 65.233574578863 31.363753797988
26 7 1 8.0065947632078 0.064987069170747 0.064524901631979 2194.6882379526 0.42517667500507 66.635929746466 33.364070253534 2.0693911004732
27 12 1 8.1066356550812 0.064973917649492 0.064518502970291 2194.6903908345 0.42525472822019 8711404.0 0.062527234415945 0.048912896244968 88.326634834063 6.1156563925994 0.0038239508086743 0.0029913446660109 5.4017534895973
1 7 1 8.2066736717012 0.064787038862551 0.06433409632149 2194.6906526819 0.42525987896846 76.840145650047 23.159854349953 1.0010527065999
2 10 1 8.3067086418571 0.064834821152924 0.064384126545462 2194.6903619325 0.42512306935385 1.3770378079615 8.928e-05 0.12536473233772 8.128e-06 1.5024025402992 9.7408e-05
3 5 1 8.406744930064 0.064770865335861 0.064315386339399 2194.6911006487 0.42497522524202 72.9781117261
4 6 1 8.5067776065395 0.064801855385601 0.064348828597986 2194.6887541178 0.42513415619518 17890.075293393 0.0
5 7 1 8.6068123275793 0.064939687277977 0.064486341168743 2194.6897882574 0.42526082750115 4.6333450402558e-05 5.3884440772443e-06 0.11629706034038
6 8 1 8.7068540881886 0.064951257138114 0.064496224286039 2194.6906216964 0.42540054508586 6.1258843474082 0.0083387692642319 0.0048028333331718 97.960237596355
7 7 1 8.8068905249593 0.064840255508621 0.064379410097231 2194.6933822031 0.42530115340052 59.0 1.7653904895201e-07 51.28813559322
8 10 1 8.9069266310849 0.065288563130251 0.064829995999337 2194.695781343 0.42512089414831 515.5892301205 0.03366208 133.08548363464 0.00868896 648.67471375514 0.04235104
9 19 1 9.0069681353311 0.065120112597676 0.06465502994695 2194.6903030499 0.42509430362951 1.0409545898438 15.985147265868 0.04241943359375 0.65140295220042 0.00010749367162872 0.0 0.0 0.00010749367162872 500.03648183437 0.032562432 0.48255444818014 3.1424e-05 500.51903628255 0.032593856 2.1476440222354e-07
10 9 1 9.1070058240236 0.065335687753973 0.064880344186111 2194.6894300875 0.42509184736072 0.00010713899616943 0.0 0.0 0.00010713899616943 0.0
11 7 1 9.2070443995697 0.065336166056992 0.06487549502691 2194.6865363778 0.42535036878857 379169491.0 376074470.0 376173031.0
12 10 1 9.3070898452864 0.065125633011681 0.064669817934877 2194.6903046587 0.4251901224965 42.0 1.2507485916444e-07 40.904761904762 2.0 5.9559456744973e-09 58.0
13 9 1 9.4071273337802 0.065395075233684 0.064936876794679 2194.6933091391 0.0 0.42516203024137 1.0545654296875 16.126067993945 0.04241943359375 0.6486640384183
14 10 1 9.5071647824154 0.065130782922022 0.0646779350451 2194.6888393859 0.42506108350208 1.4464435367342 9.4208e-05 0.39403794716741 2.5664e-05 2.5961303152526 0.000169088
15 19 1 9.6072058618053 0.065208897595485 0.064752326564384 2194.6915190507 0.42501202149827 1.0454711914062 16.03264630989 0.04241943359375 0.65051603627611 17895.025296069 17895.025296069 2236.8781620087 0.0 498.36340128912 0.032497728 0.050054518943838 3.264e-06 498.41345580806 0.032500992 35.903977084761
16 13 1 9.7072447236085 0.064825800430465 0.064370578250112 2194.6902583345 0.42530782718159 210.0 1.0477294921875 16.16222993361 0.2874755859375 4.4345859831821 0.0 0.0 0.04248046875 0.65530187776958
17 9 1 9.8072851018497 0.064908039561586 0.064454415801074 2194.6901834322 0.42519382397575 0.12670097963889 2.0945536683468e-06 1.6531471771698e-05 4699.0 1.404038186528e-05
18 8 1 9.907322034135 0.064730677917661 0.064276722153254 2194.6905305297 0.42507378535935 0.11101614538178 0.00086776932915339 0.0078166047485178 9.0076988041785
19 5 1 10.007354947044 0.064923705797196 0.06446579995644 2194.682890199 0.42516235354688 5.7510484073497
20 6 1 10.107388741372 0.064939121104896 0.064487556402644 2194.6916735278 0.42501866875162 1.0 8.0
21 7 1 10.207428097784 0.064791845445536 0.064336389095997 2194.6925610463 0.42506427582317 94.019904460947 5.9800955390527 1.0658315859661
22 7 1 10.307464530931 0.064918727097594 0.064462662904635 2194.6889081921 0.42514612695512 8.8512518329478e-07 1.0428967416464e-07 0.1178247734139
23 9 1 10.407503786791 0.064710338262974 0.064253912625121 2194.6910236973 0.42526034730481 17883.642939665 17883.642939665 2235.4553674582 0.0 100.0
24 6 1 10.507542511807 0.064718753859644 0.064265331203811 2194.6919561502 0.42515456990933 0.0 0.0
25 13 1 10.607577160376 0.064925782067117 0.06447267012707 2194.6939666956 0.42514586031256 2.3521339223786 569372444.0 371401633.0 7096669.0 6686528.0 1.246401907009 2.1531180739755 65.229997853567 31.370482165449
26 7 1 10.707613267408 0.065085758121021 0.064624162190595 2194.6970730125 0.42507104844545 66.653888204549 33.346111795451 1.9884257159911
27 12 1 10.807652006012 0.064617939722095 0.064166495048536 2194.6919125799 0.4251920432778 8260808.0 0.054909882907338 0.042029786916728 87.543518745382 5.8311392700139 0.0032018717453284 0.0024508154100045 5.1047844999139
1 7 1 10.907687874797 0.064739667840304 0.064286404165871 2194.6929858768 0.42496850235368 76.87604021738 23.12395978262 1.0007423483706
2 10 1 11.007721285939 0.06478942856589 0.064327233850814 2194.6939471253 0.4250451952772 1.2762575906331 8.2688e-05 0.13335508880455 8.64e-06 1.4096126794377 9.1328e-05
3 5 1 11.107754852892 0.064969935414512 0.064516558052525 2194.6904573057 0.4252041134872 72.978159855641
4 6 1 11.207786987653 0.064910681098711 0.06445559389402 2194.6893945613 0.4250293436809 17894.127566365 0.0
5 7 1 11.307818928556 0.06482654234367 0.064376885871169 2194.6892332918 0.4250717332807 1.6649173769275e-05 4.0673390203366e-06 0.24429674869768
6 8 1 11.40785537348 0.064943583454648 0.064491055352282 2194.692334819 0.42521128446646 6.0498855409729 0.0069038800522268 0.0038333038987847 97.963952363031
7 7 1 11.507888756539 0.064780577242417 0.06432565400145 2194.6895100638 0.42508458072073 55.0 1.6462395624633e-07 37.6
8 10 1 11.607918305928 0.06493424114588 0.064483637579049 2194.6922298314 0.42501886192844 498.05562410969 0.032340864 0.027597150107201 1.792e-06 498.08322125979 0.032342656
9 19 1 11.707956876944 0.064840655906224 0.064386978246034 2194.6929651713 0.42503214652382 1.0588989257812 16.33078677231 0.04248046875 0.65515174324328 0.0001079569585188 0.0 0.0 0.0001079569585188 504.67694292493 0.032723584 1.1972735148188 7.7632e-05 505.87421643975 0.032801216 2.1340672248248e-07
10 9 1 11.807992920565 0.064994207480948 0.064540973700453 2194.6938734514 0.42509503651672 0.00010770190562062 0.0 0.0 0.00010770190562062 0.0
11 7 1 11.908030207954 0.064819463821347 0.064364532880426 2194.6917512121 0.42508562879053 376402537.0 373338413.0 373442029.0
12 10 1 12.008070066221 0.064855105549118 0.064391155244554 2194.6899127931 0.42521742379498 49.0 1.4656157336445e-07 36.755102040816 3.0 8.9731575529257e-09 42.333333333333
13 9 1 12.108105500186 0.065011559553522 0.064557671729885 2194.6883974572 0.0 0.42504904200588 1.0568237304688 16.255935678619 0.04241943359375 0.6524906322056
14 10 1 12.208142566541 0.064868655656221 0.064416946466599 2194.6879843548 0.42497942861128 1.2845649282699 8.3328e-05 0.3798444680368 2.464e-05 2.312611514489 0.000150016
15 19 1 12.308181966436 0.065129912374294 0.064675833410624 2194.6920214395 0.4249937765876 1.0585327148438 16.252635329225 0.04241943359375 0.65130493881169 17896.33103299 17896.33103299 2237.0413791238 0.0 498.47449223368 0.0324656 0.12381407721935 8.064e-06 498.5983063109 0.032473664 35.893284847685
16 13 1 12.408220062773 0.064991744401578 0.064538357074944 2194.6908186782 0.42497105392972 209.0 1.0590209960938 16.294700286088 0.2996826171875 4.6110874534432 0.0 0.0 0.04241943359375 0.65268956825723
17 9 1 12.508254979482 0.065135981749718 0.064680063402944 2194.690780915 0.42507225820838 0.12669479117227 2.053906264195e-06 1.6211449935636e-05 3721.0 1.1076210447927e-05
18 8 1 12.608266207509 0.064884818312388 0.064430915994721 2194.6897379411 0.42520405133098 0.11101614235049 0.000867730453222 0.0078162547792597 9.0076990501335
19 5 1 12.708272565543 0.077073290933622 0.076538127378955 2194.6906983819 0.42504112193598 5.7500673590891
20 6 1 12.808281026116 0.064836569495397 0.064386228632876 2194.6900048586 0.4250505975578 1.0 8.0
21 7 1 12.90829229672 0.064986907018777 0.064532960313139 2194.6904175031 0.42511778011402 93.781200118869 6.218799881131 1.0622006970957
22 7 1 13.008298720882 0.076861310296978 0.076316560299711 2194.6919911715 0.42500879777847 5.7353580779141e-07 9.032059965219e-09 0.015748031496063
23 9 1 13.108308167955 0.065217260651294 0.064763670408227 2194.6913153737 0.4249888457416 17896.842589583 17896.842589583 2237.1053236979 0.0 100.0
24 6 1 13.2083184122 0.065201732108977 0.064746394882253 2194.6940486848 0.42498132560882 0.0 0.0
25 13 1 13.308324790163 0.07711106600156 0.07657409522242 2194.6922537343 0.42504618077632 2.352685532131 676242812.0 441216562.0 8427838.0 7941852.0 1.2462739493045 2.1537865898972 65.245286777259 31.354652683539
26 7 1 13.408335491876 0.065261741020261 0.064799740615786 2194.6896052379 0.42516807679811 66.637733242487 33.362266757513 2.1128267491627
27 12 1 13.508344546704 0.065094787902249 0.064636695903785 2194.690855091 0.42507240664924 9148562.0 0.087740565129252 0.075235867669695 88.860992580036 6.4108097832534 0.0056248807331879 0.0048232283650844 5.696709205817
1 7 1 13.60835066921 0.077191861164856 0.076656595699034 2194.6883002573 0.42494869039315 76.881612155333 23.118387844667 1.0006859952517
2 10 1 13.708359467675 0.064943480184678 0.064492107981273 2194.685867148 0.42518339281618 1.2259275261134 7.9616e-05 0.097561756499381 6.336e-06 1.3234892826128 8.5952e-05
3 5 1 13.808370383175 0.065115870376018 0.064658349080018 2194.687671233 0.42512084594421 72.978354659927
4 6 1 13.90837674302 0.076867718470374 0.07633406455961 2194.6891032737 0.42509318492088 17892.71537349 0.0
5 7 1 14.008385500721 0.064899244402482 0.064435293192041 2194.6850414694 0.42508223511316 2.3205222457525e-05 4.5119605859984e-06 0.19443729075457
6 8 1 14.108396461515 0.065066674917635 0.0646118662701 2194.68604407 0.42518372658159 6.0775414842952 0.0067038003790371 0.0038100130774931 97.958684021904
7 7 1 14.208403083158 0.076912300297557 0.076376891703181 2194.6877977387 0.42503346831396 53.0 1.3359069892352e-07 37.962264150943
8 10 1 14.308411618013 0.065019601928898 0.06456598269777 2194.6921113675 0.42497882844172 498.17444338434 0.032391104 0.060043431275836 3.904e-06 498.23448681562 0.032395008
9 19 1 14.40842261776 0.064856317612449 0.064403485135434 2194.6880206624 0.42501358424408 1.062744140625 16.386131370817 0.04241943359375 0.6540524524878 0.00010793088873514 0.0 0.0 0.00010793088873514 498.95993468782 0.032360704 0.19637254270439 1.2736e-05 499.15630723053 0.03237344 2.1622663516759e-07
10 9 1 14.508429156968 0.076991746610106 0.076457143793258 2194.6882631318 0.42502411774758 9.0918836215637e-05 0.0 0.0 9.0918836215637e-05 0.0
11 7 1 14.608437475319 0.06476938785059 0.064319024794084 2194.6894567876 0.42494694720181 376267445.0 373207695.0 373299376.0
12 10 1 14.70844906298 0.064844337390063 0.064383083428178 2194.6886926447 0.42519944559466 44.0 1.3161724546786e-07 40.113636363636 2.0 5.982602066721e-09 53.5
13 9 1 14.808455496201 0.076920396119671 0.076384037260397 2194.6883966146 0.0 0.42489909505494 1.2738647460938 16.560818851113 0.0501708984375 0.65224441069499
14 10 1 14.908466428006 0.064875240475618 0.064415576327744 2194.6864644395 0.42509615189608 1.4896283896831 9.664e-05 0.35514319224233 2.304e-05 2.5442063688694 0.000165056
15 19 1 15.008475510917 0.064637072748712 0.064176865980557 2194.6881835235 0.42524710981045 1.0487060546875 16.224528897906 0.04345703125 0.67232362794254 17883.00204271 17883.00204271 2235.3752553387 0.0 502.03956676931 0.032450368 74.683580099103 0.004827328 576.72314686842 0.037277696 31.007949203728
16 13 1 15.108486880262 0.077027066751567 0.076479020721093 2194.689615637 0.42544824036131 210.0 1.28271484375 16.652780611355 0.382080078125 4.9603352982051 0.0 0.0 0.0556640625 0.7226558773104
17 9 1 15.208495089907 0.065006320867242 0.064541817071874 2194.6929720392 0.42535862370022 0.12671127707482 2.346258200109e-06 1.8516569750328e-05 7281.0 2.1734231494903e-05
18 8 1 15.308501129072 0.064972698339146 0.064516427153309 2194.6860044448 0.4251819734092 0.11101614048174 0.00086773532146477 0.0078162987624985 9.0076992017614
19 5 1 15.408507562293 0.077220548475443 0.076683900188489 2194.6861263445 0.42496882849792 5.7501713056527
20 6 1 15.508516169618 0.065012785205007 0.064561315166893 2194.6897455293 0.42500253381604 1.0 8.0
21 7 1 15.608526938366 0.065260069677327 0.064802476364111 2194.6812504425 0.42520161495543 93.904835911173 6.0951640888265 1.0610952813146
22 7 1 15.708533616174 0.077174033506894 0.07663858867744 2194.6874542768 0.4250313019032 5.4417233968579e-07 6.7459380952784e-09 0.012396694214876
23 9 1 15.808543658408 0.065225149933468 0.064770613049011 2194.6893563319 0.42489358838144 17900.608234568 17900.608234568 2237.576029321 0.0 100.0
24 6 1 15.908552893506 0.065060291202917 0.0646059844112 2194.6916783524 0.42506155464443 0.0 0.0
25 13 1 16.00855970629 0.077222335770624 0.076676842954274 2194.6880576313 0.42504884203008 2.3526708018398 677150200.0 441805858.0 8437121.0 7953268.0 1.2459748221296 2.1525001395554 65.244883336075 31.35664170224
26 7 1 16.108568772895 0.06513175402209 0.064677380195481 2194.6882844634 0.42510262072487 66.6177819261 33.3822180739 2.1290492073195
27 12 1 16.208579668466 0.065053209962963 0.064598081087933 2194.686335718 0.42533350650072 8152931.0 0.054348552686144 0.04100365868422 87.868044019997 5.7165413988168 0.0031068575139612 0.002343991123713 5.0230131127337
1 7 1 16.308585917793 0.07698568357582 0.076450765966739 2194.6882998526 0.42503586309949 76.868820192021 23.131179807979 1.0006701505679
2 10 1 16.408596583271 0.064986049153325 0.064529170577007 2194.6869107711 0.42506976827131 1.4092870884322 9.1584e-05 0.10537646293658 6.848e-06 1.5146635513688 9.8432e-05
3 5 1 16.508606615541 0.064996997581889 0.064538015106403 2194.6904586875 0.42510504179524 72.978261585118
4 6 1 16.60861208038 0.076954446221678 0.076417500807092 2194.6894125474 0.42517626055596 17888.589465442 0.0
5 7 1 16.708620727564 0.065161688725208 0.064708255651789 2194.6860002204 0.42519209580392 2.1610316627657e-05 4.2351577690615e-06 0.19597851535601
6 8 1 16.808631377642 0.064936294768878 0.064482713584581 2194.6917978544 0.42514344452652 5.9858419838797 0.0070754608470738 0.0040058923072433 97.960813972311
7 7 1 16.908638044579 0.077187885271015 0.076651014591275 2194.6874281983 0.42505994330005 55.0 1.381446801241e-07 38.036363636364
8 10 1 17.008646617481 0.064893191332843 0.064432717330994 2194.681958933 0.4251325689503 499.19616117885 0.032394432 0.25543511822342 1.6576e-05 499.45159629708 0.032411008
9 19 1 17.10865774405 0.064836334873272 0.064381191504212 2194.684917476 0.4251321331081 1.0445556640625 16.110652554685 0.0423583984375 0.65331266056745 0.00010796415333597 0.0 0.0 0.00010796415333597 498.63201032554 0.032329472 0.14707802374454 9.536e-06 498.77908834929 0.032339008 2.1645685606683e-07
10 9 1 17.208664358447 0.07688500531981 0.07635047995544 2194.6870661057 0.42506024763063 9.1045061008748e-05 0.0 0.0 9.1045061008748e-05 0.0
11 7 1 17.308672525516 0.064976625315633 0.064525782597293 2194.687206165 0.42500121673657 377414307.0 374264936.0 374451535.0
12 10 1 17.408683757167 0.065165722595173 0.064708916941948 2194.6915698819 0.42518158110271 46.0 1.3690122895668e-07 37.847826086957 2.0 5.9522273459425e-09 53.5
13 9 1 17.508690579915 0.076999519034156 0.076464494984537 2194.6876299437 0.0 0.42520044308326 1.244140625 16.157771380989 0.05023193359375 0.65236684883015
14 10 1 17.608698759667 0.065229512636758 0.064775623454305 2194.687893522 0.42513898368909 1.2784397219765 8.3392e-05 0.38951693754771 2.5408e-05 2.4430659307149 0.00015936
15 19 1 17.70870964799 0.065104915606315 0.064649357798559 2194.6875848678 0.42504534114766 1.0701293945312 16.436998413488 0.04248046875 0.65249249391361 17893.701284316 17893.701284316 2236.7126605395 0.0 502.59602819953 0.032721472 0.7008994570538 4.5632e-05 503.29692765659 0.032767104 35.55297141914
16 13 1 17.808716302245 0.077227928654784 0.076690652142179 2194.6896840035 0.4251620132875 210.0 1.2449951171875 16.121047642657 0.34710693359375 4.4945777989897 0.0 0.0 0.050537109375 0.65438903069518
17 9 1 17.908725079875 0.065170632448128 0.064716173922026 2194.6848169377 0.42525557387437 0.12669331590151 2.0566217859708e-06 1.6233072529016e-05 3602.0 1.0720624707767e-05
18 8 1 18.008738219303 0.065277454361471 0.064803431158394 2194.6883349451 0.42511834663252 0.11101613284227 0.00086776536586743 0.0078165699313299 9.0076998216176
19 5 1 18.108742684054 0.077212246113389 0.076676226052085 2194.6846277936 0.42505127709204 5.7499320357463
20 6 1 18.208751204415 0.065172013910445 0.064718770165304 2194.6871723592 0.4250054755503 1.0 8.0
21 7 1 18.308761977692 0.065258876637411 0.064803287123963 2194.683456952 0.42500718638061 93.53413793537 6.4658620646297 1.0632693652674
22 7 1 18.408768716194 0.077087375508114 0.076550345846973 2194.68591189 0.42514898390767 4.909058354132e-07 6.7555848910074e-09 0.013761467889908
23 9 1 18.508777110638 0.065234576488791 0.064780987151602 2194.6871732255 0.4250391466452 17894.757517136 17894.757517136 2236.844689642 0.0 100.0
24 6 1 18.608788080491 0.065064808811162 0.064609920446456 2194.6846724864 0.42499421713626 0.0 0.0
25 13 1 18.708795064485 0.077224891249441 0.076680919400455 2194.6873590754 0.42500576731776 2.352909247117 677186200.0 441874379.0 8446984.0 7954560.0 1.2473650526251 2.1540818463223 65.251533330124 31.347019770929
26 7 1 18.808803328483 0.065131363589134 0.06467899673286 2194.6841034124 0.42513005560814 66.623229044758 33.376770955242 2.2576805140899
27 12 1 18.908814212277 0.06528265500092 0.06482504538192 2194.6824389778 0.42506297875577 8670294.0 0.053123919442639 0.040932868020392 88.030682696573 6.0580129607316 0.0032182539250837 0.0024797184498745 5.3329101671789
1 7 1 19.008820770509 0.077022172298519 0.076477207608419 2194.6910766998 0.42512384022107 76.856602323169 23.143397676831 1.0006757148142
2 10 1 19.108829387799 0.064929979900806 0.064478015253889 2194.6897905213 0.42509868391869 1.2182970042629 7.9104e-05 0.08772526972443 5.696e-06 1.3060222739873 8.48e-05
3 5 1 19.208840211805 0.064871933118951 0.064418132712437 2194.6804166116 0.42518140778446 72.978190163618
4 6 1 19.308846794496 0.076957220922711 0.076423413465807 2194.6819650805 0.42515268206824 17890.320251854 0.0
5 7 1 19.408855272281 0.065200414058046 0.064746801620994 2194.6881784434 0.42498035405535 1.8586974661994e-05 3.9837725603121e-06 0.21433141394754
6 8 1 19.508870309521 0.064892607948101 0.064429724313621 2194.6830092965 0.42530710074666 5.8737631969508 0.034021497410567 0.029864681330627 97.953942435655
7 7 1 19.608873283198 0.077195134098201 0.076658840009126 2194.6837708188 0.42509390929848 61.0 1.5321161047631e-07 44.459016393443
8 10 1 19.708881512773 0.065202783832092 0.064747335182506 2194.6866071131 0.42498784752146 501.40877549325 0.032693248 0.86082214134506 5.6128e-05 502.26959763459 0.032749376
9 19 1 19.808892613978 0.065250581522373 0.064794522764675 2194.6854441956 0.42512962381185 1.0394897460938 15.930735356548 0.04241943359375 0.65010046813461 0.00010727873739485 0.0 0.0 0.00010727873739485 498.35105283852 0.032517696 0.041195035159623 2.688e-06 498.39224787368 0.032520384 2.152496108287e-07
10 9 1 19.908899275479 0.077216723863049 0.076680149405065 2194.6831044042 0.42502677781538 9.0653936735456e-05 0.0 0.0 9.0653936735456e-05 0.0
11 7 1 20.008907862876 0.06536195637316 0.064901473312541 2194.690949371 0.42500993520146 379595260.0 376550467.0 376624001.0
12 10 1 20.108918483966 0.065332825182878 0.064876985647397 2194.6865161536 0.42507636042921 43.0 1.2760977685214e-07 40.674418604651 2.0 5.9353384582389e-09 54.0
13 9 1 20.20892531849 0.077341216717645 0.076802324573538 2194.6836680417 0.0 0.42503348119658 1.2512817382812 16.178718041758 0.05084228515625 0.65737632938803
14 10 1 20.308933818016 0.065327742307429 0.064873974965423 2194.6883632774 0.42527639269134 1.3352979441642 8.7232e-05 0.37031740491128 2.4192e-05 2.4178395643414 0.000157952
15 19 1 20.408944779716 0.06523366245897 0.064778549889724 2194.685996147 0.42516581455096 1.0444946289062 16.011589561803 0.04241943359375 0.65026907879702 17889.003744562 17889.003744562 2236.1254680702 0.0 498.47147583431 0.03251712 0.12263607006631 8e-06 498.59411190438 0.03252512 35.878890900326
16 13 1 20.508951917709 0.077208442336164 0.076672653273478 2194.6867007116 0.42514513397119 209.0 1.2354736328125 16.001794563259 0.3365478515625 4.3589514485628 0.0 0.0 0.05023193359375 0.6506015673136
17 9 1 20.608959850156 0.065178530789072 0.064725842799427 2194.6811929357 0.42507188779307 0.12669655478686 2.1149177094889e-06 1.669277995007e-05 3914.0 1.1642458389507e-05
18 8 1 20.70897095589 0.065321743590406 0.064864234976683 2194.6867709476 0.42518009933199 0.11101613320721 0.00086771618499092 0.0078161268990635 9.0076997920066
19 5 1 20.808977567569 0.077194436572965 0.076659406635145 2194.6869479733 0.42502189634645 5.7501692189317
20 6 1 20.908985991001 0.065322183846593 0.064869230887946 2194.6862215156 0.4251890740725 1.0 8.0
21 7 1 21.009001220287 0.065093701755811 0.064619122344301 2194.6834714249 0.42531980331735 93.824112072769 6.1758879272309 1.06713375034
22 7 1 21.109003934883 0.077091019850999 0.076539727157611 2194.6890601371 0.42503770812891 5.5839044907721e-07 1.395976122693e-07 0.25
23 9 1 21.209017153123 0.065092449833896 0.064624943962385 2194.6842336228 0.42580578947101 17858.418710102 17858.418710102 2232.3023387627 0.0 100.0
24 6 1 21.309023534708 0.064712417250526 0.064257743578654 2194.6860495559 0.42505405208877 0.0 0.0
25 13 1 21.409029666272 0.077180140929149 0.076643341360748 2194.6859550729 0.42501976855146 2.3528317362935 676854340.0 441643033.0 8440427.0 7950424.0 1.2470078865122 2.1549578894626 65.249346410337 31.348687813688
26 7 1 21.509038465644 0.065068374342754 0.064615909651772 2194.6840921711 0.42512755880951 66.641359295075 33.358640704925 2.0500072089581
27 12 1 21.609049298709 0.065224693371496 0.064768829830276 2194.6822692162 0.42508589465861 8653483.0 0.051320375853284 0.03833138633311 88.15887198253 6.0515147684174 0.0031056601239688 0.0023196295048873 5.334947157693
1 7 1 21.709055845164 0.065108241986399 0.064651902406853 2194.6811590952 0.42516634472774 76.852887134328 23.147112865672 1.000741471353
2 10 1 21.809064447961 0.065248130219403 0.06479516729611 2194.680617568 0.42502590945989 1.1544851897932 7.5328e-05 0.10299145703338 6.72e-06 1.2574766468266 8.2048e-05
3 5 1 21.909075377954 0.065164069369778 0.064709224034227 2194.6823166535 0.42508909872624 72.97835271522
4 6 1 22.009082043986 0.065298888315487 0.064831967187534 2194.6839841477 0.42500566663854 17892.610887265 0.0
5 7 1 22.109090359619 0.0653279751178 0.064874630367381 2194.6839102648 0.42499088348722 1.8565646461299e-05 4.142183548022e-06 0.22311011666933
6 8 1 22.209103163872 0.065193408005877 0.06473485944544 2194.6821400113 0.42508162015022 6.5136897703358 0.0068219040971265 0.0038111704222613 97.956249890587
7 7 1 22.309107985538 0.077305961799323 0.076769337065169 2194.684421779 0.42514305555403 53.0 1.3294205026431e-07 38.471698113208
8 10 1 22.409116511335 0.065179741040649 0.064727136391682 2194.6815147339 0.42500426922751 500.28207353055 0.032608256 0.2209275423635 1.44e-05 500.50300107291 0.032622656
9 19 1 22.509130607369 0.065312397658129 0.064845844769148 2194.6840174069 0.42521307415946 1.1398315429688 17.451993554655 0.04656982421875 0.71303191872567 0.00010717720143488 0.0 0.0 0.00010717720143488 740.98519936936 0.04839552 40.626896196479 0.00265344 781.61209556584 0.05104896 1.371232636277e-07
10 9 1 22.609135552234 0.076957858660069 0.076414993339752 2194.6792603426 0.42519436300025 9.095887180177e-05 0.0 0.0 9.095887180177e-05 0.0
11 7 1 22.709143082471 0.065025108754749 0.064565598153014 2194.6804481445 0.42516862598697 377482886.0 374411935.0 374535350.0
