1 7 2 0.10058846849077 0.10059670220498 0.10059670220498 0.0014839947386057 0.0 2195.2848755571 - 1.4663913777617 - 31.833550882562 - 68.166449117438 - 10.068146371807 -
2 10 2 0.20086409479116 0.057503934819781 0.057503934819781 8.2078989284951e-06 0.00084944801901507 2185.6835175045 1097.5482548602 1.3483371772934 1.7936433708209 0.98275014009234 86.37294153115 5.6512e-05 0.004966784 0.16026729351449 14.065680940529 9.216e-06 0.000808832 1.1430174336068 100.43862247168 6.5728e-05 0.005775616
3 5 2 0.30114264863436 0.050471409916333 0.050471409916333 1.7768608876105e-05 0.0 1595.9150482072 - 2.9189048433896 - 1.5050675675676 -
4 6 2 0.40140382019203 0.051672146317449 0.051672146317449 6.9239286441998e-06 0.0 1098.5364469713 - 1.1374153708801 - 0.0 0.0 0.0 0.0
5 7 2 0.50166558051914 0.053991593572544 0.053991593572544 5.9642344528694e-06 0.0 1497.8923595979 - 0.97976341046053 - 0.17640056543412 - 0.046276318726285 - 0.26233656684943 -
6 8 2 0.60198179386749 0.053800175568783 0.053800175568783 7.5140567854474e-06 0.0 1508.2693288924 - 1.2338985571917 - 55.837502260262 - 34.355976131638 - 26.930263395817 - 74.636851304924 -
7 7 2 0.70224294549758 0.043667874659274 0.043667874659274 1.8965622442734e-05 0.0011308150479076 2194.3706015715 2194.4512755551 3.1155419983632 1.2848356669806 108.0 1705.0 0.0080351164347891 0.00087736902501402 75.518518518519 48.990615835777
8 10 2 0.80252397126665 0.057035662931351 0.057035662931351 3.0836120203361e-05 0.0042720291002043 2190.4293809541 2194.7970907278 5.0655457183245 2.3657452436141 535.33383204032 0.0 0.03053312 0.0 20.559206989693 0.0 0.001172608 0.0 555.89303903001 0.0 0.031705728 0.0
9 19 2 0.90286025802979 0.057332417223177 0.057332417223177 2.1645429205406e-05 0.0 2197.3743592969 - 3.5557622200729 - 0.758056640625 0.0 13.222129422419 0.0 0.03729248046875 0.0 0.65046063422691 0.0 0.00015697925250501 0.0 0.0 0.0 3.4884278334448e-05 0.0 8.7210695836119e-05 0.0 504.63764483148 0.0 0.028932096 0.0 0.22884086587398 0.0 1.312e-05 0.0 504.86648569735 0.0 0.028945216 0.0 3.1093221069762e-07 0.0
Warning: Sanitizing vector length to a multiple of the loop stride 16 and thread count 2 from 2000 elements (8000 bytes) to 1984 elements (7936 bytes)
10 9 2 1.0031307738114 0.056512202512775 0.056512202512775 6.3396881973776e-06 0.0 2181.5015782225 - 1.0414403690202 - 0.00015925763994007 0.0 0.0 0.0 3.5390586653349e-05 0.0 8.8476466633374e-05 0.0 28.571428571429 -
11 7 2 1.10340366641 0.057002565936488 0.057002565936488 0.054685952020567 0.035031135090185 2194.8770211563 2194.8749074044 0.82521782264445 0.55472786940081 164059429.0 154429825.0 163002578.0 154667297.0 166555264.0 156569903.0
12 10 2 1.203637846059 0.056873028506937 0.056873028506937 0.056496376842498 0.056502696603115 2194.8815004993 2194.8792159474 0.55465958318339 0.55465729668996 0.0 0.0 0.0 0.0 - - 0.0 0.0 0.0 0.0 - -
13 9 2 1.3038498544624 0.056351970267687 0.056351970267687 0.055974237531977 0.055983860289166 2194.8795763231 2194.8752335654 0.0 0.0 0.55464831969423 0.55463366196323 0.953125 0.0 16.913783058026 0.0 0.03656005859375 0.0 0.64878048487178 0.0
14 10 2 1.4040720395192 0.056672317003975 0.056672317003975 0.056296032188191 0.056301935281202 2194.8831343019 2194.8791302651 0.5547151521978 0.55469560274811 1.2027036056285 1.216255195551 6.816e-05 6.8928e-05 0.43365087752237 0.42913368088152 2.4576e-05 2.432e-05 1.6668455604766 1.6578111671949 9.4464e-05 9.3952e-05
15 19 2 1.5043151322318 0.056100123685741 0.056100123685741 0.055711456595686 0.055736086633066 2194.8837962471 2194.8783331529 0.55466317403924 0.55463951314383 0.9576416015625 0.0 17.070222642056 0.0 0.03680419921875 0.0 0.65604488547865 0.0 13384.23287988 13390.720423508 13384.23287988 13390.720423508 1673.0291099849 1673.8400529386 0.0 0.0 506.79103952183 0.0 0.02843104 0.0 1.4499789778659 0.0 8.1344e-05 0.0 508.2410184997 0.0 0.028512384 0.0 26.334420860774 26.34718555979
16 13 2 1.6045298399166 0.056149782312123 0.056149782312123 0.055771252926069 0.055786765189282 2194.8816468104 2194.8776017366 0.55464087071285 0.55462095305513 213.0 213.0 0.95843505859375 0.0 17.069256889832 0.0 0.3048095703125 0.0 5.42850849569 0.0 0.0 0.0 0.0 0.0 0.03656005859375 0.0 0.65111665777298 0.0
17 9 2 1.7047536218973 0.055384236203159 0.055384236203159 0.055016760736947 0.055024354956956 2194.8817177017 2194.877339064 0.55465045290495 0.55463773596984 0.11263231329286 0.11263191274734 4.5658986263572e-08 5.0216801682679e-08 4.0538087986217e-07 4.4584878706027e-07 206.0 341.0 9.4057511702957e-07 1.5567208521631e-06
18 8 2 1.8049616782991 0.05537959851155 0.05537959851155 0.055010640252142 0.055014308738669 2194.8804470107 2194.8797356898 0.55464905509138 0.55463964629142 0.11092156867508 0.11092155966992 1.0959348288472e-07 1.1871634229032e-07 9.8802680302644e-07 1.0702729265942e-06 9.0153791723703 9.0153799042838
19 5 2 1.9051653270822 0.054991644738873 0.054991644738873 0.054628347724109 0.054628518920147 2194.8824085182 2194.8842944139 0.55465361224548 0.55464554130632 6.3550724637681 6.1785714285714
20 6 2 2.0053715890959 0.055111367834717 0.055111367834717 0.05473993946105 0.054750042291785 2194.8827334775 2194.8759519889 0.55472161457877 0.55472244176398 0.0 0.0 - -
21 7 2 2.1056082071562 0.054703544452053 0.054703544452053 0.054340623796835 0.054342410938543 2194.8797107947 2194.8749389749 0.55464745115082 0.55464504478182 87.518101918853 88.036511020169 12.481898081147 11.963488979831 1.0059937408603 1.0020948408331
22 7 2 2.2058312065264 0.054534346607054 0.054534346607054 0.054168192248899 0.054170185459912 2194.8795829651 2194.8797890606 0.55479887876567 0.55479489152963 9.4600297631539e-07 8.0551297042562e-07 7.3532109076043e-07 7.3941959849326e-07 0.77729257641921 0.91794871794872
23 9 2 2.306062397944 0.054407380741268 0.054407380741268 0.054043809269369 0.054052408926426 2194.8829091515 2194.877231546 0.5546886373736 0.5546729991057 13386.92901729 13389.438088635 13386.92901729 13389.438088635 1673.3661271612 1673.6797610794 0.0 0.0 100.0 100.0
24 6 2 2.406268798545 0.053571490270908 0.053571490270908 0.053216275701905 0.053218197354785 2194.8839204486 2194.8794705359 0.55464912865282 0.55463536557943 0.0 0.0 0.0 0.0
25 13 2 2.5065034084486 0.053757917321394 0.053757917321394 0.053395813697012 0.053412252592747 2194.8850123704 2194.8797175292 0.55465414467993 0.5546340039279 1.8029253176807 1.8029907883722 471590764.0 471735952.0 235415877.0 235496928.0 385650.0 383613.0 3128.0 3212.0 0.081776410701716 0.081319432698231 0.0010029882603893 0.0010455001318195 49.919526625844 49.921344133635 49.997693975194 49.996290933535
26 7 2 2.6067433199946 0.053171249332865 0.053171249332865 0.052817776162717 0.052826824643249 2194.8803100378 2194.8776609074 0.5548273806349 0.55482688024841 49.983099583612 49.983523855508 50.016900416388 50.016476144492 1.0012314735909 1.0012878602102
27 12 2 2.7069856364373 0.052786127994106 0.052786127994106 0.052424668392924 0.052442139899681 2194.8856198102 2194.8783730345 0.55470287866219 0.5546259637419 12176878.0 12380145.0 0.01882255862299 0.024813925846587 0.011899601851969 0.016663778978356 99.910174019975 99.944491764838 10.519671356196 10.691711612783 0.0019800713079659 0.002653033391327 0.0012517990075229 0.0017816431921574 10.510221958305 10.685776832358
1 7 2 2.8072261304121 0.052679243695307 0.052679243695307 0.052334922719698 0.052339613853456 2194.8860439004 2194.8760728329 0.55463890087899 0.55463389977923 60.736752858366 60.89950793059 39.263247141634 39.10049206941 1.5423676911045 1.5552627643454
2 10 2 2.9074389005926 0.052732103415858 0.052732103415858 0.052380438673702 0.052388691409688 2194.8789361536 2194.8724267217 0.55463951841555 0.5546240803383 0.15413760258908 0.09223982517142 8.128e-06 4.864e-06 0.027914683933456 0.019418910562404 1.472e-06 1.024e-06 0.18205228652254 0.11165873573382 9.6e-06 5.888e-06
3 5 2 3.007642088324 0.052449635388105 0.052449635388105 0.05210155353446 0.052103415404597 2194.8837773915 2194.878458712 0.55463642661854 0.55463608986946 36.99995519961 36.999943093487
4 6 2 3.1078428276803 0.05308604261914 0.05308604261914 0.052736768733817 0.052738856147941 2194.8772232751 2194.8813555905 0.55463808381896 0.55463336814535 13389.537831997 13390.181918433 0.0 0.0
5 7 2 3.2080426730128 0.053094251876768 0.053094251876768 0.052738623810461 0.052748233433562 2194.883752695 2194.8785962552 0.55473643792357 0.55473312671082 4.4761313084838e-05 1.1616890387066e-05 1.0242318341039e-06 9.5735751037322e-07 0.022882077479779 0.082410824108241
6 8 2 3.3082728598992 0.052606009834646 0.052606009834646 0.052258080155255 0.05225841258354 2194.8873799532 2194.8804664741 0.55466255742064 0.55467143443277 12.212601330144 12.460786185953 0.0051895565703309 0.0066082359940171 0.0018607177616066 0.0027524927891145 99.992357797288 99.992207914777
7 7 2 3.4084750449109 0.052831350016289 0.052831350016289 0.052475899033717 0.052484228309731 2194.8836729853 2194.8769112225 0.55464751645785 0.55463165005858 1.0 0.0 4.7869522387489e-09 0.0 49.0 -
8 10 2 3.5086508448994 0.052631843226187 0.052631843226187 0.052264349191119 0.052280122777384 2194.8845186279 2194.8772612319 0.55466395629138 0.55463977137133 502.55933250006 0.0 0.026450624 0.0 0.21523091926151 0.0 1.1328e-05 0.0 502.77456341932 0.0 0.026461952 0.0
9 19 2 3.6088770100376 0.052864492301109 0.052864492301109 0.052515413615503 0.052521990623076 2194.8802330324 2194.87640947 0.55463451274451 0.55462578579439 0.91070556640625 0.0 17.227169443319 0.0 0.03460693359375 0.0 0.6546347479634 0.0 0.0 0.0 0.0 0.0 0.0 0.0 0.0 0.0 500.76894428899 0.0 0.026472896 0.0 0.026634134533634 0.0 1.408e-06 0.0 500.79557842353 0.0 0.026474304 0.0 0.0 0.0
10 9 2 3.7090980565049 0.052218046098179 0.052218046098179 0.051862146745038 0.051876361450979 2194.8854031919 2194.8769736015 0.55476273964947 0.55476586862939 0.0 0.0 0.0 0.0 0.0 0.0 0.0 0.0 - -
11 7 2 3.8093202180109 0.052329434030314 0.052329434030314 0.051980994838909 0.051983370750059 2194.8825775347 2194.8779647942 0.55469714228492 0.55467468265868 229163396.0 229183180.0 229515605.0 229535460.0 232338714.0 232358747.0
12 10 2 3.9095597826358 0.052189897484031 0.052189897484031 0.051845388555105 0.051853026706373 2194.8843547967 2194.8833207577 0.55466392672703 0.55464757014861 0.0 0.0 0.0 0.0 - - 0.0 0.0 0.0 0.0 - -
13 9 2 4.0097706433917 0.052433018502838 0.052433018502838 0.052080014989553 0.052094975621088 2194.8837568218 2194.8806142263 0.0 0.0 0.55465421301243 0.55463700555834 0.89361572265625 0.0 17.042995962704 0.0 0.03399658203125 0.0 0.64838117281784 0.0
14 10 2 4.1099936672185 0.052587962692534 0.052587962692534 0.052243766264308 0.052242978219054 2194.8881035854 2194.8828379101 0.55465687249959 0.55465514942486 1.0381082895183 1.0758355544363 5.4592e-05 5.6576e-05 0.44664213628749 0.4527271790162 2.3488e-05 2.3808e-05 1.4944864941718 1.5346477761813 7.8592e-05 8.0704e-05
15 19 2 4.2102369972505 0.051697311229223 0.051697311229223 0.051352183186588 0.051359273782274 2194.8885905734 2194.8853868391 0.55463541913718 0.5546254679971 0.8875732421875 0.0 17.168653863874 0.0 0.03399658203125 0.0 0.65760832087594 0.0 13388.301858313 13390.389549093 13388.301858313 13390.389549093 1673.5377322892 1673.7986936366 0.0 0.0 503.51307217088 0.0 0.026030272 0.0 0.6697446961309 0.0 3.4624e-05 0.0 504.18281686701 0.0 0.026064896 0.0 26.554458839966 26.558599581598
16 13 2 4.3104559286767 0.051971306411798 0.051971306411798 0.051620720023528 0.051638868615145 2194.8821696668 2194.8807038867 0.55466116009688 0.55465280892333 213.0 213.0 0.896240234375 0.0 17.244904857184 0.0 0.28802490234375 0.0 5.5419985032042 0.0 0.0 0.0 0.0 0.0 0.0340576171875 0.0 0.6553157797813 0.0
17 9 2 4.4106869334998 0.051706817591222 0.051706817591222 0.051363759299627 0.051363305494257 2194.8788295145 2194.8877564654 0.55471495206135 0.55472192970619 0.11263469825293 0.11263436620563 4.4020755218707e-08 4.8912997648909e-08 3.9082765703206e-07 4.3426353160822e-07 182.0 384.0 8.9019749442274e-07 1.8782591097181e-06
18 8 2 4.5108983975179 0.052084075687625 0.052084075687625 0.051729958947197 0.051743051368001 2194.8863720126 2194.8812662964 0.55465951244979 0.55464311507199 0.11092156679956 0.11092156426268 1.3111428333217e-07 1.6020550657493e-07 1.1820449991397e-06 1.4443134447287e-06 9.0153793248071 9.0153795309973
19 5 2 4.6111132365436 0.051862311600996 0.051862311600996 0.051514911361211 0.051524963467194 2194.8811579576 2194.878849087 0.55467907114974 0.55466101493908 6.2556390977444 6.0970149253731
20 6 2 4.7113185827944 0.052282240083399 0.052282240083399 0.051936018288294 0.051937864306946 2194.8845320113 2194.8767761072 0.55467971032366 0.55467101893855 0.0 0.0 - -
21 7 2 4.8115517488541 0.052138675448329 0.052138675448329 0.051798379844114 0.051802507570806 2194.880940067 2194.8838482157 0.55463131200243 0.55462329369093 89.75241050877 89.789561308351 10.24758949123 10.210438691649 1.0059018349716 1.003072000962
22 7 2 4.9117722147042 0.052645124959011 0.052645124959011 0.05229670886548 0.052302962955659 2194.8849869632 2194.8780245554 0.55463358925539 0.55462359921677 1.7110384492968e-07 3.8493066421441e-08 0.0 0.0 0.0 0.0
23 9 2 5.0119881588048 0.052309213876059 0.052309213876059 0.051963073149977 0.051963132479821 2194.8848709112 2194.8751303384 0.55474792050772 0.5547579043763 13386.377123906 13386.15169517 13386.377123906 13386.15169517 1673.2971404883 1673.2689618962 0.0 0.0 100.0 100.0
24 6 2 5.1121917767908 0.052319433101984 0.052319433101984 0.051968587655156 0.051976512491853 2194.8833635866 2194.8804458455 0.55464498909415 0.55464067372122 0.0 0.0 0.0 0.0
25 13 2 5.2124114183636 0.052416295639072 0.052416295639072 0.052063775369629 0.052070060256978 2194.885366424 2194.8796709978 0.5547090755936 0.55470356962051 1.8027467802467 1.802764674264 459826228.0 459881736.0 229521000.0 229551001.0 377709.0 373605.0 3876.0 4084.0 0.082141682444439 0.08123936454828 0.001425973465785 0.0014940797735877 49.914725612389 49.915224508938 50.0017067317 50.00204204674
26 7 2 5.3126251849231 0.052342473008969 0.052342473008969 0.051995706375679 0.052001689631914 2194.8811532672 2194.8784536467 0.55466627463369 0.55464949613615 49.996463171987 49.998176267524 50.003536828013 50.001823732476 1.0004735271964 1.0004680842469
27 12 2 5.4128204396656 0.05278324030644 0.05278324030644 0.052430107263874 0.052438463260963 2194.8774915367 2194.8839789084 0.55466338325394 0.5546476838951 14266798.0 14654238.0 0.023698379972857 0.015456279610035 0.017586286705678 0.0095876701333771 99.947185065633 99.947250754355 12.323886090471 12.656545774694 0.0029205613531419 0.0019562311039087 0.0021673139411515 0.0012134678591575 12.317377238121 12.649869542273
1 7 2 5.5130158891549 0.052499658145742 0.052499658145742 0.052144822200791 0.052154563617668 2194.886652059 2194.8782673158 0.55463943130833 0.55462304344863 60.699389105922 60.7701013999 39.300610894078 39.2298986001 1.5442430181886 1.5406466448906
2 10 2 5.6131817371282 0.052799062805859 0.052799062805859 0.052446687917175 0.052453689744546 2194.8815008767 2194.8746505448 0.55471015045531 0.55468277728004 0.21818569095362 0.15515426912257 1.152e-05 8.192e-06 0.030303568188003 0.018182140912802 1.6e-06 9.6e-07 0.24848925914162 0.17333641003538 1.312e-05 9.152e-06
3 5 2 5.7133459610037 0.052388015684048 0.052388015684048 0.0520361349088 0.052044138550022 2194.884786828 2194.8799557279 0.55465373371707 0.55464359100794 37.000014952727 36.999994747246
4 6 2 5.813507389583 0.052632147574698 0.052632147574698 0.052281875045825 0.052281680751909 2194.8830093259 2194.8818079474 0.55470283075365 0.55469778137544 13386.95486442 13387.026759644 0.0 0.0
5 7 2 5.9136689621844 0.052239656654118 0.052239656654118 0.051893629605829 0.051897279523473 2194.8820745255 2194.8752798384 0.5546343286507 0.55462807988854 2.0354507954505e-05 9.9319957893952e-06 6.3895244946367e-07 3.3397061864926e-07 0.031391200951249 0.033625730994152
6 8 2 6.0138540429909 0.051788072303288 0.051788072303288 0.051442638100542 0.051451432051516 2194.8848375315 2194.8765595083 0.55463550746343 0.55462438823292 11.225624870532 11.495947176602 0.0045851088781557 0.0048395967674029 0.0017713592670601 0.0019215787092107 99.992729679509 99.992731802381
7 7 2 6.1140218882513 0.052311084351288 0.052311084351288 0.051963891992402 0.051964320435396 2194.8862172511 2194.8798211862 0.55465830150633 0.55465711517369 0.0 0.0 0.0 0.0 - -
8 10 2 6.2141550957525 0.052212017099087 0.052212017099087 0.051856792113408 0.051865987786301 2194.8849150557 2194.8779281934 0.55471936375206 0.55473487158379 550.29293247707 0.0 0.028731904 0.0 168.65021673629 0.0 0.008805568 0.0 718.94314921337 0.0 0.037537472 0.0
9 19 2 6.3143480524826 0.05235311796049 0.05235311796049 0.052003882571638 0.052016905245907 2194.8836018575 2194.8790761595 0.55463777449584 0.55462347176462 0.9271240234375 0.0 17.709050760591 0.0 0.03472900390625 0.0 0.66336075594312 0.0 0.0 0.0 0.0 0.0 0.0 0.0 0.0 0.0 505.32294981868 0.0 0.026455232 0.0 0.82149834958173 0.0 4.3008e-05 0.0 506.14444816826 0.0 0.02649824 0.0 0.0 0.0
10 9 2 6.4145235617096 0.052193930101813 0.052193930101813 0.051849298437103 0.051848898073882 2194.8868050754 2194.8803770575 0.55467845576284 0.55466950467981 0.0 0.0 0.0 0.0 0.0 0.0 0.0 0.0 - -
11 7 2 6.514698130717 0.052538600262471 0.052538600262471 0.052187722659772 0.052194143416993 2194.8827460862 2194.8827781522 0.5546486333012 0.554641885974 230093475.0 230124907.0 230447465.0 230478898.0 233282659.0 233314415.0
12 10 2 6.6148869126188 0.0523390608636 0.0523390608636 0.051990306906992 0.051998794244955 2194.8840188706 2194.8786207911 0.55466062244891 0.55464532105137 0.0 0.0 0.0 0.0 - - 0.0 0.0 0.0 0.0 - -
13 9 2 6.7150520513514 0.05235038244708 0.05235038244708 0.05197929284232 0.052001839088773 2194.8824168824 2194.8795172451 0.0 0.0 0.55472601225722 0.55465421701377 0.92181396484375 0.0 17.608543085155 0.0 0.03521728515625 0.0 0.67272259551973 0.0
14 10 2 6.8152402544476 0.05182273361327 0.05182273361327 0.051477002308405 0.051483644986415 2194.8807144412 2194.8796133943 0.5547238753823 0.55470075103893 1.195459901099 1.0793718528518 6.1952e-05 5.5936e-05 0.45200240062215 0.36184891634505 2.3424e-05 1.8752e-05 1.6598120940879 1.4523355823269 8.6016e-05 7.5264e-05
15 19 2 6.9154427755108 0.052403883473424 0.052403883473424 0.052053746814425 0.052066776735087 2194.8834062654 2194.8826824932 0.55465934783165 0.55464736387766 0.94293212890625 0.0 17.993554416333 0.0 0.03466796875 0.0 0.66155342795504 0.0 13387.646897501 13391.287696376 13387.646897501 13391.287696376 1673.4558621877 1673.910962047 0.0 0.0 502.8866994822 0.0 0.026353216 0.0 0.54224988906425 0.0 2.8416e-05 0.0 503.42894937126 0.0 0.026381632 0.0 26.592922227101 26.600154228518
16 13 2 7.0156185990501 0.052004291993366 0.052004291993366 0.05165341710807 0.051667120943294 2194.8793826117 2194.8861684949 0.5546460722752 0.55462969001411 214.0 214.0 0.9083251953125 0.0 17.466350574071 0.0 0.29791259765625 0.0 5.7286155860799 0.0 0.0 0.0 0.0 0.0 0.03411865234375 0.0 0.65607377845087 0.0
17 9 2 7.1158014887284 0.052723255569835 0.052723255569835 0.052375091288465 0.052380094017128 2194.8787558635 2194.8766431513 0.55465680245111 0.55464506409382 0.11263178705396 0.11263193521135 3.3573722787239e-08 4.3161178833079e-08 2.9808390389077e-07 3.8320551584316e-07 177.0 142.0 8.4893556190589e-07 6.8098748825524e-07
18 8 2 7.2159621292625 0.052707701186963 0.052707701186963 0.052353789610034 0.052353808178917 2194.8799814233 2194.875550532 0.55468510902608 0.55469978272133 0.11092156410261 0.11092156555364 1.2475950446216e-07 1.1516562517993e-07 1.1247542844486e-06 1.0382618078379e-06 9.0153795440073 9.0153794260722
19 5 2 7.3161195379052 0.052397651575325 0.052397651575325 0.052044091448467 0.052047438376298 2194.8814628814 2194.8758839929 0.55464849406998 0.55464491169182 6.0948905109489 6.4888888888889
20 6 2 7.4162784673847 0.052887673512761 0.052887673512761 0.052527419077336 0.052538270098162 2194.8817077197 2194.8816727928 0.55475746184772 0.55475024119994 0.0 0.0 - -
21 7 2 7.5164662782698 0.052692339739307 0.052692339739307 0.052327171343537 0.052343906888492 2194.8875316143 2194.8771990381 0.55470393581954 0.55467144350046 87.93593377577 87.809466133558 12.06406622423 12.190533866442 1.007549721331 1.0034761797961
22 7 2 7.6166405003562 0.05313237696267 0.05313237696267 0.052777907866365 0.052777908772165 2194.8845229717 2194.8828381284 0.55464730333687 0.55464600348049 1.8650266481366e-07 5.0864241533666e-08 8.4773938551662e-09 4.2386867944722e-09 0.045454545454545 0.083333333333333
23 9 2 7.7168197931062 0.052940849357213 0.052940849357213 0.052585005710711 0.052593767505815 2194.8840127666 2194.8780298065 0.5546670590458 0.55464999692028 13386.923266342 13389.566367118 13386.923266342 13389.566367118 1673.3654082928 1673.6957958898 0.0 0.0 100.0 100.0
24 6 2 7.8169825604566 0.052478270416393 0.052478270416393 0.052130801335867 0.052130891009982 2194.8805315886 2194.8825632764 0.55463166374745 0.55463274341861 0.0 0.0 0.0 0.0
25 13 2 7.9171731738843 0.051799192799359 0.051799192799359 0.051458716488219 0.051462523562014 2194.8851649372 2194.8726495962 0.55464543527639 0.55463811103009 1.8029536283872 1.8029774372027 454482360.0 454515984.0 226879087.0 226899068.0 368373.0 366451.0 3104.0 3580.0 0.081053310847972 0.080624447302166 0.0010568066932235 0.0011742161305377 49.920328480956 49.921031600068 49.997561401503 49.997169736499
26 7 2 8.0173716913153 0.052071997761861 0.052071997761861 0.051723950781486 0.051732689025813 2194.8862721086 2194.8844619111 0.55468672540242 0.55470101959969 49.995004650622 49.994016223345 50.004995349378 50.005983776655 1.0005994960771 1.0006972344348
27 12 2 8.1175689723305 0.052370420535708 0.052370420535708 0.052023764409913 0.052027292044673 2194.8853728261 2194.8751834884 0.55463104451079 0.55462699722518 11604145.0 11149892.0 0.011271834331612 0.011802804906092 0.0048172441830053 0.0050852510499653 99.945174762983 99.939066674368 10.102137655785 9.706023717643 0.0011386962205114 0.0011455830435325 0.00048664463858248 0.00049357567301132 10.096599134871 9.7001095146051
1 7 2 8.2178029844066 0.052687554402438 0.052687554402438 0.052339359323897 0.052339009685428 2194.8845053176 2194.8872124972 0.5546323019157 0.55462900411041 60.683014487642 60.765494539995 39.316985512358 39.234505460005 1.5533973930768 1.5508641673465
2 10 2 8.3180136848361 0.052623076902087 0.052623076902087 0.052267628636914 0.05227816308094 2194.8830865548 2194.8784546855 0.55474469873507 0.55472321174946 0.30040052635868 0.26148223954298 1.5808e-05 1.376e-05 0.026756322185793 0.031621108037755 1.408e-06 1.664e-06 0.32715684854447 0.29310334758073 1.7216e-05 1.5424e-05
3 5 2 8.4182209133374 0.05244083283204 0.05244083283204 0.052093524530862 0.052095379607505 2194.8840448709 2194.8784391378 0.55467147411148 0.55465980613475 36.999956804642 36.999976183345
4 6 2 8.5184276300623 0.052569894717041 0.052569894717041 0.052213572808596 0.052228029815808 2194.8829349473 2194.8760422715 0.55464077648866 0.55462302564223 13386.795080871 13390.92931019 0.0 0.0
5 7 2 8.61862910221 0.052309958442954 0.052309958442954 0.051958867977459 0.051968554140588 2194.8856989652 2194.8749507817 0.55470225445993 0.55469876802106 3.2148335563079e-05 9.9824819285776e-06 7.687750570807e-07 6.6227604078215e-07 0.023913370431644 0.06634382566586
6 8 2 8.7188636278743 0.052596093145636 0.052596093145636 0.052251763112036 0.052251903963803 2194.8812659378 2194.8802231282 0.55464450023822 0.55464147311562 11.948066991476 12.201485484201 0.0040625237574647 0.003560657693347 0.001098190228442 0.00072894671862338 99.992850062199 99.992866549947
7 7 2 8.8190738237737 0.052627374919017 0.052627374919017 0.052281481928998 0.052283288998287 2194.8804164251 2194.8797708116 0.55466854205218 0.55466292546769 0.0 0.0 0.0 0.0 - -
8 10 2 8.9192500875313 0.052805366262091 0.052805366262091 0.052449189281507 0.052458836948172 2194.8839123906 2194.8768532519 0.55464318176346 0.5546318006294 500.95029866293 0.0 0.026452864 0.0 0.12968378944691 0.0 6.848e-06 0.0 501.07998245238 0.0 0.026459712 0.0
9 19 2 9.0194806901795 0.051712678111673 0.051712678111673 0.051372439572808 0.051376515668949 2194.8851488927 2194.8787971036 0.55464126992261 0.55463857086879 0.8878173828125 0.0 17.168273143682 0.0 0.0340576171875 0.0 0.6585931812302 0.0 0.0 0.0 0.0 0.0 0.0 0.0 0.0 0.0 509.22970848914 0.0 0.026333632 0.0 1.6423051967372 0.0 8.4928e-05 0.0 510.87201368588 0.0 0.02641856 0.0 0.0 0.0
10 9 2 9.1196985545744 0.052064851006628 0.052064851006628 0.051723011467776 0.051727528235199 2194.8815649317 2194.8834099951 0.55466194605316 0.55465236317104 0.0 0.0 0.0 0.0 0.0 0.0 0.0 0.0 - -
11 7 2 9.2199142984935 0.052131559490267 0.052131559490267 0.051783277002114 0.051792696407396 2194.8850954256 2194.8805588978 0.55468546851328 0.55468360436051 228296779.0 228339097.0 228647654.0 228690055.0 231459963.0 231502839.0
12 10 2 9.3201637752784 0.052001974053361 0.052001974053361 0.051660783519595 0.051666461521519 2194.8791185061 2194.8792699271 0.55465406616766 0.55464315615896 0.0 0.0 0.0 0.0 - - 0.0 0.0 0.0 0.0 - -
13 9 2 9.4203664593855 0.052427898020287 0.052427898020287 0.052070875476207 0.05208713683531 2194.8808619226 2194.8801700099 0.0 0.0 0.55465355736914 0.55462691913375 0.9033203125 0.0 17.229764049485 0.0 0.03472900390625 0.0 0.6624145773079 0.0
14 10 2 9.5205811978675 0.051757179117738 0.051757179117738 0.051409712754617 0.051416878984532 2194.8796624897 2194.8779241645 0.55465928814813 0.55464743927661 1.1598777410847 1.124017981499 6.0032e-05 5.8176e-05 0.44268254936923 0.46988650491705 2.2912e-05 2.432e-05 1.6260546156998 1.60132374702 8.416e-05 8.288e-05
15 19 2 9.6208262769976 0.052634826928562 0.052634826928562 0.052288479680272 0.052298221550048 2194.8803280029 2194.8789397214 0.55464682027149 0.55464734892155 0.89630126953125 0.0 17.028673253695 0.0 0.0340576171875 0.0 0.64705479574816 0.0 13389.316107309 13391.797506178 13389.316107309 13391.797506178 1673.6645134136 1673.9746882722 0.0 0.0 508.24325947358 0.0 0.026751296 0.0 1.3387333845637 0.0 7.0464e-05 0.0 509.58199285815 0.0 0.02682176 0.0 26.275096637954 26.279966117063
16 13 2 9.7210447437489 0.051634357283029 0.051634357283029 0.051286725611565 0.051305686705012 2194.882636215 2194.8769373378 0.55471619128205 0.55468623162098 214.0 214.0 0.86505126953125 0.0 16.753404420037 0.0 0.2723388671875 0.0 5.2743731406339 0.0 0.0 0.0 0.0 0.0 0.033447265625 0.0 0.64777151077261 0.0
17 9 2 9.821274467772 0.051797235367412 0.051797235367412 0.051448035304732 0.051451890838781 2194.8800776937 2194.8802287879 0.55485771241629 0.55482098037223 0.11263723309236 0.11263766779125 4.3959956231123e-08 6.3488753084601e-08 3.9027908467066e-07 5.6365471986035e-07 294.0 253.0 1.4360252368834e-06 1.2355888100311e-06
18 8 2 9.9214842895762 0.051287439834698 0.051287439834698 0.050946880190042 0.050952006560288 2194.87907113 2194.8768726281 0.55465484951438 0.5546439123019 0.11092156906164 0.11092156776633 1.2326708846593e-07 1.2818234613174e-07 1.1112995381217e-06 1.1556124630493e-06 9.0153791409521 9.0153792462313
19 5 2 10.021689505392 0.051988745762686 0.051988745762686 0.051642526684981 0.051649400794673 2194.8830241393 2194.8776800335 0.5546420125731 0.55463082732469 5.9621212121212 6.2615384615385
20 6 2 10.121892861602 0.0517924953205 0.0517924953205 0.051451583772872 0.051451175710358 2194.8847987353 2194.8797595005 0.55466789093319 0.55466319397054 0.0 0.0 - -
21 7 2 10.222127219693 0.051868401288631 0.051868401288631 0.051530547266007 0.051533591204025 2194.8802810771 2194.8758547127 0.55463135459385 0.55463726972179 87.177390045097 86.86004567191 12.822609954903 13.13995432809 1.0050038500162 1.0013650090992
22 7 2 10.322352744432 0.051848537113438 0.051848537113438 0.051503885521151 0.051511881010181 2194.8825689918 2194.8773409707 0.55466376867539 0.55464899559492 1.3465403867771e-07 5.2114662976798e-08 8.687357334046e-09 8.6857771627997e-09 0.064516129032258 0.16666666666667
23 9 2 10.422574754669 0.052342703081951 0.052342703081951 0.05199858862855 0.051999144789224 2194.8821799016 2194.8811791178 0.55467649106505 0.55466667257982 13388.679123101 13389.061373135 13388.679123101 13389.061373135 1673.5848903876 1673.6326716418 0.0 0.0 100.0 100.0
24 6 2 10.522784327379 0.052520844787682 0.052520844787682 0.052165690907232 0.052178634324077 2194.8846287576 2194.8785251828 0.55466773875912 0.55464856210852 0.0 0.0 0.0 0.0
25 13 2 10.623010566792 0.05168267532668 0.05168267532668 0.051341578090229 0.051349430462994 2194.8849755407 2194.8806949473 0.55466849265719 0.55465520298984 1.8028786802175 1.8029218776089 453447796.0 453517148.0 226353227.0 226393281.0 377946.0 374881.0 2972.0 3264.0 0.083349396189369 0.082660821460273 0.0010190809263521 0.0010985251653593 49.918254978132 49.919453321311 49.997376544752 49.996787332064
26 7 2 10.723240458388 0.051716534098622 0.051716534098622 0.051361083568961 0.051376859419724 2194.8795355007 2194.8828656731 0.55466299739252 0.55458368568885 49.997447643785 50.004157269249 50.002552356215 49.995842730751 1.0004381395677 1.0004782485382
27 12 2 10.823474926987 0.051669688884376 0.051669688884376 0.051329575345794 0.051336037316875 2194.8800415161 2194.880065674 0.55465805562392 0.55464516370221 14141921.0 14221094.0 0.010408769784529 0.0067294400838642 0.0047447585091163 0.00071724439765323 99.955197034406 99.955594133616 12.477932874787 12.546210636701 0.0012987993068047 0.00084428972759217 0.00059204778183828 8.998699290951e-05 12.472342390814 12.540639383169
1 7 2 10.923716836726 0.052017064667073 0.052017064667073 0.051674388169814 0.051681484200295 2194.8816905841 2194.8734614703 0.55465850456032 0.55464786102775 60.753579294324 60.787494196515 39.246420705676 39.212505803485 1.5460515183318 1.5610034186841
2 10 2 11.023928156722 0.051596229479729 0.051596229479729 0.051258059333207 0.051262020392857 2194.8789130619 2194.8782627517 0.55465182947145 0.55465288527657 0.14884808594429 0.11783806803923 7.68e-06 6.08e-06 0.021086812175441 0.016125209310631 1.088e-06 8.32e-07 0.16993489811973 0.13396327734986 8.768e-06 6.912e-06
3 5 2 11.124132829964 0.051852150346217 0.051852150346217 0.051505774112363 0.05151385655811 2194.8836225003 2194.8750404323 0.55472106091099 0.55471616997498 36.999979583087 36.999982444365
4 6 2 11.224326044847 0.051670245950849 0.051670245950849 0.051328304962496 0.051329973897416 2194.8823948313 2194.8740594279 0.55464051438471 0.5546373412594 13388.962163216 13389.474643843 0.0 0.0
5 7 2 11.324525151953 0.051294336589368 0.051294336589368 0.050949420956636 0.0509551623645 2194.8868198481 2194.8789989458 0.55475855306949 0.55480893118509 6.8644524168857e-05 1.3265066861139e-05 1.5040646459412e-06 1.4645817315087e-06 0.02191091954023 0.11040892193309
6 8 2 11.424760462945 0.051729123800902 0.051729123800902 0.051385214058113 0.051394291071319 2194.8823503327 2194.8720011625 0.55465480672459 0.55463628074273 12.261548399585 12.475379993005 0.0054769022313106 0.0047136749155273 0.0024661043519805 0.0019801135792092 99.992105469378 99.992239047489
7 7 2 11.524973490373 0.052001666081653 0.052001666081653 0.051651267193805 0.051658546195713 2194.8795477912 2194.8755697789 0.55464336510149 0.55463281496445 0.0 0.0 0.0 0.0 - -
8 10 2 11.625154583851 0.051906587063075 0.051906587063075 0.051559906027809 0.051565549609366 2194.8799616559 2194.8751221834 0.55465213339656 0.55464679792096 515.98168007953 0.0 0.026782848 0.0 3.5941488461435 0.0 0.00018656 0.0 519.57582892567 0.0 0.026969408 0.0
9 19 2 11.725389854988 0.051605392543853 0.051605392543853 0.051262557078849 0.051276240986492 2194.8835075009 2194.8770803272 0.55466351129469 0.55464383206546 0.88372802734375 0.0 17.124722510206 0.0 0.03399658203125 0.0 0.65877964211512 0.0 0.0 0.0 0.0 0.0 0.0 0.0 0.0 0.0 500.65961571835 0.0 0.025836736 0.0 0.14262075409553 0.0 7.36e-06 0.0 500.80223647244 0.0 0.025844096 0.0 0.0 0.0
10 9 2 11.825609269206 0.051913470230758 0.051913470230758 0.051572706781289 0.051571179151035 2194.8818180327 2194.8802630808 0.55465983058095 0.55466092965006 0.0 0.0 0.0 0.0 0.0 0.0 0.0 0.0 - -
11 7 2 11.925830184332 0.051885492812648 0.051885492812648 0.051544934979584 0.051547810438962 2194.8809294065 2194.8746213319 0.55465855673447 0.5546530499551 227255439.0 227270331.0 227605007.0 227620007.0 230405262.0 230420419.0
12 10 2 12.026064133002 0.052179689127696 0.052179689127696 0.051834965524374 0.051842929310433 2194.8762057372 2194.8749305888 0.5546494175198 0.55463603919127 0.0 0.0 0.0 0.0 - - 0.0 0.0 0.0 0.0 - -
13 9 2 12.126271108786 0.052106267766613 0.052106267766613 0.051759166893442 0.051766452688844 2194.8778985298 2194.8759732431 0.0 0.0 0.55471439693759 0.55469296188579 0.90081787109375 0.0 17.288090467898 0.0 0.03460693359375 0.0 0.66416066774838 0.0
