--------------------------------------------------------------------------------
CPU name:	Intel(R) Core(TM) i7-8750H CPU @ 2.20GHz
CPU type:	Intel Coffeelake processor
CPU clock:	2.21 GHz
--------------------------------------------------------------------------------
Allocate: Process running on core 0 (Domain S0) - Vector length 2000/8000 Offset 0 Alignment 1024
Allocate: Process running on core 0 (Domain S0) - Vector length 2000/8000 Offset 0 Alignment 1024
--------------------------------------------------------------------------------
LIKWID MICRO BENCHMARK
Test: ddot_sp_avx
--------------------------------------------------------------------------------
Using 1 work groups
Using 1 threads
--------------------------------------------------------------------------------
--------------------------------------------------------------------------------
=========== Threads started
Group: 0 Thread 0 Global Thread 0 running on core 0 - Vector length 2000 Offset 0
=========== Threads finished
--------------------------------------------------------------------------------
Cycles:			48000967964
CPU Clock:		2207987673
Cycle Clock:		2207987673
Time:			2.173969e+01 sec
Iterations:		75000000
Iterations per thread:	75000000
Inner loop executions:	125
Size (Byte):		16000
Size per thread:	16000
Number of Flops:	300000000000
MFlops/s:		13799.64
Data volume (Byte):	1200000000000
MByte/s:		55198.58
Cycles per update:	0.320006
Cycles per cacheline:	5.120103
Loads per update:	2
Stores per update:	0
Load bytes per element:	8
Store bytes per elem.:	0
Instructions:		84375000018
UOPs:			93750000000
--------------------------------------------------------------------------------
--------------------------------------------------------------------------------
