--------------------------------------------------------------------------------
CPU name:	Intel(R) Core(TM) i7-8750H CPU @ 2.20GHz
CPU type:	Intel Coffeelake processor
CPU clock:	2.21 GHz
--------------------------------------------------------------------------------
Allocate: Process running on core 0 (Domain S0) - Vector length 1984/7936 Offset 0 Alignment 1024
Allocate: Process running on core 0 (Domain S0) - Vector length 1984/7936 Offset 0 Alignment 1024
--------------------------------------------------------------------------------
LIKWID MICRO BENCHMARK
Test: ddot_sp_avx
--------------------------------------------------------------------------------
Using 1 work groups
Using 2 threads
--------------------------------------------------------------------------------
--------------------------------------------------------------------------------
=========== Threads started
Group: 0 Thread 0 Global Thread 0 running on core 0 - Vector length 992 Offset 0
Group: 0 Thread 1 Global Thread 1 running on core 6 - Vector length 992 Offset 992
=========== Threads finished
--------------------------------------------------------------------------------
Cycles:			54051011278
CPU Clock:		2207990545
Cycle Clock:		2207990545
Time:			2.447973e+01 sec
Iterations:		150000000
Iterations per thread:	75000000
Inner loop executions:	62
Size (Byte):		15872
Size per thread:	7936
Number of Flops:	297600000000
MFlops/s:		12157.00
Data volume (Byte):	1190400000000
MByte/s:		48627.99
Cycles per update:	0.363246
Cycles per cacheline:	5.811937
Loads per update:	2
Stores per update:	0
Load bytes per element:	8
Store bytes per elem.:	0
Instructions:		83700000018
UOPs:			93000000000
--------------------------------------------------------------------------------
--------------------------------------------------------------------------------
