1 7 2 0.10067922229684 0.1006955683967 0.1006955683967 0.0014288720447983 0.0 997.86500532566 - 1.4207429269817 - 32.834833576498 - 67.165166423502 - 9.6177266207948 -
2 10 2 0.20130298778236 0.0054172058244489 0.0054172058244489 0.0 0.0 - - - - 0.0 0.0 0.0 0.0 0.0 0.0 0.0 0.0 0.0 0.0 0.0 0.0
3 5 2 0.30179933955905 0.0058787354084326 0.0058787354084326 0.0 0.0 - - - - - -
4 6 2 0.40224088670173 0.0042725349919966 0.0042725349919966 0.0 0.0 - - - - 0.0 0.0 0.0 0.0
5 7 2 0.50273892508143 0.0047175826058548 0.0047175826058548 0.0 0.0 - - - - - - - - - -
6 8 2 0.60334232542437 0.0050294447416204 0.0050294447416204 0.0 0.0 - - - - - - - - - - - -
7 7 2 0.70385016548569 0.0051609617327395 0.0051609617327395 0.0 0.0 - - - - 0.0 0.0 - - - -
8 10 2 0.80433833062543 0.003313411324109 0.003313411324109 0.0 8.2628148869437e-05 - 997.62705291187 - 1.5786140121657 943.73311796443 0.0 0.003126976 0.0 44.077835714911 0.0 0.000146048 0.0 987.81095367934 0.0 0.003273024 0.0
9 19 2 0.9049362590195 0.0045039782295602 0.0045039782295602 0.0 0.0 - - - - 0.0240478515625 0.0 5.3392468473028 0.0 0.0032958984375 0.0 0.73177494861511 0.0 0.0 0.0 0.0 0.0 0.0 0.0 0.0 0.0 542.45377652248 0.0 0.0024432 0.0 0.17051592189312 0.0 7.68e-07 0.0 542.62429244438 0.0 0.002443968 0.0 0.0 0.0
Warning: Sanitizing vector length to a multiple of the loop stride 16 and thread count 2 from 2000 elements (8000 bytes) to 1984 elements (7936 bytes)
10 9 2 1.0054665937635 0.0033986572402708 0.0033986572402708 0.0 0.0 - - - - 0.0 0.0 0.0 0.0 0.0 0.0 0.0 0.0 - -
11 7 2 1.1059639319584 0.0042797786892429 0.0042797786892429 0.0019540727040243 0.0 997.66012092614 - 13.342146521574 - 539413.0 0.0 404985.0 0.0 566222.0 0.0
12 10 2 1.206371924578 0.0036523659926539 0.0036523659926539 0.0016639249026619 0.0016696658746698 997.65546396335 997.66600859118 0.55441601735776 0.55405387330172 0.0 0.0 0.0 0.0 - - 0.0 0.0 0.0 0.0 - -
13 9 2 1.3067818438382 0.0023250456556958 0.0023250456556958 0.0010611500158852 0.0010667936141963 997.67355108392 997.66932209825 0.0 0.0 0.5544467180189 0.55400511982479 0.01824951171875 0.0 7.84909822052 0.0 0.00201416015625 0.0 0.86628843236509 0.0
14 10 2 1.4072219099948 0.0022565860590748 0.0022565860590748 0.0010357083069435 0.0010381036998869 997.66744346588 997.67164324878 0.55438714386737 0.55413333359121 1.6449627458577 1.7300470258159 3.712e-06 3.904e-06 0.39705997313807 0.48214425309623 8.96e-07 1.088e-06 2.0420227189958 2.2405527055648 4.608e-06 5.056e-06
15 19 2 1.5076984709073 0.0021713809039954 0.0021713809039954 0.00099306089221288 0.0010048091419672 997.66305574327 997.663336837 0.55425916676104 0.55345904575639 0.01837158203125 0.0 8.4607827200865 0.0 0.00201416015625 0.0 0.92759411881347 0.0 6168.3217234503 6250.3524715665 6168.3217234503 6250.3524715665 771.04021543129 781.29405894582 0.0 0.0 549.9320721679 0.0 0.001194112 0.0 0.29474331234211 0.0 6.4e-07 0.0 550.22681548025 0.0 0.001194752 0.0 11.210507285194 11.359592618384
16 13 2 1.6081315524261 0.0010908571456444 0.0010908571456444 0.00050653027187552 0.00051969066668509 997.64994735196 997.65107201038 0.55437979233801 0.55236106023271 208.0 208.0 0.00628662109375 0.0 5.7630104169471 0.0 0.00213623046875 0.0 1.9583045106131 0.0 0.0 0.0 0.0 0.0 0.00067138671875 0.0 0.61546713190697 0.0
17 9 2 1.7085753405225 0.00064942277529194 0.00064942277529194 0.00031144954303334 0.00031443597167173 997.65228894563 997.63004368496 0.55281279140808 0.55216784440353 0.1127222740281 0.11270086809215 0.0 0.0 0.0 0.0 0.0 0.0 0.0 0.0
18 8 2 1.8089729526531 0.00091559807828163 0.00091559807828163 0.00043009916623615 0.00043289492358902 997.70517350005 997.68313007421 0.55367244814134 0.55333179344947 0.11092234042739 0.11092258147057 1.7490763419351e-06 2.3156148275764e-06 1.5768476712588e-05 2.0875955074945e-05 9.0153164470468 9.0152968560812
19 5 2 1.9095285801017 7.7935189580043e-05 7.7935189580043e-05 5.0203613608863e-05 5.1693204720732e-05 997.51110150419 997.55924818414 0.54544694084418 0.54302297920929 5.625 6.6470588235294
20 6 2 2.0100629710263 7.7131743355526e-05 7.7131743355526e-05 5.022942896106e-05 5.1443656316159e-05 997.64996273166 997.46570236678 0.5464291872983 0.54299263338544 0.0 0.0 - -
21 7 2 2.110964283251 7.7781203268693e-05 7.7781203268693e-05 5.3651095379476e-05 5.4799199200877e-05 997.56110657134 997.55714051058 0.5431524216067 0.53940458464474 91.38450629321 91.393930377864 8.6154937067896 8.6060696221363 1.1472571942446 1.1111941094867
22 7 2 2.2123435943486 7.6212354496579e-05 7.6212354496579e-05 5.143188089235e-05 5.2879805119971e-05 997.96769235698 997.57115242396 0.5438979649506 0.541077353699 0.0 0.0 0.0 0.0 - -
23 9 2 2.3136367338005 7.7621782146353e-05 7.7621782146353e-05 5.1254796634296e-05 5.3172379111539e-05 997.81991801229 998.11593559977 0.54407607546009 0.54123428560891 9072.4018507102 9460.2311322286 9072.4018507102 9460.2311322286 1134.0502313388 1182.5288915286 0.0 0.0 100.0 100.0
24 6 2 2.4165380347299 7.5754018769853e-05 7.5754018769853e-05 4.9293735669142e-05 5.094818271434e-05 997.76407925595 997.34684214087 0.54589226602468 0.54255852762156 0.0 0.0 0.0 0.0
25 13 2 2.5197240273632 7.7302034099843e-05 7.7302034099843e-05 5.2700909258254e-05 5.4690502981099e-05 998.10486656997 997.63472155064 0.54279103830133 0.53940474116559 1.84232960649 1.8538954586108 465452.0 483024.0 237823.0 248335.0 5237.0 3536.0 368.0 412.0 1.1251428718751 0.73205472191858 0.11666079423872 0.12877206929676 51.095064582384 51.412559210308 47.663131751502 47.726613998476
26 7 2 2.6247471446262 7.8733200993572e-05 7.8733200993572e-05 5.4168308225251e-05 5.536124923731e-05 998.0726740632 997.847850509 0.54194287992823 0.53991846253738 51.439345166927 51.737199047752 48.560654833073 48.262800952248 1.1083334923573 1.1076377154444
27 12 2 2.729071879619 7.5741337544213e-05 7.5741337544213e-05 5.2408788167601e-05 5.4336334464991e-05 997.56375628527 997.35398826108 0.54364452963506 0.53983981281497 10807.0 11083.0 0.14805218839641 0.17143372733015 0.0 0.0 91.33894697881 92.177208337093 9.3390829430166 9.2378348642206 0.013826716673292 0.015836764632337 0.0 0.0 8.5302200176291 8.5151782886292
1 7 2 2.8345253071 7.5526662510153e-05 7.5526662510153e-05 5.2022010785559e-05 5.3740316859877e-05 997.72768893478 997.81959672006 0.54183687909807 0.53928345808962 61.99244323722 62.337136981914 38.00755676278 37.662863018086 1.487461669506 1.521620701396
2 10 2 2.9394153412404 7.6725038333194e-05 7.6725038333194e-05 4.9824988443305e-05 5.1168745460305e-05 997.46815734205 997.24378103768 0.54607862602998 0.54207069277383 0.0 0.0 0.0 0.0 0.0 0.0 0.0 0.0 0.0 0.0 0.0 0.0
3 5 2 3.0452677554063 7.7193337880066e-05 7.7193337880066e-05 4.9388844861447e-05 5.1230339984846e-05 997.40332819115 997.71033575784 0.54649874964293 0.54329668640702 36.948051948052 37.03138832998
4 6 2 3.1502937277566 7.4927021697717e-05 7.4927021697717e-05 4.854010854535e-05 5.0466749040908e-05 997.36741684178 997.87538615564 0.54534722787593 0.54243377177183 8880.7480255187 9283.0594922898 0.0 0.0
5 7 2 3.2563246374199 7.6440616558111e-05 7.6440616558111e-05 4.9967199330847e-05 5.1507968246194e-05 998.05283570749 997.2531044107 0.546251689599 0.54313918392298 0.0013665328190681 8.1187437915489e-05 0.0 0.0 0.0 0.0
6 8 2 3.3622268208674 7.5111805271338e-05 7.5111805271338e-05 5.7228559712906e-05 5.3663323704201e-05 997.24569673672 997.43849538566 0.54625862985747 0.54005223312565 12.435897435897 12.980217405982 0.31497309275087 0.029538856255486 0.079930357708135 0.0 98.588160810383 98.952636553913
7 7 2 3.4678125506697 7.692522053795e-05 7.692522053795e-05 4.9223083126286e-05 5.1109868341259e-05 997.85859948086 997.56385154102 0.54638413392655 0.54242550962042 0.0 0.0 0.0 0.0 - -
8 10 2 3.5739522761185 7.7311997919989e-05 7.7311997919989e-05 4.6156038124895e-05 4.8441376145719e-05 997.502132036 997.65977277733 0.54978502106632 0.54668029644774 870.86095058206 0.0 6.7328e-05 0.0 0.0 0.0 0.0 0.0 870.86095058206 0.0 6.7328e-05 0.0
9 19 2 3.6798156903419 7.7360911218889e-05 7.7360911218889e-05 5.225797216266e-05 5.8051933577722e-05 997.20041023833 997.48895458277 0.54437157954331 0.53681499319443 0.0 0.0 0.0 0.0 0.0 0.0 0.0 0.0 0.0 0.0 0.0 0.0 0.0 0.0 0.0 0.0 1101.1245686982 0.0 8.5184e-05 0.0 0.82729118609934 0.0 6.4e-08 0.0 1101.9518598843 0.0 8.5248e-05 0.0 0.0 0.0
10 9 2 3.7887483425129 7.8825592780383e-05 7.8825592780383e-05 5.2610329075106e-05 5.416740242342e-05 997.45883424974 998.05598430334 0.5441680056589 0.5415657276889 0.0 0.0 0.0 0.0 0.0 0.0 0.0 0.0 - -
11 7 2 3.8955723976222 7.6932466952601e-05 7.6932466952601e-05 5.0966751651885e-05 5.2999370961726e-05 997.71034227445 997.34138283835 0.54405252267409 0.54095458222582 229644.0 240181.0 229935.0 240471.0 232654.0 243306.0
12 10 2 4.0032091997292 7.7341889380428e-05 7.7341889380428e-05 5.2954533771068e-05 5.485943502267e-05 997.56037912552 997.62553855797 0.54261396596452 0.53941075356923 0.0 0.0 0.0 0.0 - - 0.0 0.0 0.0 0.0 - -
13 9 2 4.1103847856597 7.5190610030676e-05 7.5190610030676e-05 4.5245707284257e-05 5.3608069792481e-05 997.76757372368 997.81143857897 0.0 0.0 0.54999697204926 0.53831600585769 0.0 0.0 0.0 0.0 0.0 0.0 0.0 0.0
14 10 2 4.2174748032086 7.5248581347891e-05 7.5248581347891e-05 5.0782420979179e-05 5.2422375195074e-05 997.04851705992 997.46409110895 0.54434281941491 0.54021711736099 10.206172478513 11.056686851723 7.68e-07 8.32e-07 0.85051437320943 1.7010287464189 6.4e-08 1.28e-07 11.056686851723 12.757715598141 8.32e-07 9.6e-07
15 19 2 4.3247957232313 7.538354582078e-05 7.538354582078e-05 5.0596731603726e-05 5.7348125554662e-05 997.46800555375 998.01646328086 0.5435027973729 0.53577730105739 0.0 0.0 0.0 0.0 0.0 0.0 0.0 0.0 9232.1473130832 10614.730194602 9232.1473130832 10614.730194602 1154.0184141354 1326.8412743252 0.0 0.0 1106.2361035425 0.0 8.3392e-05 0.0 1.6979832748159 0.0 1.28e-07 0.0 1107.9340868173 0.0 8.352e-05 0.0 8.3327586206897 9.5806513409962
16 13 2 4.4324879214609 7.6721415125868e-05 7.6721415125868e-05 4.6144262701086e-05 5.8670143327707e-05 997.65452101622 997.75858949388 0.54977525725355 0.53380391381207 208.0 208.0 0.0 0.0 0.0 0.0 0.0003662109375 0.0 4.7732557708848 0.0 0.0 0.0 0.0 0.0 0.0 0.0 0.0 0.0
17 9 2 4.5397135139931 7.709732288593e-05 7.709732288593e-05 5.2002988947098e-05 5.3140223146521e-05 997.72397168375 997.51232557433 0.54432197966295 0.54130374607861 0.11305790608926 0.11312050193763 0.0 0.0 0.0 0.0 0.0 0.0 0.0 0.0
18 8 2 4.6465565302522 7.9654401456182e-05 7.9654401456182e-05 5.1426446081361e-05 5.3002088367221e-05 998.22775433363 997.39251893495 0.54673927697849 0.54383568009666 0.11092814082934 0.1109298759236 9.6300148302228e-06 1.8588224359868e-05 8.6813091414185e-05 0.00016756734112521 9.0148450386318 9.0147040341837
19 5 2 4.7546513447147 7.9353675248132e-05 7.9353675248132e-05 5.1026987473679e-05 5.26130464806e-05 997.78371950869 997.86737329136 0.54562404354648 0.54293712961059 4.9411764705882 5.5625
20 6 2 4.861295458667 7.8366351251825e-05 7.8366351251825e-05 4.9994826286707e-05 5.2065036372555e-05 998.22839694313 997.46984548837 0.54562170070583 0.54277404520324 0.0 0.0 - -
21 7 2 4.9687091626887 7.8606388737166e-05 7.8606388737166e-05 5.4313236518288e-05 5.5498931115695e-05 997.62113362266 997.61487191224 0.54351353311216 0.53887862796834 90.357145835244 89.794436147902 9.6428541647557 10.205563852098 1.1176186334203 1.099235299288
22 7 2 5.0749475055003 7.8466895255119e-05 7.8466895255119e-05 5.2298733245076e-05 5.3695932570134e-05 997.61898054445 997.69464983206 0.54527725441865 0.54110548727334 4.1982409370474e-06 0.0 4.1982409370474e-06 0.0 1.0 -
23 9 2 5.1817982038647 7.757649205478e-05 7.757649205478e-05 5.2125272194348e-05 5.3743487166287e-05 997.90230345102 997.17966672331 0.54449459252321 0.54020649531562 9224.4439139461 9587.6467251805 9224.4439139461 9587.6467251805 1153.0554892433 1198.4558406476 0.0 0.0 100.0 100.0
24 6 2 5.2872301593133 7.6909821906815e-05 7.6909821906815e-05 4.9847180588176e-05 5.1302804131364e-05 997.91243156155 998.02122009724 0.54595600089288 0.54228622310734 0.0 0.0 0.0 0.0
25 13 2 5.3926256816006 7.5744054949707e-05 7.5744054949707e-05 5.2782431423087e-05 5.424711298459e-05 997.86564184947 997.78999958313 0.54264096475299 0.53978647750984 1.8428391237569 1.852584385984 466172.0 479108.0 238259.0 246151.0 4546.0 3785.0 460.0 440.0 0.97517654427979 0.79000976815248 0.14844306393348 0.14130425707774 51.109676256832 51.376933801982 47.766704134954 47.691752172788
26 7 2 5.4987151821495 7.7013083315603e-05 7.7013083315603e-05 5.3410152092302e-05 5.4544215985315e-05 997.98350507824 997.71380965999 0.54234193631464 0.53946560953213 51.413986381636 51.779827788065 48.586013618364 48.220172211935 1.1071670112655 1.1021845166923
27 12 2 5.6050242119244 7.795149401301e-05 7.795149401301e-05 5.3966767317747e-05 5.5152461915154e-05 997.82870424841 997.47738507571 0.54295751864796 0.539485925414 10414.0 10586.0 0.21125408104475 0.15114301908181 0.0 0.0 91.645861340503 91.573776686189 8.7396565904094 8.693010116936 0.018462881216536 0.013138877939824 0.0 0.0 8.0095335604827 7.9605176717908
1 7 2 5.7116863939059 7.721417132219e-05 7.721417132219e-05 5.3445931264646e-05 5.4858076319923e-05 997.59676312121 997.94329548023 0.54256052817905 0.53957279996436 62.02206630059 62.46057824084 37.97793369941 37.53942175916 1.5270887283631 1.5038364863077
2 10 2 5.8175812620978 7.749678149361e-05 7.749678149361e-05 4.9936402068577e-05 5.160941805132e-05 997.4376862624 997.39522928483 0.54573937318102 0.54287374885068 0.0 0.0 0.0 0.0 0.0 0.0 0.0 0.0 0.0 0.0 0.0 0.0
3 5 2 5.9240599512732 7.7101851895087e-05 7.7101851895087e-05 4.9485765657415e-05 5.1159234541075e-05 997.83953818636 997.79236042447 0.54601150350052 0.54251134644478 37.053623795559 37.033802816901
4 6 2 6.0296679810108 7.522955950943e-05 7.522955950943e-05 4.8857139186368e-05 5.0640210091637e-05 997.69189992546 997.58289475731 0.5454232900538 0.54290278411684 8901.8200341324 9268.1653933199 0.0 0.0
5 7 2 6.1367706435532 7.5142602533608e-05 7.5142602533608e-05 4.9048716273726e-05 5.0497999204094e-05 997.3762192224 997.74870479105 0.54561988634074 0.54221800763489 0.0013199790415541 0.00012643762005495 0.0 0.0 0.0 0.0
6 8 2 6.2442357817204 7.6954206196557e-05 7.6954206196557e-05 5.3507072888271e-05 5.4892949690435e-05 997.68374158412 997.20836821521 0.54213434164518 0.53924560872738 12.170843807928 12.226595051278 0.044014457056279 0.017326303804361 0.0 0.0 98.978356737174 98.967022268426
7 7 2 6.3515554472076 7.7533013566869e-05 7.7533013566869e-05 4.966919052829e-05 5.171358526194e-05 997.74156770153 997.95254547487 0.54549750303416 0.54494301586393 0.0 0.0 0.0 0.0 - -
8 10 2 6.4586851434057 7.7348229993248e-05 7.7348229993248e-05 4.6228955172329e-05 4.8622989412931e-05 997.45081741643 997.9095836949 0.54972829452981 0.54698254999363 894.44839275623 0.0 6.9184e-05 0.0 1.6548536406221 0.0 1.28e-07 0.0 896.10324639685 0.0 6.9312e-05 0.0
9 19 2 6.5655550646965 7.7418882536103e-05 7.7418882536103e-05 5.1885234709006e-05 5.7858997787616e-05 997.99406256818 997.73250547421 0.54421684686568 0.5367731092437 0.0 0.0 0.0 0.0 0.0 0.0 0.0 0.0 0.0 0.0 0.0 0.0 0.0 0.0 0.0 0.0 10.746732227916 0.0 8.32e-07 0.0 0.0 0.0 0.0 0.0 10.746732227916 0.0 8.32e-07 0.0 0.0 0.0
10 9 2 6.6722743257803 7.8070154052933e-05 7.8070154052933e-05 5.2216305278412e-05 5.3625280027279e-05 997.48289501148 997.43108489713 0.54362976235383 0.54086251867146 0.0 0.0 0.0 0.0 0.0 0.0 0.0 0.0 - -
11 7 2 6.7790244556848 8.0321071604147e-05 8.0321071604147e-05 5.293098292345e-05 5.5078186164973e-05 997.826166132 997.83684062405 0.54518356113262 0.54144590972637 238038.0 249349.0 238315.0 249653.0 241112.0 252602.0
12 10 2 6.8860152997085 7.8398960117758e-05 7.8398960117758e-05 5.4077728042103e-05 5.5078639065889e-05 997.44414746641 997.50401869447 0.54270883993219 0.53970106597318 0.0 0.0 0.0 0.0 - - 0.0 0.0 0.0 0.0 - -
13 9 2 6.9933826339229 7.6712357107553e-05 7.6712357107553e-05 4.6306854129836e-05 5.450119039832e-05 997.50698618643 997.61551588635 0.0 0.0 0.55010061011697 0.53843951068038 0.0 0.0 0.0 0.0 0.0 0.0 0.0 0.0
14 10 2 7.1016082407351 7.7438810176396e-05 7.7438810176396e-05 5.1913767466698e-05 5.3429626831679e-05 997.81851087406 997.99549348356 0.54446180811195 0.54096984982231 15.702720602629 15.702720602629 1.216e-06 1.216e-06 1.6529179581715 0.82645897908576 1.28e-07 6.4e-08 17.355638560801 16.529179581715 1.344e-06 1.28e-06
15 19 2 7.2079630397708 7.756471663097e-05 7.756471663097e-05 5.2489857431519e-05 5.8437805157932e-05 998.03138681909 997.64942949591 0.54423490519079 0.53696944979671 0.0 0.0 0.0 0.0 0.0 0.0 0.0 0.0 9295.7730179099 10488.170850549 9295.7730179099 10488.170850549 1161.9716272387 1311.0213563186 0.0 0.0 1235.2007995572 0.0 9.5808e-05 0.0 9.9014092148871 0.0 7.68e-07 0.0 1245.1022087721 0.0 9.6576e-05 0.0 7.4658714380384 8.4235420808482
16 13 2 7.3149813848439 7.7206924907538e-05 7.7206924907538e-05 4.6620261563528e-05 5.856778772075e-05 997.76861845431 997.61870562092 0.55030927063453 0.53445389959539 208.0 208.0 0.0 0.0 0.0 0.0 0.000244140625 0.0 3.1621596805258 0.0 0.0 0.0 0.0 0.0 0.0 0.0 0.0 0.0
17 9 2 7.4217095472423 7.6466884811224e-05 7.6466884811224e-05 5.1806429949667e-05 5.3080893126559e-05 997.56455820571 997.45862110428 0.54447919195381 0.54067943607913 0.11309124315165 0.11306558163567 0.0 0.0 0.0 0.0 0.0 0.0 0.0 0.0
18 8 2 7.5278110641583 7.7359099615226e-05 7.7359099615226e-05 5.0314121432304e-05 5.1650632034653e-05 998.20968818123 998.19172403148 0.54678479143595 0.54265063451354 0.11092900209179 0.11092923996365 9.8437307739633e-06 1.4274770295155e-05 8.8739018546455e-05 0.00012868356710848 9.014775046588 9.0147557156951
19 5 2 7.634446486942 7.5304741061442e-05 7.5304741061442e-05 4.8646087359633e-05 5.0653797119109e-05 997.22496661841 997.47974103953 0.54488821700157 0.54251108373189 5.8235294117647 5.9411764705882
20 6 2 7.7415509665229 7.7610006722544e-05 7.7610006722544e-05 5.0305969215821e-05 5.1757969551683e-05 997.67443090866 997.71905332558 0.54689269431123 0.5436257254305 0.0 0.0 - -
21 7 2 7.8493513428537 7.7836457180413e-05 7.7836457180413e-05 5.3842672466834e-05 5.5153367716986e-05 997.971703643 997.83432503284 0.5418620868828 0.53903628750255 91.244406312035 91.353117968763 8.7555936879647 8.6468820312372 1.1305528402303 1.1160572337043
22 7 2 7.95146844313 7.5475031805759e-05 7.5475031805759e-05 5.4956355818639e-05 5.5984440897369e-05 1097.2934410468 1097.5569767102 0.54470325763459 0.54136685133685 0.0 0.0 0.0 0.0 - -
23 9 2 8.0575259362654 7.706652562366e-05 7.706652562366e-05 5.1753440542526e-05 5.3313231296334e-05 997.63174930712 997.57953644834 0.54409320972665 0.54093983787659 9226.937301838 9560.3635175919 9226.937301838 9560.3635175919 1153.3671627298 1195.045439699 0.0 0.0 100.0 100.0
24 6 2 8.1646742874522 7.5508546473524e-05 7.5508546473524e-05 4.8953607081421e-05 5.1642026917253e-05 997.73940523542 997.66157844532 0.54499296630381 0.54272550298196 0.0 0.0 0.0 0.0
25 13 2 8.2731366681457 7.5665250190369e-05 7.5665250190369e-05 5.2192754430793e-05 5.3715860210427e-05 997.7523655407 997.36549958188 0.54136034161213 0.53958736152499 1.8471984797077 1.8532680179421 460964.0 474416.0 236157.0 243835.0 4999.0 3855.0 368.0 376.0 1.0844664659279 0.81257799062426 0.12083373105058 0.12056928940002 51.231115661961 51.396875316178 47.563584141061 47.669977403798
26 7 2 8.380542814157 7.52114434728e-05 7.52114434728e-05 5.200706505534e-05 5.3978542741556e-05 997.80217547523 997.69831291156 0.54202382750548 0.53904288951303 51.513963999268 51.841690159753 48.486036000732 48.158309840247 1.1144092392066 1.1068749397358
27 12 2 8.4881933926041 7.6966887422197e-05 7.6966887422197e-05 5.2625727706241e-05 5.4671481142638e-05 997.39393328574 997.63115405245 0.54248485018254 0.53865890826011 12834.0 14141.0 0.21037868162693 0.070716356693303 0.0 0.0 93.213339566776 93.621384626264 11.045035586117 11.714465596368 0.023236400251297 0.0082840432758421 0.0 0.0 10.295446526158 10.967244892887
1 7 2 8.5966953224171 7.8905303341552e-05 7.8905303341552e-05 5.5824566874112e-05 5.6300112835639e-05 997.3784734618 997.46720852396 0.54309129362002 0.54012600477949 61.875709881551 61.974097015526 38.124290118449 38.025902984474 1.5276983094928 1.5049347341611
2 10 2 8.7036496363588 7.7912544534257e-05 7.7912544534257e-05 5.0577256864349e-05 5.2080887904606e-05 997.45515605416 997.4129339481 0.54559222997401 0.54256528816438 0.0 0.0 0.0 0.0 0.0 0.0 0.0 0.0 0.0 0.0 0.0 0.0
3 5 2 8.8111600256681 7.8441532803838e-05 7.8441532803838e-05 5.0653797119109e-05 5.1930071899664e-05 997.10920621745 997.40834721567 0.54622041629631 0.54293588146998 37.045026606631 37.040476190476
4 6 2 8.9183000036228 7.587449041344e-05 7.587449041344e-05 4.9005690686731e-05 5.0762493338886e-05 998.03322029192 997.76630306346 0.54518521504293 0.54285368334383 8855.571831043 9212.0552795989 0.0 0.0
5 7 2 9.026037409516 7.7278483252225e-05 7.7278483252225e-05 5.0201349104285e-05 5.1608512249489e-05 997.46610736344 997.37772390579 0.54527476744014 0.54256180246067 0.0013331300023121 0.00010474993334095 0.0 0.0 0.0 0.0
6 8 2 9.1329342747881 7.7891711092133e-05 7.7891711092133e-05 5.349122135622e-05 5.5220849953431e-05 997.73924602904 997.69271031285 0.54245913460434 0.53847308893217 14.89145527822 14.347109335914 0.082128221627663 0.017223420571325 0.0 0.0 98.942493311207 99.000221443979
7 7 2 9.2405241482081 7.8978673289902e-05 7.8978673289902e-05 5.0796460907567e-05 5.2185055115226e-05 998.06375367431 997.60518016211 0.54636061612806 0.5428922781178 0.0 0.0 0.0 0.0 - -
8 10 2 9.3465490451587 7.7294787685191e-05 7.7294787685191e-05 4.6609391941551e-05 4.8643822855055e-05 997.93903123261 997.95065402061 0.54998396750748 0.54720297534135 904.17481039785 0.0 6.9888e-05 0.0 4.9679934637245 0.0 3.84e-07 0.0 909.14280386158 0.0 7.0272e-05 0.0
9 19 2 9.4529258352513 7.8346423611533e-05 7.8346423611533e-05 5.1674635783187e-05 5.8323674127166e-05 997.2009106526 997.95152106474 0.54337079721878 0.53667562668 0.0 0.0 0.0 0.0 0.0 0.0 0.0 0.0 0.0 0.0 0.0 0.0 0.0 0.0 0.0 0.0 1083.1892010896 0.0 8.4864e-05 0.0 0.0 0.0 0.0 0.0 1083.1892010896 0.0 8.4864e-05 0.0 0.0 0.0
10 9 2 9.5588489155471 7.7146236184829e-05 7.7146236184829e-05 5.1576356284471e-05 5.318506033718e-05 997.48384228023 997.64717971293 0.54391746668577 0.54081237911025 0.0 0.0 0.0 0.0 0.0 0.0 0.0 0.0 - -
11 7 2 9.665153776822 7.4954195752662e-05 7.4954195752662e-05 5.0526984862702e-05 5.195181114362e-05 997.57750306584 997.46435650448 0.54432658716993 0.54018582441335 227612.0 235773.0 227864.0 236057.0 230537.0 238847.0
12 10 2 9.7718389743222 7.792069675074e-05 7.792069675074e-05 5.3359880090655e-05 5.5416503149031e-05 997.74778910131 997.82557431418 0.54478785188473 0.539839758579 0.0 0.0 0.0 0.0 - - 0.0 0.0 0.0 0.0 - -
13 9 2 9.8775017543457 7.661815371708e-05 7.661815371708e-05 4.636708995163e-05 5.4368490430008e-05 997.58796969153 997.59866870206 0.0 0.0 0.54999946277573 0.53858405491498 0.0 0.0 0.0 0.0 0.0 0.0 0.0 0.0
14 10 2 9.9778566189705 0.0026779116287686 0.0026779116287686 0.0013484232551354 0.0013495672828486 1097.4320601098 1097.4529663046 0.55415375727148 0.5540744473348 0.35848830472477 0.38238752503975 9.6e-07 1.024e-06 0.071697660944954 0.071697660944954 1.92e-07 1.92e-07 0.43018596566972 0.45408518598471 1.152e-06 1.216e-06
15 19 2 10.078238344243 0.0024431205476358 0.0024431205476358 0.0012296015295847 0.0012315684782617 1097.422503891 1097.4405596579 0.55418721775949 0.55413817135498 0.0125732421875 0.0 5.1463863294289 0.0 0.0013427734375 0.0 0.54961407401668 0.0 6788.9634083141 6800.4307098466 6788.9634083141 6800.4307098466 848.62042603926 850.05383873083 0.0 0.0 545.76758453048 0.0 0.001333376 0.0 0.10478402314111 0.0 2.56e-07 0.0 545.87236855362 0.0 0.001333632 0.0 12.436906133026 12.457913427392
16 13 2 10.178698293655 7.6570146220012e-05 7.6570146220012e-05 4.634263330218e-05 5.8361264903172e-05 997.87207481424 997.95025825603 0.55009354235211 0.53414993056851 209.0 209.0 0.00677490234375 0.0 88.479684030946 0.0 0.0003662109375 0.0 4.7826856232944 0.0 0.0 0.0 0.0 0.0 0.00067138671875 0.0 8.7682569760397 0.0
17 9 2 10.285303629326 7.6956923602051e-05 7.6956923602051e-05 5.1371192169641e-05 5.2845384650375e-05 997.52062463196 997.63212564436 0.54507054436414 0.54108623472019 0.11337075196063 0.11315408729202 0.0 0.0 0.0 0.0 0.0 0.0 0.0 0.0
18 8 2 10.39220956892 7.7370875039035e-05 7.7370875039035e-05 4.9535131857231e-05 5.1444109217075e-05 998.07539646129 998.20496684112 0.54594508253593 0.54250466861212 0.1109280861748 0.11092908963258 9.9831783444895e-06 9.5521475615755e-06 8.9996850110246e-05 8.6110393524498e-05 9.0148494802682 9.0147679324895
19 5 2 10.498519707397 7.5462350580119e-05 7.5462350580119e-05 4.8832682536918e-05 5.0488035383948e-05 997.57690326684 997.92391980857 0.54581257846353 0.54422031068454 6.375 6.047619047619
20 6 2 10.605039720158 7.68518505896e-05 7.68518505896e-05 4.9728973449168e-05 5.1037857095656e-05 997.80773913425 997.99626452425 0.5458581278927 0.54296355541851 0.0 0.0 - -
21 7 2 10.711668977148 7.7715079734995e-05 7.7715079734995e-05 5.303515013407e-05 5.485943502267e-05 997.66039196735 997.62553855797 0.54253362428825 0.5390482802202 85.166651010666 87.656960760842 14.833348989334 12.343039239158 1.0686600221484 1.074529251114
22 7 2 10.819129272899 7.7208736511201e-05 7.7208736511201e-05 5.1791031318532e-05 5.3226727221428e-05 997.99333397934 997.72241639866 0.54356960870061 0.54185243414956 0.0 0.0 0.0 0.0 - -
23 9 2 10.927615662776 7.7331925560282e-05 7.7331925560282e-05 5.1243474111402e-05 5.3451366075635e-05 997.5994930061 997.69820676196 0.5441573244456 0.54114529122897 9102.9932967498 9548.4496816829 9102.9932967498 9548.4496816829 1137.8741620937 1193.5562102104 0.0 0.0 100.0 100.0
24 6 2 11.036061066025 7.743518696907e-05 7.743518696907e-05 5.0133413966924e-05 5.1341300709202e-05 997.61251488443 997.67135786291 0.5459253121856 0.54290626616348 0.0 0.0 0.0 0.0
25 13 2 11.143369689788 7.7129025950031e-05 7.7129025950031e-05 5.3036961737733e-05 5.5000287207466e-05 997.69447059663 997.79006517681 0.54166628121039 0.53818336524144 1.8461551598992 1.8581027667984 468420.0 485760.0 239835.0 250306.0 4481.0 3824.0 416.0 336.0 0.95662012723624 0.78722002635046 0.13086546261902 0.11013669301713 51.200845395158 51.528738471673 47.711669014987 47.573904808959
26 7 2 11.250020099969 7.6119056907938e-05 7.6119056907938e-05 5.2451360853681e-05 5.4488056271764e-05 997.65738898691 997.71973812213 0.54298158836133 0.5390816134496 51.391911028218 51.86644390694 48.608088971782 48.13355609306 1.1191872601841 1.1054711362248
27 12 2 11.356862298289 7.5145319939103e-05 7.5145319939103e-05 5.2713590483894e-05 5.4178272045398e-05 997.63193326916 997.90928322857 0.5417995279835 0.53884892410395 18519.0 18473.0 0.080997894054755 0.037893141341417 0.0 0.0 95.23732382958 95.117198072863 15.911024048251 15.442424242424 0.012887594401629 0.0058516196447231 0.0 0.0 15.153233497435 14.688401253918
1 7 2 11.463368439601 7.6930655348938e-05 7.6930655348938e-05 5.3175549417949e-05 5.4652912205093e-05 997.821984887 997.63585136296 0.54326260167868 0.53940504659947 61.918389248026 62.368549717004 38.081610751974 37.631450282996 1.5011079030417 1.4572088694927
2 10 2 11.570555940448 7.5215066680126e-05 7.5215066680126e-05 4.8569547104873e-05 5.0384321074244e-05 997.97229929769 998.10768512392 0.54533111623011 0.54301752330746 0.0 0.0 0.0 0.0 0.0 0.0 0.0 0.0 0.0 0.0 0.0 0.0
3 5 2 11.67691085905 7.6960546809377e-05 7.6960546809377e-05 4.941828342097e-05 5.1162857748401e-05 997.61764762947 997.49589487516 0.54570869863116 0.54316802738751 37.023460410557 36.991146881288
4 6 2 11.783506087783 7.6966887422197e-05 7.6966887422197e-05 4.9368011419323e-05 5.1222187768363e-05 997.36269116987 997.18509399447 0.54578956328423 0.54287126859403 8784.9726375319 9164.9802093538 0.0 0.0
5 7 2 11.890392146839 7.5120863289653e-05 7.5120863289653e-05 4.8529238923372e-05 5.0160135120952e-05 997.91795539106 998.14424323807 0.54627580932959 0.54223438578626 0.0012082589854703 0.00010770955628559 0.0 0.0 0.0 0.0
6 8 2 11.996885890441 7.6794785074217e-05 7.6794785074217e-05 5.2775185008435e-05 5.45926763833e-05 997.72864648922 997.91131189206 0.54193815430264 0.53928301397197 12.299295442258 12.10137713622 0.063504595501472 0.029036004645761 0.0 0.0 98.950457833807 98.992865438858
7 7 2 12.104423451994 7.772413775331e-05 7.772413775331e-05 5.0005695908685e-05 5.1578167888134e-05 997.69358527079 997.51887859362 0.54581316828893 0.54389760489051 0.0 0.0 0.0 0.0 - -
8 10 2 12.211232238002 7.6916162519635e-05 7.6916162519635e-05 4.6369807357124e-05 4.8415107892606e-05 997.24154569735 997.50645514191 0.54968323848384 0.54659896816023 878.67098131355 0.0 6.7584e-05 0.0 0.83207479291056 0.0 6.4e-08 0.0 879.50305610646 0.0 6.7648e-05 0.0
9 19 2 12.318613733522 7.6359094393278e-05 7.6359094393278e-05 5.0976262571116e-05 5.7398850457225e-05 997.52802581429 997.9160487709 0.54355752374789 0.5363851056806 0.0068359375 0.0 89.52355386501 0.0 0.00067138671875 0.0 8.7924918974563 0.0 0.0 0.0 0.0 0.0 0.0 0.0 0.0 0.0 1098.8082122591 0.0 8.3904e-05 0.0 2.5144352683274 0.0 1.92e-07 0.0 1101.3226475274 0.0 8.4096e-05 0.0 0.0 0.0
10 9 2 12.425279038708 7.4879920002481e-05 7.4879920002481e-05 5.0643380398047e-05 5.1873912186112e-05 998.01635776121 997.77627786152 0.54398801299889 0.54120065206606 0.0 0.0 0.0 0.0 0.0 0.0 0.0 0.0 - -
11 7 2 12.532512133091 7.5416154686714e-05 7.5416154686714e-05 5.052290875446e-05 5.2241667729693e-05 997.49702658594 997.96739139999 0.54352952640811 0.54058778593757 227892.0 236921.0 228168.0 237205.0 230858.0 239996.0
12 10 2 12.639105183371 7.7154388401313e-05 7.7154388401313e-05 5.2709061474737e-05 5.469367328751e-05 997.54621943104 997.69255257395 0.5420431469717 0.53951553816187 0.0 0.0 0.0 0.0 - - 0.0 0.0 0.0 0.0 - -
13 9 2 12.74570411321 7.7302034099843e-05 7.7302034099843e-05 4.6654682033125e-05 5.4865775635491e-05 997.29693012024 997.74084337795 0.0 0.0 0.54985721529798 0.53828653694907 0.0068359375 0.0 88.431534559242 0.0 0.00067138671875 0.0 8.6852400013542 0.0
14 10 2 12.85251568637 7.6972322233186e-05 7.6972322233186e-05 5.1617117366888e-05 5.3058248080772e-05 997.9079593464 998.09489449073 0.54411083686223 0.54174084744117 10.809080145451 12.472015552444 8.32e-07 9.6e-07 4.1573385174812 0.83146770349624 3.2e-07 6.4e-08 14.966418662932 13.30348325594 1.152e-06 1.024e-06
15 19 2 12.959287263851 7.7078301047469e-05 7.7078301047469e-05 5.1282876491072e-05 5.7758906685238e-05 997.63355692336 997.62973175337 0.54460193250191 0.53633129226525 0.0 0.0 0.0 0.0 0.0 0.0 0.0 0.0 9133.7768273646 10444.340223641 9133.7768273646 10444.340223641 1141.7221034206 1305.5425279551 0.0 0.0 1104.3315543188 0.0 8.512e-05 0.0 3.3212979077256 0.0 2.56e-07 0.0 1107.6528522265 0.0 8.5376e-05 0.0 8.2460644677661 9.4292541229385
16 13 2 13.066197960717 7.477484699003e-05 7.477484699003e-05 4.2767433473328e-05 5.1240303804992e-05 997.93402265222 997.17143622472 0.54889355196847 0.53553661111137 208.0 208.0 0.0 0.0 0.0 0.0 0.000244140625 0.0 3.2650100244612 0.0 0.0 0.0 0.0 0.0 0.0 0.0 0.0 0.0
17 9 2 13.173232690839 7.7635369173825e-05 7.7635369173825e-05 5.2014311469992e-05 5.3321383512817e-05 997.58002412499 997.73207802466 0.54418767739276 0.54072189332807 0.11306226693138 0.11319368217036 0.0 0.0 0.0 0.0 0.0 0.0 0.0 0.0
18 8 2 13.280769214343 7.7040257370547e-05 7.7040257370547e-05 5.009763479458e-05 5.1541030013043e-05 997.64980722961 997.89321798439 0.54604197930653 0.54297696921117 0.11093120606587 0.11093139430027 1.4809256772767e-05 9.5424855312063e-06 0.00013349946600214 8.6021505376344e-05 9.0145959416162 9.0145806451613
19 5 2 13.387911435969 7.7115438922559e-05 7.7115438922559e-05 5.0178251157582e-05 5.1634780502602e-05 997.3811383083 997.88537989816 0.54660496415762 0.54268292682927 5.8 7.4
20 6 2 13.495679215209 7.7008554306445e-05 7.7008554306445e-05 4.9357141797345e-05 5.1339489105539e-05 997.52339509779 997.63615452639 0.54623007022099 0.54274934524579 0.0 0.0 - -
21 7 2 13.603027272149 7.8138089190294e-05 7.8138089190294e-05 5.3707255093028e-05 5.5256176224859e-05 997.9050274151 997.6506676566 0.54277030954637 0.53937258508033 87.192309313994 87.612802753985 12.807690686006 12.387197246015 1.0932124091269 1.0758115034169
22 7 2 13.711169670193 7.7621782146353e-05 7.7621782146353e-05 5.2180979006984e-05 5.3272923114833e-05 997.88724667532 997.88238189316 0.54386461799901 0.54030739267439 0.0 0.0 0.0 0.0 - -
23 9 2 13.819775618665 7.7448773996542e-05 7.7448773996542e-05 5.186032515864e-05 5.3231256230585e-05 997.87714207272 998.16039274797 0.54402793614595 0.5408462370292 9200.0939876959 9499.5435309648 9200.0939876959 9499.5435309648 1150.011748462 1187.4429413706 0.0 0.0 100.0 100.0
24 6 2 13.927378529291 7.7518520737565e-05 7.7518520737565e-05 5.0020641638904e-05 5.1566845365241e-05 997.61616798775 997.29990163492 0.54613018711183 0.54293807132741 0.0 0.0 0.0 0.0
25 13 2 14.034990267861 7.7190620474572e-05 7.7190620474572e-05 5.3190495148169e-05 5.4901554807834e-05 997.39606552906 997.70672417784 0.54202087890787 0.53881233887457 1.8449473791765 1.8559337414001 469776.0 484888.0 240372.0 249568.0 4730.0 3924.0 420.0 372.0 1.0068628452709 0.8092590453878 0.13070058921699 0.11239708963719 51.167364871769 51.469205259771 47.695071693743 47.609138605204
26 7 2 14.142065483702 7.4976840798449e-05 7.4976840798449e-05 5.2695021546349e-05 5.394095196555e-05 997.63680539193 997.69950210106 0.54307238475757 0.53919424864297 51.384615384615 51.726685754108 48.615384615385 48.273314245892 1.113925047756 1.1064198291125
27 12 2 14.249449084306 7.4905282453762e-05 7.4905282453762e-05 5.1842662022926e-05 5.3737146553467e-05 997.89962010752 997.76073227622 0.54292435826899 0.54006162977528 14603.0 15499.0 0.10956652742587 0.64520291631718 0.0 0.56132653719595 93.857426556187 94.01896896574 12.757277142957 13.062679623433 0.013977705559632 0.084280789879563 0.0 0.07332428719522 11.97365202502 12.28139670125
1 7 2 14.356190480469 7.7508556917419e-05 7.7508556917419e-05 5.2786507531328e-05 5.4983076972667e-05 997.58680205996 997.1364767775 0.54189564910127 0.53975875759718 62.12162811449 62.063227953411 37.87837188551 37.936772046589 1.5220823995863 1.5015159912627
2 10 2 14.463530608926 7.7823775954772e-05 7.7823775954772e-05 5.0371639848603e-05 5.1781973300217e-05 997.48358042438 997.81878943626 0.54574182025162 0.54265170032511 0.0 0.0 0.0 0.0 0.0 0.0 0.0 0.0 0.0 0.0 0.0 0.0
3 5 2 14.570418557485 7.5870867206114e-05 7.5870867206114e-05 4.8997538470248e-05 5.0901986820934e-05 997.48384228023 997.54804528794 0.54643257604073 0.54206134850969 36.984784446323 37.087414002428
4 6 2 14.677735130564 7.7419788337935e-05 7.7419788337935e-05 5.0118468236704e-05 5.155099383319e-05 998.06468668658 997.72159783276 0.5466954519855 0.54323226634722 8852.5170981924 9163.7553554558 0.0 0.0
5 7 2 14.784334085766 7.7175221843437e-05 7.7175221843437e-05 4.9401073186172e-05 5.1413311954805e-05 997.6502781211 997.97281060999 0.54579161475299 0.54179174998926 0.0011758760276406 8.1135128169639e-05 0.0 0.0 0.0 0.0
6 8 2 14.890985206096 7.73554764079e-05 7.73554764079e-05 5.2675546806972e-05 5.480101080454e-05 997.98120260316 997.9329331701 0.54229456525794 0.53914360825202 8.9934397757659 11.077685950413 0.048148434745974 0.040495867768595 0.0 0.0 98.934715881245 98.967768595041
7 7 2 14.998205292259 6.6003062054033e-05 6.6003062054033e-05 4.2164169453563e-05 4.0058633096287e-05 997.47336266863 997.07135510542 0.54354273703877 0.54807906803817 0.0 0.0 0.0 0.0 - -
8 10 2 15.104930523482 7.6910727708646e-05 7.6910727708646e-05 4.6468992657671e-05 4.8625253917509e-05 997.75491942943 997.56970362896 0.55053979223901 0.54725896475266 873.74027007738 0.0 6.72e-05 0.0 1.6642671810998 0.0 1.28e-07 0.0 875.40453725848 0.0 6.7328e-05 0.0
9 19 2 15.212713469468 7.75339193687e-05 7.75339193687e-05 5.1380703088872e-05 5.8018418909957e-05 997.70530670164 997.56000817891 0.54397422250352 0.53585650704414 0.00677490234375 0.0 87.379851282031 0.0 0.0006103515625 0.0 7.8720586740568 0.0 0.0 0.0 0.0 0.0 0.0 0.0 0.0 0.0 1089.5876370994 0.0 8.448e-05 0.0 1.6508903592416 0.0 1.28e-07 0.0 1091.2385274587 0.0 8.4608e-05 0.0 0.0 0.0
10 9 2 15.318993992754 7.7703304311186e-05 7.7703304311186e-05 5.2020199181896e-05 5.3595841467756e-05 997.69294427366 997.23355653726 0.54387817431944 0.54128511704921 0.0 0.0 0.0 0.0 0.0 0.0 0.0 0.0 - -
11 7 2 15.42573717697 7.5538437933963e-05 7.5538437933963e-05 5.0934595686868e-05 5.2395654041045e-05 997.81807964329 997.67211682812 0.54403014676716 0.54101994528492 229563.0 237409.0 229841.0 237702.0 232525.0 240510.0
12 10 2 15.532396430494 7.6149854170208e-05 7.6149854170208e-05 5.3064135792677e-05 5.4475375046123e-05 997.49745163219 997.83232825253 0.54193628958774 0.53940328895147 0.0 0.0 0.0 0.0 - - 0.0 0.0 0.0 0.0 - -
13 9 2 15.639615487666 7.7071960434648e-05 7.7071960434648e-05 4.6098972609512e-05 5.4553726904546e-05 997.48927870289 997.5434451184 0.0 0.0 0.54962714170775 0.53845259807603 0.0 0.0 0.0 0.0 0.0 0.0 0.0 0.0
14 10 2 15.745548846095 7.7403483904968e-05 7.7403483904968e-05 5.1932336404243e-05 5.3193212553663e-05 997.81349867346 997.44702067698 0.54404152452708 0.54022602560152 14.883051018923 13.229378683487 1.152e-06 1.024e-06 3.3073446708717 3.3073446708717 2.56e-07 2.56e-07 18.190395689794 16.536723354359 1.408e-06 1.28e-06
15 19 2 15.852342775141 7.7248591791786e-05 7.7248591791786e-05 5.1232151588509e-05 5.7700935368023e-05 997.74561672024 997.60392595794 0.54369193353808 0.53653986262545 0.0 0.0 0.0 0.0 0.0 0.0 0.0 0.0 9118.8199507723 10407.438910563 9118.8199507723 10407.438910563 1139.8524938465 1300.9298638203 0.0 0.0 1077.042287376 0.0 8.32e-05 0.0 0.82849406721231 0.0 6.4e-08 0.0 1077.8707814432 0.0 8.3264e-05 0.0 8.4600307455803 9.6555534204458
16 13 2 15.957936610964 7.7233193160651e-05 7.7233193160651e-05 4.6433666386244e-05 5.8599943685767e-05 997.80500848633 997.52514753887 0.54950503009481 0.53474733531437 209.0 209.0 0.0 0.0 0.0 0.0 0.00042724609375 0.0 5.5318973133908 0.0 0.0 0.0 0.0 0.0 0.0 0.0 0.0 0.0
17 9 2 16.064603277571 7.7394425886653e-05 7.7394425886653e-05 5.1883876006259e-05 5.3436420345415e-05 997.60582102733 997.4192367499 0.54428533419487 0.54066426548624 0.11308177654459 0.11306168834144 0.0 0.0 0.0 0.0 0.0 0.0 0.0 0.0
18 8 2 16.172557273363 7.7211453916695e-05 7.7211453916695e-05 4.928331894808e-05 5.1157422937412e-05 997.55323238143 998.12439019683 0.54597133094843 0.54321480441285 0.11092825712838 0.110932104762 2.0069339568208e-05 9.6182515942252e-06 0.00018092179655344 8.6703949364894e-05 9.0148355873174 9.0145229115186
19 5 2 16.280240202522 7.756471663097e-05 7.756471663097e-05 5.032091494604e-05 5.1685052504249e-05 998.34446845832 997.76528151896 0.54673214514177 0.54313372740512 5.9411764705882 5.9375
20 6 2 16.388432922387 7.7316526929147e-05 7.7316526929147e-05 4.9543284073714e-05 5.1363039953158e-05 997.48111338804 997.36232571509 0.54599677565872 0.543636032443 0.0 0.0 - -
21 7 2 16.496103843332 7.7638992381151e-05 7.7638992381151e-05 5.3648377973982e-05 5.4900196105087e-05 997.5105805194 997.68203294875 0.54266211604096 0.53943919577417 88.142332531341 88.331037213638 11.857667468659 11.668962786362 1.0923088887161 1.0766478916121
22 7 2 16.6041947556 7.8888998908586e-05 7.8888998908586e-05 5.2458607268333e-05 5.3925553334415e-05 997.43720262372 997.76294615245 0.54706813083009 0.54123823810173 1.2597367150266e-05 0.0 1.2597367150266e-05 0.0 1.0 -
23 9 2 16.714050805709 8.1861840519484e-05 8.1861840519484e-05 5.344547836373e-05 5.545907583511e-05 997.58830948448 997.57523877324 0.54373839440812 0.5406838633333 8976.2946366336 9366.0244521073 8976.2946366336 9366.0244521073 1122.0368295792 1170.7530565134 0.0 0.0 100.0 100.0
24 6 2 16.821751419744 7.8010371132056e-05 7.8010371132056e-05 5.0414212534682e-05 5.1937771215232e-05 997.58104907952 997.91792162346 0.54623790993361 0.54294696374293 0.0 0.0 0.0 0.0
25 13 2 16.929049480046 7.7379027255518e-05 7.7379027255518e-05 5.3123918713555e-05 5.4911518627981e-05 997.55963841533 997.88779319115 0.54247156923048 0.53950483242262 1.843414580083 1.8535515159513 469188.0 484976.0 239873.0 249290.0 4739.0 4096.0 400.0 432.0 1.0100428825972 0.84457787601861 0.12404409319931 0.13402725083303 51.125135340205 51.402543631025 47.740777683999 47.618851242123
26 7 2 17.035952130674 7.7794790296165e-05 7.7794790296165e-05 5.3824103529289e-05 5.5148838707828e-05 997.62752915485 997.75238623232 0.54236986463914 0.53942180758224 51.393014313001 51.858452138493 48.606985686999 48.141547861507 1.1111837802485 1.1003472548099
27 12 2 17.142452421411 7.5296588844959e-05 7.5296588844959e-05 5.2250272847092e-05 5.3889321261155e-05 997.77208697744 997.7893388563 0.54241559430729 0.53847824808005 16889.0 16640.0 0.10657824619575 0.054086538461538 0.0 0.0 94.801349991118 94.711538461538 14.639241384093 13.984721019943 0.015602246723528 0.0075638515131905 0.0 0.0 13.878198460578 13.245144427543
1 7 2 17.248888342248 7.5199668048991e-05 7.5199668048991e-05 5.3032432728575e-05 5.4414686323414e-05 997.96353868039 997.75534340079 0.54201865438471 0.53990886703935 62.163200819847 62.393567879348 37.836799180153 37.606432120652 1.5238177128117 1.5130094096373
2 10 2 17.355378201771 7.7311997919989e-05 7.7311997919989e-05 5.0190026581391e-05 5.1611682555899e-05 997.61519560069 997.80288875315 0.54608125754552 0.54290274171649 0.0 0.0 0.0 0.0 0.0 0.0 0.0 0.0 0.0 0.0 0.0 0.0
3 5 2 17.461498871867 7.6700581683744e-05 7.6700581683744e-05 4.9223988928118e-05 5.0949088516171e-05 998.25885143219 997.3645738547 0.5460757369455 0.54355388911974 37.070796460177 37.019425333873
4 6 2 17.568121654186 7.6806560498027e-05 7.6806560498027e-05 4.9413754411813e-05 5.1213582650963e-05 997.52621953548 997.75067214491 0.54530415181851 0.54319202593971 8820.1840520825 9176.6119382225 0.0 0.0
5 7 2 17.674011431772 7.6932466952601e-05 7.6932466952601e-05 4.9209496098814e-05 5.104917961855e-05 997.96493792681 997.4815168612 0.5459314156513 0.5422949242242 0.0010953397814345 0.00011065672359875 0.0 0.0 0.0 0.0
6 8 2 17.781235308715 7.6276666426614e-05 7.6276666426614e-05 5.2226269098558e-05 5.4086333159502e-05 997.6732328784 997.60286574654 0.54219190062205 0.53944349083025 10.086285392187 10.634556446886 0.066773620084117 0.041030965818693 0.0 0.0 98.942028357109 98.920634388974
7 7 2 17.887940246355 7.6708733900227e-05 7.6708733900227e-05 4.9905604806306e-05 5.1193655010671e-05 997.57457192619 997.7292511028 0.54591078435258 0.54269651053369 0.0 0.0 0.0 0.0 - -
8 10 2 17.995806919227 7.7162540617796e-05 7.7162540617796e-05 4.6055947022516e-05 4.8370270701948e-05 997.37280565973 997.74644415425 0.54949692535475 0.54700176186184 877.52424243511 0.0 6.7712e-05 0.0 1.6588359970418 0.0 1.28e-07 0.0 879.18307843216 0.0 6.784e-05 0.0
9 19 2 18.102946135403 7.6740436964329e-05 7.6740436964329e-05 5.1629345691613e-05 5.7681007727731e-05 997.41659248438 997.58486898676 0.54391774220483 0.5369062725276 0.0 0.0 0.0 0.0 0.0 0.0 0.0 0.0 0.0 0.0 0.0 0.0 0.0 0.0 0.0 0.0 1090.0120367947 0.0 8.3648e-05 0.0 0.83398013526753 0.0 6.4e-08 0.0 1090.8460169299 0.0 8.3712e-05 0.0 0.0 0.0
10 9 2 18.210873532324 7.6115433700612e-05 7.6115433700612e-05 5.1139759801698e-05 5.2614858084263e-05 997.77976754872 997.90173245339 0.54374897670253 0.5412558936991 0.0 0.0 0.0 0.0 0.0 0.0 0.0 0.0 - -
11 7 2 18.319289801364 7.6477754433201e-05 7.6477754433201e-05 5.0812312439618e-05 5.2477629106794e-05 997.63539802638 997.44098940051 0.54375251416413 0.54076127538829 229128.0 237912.0 229396.0 238198.0 232084.0 241001.0
12 10 2 18.426698112241 7.6014889697318e-05 7.6014889697318e-05 5.238025540991e-05 5.4230808551623e-05 997.37890959172 997.49010527967 0.54188726983086 0.53936901469356 0.0 0.0 0.0 0.0 - - 0.0 0.0 0.0 0.0 - -
13 9 2 18.534889698043 7.6835546156634e-05 7.6835546156634e-05 4.5829496564646e-05 5.4320030032024e-05 997.35988423511 997.74591633327 0.0 0.0 0.55021423289399 0.5389745202894 0.0 0.0 0.0 0.0 0.0 0.0 0.0 0.0
14 10 2 18.641772672844 7.5195139039834e-05 7.5195139039834e-05 5.1112132845838e-05 5.2371650292511e-05 997.24074238116 997.57351106217 0.54335841771024 0.54069370540432 11.064545004156 12.766782697103 8.32e-07 9.6e-07 0.85111884647353 2.5533565394206 6.4e-08 1.92e-07 11.915663850629 15.320139236524 8.96e-07 1.152e-06
15 19 2 18.747378083908 7.78101889273e-05 7.78101889273e-05 5.1470830371104e-05 5.803834655025e-05 997.26279965223 997.90264104252 0.54425251301404 0.53695245916751 0.0 0.0 0.0 0.0 0.0 0.0 0.0 0.0 9086.1108261871 10383.421646166 9086.1108261871 10383.421646166 1135.7638532734 1297.9277057708 0.0 0.0 1089.8315653652 0.0 8.48e-05 0.0 0.82251438895486 0.0 6.4e-08 0.0 1090.6540797541 0.0 8.4864e-05 0.0 8.3308823529412 9.5203619909502
16 13 2 18.852380721898 7.7341889380428e-05 7.7341889380428e-05 4.6584935292101e-05 5.8703657995472e-05 997.81855661613 997.68818331905 0.55094968236794 0.53474565782417 209.0 209.0 0.0 0.0 0.0 0.0 0.0003662109375 0.0 4.7349623914498 0.0 0.0 0.0 0.0 0.0 0.0 0.0 0.0 0.0
17 9 2 18.958093995844 7.7800225107154e-05 7.7800225107154e-05 5.2064130570723e-05 5.3343575657689e-05 997.45249199981 997.44292125083 0.54421121399761 0.5408351624131 0.1131057206158 0.113041721386 0.0 0.0 0.0 0.0 0.0 0.0 0.0 0.0
18 8 2 19.063580536723 7.7487723475295e-05 7.7487723475295e-05 4.9601708291845e-05 5.157228017623e-05 997.52040769269 997.76915990353 0.54645517640543 0.54194865644364 0.11093259621094 0.11093025690815 2.494773449623e-05 4.759321130434e-06 0.00022489092789997 4.2903724043247e-05 9.0144829757568 9.0146730736228
19 5 2 19.169930108376 7.538354582078e-05 7.538354582078e-05 4.8824077419519e-05 5.0811406637786e-05 997.78576531253 997.61761375467 0.54588496224992 0.54330834495583 6.125 6.3684210526316
20 6 2 19.276524983846 7.523590012225e-05 7.523590012225e-05 4.8679149126482e-05 5.0602166414714e-05 997.51683277641 997.20416415938 0.54540518597453 0.54259240373549 0.0 0.0 - -
21 7 2 19.383322791536 7.6712357107553e-05 7.6712357107553e-05 5.256730348811e-05 5.4677821755459e-05 997.35676821841 997.7468559276 0.54221674094421 0.53897872264436 89.447565220388 90.374229673315 10.552434779612 9.6257703266848 1.0984753363229 1.0990164554568
22 7 2 19.491371804129 7.6990438269816e-05 7.6990438269816e-05 5.1051897024044e-05 5.2913772688651e-05 997.53461392906 997.50172812502 0.54377053213505 0.54113652890418 0.0 0.0 0.0 0.0 - -
23 9 2 19.598507748548 7.5101841451192e-05 7.5101841451192e-05 5.0041927981944e-05 5.1898368835562e-05 997.6652191321 997.16085523599 0.54303561686923 0.54071742700213 9172.9308721107 9553.1079682816 9172.9308721107 9553.1079682816 1146.6163590138 1194.1384960352 0.0 0.0 100.0 100.0
24 6 2 19.705478061668 7.6984097656995e-05 7.6984097656995e-05 4.9431870448442e-05 5.1020193959942e-05 997.89193191146 997.65087887397 0.54600892464081 0.54335945978536 0.0 0.0 0.0 0.0
25 13 2 19.811823210291 7.7268519432078e-05 7.7268519432078e-05 5.2799641657885e-05 5.4627096852896e-05 997.47928318776 997.85207985187 0.54229269971811 0.53945891308529 1.8440226108886 1.8537092922995 466324.0 482464.0 238489.0 248021.0 4630.0 3825.0 396.0 456.0 0.99287190880161 0.79280526629966 0.12909479246189 0.14115042780394 51.142338803064 51.407151621675 47.735694495673 47.658892684221
26 7 2 19.918227011394 5.981371813957e-05 5.981371813957e-05 4.2683646803916e-05 4.0949036296632e-05 997.29637946585 996.76098696741 0.53943986858147 0.54232296452693 52.010186216775 51.898468174529 47.989813783225 48.101531825471 1.1876165218076 1.1820776255708
27 12 2 20.025160174863 7.718337405992e-05 7.718337405992e-05 5.3476275626e-05 5.5030178667904e-05 997.81169088178 997.64925491274 0.54362338858195 0.53920707191735 19475.0 19030.0 0.056482670089859 0.047293746715712 0.0 0.0 95.460847240051 95.412506568576 16.493753969934 15.661778019192 0.009316112640271 0.0074070416275739 0.0 0.0 15.745077281389 14.943294981318
1 7 2 20.133473879055 7.6696958476418e-05 7.6696958476418e-05 5.3205440878388e-05 5.4495302686416e-05 997.67631884266 997.8524257499 0.54235089355376 0.53868986327373 61.924461809546 62.808227716601 38.075538190454 37.191772283399 1.5417226760418 1.4942901028449
2 10 2 20.241196727807 7.6850038985937e-05 7.6850038985937e-05 4.9853974101912e-05 5.127880038283e-05 997.67152736538 997.55426218325 0.54588418489554 0.54259616905242 0.0 0.0 0.0 0.0 0.0 0.0 0.0 0.0 0.0 0.0 0.0 0.0
3 5 2 20.349199734725 7.6846415778611e-05 7.6846415778611e-05 4.9403790591666e-05 5.142236997312e-05 997.32507772869 997.41792476528 0.54541772708864 0.54311845856533 37.032677000419 36.973589435774
4 6 2 20.457186667284 7.734913579508e-05 7.734913579508e-05 4.9894282283413e-05 5.1635233403517e-05 998.10124322744 997.89413258768 0.54697655020381 0.54254306652708 8815.5089645278 9198.7065231731 0.0 0.0
5 7 2 20.564331587293 7.7010365910108e-05 7.7010365910108e-05 4.9322721327749e-05 5.1220829065615e-05 997.58868376763 997.89184787828 0.54626257762262 0.54224261515374 0.0011235842337055 0.00012945356213052 0.0 0.0 0.0 0.0
6 8 2 20.67236596394 7.7298410892517e-05 7.7298410892517e-05 5.3122107109892e-05 5.5019761946842e-05 997.87922726316 997.80177104464 0.54242045874954 0.53865083447138 15.35044717076 15.011976984434 0.060532171570341 0.034572738572475 0.0 0.0 98.96157485954 99.008914827589
7 7 2 20.779692087794 7.7383556264676e-05 7.7383556264676e-05 4.9665567320964e-05 5.1526990084656e-05 998.0471204396 997.98601663318 0.54616675714577 0.54270218185634 0.0 0.0 0.0 0.0 - -
8 10 2 20.886227164039 5.5984893797928e-05 5.5984893797928e-05 3.0335303336265e-05 3.6560879324027e-05 997.21563625836 997.63845670133 0.55492497990903 0.54264837358752 1056.2849366732 0.0 5.9136e-05 0.0 17.147482738201 0.0 9.6e-07 0.0 1073.4324194114 0.0 6.0096e-05 0.0
9 19 2 20.992421642492 7.5478655013085e-05 7.5478655013085e-05 5.0546912502994e-05 5.7195497946057e-05 997.59925985638 997.65377647307 0.54444032508269 0.5362459766796 0.0 0.0 0.0 0.0 0.0 0.0 0.0 0.0 0.0 0.0 0.0 0.0 0.0 0.0 0.0 0.0 1093.8191729263 0.0 8.256e-05 0.0 2.5437655184332 0.0 1.92e-07 0.0 1096.3629384447 0.0 8.2752e-05 0.0 0.0 0.0
10 9 2 21.09891539334 7.7346418389585e-05 7.7346418389585e-05 5.178061459747e-05 5.3128447722712e-05 997.42990597081 997.64468403785 0.54390238100902 0.54098663063379 0.0 0.0 0.0 0.0 0.0 0.0 0.0 0.0 - -
11 7 2 21.20553729522 7.6994967278973e-05 7.6994967278973e-05 5.1482152893997e-05 5.2852178164111e-05 997.84702045197 997.76037577621 0.54375508251614 0.54074204504909 232124.0 239612.0 232400.0 239911.0 235138.0 242723.0
12 10 2 21.312145361882 7.6889894266522e-05 7.6889894266522e-05 5.2636597328219e-05 5.4402005097773e-05 997.59994079367 997.86810174366 0.54246267158933 0.53926687467732 0.0 0.0 0.0 0.0 - - 0.0 0.0 0.0 0.0 - -
13 9 2 21.419385382026 7.7100040291424e-05 7.7100040291424e-05 4.626609304742e-05 5.4423744341729e-05 997.84582714611 997.23130702689 0.0 0.0 0.55029142740172 0.53902742079459 0.0 0.0 0.0 0.0 0.0 0.0 0.0 0.0
14 10 2 21.526164953207 7.726942523391e-05 7.726942523391e-05 5.1707697550036e-05 5.4248924588253e-05 997.83892625755 998.16978760336 0.54460546275007 0.5463041088768 12.424060320028 85.311880864193 9.6e-07 6.592e-06 0.82827068800188 34.787368896079 6.4e-08 2.688e-06 13.25233100803 120.09924976027 1.024e-06 9.28e-06
15 19 2 21.633152376923 7.696235841304e-05 7.696235841304e-05 5.1243021210487e-05 5.7907458185601e-05 997.59067600586 997.59427045264 0.54411587902338 0.53628531642172 0.0 0.0 0.0 0.0 0.0 0.0 0.0 0.0 9147.2248839079 10487.932239135 9147.2248839079 10487.932239135 1143.4031104885 1310.9915298919 0.0 0.0 3.3263013930278 0.0 2.56e-07 0.0 0.0 0.0 0.0 0.0 3.3263013930278 0.0 2.56e-07 0.0 2749.96875 3153.03125
16 13 2 21.7393357276 7.7222323538673e-05 7.7222323538673e-05 4.6598975220489e-05 5.8816430323491e-05 997.71600209422 997.36567180242 0.54987280617371 0.53426528546862 209.0 209.0 0.0 0.0 0.0 0.0 0.0003662109375 0.0 4.7422936881276 0.0 0.0 0.0 0.0 0.0 0.0 0.0 0.0 0.0
17 9 2 21.846232807547 8.1452418091658e-05 8.1452418091658e-05 4.7647440840427e-05 5.2849007857701e-05 997.59257805332 997.34521925965 0.54703667883401 0.54077475982816 0.11354631391757 0.11361414013152 0.0 0.0 0.0 0.0 0.0 0.0 0.0 0.0
18 8 2 21.953292438162 7.5138073524451e-05 7.5138073524451e-05 4.8480325624473e-05 5.0449085905194e-05 997.68644061282 997.89848442883 0.54577529418963 0.54212780454568 0.11093039381641 0.110931036161 1.0197214121102e-05 4.8668905436317e-06 9.1924438111872e-05 4.3873118940025e-05 9.0146619478788 9.014609748607
19 5 2 22.06060904838 7.5490430436894e-05 7.5490430436894e-05 4.8767011904136e-05 5.0588126486327e-05 997.3888480303 997.29836358247 0.54561715539476 0.54264477263894 7.0666666666667 5.4444444444444
20 6 2 22.16735053784 7.6881742050039e-05 7.6881742050039e-05 4.9320909724086e-05 5.1084052989062e-05 997.5520427376 997.42736332994 0.54589202466289 0.54329794612924 0.0 0.0 - -
21 7 2 22.274929891278 7.7861819631694e-05 7.7861819631694e-05 5.374212846354e-05 5.4948656503071e-05 997.85323354511 997.87827096253 0.54233337446698 0.53892008102057 85.386223053716 85.679079504805 14.613776946284 14.320920495195 1.0668102122424 1.0671948897488
22 7 2 22.381264406693 7.7142612977503e-05 7.7142612977503e-05 5.1002983725144e-05 5.3262959294687e-05 998.05091820932 998.0485364685 0.54354845716106 0.54071053200245 0.0 0.0 0.0 0.0 - -
23 9 2 22.487983992054 7.7081924254795e-05 7.7081924254795e-05 5.0906515830092e-05 5.3014769592861e-05 997.63680222091 997.63115405245 0.54426732778741 0.54068934935841 9070.0382321671 9509.4668054347 9070.0382321671 9509.4668054347 1133.7547790209 1188.6833506793 0.0 0.0 100.0 100.0
24 6 2 22.595040830988 7.7117250526222e-05 7.7117250526222e-05 4.9874807544036e-05 5.1523819778245e-05 996.9589583925 997.56000817891 0.54642392846865 0.54270503377476 0.0 0.0 0.0 0.0
25 13 2 22.701716546554 7.7971421653302e-05 7.7971421653302e-05 5.3897473477639e-05 5.4945033295745e-05 997.94028146431 997.812472814 0.54228259482711 0.53951961861222 1.8440569723961 1.8535007171236 476020.0 485272.0 243446.0 249436.0 4945.0 4239.0 404.0 364.0 1.0388218982396 0.87353072091528 0.13213730515525 0.1228177187227 51.141968824839 51.401275985427 47.687071971766 47.602375574935
26 7 2 22.809144601194 7.7555658612656e-05 7.7555658612656e-05 5.3669664317021e-05 5.4887061978531e-05 997.9063679263 997.78552717428 0.54225390782297 0.53941336181956 51.410102783075 51.808730093242 48.589897216925 48.191269906758 1.1117117812874 1.1060755274421
27 12 2 22.91617346625 7.6767611019273e-05 7.6767611019273e-05 5.254284683866e-05 5.440653410693e-05 997.60711587303 997.2607902747 0.54211136240444 0.53869265160246 13379.0 13343.0 0.082218401973242 0.074945664393315 0.0 0.0 93.54959264519 93.427265232706 11.53222886893 11.107226398289 0.0094816142879308 0.008324384619867 0.0 0.0 10.788353129795 10.377177867126
1 7 2 23.023745916572 7.7034822559558e-05 7.7034822559558e-05 5.2738047133344e-05 5.48775510593e-05 997.382372015 997.61262927783 0.54219223623741 0.53865337766951 62.122890635064 62.346804875835 37.877109364936 37.653195124165 1.5230498290687 1.4972925076302
2 10 2 23.130726165431 7.6058368185229e-05 7.6058368185229e-05 4.9555059497524e-05 5.1066389853348e-05 997.71819421688 997.45000699048 0.54582142340482 0.54268401268704 0.84145902057927 0.0 6.4e-08 0.0 0.0 0.0 0.0 0.0 0.84145902057927 0.0 6.4e-08 0.0
3 5 2 23.238299451808 0.00011299877847641 0.00011299877847641 6.1311914369218e-05 6.7797455482615e-05 997.5459115244 997.6909856049 0.55129499918554 0.54543997085079 37.004432321855 36.945781297594
4 6 2 23.345718706584 7.8158016830586e-05 7.8158016830586e-05 5.0026529350809e-05 5.1892481123658e-05 998.10924575084 997.77127734765 0.54573571407397 0.54317042992657 8767.9809159618 9137.4887562464 0.0 0.0
5 7 2 23.452407454827 7.7429752158081e-05 7.7429752158081e-05 5.0256603016005e-05 5.16519907374e-05 998.18969004816 997.85406741464 0.54597161061773 0.54298011321707 0.0015154124332702 8.5698370302658e-05 0.0 0.0 0.0 0.0
6 8 2 23.559721549633 7.7756746619243e-05 7.7756746619243e-05 5.3296021061536e-05 5.5104907319002e-05 997.25750423167 997.63879447595 0.54196813875622 0.53803158206606 9.1938101753104 9.0867996482317 0.062034212292971 0.028766098741689 0.0 0.0 98.936070769989 99.015377534499
7 7 2 23.666729843929 0.00013234036498388 0.00013234036498388 7.7217794530007e-05 7.921191726201e-05 997.77679404473 997.75471370716 0.54967679535746 0.5469490762168 0.0 0.0 0.0 0.0 - -
8 10 2 23.775187689273 7.8925230981845e-05 7.8925230981845e-05 4.6947256024693e-05 4.9426435637453e-05 997.91536654927 997.40225543469 0.54966434411886 0.54740849605995 870.08931295743 0.0 6.8672e-05 0.0 0.81089404749062 0.0 6.4e-08 0.0 870.90020700492 0.0 6.8736e-05 0.0
9 19 2 23.883278486504 7.7817435341952e-05 7.7817435341952e-05 5.2511596675474e-05 5.8847680486677e-05 997.72874472899 997.57636459855 0.54389075744569 0.53809774258607 0.0 0.0 0.0 0.0 0.0 0.0 0.0 0.0 0.0 0.0 0.0 0.0 0.0 0.0 0.0 0.0 26.318009466651 0.0 2.048e-06 0.0 7.4019401624956 0.0 5.76e-07 0.0 33.719949629147 0.0 2.624e-06 0.0 0.0 0.0
10 9 2 23.990826246479 7.7710550725838e-05 7.7710550725838e-05 5.1753893443441e-05 5.3597653071419e-05 997.64047970896 997.61755128796 0.54396846780374 0.54101635716963 0.0 0.0 0.0 0.0 0.0 0.0 0.0 0.0 - -
11 7 2 24.098514213709 7.743518696907e-05 7.743518696907e-05 5.1536953904802e-05 5.3354898180582e-05 997.44986806107 997.65463503588 0.54390719550317 0.53988891231222 232308.0 242220.0 232577.0 242530.0 235329.0 245424.0
12 10 2 24.207068027851 7.8371786062814e-05 7.8371786062814e-05 5.3589500854935e-05 5.5397934211485e-05 997.81629331437 997.83027544018 0.54236223792892 0.53919023164576 0.0 0.0 0.0 0.0 - - 0.0 0.0 0.0 0.0 - -
13 9 2 24.314427644633 7.6191521054456e-05 7.6191521054456e-05 4.5891996891018e-05 5.4522023840444e-05 998.31005780684 997.65224886946 0.0 0.0 0.54952438799527 0.53923162718196 0.0 0.0 0.0 0.0 0.0 0.0 0.0 0.0
14 10 2 24.422707970028 7.8328307574903e-05 7.8328307574903e-05 5.2713590483894e-05 5.3938234560055e-05 997.98835768262 997.30114245342 0.54507265855863 0.53986364584183 9.8048843869834 11.439031784814 7.68e-07 8.96e-07 1.6341473978306 2.4512210967458 1.28e-07 1.92e-07 11.439031784814 13.89025288156 8.96e-07 1.088e-06
15 19 2 24.529987643459 7.7530296161374e-05 7.7530296161374e-05 5.1699092432637e-05 5.8472225627528e-05 997.67286740146 997.91556187778 0.54351407458195 0.53707339800656 0.0 0.0 0.0 0.0 0.0 0.0 0.0 0.0 9171.9500015824 10497.67691208 9171.9500015824 10497.67691208 1146.4937501978 1312.20961401 0.0 0.0 1084.6856540437 0.0 8.4096e-05 0.0 0.82548375497996 0.0 6.4e-08 0.0 1085.5111377987 0.0 8.416e-05 0.0 8.4494296577947 9.6707224334601
16 13 2 24.63662998204 7.8530301383322e-05 7.8530301383322e-05 4.7173253581647e-05 5.965429701761e-05 997.91574701379 997.5283977687 0.54983213327984 0.53480695286394 209.0 209.0 0.0 0.0 0.0 0.0 0.000244140625 0.0 3.1088716164261 0.0 0.0 0.0 0.0 0.0 0.00067138671875 0.0 8.5493969451719 0.0
17 9 2 24.745672573191 8.0730494031973e-05 8.0730494031973e-05 5.3126183218133e-05 5.5213603538779e-05 997.60216122659 997.90201956098 0.5439235088728 0.54173998826854 0.11304884099435 0.11316411596367 0.0 0.0 0.0 0.0 0.0 0.0 0.0 0.0
18 8 2 24.852285909808 7.8407112334241e-05 7.8407112334241e-05 5.0848091611961e-05 5.2286052019436e-05 997.59864101163 998.09565254381 0.54574885403046 0.54226691780532 0.1109317959761 0.11093157724158 1.4582857365072e-05 4.6971070517668e-06 0.00013145786775339 4.2342380488631e-05 9.0145480040314 9.0145657788881
19 5 2 24.959312762172 7.7738630582614e-05 7.7738630582614e-05 5.0149265498974e-05 5.1895198529152e-05 997.55334938094 997.46160305338 0.54627304525429 0.54246596095215 5.8235294117647 5.625
20 6 2 25.06601116264 7.7978668067954e-05 7.7978668067954e-05 4.9988938574803e-05 5.1838133013769e-05 997.73490286866 997.45012905202 0.54591632333084 0.54250639871078 0.0 0.0 - -
21 7 2 25.172971667737 7.7456926213025e-05 7.7456926213025e-05 5.4245301380927e-05 5.5094943498855e-05 997.75667799386 997.79930081623 0.54152311712738 0.53959502317638 91.157439489701 91.812509761691 8.8425605102986 8.1874902383086 1.129465713981 1.1201079622132
22 7 2 25.279497167845 7.7143518779335e-05 7.7143518779335e-05 5.1375268277883e-05 5.3148375363005e-05 997.96546315714 997.31207253557 0.54398450088238 0.54015327610412 0.0 0.0 0.0 0.0 - -
23 9 2 25.38636473224 7.5758547779011e-05 7.5758547779011e-05 5.1004795328807e-05 5.2850819461364e-05 998.08636854119 998.0902976407 0.54327931961041 0.54071561622508 9264.8027262537 9645.0634472489 9264.8027262537 9645.0634472489 1158.1003407817 1205.6329309061 0.0 0.0 100.0 100.0
24 6 2 25.492744427239 7.551851029367e-05 7.551851029367e-05 4.9687759465835e-05 5.0949541417087e-05 997.35842820388 997.37343971162 0.54606540241899 0.54277980690826 0.0 0.0 0.0 0.0
25 13 2 25.59953367329 7.7953305616673e-05 7.7953305616673e-05 5.4368037529093e-05 5.4781083164247e-05 997.59035849615 997.57004846713 0.45213631433048 13.71072319202 2.2117223684649 0.072935612950164 480176.0 483824.0 294446.0 15098.0 11329.0 7776.0 388.0 320.0 2.3593432408117 1.6071960051589 0.13307620539136 0.081021197790932 61.32043250808 3.1205562353252 36.187148045717 95.191226561725
