1 7 1 0.10090140616065 0.10091324620757 0.0027334017835601 999.67768334653 0.80449591244332 43.359406650461 56.640593349539 8.2952973066106
2 10 1 0.20126315763882 0.056742906292258 0.0002264446339267 999.66658092696 3.0707349879314 29.440296755261 0.001670528 3.7107722138076 0.00021056 33.151068969068 0.001881088
3 5 1 0.30165981057884 0.055585755706863 1.3665738497342e-05 997.42312158069 4.8564300659907 1.9351620947631
4 6 1 0.40183016291121 0.054936620220217 1.246868991588e-05 999.54490867398 5.2993262752647 0.0 0.0
5 7 1 0.50223796656485 0.055330744049768 1.3793459912391e-05 995.77244284477 4.9248059508409 0.46782018111255 0.19744501940492 0.42205323193916
6 8 1 0.60264208441396 0.055244528471307 1.2962817801758e-05 998.37552286487 5.5093358999038 81.185143775549 42.039062227036 39.100660354285 57.436847070333
7 7 1 0.70304240413617 0.055823938029417 1.2647137566692e-05 997.25429573073 5.3751684311838 39.0 0.007507218479307 64.512820512821
8 10 1 0.80340114555575 0.054995708132452 0.00021525723437667 993.31121198578 3.0161700777408 795.33420852872 0.043739968 216.18326963563 0.011889152 1011.5174781643 0.05562912
9 19 1 0.90381387237173 0.053985245139328 1.3146700406402e-05 930.0748367896 4.4343110296364 0.61285400390625 11.352250088419 0.03387451171875 0.62747722329175 0.00012966505907186 0.0 0.0 0.00012966505907186 548.91087228596 0.029633088 11.242182904489 0.000606912 560.15305519045 0.03024 2.3148148148148e-07
10 9 1 1.0042210455707 0.053108739264951 1.1989961065858e-05 926.13991811756 5.0958614051973 0.00013180504935502 0.0 0.0 0.00013180504935502 0.0
11 7 1 1.1043128057532 0.015971414396538 0.0071828730288366 997.64050010006 0.42521346559016 42002942.0 41674522.0 41666256.0
12 10 1 1.2043985041505 0.017913656744509 0.0080631620839848 997.64203385176 0.42510291186727 46.0 1.0984015439896e-06 37.565217391304 1.0 2.3878294434557e-08 56.0
13 9 1 1.3044800701713 0.016990086887425 0.0076473876629363 997.63367858049 0.0 0.42546130761148 0.21728515625 12.788937319139 0.0111083984375 0.65381645845036
14 10 1 1.4045707687261 0.017214276015514 0.007747463732406 997.6445279062 0.42558210070634 2.6247981593464 4.5184e-05 0.6915190618108 1.1904e-05 5.6734305823832 9.7664e-05
15 19 1 1.5046553873793 0.016401792085625 0.0073769914631971 997.64152704998 0.42568432548743 0.2196044921875 13.389054747254 0.01165771484375 0.71075860387033 8092.0274630432 8092.0274630432 1011.5034328804 0.0 846.65870214091 0.01388672 26.662452353806 0.000437312 873.32115449471 0.014324032 9.2658095150863
16 13 1 1.604748548874 0.016199138056269 0.0072895779303299 997.63926943185 0.42560926966126 201.0 0.2220458984375 13.707266254921 0.0357666015625 2.2079323874061 0.0 0.0 0.01123046875 0.69327569843469
17 9 1 1.7048440673271 0.015364016637845 0.006909329537916 997.64597931809 0.42543189567596 0.12683813133136 2.1891645668349e-05 0.00017259514499751 3623.0 0.00010103621943494
18 8 1 1.8049220408433 0.015207624935506 0.0068383413413542 997.64200973709 0.42571455921224 0.11102815633199 0.00087099228580705 0.0078447874357442 9.0067243574669
19 5 1 1.9049943937115 0.014852570271576 0.0066816493578182 997.64053994889 0.425487375664 5.751666336699
20 6 1 2.005076833854 0.014853062134898 0.00667930100485 997.64129816522 0.42562166808272 1.0 8.0
21 7 1 2.1171741371151 0.014705065624579 0.0066252517477308 997.64762307846 0.425297556625 93.965892346201 6.0341076537991 1.0824232153062
22 7 1 2.2172523805674 0.014073730517558 0.0068662806273524 1082.6264326949 0.42548900965464 5.9792578540127e-06 1.0049172863887e-07 0.016806722689076
23 9 1 2.3173293087609 0.018683074100234 0.0092535075557217 1097.4086768677 0.42550849482034 8914.9466038841 8914.9466038841 1114.3683254855 0.0 100.0
24 6 1 2.4173963018588 0.018189929940995 0.0090074916530465 1097.4088248783 0.4255988851179 0.0 0.0
25 13 1 2.5174656917713 0.018694703089783 0.0092614982965929 1097.4107259149 0.42572894893995 2.3489123830784 81794976.0 53282347.0 1051101.0 963052.0 1.2850434725967 2.1600446462629 65.141344377924 31.413567503217
26 7 1 2.6175464606655 0.018004368841441 0.0087520420292577 1080.5447220249 0.42588116412675 66.507282397838 33.492717602162 1.9626141645097
27 12 1 2.7176196360233 0.018224242616187 0.009024363108479 1097.4129614086 0.42565970241924 1281599.0 0.38849905469652 0.32740350140723 88.589488599788 6.4320618458085 0.024988499468461 0.021058795695855 5.6981306956238
1 7 1 2.8176949581879 0.017315253834408 0.0085760863047776 1097.4074580916 0.42537212812516 76.810706210515 23.189293789485 1.0042592529486
2 10 1 2.9177675927679 0.017952889864571 0.0088901695692427 1097.4166827507 0.4252584903993 3.7181757646569 6.6752e-05 0.39213742484396 7.04e-06 4.1103131895008 7.3792e-05
3 5 1 3.0178330930651 0.017719878900587 0.0087729801888949 1097.4102626067 0.4253342298742 72.840146672971
4 6 1 3.117910777623 0.015494719125071 0.0069730638827635 997.63834643205 0.42539281246611 8102.2541284319 0.0
5 7 1 3.217992721373 0.013153208763748 0.0060749060581546 1025.4927173574 0.42601788821765 0.00012142473938703 3.6779975990108e-05 0.30290347894324
6 8 1 3.3180648378207 0.017591411085211 0.0087014552906423 1097.4139371556 0.42564705317269 6.0423872154622 0.045346167395231 0.033973190379784 97.910271427417
7 7 1 3.4301419239594 0.03167367357446 0.016790194720273 1178.2224865535 0.42545554279154 79.0 9.0665102666867e-07 27.607594936709
8 10 1 3.5302017184609 0.021296628358136 0.011511950988481 1197.1826496155 0.42565446651724 505.39154926315 0.010763136 0.06611375173207 1.408e-06 505.45766301488 0.010764544
9 19 1 3.6302674560845 0.02161962675854 0.011678057670793 1197.1781795668 0.42515267717185 0.28924560546875 13.378843617385 0.014404296875 0.66626020124561 0.0003237798727138 0.0 0.0 0.0003237798727138 507.03854060153 0.010961984 0.19241775292706 4.16e-06 507.23095835445 0.010966144 6.3832829479533e-07
10 9 1 3.7303343930212 0.033212016422588 0.017962609826405 1197.1803491163 0.42514537414069 0.0002107670883614 0.0 0.0 0.0002107670883614 0.0
11 7 1 3.8304081671298 0.019991880731529 0.01024884009028 1141.5509456478 0.42583315993879 59845939.0 59347939.0 59366657.0
12 10 1 3.9304747815925 0.020808646499212 0.011243319337086 1197.1803848953 0.42548305918896 47.0 8.0556427583645e-07 40.148936170213 1.0 1.7139665443329e-08 57.0
13 9 1 4.0305394376602 0.033200616606926 0.017894980431312 1194.3118433832 0.0 0.42518028440673 0.43829345703125 13.201364969222 0.02154541015625 0.64894608468674
14 10 1 4.1306067468913 0.021084273842017 0.011394074539387 1197.1794561507 0.42531443945143 2.7470711314979 5.792e-05 0.68600892344588 1.4464e-05 5.2725553098473 0.000111168
15 19 1 4.2306748179217 0.033060777056482 0.017878821407744 1197.1779625713 0.42541359050237 0.437744140625 13.240588382939 0.02154541015625 0.65169097869179 9736.5960712313 9736.5960712313 1217.0745089039 0.0 499.70513311818 0.01652064 0.11421389139006 3.776e-06 499.81934700957 0.016524416 19.480230466239
16 13 1 4.3307469407101 0.033118381226321 0.017909723649406 1197.1791308928 0.42513793908006 203.0 0.43408203125 13.106982140329 0.04974365234375 1.5019952818291 0.0 0.0 0.021484375 0.64871452663046
17 9 1 4.4308189013558 0.020810916498262 0.01124379217807 1197.1826185413 0.42534728055338 0.12674935567424 1.1342360675933e-05 8.948653518274e-05 3510.0 6.0138498447921e-05
18 8 1 4.5308782021823 0.032972631163585 0.017831911415396 1197.1729607512 0.4250753565409 0.11101972720872 0.00086867490115785 0.0078245094182649 9.0074081889964
19 5 1 4.6309555579255 0.019504400700008 0.0087834316051135 997.64486667007 0.42554598738841 5.7496665743979
20 6 1 4.7310280584433 0.015162271151605 0.0075024415204565 1097.4096603863 0.42551611029835 1.0 8.0
21 7 1 4.8310932398899 0.030229309230516 0.016329171591097 1197.1837169901 0.4255078750883 93.736316755504 6.2636832444959 1.0664838102146
22 7 1 4.9311547735766 0.033671338864132 0.018210602693537 1197.1780714269 0.4250816427734 2.3754031714547e-06 2.8391272965594e-08 0.01195219123506
23 9 1 5.0312189513684 0.020067736382161 0.01042181746006 1157.0115749829 0.42564570216217 9344.8578568486 9344.8578568486 1168.1072321061 0.0 100.0
24 6 1 5.1312787920671 0.033811197436913 0.018286173009092 1197.1778356796 0.42540540247798 0.0 0.0
25 13 1 5.2313418973613 0.033176797015932 0.017942252301003 1197.1772604212 0.42516363976676 2.3520355610574 158460980.0 103360890.0 2004220.0 1864740.0 1.2648034866375 2.1616532978655 65.227975997624 31.345567217873
26 7 1 5.3314088614727 0.020668966374081 0.011170236871648 1197.1786441694 0.42549779992204 66.590789497479 33.409210502521 2.2442569512802
27 12 1 5.4314742358602 0.033035576081389 0.017865810128271 1197.1796336226 0.42514539200316 2310989.0 0.20735710987807 0.17066286338879 87.718894378121 5.8585450975507 0.012148109795184 0.0099983608164037 5.1390509862151
1 7 1 5.5315479302561 0.019360610843954 0.010466014051708 1197.1791492563 0.42556815073021 76.78983735276 23.21016264724 1.00402098249
2 10 1 5.6316131425008 0.020813024354523 0.011250198176986 1197.1791006227 0.4256284854278 3.6746221355081 7.648e-05 0.40897468119044 8.512e-06 4.0835968166985 8.4992e-05
3 5 1 5.7316721552748 0.032488104123646 0.017568798959617 1197.1795041209 0.42532230587891 72.919944073606
4 6 1 5.8317329724535 0.020796963160124 0.011245569860886 1197.17944908 0.4256057430346 9730.8961141032 0.0
5 7 1 5.9317906382648 0.020513601878016 0.011087224745559 1197.1805394908 0.42526586563804 0.00010041073026587 2.2079937399295e-05 0.21989619377163
6 8 1 6.0318541937543 0.03282990927596 0.017756333400323 1197.1772324934 0.4252639883379 6.4112717568986 0.021533105593917 0.014837488182873 97.941060660789
7 7 1 6.1319147092931 0.020947456125904 0.011326432009821 1197.1795922207 0.4254237715442 43.0 7.3149556922927e-07 42.255813953488
8 10 1 6.2319872369856 0.016830914300376 0.0078114403856119 1034.2333471504 0.4257122795426 560.69015809731 0.009436928 32.74735942228 0.000551168 593.43751751959 0.009988096
9 19 1 6.332059661414 0.030134962055297 0.016294568145875 1197.1777638565 0.42520749967348 0.40020751953125 13.280505175247 0.01959228515625 0.65015131329181 0.00023228832965362 0.0 0.0 0.00023228832965362 499.2940748487 0.015046208 0.6350099251788 1.9136e-05 499.92908477387 0.015065344 4.6464255977162e-07
10 9 1 6.4321264425487 0.021436670813523 0.011593535080451 1197.1803268215 0.42560770932034 0.00032654324269346 0.0 0.0 0.00032654324269346 0.0
11 7 1 6.5321883593997 0.021573609910271 0.011664057229722 1197.1789269409 0.42559956189075 68132275.0 67555945.0 67598146.0
12 10 1 6.632253318919 0.033363043825494 0.018037635740751 1197.1754582453 0.42533951946679 45.0 4.8059942924012e-07 39.6 2.0 2.1359974632894e-08 41.0
13 9 1 6.7323179432828 0.021341925075023 0.011538850386646 1197.1793628608 0.0 0.42539814173142 0.2806396484375 13.14968764303 0.0137939453125 0.64633088458565
14 10 1 6.8323903142675 0.020923482544551 0.011311903472403 1197.1842520934 0.42551140248723 2.4256000353639 5.0752e-05 0.64845801702037 1.3568e-05 5.2213105427064 0.000109248
15 19 1 6.9324574396159 0.0339207815052 0.01834492259545 1197.1798021683 0.42551861334868 0.4547119140625 13.405113145544 0.02227783203125 0.65676057692936 9734.7509505162 9734.7509505162 1216.8438688145 0.0 510.92407754058 0.017330944 2.3810772162669 8.0768e-05 513.30515475685 0.017411712 18.964841596277
16 13 1 7.0325270858771 0.021291322031545 0.011513087346745 1197.1809968677 0.42532156958326 203.0 0.292236328125 13.725607441944 0.033935546875 1.5938675308523 0.0 0.0 0.01446533203125 0.67940036836689
17 9 1 7.1325958498641 0.021705736355402 0.011732843817069 1197.177962845 0.42547065693527 0.12675423294007 9.8380213311625e-06 7.761493326865e-05 3488.0 5.72871759651e-05
18 8 1 7.2326558635754 0.033719101238406 0.018238015694839 1197.1800515317 0.42528999327702 0.11101960934079 0.00086861318370706 0.0078239618105731 9.0074177520332
19 5 1 7.3327208249064 0.02142074549297 0.011580625706362 1197.1770928247 0.42529154820817 5.7499809043691
20 6 1 7.4327817589366 0.021658860784427 0.011711247122192 1197.1805081406 0.4253054203555 1.0 8.0
21 7 1 7.5328461142702 0.033485092960395 0.018110729076097 1197.175776818 0.42511727734633 93.990538979569 6.0094610204308 1.0722364561386
22 7 1 7.6329146499891 0.021775706856859 0.01176346479987 1197.1764101508 0.42565261807238 4.1809844601756e-06 4.4010362738691e-08 0.010526315789474
23 9 1 7.7329900473373 0.019474606283101 0.0096448803928037 1097.4193715105 0.42541087874096 8916.4581545701 8916.4581545701 1114.5572693213 0.0 100.0
24 6 1 7.8330548610187 0.017509800724297 0.0094639349277931 1197.1754692892 0.42563476343588 0.0 0.0
25 13 1 7.9331232164783 0.021175507694516 0.011446188952942 1197.1786271206 0.4253423134967 2.3510475404601 101089556.0 65910972.0 1291850.0 1190620.0 1.2779262775672 2.1629356053359 65.200575220649 31.358562896448
26 7 1 8.0331927857443 0.021520863683333 0.011635781429499 1197.1777115229 0.42548029671173 66.601625721323 33.398374278677 2.0111647580578
27 12 1 8.1332584128571 0.033325010924404 0.01802345368164 1197.1758817695 0.42539233992312 2430683.0 0.19093398851269 0.15904994604397 88.551242593131 6.1080828893779 0.011662406282351 0.0097149025398766 5.4087832971625
1 7 1 8.2333284522466 0.02156413316244 0.011657834207584 1197.1779086938 0.42547862091875 76.803027946688 23.196972053312 1.0032298850478
2 10 1 8.3333898391896 0.021532139400883 0.011640341355764 1197.1866072626 0.42549194517493 3.4032846730036 7.328e-05 0.23481178093212 5.056e-06 3.6380964539357 7.8336e-05
3 5 1 8.4334476055475 0.033567741397491 0.01815499722797 1197.176327802 0.42564160541023 72.92241755861
4 6 1 8.5335105930844 0.021341292808727 0.011535195380195 1197.1752004047 0.42572120461897 9724.3068571336 0.0
5 7 1 8.6335705053433 0.020964364267275 0.011334785533861 1197.1789655522 0.42525289856513 7.6328782662967e-05 2.0662466544561e-05 0.27070347284061
6 8 1 8.7336341858368 0.03321281354915 0.017964199550401 1197.1748732205 0.42526042920039 6.0238450252615 0.02084273372055 0.014592686920835 97.938626658232
7 7 1 8.8337006897888 0.02223111069669 0.012007477016233 1197.1726113608 0.42568201762784 48.0 7.7070715512481e-07 39.708333333333
8 10 1 8.9337555692804 0.021663905327409 0.011710957710901 1197.1786380418 0.42522689227922 521.10124326094 0.011289088 2.0590931933017 4.4608e-05 523.16033645424 0.011333696
9 19 1 9.0338215243021 0.033449984064466 0.018091751123142 1197.1772860127 0.42521609864617 0.4486083984375 13.411318748999 0.022216796875 0.66417959518853 0.00020926766322248 0.0 0.0 0.00020926766322248 499.24041720964 0.016699584 0.030612869591403 1.024e-06 499.27103007923 0.016700608 4.1914641670531e-07
10 9 1 9.1338923716881 0.021795345156705 0.011783344955161 1197.1762329298 0.42551872676625 0.00032116949512252 0.0 0.0 0.00032116949512252 0.0
11 7 1 9.233960029662 0.021283892449657 0.010753139945167 1119.8416888415 0.42540732720874 62846849.0 62340406.0 62347710.0
12 10 1 9.334032596305 0.017389551464941 0.0092478905309365 1180.1463220978 0.42555792385362 50.0 1.042078939147e-06 37.74 2.0 4.1683157565879e-08 38.0
13 9 1 9.4341031483918 0.021503930178844 0.011623573617367 1197.1815886934 0.0 0.42527013864324 0.27587890625 12.829231863923 0.01373291015625 0.63862326756254
14 10 1 9.5341702809868 0.021359745382812 0.011545654043018 1197.1796870204 0.42541073403091 2.6067726464944 5.568e-05 0.69813566279679 1.4912e-05 5.1775898082097 0.000110592
15 19 1 9.6342320221076 0.036279367585638 0.019724397213929 1206.6659507239 0.42558070088559 0.4766845703125 13.139274525315 0.02349853515625 0.64771071603664 9784.9149978163 9784.9149978163 1223.114374727 0.0 501.45791425543 0.018192576 0.047630378228646 1.728e-06 501.50554463366 0.018194304 19.511080390874
16 13 1 9.7343010460666 0.036176852580635 0.019604394792061 1200.8427455532 0.425458831563 203.0 0.4771728515625 13.190004589231 0.0572509765625 1.5825306094523 0.0 0.0 0.02349853515625 0.64954614567074
17 9 1 9.8343906340792 0.020956475431788 0.011038985001173 1168.377200962 0.42546679079695 0.12676512438072 1.2393942762468e-05 9.7770919430841e-05 4472.0 7.8064383146137e-05
18 8 1 9.9344520563494 0.032950640434556 0.017819549159992 1197.178771384 0.42516468052262 0.11101972384083 0.00086874699619971 0.007825159045119 9.0074084622447
19 5 1 10.034515805686 0.021332296148484 0.011531968376357 1197.175595061 0.42546099713384 5.7514867820282
20 6 1 10.134574438013 0.021225796416497 0.011473483743998 1197.1788686423 0.42525970019327 1.0 8.0
21 7 1 10.234637810526 0.033273222155166 0.0179958980128 1197.1764047645 0.42526512089395 93.488020028142 6.5119799718581 1.0650094319469
22 7 1 10.334675131493 0.02147713857393 0.011607328993276 1197.1769139412 0.42515600089463 3.7719278015597e-06 4.4550328364878e-08 0.011811023622047
23 9 1 10.434735492136 0.021272929241952 0.011496490356481 1197.1842845374 0.42536190058435 9731.037491149 9731.037491149 1216.3796863936 0.0 100.0
24 6 1 10.534794821043 0.033418248463216 0.018183528018111 1208.6873126583 0.42537227920775 0.0 0.0
25 13 1 10.634852121806 0.036472353737952 0.019795391298358 1205.4838528806 0.42538935009259 2.3507875779738 174827388.0 113978394.0 2222358.0 2059048.0 1.2711726837674 2.1611905567107 65.194816043354 31.372820716168
26 7 1 10.734912275921 0.036485155771703 0.019757985681523 1200.1233513883 0.42531311743049 66.617691867646 33.382308132354 2.1783440262139
27 12 1 10.834993889044 0.019791734027541 0.00980420379982 1097.407541536 0.42543792965359 1222044.0 0.67444380071421 0.59048610361002 86.420619879481 5.645327297085 0.038074559985217 0.03333487319259 4.8787268443664
1 7 1 10.935062864995 0.019009367894312 0.010272526071992 1197.1817234619 0.42534046565367 76.815560744328 23.184439255672 1.0035420469214
2 10 1 11.035123967508 0.033244957677763 0.017978382515338 1197.1805272955 0.42519765469242 2.0637114555838 6.8608e-05 0.18095977315754 6.016e-06 2.2446712287414 7.4624e-05
3 5 1 11.135197520595 0.036619487902264 0.019806858145117 1197.1785437689 0.42515330742739 72.928966346923
4 6 1 11.235249580252 0.036738613937828 0.020079239461744 1212.6847603452 0.42528260601593 9843.333573008 0.0
5 7 1 11.33531041283 0.036265051917245 0.019612092045425 1197.1777191594 0.42528514527776 6.5498540288079e-05 1.3867737125021e-05 0.21172589593642
6 8 1 11.435373991871 0.033856662637369 0.018311229052082 1197.177855361 0.42523274465635 5.7712134973307 0.020638180832413 0.014298816322169 97.949958842362
7 7 1 11.535429574283 0.021801142440792 0.011845837865971 1205.8815057585 0.42542665209583 51.0 8.2955216138596e-07 42.392156862745
8 10 1 11.635481179215 0.036174097964868 0.019606703288701 1200.5469905884 0.4251051383146 502.02374134214 0.018160256 0.12384552074667 4.48e-06 502.14758686288 0.018164736
9 19 1 11.735542200204 0.036401920359593 0.019699050853822 1198.340332687 0.42508104945575 0.49163818359375 13.505830976419 0.02520751953125 0.69247773969724 0.00019229754724067 0.0 0.0 0.00019229754724067 624.19915695497 0.022722048 15.672140215802 0.000570496 639.87129717077 0.023292544 3.0052535266221e-07
10 9 1 11.835623706441 0.019854283099541 0.010728591164534 1197.1740935244 0.43070861928242 0.00035256876135517 0.0 0.0 0.00035256876135517 0.0
11 7 1 11.935679846841 0.035459502988445 0.019410659069033 1212.5391663549 0.43053860863512 112079064.0 111192982.0 111202606.0
12 10 1 12.035737544357 0.036833911324142 0.02158977346275 1296.9347683314 0.43040347153436 46.0 4.1533652511026e-07 38.782608695652 2.0 1.8058109787403e-08 35.5
13 9 1 12.13579519024 0.024908583634958 0.014595631923201 1296.9335770903 0.0 0.4302744406263 0.3365478515625 13.511320294028 0.016357421875 0.65669819347108
14 10 1 12.23585493945 0.036576172226049 0.021436543544805 1296.9370031572 0.43052082522646 1.8285128248704 6.688e-05 0.50218486195006 1.8368e-05 3.4453031121243 0.000126016
15 19 1 12.335929129333 0.036353799278366 0.018215752765205 1110.2529172319 0.42531150893734 0.51202392578125 14.084468087107 0.02655029296875 0.73033062556821 9023.6700018097 9023.6700018097 1127.9587502262 0.0 856.03509448102 0.031120128 52.412898729237 0.001905408 908.44799321026 0.033025536 9.9330617374386
16 13 1 12.436006167131 0.018429713763279 0.0099561089477687 1197.170879912 0.42543300362773 203.0 0.24029541015625 13.038477604304 0.0302734375 1.6426428477864 0.0 0.0 0.01177978515625 0.63917352746527
17 9 1 12.536074888544 0.033162013941509 0.017936128919685 1197.1802326958 0.42552716758718 0.12671211886837 6.3074133102453e-06 4.9777506418288e-05 3613.0 3.8822290102072e-05
18 8 1 12.636133769068 0.02511045321931 0.013577368412601 1197.1761082706 0.42531683409437 0.11102125733973 0.00086900998536469 0.0078274197769663 9.0072840459726
19 5 1 12.736187567909 0.021625074393931 0.011725412876442 1201.7910007317 0.42548830645326 5.7519384232271
20 6 1 12.836248386899 0.034568629813613 0.018680256076485 1197.1830966734 0.42551439868145 1.0 8.0
21 7 1 12.936310946887 0.021098166489837 0.01140794680613 1197.1818363564 0.42545465779636 93.871046210067 6.1289537899328 1.0686715244386
22 7 1 13.036373758693 0.020699498133057 0.01118752908309 1197.1795518693 0.425621464155 3.794350988757e-06 4.6272573033622e-08 0.01219512195122
23 9 1 13.136434983494 0.03359800050295 0.01817119837243 1197.1779425398 0.42512737320159 9744.1548633603 9744.1548633603 1218.01935792 0.0 100.0
24 6 1 13.236494227253 0.021583447176707 0.011672635851433 1197.1759161958 0.42513332115621 0.0 0.0
25 13 1 13.336558423161 0.02147991945864 0.01161164298788 1197.1814404206 0.42531865056051 2.3511783428311 102550800.0 66867395.0 1309632.0 1207792.0 1.2770568342714 2.1639811683575 65.204167105474 31.354794891897
26 7 1 13.436625031283 0.034268175601704 0.018534140513105 1197.1783711784 0.42529577928103 66.589081843883 33.410918156117 2.164938984032
27 12 1 13.536690505312 0.021644561420895 0.011704523178477 1197.1767878148 0.42542772381575 1505815.0 0.3011658138616 0.25076121568719 88.316360243456 5.8268321282704 0.017548426401455 0.014611435080903 5.1460460531848
1 7 1 13.636755763753 0.021838951602949 0.011802180240579 1197.1800729202 0.42586808741274 76.753658600513 23.246341399487 1.0031374421914
2 10 1 13.736816646152 0.033630181770414 0.018189762363069 1197.1744726625 0.4251787415298 2.0857454913226 7.0144e-05 0.19030524555863 6.4e-06 2.2760507368812 7.6544e-05
3 5 1 13.836880768688 0.021731459991888 0.011748923580893 1197.1796005154 0.42529579477338 72.879344417873
4 6 1 13.936955925087 0.017975816311485 0.008901273632834 1097.4119812215 0.42563803116817 8910.2948775498 0.0
5 7 1 14.037015382621 0.033333954140935 0.018026765833088 1197.1752822082 0.42522910720279 5.5651149322835e-05 1.3301148187162e-05 0.23900940679593
6 8 1 14.137077817604 0.034962126811822 0.018924003791761 1198.623489928 0.4251492727529 6.2866723129978 0.019242328988109 0.013304490901107 97.937073946356
7 7 1 14.237133110152 0.02362696264273 0.012770878783884 1197.6351553096 0.42548943366042 48.0 7.2430894287351e-07 38.541666666667
8 10 1 14.337184724142 0.035929913641632 0.019445599934305 1198.2759664845 0.42530748897732 501.56135023712 0.018021056 0.20484324213549 7.36e-06 501.76619347926 0.018028416
9 19 1 14.437250126611 0.035759157356316 0.019336645414838 1197.5014447695 0.42522468506144 0.4755859375 13.299696431913 0.02349853515625 0.65713335809631 0.00019575405343727 0.0 0.0 0.00019575405343727 501.43105502549 0.017930752 0.14496985900269 5.184e-06 501.5760248845 0.017935936 3.90277931411e-07
10 9 1 14.537310866794 0.023928894256256 0.012941477002624 1198.2609125068 0.42524142343753 0.0002925333667756 0.0 0.0 0.0002925333667756 0.0
11 7 1 14.637367564278 0.035644465337252 0.019306002239308 1199.8161105638 0.42525485051726 112871563.0 111939598.0 111976846.0
12 10 1 14.737430885158 0.036247167295835 0.019617916504282 1198.4030121692 0.42514281865628 46.0 4.5149652350621e-07 38.0 2.0 1.9630283630705e-08 39.0
13 9 1 14.837496777678 0.021789598598853 0.011778821714835 1197.1757626053 0.0 0.42524856660541 0.277099609375 12.717058926895 0.01373291015625 0.63025071774258
14 10 1 14.93756316025 0.033124260940541 0.017913010437736 1197.178341793 0.4253708007967 1.9668967140716 6.5152e-05 0.51973989792264 1.7216e-05 3.7656991117146 0.000124736
15 19 1 15.037634927954 0.020791743792794 0.011238602702986 1197.1761395526 0.42527304891367 0.266845703125 12.834214666375 0.0130615234375 0.62820721377043 9734.9194957927 9734.9194957927 1216.8649369741 0.0 505.51142341618 0.010510464 0.23393901196905 4.864e-06 505.74536242815 0.010515328 19.248657959124
16 13 1 15.137698376557 0.02396327305672 0.012991084543724 1201.1184062951 0.42542720760452 203.0 0.319091796875 13.315868667845 0.03900146484375 1.6275516600523 0.0 0.0 0.0157470703125 0.65713353410561
17 9 1 15.237760355909 0.036545048057105 0.019780629963751 1198.3366275296 0.4252217699579 0.12672651502699 5.929352610694e-06 4.6788571511107e-05 3415.0 3.324916119133e-05
18 8 1 15.337821406791 0.036492656913817 0.019737140369014 1198.0729954823 0.42541090986207 0.11101925607141 0.00086862316697254 0.0078240766305787 9.0074464141319
19 5 1 15.437893303123 0.022683033448591 0.011236832266775 1097.4113981371 0.42530552865008 5.7521942771677
20 6 1 15.537956024347 0.032048253310031 0.017332007985246 1197.1784671544 0.42514504536279 1.0 8.0
21 7 1 15.638017110556 0.036863251922404 0.0215959969378 1296.9322277292 0.42508002378471 93.743409919358 6.2565900806416 1.0678437673713
22 7 1 15.738072492781 0.024773624673055 0.014514670133445 1296.9339133861 0.42529424737299 2.8510767501189e-06 3.5638459376486e-08 0.0125
23 9 1 15.838142046648 0.036151646170588 0.019551711520005 1197.1769977065 0.42521956291237 9741.7773547065 9741.7773547065 1217.7221693383 0.0 100.0
24 6 1 15.938205520613 0.02131836273851 0.011523700905753 1197.1828013779 0.42534572391012 0.0 0.0
25 13 1 16.038262656517 0.022000784599899 0.011935161332198 1203.5958186464 0.42522819985882 2.3516784642505 105408024.0 68746084.0 1300075.0 1247624.0 1.2333738463781 2.1731097055761 65.219023553653 31.374492894393
26 7 1 16.138321505336 0.036564198116932 0.019903867088975 1206.6564402625 0.42532678768042 66.615184703545 33.384815296455 1.890558313472
27 12 1 16.238384385986 0.036203885135169 0.019858412305515 1217.6042972581 0.42553392428203 2763932.0 0.17272494402901 0.14454045902721 87.851401554018 6.3037276861309 0.010888110117611 0.009111436933359 5.5379131224146
1 7 1 16.338446538351 0.024482601917696 0.013416275928112 1220.038783108 0.42545560542374 76.781633340749 23.218366659251 1.0063674681725
2 10 1 16.438501738505 0.036293932356082 0.019759176389325 1209.252930488 0.42530626088079 1.9238477471924 6.9824e-05 0.17810139547794 6.464e-06 2.1019491426703 7.6288e-05
3 5 1 16.538559394352 0.036600655787236 0.019822969159926 1199.2110945159 0.42544946729748 72.928493620043
4 6 1 16.638613387041 0.024191594561372 0.013168663507749 1210.4425137083 0.42562345606154 9795.7137715258 0.0
5 7 1 16.738666482056 0.036390650982823 0.019988174545727 1220.1292392172 0.42541128136088 5.3595123275628e-05 1.2492676216765e-05 0.23309352517986
6 8 1 16.83873602777 0.02223174205716 0.012004657633932 1197.1775905049 0.42538354204592 6.2848963622537 0.030865351498101 0.022987726033239 97.910950310632
7 7 1 16.938798893927 0.021367507402709 0.011040326528944 1145.42509302 0.42558092996982 46.0 8.0310565846598e-07 45.913043478261
8 10 1 17.038873601036 0.016633484167478 0.0082315804333259 1098.0357471991 0.42567927023615 522.23141661347 0.008686528 504.57065492084 0.008392768 1026.8020715343 0.017079296
9 19 1 17.138940627649 0.02086398882243 0.011274532276943 1197.1768408324 0.42518073447309 0.2779541015625 13.322193753463 0.0137939453125 0.66113653673311 0.00033550631471171 0.0 0.0 0.00033550631471171 504.25487137384 0.010520768 0.088957102872134 1.856e-06 504.34382847672 0.010522624 6.652333106267e-07
10 9 1 17.239007288309 0.033287377492421 0.018000622799331 1197.1795985649 0.4253196484934 0.00021028992150534 0.0 0.0 0.00021028992150534 0.0
11 7 1 17.339070240519 0.033536802016977 0.018137069579843 1197.1770701469 0.42534834013309 106005716.0 105122694.0 105173669.0
12 10 1 17.439134071379 0.021800136068508 0.011783059620085 1197.1839703338 0.4253332289844 49.0 8.0109114499516e-07 36.632653061224 4.0 6.5395195509809e-08 25.5
13 9 1 17.539198327072 0.033339430762746 0.018030731537734 1197.1745736577 0.0 0.42533759901009 0.43621826171875 13.084154460315 0.02154541015625 0.6462440918555
14 10 1 17.639265239551 0.033867314241053 0.018306691771458 1197.1781124623 0.42524722683849 2.1278333288279 7.2064e-05 0.58770529774908 1.9904e-05 3.9589794173129 0.00013408
15 19 1 17.73933238664 0.021646308758552 0.011727459589473 1201.7799434357 0.42540633515219 0.2923583984375 13.506154869106 0.014404296875 0.66543894553426 9754.311571324 9754.311571324 1219.2889464155 0.0 502.02591680702 0.010867008 1.3127411383141 2.8416e-05 503.33865794533 0.010895424 19.379221955933
16 13 1 17.8394043962 0.033441669490929 0.018085363240738 1197.1746894354 0.42529098682548 203.0 0.43914794921875 13.13175914671 0.05511474609375 1.6480859637914 0.0 0.0 0.02154541015625 0.64426837787193
17 9 1 17.939468275069 0.033416053647694 0.018095843190465 1199.1627305503 0.42536630392969 0.12672400262201 6.4303677566711e-06 5.0743092260519e-05 3860.0 4.1094734338991e-05
18 8 1 18.039525978019 0.023805401235288 0.013200698031459 1237.6341642964 0.4257775588866 0.11102144519946 0.00086939997815763 0.0078309193020832 9.0072688047197
19 5 1 18.139579298585 0.036283544347658 0.019724014502597 1206.5812450324 0.42539378636795 5.7795287071412
20 6 1 18.239631196099 0.036327449716363 0.019973049522126 1222.5536717486 0.42549707051858 13.0 8.0
21 7 1 18.339695508858 0.024241780925056 0.013340689760609 1225.8062254112 0.42577628572728 93.680514633034 6.3194853669661 1.0811648399506
22 7 1 18.439753549681 0.036026523569296 0.019639019524185 1210.8116021638 0.42540525380174 2.3008492873813e-06 2.6345602527267e-08 0.011450381679389
23 9 1 18.551843301074 0.044945946777629 0.02227562478 1097.4069324348 0.42550245776984 8921.4312913214 8921.4312913214 1115.1789114152 0.0 100.0
24 6 1 18.65190615002 0.020560156786715 0.011110760360215 1197.1725420887 0.42514605207929 0.0 0.0
25 13 1 18.751963093888 0.036158138222941 0.019990902892551 1229.9876326394 0.42545515923669 2.3504239595874 176554092.0 115088248.0 2252469.0 2079996.0 1.275795408922 2.1634480156937 65.185828714749 31.374927860635
26 7 1 18.852030734651 0.02050726019272 0.011087183983405 1197.171258955 0.42533321870523 66.620544155489 33.379455844511 2.5462054339318
27 12 1 18.952096283863 0.021092886432189 0.01143127906293 1201.7891530498 0.42545541501765 1578873.0 0.29033367471608 0.23985463048643 88.094482583463 6.2555713830588 0.018162030270922 0.015004277625651 5.5108132425448
1 7 1 19.052156568416 0.035851766252134 0.019634907528698 1217.6247362666 0.42539099460449 76.794881259282 23.205118740718 1.0050312843384
2 10 1 19.152212455186 0.035998924873738 0.019572931844328 1206.8606446034 0.4253640726171 2.0071710545087 7.2256e-05 0.17778308720183 6.4e-06 2.1849541417105 7.8656e-05
3 5 1 19.252266340987 0.023738923597493 0.012956261435785 1210.6577366637 0.42557002704178 72.891231315437
4 6 1 19.352326452527 0.035939748190591 0.019555367432282 1206.7015692715 0.42534588932901 9798.1338692906 0.0
5 7 1 19.452379310216 0.036929144396836 0.020016204867202 1200.9238170361 0.42536152669279 5.2291462312408e-05 1.1780738058234e-05 0.22528989508559
6 8 1 19.552435759504 0.024414829855063 0.013495049696038 1231.2529317869 0.42565971966468 6.3036204264238 0.027282065580931 0.019861639083276 97.859537535259
7 7 1 19.652490601856 0.036726477685921 0.02018529579208 1220.5925196456 0.42522346312002 40.0 3.8164247778478e-07 42.475
8 10 1 19.752560364063 0.020754344063826 0.011220300495957 1197.1735340776 0.42562092431683 522.11527218955 0.01083616 1.9858975004581 4.1216e-05 524.10116969001 0.010877376
9 19 1 19.852629701438 0.021265478826075 0.011494987591747 1197.1760160358 0.42524287809038 0.2762451171875 12.990307880996 0.0137939453125 0.64865434845448 0.00032917199077676 0.0 0.0 0.00032917199077676 507.7780795963 0.010798144 0.40629228575874 8.64e-06 508.18437188206 0.010806784 6.477412706685e-07
10 9 1 19.952696300502 0.03340747457307 0.0180687141655 1197.1763183462 0.42534168979548 0.00020953394680251 0.0 0.0 0.00020953394680251 0.0
11 7 1 20.052770266645 0.020471427542107 0.0097656550310293 1058.4720375004 0.42536206072487 57083729.0 56618870.0 56628803.0
12 10 1 20.152841508971 0.017394720106035 0.0091884457234007 1174.0901316859 0.42582413522903 52.0 1.0914558568655e-06 36.788461538462 1.0 2.0989535708951e-08 57.0
13 9 1 20.252907028291 0.033458041383522 0.018124045618811 1200.111606896 0.0 0.42522536981835 0.44757080078125 13.37707714719 0.02215576171875 0.66219541857766
14 10 1 20.3529700738 0.036893069890777 0.020201670855062 1215.122221869 0.42549221251069 1.755560060243 6.4768e-05 0.49613653876432 1.8304e-05 3.4313219359295 0.000126592
15 19 1 20.453032756074 0.02452232237195 0.013322067344217 1206.4632054539 0.42550574251677 0.33209228515625 13.542448391271 0.01641845703125 0.66953108201653 9778.8852280277 9778.8852280277 1222.3606535035 0.0 511.99326921667 0.012555264 0.81949823899985 2.0096e-05 512.81276745567 0.01257536 19.069114204285
16 13 1 20.55309660958 0.03675178554844 0.020275118821146 1228.1544047585 0.4254270554339 203.0 0.4912109375 13.365634626175 0.0589599609375 1.6042747327144 0.0 0.0 0.024169921875 0.65765299601957
17 9 1 20.653164048344 0.036584830107503 0.019984569812598 1211.4713616776 0.42545695614092 0.12653872632027 6.0552918728784e-06 4.7853270290968e-05 3739.0 3.6052127886453e-05
18 8 1 20.753217570003 0.023801041496489 0.013022418864216 1219.6355805696 0.42556354625161 0.11102153621946 0.00086946256367484 0.00783147660609 9.0072614201924
19 5 1 20.853272839 0.034392201248148 0.01914796374596 1241.7177556389 0.42574401250952 5.8378880125455
20 6 1 20.953328779213 0.036858540723257 0.021598880633721 1296.9275526381 0.42518368338266 1.0 8.0
21 7 1 21.053386183241 0.024710821064051 0.014477923957675 1296.9287965789 0.42502092213877 94.461042332493 5.5389576675074 1.0780678040405
22 7 1 21.153442813694 0.036683259838876 0.021501281091547 1296.9295731112 0.42533147095368 1.7724453070095e-06 2.4060343534066e-08 0.013574660633484
23 9 1 21.253502754939 0.036570397587603 0.021432426567277 1296.9307730752 0.42521527568667 10556.729198123 10556.729198123 1319.5911497653 0.0 100.0
24 6 1 21.35355709637 0.024512106470398 0.014361035311439 1296.9294085401 0.42536009329863 0.0 0.0
25 13 1 21.453613035678 0.037048364638267 0.021713584881429 1296.931177562 0.42528051791911 2.3513891604839 191768340.0 125051824.0 2417963.0 2254880.0 1.2608770561397 2.1594497819609 65.20983807859 31.369835083309
26 7 1 21.553678069475 0.036960666223235 0.021254441793367 1273.2442861756 0.42530244131388 66.619742673861 33.380257326139 2.114310483195
27 12 1 21.653760285878 0.019064866925366 0.009458244984044 1102.5019321027 0.42559732540162 1350583.0 0.42041103730759 0.36080714772806 88.126905195756 6.4673346407033 0.027189388649134 0.02333460565115 5.6994618675049
1 7 1 21.753828261797 0.03348824885692 0.017561339485483 1163.2160059963 0.42552154110414 76.777186824024 23.222813175976 1.0061471609185
2 10 1 21.853929322091 0.018889105953396 0.010212879718251 1197.1710840849 0.42552587460298 4.1911988950311 7.9168e-05 0.59971075539248 1.1328e-05 4.7909096504236 9.0496e-05
3 5 1 21.953987789558 0.021590070573777 0.011670308785367 1197.1712828279 0.42551576295838 72.878283184879
4 6 1 22.054046910126 0.033896173845901 0.018335099822224 1197.1698178959 0.42511830292016 9745.7685195331 0.0
5 7 1 22.154109810703 0.022401078007875 0.012111801407948 1197.1716165978 0.42546215685519 7.0926229577705e-05 1.8980482702154e-05 0.2676087931808
6 8 1 22.254172957665 0.021682448484058 0.011721205769264 1197.1753893944 0.42538632708356 6.7692759012917 0.03063802321264 0.022330323640541 97.932437691191
7 7 1 22.354235605518 0.033491479031147 0.018112865012953 1197.1721026193 0.42507183619568 48.0 5.1018892997587e-07 40.395833333333
8 10 1 22.454294662677 0.021254085351192 0.011491764664124 1197.1815443234 0.42538958672205 516.80981884192 0.01098432 1.4754810419655 3.136e-05 518.28529988388 0.01101568
9 19 1 22.55436056969 0.021060700635596 0.011383829198501 1197.1688316793 0.42534602523785 0.277587890625 13.180373028798 0.01373291015625 0.65206330947219 0.00033237260816332 0.0 0.0 0.00033237260816332 505.35830617197 0.0106432 0.033427188020996 7.04e-07 505.39173335999 0.010643904 6.5765343242479e-07
10 9 1 22.654426680514 0.034247999241429 0.018516504087921 1197.1760179739 0.42522211175413 0.00020439150184085 0.0 0.0 0.00020439150184085 0.0
11 7 1 22.754492381904 0.021776901640876 0.011773186573537 1197.1747995854 0.42544859633705 68799010.0 68228388.0 68254788.0
12 10 1 22.854557679297 0.02079781554205 0.011240817899585 1197.1762541985 0.4251094360805 54.0 9.2493498306564e-07 34.981481481481 2.0 3.4256851224653e-08 41.0
13 9 1 22.954623127056 0.033280265855332 0.018000141805917 1197.1776610907 0.0 0.42505921226273 0.43701171875 13.131256843009 0.0216064453125 0.64922694447281
14 10 1 23.054689289512 0.021810773178982 0.011831184777528 1201.9860093133 0.42551329357598 2.3415951181967 5.1072e-05 0.58686594441019 1.28e-05 4.7565484794446 0.000103744
15 19 1 23.154769718721 0.019939929819501 0.0098758111282058 1097.4065793593 0.42577761158547 0.267333984375 13.406967165629 0.0135498046875 0.67953121250449 8909.2301531704 8909.2301531704 1113.6537691463 0.0 605.42158920708 0.012072064 20.994256438686 0.000418624 626.41584564577 0.012490688 14.222549150215
16 13 1 23.254844746492 0.01924654837371 0.010404752610854 1197.1726276092 0.42565826061685 203.0 0.25048828125 13.01471185307 0.02935791015625 1.5253597469119 0.0 0.0 0.012451171875 0.64693012135141
17 9 1 23.354919641107 0.025747728730869 0.013920696257809 1197.1764242713 0.42533139073861 0.12673812885252 9.6452584642817e-06 7.6103841453315e-05 3480.0 4.8157101084218e-05
18 8 1 23.454979316946 0.021462697901598 0.011601694304891 1197.1759839796 0.42548000584476 0.11102235040646 0.00086943928391583 0.0078312094882949 9.0071953650682
19 5 1 23.555037213743 0.034042069746564 0.018412929719835 1197.1725742529 0.42531793284599 5.750691521347
20 6 1 23.65508194074 0.023217933452296 0.012554242429972 1197.1740331226 0.42532964900096 1.0 8.0
21 7 1 23.755144586781 0.02223856473587 0.012018558887096 1197.1737372375 0.42543899294243 94.11295357102 5.8870464289798 1.0719547282605
22 7 1 23.855208712035 0.033388600790063 0.018057172135213 1197.1705274149 0.42523832140584 2.5778753220339e-06 2.864305913371e-08 0.011111111111111
23 9 1 23.955269840818 0.02160296137844 0.011675881877609 1197.1751600857 0.42511280987436 9737.6153349947 9737.6153349947 1217.2019168743 0.0 100.0
24 6 1 24.055328831852 0.034929252587744 0.018893218401606 1197.1715726838 0.4251301651131 0.0 0.0
25 13 1 24.155386770317 0.034818567941306 0.018840083122556 1198.2725043186 0.42557678044772 2.3497522560981 166390372.0 108427964.0 2100215.0 1955524.0 1.2622214703625 2.1523679266731 65.164806530993 31.420604071971
26 7 1 24.255454653841 0.022806618863775 0.012327725782907 1197.1741302657 0.4258284802139 66.544560937215 33.455439062785 2.0179699516879
27 12 1 24.355515920309 0.035444274247808 0.019203539319281 1199.6475428692 0.42532298305095 2494629.0 0.18615994602805 0.1536901879999 87.635035109429 5.8835479999931 0.010952809781321 0.0090424359822537 5.1560493554741
1 7 1 24.455575409548 0.034944904348954 0.018908066695474 1198.1238989852 0.42523851110963 76.836054084586 23.163945915414 1.0023578329745
2 10 1 24.555635278327 0.021776705982538 0.011770569190354 1197.1751463272 0.42525040443102 3.2151786434616 7.0016e-05 0.26156389329806 5.696e-06 3.4767425367597 7.5712e-05
3 5 1 24.655690184993 0.034648047170656 0.017868016719526 1142.9247394549 0.42531273791304 72.921279732076
4 6 1 24.755759679076 0.016894456157276 0.0091288731944499 1197.1775401426 0.42639286671159 9705.8470822325 0.0
5 7 1 24.855821324179 0.020987932944567 0.01132668247061 1197.1774088993 0.42573958650029 0.00010132552064541 2.1773410770409e-05 0.21488575268817
6 8 1 24.955885734768 0.033403442743152 0.018065065046915 1197.1695583406 0.42525735291844 6.2716378539686 0.022378551169074 0.015446364973411 97.946260238482
7 7 1 25.05594150378 0.033965534726703 0.01840651919179 1200.1412699345 0.4256346321478 49.0 5.1318739749998e-07 39.163265306122
8 10 1 25.156006999548 0.021973848062883 0.01191210897552 1201.426594787 0.42540441801563 503.94450568287 0.0110736 0.017475318792644 3.84e-07 503.96198100167 0.011073984
9 19 1 25.2560759601 0.035503784274791 0.019202883954431 1197.1761858951 0.42548420309827 0.47686767578125 13.431460491378 0.02362060546875 0.66529824781303 0.0001971620812537 0.0 0.0 0.0001971620812537 502.69435680051 0.017847552 0.65074753218363 2.3104e-05 503.34510433269 0.017870656 3.9170358379681e-07
10 9 1 25.356137473858 0.03445095943985 0.018638730311732 1197.9876255596 0.4251507635137 0.00020318737456998 0.0 0.0 0.00020318737456998 0.0
11 7 1 25.456199983119 0.022114773698267 0.011952910532674 1197.1721708582 0.42538848185903 69861790.0 69272041.0 69306722.0
12 10 1 25.556264494255 0.03348505038659 0.018107400619788 1197.1663332878 0.42520742856393 51.0 5.424122912412e-07 36.039215686275 1.0 1.0635535122376e-08 59.0
13 9 1 25.656324337671 0.035145583678418 0.019026968539192 1199.4018396114 0.0 0.42526917821961 0.470947265625 13.399898830367 0.02294921875 0.65297588908995
14 10 1 25.756390890537 0.022384693433723 0.012442042337242 1236.8158549621 0.42631824290705 3.3765930377287 7.5584e-05 0.80626523000804 1.8048e-05 6.4787128056674 0.000145024
15 19 1 25.856459553072 0.033556510065397 0.018147019168658 1197.1716777811 0.42537428320579 0.44793701171875 13.348736529686 0.022216796875 0.66207114004712 9737.5661343564 9737.5661343564 1217.1957667946 0.0 495.68158213068 0.016633344 0.059124145989361 1.984e-06 495.74070627667 0.016635328 19.642458267129
16 13 1 25.956522723586 0.035326314009841 0.019135394509399 1199.4858033383 0.42514723106816 203.0 0.464111328125 13.137836231533 0.05633544921875 1.5947163126913 0.0 0.0 0.02294921875 0.64963524764024
17 9 1 26.056585732862 0.021701687314797 0.011727619920611 1197.7497104724 0.42525509990833 0.12678114934764 9.9523785256773e-06 7.850045986243e-05 3423.0 5.621615790989e-05
18 8 1 26.156647943201 0.035096801344474 0.018985343586532 1197.1653082569 0.42530480470654 0.11101942813892 0.00086865295632689 0.0078243328297454 9.0074324536126
19 5 1 26.256719890259 0.018961063836305 0.0096969264165231 1135.8232909849 0.42636156317114 5.7573539471884
20 6 1 26.356777486322 0.021896624615537 0.012257790155738 1247.7574593016 0.42562548244745 10.0 8.0
21 7 1 26.456834515338 0.036877271385813 0.021612889680135 1296.9295627221 0.42516883485166 93.819679341619 6.1803206583806 1.0673603294838
22 7 1 26.556890732734 0.037191222399738 0.021737977407139 1294.1620209069 0.42528648989031 1.927452848138e-06 2.3795714174543e-08 0.012345679012346
23 9 1 26.656951060767 0.028262268094036 0.015897306989229 1249.9009768647 0.42525748383986 10131.050453818 10131.050453818 1266.3813067272 0.0 100.0
24 6 1 26.75700750009 0.036827109479421 0.021584296388026 1296.9306857832 0.42552868048551 0.0 0.0
25 13 1 26.857070646146 0.03540184628072 0.019413488415415 1219.3411931414 0.42561887371386 2.3495198680317 171454528.0 111720570.0 2134983.0 2025084.0 1.2452182073605 2.163079647567 65.16046633659 31.431235808482
26 7 1 26.957130778521 0.024660086675856 0.01367308293162 1235.8501017597 0.42561353205908 66.543334287826 33.456665712174 1.9070851861171
27 12 1 27.057189194356 0.036159876502341 0.020030720270148 1235.916111139 0.42568304484591 3042029.0 0.15108337231499 0.12238542104628 87.879504107292 6.878304485618 0.010391974374965 0.0084180419055688 6.0446198729507
1 7 1 27.157252613972 0.036587664435927 0.020800286634183 1264.2106962985 0.42549010948006 76.784614898306 23.215385101694 1.0050260202504
2 10 1 27.257311390325 0.024669292581821 0.01426490954758 1283.9746731027 0.42587923215919 3.7980821577772 9.3696e-05 0.55258982213561 1.3632e-05 4.3506719799128 0.000107328
3 5 1 27.357366500802 0.035038802234657 0.01976007043923 1256.0832306534 0.42565357041253 72.928433933396
4 6 1 27.457423329631 0.036166123981771 0.020095521677598 1238.6985113741 0.42558649833387 10000.110163375 0.0
5 7 1 27.557476493488 0.023548931198914 0.013041181230669 1236.2003025234 0.42561333380535 7.2029320796615e-05 1.8565324629704e-05 0.25774676790478
6 8 1 27.657538834266 0.027271314773518 0.0147477155188 1197.1709227222 0.42525629772341 7.0401631598618 0.025259559246027 0.017569597379517 97.932211020661
7 7 1 27.757615808656 0.035293268584717 0.017497306671087 1099.4360916182 0.4257949442287 42.0 4.6290641612761e-07 50.142857142857
8 10 1 27.857684030054 0.017791514309568 0.0096127724972165 1197.1747913111 0.42553762729965 494.67897149523 0.008801088 0.3633192704976 6.464e-06 495.04229076573 0.008807552
9 19 1 27.957749875471 0.033179449273402 0.017945323955743 1197.1756861594 0.42523151125837 0.44183349609375 13.316480706265 0.02166748046875 0.65303918368892 0.00021097396591243 0.0 0.0 0.00021097396591243 511.77895871866 0.016980544 1.7495166818979 5.8048e-05 513.52847540055 0.017038592 4.108320687531e-07
10 9 1 28.057820009972 0.021999047226324 0.011894376985731 1197.1772104634 0.42538341950809 0.00031819559856318 0.0 0.0 0.00031819559856318 0.0
11 7 1 28.157881245642 0.021966472830533 0.011875360535186 1197.1710756856 0.42518937611074 69442705.0 68871245.0 68889095.0
12 10 1 28.257944104552 0.035309545365618 0.019107384116088 1198.3551669338 0.42550703566948 45.0 4.5387121281287e-07 42.133333333333 2.0 2.0172053902794e-08 36.5
13 9 1 28.370029919226 0.034792888690276 0.018827393411184 1197.169395288 0.0 0.42534899003344 0.4652099609375 13.370834628845 0.0228271484375 0.65608661128156
14 10 1 28.470095731127 0.023473203269698 0.012689661098385 1197.1736641755 0.42537526709795 2.415690749511 5.6704e-05 0.6080124572697 1.4272e-05 4.621439977902 0.00010848
15 19 1 28.570162450666 0.034398741309259 0.01860664415596 1197.1756163102 0.4251583020201 0.46649169921875 13.561301415793 0.02294921875 0.66715286305615 9744.7009757236 9744.7009757236 1218.0876219654 0.0 511.42522459869 0.017592384 1.5237766849885 5.2416e-05 512.94900128368 0.0176448 18.99740705477
16 13 1 28.670237059946 0.02200368595942 0.011953355745975 1206.0985778336 0.42569602047714 203.0 0.2913818359375 13.242410225036 0.03466796875 1.5755527875619 0.0 0.0 0.014404296875 0.65463108778979
17 9 1 28.770301698803 0.0247165993258 0.013640185608989 1227.4288709166 0.4261500196855 0.12645136685732 1.1206810480609e-05 8.8625459408868e-05 3767.0 5.3303099849059e-05
18 8 1 28.870362661819 0.033859552221156 0.018300676183392 1197.173297596 0.42525930805628 0.11101968715368 0.00086870241921431 0.0078247601077441 9.0074114387999
19 5 1 28.970425230865 0.021582845708483 0.011667764321148 1197.1721592295 0.42509666466199 5.7517667342415
20 6 1 29.070483062442 0.02149179120946 0.011617504132675 1197.1684518238 0.4254805736894 1.0 8.0
21 7 1 29.170546133315 0.034642622180906 0.018739180940104 1197.1702220664 0.42540699248548 93.852290504889 6.1477094951111 1.06446055148
22 7 1 29.270612490523 0.035686680435316 0.018858360872292 1171.1900883917 0.4256194629626 3.2483110635379e-06 4.575086004983e-08 0.014084507042254
23 9 1 29.370689085373 0.017176441490238 0.0083756655885362 1085.6910598034 0.42588470413291 8769.2054309154 8769.2054309154 1096.1506788644 0.0 100.0
24 6 1 29.482767021176 0.031493007556657 0.017044482169767 1197.1701153689 0.42509027753155 0.0 0.0
25 13 1 29.582827500482 0.022132254321442 0.012075912143232 1211.2798048376 0.42546026348888 2.3503957615213 106651096.0 69519218.0 1367428.0 1256764.0 1.2821509119794 2.1667391022404 65.183782077589 31.367327908191
26 7 1 29.682886118316 0.024851375310923 0.014560690152103 1296.9257031769 0.42515943450195 66.651186657771 33.348813342229 2.1851254306791
27 12 1 29.782947745303 0.036952422304098 0.020827508506276 1254.008795081 0.4257969072099 2857859.0 0.23458120222166 0.18846276180875 87.308191201875 6.2146702593785 0.014578448208562 0.011712339208132 5.4259161926243
1 7 1 29.883013219331 0.036269190634588 0.020399553900777 1250.2848836955 0.42537133888561 76.803123542701 23.196876457299 1.0047402656152
2 10 1 29.983072796434 0.022155506865586 0.011977140009769 1197.1708915642 0.42553636712033 3.0995454275374 6.8672e-05 0.24264847708587 5.376e-06 3.3421939046233 7.4048e-05
3 5 1 30.083125636912 0.035802239329515 0.019399509714159 1199.5006286546 0.42517045349812 72.927243236886
4 6 1 30.183189116313 0.023049280494113 0.012463367284427 1197.1712858909 0.42523795254855 9739.3193708298 0.0
5 7 1 30.283243397959 0.022774434878834 0.012334684788376 1200.0382491868 0.42519230753018 7.6922699821584e-05 1.945315282681e-05 0.252892226507
6 8 1 30.383282555035 0.034324623938028 0.018565473927771 1197.170878999 0.42551001093015 6.2996015615518 0.020719043259816 0.014185945667706 97.943006164117
7 7 1 30.483342562406 0.022202802739656 0.012002117698842 1197.1766420086 0.42528631851 46.0 7.3823728419579e-07 43.347826086957
8 10 1 30.583391150033 0.033923619456926 0.018445302569421 1205.5493314923 0.42544153643374 499.3561498209 0.016939968 0.015092729142599 5.12e-07 499.37124255004 0.01694048
9 19 1 30.683450507926 0.036255692926746 0.020780923705332 1274.7707226747 0.42545593787095 0.48345947265625 13.334718871132 0.0235595703125 0.64981712968779 0.00019307312686433 0.0 0.0 0.00019307312686433 501.34758248106 0.018176704 0.0088262000852267 3.2e-07 501.35640868115 0.018177024 3.8510154357501e-07
10 9 1 30.783513160307 0.036670361787607 0.020087092970031 1214.2621055528 0.42564303947121 0.00019088985378829 0.0 0.0 0.00019088985378829 0.0
11 7 1 30.883591215348 0.031312471977746 0.015515419052409 1097.4057653167 0.42556544096609 90639422.0 89893328.0 89925700.0
12 10 1 30.983658650489 0.019917388348483 0.0107676902224 1197.1755529369 0.42536997972836 51.0 9.1249201569486e-07 37.372549019608 2.0 3.5784000615485e-08 36.5
13 9 1 31.083717122485 0.021205523132878 0.011481380731916 1200.1510939714 0.0 0.42518253809861 0.27752685546875 13.087479791454 0.01373291015625 0.6476100622558
14 10 1 31.183777818283 0.034687885382244 0.018756065530008 1197.4418819862 0.4251683436989 1.9704862157723 6.8352e-05 0.5110717994091 1.7728e-05 3.6420784549948 0.000126336
15 19 1 31.283841361091 0.035758045908257 0.019332849099586 1197.4664719226 0.42575394917398 0.47613525390625 13.315471855701 0.02362060546875 0.66056756930601 9726.5263569587 9726.5263569587 1215.8157946198 0.0 509.23767050132 0.018209344 1.8184438871976 6.5024e-05 511.05611438852 0.018274368 19.032208172671
16 13 1 31.383905751752 0.022202629726959 0.012015647563493 1199.3186337138 0.42520981918627 203.0 0.2911376953125 13.112757312661 0.03424072265625 1.5421922122438 0.0 0.0 0.01446533203125 0.65151435704418
17 9 1 31.483975471385 0.03373102009216 0.018241649867301 1197.1724197103 0.4254347357025 0.12671440332923 6.4961876198698e-06 5.1266371061159e-05 3684.0 3.8913748279025e-05
18 8 1 31.584035178021 0.034171597377937 0.019168269639302 1243.8916176482 0.42521373989699 0.1110193792213 0.00086860851887197 0.0078239360097709 9.0074364224882
19 5 1 31.684089825622 0.024140400919578 0.013865623417718 1272.6030387408 0.4255566295135 5.7742717672208
20 6 1 31.784176458831 0.02988935105668 0.014423742450013 1070.6538286992 0.42617551548221 3.0 8.0
21 7 1 31.88424227979 0.033258159180621 0.017986385484856 1197.1733408355 0.42533009770181 94.144616954662 5.8553830453381 1.0682645943284
22 7 1 31.984304626909 0.021238357500628 0.01147730904567 1197.1725357045 0.42561779377341 3.3677499841347e-06 4.5103794430376e-08 0.013392857142857
23 9 1 32.084365894283 0.034679480226143 0.018754664217745 1197.1706756803 0.42529593063455 9739.5577383936 9739.5577383936 1217.4447172992 0.0 100.0
24 6 1 32.184425497655 0.034295696396258 0.018548910000143 1197.1721251299 0.42515652865414 0.0 0.0
25 13 1 32.284490012414 0.02166396330025 0.011708466690395 1197.1688067954 0.42515917352407 2.3520602688898 103405920.0 67450431.0 1322756.0 1218152.0 1.2791878840206 2.1592148689359 65.228790576013 31.33280667103
26 7 1 32.384559165 0.035766295262348 0.0173471914346 1076.194290543 0.42558476388138 66.557969291107 33.442030708893 1.9451997798783
27 12 1 32.484631837625 0.017662810979527 0.0092615571752594 1163.4949469785 0.42573807268151 1264584.0 0.39949896566776 0.33489273943052 87.827617619707 6.1841253459726 0.024705516792758 0.020710186780945 5.4313699619842
1 7 1 32.584690793332 0.022697046571221 0.01232978563041 1204.5288043219 0.42549804885499 76.795360352519 23.204639647481 1.0038245107458
2 10 1 32.684745699998 0.036897947761841 0.021378651775327 1286.12883272 0.4253169314485 1.9634696343444 7.2448e-05 0.16477881206954 6.08e-06 2.1282484464139 7.8528e-05
3 5 1 32.784799982551 0.037071428770678 0.020423971336692 1219.9615785661 0.42569334184115 72.930892850208
4 6 1 32.884858668321 0.021830422348736 0.011800990438602 1197.1739713825 0.42521777511124 9737.0088679163 0.0
5 7 1 32.984916664759 0.033780767130409 0.018267221777993 1197.1721997209 0.42508593938113 6.0306858411701e-05 1.3290274109954e-05 0.22037749038798
6 8 1 33.084978970209 0.034509907854937 0.018665217559232 1197.1778485946 0.4253379824937 6.0043431564324 0.020045374711167 0.014129550531791 97.93990279704
7 7 1 33.185039286466 0.022054615100127 0.011920972026481 1197.1707031859 0.42529064401938 49.0 7.9174413169348e-07 39.489795918367
8 10 1 33.285094821776 0.034895219812675 0.018899748045722 1200.0507409067 0.42541799519326 503.50139916925 0.017569792 0.54655050469327 1.9072e-05 504.04794967394 0.017588864
9 19 1 33.385156862725 0.03551052814667 0.01922650199922 1198.8771253266 0.42524115238658 0.460693359375 12.97343023095 0.0228271484375 0.64282762405606 0.00019712463782819 0.0 0.0 0.00019712463782819 501.03811259896 0.017792128 0.11174150898603 3.968e-06 501.14985410795 0.017796096 3.9334469762357e-07
10 9 1 33.485222265193 0.02299737215589 0.012431726794869 1197.1724668015 0.4253885493958 0.00030438260304481 0.0 0.0 0.00030438260304481 0.0
11 7 1 33.585283760835 0.033221702416142 0.0179674958499 1197.1747210271 0.42506879311671 105084198.0 104267007.0 104258651.0
12 10 1 33.685341347839 0.026518642510549 0.014418172528161 1206.3539800162 0.42531598236965 49.0 6.5465453092146e-07 35.632653061224 2.0 2.6720593098835e-08 40.5
13 9 1 33.785407388915 0.02414385664439 0.013053248186914 1197.1796680685 0.0 0.42534067017771 0.318359375 13.185937097335 0.0157470703125 0.6522185144004
14 10 1 33.885474531474 0.033447791060595 0.01808869849074 1197.1741256034 0.42522462907209 1.9076895058452 6.3808e-05 0.54724092143603 1.8304e-05 3.6833523558195 0.0001232
15 19 1 33.985564909366 0.017373518351137 0.0085996146728284 1097.4076552067 0.4254235464925 0.2359619140625 13.581699992682 0.0130615234375 0.75180646622711 8911.2202186651 8911.2202186651 1113.9025273331 0.0 531.94705949675 0.009241792 485.85207839883 0.00844096 1017.7991378956 0.017682752 8.7553819676937
16 13 1 34.085635028468 0.020577670925438 0.011121960441324 1197.1767553336 0.42546464786227 202.0 0.27825927734375 13.52238930985 0.0322265625 1.5660937827595 0.0 0.0 0.0137939453125 0.67033559640843
17 9 1 34.185703773433 0.033322497258257 0.018023786572562 1197.1724815668 0.42526175516269 0.12673702686247 6.6575272246913e-06 5.2530246207493e-05 3515.0 3.7562131933852e-05
18 8 1 34.285767769154 0.021515610800454 0.011631760016576 1197.1730770462 0.42526349384542 0.11102232682783 0.00086931728265979 0.007830112262085 9.0071972779923
19 5 1 34.385821004572 0.022038898119471 0.01192631005697 1199.2636996036 0.4254416448346 5.7498979856809
20 6 1 34.485878954812 0.033438905816906 0.01808587593805 1197.1742298844 0.42519078099371 1.0 8.0
21 7 1 34.585947290344 0.021758289641479 0.01176330899786 1197.1720505896 0.42555957271162 93.976471637306 6.0235283626941 1.0680057371179
22 7 1 34.686010628435 0.029345895529818 0.015868226362926 1197.1718873306 0.42516257071817 2.3572295066649e-06 3.2588426359422e-08 0.013824884792627
23 9 1 34.786073751846 0.033689805025601 0.018216488295624 1197.1743659789 0.4255988654348 9731.030967703 9731.030967703 1216.3788709629 0.0 100.0
24 6 1 34.886138425125 0.021252111557125 0.011488659946748 1197.1734962413 0.42530093504075 0.0 0.0
25 13 1 34.986201428966 0.021615295100336 0.011684715942149 1197.1798085931 0.4252795154719 2.3513947030587 103196160.0 67294388.0 1317364.0 1215484.0 1.2765630038947 2.1637956296048 65.210166734886 31.349474631614
26 7 1 35.086268010819 0.033214125184675 0.017962756117246 1197.1765470352 0.42511468568194 66.650285134969 33.349714865031 1.9978685545716
27 12 1 35.186330477506 0.036249779696977 0.021030122226388 1285.9129530669 0.42531619813264 2925444.0 0.15994153366122 0.13252689164448 88.27716408176 6.300348973437 0.010076874774124 0.008349656657251 5.5617694010044
1 7 1 35.286390984893 0.024860698068396 0.014437516434674 1288.7295656247 0.42544137112288 76.799065221215 23.200934778785 1.0040674631725
2 10 1 35.386445367086 0.043413538899085 0.025095257541056 1283.3454912845 0.42548963083434 1.751343058596 7.6032e-05 0.13267750443909 5.76e-06 1.8840205630351 8.1792e-05
3 5 1 35.486525338854 0.022884143045233 0.011215722000267 1085.6987958453 0.42530942340875 72.874448580288
4 6 1 35.586587526547 0.018006973995977 0.0097325656733626 1197.1753931827 0.42535118079395 9732.2244170036 0.0
5 7 1 35.686645515738 0.033862602136081 0.018313330567564 1197.1749248395 0.42534678263604 5.4048610129156e-05 1.3591047934385e-05 0.25145971195018
6 8 1 35.786715151129 0.021338161369494 0.011534511028925 1197.174519546 0.42518699829966 6.7734599349333 0.030972932531231 0.02313153467818 97.925178693167
7 7 1 35.88677603715 0.020966123380665 0.011332729309661 1197.1789390741 0.42545917108308 44.0 7.4815341708786e-07 42.727272727273
8 10 1 35.986829903929 0.033301943168691 0.018011398501128 1197.1765140327 0.42547422374754 511.90670507262 0.017047488 2.6386448248646 8.7872e-05 514.54534989748 0.01713536
9 19 1 36.086894349845 0.021969104254013 0.011886675203238 1198.9024812467 0.4253898957972 0.2906494140625 13.229916463681 0.014404296875 0.65566154670911 0.00031862928588549 0.0 0.0 0.00031862928588549 507.30734722441 0.011145088 0.221401835221 4.864e-06 507.52874905964 0.011149952 6.2780539324295e-07
10 9 1 36.186953906114 0.021647785254343 0.011739387954395 1201.9725505444 0.42548100086039 0.00032335871396339 0.0 0.0 0.00032335871396339 0.0
11 7 1 36.287010771176 0.03642304149601 0.020678985258349 1266.9144133495 0.42582859923976 120758390.0 119765068.0 119785674.0
12 10 1 36.387072873721 0.036634888749772 0.020879162760406 1269.3875988002 0.42549966750382 45.0 4.153490985637e-07 38.8 2.0 1.8459959936164e-08 35.5
13 9 1 36.487131549528 0.024300958514029 0.014177896389645 1292.9930421246 0.0 0.42547869329455 0.3236083984375 13.31669276546 0.01580810546875 0.65051366017617
14 10 1 36.587190991663 0.036719052633161 0.021520115018226 1296.9362077219 0.42530301068692 1.8632288987274 6.8416e-05 0.48280112717259 1.7728e-05 3.4719850011834 0.000127488
15 19 1 36.687255959335 0.028558465831269 0.01673150220093 1296.9316765823 0.42513574177576 0.37841796875 13.250640667667 0.01837158203125 0.64329723241417 10555.127778256 10555.127778256 1319.390972282 0.0 511.02128826616 0.014593984 0.017928133920955 5.12e-07 511.03921640008 0.014594496 20.654242256807
16 13 1 36.787321257633 0.024490081319994 0.013561816745124 1235.5639241692 0.42563660598297 203.0 0.33306884765625 13.60015278448 0.04022216796875 1.6423860518549 0.0 0.0 0.016357421875 0.66792027601989
17 9 1 36.887390979078 0.0334770872734 0.018108388422647 1197.1778671012 0.42527096063947 0.12673271960475 6.5414745440911e-06 5.1616303701938e-05 3512.0 3.7355542437151e-05
18 8 1 36.98745940338 0.021364250959538 0.010811979208263 1121.991266251 0.42527700611918 0.11102288818909 0.00086946985391282 0.0078314469033805 9.0071517352064
19 5 1 37.087489604558 0.01759019003225 0.0091559188834556 1157.2587088044 0.42553703136292 5.7534579979758
20 6 1 37.187541212208 0.034673571525502 0.019767163053981 1268.1830563739 0.42541723805473 13.0 8.0
21 7 1 37.287598743051 0.036628136725461 0.021459541099031 1296.9305032651 0.42542054827485 94.182132338046 5.8178676619537 1.0739169274606
22 7 1 37.387656956887 0.03629341965877 0.021270666489293 1296.9337181025 0.42545115894662 2.1246454214126e-06 2.4328001008542e-08 0.011450381679389
23 9 1 37.487720833944 0.036774240966022 0.020556093705606 1240.2884070913 0.42572174383508 10056.96178316 10056.96178316 1257.120222895 0.0 100.0
24 6 1 37.587789684891 0.016655980347214 0.0091940763355705 1229.1520635717 0.42589524124107 0.0 0.0
25 13 1 37.687845943049 0.0365314950939 0.021410737478186 1296.934997779 0.4249929701879 2.3529800964893 189093676.0 123391307.0 2384484.0 2224820.0 1.2610067403841 2.1591018199889 65.25406328237 31.325828157257
26 7 1 37.787905433193 0.036192478072902 0.021207921306043 1296.9328616206 0.42566215184668 66.535901343741 33.464098656259 2.1489948672966
27 12 1 37.89998719158 0.036434395114565 0.019745341261433 1199.8669683263 0.42523574815401 2573569.0 0.16486832099703 0.12488493605573 87.049929494799 5.9031767345607 0.0097324683677575 0.0073721784902127 5.1387111853885
1 7 1 38.000046499653 0.03561754238762 0.020063207253765 1254.8275079656 0.42564659379315 76.759293159531 23.240706840469 1.0062339899803
2 10 1 38.100106783301 0.035604115334179 0.019606697400834 1221.401474907 0.42544949233544 2.0366185009627 7.2512e-05 0.1779569563948 6.336e-06 2.2145754573576 7.8848e-05
3 5 1 38.200159468883 0.036762909087282 0.021544047384511 1296.9359128367 0.42527625395087 72.935027425639
4 6 1 38.300212864632 0.036424378494652 0.021349567978634 1296.9347119479 0.42514716768049 10559.760684907 0.0
5 7 1 38.400263864472 0.036893725708539 0.021623267724477 1296.9339900117 0.42528805707848 5.9923600838481e-05 1.0858758647556e-05 0.18121004905604
6 8 1 38.500321440607 0.024510529427961 0.014300867202131 1292.9897674118 0.42529093275317 6.5320984870462 0.025637111516209 0.018685479672098 97.919745548105
7 7 1 38.600397072564 0.031833195810206 0.015771534910955 1097.4095886032 0.42543456785336 49.0 5.9864520237733e-07 41.734693877551
8 10 1 38.700454761021 0.023070692400559 0.012471074501873 1197.1715752536 0.42544573645207 510.6336556988 0.011780672 0.97647697818789 2.2528e-05 511.61013267699 0.0118032
9 19 1 38.800516590912 0.023762240455257 0.01293738312365 1208.5484579523 0.42548214364526 0.32061767578125 13.492737622319 0.01580810546875 0.66526157323067 0.00029458501664355 0.0 0.0 0.00029458501664355 520.21222591681 0.012361408 3.237405165765 7.6928e-05 523.44963108258 0.012438336 5.6277624273858e-07
10 9 1 38.900582267846 0.034946266710715 0.018900830054447 1197.1771587385 0.42519827250063 0.00020030751948258 0.0 0.0 0.00020030751948258 0.0
11 7 1 39.000639428206 0.03506877600504 0.018996631532728 1199.5115122105 0.42534989043625 111029070.0 110092258.0 110157928.0
12 10 1 39.100698030641 0.02123205567166 0.011509782441902 1201.5792073717 0.42536131225162 46.0 7.6995140769714e-07 38.130434782609 1.0 1.6738074080373e-08 59.0
13 9 1 39.200756067841 0.036483359519462 0.021322682167853 1294.2969205474 0.0 0.42511826381477 0.4998779296875 13.701532322451 0.024169921875 0.66249167273389
14 10 1 39.300817636855 0.036634709396295 0.021410063090998 1294.2074214861 0.42515995124396 1.7557120299282 6.432e-05 0.48565964608959 1.7792e-05 3.4135933397808 0.000125056
15 19 1 39.400877998403 0.024356708458785 0.014208731147297 1292.8967930764 0.42550349852802 0.323486328125 13.281200482092 0.01580810546875 0.64902470280414 10500.747604414 10500.747604414 1312.5934505518 0.0 523.37580923839 0.012747712 2.8667256135267 6.9824e-05 526.24253485191 0.012817536 19.954197749084
16 13 1 39.500941088298 0.036424216351863 0.021285061870342 1294.1748724735 0.42520412558221 203.0 0.486083984375 13.345077343034 0.06695556640625 1.8382157013194 0.0 0.0 0.0235595703125 0.64681062963473
17 9 1 39.601002988845 0.035686243827358 0.020666211758105 1285.7413307645 0.42548899794431 0.12672413182969 5.6788365065487e-06 4.4812589556194e-05 3855.0 3.5947314832094e-05
18 8 1 39.701056875551 0.03222203505298 0.018650309027958 1284.4287650457 0.4254196038726 0.11101950879352 0.00086863791685916 0.0078241916785515 9.0074259097996
19 5 1 39.801117029666 0.035784023175922 0.019355007859272 1197.1792782338 0.42543546209565 5.7511501224508
20 6 1 39.901177720935 0.020797753945907 0.011243473327445 1197.1799417731 0.42544695027744 1.0 8.0
21 7 1 40.001241609768 0.021178732433789 0.011448206679552 1197.179352846 0.42531880935036 93.576820745501 6.4231792544987 1.0698235122021
22 7 1 40.101315027887 0.032706850145472 0.016147814428334 1094.2879005826 0.4254063056218 3.1935433943643e-06 7.2629080540726e-07 0.22742474916388
23 9 1 40.201383504727 0.017066283128497 0.0092262730020703 1197.1806016161 0.42557064020642 9729.4108359625 9729.4108359625 1216.1763544953 0.0 100.0
24 6 1 40.301439101633 0.02355365507962 0.013797765301651 1296.9396926204 0.42542642586251 0.0 0.0
25 13 1 40.401495940425 0.037019229662425 0.021696828918766 1296.9346923033 0.42519214912757 2.3518778558161 191620356.0 124981293.0 2412124.0 2253508.0 1.2588036314889 2.1543420992287 65.223390462754 31.363463806528
26 7 1 40.501554662429 0.036730829272289 0.0215287842225 1296.9335476888 0.42514946623119 66.650661300577 33.349338699423 1.8731774169325
27 12 1 40.601612763037 0.024965497565659 0.014627470788574 1296.9419033234 0.42510265584468 1977138.0 0.22340372801494 0.18450912379409 87.748098514115 6.1218453874077 0.013676430818779 0.011295363284335 5.3718029214243
1 7 1 40.701671827443 0.036908145546881 0.021632715485888 1296.9369334934 0.42527405444153 76.833988676423 23.166011323577 1.0018343731283
2 10 1 40.801732259646 0.03690393164601 0.021384015621846 1286.1361188486 0.42513631880399 2.1296375885873 7.8592e-05 0.14220707024769 5.248e-06 2.271844658835 8.384e-05
3 5 1 40.901788811291 0.024253213350441 0.013338931553044 1222.9726027045 0.42544759821164 72.894600656741
4 6 1 41.001846779648 0.036819772291748 0.019916876556797 1197.1738671088 0.42523363537068 9743.3341292118 0.0
5 7 1 41.101902964435 0.036586453347048 0.021441155556044 1296.9346815954 0.42526339777088 4.9802099535784e-05 1.1830693558555e-05 0.23755411255411
6 8 1 41.201959522421 0.024763181409267 0.014508707536179 1296.9347599546 0.42509786314463 5.703167335103 0.024489438902159 0.017553105793096 97.929801124841
7 7 1 41.302015824059 0.036593613898721 0.021446221838841 1296.9346702549 0.42518927378073 46.0 4.130512596703e-07 40.5
8 10 1 41.402068298584 0.036268109984601 0.021255493456933 1296.9353269434 0.42518616222971 506.77865507202 0.018379904 0.82584948630401 2.9952e-05 507.60450455832 0.018409856
9 19 1 41.502127437268 0.02451165536923 0.014360829236107 1296.9351122231 0.42542399726829 0.32379150390625 13.209695511333 0.0157470703125 0.6424319400422 0.00028557842767271 0.0 0.0 0.00028557842767271 509.16381664158 0.012480448 0.18015919094324 4.416e-06 509.34397583252 0.012484864 5.6067891488446e-07
10 9 1 41.602188482714 0.036458186624964 0.020831187517107 1264.9991303854 0.42514431500828 0.0001920007726113 0.0 0.0 0.0001920007726113 0.0
11 7 1 41.702263212469 0.018014655397393 0.0097372854778527 1197.1779075136 0.42555034538378 56892703.0 56422970.0 56438384.0
12 10 1 41.802343071914 0.019812168548123 0.010704829546381 1197.1823718493 0.42542915382262 45.0 8.0998060258453e-07 39.844444444444 1.0 1.7999568946323e-08 62.0
13 9 1 41.902401527605 0.034316663542316 0.018573785783832 1198.379157214 0.0 0.42526584723625 0.45367431640625 13.220233833246 0.0223388671875 0.65096267764942
14 10 1 42.00246577424 0.035272941857386 0.019778378987039 1243.0803101434 0.42532210593152 1.6438662880584 5.7984e-05 0.43001800250534 1.5168e-05 3.1951970565903 0.000112704
15 19 1 42.102525077784 0.024840807043197 0.01455436024254 1296.9374328048 0.42519549754763 0.3380126953125 13.607154337808 0.016357421875 0.65848995350897 10554.219737873 10554.219737873 1319.2774672341 0.0 511.58917574219 0.012708288 0.38130806231572 9.472e-06 511.97048380451 0.01271776 20.614898850112
16 13 1 42.202588092496 0.036441223228229 0.021357363966993 1296.9354840675 0.4253512961601 203.0 0.49945068359375 13.705650890634 0.06671142578125 1.8306582455655 0.0 0.0 0.02423095703125 0.66493259239662
17 9 1 42.302655259512 0.035916226616232 0.021048343362022 1296.9345798125 0.42514727084539 0.12628850354334 6.1567448132009e-06 4.8751427409921e-05 3509.0 3.2101066195427e-05
18 8 1 42.402709031179 0.024980907471424 0.014636961576702 1296.9348799325 0.42554773049611 0.11102078319187 0.00086891426050291 0.0078265909816294 9.007322514306
19 5 1 42.502760656945 0.036692209396186 0.021506605081738 1296.9318199961 0.42545487546685 5.7503606016897
20 6 1 42.60281583083 0.03696493537947 0.021663214635141 1296.9326795338 0.42515892147528 1.0 8.0
21 7 1 42.702872175041 0.024788857036995 0.014522112396892 1296.9340611393 0.42532049578883 94.483338756893 5.5166612431073 1.071697665091
22 7 1 42.802931936027 0.037019866457849 0.020757811564162 1247.2133096314 0.42549532232588 2.1855899797796e-06 2.4930684179996e-08 0.011406844106464
23 9 1 42.902992124563 0.036674013170756 0.02142967829229 1294.0954802581 0.42524593497857 10524.793515311 10524.793515311 1315.5991894138 0.0 100.0
24 6 1 43.003045410707 0.024301723936693 0.014175172571949 1292.7935859967 0.42542273483882 0.0 0.0
25 13 1 43.103101955106 0.036632192106846 0.021468739305479 1296.9390952129 0.4250978510559 2.3523995652204 189605932.0 123694878.0 2391430.0 2230476.0 1.2612632815729 2.1589572419074 65.237873464845 31.341906011675
26 7 1 43.203189189784 0.022010798502335 0.011067303828114 1119.9563280923 0.42589850002065 66.532612849814 33.467387150186 1.888127645715
27 12 1 43.303254351303 0.021309652319169 0.012259610865271 1278.1814143617 0.42580568212559 1643723.0 0.31525993126579 0.2554566675772 87.620724416462 6.0724865274478 0.019144116852556 0.015512571722093 5.3207566854418
1 7 1 43.403313551582 0.036898852681654 0.021627384702005 1296.9328258145 0.42522207684072 76.842761882646 23.157238117354 1.0017988549332
2 10 1 43.503371302541 0.037135786776478 0.021763206462827 1296.934658905 0.42517449740477 1.9250433666665 7.1488e-05 0.14648942360488 5.44e-06 2.0715327902714 7.6928e-05
3 5 1 43.603422982657 0.024850601735828 0.014557996679567 1296.9343213315 0.42560008198712 72.902878152267
4 6 1 43.703474116559 0.033163684283987 0.019436095105879 1296.938851361 0.4251343379379 10558.80248411 0.0
5 7 1 43.803532962661 0.036484264439275 0.020456681606329 1247.8382941858 0.42566604653925 6.5404541840289e-05 1.3655789787691e-05 0.20878962536023
6 8 1 43.903590732643 0.024670054381183 0.013405252935916 1203.8818452028 0.42543942041084 6.1999165750666 0.026302571948937 0.018822302932245 97.920924434214
7 7 1 44.003644834936 0.036456028042467 0.02136586332896 1296.9343800567 0.42518752586988 44.0 3.9657684958125e-07 41.818181818182
8 10 1 44.103701811414 0.036858222778458 0.021599271950397 1296.9378226043 0.42504061842537 502.85832041888 0.018534464 0.20315683816357 7.488e-06 503.06147725704 0.018541952
9 19 1 44.203760941945 0.024837333201873 0.014550012279475 1296.936028495 0.42526698743937 0.3375244140625 13.589398319021 0.016357421875 0.6585820523504 0.00028183380007449 0.0 0.0 0.00028183380007449 508.51449700114 0.012630144 0.018037363204767 4.48e-07 508.53253436434 0.012630592 5.5420996893891e-07
10 9 1 44.303821331574 0.036258133221017 0.021249038543432 1296.9342404809 0.42525423625882 0.00019306013239376 0.0 0.0 0.00019306013239376 0.0
11 7 1 44.403876068851 0.036555328272278 0.021421362360014 1296.9351445709 0.42503132453985 125306455.0 124288417.0 124310988.0
12 10 1 44.503933514547 0.036736925478838 0.021529462685904 1296.9301858862 0.42511894784725 45.0 4.02443018719e-07 38.511111111111 1.0 8.9431781937556e-09 60.0
13 9 1 44.603990541751 0.036817350113991 0.02157800135275 1296.9362817147 0.0 0.4250600987564 0.5 13.580553691451 0.024169921875 0.65648184348323
14 10 1 44.70405468331 0.03665972105383 0.019027324075755 1150.2569542312 0.42538289668049 1.8976685583027 6.9568e-05 0.45041259249503 1.6512e-05 3.4461800681596 0.000126336
15 19 1 44.804138815534 0.029409601341159 0.015339491408524 1156.9291882702 0.42534750653911 0.39215087890625 13.33411066533 0.020263671875 0.68901552387386 9392.1882447766 9392.1882447766 1174.0235305971 0.0 518.6094100043 0.015252096 286.07364997585 0.008413312 804.68305998015 0.023665408 11.671909987776
16 13 1 44.904202496028 0.03415744656981 0.019438215643699 1261.7167859348 0.42540173899953 202.0 0.46142578125 13.50879025184 0.065185546875 1.908384654625 0.0 0.0 0.022216796875 0.65042323434786
17 9 1 45.00426453426 0.036976867820608 0.021666515010856 1296.9353799139 0.42541811767413 0.12672455818774 5.3801812601742e-06 4.2455711324742e-05 3499.0 3.1116122693139e-05
18 8 1 45.10431754775 0.03668784693991 0.021500993491907 1296.9373233504 0.42534693574124 0.11101889064731 0.00086843973126733 0.007822450091185 9.0074760625812
19 5 1 45.204369906329 0.036820186254065 0.021579229199403 1296.9379967495 0.42541866656771 5.7496714444125
20 6 1 45.304423606436 0.036933413553071 0.021642595779042 1296.9349929152 0.42516067438243 1.0 8.0
21 7 1 45.404480267687 0.036790078421488 0.021559224040174 1296.9374878491 0.4251443675033 93.690228875631 6.3097711243694 1.0674898236767
22 7 1 45.504535605526 0.036849859290336 0.02159581531976 1296.940429193 0.42499699849912 2.0265931144217e-06 2.3936139146713e-08 0.011811023622047
23 9 1 45.604590164355 0.024488374744491 0.014347379989937 1296.9340201332 0.42532694524237 10550.591890878 10550.591890878 1318.8239863597 0.0 100.0
24 6 1 45.704643338177 0.036802062494687 0.021571360292081 1296.9372640362 0.42525955749903 0.0 0.0
25 13 1 45.804705823887 0.036503414499101 0.020782442774928 1261.1371846127 0.42550383064546 2.3501551054971 183544752.0 119627855.0 2327878.0 2160012.0 1.2682890546497 2.1587100458203 65.176396326494 31.396604573036
26 7 1 45.904776394996 0.019002631269037 0.010265528568933 1197.185102253 0.42558937662637 66.579605113006 33.420394886994 1.960233895126
27 12 1 46.004834768257 0.036213426196621 0.019843019610438 1216.5858951543 0.42516532093596 2761086.0 0.16265339073104 0.13259275516952 87.528059611327 6.3021216991954 0.010250614631738 0.0083561567950996 5.5161248376501
1 7 1 46.104894348984 0.036673173470389 0.021373065548613 1291.6409135017 0.42520004572927 76.834204379418 23.165795620582 1.0028691688189
2 10 1 46.204947891477 0.024728374153276 0.01448885999061 1296.9349613571 0.42532579766548 2.8003458525325 6.9248e-05 0.25622388114669 6.336e-06 3.0565697336792 7.5584e-05
3 5 1 46.305020734396 0.031359826730483 0.015539437019218 1097.4097388397 0.42553957084373 72.908846430087
4 6 1 46.405083610517 0.018124693284325 0.009795092099721 1197.1795553538 0.42546073880115 9728.6338165235 0.0
5 7 1 46.505141515466 0.020663373806588 0.011169178414389 1197.1765889683 0.42512216795753 8.9486632548545e-05 2.2427684250753e-05 0.25062608360624
6 8 1 46.605205014794 0.033744146411489 0.018249682729065 1197.1776761286 0.42504118789926 5.7777219106652 0.021943697366583 0.015218135292002 97.936518139288
7 7 1 46.70526528576 0.0337675991431 0.01826328551268 1197.1777903483 0.42523250423426 44.0 4.6399663948325e-07 41.636363636364
8 10 1 46.805337470145 0.021526408242067 0.011632146351211 1197.1826100868 0.42534783235151 546.48708078531 0.011763904 9.5049762923364 0.000204608 555.99205707765 0.011968512
9 19 1 46.905397827164 0.033995353600902 0.018445933476979 1203.6546092819 0.42524326747253 0.45220947265625 13.302096456036 0.022216796875 0.65352451207951 0.00020591049242136 0.0 0.0 0.00020591049242136 499.86689944443 0.016993152 0.067773967791259 2.304e-06 499.93467341222 0.016995456 4.1187479759296e-07
10 9 1 47.005458020229 0.03674721203479 0.020885165214001 1261.6519606666 0.42540603552309 0.00019049064166753 0.0 0.0 0.00019049064166753 0.0
11 7 1 47.105513801923 0.02460178411445 0.014288358202974 1288.7297076387 0.4254540880075 83499237.0 82811144.0 82836597.0
12 10 1 47.205569991238 0.037052861156737 0.021716949117851 1296.9376856666 0.42520582032959 45.0 3.990501825291e-07 39.688888888889 2.0 1.773556366796e-08 36.5
13 9 1 47.305630025784 0.036969145657039 0.021598954911423 1294.2349169517 0.0 0.42542891641014 0.4869384765625 13.171483081589 0.0235595703125 0.63727656925214
14 10 1 47.405689883693 0.02482282006349 0.014543661988835 1296.9328580559 0.42508203985354 2.3204454551366 5.76e-05 0.62394200015896 1.5488e-05 4.5480730920678 0.000112896
15 19 1 47.505750172775 0.037186299237392 0.021579625045208 1286.0754889546 0.42535389595236 0.510009765625 13.714991168365 0.02484130859375 0.66802314570661 10449.782419038 10449.782419038 1306.2228023798 0.0 504.03768012368 0.018743296 0.39756577834275 1.4784e-05 504.43524590202 0.01875808 20.715805455569
16 13 1 47.60581668488 0.036732471534172 0.021527274664074 1296.9369748033 0.42508028242644 203.0 0.49884033203125 13.580363944941 0.06683349609375 1.8194663550362 0.0 0.0 0.024169921875 0.65799879141034
17 9 1 47.705878215849 0.02494304577138 0.014612450387834 1296.9339029687 0.42510165829216 0.1267339778763 8.0241983470099e-06 6.331528830289e-05 3678.0 4.8461414647459e-05
18 8 1 47.805950338637 0.035322946150116 0.017082292690662 1071.8793591171 0.4254836169211 0.11101995108088 0.00086877976862675 0.007825438222305 9.0073900255232
19 5 1 47.906019289225 0.019147333291509 0.010346536102884 1197.1785090111 0.42538268821282 5.7510847030158
20 6 1 48.006071145976 0.024461447265731 0.014268702692442 1292.8346724951 0.42550776469917 3.0 8.0
21 7 1 48.106127490188 0.037013128926749 0.021692893559278 1296.9335415926 0.42519833775258 94.038213727963 5.9617862720371 1.0670861795071
22 7 1 48.206188019314 0.036615399005331 0.021457380251971 1296.9345187316 0.42522817180171 1.928296875252e-06 2.4103710940649e-08 0.0125
23 9 1 48.306244697775 0.023719199244211 0.013895450444348 1296.9307637557 0.42520163518686 10552.704643311 10552.704643311 1319.0880804138 0.0 100.0
24 6 1 48.406299080874 0.036403443958318 0.021336840675498 1296.9362034588 0.42530940840429 0.0 0.0
25 13 1 48.506359774861 0.035950936948879 0.021068579506789 1296.9342560657 0.42512384583108 2.3522557245527 186071832.0 121381916.0 2343410.0 2188664.0 1.2594114728768 2.1565155547026 65.233901711679 31.350171260742
26 7 1 48.606418874594 0.024302694981778 0.014236806307141 1296.9391611394 0.42544959080196 66.592989258277 33.407010741723 1.9782869408544
27 12 1 48.706477476123 0.03629191598821 0.021270953183108 1296.9347827542 0.42522931817143 2766365.0 0.16964500346122 0.13852112790612 88.033032517401 5.8902963145685 0.0099925933867258 0.0081593048919526 5.1854064699753
1 7 1 48.806543567924 0.036523156968896 0.020804261849998 1267.294090014 0.42538875894963 76.793931786027 23.206068213973 1.0052568874135
2 10 1 48.906603581636 0.021528332215723 0.011639003904208 1197.1791778435 0.42525429345623 3.1066038618242 6.688e-05 0.28241853289311 6.08e-06 3.3890223947173 7.296e-05
3 5 1 49.006662416868 0.033525876853949 0.01813223518841 1197.1756132883 0.42555335006526 72.921904815208
4 6 1 49.106724493144 0.021156358540515 0.011434651451782 1197.1794205009 0.42517340521713 9736.3318741992 0.0
5 7 1 49.20678157198 0.021968520902302 0.01187659019349 1197.1811568644 0.42507015533021 7.5554886694254e-05 1.9581699876992e-05 0.25917185153401
6 8 1 49.306847297828 0.033718186354511 0.017995521189334 1182.0676099668 0.4255769221047 5.7203560408276 0.023121920322925 0.016296335483938 97.935177531524
7 7 1 49.406927308546 0.016908934874284 0.0085968392230716 1127.9108643594 0.42554797148994 47.0 1.0537126432805e-06 40.510638297872
8 10 1 49.506977091863 0.021739125994268 0.01188595416603 1214.0679135779 0.42548085462128 515.37085727155 0.011203712 2.3316484762711 5.0688e-05 517.70250574782 0.0112544
9 19 1 49.60703694162 0.036374784540936 0.021319721929666 1296.9370712807 0.42531900237798 0.5009765625 13.772633125461 0.024169921875 0.66446914201785 0.00019244100242359 0.0 0.0 0.00019244100242359 500.87268501882 0.018219136 0.031670290684568 1.152e-06 500.90435530951 0.018220288 3.841871215208e-07
10 9 1 49.707109422209 0.036779084415712 0.019562029779855 1179.3925653885 0.43400883968576 0.00019032556441263 0.0 0.0 0.00019032556441263 0.0
11 7 1 49.807181717105 0.02088551214543 0.011288094298404 1197.1774958322 0.42567016509904 65930935.0 65373293.0 65408495.0
12 10 1 49.907240314105 0.036219957199476 0.020736343949439 1272.0463609802 0.42533962953789 50.0 4.6450273792778e-07 37.44 1.0 9.2900547585556e-09 60.0
13 9 1 50.007302932971 0.03627748346831 0.020374890533201 1250.1918413117 0.0 0.42541646164824 0.483642578125 13.331756557687 0.0235595703125 0.64942680858998
14 10 1 50.10736917061 0.021913215717934 0.011846069757335 1197.1746020445 0.42525067636118 2.4679171097531 5.408e-05 0.63669340819666 1.3952e-05 4.7839623973675 0.000104832
15 19 1 50.20743601787 0.03341585708353 0.018074046308122 1197.1763302057 0.42516981174612 0.4417724609375 13.220443810051 0.02154541015625 0.64476604931583 9743.9123942292 9743.9123942292 1217.9890492786 0.0 497.54773485055 0.016625984 0.0076610334835965 2.56e-07 497.55539588403 0.01662624 19.583572954559
16 13 1 50.307510884404 0.021372092692092 0.011553529291121 1197.1763351994 0.42529867485696 202.0 0.2802734375 13.113991294063 0.03594970703125 1.6820864268735 0.0 0.0 0.01373291015625 0.64256272673435
17 9 1 50.40757322337 0.022504853922167 0.012191978299788 1200.3385405358 0.42524310334401 0.12675415086508 9.2729050390704e-06 7.3156618349649e-05 3454.0 5.456322658424e-05
18 8 1 50.507627060256 0.033221764918111 0.017977652872786 1198.2206227134 0.42536872734642 0.11101968153301 0.00086856074993582 0.007823484430349 9.0074118948238
19 5 1 50.607683185258 0.036422770654144 0.021346309723812 1296.9345305053 0.42535708962597 5.7511987047761
20 6 1 50.707736394407 0.040790574018623 0.023786852643446 1292.1386807799 0.42514363225822 5.0 8.0
21 7 1 50.80780025516 0.036749338007564 0.019879395303521 1197.1766224164 0.42541957730244 93.408295874618 6.5917041253821 1.0912603430627
22 7 1 50.907880261349 0.020833750550961 0.010318888492741 1097.409102931 0.42541325421948 4.1284463626733e-06 3.1757279712871e-07 0.076923076923077
23 9 1 51.007913944521 0.019760223071049 0.01068027940701 1197.1757436167 0.42530198004374 9733.5253407028 9733.5253407028 1216.6906675879 0.0 100.0
24 6 1 51.107983516504 0.036066202355572 0.020055449762996 1233.3045885054 0.42540006963601 0.0 0.0
25 13 1 51.208039815425 0.037141078609859 0.021382212122999 1278.1081902795 0.42533812423659 2.3510706965072 188841748.0 123129837.0 2395422.0 2223768.0 1.2684811623328 2.1610052031503 65.202656882841 31.367856751675
26 7 1 51.30810175311 0.036980263760927 0.021095742953128 1269.1221494894 0.42539000007297 66.602942947093 33.397057052907 2.0569406935478
27 12 1 51.408171681083 0.036198199267636 0.020192145645559 1238.0081839417 0.42539006048988 3021787.0 0.16324777358563 0.13396046776295 88.730178533431 6.7779130240947 0.011064792107405 0.0090797239916432 6.0140543271199
1 7 1 51.508229903071 0.023837687578526 0.013965307264687 1296.9333504462 0.42526655474784 76.832506081595 23.167493918405 1.0025850701986
2 10 1 51.608284498133 0.036422684600708 0.021347129496015 1296.9322900485 0.42531662701055 1.9504328354374 7.104e-05 0.19680043024233 7.168e-06 2.1472332656797 7.8208e-05
3 5 1 51.708336362131 0.036685441067014 0.0215006646772 1296.9337293604 0.4252602402591 72.934359792369
4 6 1 51.808414940739 0.020700537115064 0.010929241507575 1172.5047165451 0.42571493004408 9498.7718872718 0.0
5 7 1 51.908472977939 0.033170116551847 0.01793955792264 1197.1768732716 0.42531010554127 7.0406663174072e-05 1.3142863462721e-05 0.18667073356718
6 8 1 52.00853037472 0.033530242933527 0.018163412801066 1199.6137695951 0.42520701214741 6.1524774663352 0.0202949604065 0.013734444270672 97.933235440093
7 7 1 52.10859007411 0.023143516252778 0.012511845713869 1197.1750270656 0.42543597304712 45.0 6.9301072503398e-07 43.2
8 10 1 52.208643699033 0.033662637503047 0.018205261492659 1197.1744930615 0.42529761902558 497.1113745465 0.01673408 0.45439101432903 1.5296e-05 497.56576556082 0.016749376
9 19 1 52.308712694911 0.03378968317217 0.018272512252635 1197.1739233864 0.425344026632 0.4366455078125 12.922450488442 0.021484375 0.635826470776 0.00020716382466011 0.0 0.0 0.00020716382466011 492.70234098294 0.016648256 0.13637298629054 4.608e-06 492.83871396923 0.016652864 4.2034811549533e-07
10 9 1 52.408789156604 0.021683157745533 0.010739918061233 1097.4038409818 0.42548243189211 0.00032283120761976 0.0 0.0 0.00032283120761976 0.0
11 7 1 52.520885994271 0.028914798615175 0.014339977129905 1097.4078778271 0.42521426659006 83860691.0 83165815.0 83181458.0
12 10 1 52.620947211825 0.033678736742123 0.018225184221755 1198.9205568224 0.4253681154888 49.0 5.1796891786917e-07 38.265306122449 2.0 2.1141588484456e-08 41.0
13 9 1 52.721006879511 0.023913030531846 0.013493429173971 1254.6655142254 0.0 0.42554344840514 0.32415771484375 13.555693596094 0.0157470703125 0.65851420594846
14 10 1 52.821069494753 0.03600801936315 0.019694620913536 1213.5759654969 0.42541050303043 1.8591414130517 6.6944e-05 0.51188597223604 1.8432e-05 3.6187494426131 0.000130304
15 19 1 52.921130653428 0.03620621944784 0.019649228179133 1202.453320435 0.42516424056361 0.48162841796875 13.302366977657 0.02349853515625 0.64901929874514 9776.8824637977 9776.8824637977 1222.1103079747 0.0 502.03794478422 0.018176896 0.20681529621692 7.488e-06 502.24476008043 0.018184384 19.466370265828
16 13 1 53.021199251649 0.024481292093822 0.014006141884477 1271.8678822578 0.42550768319592 202.0 0.337158203125 13.772075502914 0.04443359375 1.8150019851776 0.0 0.0 0.01641845703125 0.6706532060615
17 9 1 53.121260809793 0.036281058762105 0.021264465659884 1296.933200817 0.42515577368957 0.12671846706506 5.3879702128014e-06 4.2519218686846e-05 3574.0 3.2364042925298e-05
18 8 1 53.221313477259 0.036970801506306 0.021283078112194 1278.0068557769 0.42536945041824 0.11101891809401 0.00086855230197273 0.0078234621349602 9.0074738357044
19 5 1 53.321367518861 0.024803382856936 0.014426382025924 1288.9342299726 0.42538137450605 5.7501150271464
