1 7 2 0.10058511642091 0.1005977867535 0.1005977867535 0.0 0.0014444967197416 - 1497.5594519764 - 1.4362451467525 - 32.526608135979 - 67.473391864021 - 9.7626148297684
2 10 2 0.20105688735083 0.036837869715406 0.036837869715406 0.0 0.0 - - - - 0.0 0.0 0.0 0.0 0.0 0.0 0.0 0.0 0.0 0.0 0.0 0.0
3 5 2 0.30144131468907 0.03507067897253 0.03507067897253 0.0 0.0 - - - - - -
4 6 2 0.40181455992438 0.036603423272506 0.036603423272506 0.0 0.0 - - - - 0.0 0.0 0.0 0.0
5 7 2 0.50219563127304 0.034704762883319 0.034704762883319 0.0 0.0 - - - - - - - - - -
6 8 2 0.60261190110998 0.032179728098929 0.032179728098929 0.0 0.0 - - - - - - - - - - - -
7 7 2 0.70298587642021 0.036764527076736 0.036764527076736 0.0 0.0 - - - - 0.0 0.0 - - - -
8 10 2 0.803294752779 0.034813092053033 0.034813092053033 0.0 0.0 - - - - 1060.8992715653 0.0 0.036933184 0.0 315.76166757191 0.0 0.01099264 0.0 1376.6609391373 0.0 0.047925824 0.0
9 19 2 0.90372518027238 0.036726042345488 0.036726042345488 0.0 0.0 - - - - 0.46539306640625 0.0 12.672017911111 0.0 0.02545166015625 0.0 0.6930139631388 0.0 0.0 0.0 0.0 0.0 0.0 0.0 0.0 0.0 517.2081386094 0.0 0.018995008 0.0 229.53782824453 0.0 0.008430016 0.0 746.74596685394 0.0 0.027425024 0.0 0.0 0.0
Warning: Sanitizing vector length to a multiple of the loop stride 16 and thread count 2 from 2000 elements (8000 bytes) to 1984 elements (7936 bytes)
Running without Marker API. Activate Marker API with -m on commandline.
10 9 2 1.0041355678431 0.036133149041468 0.036133149041468 0.0 2.2898627955814e-06 - 1498.0690214559 - 19.22433460076 0.0 0.0 0.0 0.0 0.0 0.0 0.0 0.0 - -
11 7 2 1.1045110467816 0.036833119699385 0.036833119699385 0.02363352355037 0.015258665593985 1496.5057040385 1496.5117364864 0.83278640009021 0.55476968764333 70636261.0 67262308.0 69993786.0 67365430.0 71244604.0 68193548.0
12 10 2 1.2048534214418 0.036493671090747 0.036493671090747 0.024717571137743 0.024721498234321 1496.5132222455 1496.5099036566 0.55466733627052 0.55464894452576 0.0 0.0 0.0 0.0 - - 0.0 0.0 0.0 0.0 - -
13 9 2 1.3051536274815 0.035917192697162 0.035917192697162 0.024320711556484 0.024331191664295 1496.5117855611 1496.5084883682 0.0 0.0 0.55465608914829 0.55462349915068 0.5107421875 0.0 14.21999185199 0.0 0.02288818359375 0.0 0.63724867883559 0.0
14 10 2 1.405471560936 0.035971565163155 0.035971565163155 0.02435912518242 0.024364778734097 1496.5104506908 1496.5073164296 0.55480549983236 0.55474478130941 1.3521791386998 1.1600273663583 4.864e-05 4.1728e-05 0.48215861393113 0.41099129084166 1.7344e-05 1.4784e-05 1.8485712172489 1.5816937556634 6.6496e-05 5.6896e-05
15 19 2 1.5058140198356 0.035191017240718 0.035191017240718 0.023835733018602 0.023847551899044 1496.5079877594 1496.5106617722 0.55468914186987 0.5546429729811 0.5196533203125 0.0 14.766646748456 0.0 0.02301025390625 0.0 0.65386725677329 0.0 9128.273098861 9133.5617212025 9128.273098861 9133.5617212025 1141.0341373576 1141.6952151503 0.0 0.0 514.35671427697 0.0 0.018100736 0.0 3.4008678743598 0.0 0.00011968 0.0 517.75758215133 0.0 0.018220416 0.0 17.630399657176 17.640614133069
16 13 2 1.6060749684965 0.03488717110723 0.03488717110723 0.023621326498363 0.023636662600812 1496.5094600453 1496.5095563707 0.55466327236456 0.55460614890543 208.0 208.0 0.51019287109375 0.0 14.624082575386 0.0 0.1002197265625 0.0 2.8726813720282 0.0 0.0 0.0 0.0 0.0 0.02288818359375 0.0 0.65606304172386 0.0
17 9 2 1.7064006429192 0.03434916023469 0.03434916023469 0.023260350190303 0.023266264612425 1496.5090429216 1496.5080088223 0.5546458632836 0.55462665782763 0.11263602685726 0.11263576516492 1.0799457137208e-07 1.0796337998751e-07 9.5879244310478e-07 9.5851774815425e-07 326.0 127.0 3.5206230267299e-06 1.3711349258414e-06
18 8 2 1.8066895246453 0.03437433785584 0.03437433785584 0.023279044999733 0.023282323090499 1496.5108337214 1496.5055290149 0.55465431589339 0.55464224902146 0.11092160886097 0.11092160729698 2.0502802749322e-07 2.2657308967893e-07 1.8484047391541e-06 2.0426416024815e-06 9.0153759061804 9.015376033297
19 5 2 1.9069813973236 0.0337963848196 0.0337963848196 0.022887325381462 0.022890123398145 1496.5111246557 1496.5075762689 0.55465621606801 0.55464324154908 6.1666666666667 6.6111111111111
20 6 2 2.0072680770495 0.034211060131234 0.034211060131234 0.023155470307585 0.023169700428043 1496.5093811545 1496.5091821505 0.55479361491352 0.55468071198595 0.0 0.0 - -
21 7 2 2.1075896491033 0.033826189267949 0.033826189267949 0.022908459510713 0.022913323204653 1496.5081030311 1496.5103612594 0.55474302983656 0.55473306355174 88.617561115176 88.100326517118 11.382438884824 11.899673482882 1.013916576618 1.0040422955062
22 7 2 2.207903448486 0.032243475596541 0.032243475596541 0.021841996221778 0.021840930094994 1496.5126071739 1496.5072827483 0.55463158420489 0.55462669641951 1.6386916902672e-07 2.2532917237752e-07 7.1692761449188e-08 3.0726705324208e-08 0.4375 0.13636363636364
23 9 2 2.3082256555056 0.0328748020012 0.0328748020012 0.022264940583043 0.022273106371453 1496.5135503503 1496.5081446914 0.55475981880512 0.5547134547736 9126.3040911712 9130.4176368588 9126.3040911712 9130.4176368588 1140.7880113964 1141.3022046073 0.0 0.0 100.0 100.0
24 6 2 2.4085249638974 0.031768197725439 0.031768197725439 0.021509024990056 0.021516888694114 1496.5056506222 1496.5104740345 0.55477343990319 0.55470267759804 0.0 0.0 0.0 0.0
25 13 2 2.5088602416133 0.032480122228021 0.032480122228021 0.022003343686251 0.022004078290178 1496.5055540329 1496.5074987072 0.55465113402373 0.55465179483385 1.8029351039914 1.8029329559811 194332876.0 194339364.0 97011383.0 97014686.0 164433.0 161631.0 2024.0 2256.0 0.084614092779649 0.083169460202618 0.0015952010096326 0.0017793615914067 49.920211647565 49.920244670555 49.993579058646 49.994806507651
26 7 2 2.6092036968931 0.031226979414545 0.031226979414545 0.021152665092493 0.021160126621282 1496.5080604408 1496.5084882338 0.55466234780311 0.55462296539786 49.998014128145 50.001866382349 50.001985871855 49.998133617651 1.0006972583034 1.0007006669487
27 12 2 2.7095303876235 0.031137909367759 0.031137909367759 0.021097258655622 0.021097565268975 1496.5121615167 1496.5058659553 0.55464652929883 0.55464673796469 5811084.0 5629919.0 0.010738099810638 0.012273711220357 0.0032696137243929 0.0042807010189667 99.932955710157 99.930922629615 12.474797987832 12.085710948526 0.0013395562591088 0.0014833652607491 0.00040787770710044 0.00051735315172291 12.466434348112 12.07736245721
1 7 2 2.8098685430666 0.030453292928294 0.030453292928294 0.020633335895278 0.020639440535432 1496.5089857382 1496.5052311272 0.55462467719204 0.55461601656585 60.831976169762 60.711415592267 39.168023830238 39.288584407733 1.5435374591577 1.5546295334745
2 10 2 2.9101684664966 0.030996362694707 0.030996362694707 0.020991053134374 0.020994247891526 1496.5106556686 1496.504871787 0.55470064569817 0.55465509981924 0.26428907419511 0.3138432756067 8.192e-06 9.728e-06 0.033036134274389 0.045424684627285 1.024e-06 1.408e-06 0.2973252084695 0.35926796023398 9.216e-06 1.1136e-05
3 5 2 3.0104510375131 0.030060620408261 0.030060620408261 0.020358949100276 0.020360316405613 1496.5108872921 1496.5096760246 0.55465226590952 0.55464764712757 36.999969012362 36.999814088958
4 6 2 3.1107449708867 0.03052256127786 0.03052256127786 0.020670991819383 0.020677434322996 1496.5057202458 1496.5059873125 0.55465114105774 0.55462622928125 9127.7142001216 9130.9692349496 0.0 0.0
5 7 2 3.211030474884 0.029912908859344 0.029912908859344 0.020256868592942 0.020259921592369 1496.5073742298 1496.5055121826 0.55466038140239 0.55464154770906 4.7495887234396e-05 2.1623376744949e-05 1.2525025093144e-06 1.9465998560533e-06 0.026370757180157 0.090022935779817
6 8 2 3.311356542424 0.029423128221937 0.029423128221937 0.019935156457165 0.019938327663513 1496.5097173338 1496.5124578512 0.55464230777349 0.55462954384361 10.690579845453 11.084843681511 0.0056251406711143 0.0050450122535193 0.0017152589687768 0.0014401340696674 99.989085954853 99.988915056372
7 7 2 3.4116578390471 0.029596751090129 0.029596751090129 0.020045199853675 0.020052325783506 1496.5110958479 1496.5075762826 0.55464078650136 0.55460920891032 0.0 0.0 0.0 0.0 - -
8 10 2 3.5118992405406 0.029097287449049 0.029097287449049 0.019706833223321 0.01970700034345 1496.5098002666 1496.5074793564 0.55465146372208 0.55465452706703 506.04304699479 0.0 0.01472448 0.0 0.035192283878457 0.0 1.024e-06 0.0 506.07823927867 0.0 0.014725504 0.0
9 19 2 3.6122323986842 0.02925220644981 0.02925220644981 0.019818232602666 0.019826332267665 1496.5090948014 1496.5065592921 0.5546343374479 0.55460492843683 0.44122314453125 0.0 15.083414144785 0.0 0.01971435546875 0.0 0.67394422033001 0.0 0.0 0.0 0.0 0.0 0.0 0.0 0.0 0.0 509.55691241871 0.0 0.014905664 0.0 0.024066560627072 0.0 7.04e-07 0.0 509.58097897933 0.0 0.014906368 0.0 0.0 0.0
10 9 2 3.7125423330176 0.028560040166041 0.028560040166041 0.019345947948177 0.019352006392524 1496.5076087695 1496.5087678787 0.55468128495634 0.55465640507435 0.0 0.0 0.0 0.0 0.0 0.0 0.0 0.0 - -
11 7 2 3.8128513135434 0.029230484456258 0.029230484456258 0.019802005645763 0.019802116153382 1496.5056814971 1496.5097644766 0.55465611152644 0.55465115042962 87306025.0 87307359.0 87440172.0 87441538.0 88515723.0 88517006.0
12 10 2 3.9131415521581 0.028043272118771 0.028043272118771 0.018994905097533 0.019000642435724 1496.5042722553 1496.5046298665 0.55477700510483 0.55472316557462 0.0 0.0 0.0 0.0 - - 0.0 0.0 0.0 0.0 - -
13 9 2 4.0134472301366 0.028290641612504 0.028290641612504 0.019149713137777 0.019171239025596 1496.5082376577 1496.5087574662 0.0 0.0 0.5546688475744 0.5545926229011 0.426025390625 0.0 15.058880475751 0.0 0.01910400390625 0.0 0.67527644540259 0.0
14 10 2 4.1137570141071 0.028234963888486 0.028234963888486 0.019126209888217 0.0191272692215 1496.5120944734 1496.502176169 0.55464128666236 0.5546362690073 1.1016128840414 1.1718803725297 3.1104e-05 3.3088e-05 0.41253815822127 0.44880524905391 1.1648e-05 1.2672e-05 1.5390846672101 1.6252190079377 4.3456e-05 4.5888e-05
15 19 2 4.2140906206218 0.028377350238282 0.028377350238282 0.019218692989993 0.019230458428226 1496.5073354991 1496.5086907237 0.5546416526902 0.55460180412115 0.41064453125 0.0 14.47085537592 0.0 0.01837158203125 0.0 0.6474030125077 0.0 9128.1165374826 9134.3586988723 9128.1165374826 9134.3586988723 1141.0145671853 1141.794837359 0.0 0.0 514.53768154513 0.0 0.014601216 0.0 0.52774483432201 0.0 1.4976e-05 0.0 515.06542637946 0.0 0.014616192 0.0 17.722246669994 17.734365832085
16 13 2 4.3143919607232 0.028628599274085 0.028628599274085 0.019383414107149 0.01939771397422 1496.5091009887 1496.5033507937 0.55468210232364 0.55462586568658 207.0 207.0 0.42437744140625 0.0 14.823548904483 0.0 0.08428955078125 0.0 2.9442429220612 0.0 0.0 0.0 0.0 0.0 0.01898193359375 0.0 0.66304094769083 0.0
17 9 2 4.4147110472614 0.028255661422061 0.028255661422061 0.019141305953624 0.019145306420016 1496.5111079397 1496.5037284986 0.55469345453927 0.55464545004209 0.11263527046415 0.11263490903876 5.2498133527296e-08 5.2482621527938e-08 4.6608964768284e-07 4.6595342399467e-07 85.0 151.0 1.115585337455e-06 1.9812189626797e-06
18 8 2 4.5149998800743 0.028693239890651 0.028693239890651 0.019434304224441 0.019440587760126 1496.5048120826 1496.5059027465 0.55470257708002 0.55467434707936 0.11092160598181 0.11092161657151 2.326837677257e-07 1.9383060195218e-07 2.0977316877638e-06 1.7474556172485e-06 9.01537614019 9.015375279491
19 5 2 4.6152748342173 0.028849574657057 0.028849574657057 0.019542755224276 0.019542324969202 1496.5054163166 1496.507069737 0.5546278993466 0.55462740131327 6.4 5.986301369863
20 6 2 4.7155624315188 0.029449120157427 0.029449120157427 0.019947147439636 0.019952570918073 1496.5088752751 1496.5110915306 0.55464435617925 0.55462589003002 0.0 0.0 - -
21 7 2 4.815894653065 0.029118403462296 0.029118403462296 0.019724895331341 0.019732106859287 1496.508904727 1496.5032535558 0.55469068244837 0.55466096050737 86.759179546892 87.040079213475 13.240820453108 12.959920786525 1.010404009308 1.0014204348953
22 7 2 4.9162083763604 0.029375473169904 0.029375473169904 0.019901465673245 0.019900227444431 1496.5076024427 1496.5058059306 0.55465042402231 0.55464958924398 2.2481712896993e-07 3.82212388522e-07 2.2481712896993e-08 0.0 0.1 0.0
23 9 2 5.0165276703268 0.02859262451507 0.02859262451507 0.019365836149313 0.019373337080409 1496.5037794929 1496.5029291542 0.55464592905551 0.55462617059025 9128.6802952429 9132.5400318663 9128.6802952429 9132.5400318663 1141.0850369054 1141.5675039833 0.0 0.0 100.0 100.0
24 6 2 5.1168245221885 0.029233596785596 0.029233596785596 0.019800002468717 0.019806435008528 1496.5100933929 1496.5053504451 0.55464465341657 0.554618264402 0.0 0.0 0.0 0.0
25 13 2 5.2171500399078 0.029026357861996 0.029026357861996 0.019667099846557 0.019666339427326 1496.5077266219 1496.5035864608 0.55461098502126 0.5546112092382 1.8030656207822 1.803064891843 173699240.0 173692524.0 86717284.0 86713889.0 144527.0 141384.0 1764.0 1968.0 0.083205315118247 0.081399012890158 0.0015118085721043 0.0017231599444084 49.923813138158 49.923788890304 49.991469738152 49.993088936862
26 7 2 5.3174795802855 0.028612780380152 0.028612780380152 0.019385189475456 0.019389082604529 1496.5066289378 1496.506316355 0.55463899878653 0.55462431436398 50.000436891859 50.001429540807 49.999563108141 49.998570459193 1.0006283094017 1.0006547189458
27 12 2 5.4178265473525 0.029025265467007 0.029025265467007 0.019660058609041 0.019667612529446 1496.5070136929 1496.503760362 0.554735701649 0.55467610166534 5934436.0 5989236.0 0.12344896802325 0.092916692546428 0.11003573043841 0.081813439977987 99.906916175353 99.906899644629 13.670897845006 13.791838988778 0.016876582309172 0.012814920629701 0.015042872301241 0.011283577912944 13.658172450428 13.778998737667
1 7 2 5.5181260812885 0.028507222958917 0.028507222958917 0.019311128084362 0.019311417034612 1496.5076557194 1496.5037860872 0.55463732485128 0.55463503282195 60.792427521517 60.834091140684 39.207572478483 39.165908859316 1.5492859447122 1.5548641999953
2 10 2 5.6184157782347 0.028718251750372 0.028718251750372 0.019445788864625 0.019453408455541 1496.5127974032 1496.5058679476 0.55480383144554 0.55474285591481 0.36102476188739 0.32313944736834 1.0368e-05 9.28e-06 0.044570958257702 0.060170793647898 1.28e-06 1.728e-06 0.40559572014509 0.38331024101624 1.1648e-05 1.1008e-05
3 5 2 5.7186929660809 0.02809802502083 0.02809802502083 0.019033956406779 0.019033191005647 1496.5060884595 1496.5058596677 0.55462786701226 0.55463484214302 36.999856379459 36.999925976175
4 6 2 5.818978294353 0.028843235867562 0.028843235867562 0.019537862997631 0.019541929134533 1496.5113972365 1496.5048712249 0.55464367904909 0.554627259923 9129.7864500754 9131.9559708701 0.0 0.0
5 7 2 5.9192539984984 0.028502280913264 0.028502280913264 0.019304051067739 0.019311269389186 1496.5041559215 1496.5032867516 0.55463745212496 0.55461126369805 3.8165872316406e-05 1.653201571824e-05 1.3272822967178e-06 1.4958157416189e-06 0.034776679168087 0.090479937057435
6 8 2 6.0195717254305 0.028589378127309 0.028589378127309 0.019369013696262 0.019368719764111 1496.5070914068 1496.5083826958 0.55461598875451 0.55461929608514 12.378354361173 12.734776226033 0.0055954830959591 0.0055908913973672 0.0012205775913459 0.0014895013885918 99.988334364745 99.988331849405
7 7 2 6.1198805112093 0.027969367884005 0.027969367884005 0.018946761819216 0.018949999148976 1496.5070220962 1496.5039769143 0.55465350375109 0.55463566212814 0.0 0.0 0.0 0.0 - -
8 10 2 6.2201355449952 0.028554471306679 0.028554471306679 0.019334540753906 0.019342847394241 1496.5077593781 1496.5058799682 0.55468965201102 0.55464891801751 516.21869799957 0.0 0.014740352 0.0 293.85184232206 0.0 0.008390784 0.0 810.07054032162 0.0 0.023131136 0.0
9 19 2 6.3204615047449 0.028944555049865 0.028944555049865 0.019609304361773 0.019613606912516 1496.506541574 1496.5051503028 0.55462736210969 0.55460664754752 0.42047119140625 0.0 14.526780276355 0.0 0.0189208984375 0.0 0.65369456897519 0.0 0.0 0.0 0.0 0.0 0.0 0.0 0.0 0.0 497.77044335899 0.0 0.014407744 0.0 0.2874461184726 0.0 8.32e-06 0.0 498.05788947747 0.0 0.014416064 0.0 0.0 0.0
10 9 2 6.4207635078921 0.028462882229658 0.028462882229658 0.01928286802528 0.019285979448817 1496.5039419577 1496.5021372247 0.55463641920769 0.55461834169616 0.0 0.0 0.0 0.0 0.0 0.0 0.0 0.0 - -
11 7 2 6.5210675672057 0.029140972378995 0.029140972378995 0.019738925722865 0.01974572465884 1496.5106574441 1496.4994234739 0.55464273169168 0.55461086226848 87029976.0 87064943.0 87163723.0 87198772.0 88235850.0 88271327.0
12 10 2 6.6214031003573 0.028592053860972 0.028592053860972 0.019370770948565 0.019371575299104 1496.5097633627 1496.5064519989 0.55469831041486 0.55469379814656 0.0 0.0 0.0 0.0 - - 0.0 0.0 0.0 0.0 - -
13 9 2 6.7216877275401 0.029015565253132 0.029015565253132 0.019651156405103 0.019662001550376 1496.5043705964 1496.5044343439 0.0 0.0 0.55471468025874 0.55467347558984 0.42547607421875 0.0 14.663718266623 0.0 0.01885986328125 0.0 0.64999124148424 0.0
14 10 2 6.8219956645841 0.028504234724201 0.028504234724201 0.019304186484863 0.019307717746773 1496.5037074724 1496.5016128213 0.55465155556576 0.5546467890844 1.3336965671183 1.3583946516945 3.8016e-05 3.872e-05 0.50294281318938 0.49845225235733 1.4336e-05 1.4208e-05 1.8523563432198 1.8635827452999 5.28e-05 5.312e-05
15 19 2 6.9222911713326 0.029090897028945 0.029090897028945 0.019700703220762 0.019708161126351 1496.5075170472 1496.5034126664 0.55491117627235 0.55484064223008 0.4864501953125 0.0 16.721732397199 0.0 0.02294921875 0.0 0.78887972162447 0.0 9123.1095327151 9127.7218346275 9123.1095327151 9127.7218346275 1140.3886915894 1140.9652293284 0.0 0.0 987.30540936646 0.0 0.0287216 0.0 74.005830685039 0.0 0.002152896 0.0 1061.3112400515 0.0 0.030874496 0.0 8.5960736006832 8.6004194530009
16 13 2 7.022601155485 0.027951838839377 0.027951838839377 0.018926407131 0.018945814805153 1496.5030831935 1496.5058309684 0.55468447637456 0.55460674321761 207.0 207.0 0.40802001953125 0.0 14.597251432219 0.0 0.080322265625 0.0 2.8735950463426 0.0 0.0 0.0 0.0 0.0 0.018310546875 0.0 0.65507485858874 0.0
17 9 2 7.1229109340207 0.028458896708969 0.028458896708969 0.019280117110205 0.019279695913132 1496.5052336815 1496.503228626 0.55463756587406 0.55463511779941 0.11263530578066 0.11263527589274 5.2114911033658e-08 3.9086864654578e-08 4.6268717141981e-07 3.4702152007687e-07 94.0 153.0 1.224700409291e-06 1.9934300973835e-06
18 8 2 7.2231970766072 0.028491423086788 0.028491423086788 0.019300439642515 0.01930272588211 1496.5044151673 1496.5086985425 0.55464195686896 0.55463209286194 0.11092160529434 0.11092160363691 2.0824179371151e-07 2.212267653987e-07 1.8773781100528e-06 1.9944425445098e-06 9.0153761960659 9.0153763307771
19 5 2 7.3234842563348 0.028504935813522 0.028504935813522 0.019306223629415 0.019312898923668 1496.5040049525 1496.5070118891 0.55465012372414 0.55462106257326 5.9220779220779 6.6315789473684
20 6 2 7.423764104516 0.028672310472236 0.028672310472236 0.019422507989003 0.019421835885287 1496.5097995191 1496.5037082394 0.55469480033847 0.55472067919955 0.0 0.0 - -
21 7 2 7.5240889193343 0.028500886886823 0.028500886886823 0.01931013351579 0.019312829629956 1496.5093674716 1496.5038307712 0.55464502807755 0.5546222754336 87.82051752635 87.771871423176 12.17948247365 12.228128576824 1.0072758505578 1.0034046626155
22 7 2 7.6244026888256 0.028993470975715 0.028993470975715 0.019637963425824 0.01964546435692 1496.5040109387 1496.5053235171 0.55468076464768 0.55464314352072 3.0759218512155e-07 2.3913078011122e-07 1.139230315265e-08 3.4161540015889e-08 0.037037037037037 0.14285714285714
23 9 2 7.7247133822195 0.028410984409692 0.028410984409692 0.019245325779094 0.019246956219376 1496.5009073226 1496.5069116139 0.55467835457322 0.55467179724364 9129.3416750288 9130.2218979609 9129.3416750288 9130.2218979609 1141.1677093786 1141.2777372451 0.0 0.0 100.0 100.0
24 6 2 7.8250088545475 0.028994667537722 0.028994667537722 0.01964054903237 0.019643866525444 1496.5073614165 1496.5040765036 0.55464136628177 0.55462742795133 0.0 0.0 0.0 0.0
25 13 2 7.9253236385349 0.027564452569057 0.027564452569057 0.018671444767454 0.018678717436911 1496.5092011064 1496.5058670833 0.55462967819839 0.5545990892721 1.8030048504586 1.8031042952351 164905644.0 164969876.0 82324498.0 82361108.0 136342.0 135833.0 1924.0 2036.0 0.082678795396475 0.082338062738193 0.0017500917069885 0.0019161073989048 49.922183378999 49.92493781107 49.993387733897 49.990808018792
26 7 2 8.0256556272905 0.028059480506771 0.028059480506771 0.019004283299453 0.019010436399916 1496.5066846475 1496.5042007637 0.55464191578518 0.55460663756888 50.000007149442 50.003468739486 49.999992850558 49.996531260514 1.0007504917381 1.0007634721723
27 12 2 8.1259617074442 0.02785188560371 0.02785188560371 0.018865563628689 0.018873059577884 1496.5064715267 1496.5029632757 0.55465683579103 0.55462900535114 5245721.0 5183382.0 0.045465628080487 0.053285673330656 0.035152460453005 0.044333988889879 99.918714700992 99.921499129333 12.59324925608 12.43865152685 0.0057255998700181 0.006628019219336 0.004426836964492 0.0055145503859645 12.583012795767 12.428887077102
1 7 2 8.2263036491319 0.0274269258371 0.0274269258371 0.018581612942736 0.0185819874911 1496.5070176248 1496.507615416 0.55462727591598 0.55461329423891 60.795663202526 60.872329229477 39.204336797474 39.127670770523 1.5624349178916 1.5422055674127
2 10 2 8.3265990589598 0.028430485381261 0.028430485381261 0.019258909158241 0.019261367499866 1496.509668292 1496.5031961814 0.55463696466061 0.55462449904233 0.20485053005246 0.21610605368171 5.824e-06 6.144e-06 0.027013256710214 0.040519885065321 7.68e-07 1.152e-06 0.23186378676267 0.25662593874703 6.592e-06 7.296e-06
3 5 2 8.426892917152 0.02809026955989 0.02809026955989 0.019024462262439 0.019031951871033 1496.5056665003 1496.5039098622 0.55471033331226 0.55468534287186 36.999944725424 37.000162436862
4 6 2 8.5271370278938 0.028429751683134 0.028429751683134 0.019251424078648 0.019251387846641 1496.5029774665 1496.5089420377 0.55476703732966 0.55475333013795 9124.7451926882 9124.9506112956 0.0 0.0
5 7 2 8.6274239186712 0.028000722156421 0.028000722156421 0.018967116054533 0.018969839342703 1496.5064604762 1496.5051956567 0.55469504174161 0.55464317831725 4.8331385088887e-05 1.900221903544e-05 1.6688831244724e-06 1.4433741288244e-06 0.034530008221431 0.07595818815331
6 8 2 8.7277584798992 0.028466328799253 0.028466328799253 0.019282670107946 0.019289907451196 1496.5126905956 1496.5001476553 0.55465401391054 0.55461879510212 11.987302609414 11.337232753628 0.0060761943021786 0.0049539852251969 0.001357572596312 0.0011316686628175 99.988338498373 99.988464962364
7 7 2 8.8280510998626 0.028824552833535 0.028824552833535 0.01952662745249 0.019525782793844 1496.5117176464 1496.5010915302 0.55468801461676 0.55468520102264 0.0 0.0 0.0 0.0 - -
8 10 2 8.9283008972177 0.029229699127522 0.029229699127522 0.01979689693288 0.01980112294351 1496.5080280291 1496.5072679202 0.55467436233749 0.55465341028306 497.48633869132 0.0 0.014541376 0.0 0.048170184505055 0.0 1.408e-06 0.0 497.53450887583 0.0 0.014542784 0.0
9 19 2 9.0286239185518 0.028556315515798 0.028556315515798 0.019341442951099 0.019354362831631 1496.5042812191 1496.5053656897 0.55464651977435 0.55460152959402 0.42279052734375 0.0 14.805499929074 0.0 0.01898193359375 0.0 0.6647192836642 0.0 0.0 0.0 0.0 0.0 0.0 0.0 0.0 0.0 513.03201184674 0.0 0.014650304 0.0 0.33841900908588 0.0 9.664e-06 0.0 513.37043085582 0.0 0.014659968 0.0 0.0 0.0
10 9 2 9.1289214832782 0.029142372746037 0.029142372746037 0.019742747293725 0.019742882257949 1496.5070661681 1496.5044527167 0.55465954482809 0.55466339301948 0.0 0.0 0.0 0.0 0.0 0.0 0.0 0.0 - -
11 7 2 9.2292409547814 0.029010281720819 0.029010281720819 0.019653816287262 0.019656923634699 1496.51122406 1496.5091418952 0.55465720416648 0.55464379220944 86652426.0 86668294.0 86785599.0 86801472.0 87853122.0 87869128.0
12 10 2 9.3295688085593 0.028912430847315 0.028912430847315 0.019583838243273 0.019592708744206 1496.5070570297 1496.5051294697 0.55462814760453 0.55459105895304 0.0 0.0 0.0 0.0 - - 0.0 0.0 0.0 0.0 - -
13 9 2 9.4298512391767 0.029496106728943 0.029496106728943 0.019977588665495 0.019984260336548 1496.5066099483 1496.5092436864 0.0 0.0 0.55463750741968 0.55461357973833 0.426025390625 0.0 14.443444843077 0.0 0.01904296875 0.0 0.6456095689169 0.0
14 10 2 9.5301558782024 0.029065745676 0.029065745676 0.019683330879561 0.019691468588167 1496.5114715471 1496.501077882 0.55464669525918 0.55461301365857 1.2638932580468 1.0679237459106 3.6736e-05 3.104e-05 0.50203425580954 0.41175616594905 1.4592e-05 1.1968e-05 1.7769370370101 1.4906894350134 5.1648e-05 4.3328e-05
15 19 2 9.6304918108118 0.028766589775722 0.028766589775722 0.019481663532722 0.01949032977572 1496.5091637238 1496.5045519096 0.55464047071998 0.55460354351875 0.42767333984375 0.0 14.867015630914 0.0 0.01910400390625 0.0 0.66410388075868 0.0 9127.8323237885 9132.5010732318 9127.8323237885 9132.5010732318 1140.9790404736 1141.562634154 0.0 0.0 518.6972844655 0.0 0.014921152 0.0 0.58957283891585 0.0 1.696e-05 0.0 519.28685730442 0.0 0.014938112 0.0 17.577630158349 17.586620852756
16 13 2 9.7307932514571 0.028267423237093 0.028267423237093 0.019145521547553 0.019159238985122 1496.5072994845 1496.5089260411 0.55465208261033 0.55458997924954 207.0 207.0 0.4093017578125 0.0 14.479627463016 0.0 0.0830078125 0.0 2.9365185430512 0.0 0.0 0.0 0.0 0.0 0.018310546875 0.0 0.64776144332012 0.0
17 9 2 9.831109261898 0.028681476264019 0.028681476264019 0.019428021594556 0.019434072792501 1496.5081411048 1496.5043878824 0.55466429803304 0.55464074986099 0.11263500707409 0.11263494040328 6.4650819630161e-08 7.7553534461617e-08 5.7398513401462e-07 6.8853886887982e-07 179.0 94.0 2.3144993427598e-06 1.215005373232e-06
18 8 2 9.9314070394874 0.02827852291221 0.02827852291221 0.019155501653677 0.019155481273173 1496.5081768832 1496.5043784154 0.55463907340488 0.55464262181428 0.11092161198538 0.11092160037192 1.835892987791e-07 1.9670428784793e-07 1.6551264942246e-06 1.7733632330256e-06 9.0153756522381 9.0153765961451
19 5 2 10.031646712714 0.028515424073534 0.028515424073534 0.01931337311005 0.01931707783269 1496.5109311071 1496.5047717719 0.55489819920413 0.55484097467893 6.3738317757009 6.4454545454545
20 6 2 10.131942235767 0.028845912507025 0.028845912507025 0.019531464425326 0.019540238458541 1496.5058272171 1496.5051582422 0.55527438605887 0.5550251173601 0.0 0.0 - -
21 7 2 10.232278605878 0.028766719305144 0.028766719305144 0.019490294449513 0.019489052597499 1496.5105129335 1496.5040634868 0.55460952853939 0.55461576155574 89.507616286264 89.031014659594 10.492383713736 10.968985340406 1.0094826156146 1.0045931113333
22 7 2 10.332592826458 0.028839060128841 0.028839060128841 0.019536936816971 0.019540386103967 1496.5118381724 1496.5078145162 0.55464724439623 0.55461544008827 3.893178510021e-07 3.5488326876156e-07 9.1604200235789e-08 3.4343542138215e-08 0.23529411764706 0.096774193548387
23 9 2 10.432904014419 0.028430229039817 0.028430229039817 0.019255939945328 0.019263346220307 1496.5093603764 1496.5055373029 0.5546353414702 0.55460526503659 9128.8989489503 9132.9073584443 9128.8989489503 9132.9073584443 1141.1123686188 1141.6134198055 0.0 0.0 100.0 100.0
24 6 2 10.533191412444 0.029095430558728 0.029095430558728 0.019709576439095 0.019709270731542 1496.5100955145 1496.5061818945 0.55465898799488 0.55465874081996 0.0 0.0 0.0 0.0
25 13 2 10.63351570371 0.029087075458085 0.029087075458085 0.019708016198326 0.019710436496344 1496.5074185268 1496.5067822779 0.55467942758406 0.55465950915972 1.8028431383431 1.8029078803948 174060612.0 174081988.0 86886957.0 86900749.0 151379.0 148719.0 1828.0 1788.0 0.086969130040747 0.085430435226877 0.0016000173548741 0.0015395044776258 49.917644205456 49.919437386021 49.993786647148 49.993592674275
26 7 2 10.733860678922 0.029308011891651 0.029308011891651 0.019853983629042 0.01986039986445 1496.5068596139 1496.5030300116 0.55472588163526 0.55469940472637 49.99200455282 49.994719692764 50.00799544718 50.005280307236 1.0010925503637 1.0011152456241
27 12 2 10.834205901418 0.028953451819002 0.028953451819002 0.01961241306791 0.019612333357496 1496.5110237 1496.5070963205 0.55463412387453 0.55462402734335 4022317.0 4067759.0 0.019640421180131 0.020969777216399 0.0068368554740961 0.0073750681886513 99.893046719093 99.897265300132 9.2885443402515 9.3935195561895 0.0018243092299286 0.0019698001237118 0.00063504435219033 0.00069277847258327 9.2786099373311 9.3838691520664
1 7 2 10.934539869347 0.029263914822633 0.029263914822633 0.019818878438177 0.019828005733454 1496.5066833517 1496.5071087954 0.55464274554239 0.554607341081 60.722163761848 60.716932302262 39.277836238152 39.283067697738 1.5602704100423 1.5552608885323
2 10 2 11.034847619796 0.028852523942367 0.028852523942367 0.01954451292948 0.019544492096076 1496.508099343 1496.5065041455 0.55463639263616 0.55462580754662 0.18632685344057 0.24178127410741 5.376e-06 6.976e-06 0.033272652400102 0.028836298746755 9.6e-07 8.32e-07 0.21959950584068 0.27061757285417 6.336e-06 7.808e-06
3 5 2 11.135104095616 0.029370075506772 0.029370075506772 0.019892184391941 0.019889475143673 1496.5104661715 1496.5063548994 0.55467258902791 0.55467018789514 36.999782218454 37.000079300464
4 6 2 11.235401616864 0.029309814433962 0.029309814433962 0.019850279359302 0.01985744740884 1496.5064997643 1496.5103781139 0.5546729896983 0.55461807940424 9127.6336328492 9131.8315441078 0.0 0.0
5 7 2 11.335678883515 0.029358241227728 0.029358241227728 0.019885478753383 0.019887527673337 1496.5095149212 1496.5021890003 0.55466409495086 0.55465100271345 3.8618183047459e-05 1.9818206292673e-05 9.8535108855146e-07 1.5662572213458e-06 0.025515210991168 0.079031230082855
6 8 2 11.436006704684 0.029863568113221 0.029863568113221 0.020232471318627 0.020236691894456 1496.5117343615 1496.5022343958 0.55463818875249 0.55461164239636 10.47140937869 10.189847404345 0.005849151523826 0.0048184449985022 0.0020549257936748 0.0010921510261352 99.988565837741 99.988899448587
7 7 2 11.536265252069 0.028896669924593 0.028896669924593 0.019568099965555 0.01957617834425 1496.5042583144 1496.5065417094 0.55480278598291 0.55473894602201 0.0 0.0 0.0 0.0 - -
8 10 2 11.636523467025 0.028314617236845 0.028314617236845 0.019174891664727 0.019176159784946 1496.5051001113 1496.5048895823 0.55465783273983 0.55464415974454 517.6780557332 0.0 0.014657856 0.0 6.2113500786138 0.0 0.000175872 0.0 523.88940581182 0.0 0.014833728 0.0
9 19 2 11.736855209403 0.028613832014134 0.028613832014134 0.019385536396916 0.019393362057368 1496.5116094923 1496.5053061603 0.55462943366861 0.55460209438439 0.42352294921875 0.0 14.80133625617 0.0 0.0189208984375 0.0 0.66125007053072 0.0 0.0 0.0 0.0 0.0 0.0 0.0 0.0 0.0 500.7592129891 0.0 0.01432864 0.0 1.4896292107588 0.0 4.2624e-05 0.0 502.24884219986 0.0 0.014371264 0.0 0.0 0.0
10 9 2 11.837161813109 0.028956807808581 0.028956807808581 0.019613787166747 0.019620013637023 1496.5102846564 1496.5048569395 0.55463505633368 0.55460790689037 0.0 0.0 0.0 0.0 0.0 0.0 0.0 0.0 - -
11 7 2 11.9374748643 0.028697356752362 0.028697356752362 0.019442836409015 0.019441515752387 1496.5072617382 1496.5077731604 0.55466769788612 0.55466626304174 85720717.0 85715155.0 85852420.0 85846831.0 86908412.0 86902724.0
12 10 2 12.037810962671 0.029247648463423 0.029247648463423 0.019816939120042 0.019819302352651 1496.509516122 1496.5067066116 0.55468210364053 0.55466486608666 0.0 0.0 0.0 0.0 - - 0.0 0.0 0.0 0.0 - -
13 9 2 12.138098218486 0.029275506347235 0.029275506347235 0.019821585421945 0.019823936879151 1496.5106382559 1496.5048084778 0.0 0.0 0.55461466844537 0.55461260558914 0.4228515625 0.0 14.443868450457 0.0 0.01904296875 0.0 0.65047444522845 0.0
14 10 2 12.238415562265 0.02901694297517 0.02901694297517 0.019654828066037 0.019654396452263 1496.5108525193 1496.5080926562 0.55467353557387 0.55467729214556 1.0983927571996 1.2329348419168 3.1872e-05 3.5776e-05 0.32642997603522 0.50067300378375 9.472e-06 1.4528e-05 1.4336451650196 1.7490471013239 4.16e-05 5.0752e-05
15 19 2 12.338745894312 0.02929156618401 0.02929156618401 0.019837632577517 0.019849157978708 1496.5111323664 1496.5071207394 0.55463936645009 0.55459946617635 0.42626953125 0.0 14.552637048227 0.0 0.01885986328125 0.0 0.64386667352549 0.0 9128.0516145962 9134.0118284988 9128.0516145962 9134.0118284988 1141.0064518245 1141.7514785624 0.0 0.0 496.4661810381 0.0 0.014542272 0.0 0.17260941146807 0.0 5.056e-06 0.0 496.63879044957 0.0 0.014547328 0.0 18.379658999921 18.391660104179
16 13 2 12.43905670546 0.028560991256206 0.028560991256206 0.019344668052556 0.019355129591463 1496.5112760649 1496.5035122596 0.5546620182608 0.55461862108666 207.0 207.0 0.4114990234375 0.0 14.407729050654 0.0 0.08660888671875 0.0 3.0324187960364 0.0 0.0 0.0 0.0 0.0 0.01824951171875 0.0 0.63896632841078 0.0
17 9 2 12.539391213246 0.02939906654658 0.02939906654658 0.019916310832009 0.019920016460449 1496.5090244487 1496.5073631217 0.55463410127496 0.55461948466894 0.11263574404889 0.11263463424619 1.1351220965705e-07 5.0439156714296e-08 1.0077814162419e-06 4.478121410156e-07 86.0 162.0 1.0846722256118e-06 2.042785846929e-06
18 8 2 12.639677154744 0.028587044786106 0.028587044786106 0.019362262767696 0.019368509165575 1496.506978227 1496.5117488012 0.55464396971266 0.55461146029944 0.1109216013774 0.11092160731474 2.7244564884449e-07 1.8156121375228e-07 2.4562001040493e-06 1.6368426147766e-06 9.0153765144228 9.0153760318539
19 5 2 12.73996191508 0.029052557225722 0.029052557225722 0.019679639291023 0.019679988024084 1496.5077787532 1496.5085275913 0.55468111319647 0.55466209691798 6.2266666666667 6.2133333333333
20 6 2 12.840252852067 0.031549393545441 0.031549393545441 0.021370922169198 0.021369524972457 1496.5091000211 1496.5081606721 0.5546430816479 0.55464441732778 0.0 0.0 - -
21 7 2 12.940580971244 0.03232995414908 0.03232995414908 0.021898580198853 0.021905676690179 1496.5099894196 1496.5047568826 0.55467868148646 0.55464413543253 87.167057047725 87.067136367051 12.832942952275 12.932863632949 1.0058087541256 1.0039203098757
22 7 2 13.04089170087 0.031701909458388 0.031701909458388 0.021467722314521 0.021473032115038 1496.5045911903 1496.5026653877 0.55484712471968 0.55474901846587 1.1466827744323e-06 8.2317750246299e-07 8.6522427525349e-07 5.0015848250916e-07 0.75454545454545 0.60759493670886
23 9 2 13.141213179626 0.032278624265813 0.032278624265813 0.021864282075928 0.021864535699972 1496.5090197407 1496.5051169619 0.55482887539107 0.55483471833997 9126.4709912686 9126.4781786877 9126.4709912686 9126.4781786877 1140.8088739086 1140.809772336 0.0 0.0 100.0 100.0
24 6 2 13.241510306851 0.0323156008398 0.0323156008398 0.021885214211744 0.021892941139979 1496.5113573955 1496.5086769055 0.5547365152542 0.55470347818981 0.0 0.0 0.0 0.0
25 13 2 13.341844188729 0.030171201397163 0.030171201397163 0.020442159072951 0.02044157528475 1496.5098035787 1496.5063467292 0.55461731108358 0.55461372548993 1.8030450546995 1.8030567114375 180544540.0 180539384.0 90133656.0 90131657.0 150814.0 146654.0 1724.0 2040.0 0.083532850121084 0.081231029347037 0.0014932603334335 0.0017298164704052 49.923224485216 49.923542998241 49.99174940433 49.993496155941
26 7 2 13.442173746317 0.028748671237027 0.028748671237027 0.019471424367754 0.019478794410727 1496.5079253354 1496.5143793699 0.55463264622127 0.55460589858105 50.000807112639 50.003574830432 49.999192887361 49.996425169568 1.0005984683084 1.0006390172722
27 12 2 13.542515976955 0.028456968260436 0.028456968260436 0.019279724898737 0.019279769735845 1496.5120546564 1496.506766754 0.55462780770181 0.55462900360971 5497049.0 5437094.0 0.013006978835371 0.013775741232357 0.005712155740289 0.0061245952341453 99.929634973237 99.928307290623 12.91311953498 12.772249522359 0.001679606724901 0.001759472043751 0.00073761749876772 0.00078224858553952 12.904033214963 12.763092750628
1 7 2 13.642868973028 0.028683023370686 0.028683023370686 0.01943267876606 0.019435994900433 1496.5144727031 1496.5066979467 0.55462575483159 0.55460966103733 60.778724601297 60.690110753159 39.221275398703 39.309889246841 1.5502507713828 1.5579115357813
2 10 2 13.743162906401 0.028256021930523 0.028256021930523 0.019136790539844 0.019143483044301 1496.5069310223 1496.5046860015 0.5546810474013 0.55465848022514 0.22650039045611 0.24009041388348 6.4e-06 6.784e-06 0.033975058568417 0.0407700702821 9.6e-07 1.152e-06 0.26047544902453 0.28086048416558 7.36e-06 7.936e-06
3 5 2 13.843440800772 0.028780553590934 0.028780553590934 0.019496027711604 0.019495341115085 1496.5083790127 1496.507701549 0.55463088051471 0.55463303620066 36.999975192233 36.999938517561
4 6 2 13.943730305688 0.028470370479551 0.028470370479551 0.019284225819714 0.019289014332242 1496.5085001176 1496.5097317053 0.55463734644167 0.55462443877645 9129.3884702584 9131.8626214132 0.0 0.0
5 7 2 14.04400949807 0.028781754681942 0.028781754681942 0.019493453880459 0.019500398650259 1496.5080758293 1496.5057257887 0.55466594249722 0.55463733030157 4.0709402380947e-05 1.668160260504e-05 1.2886800373836e-06 1.4427331982738e-06 0.031655587211143 0.086486486486486
6 8 2 14.144339360007 0.028630949825491 0.028630949825491 0.019395901921007 0.019394947207642 1496.5095272268 1496.5055907049 0.55463631056701 0.55461989920643 12.007173584967 11.877388838415 0.0084061070648029 0.0057257747595566 0.0039391951717563 0.0016112498303809 99.98777378428 99.987523321966
7 7 2 14.244637483612 0.027965082543465 0.027965082543465 0.018943040339273 0.018946214263022 1496.5097474457 1496.510615461 0.55467980984123 0.5546625880044 0.0 0.0 0.0 0.0 - -
8 10 2 14.34487714144 0.028593098248552 0.028593098248552 0.019362300358402 0.019369594767062 1496.5077009074 1496.5105297071 0.55465272448707 0.55462632650093 508.53111032612 0.0 0.01454048 0.0 0.44766047697011 0.0 1.28e-05 0.0 508.97877080309 0.0 0.01455328 0.0
9 19 2 14.445200715312 0.028326647168723 0.028326647168723 0.019187889896972 0.019195612749106 1496.5078992051 1496.5067273351 0.55464881130809 0.55461797803461 0.40728759765625 0.0 14.378249399948 0.0 0.018310546875 0.0 0.64640713621827 0.0 0.0 0.0 0.0 0.0 0.0 0.0 0.0 0.0 511.83692562134 0.0 0.014498624 0.0 0.024852923673131 0.0 7.04e-07 0.0 511.86177854502 0.0 0.014499328 0.0 0.0 0.0
10 9 2 14.545507701266 0.028405071346271 0.028405071346271 0.019241100221364 0.019246199423345 1496.5105089767 1496.5095503516 0.55464003606683 0.55461886022301 0.0 0.0 0.0 0.0 0.0 0.0 0.0 0.0 - -
11 7 2 14.645838306865 0.027656651249584 0.027656651249584 0.018736901057062 0.018741556416966 1496.5087911042 1496.5107013633 0.55475297806893 0.55472134276259 82596470.0 82621948.0 82723211.0 82748642.0 83740226.0 83765824.0
12 10 2 14.746165099951 0.028327313837639 0.028327313837639 0.019189437003639 0.019189251314607 1496.5118268061 1496.5039527002 0.55464698055302 0.55465222856188 0.0 0.0 0.0 0.0 - - 0.0 0.0 0.0 0.0 - -
13 9 2 14.846451704495 0.028141982596623 0.028141982596623 0.019056922516847 0.019070067035818 1496.5066107478 1496.5076089733 0.0 0.0 0.55466264477616 0.55460594865563 0.40618896484375 0.0 14.433558952328 0.0 0.01837158203125 0.0 0.65281761752828 0.0
14 10 2 14.946764746629 0.028456937463231 0.028456937463231 0.019279176889642 0.019278185491371 1496.5111667224 1496.5087431412 0.55464885412237 0.55465466025031 1.0277985829568 1.1312531449175 2.9248e-05 3.2192e-05 0.36209096686226 0.45205145552369 1.0304e-05 1.2864e-05 1.3988855986852 1.5923006493073 3.9808e-05 4.5312e-05
15 19 2 15.047094473602 0.02800997762242 0.02800997762242 0.018975413183966 0.018984368830113 1496.5149311923 1496.5062930796 0.55463697435006 0.55460360801759 0.4134521484375 0.0 14.760888209584 0.0 0.01837158203125 0.0 0.65589420594699 0.0 9130.8502794121 9135.7114043239 9130.8502794121 9135.7114043239 1141.3562849265 1141.9639255405 0.0 0.0 511.61426093142 0.0 0.014330304 0.0 0.05483760182552 0.0 1.536e-06 0.0 511.66909853324 0.0 0.01433184 0.0 17.845225176949 17.854725701654
16 13 2 15.14739728744 0.028221207501509 0.028221207501509 0.01910128272081 0.019122133787512 1496.5128169017 1496.5047234518 0.55470174201549 0.55460502137648 207.0 207.0 0.42816162109375 0.0 15.171626553217 0.0 0.08612060546875 0.0 3.0516272368624 0.0 0.0 0.0 0.0 0.0 0.01922607421875 0.0 0.68126334487005 0.0
17 9 2 15.247716930139 0.028609224208738 0.028609224208738 0.019381726148558 0.019381434028007 1496.5052395227 1496.5110309056 0.55462626597601 0.55461711600062 0.1126352374915 0.11263405306574 7.7760962257693e-08 2.5920283800151e-08 6.9037864161789e-07 2.3012830573558e-07 145.0 198.0 1.8792232545609e-06 2.5661080962149e-06
18 8 2 15.34799568502 0.027990231179009 0.027990231179009 0.018961031794882 0.018963649557334 1496.5076973925 1496.511475967 0.55467013801829 0.55465793826181 0.11092160821656 0.11092159438775 1.4573635379434e-07 1.9869958802687e-07 1.3138680202852e-06 1.7913517122038e-06 9.0153759585563 9.015377082521
19 5 2 15.44828618994 0.028297633483911 0.028297633483911 0.019166069171202 0.019172456873906 1496.5130232147 1496.5112356176 0.5546661003774 0.55463418976278 5.9868421052632 6.12
20 6 2 15.548580609728 0.028250071729295 0.028250071729295 0.019133791435526 0.019136587187709 1496.510909126 1496.5064876909 0.55467242204842 0.55465715417216 0.0 0.0 - -
21 7 2 15.648899007858 0.028533990259341 0.028533990259341 0.019332471453449 0.019336276719906 1496.509345703 1496.5087886105 0.55467271343667 0.55466079235703 88.795829391463 88.3278550525 11.204170608537 11.6721449475 1.0121690365954 1.0020671348285
22 7 2 15.749207974797 0.02850990050418 0.02850990050418 0.019311248555783 0.019318419322721 1496.5126146236 1496.5102464404 0.55464608053429 0.55461961428054 3.1277662630929e-07 2.3158930721136e-07 0.0 0.0 0.0 0.0
23 9 2 15.849524691762 0.028866649895807 0.028866649895807 0.019556972210632 0.019555839054636 1496.5128223053 1496.5147129614 0.5546192107826 0.55462332695975 9131.7087695129 9131.10987771 9131.7087695129 9131.10987771 1141.4635961891 1141.3887347138 0.0 0.0 100.0 100.0
24 6 2 15.949809274561 0.028473292590856 0.028473292590856 0.019287929183654 0.019292003472758 1496.5131821124 1496.5115848522 0.55464386168558 0.5546264531608 0.0 0.0 0.0 0.0
25 13 2 16.050097087442 0.029225001647911 0.029225001647911 0.019795554989948 0.019797074016811 1496.5111910109 1496.5086056465 0.55462762821648 0.55461672981057 1.8030115146188 1.8030469444035 174833752.0 174847168.0 87281244.0 87289655.0 146923.0 143408.0 2080.0 2088.0 0.084035833081017 0.082019057923775 0.0018245904829635 0.0017992856481381 49.922422302074 49.923402248071 49.991717274362 49.992779408357
26 7 2 16.150430259173 0.029278689328985 0.029278689328985 0.019832478574627 0.01983359406752 1496.51432056 1496.5089927197 0.55487969884264 0.55481883933114 49.980078769188 49.985696157336 50.019921230812 50.014303842664 1.0018313946907 1.0017128266066
27 12 2 16.250778469904 0.028971786119969 0.028971786119969 0.019621587917695 0.019630169921277 1496.5129246567 1496.5105336927 0.55464526444442 0.55460674284398 4549190.0 4568432.0 0.025828773913598 0.017642814865144 0.015783029506352 0.0077926080545798 99.906356955854 99.905941469633 10.500314834716 10.540118697554 0.0027121025788749 0.0018595736283758 0.0016572677886231 0.00082135013858784 10.49048202026 10.530204816808
1 7 2 16.351141897171 0.029168895480419 0.029168895480419 0.019763505515912 0.019762692560271 1496.5093182945 1496.5097740183 0.55464384113528 0.55464037039952 60.819015257757 60.698292813084 39.180984742243 39.301707186916 1.5506696858359 1.5548583984264
2 10 2 16.451434321482 0.031432949312126 0.031432949312126 0.021290343998878 0.021290631137528 1496.5144859268 1496.5088635478 0.55467437931503 0.55467188587843 0.17713896156261 0.27079864238881 5.568e-06 8.512e-06 0.030541200269415 0.032577280287376 9.6e-07 1.024e-06 0.20768016183202 0.30337592267619 6.528e-06 9.536e-06
3 5 2 16.551712619839 0.029066471221925 0.029066471221925 0.019686521560612 0.019693537888624 1496.5135804882 1496.508105258 0.55467399210374 0.55464851399845 36.999907062899 37.000131341779
4 6 2 16.652003475303 0.028298830951718 0.028298830951718 0.019170470907063 0.019169234036949 1496.5127273838 1496.5065593854 0.55462469780357 0.55462770627439 9130.7540032607 9130.1184999768 0.0 0.0
5 7 2 16.752290116986 0.029100060103328 0.029100060103328 0.019713317846641 0.019715938326494 1496.5132765313 1496.5063986821 0.5546362289018 0.55462686645509 3.3436032327495e-05 1.6346038005774e-05 1.0703607909716e-06 1.3377505772457e-06 0.032012195121951 0.081839438815277
6 8 2 16.852617204457 0.028901363781004 0.028901363781004 0.019578072825277 0.019585455549453 1496.5153576648 1496.5097956743 0.55464896045915 0.55462547690667 12.73410420443 12.632010885074 0.0054894671975881 0.0049832880636492 0.0012584366436949 0.0015285166636066 99.988963233038 99.988299100881
7 7 2 16.952917332598 0.028767201190828 0.028767201190828 0.019487045344352 0.019486842445117 1496.516907993 1496.5121699751 0.55467114182398 0.55467185196403 0.0 0.0 0.0 0.0 - -
8 10 2 17.053162571966 0.028304937856373 0.028304937856373 0.019170907502738 0.019174028890077 1496.5159457229 1496.5171102944 0.55465092664247 0.55463881961708 496.11244763211 0.0 0.014042432 0.0 0.4341291990236 0.0 1.2288e-05 0.0 496.54657683113 0.0 0.01405472 0.0
9 19 2 17.153501875964 0.028928859344753 0.028928859344753 0.019595413010573 0.019607866404024 1496.5110794371 1496.5131835213 0.55466373058013 0.55460581605359 0.426025390625 0.0 14.72665705716 0.0 0.01898193359375 0.0 0.65615907518291 0.0 0.0 0.0 0.0 0.0 0.0 0.0 0.0 0.0 506.7437960584 0.0 0.01465952 0.0 1.6349071851178 0.0 4.7296e-05 0.0 508.37870324352 0.0 0.014706816 0.0 0.0 0.0
10 9 2 17.253813908131 0.028706943741218 0.028706943741218 0.019448258981652 0.019447936516796 1496.5138123323 1496.5085566992 0.55465634161085 0.55465059100568 0.0 0.0 0.0 0.0 0.0 0.0 0.0 0.0 - -
11 7 2 17.354116531751 0.028239755571313 0.028239755571313 0.01912420263507 0.019131642424655 1496.5141341249 1496.5062773733 0.5546484718147 0.55461557800016 84319259.0 84356981.0 84448745.0 84486565.0 85487318.0 85525658.0
