1 7 1 0.10065213949829 0.10066647924602 0.001443589858632 1496.5846857752 1.4705260885131 32.089112545217 67.910887454783 9.939717321627
2 10 1 0.2007794556428 0.070438657883055 1.0606032857018e-05 1502.7516226091 3.7752700306303 1.0621440306857 7.4816e-05 0.053606927126139 3.776e-06 1.1157509578119 7.8592e-05
3 5 1 0.30089528531513 0.070537463645295 9.3365516844915e-06 1490.2332926161 3.396770472895 1.9704749679076
4 6 1 0.40100878435953 0.070448261193359 8.6236856960661e-06 1498.3004839547 3.6716158889317 0.0 0.0
5 7 1 0.50112594374886 0.070289466897682 9.5186178390957e-06 1496.7519391217 3.4454098360656 0.43590163934426 0.1872131147541 0.42948476871004
6 8 1 0.60124369281513 0.06989449475581 8.8188859762512e-06 1497.8384434579 3.7547242576167 74.491577649959 26.360928512736 22.088126540674 56.34244042728
7 7 1 0.70136153427319 0.070495312160198 8.7427986280584e-06 1499.3320877482 3.7223293482453 40.0 0.0077130736598535 40.175
8 10 1 0.80147171445992 0.070051347012505 9.2337431842548e-06 1496.3592697032 3.9313536444273 522.5241420906 0.03660352 121.48345981814 0.00851008 644.00760190874 0.0451136
9 19 1 0.90160209130859 0.069839025267374 9.7726952339538e-06 1496.7321796995 3.2963641918729 0.86993408203125 12.456274678817 0.04571533203125 0.65458147298351 0.00010023049395665 0.0 0.0 0.00010023049395665 500.75842075559 0.03497248 0.083391770971935 5.824e-06 500.84181252656 0.034978304 2.0012405404219e-07
10 9 1 1.0019954957794 0.069548827215566 1.2238287636106e-05 1019.6928641582 5.210566910914 0.00010064871372027 0.0 0.0 0.00010064871372027 0.0
11 7 1 1.1020582681133 0.051553986396109 0.034877421837496 1496.504342082 0.42524567604544 203908407.0 202223126.0 202300115.0
12 10 1 1.2021105594151 0.057224984791294 0.038720873234558 1496.5013070447 0.42498665542293 47.0 2.3363138036488e-07 35.765957446809 2.0 9.9417608665907e-09 48.0
13 9 1 1.3021666297219 0.044705183930761 0.030240811013323 1496.4999825598 0.0 0.42506891026817 0.6307373046875 14.108818021292 0.0294189453125 0.65806563637147
14 10 1 1.4022233223144 0.044815543194504 0.030311729403748 1496.5058923243 0.42608001343533 3.8386681882526 0.000172032 0.75830833629543 3.3984e-05 5.953648689295 0.000266816
15 19 1 1.5022909805432 0.056210119965681 0.03801427494144 1496.5070796631 0.45789399704129 0.83807373046875 14.909659167787 0.0386962890625 0.68842210417138 11313.121274038 11313.121274038 1414.1401592548 0.0 652.76103346519 0.036691776 33.581426283247 0.001887616 686.34245974843 0.038579392 16.483201808883
16 13 1 1.6023610708496 0.03854852270947 0.026074376975398 1496.499147468 0.4251406733186 205.0 0.55169677734375 14.311748896365 0.09539794921875 2.4747498091623 0.0 0.0 0.0255126953125 0.66183328229677
17 9 1 1.7024179609069 0.043624251736071 0.029512536431087 1496.5022840981 0.4252302646268 0.12672148483935 5.1226001018216e-06 4.0424085215825e-05 3516.0 2.2944027971981e-05
18 8 1 1.8024659260995 0.055645372493344 0.037652225523389 1496.5034839984 0.42521467921537 0.1110172124776 0.0008679709009381 0.0078183452958994 9.0076122223099
19 5 1 1.9025165153998 0.04337998870333 0.029346679599053 1496.5065689298 0.42526815836025 5.7507306353318
20 6 1 2.0025655086773 0.043539369052748 0.029442381178648 1496.5091569397 0.42588651045641 1.0 8.0
21 7 1 2.1026195989014 0.055450067140155 0.037517209882723 1496.5013123497 0.42538731548342 94.164893025053 5.8351069749472 1.0739096741742
22 7 1 2.2026748693852 0.043120364178469 0.029172550532407 1496.5037751295 0.42507887672441 1.5241316832761e-06 1.7722461433443e-08 0.011627906976744
23 9 1 2.3027261172034 0.043222179919971 0.029227220650787 1496.5050450408 0.42532180491345 12177.996042185 12177.996042185 1522.2495052731 0.0 100.0
24 6 1 2.4027745552245 0.042844437939258 0.028993722166209 1496.5047327763 0.42515060987691 0.0 0.0
25 13 1 2.5028288003406 0.042807124341384 0.028960512756128 1496.5033462486 0.42526445917169 2.3514779531488 255777932.0 166798112.0 3209072.0 3005592.0 1.2546320845224 2.1532831065348 65.212080923385 31.380003885558
26 7 1 2.6028826931 0.042632783770027 0.028831253938575 1496.5076292465 0.4261434136409 66.493845552059 33.506154447941 2.0690319136749
27 12 1 2.7029387960156 0.042577504499962 0.028809294586406 1496.5009070461 0.42521841121678 3645803.0 0.12222273117884 0.0987711074899 87.392516820026 5.7314398646955 0.0070051223385035 0.0056610066294774 5.0088495477837
1 7 1 2.8029953500204 0.042253908631307 0.028587238189714 1496.5052385716 0.42522243080614 76.851484079677 23.148515920323 1.0014655213183
2 10 1 2.9030434184744 0.042350831231679 0.028651141145476 1496.5064368671 0.42506477996354 1.5837233425971 6.7072e-05 0.12240609804424 5.184e-06 1.7061294406413 7.2256e-05
3 5 1 3.0030928121164 0.041970639962995 0.028377851695199 1496.5076149838 0.425239437701 72.950003630616
4 6 1 3.1031619794108 0.021665984717202 0.01464861480812 1496.5122971324 0.42540086243173 12173.590789556 0.0
5 7 1 3.203211998056 0.04219159943375 0.028536691280965 1496.5069077377 0.4258461419761 0.00010875826995736 1.6065026577718e-05 0.147713149391
6 8 1 3.303266349151 0.041876428427303 0.028328168468432 1496.5056948837 0.42537771897482 5.9560556379222 0.014158664074408 0.0094407081480778 97.951222443005
7 7 1 3.4033179502318 0.042204705479476 0.028553031944792 1496.5019115626 0.42518963277267 44.0 2.9674696000949e-07 40.545454545455
8 10 1 3.5033655857125 0.041897058062483 0.028344043097251 1496.5043866445 0.42501825094261 510.20899768477 0.021376256 0.7271154923233 3.0464e-05 510.93611317709 0.02140672
9 19 1 3.603418874302 0.042106002978637 0.028489468211791 1496.5022001598 0.4252949520781 0.58935546875 13.996946446069 0.0274658203125 0.65230177099535 0.00016624707891536 0.0 0.0 0.00016624707891536 505.79847274522 0.021297152 0.12919772989994 5.44e-06 505.92767047512 0.021302592 3.2859851045356e-07
10 9 1 3.7034751728708 0.041995618352445 0.028411902142218 1496.5042370009 0.42521700887909 0.0001666840559711 0.0 0.0 0.0001666840559711 0.0
11 7 1 3.803526708734 0.042147876382592 0.028503940659478 1496.5088312527 0.42623856062804 166256306.0 164882689.0 164948389.0
12 10 1 3.9035815226937 0.042013818627293 0.028424523584 1496.5041288687 0.42515505306006 44.0 2.9806432152188e-07 40.409090909091 2.0 1.3548378250994e-08 45.0
13 9 1 4.0036374679998 0.042454877057125 0.028722583542222 1496.5031747712 0.0 0.42518997490856 0.60064697265625 14.147890991371 0.02752685546875 0.64837911158502
14 10 1 4.103691031953 0.042465568235348 0.028729463559522 1496.5070328347 0.42510029802637 1.6337000276439 6.9376e-05 0.45815941734661 1.9456e-05 3.1483388909114 0.000133696
15 19 1 4.2037441801433 0.042306978650869 0.028624887387142 1496.5010503217 0.42510677992485 0.589111328125 13.924684458953 0.02752685546875 0.65064574088144 12191.207418907 12191.207418907 1523.9009273633 0.0 505.15202648632 0.021371456 0.025716797433788 1.088e-06 505.17774328375 0.021372544 24.132510944883
16 13 1 4.3038027894124 0.042417915816137 0.028685377734757 1496.5054369714 0.42518315665643 204.0 0.588623046875 13.87675550648 0.099365234375 2.3425298594515 0.0 0.0 0.0274658203125 0.64750518228081
17 9 1 4.4038603479514 0.042146651738607 0.028500982310916 1496.5077113063 0.4261153330542 0.12669457100373 6.4056268543054e-06 5.0559600175109e-05 4515.0 3.0572309986458e-05
18 8 1 4.5039130613568 0.042086824437883 0.028470569110881 1496.5018719615 0.42529316300506 0.11101786844837 0.0008681603022686 0.007820005143337 9.0075589990725
19 5 1 4.6039714224362 0.039709315822502 0.026852284059501 1496.5068719688 0.42551922937027 5.7537191447205
20 6 1 4.7040199392621 0.054173299698245 0.03665310262663 1496.5033463167 0.4252867177465 1.0 8.0
21 7 1 4.8040703772934 0.042050252691654 0.02844717134551 1496.5010995489 0.42513588862183 94.154768769836 5.845231230164 1.0851465167253
22 7 1 4.9041194212959 0.042358569496151 0.028656706844416 1496.5021334933 0.42511108143577 1.3592276382605e-06 1.8042844755671e-08 0.013274336283186
23 9 1 5.0041708865065 0.054241448599776 0.036684025340157 1496.5033219906 0.42571311624194 12168.717632713 12168.717632713 1521.0897040892 0.0 100.0
24 6 1 5.1042210292465 0.042380393883857 0.028673559286239 1496.5032367058 0.42510879804872 0.0 0.0
25 13 1 5.2042714310458 0.042480034795324 0.028736546476417 1496.5052779548 0.42515179166225 2.3521011074426 253799872.0 165552290.0 2743751.0 3031960.0 1.0810687091284 2.1914329413058 65.229461581446 31.498036768119
26 7 1 5.3043237304998 0.054366325148393 0.036774773089904 1496.5026259148 0.42510530649404 66.646184295453 33.353815704547 2.0248602852403
27 12 1 5.4043795145732 0.042513819389525 0.028761648960708 1496.5051051049 0.4254671954902 3936964.0 0.44473355611075 0.4267755559868 88.315971393185 6.1994166983674 0.027570886340773 0.026457595082396 5.4750750778745
1 7 1 5.504444042351 0.040609818646376 0.027468988773937 1496.5046782348 0.42518005786904 76.84808787425 23.15191212575 1.0017967812894
2 10 1 5.6044955700619 0.054448320135691 0.036829822739222 1496.505286938 0.42581508623905 2.8445322025367 0.00015488 0.46076719974974 2.5088e-05 3.3052994022864 0.000179968
3 5 1 5.7045454256627 0.042112240329585 0.028489967761464 1496.4987722752 0.42513645394335 72.950198961639
4 6 1 5.8045922296174 0.042297063744758 0.028614411336838 1496.5011102751 0.42518551845075 12187.344519012 0.0
5 7 1 5.9046381332052 0.053853745517061 0.036439357414026 1496.5001491615 0.42504598801209 2.9293409882974e-05 6.8360094478933e-06 0.23336339044184
6 8 1 6.0046882985902 0.042039051547038 0.028442780018558 1496.5003597188 0.42514951963966 6.2873599741152 0.012752913612426 0.0078947366325891 97.943696579062
7 7 1 6.1047443172663 0.041912494736148 0.02833958066486 1496.5043636356 0.43881611890523 52.0 3.6466632669947e-07 47.076923076923
8 10 1 6.2047944418902 0.05369873837856 0.036321290683071 1496.5027401082 0.42576372715249 531.42224308558 0.028536704 6.8208678836715 0.000366272 538.24311096925 0.028902976
9 19 1 6.3048528020638 0.041800605573226 0.028271536836333 1496.5051967975 0.42512989065009 0.578857421875 13.848063058822 0.02685546875 0.64246602128658 0.00016746168874844 0.0 0.0 0.00016746168874844 511.00197490157 0.021360192 1.1375911747666 4.7552e-05 512.13956607634 0.021407744 3.2698447814025e-07
10 9 1 6.404905269997 0.041853983565388 0.028313414769297 1496.5020672434 0.42515315492796 0.00016724811842734 0.0 0.0 0.00016724811842734 0.0
11 7 1 6.5049543629127 0.054059192226802 0.036577041999589 1496.5041313413 0.42501718820627 213967270.0 212247081.0 212272513.0
12 10 1 6.6050058534857 0.041698143995066 0.02820964068438 1496.4995769322 0.42511941350844 42.0 2.8665917089336e-07 40.404761904762 2.0 1.3650436709208e-08 45.0
13 9 1 6.7050573558342 0.042049350513097 0.028444309917737 1496.5021041891 0.0 0.42534864237852 0.5889892578125 14.007095249403 0.0274658203125 0.65318060748513
14 10 1 6.8051119578363 0.054099717797732 0.036594941548252 1496.5073948947 0.42572640636024 3.302937746701 0.000178688 0.66839535346922 3.616e-05 5.0786216857404 0.000274752
15 19 1 6.9051683949927 0.042106521097246 0.028487449179658 1496.5044338376 0.42520632371263 0.58941650390625 13.998223756006 0.02752685546875 0.65374328610944 12187.577283215 12187.577283215 1523.4471604019 0.0 505.98224324435 0.021305152 0.22799318846192 9.6e-06 506.21023643281 0.021314752 24.076117798603
16 13 1 7.0052239326881 0.041913296370709 0.028339025408378 1496.5033768139 0.42523560465534 204.0 0.58990478515625 14.074406840701 0.0992431640625 2.3678205404015 0.0 0.0 0.027587890625 0.65821333595416
17 9 1 7.1052787076983 0.054283171640638 0.036727119764891 1496.5021498948 0.42519268893136 0.12670370500928 3.5234763171034e-06 2.7808786782086e-05 3608.0 1.8917712131115e-05
18 8 1 7.2053260569456 0.042384959124749 0.028677216460862 1496.4995542413 0.42544638448634 0.11101784405105 0.00086814112490838 0.0078198341206226 9.0075609785768
19 5 1 7.3053728355379 0.042088095277759 0.028463198149025 1496.5063154297 0.42496822868692 5.7510270455324
20 6 1 7.4054343868511 0.053603838433527 0.036253033538229 1496.5015757178 0.42592575466877 1.0 8.0
21 7 1 7.5054904019039 0.041961083754383 0.028387162884434 1496.5012280868 0.42521553633912 94.037949165147 5.9620508348528 1.0658796248098
22 7 1 7.6055445147731 0.042284677811435 0.028600787625404 1496.5019690694 0.42536899928379 1.8089078654847e-06 6.6929591022935e-07 0.37
23 9 1 7.7056031104551 0.033628510969953 0.022748652428194 1496.4994470229 0.42522992165968 12185.220105824 12185.220105824 1523.152513228 0.0 100.0
24 6 1 7.8056515720271 0.042218316056785 0.028562889332491 1496.500509218 0.42497683422182 0.0 0.0
25 13 1 7.9057022682119 0.041958321059002 0.028383933248244 1496.5021777836 0.42501576090286 2.3528539221127 250685608.0 163573269.0 3146279.0 2947716.0 1.2550696568109 2.1552800909097 65.250362916726 31.339287335554
26 7 1 8.0057567270974 0.054185438347687 0.036652437315234 1496.5027019983 0.42563200593847 66.559306021581 33.440693978419 2.0564064348955
27 12 1 8.1058247096031 0.041919045494507 0.028366157794423 1496.4985536399 0.42515186030464 4249721.0 0.1087365499994 0.086617450886776 89.3197224006 6.7852065250702 0.0073779994856955 0.005877172929419 6.0605276325001
1 7 1 8.2058774601464 0.042156115555439 0.028518034482028 1496.5015148772 0.42509012613345 76.862664191061 23.137335808939 1.0014723409017
2 10 1 8.3059262260677 0.054341448208741 0.036756651619809 1496.5029882715 0.42505888599997 1.4980830044736 8.1408e-05 0.16252787312686 8.832e-06 1.6606108776005 9.024e-05
3 5 1 8.4059761523211 0.041946517556213 0.0283775953533 1496.5000538164 0.4251002429332 72.949842090922
4 6 1 8.5060224444978 0.042236185713989 0.028571678779909 1496.5008590584 0.42509620551323 12189.245768694 0.0
5 7 1 8.6060706125899 0.042002162770191 0.02841091255379 1496.5041752915 0.4261623688929 0.00016406283659631 1.8546233702191e-05 0.11304347826087
6 8 1 8.7061282472163 0.041830242501149 0.028300468597582 1496.5044167355 0.42513726141981 6.0093622824277 0.013569197860045 0.0087378016648009 97.938246883001
7 7 1 8.8061772939362 0.041599561060059 0.02814247321906 1496.4989490715 0.42521037776387 47.0 3.2161968219391e-07 39.404255319149
8 10 1 8.9062209293963 0.054409294572483 0.036813428180191 1496.5023784105 0.42503687401436 502.05422096788 0.027316416 0.1270371184613 6.912e-06 502.18125808635 0.027323328
9 19 1 9.0062779834038 0.042234999113678 0.028574799266987 1496.5001154173 0.42491392983206 0.5875244140625 13.910842343838 0.0274658203125 0.65030948002566 0.00016573931921152 0.0 0.0 0.00016573931921152 505.05221848323 0.02133088 0.028791287451601 1.216e-06 505.08100977068 0.021332096 3.2814403235388e-07
10 9 1 9.1063334839612 0.042607066246338 0.028817738923353 1496.5038635396 0.42517482524959 0.00016429199700183 0.0 0.0 0.00016429199700183 0.0
11 7 1 9.2064026412919 0.034841269930197 0.023551859914275 1496.5062597345 0.43172337997422 135636457.0 134537850.0 134561178.0
12 10 1 9.3064630666935 0.042056893124387 0.02844460385041 1496.5027107033 0.42518215248813 46.0 3.1141256720173e-07 39.521739130435 2.0 1.3539676834858e-08 47.5
13 9 1 9.4065271759909 0.042640507541671 0.028851804769002 1496.5013402074 0.0 0.42501301753148 0.60113525390625 14.097750907838 0.0281982421875 0.66130174834207
14 10 1 9.5065829772745 0.042319299366466 0.028635307730637 1496.4995550011 0.42537987596561 1.5728048667257 6.656e-05 0.42949671360587 1.8176e-05 3.0049646828692 0.000127168
15 19 1 9.6066402559208 0.042637695932995 0.028848429751628 1496.5005928776 0.42509007461569 0.58770751953125 13.783754179748 0.0274658203125 0.64416755435525 12191.594799515 12191.594799515 1523.9493499394 0.0 502.46767634133 0.021424064 0.12008153555122 5.12e-06 502.58775787688 0.021429184 24.25764378149
16 13 1 9.7066952102798 0.042053975536905 0.028451409139064 1496.4967343501 0.42506569159554 204.0 0.5872802734375 13.964916894055 0.097412109375 2.3163591106747 0.0 0.0 0.0274658203125 0.65310877180677
17 9 1 9.8067503476107 0.042322408078121 0.028629093930535 1496.4995072554 0.42586508156172 0.12670674980244 5.5849864730482e-06 4.4078050157206e-05 4223.0 2.845041963291e-05
18 8 1 9.9068058816828 0.042071781787985 0.028461679119467 1496.500689241 0.42524509965628 0.11101786039103 0.00086812355815597 0.007819674736103 9.007559652814
19 5 1 10.006852412085 0.042430183995232 0.028706216610144 1496.4994116405 0.42530740291476 5.7501756499046
20 6 1 10.106899312961 0.042297958676901 0.028619419514792 1496.5030901456 0.42514684425112 1.0 8.0
21 7 1 10.206953678549 0.042165667235042 0.028528317143655 1496.5031612409 0.42534181025143 93.904175570168 6.0958244298319 1.0621235323015
22 7 1 10.307003785057 0.042289285625009 0.028600126843017 1496.4999026155 0.42535881929757 1.6159591254957e-06 1.8089094688385e-08 0.011194029850746
23 9 1 10.407052674167 0.04214889722118 0.028519381409252 1496.4995810399 0.42534109710247 12185.110070731 12185.110070731 1523.1387588414 0.0 100.0
24 6 1 10.507102940096 0.042214109513392 0.028560906532429 1496.4972369372 0.42532314786906 0.0 0.0
25 13 1 10.607152882654 0.042182022391697 0.028538047266206 1496.5010071944 0.42519077555957 2.3518854534978 252046736.0 164393460.0 3163677.0 2961844.0 1.2551945921648 2.1526717965513 65.223403646854 31.36872996443
26 7 1 10.707211136849 0.041969395391371 0.028380355784176 1496.5011670421 0.45811548172259 61.812695022811 38.187304977189 1.523442950715
27 12 1 10.807272251565 0.041575301877211 0.0281244722206 1496.4983172193 0.42520794740738 3827240.0 0.13900356392596 0.11601049320137 88.473887187634 6.1631747554672 0.0085670325610846 0.0071499294306796 5.4528002803288
1 7 1 10.907324733086 0.04230749767528 0.028622715727412 1496.4997229637 0.42500201258279 76.871905658843 23.128094341157 1.0013772445736
2 10 1 11.007372980888 0.042313195168377 0.028615655455561 1496.4997139402 0.42514267179857 1.648658290219 6.976e-05 0.1542781152315 6.528e-06 1.8029364054505 7.6288e-05
3 5 1 11.107423022178 0.042571595049252 0.028803073539889 1496.5034179228 0.42493998812688 72.950955063038
4 6 1 11.207469019064 0.042528019643782 0.02877129212629 1496.4984449196 0.4250940180631 12190.241171406 0.0
5 7 1 11.307514748738 0.042372386596262 0.028661517557585 1496.4996981302 0.42540965598229 4.4507675833032e-05 9.1892452595914e-06 0.20646428032019
6 8 1 11.407568110697 0.042666706046096 0.028867792623041 1496.500071766 0.42510115681908 5.9499519907183 0.012665564246416 0.0079353925378882 97.948964600713
7 7 1 11.507616526073 0.042291150670842 0.028612079803097 1496.4988058321 0.42502560407485 48.0 3.2293124692837e-07 36.5
8 10 1 11.607659252108 0.042507151782739 0.028760369062815 1496.5016939759 0.42522391335527 500.26480505417 0.021264832 0.17013607585293 7.232e-06 500.43494113003 0.021272064
9 19 1 11.70771552622 0.042248828895013 0.028581497218132 1496.4974186397 0.42535447514412 0.59259033203125 14.026195459851 0.0274658203125 0.6500966069557 0.00016568506590786 0.0 0.0 0.00016568506590786 499.31230170714 0.02109536 0.16966150748964 7.168e-06 499.48196321463 0.021102528 3.317138117291e-07
10 9 1 11.807768776766 0.042240362365923 0.028577075999721 1496.496595261 0.42513892121428 0.00016571827531591 0.0 0.0 0.00016571827531591 0.0
11 7 1 11.907818056277 0.041947210494563 0.02838184175197 1496.4991098781 0.42518857643467 165950127.0 164592201.0 164645940.0
12 10 1 12.007871873855 0.042152419884241 0.028518957946927 1496.498106694 0.42526613434957 43.0 2.9040144217408e-07 39.418604651163 3.0 2.0260565733076e-08 36.666666666667
13 9 1 12.107888206638 0.042282262943931 0.028603177583359 1496.494033216 0.0 0.42511158747441 0.58905029296875 13.931380488075 0.0274658203125 0.64958255306536
14 10 1 12.207947753412 0.042066948429772 0.028446582121463 1496.4953581634 0.43958857216252 45.396589752359 0.001909696 2.0219198961388 8.5056e-05 48.571719039975 0.002043264
15 19 1 12.308007901639 0.037386273067201 0.02528141908918 1496.4977080143 0.42531464347276 0.53570556640625 14.328937400188 0.0247802734375 0.66281743015566 12178.392833691 12178.392833691 1522.2991042113 0.0 495.68567497192 0.01853184 1.0082845094573 3.7696e-05 496.69395948138 0.018569536 24.518906665196
16 13 1 12.408063938431 0.054053275529678 0.036573794247364 1496.4983497621 0.42526225349843 204.0 0.75909423828125 14.043445671751 0.12872314453125 2.3814124725998 0.0 0.0 0.03521728515625 0.65152915917027
17 9 1 12.508119309458 0.042054028979209 0.028453451269142 1496.4957132378 0.42511243303419 0.12672672139877 4.6283705677287e-06 3.652245175005e-05 3363.0 2.2756155291333e-05
18 8 1 12.608166571749 0.04198002769248 0.02839740387918 1496.4947334721 0.42519562489965 0.11101787268016 0.00086820377299772 0.007820396410396 9.0075586557218
19 5 1 12.708213348529 0.054184176565829 0.036661863541293 1496.4966898791 0.42500520027598 5.750817373647
20 6 1 12.808259020232 0.041994475230618 0.028411815638149 1496.4981932121 0.42510820111775 1.0 8.0
21 7 1 12.908309769859 0.041965729611632 0.028390104475663 1496.4984926575 0.42518264413158 93.655043114921 6.3449568850795 1.0639381304475
22 7 1 13.008360657168 0.053629704508705 0.036276512372858 1496.4973710036 0.42525226875665 1.2499266143371e-06 1.4257718034264e-08 0.011406844106464
23 9 1 13.108409424901 0.042425697559094 0.028703551741354 1496.4944590561 0.42511600366011 12190.23765678 12190.23765678 1523.7797070974 0.0 100.0
24 6 1 13.208456595705 0.042138376333689 0.028506967396073 1496.4987159091 0.42503110834716 0.0 0.0
25 13 1 13.308506860729 0.054082147960912 0.036587020764725 1496.4987597513 0.42498986776296 2.3529972732379 323134904.0 210859391.0 3828341.0 3823012.0 1.184750069587 2.1720674285313 65.254291130369 31.388891371512
26 7 1 13.408559219966 0.042202137531474 0.028553050966629 1496.494027858 0.42523809694683 66.624005477247 33.375994522753 2.1124187758395
27 12 1 13.508611651667 0.041970332896197 0.028391208648014 1496.4956630367 0.42530790001906 3675682.0 0.11268657081869 0.088310142172255 88.228796723982 5.8635038781118 0.0066073814500653 0.0051780686110362 5.173298917522
1 7 1 13.608663509995 0.054358730906402 0.036781871405429 1496.4961373334 0.42512321207188 76.856240739122 23.143759260878 1.0011780751359
2 10 1 13.708714420855 0.04208513330599 0.028468778340794 1496.499776512 0.42526795463064 1.8142273530385 7.6352e-05 0.1170959817133 4.928e-06 1.9313233347518 8.128e-05
3 5 1 13.808771127035 0.041503017990626 0.028071522672672 1496.4998838748 0.42547261161604 72.950135308441
4 6 1 13.908818743494 0.054116519514656 0.036614791741013 1496.4945795219 0.42533221192369 12184.690477395 0.0
5 7 1 14.008864921539 0.042346390991431 0.028648354899249 1496.4995605673 0.42529594816846 3.6481653406085e-05 8.6329603710678e-06 0.23663840766679
6 8 1 14.108915220077 0.042349444449178 0.028649793312451 1496.4965138722 0.42512297406213 5.9248462394365 0.013500179533418 0.0083467152150406 97.951105890761
7 7 1 14.208963151755 0.054154016084487 0.036642232552559 1496.4953751026 0.42519776612969 44.0 2.3124102755251e-07 42.204545454545
8 10 1 14.309005708405 0.042313317451615 0.028619461181674 1496.4964088126 0.42522699900233 495.04225292551 0.02094688 0.2767922891745 1.1712e-05 495.31904521469 0.020958592
9 19 1 14.409058127425 0.042039253540831 0.028437685789436 1496.4953248607 0.42515667160761 0.6021728515625 14.324061462643 0.02801513671875 0.66640423792349 0.00016651104409361 0.0 0.0 0.00016651104409361 494.17433113607 0.02077472 0.17659685590728 7.424e-06 494.35092799198 0.020782144 3.3682761509111e-07
10 9 1 14.509110026515 0.054354736320622 0.036778408072383 1496.4977025726 0.42512994734101 0.00012878362538104 0.0 0.0 0.00012878362538104 0.0
11 7 1 14.609159552404 0.042077187612914 0.028468078608931 1496.4941684329 0.42507701145348 166518640.0 165162390.0 165189713.0
12 10 1 14.709209938804 0.04231905479999 0.02862919402163 1496.4988344927 0.42522043925015 44.0 2.959789689722e-07 38.204545454545 2.0 1.3453589498736e-08 45.0
13 9 1 14.809261320681 0.054195200173299 0.036667669730602 1496.4939227439 0.0 0.42517583513451 0.7542724609375 13.91769858817 0.03515625 0.64869674597716
14 10 1 14.909314038616 0.042228883140166 0.028569375326023 1496.4926257036 0.42515932289053 1.6049678551772 6.7776e-05 0.43344740942462 1.8304e-05 2.9977586567899 0.000126592
15 19 1 15.009367813621 0.041815166336585 0.028272801788497 1496.4959173587 0.4251638388009 0.588134765625 14.065106447046 0.02740478515625 0.65537907790822 12181.236154843 12181.236154843 1522.6545193554 0.0 501.31475817326 0.02096256 1.5427895104068 6.4512e-05 502.85754768367 0.021027072 24.224029669942
16 13 1 15.109422964539 0.053934253177863 0.036493103614605 1496.4980261331 0.42535573010076 205.0 0.755126953125 14.000879007905 0.1246337890625 2.3108466645767 0.0 0.0 0.03515625 0.65183529813721
17 9 1 15.209477753136 0.042271405098184 0.028599932095637 1496.4971008431 0.42532094262996 0.12670844975975 4.4116010586603e-06 3.4816944466017e-05 3414.0 2.2994207655368e-05
18 8 1 15.309535905881 0.039260836158815 0.026534768838088 1496.4921475438 0.42607363655453 0.1110180941966 0.0008684449904044 0.0078225535818194 9.0075406827745
19 5 1 15.409592390139 0.054247013845815 0.036694914436066 1496.4982370454 0.42558574276972 5.7895900272993
20 6 1 15.509651259373 0.041031385128045 0.027759662371672 1496.4982773158 0.42525179230396 1.0 8.0
21 7 1 15.609702411176 0.042482321944779 0.028739493049556 1496.496952719 0.42524628160569 94.225189694593 5.7748103054071 1.0656118406647
22 7 1 15.709752750475 0.054222322595525 0.036686624991221 1496.4953205726 0.42504313586721 1.0333708952694e-06 1.4091421299128e-08 0.013636363636364
23 9 1 15.809801944841 0.042308938805887 0.028624190825585 1496.4956385953 0.42517451160058 12188.404591425 12188.404591425 1523.5505739281 0.0 100.0
24 6 1 15.909849236117 0.041987201642452 0.028404120852162 1496.4945111827 0.42522647322069 0.0 0.0
25 13 1 16.009899417807 0.054113274932737 0.036614508677962 1496.4980152336 0.42519341666585 2.3518708446652 323377676.0 210916778.0 4049333.0 3799592.0 1.2521993014756 2.1541499358168 65.223048359096 31.370602403612
26 7 1 16.109955417461 0.042072885054534 0.02846219950258 1496.4998382695 0.42507791715936 66.652566720821 33.347433279179 2.2073790761651
27 12 1 16.210019790346 0.042114976756715 0.028496468700725 1496.4946199536 0.42525593214411 3760099.0 0.12451799806335 0.097763383357725 88.01895907528 5.9760111744652 0.0074412094784861 0.0058423507139929 5.2600228299867
1 7 1 16.310072668608 0.054190365003482 0.036653846742779 1496.4979840562 0.42499011124583 76.87074306266 23.12925693734 1.0012647124317
2 10 1 16.410124728024 0.041882423023379 0.028336020863926 1496.4968271682 0.42520896830171 1.5785142125874 6.6112e-05 0.10390993848591 4.352e-06 1.6824241510733 7.0464e-05
3 5 1 16.510183487656 0.042274112539657 0.028606085659923 1496.4969527149 0.42509074531026 72.950918886103
4 6 1 16.610229836899 0.042203939171183 0.028557413760826 1496.4947504733 0.42522703668482 12188.715321418 0.0
5 7 1 16.710279671666 0.042228755422117 0.028568914272925 1496.4980604539 0.42496308561611 3.499150182805e-05 8.5154521198797e-06 0.24335772044667
6 8 1 16.810339689457 0.04215765632424 0.028504904885456 1496.5001479641 0.45528139716634 7.1524243044473 0.18324076520024 0.042258708841929 97.899616492327
7 7 1 16.910393643811 0.041652219845621 0.028180985645569 1496.497053516 0.42502584941736 46.0 3.1421011630754e-07 41.152173913043
8 10 1 17.010441199581 0.042848382705941 0.028987446318686 1496.4985676133 0.42504068185066 494.67967427067 0.021196224 0.14189567064236 6.08e-06 494.82156994131 0.021202304
9 19 1 17.110494137625 0.041818636463144 0.028289478504777 1496.4982007435 0.42521836377631 0.5867919921875 14.031829868596 0.02734375 0.65386517382265 0.0001673894844986 0.0 0.0 0.0001673894844986 493.54760809072 0.020639488 0.053564635039552 2.24e-06 493.60117272576 0.020641728 3.3911889547232e-07
10 9 1 17.21054716625 0.042051509944503 0.028451219373595 1496.5001215868 0.42533101477036 0.00016646251250522 0.0 0.0 0.00016646251250522 0.0
11 7 1 17.310600063533 0.04230070506785 0.028609661765288 1496.5008393002 0.42521204225165 167275487.0 165890245.0 165958364.0
12 10 1 17.410651211713 0.042485278481737 0.028743877130094 1496.4973081579 0.42521224448569 42.0 2.8139272892444e-07 40.309523809524 2.0 1.3399653758307e-08 50.5
13 9 1 17.510702974026 0.042301327353662 0.028622434023064 1496.5012360697 0.0 0.42516931337184 0.588623046875 13.915001814335 0.02734375 0.64640406603299
14 10 1 17.610759684735 0.042434655938541 0.028708895971763 1496.4977583951 0.42531746190594 1.5655128698631 6.6432e-05 0.44491936089559 1.888e-05 2.9907630259524 0.000126912
15 19 1 17.710812852853 0.042320553901909 0.028631944488687 1496.4964652126 0.42506581008847 0.58795166015625 13.892815805743 0.02734375 0.64611039976881 12191.477294836 12191.477294836 1523.9346618545 0.0 496.55304721926 0.0210144 0.53383044211481 2.2592e-05 497.08687766138 0.021036992 24.525848182098
16 13 1 17.810868123337 0.042478121741998 0.028742963629015 1496.4997380728 0.42513528147373 205.0 0.587646484375 13.834097654887 0.09832763671875 2.314783062113 0.0 0.0 0.02740478515625 0.64515058652311
17 9 1 17.910926416481 0.042207537015791 0.028556077703224 1496.500211032 0.42529430696867 0.1266992591994 4.1482917857179e-06 3.2741247359538e-05 3448.0 2.3257414759602e-05
18 8 1 18.010973813736 0.042385115828454 0.028676268992216 1496.4957960019 0.42509474467813 0.11101783525598 0.00086813705322567 0.0078197980641937 9.0075616921756
19 5 1 18.111020676567 0.042325890885904 0.028637826765344 1496.4954225237 0.4251475947787 5.751180066548
20 6 1 18.211070737785 0.042247483779393 0.028582926573316 1496.4983263681 0.42517966230169 1.0 8.0
21 7 1 18.31112322474 0.042414352391997 0.028683493667088 1496.49848983 0.42536133496807 93.822979134928 6.1770208650717 1.066899932502
22 7 1 18.411181423681 0.038993787682695 0.026383561537986 1496.4964436924 0.42536877014067 1.5491321578632e-06 1.1765560692632e-07 0.075949367088608
23 9 1 18.511234636183 0.042197395659239 0.028547068145976 1496.498685128 0.42509156147121 12190.071163488 12190.071163488 1523.7588954361 0.0 100.0
24 6 1 18.611281534341 0.042197109425881 0.028545971672941 1496.497461618 0.42519285492136 0.0 0.0
25 13 1 18.711331812952 0.042333832955772 0.028644620278575 1496.4977253003 0.42522394701247 2.3517019843915 252987984.0 164994494.0 3168836.0 2972748.0 1.2525638371821 2.1531406013339 65.218312502937 31.375983058547
26 7 1 18.811387556264 0.04208787516793 0.028475474933236 1496.498482511 0.4250853168781 66.65092501176 33.34907498824 2.0759627882404
27 12 1 18.911438655531 0.042275867077674 0.028601919877609 1496.494719009 0.4250302628396 3743850.0 0.11346608437838 0.090735472842128 87.793180816539 5.9282487843674 0.0067265517678306 0.0053790245657534 5.2045981745139
1 7 1 19.011490251177 0.042122135308057 0.028483687384932 1496.4967099877 0.42532443269783 76.828864966479 23.171135033521 1.0017089811697
2 10 1 19.111542191027 0.041923593525165 0.028363961678046 1496.4989035947 0.42520177602265 1.5983362676145 6.7008e-05 0.1801372297789 7.552e-06 1.7784734973934 7.456e-05
3 5 1 19.211588351863 0.041944019354947 0.028377101691338 1496.4993379176 0.42535462682619 72.949999944128
4 6 1 19.311633497295 0.042273744784141 0.028596497295348 1496.4991293441 0.42520846047965 12185.774092889 0.0
5 7 1 19.411695033209 0.041624484195601 0.028157136338019 1496.5007880392 0.42519969373899 4.1336345789065e-05 8.7747405108157e-06 0.21227663798809
6 8 1 19.511746092621 0.042217602284994 0.028560373920991 1496.5004036456 0.42529177016441 6.0133063898895 0.013201507283878 0.008276116097845 97.942559758149
7 7 1 19.611793718137 0.042569992685932 0.02880436793061 1496.5002408517 0.42508104981584 46.0 3.0744992609839e-07 38.760869565217
8 10 1 19.711839917017 0.042230667569641 0.028571748073744 1496.497092733 0.42517066530091 494.02126939139 0.020862848 0.072743344512233 3.072e-06 494.0940127359 0.02086592
9 19 1 19.811897535338 0.042363955393441 0.028650350380536 1496.5005349101 0.42574429076825 0.61614990234375 14.544201470837 0.03125 0.7376553891103 0.00016523480716071 0.0 0.0 0.00016523480716071 805.11009142647 0.034107648 242.33431238079 0.01026624 1047.4444038073 0.044373888 1.5775043196575e-07
10 9 1 19.911922584652 0.04175352018592 0.028237887659496 1496.5014223157 0.42598974994446 0.0001676505350646 0.0 0.0 0.0001676505350646 0.0
11 7 1 20.01197509697 0.042126845477231 0.028497897603008 1496.4969897152 0.42502953633844 166742217.0 165382095.0 165381205.0
12 10 1 20.112025596596 0.054200654911523 0.036673133526844 1496.4979275462 0.42509587995798 44.0 2.3099081921214e-07 37.568181818182 3.0 1.5749374037192e-08 34.333333333333
13 9 1 20.21207624749 0.042024650204789 0.028433182143064 1496.5005630711 0.0 0.4250017910894 0.588623046875 14.006613832753 0.02801513671875 0.66663580975047
14 10 1 20.312129181911 0.042167746955893 0.028516652228536 1496.498631038 0.42515381399324 1.9396815316112 8.1792e-05 0.51755195796512 2.1824e-05 3.4483227228643 0.000145408
15 19 1 20.412182935177 0.053963405501842 0.036510829249329 1496.4976443473 0.42507766352874 0.758056640625 14.047605661194 0.0352783203125 0.65374525540824 12191.865096015 12191.865096015 1523.9831370019 0.0 500.7755116396 0.027023552 0.179084324092 9.664e-06 500.95459596369 0.027033216 24.337265680857
16 13 1 20.512237831565 0.042105621636094 0.028487713220873 1496.4960516273 0.42513142783244 206.0 0.59075927734375 14.030413383978 0.10113525390625 2.4019418304836 0.0 0.0 0.02734375 0.64940853352846
17 9 1 20.612291827586 0.041961841004658 0.0283868372487 1496.4974602305 0.42511468746982 0.1265308943985 4.5510833433381e-06 3.5968159120134e-05 3604.0 2.4444268806842e-05
18 8 1 20.712337795485 0.054124456149714 0.036622288156414 1496.4974079156 0.42501455525231 0.11101717688755 0.00086795657071912 0.0078182187212189 9.0076151099834
19 5 1 20.812383301426 0.041894574354045 0.028342506857459 1496.4978280054 0.42522111436685 5.7502091559482
20 6 1 20.912429269326 0.042147160799198 0.028510308898781 1496.497713235 0.42519864879226 1.0 8.0
21 7 1 21.012479633987 0.054006188330768 0.036533593406366 1496.5012141966 0.42520490714475 94.090378545871 5.909621454129 1.0649752166961
22 7 1 21.112529916221 0.042137116363435 0.028508787151818 1496.4978829138 0.42504435454258 1.2814417292964e-06 1.8133609376836e-08 0.014150943396226
23 9 1 21.212578806237 0.042026126661665 0.028430786297398 1496.4978316891 0.42517155466885 12187.597589554 12187.597589554 1523.4496986943 0.0 100.0
24 6 1 21.312625532292 0.054024564331159 0.036546099811324 1496.4975769812 0.42514480517499 0.0 0.0
25 13 1 21.412683039201 0.042291625310966 0.028597855092192 1496.5036809128 0.43522759118329 2.2976484493577 252574956.0 160941013.0 3501933.0 2926564.0 1.3864925705461 2.1325285314511 63.72009939101 32.760879506993
26 7 1 21.512746820598 0.041867661172028 0.02832107649352 1496.498043088 0.42521034792366 66.630842161327 33.369157838673 2.2485667231935
27 12 1 21.612799509547 0.054390344293774 0.036802113357453 1496.4993235844 0.42512221983243 5032376.0 0.086718480495098 0.069788108042801 88.7315454966 6.1930343709386 0.0053705053030171 0.0043220015179184 5.4951751104695
1 7 1 21.712851842515 0.042248295377774 0.028581957365429 1496.4934174733 0.42520394312375 76.845771522526 23.154228477474 1.001453830947
2 10 1 21.812899937238 0.042414772684016 0.028692281302903 1496.5002172605 0.42519229239899 1.605478367344 6.8096e-05 0.14183737455859 6.016e-06 1.7473157419026 7.4112e-05
3 5 1 21.912945660571 0.0542282655609 0.036692018587825 1496.5010671702 0.42538019046683 72.961662835918
4 6 1 22.012992036987 0.042454070893555 0.028723775577343 1496.4990700635 0.42501875237358 12193.462655158 0.0
5 7 1 22.113038454164 0.042525914560482 0.028769948822273 1496.5005502331 0.42525600693159 3.5681388258518e-05 8.7094720683549e-06 0.24409005628518
6 8 1 22.213088825166 0.054514946384457 0.036885552645665 1496.5011662372 0.42508160061904 5.7608890333828 0.010441673840099 0.0059022961135179 97.948387901455
7 7 1 22.313136853765 0.042721205420843 0.028893400544716 1496.5012172302 0.42520134301301 44.0 2.9325931272774e-07 40.227272727273
8 10 1 22.41317979357 0.042336198004179 0.028640583120112 1496.5007398555 0.42518352614519 494.22746931443 0.020923712 0.054421514179724 2.304e-06 494.28189082861 0.020926016
9 19 1 22.513232390127 0.054508323161957 0.036881923550897 1496.4994393125 0.4251504847731 0.786376953125 14.42673168992 0.03607177734375 0.66176641017872 0.00012842075473871 0.0 0.0 0.00012842075473871 511.30305214473 0.027870272 1.1717843495244 6.3872e-05 512.47483649426 0.027934144 2.5058938623643e-07
10 9 1 22.613284863494 0.042357981630806 0.028656355393331 1496.5029520618 0.42521742568343 0.00016525811028987 0.0 0.0 0.00016525811028987 0.0
11 7 1 22.713334026157 0.042104118005165 0.028482019350983 1496.4995801847 0.42524834332577 166507746.0 165166248.0 165204009.0
12 10 1 22.813385648977 0.053821027957339 0.036416292077902 1496.5027609437 0.42529519220188 45.0 2.380183443171e-07 38.577777777778 2.0 1.057859308076e-08 46.0
13 9 1 22.913439114198 0.042166110172105 0.02852480761472 1496.5012750807 0.0 0.42530196615025 0.63543701171875 15.069851336183 0.03021240234375 0.71650911645478
14 10 1 23.013500318589 0.040306844260685 0.027253406595355 1496.5049927488 0.42508967859476 1.7450138131654 7.0336e-05 0.46364334253347 1.8688e-05 3.3312456597097 0.000134272
15 19 1 23.113554312798 0.054339623018186 0.036766267611338 1496.5012687526 0.4251723134258 0.758056640625 13.950347803688 0.03533935546875 0.65034230099319 12189.45107106 12189.45107106 1523.6813838824 0.0 502.29748540701 0.027294656 0.28266666470725 1.536e-05 502.58015207172 0.027310016 24.253745439036
16 13 1 23.213608585994 0.041801948877242 0.028280886522143 1496.497835065 0.42527411741126 205.0 0.5909423828125 14.136718470899 0.10003662109375 2.3931090243549 0.0 0.0 0.02734375 0.65412620067785
17 9 1 23.313663103757 0.041878576989088 0.028323492719726 1496.5003697483 0.42512455354511 0.12671484476878 4.4797931621715e-06 3.5353341357487e-05 3625.0 2.464226132454e-05
18 8 1 23.413710338873 0.054483984268553 0.036866062962006 1496.4987196398 0.42524077658347 0.1110171690605 0.00086793685244172 0.0078180416577612 9.0076157450477
19 5 1 23.513757355691 0.042119299242733 0.028495229111011 1496.5007090912 0.42507387412834 5.7516985649653
20 6 1 23.613803861637 0.042409069756108 0.028688856919333 1496.5042560969 0.42506330151221 1.0 8.0
21 7 1 23.713853317779 0.054414201300639 0.036818591703148 1496.5010485241 0.4251207565767 94.093262673173 5.9067373268271 1.0662108035387
22 7 1 23.813902977727 0.042379981744055 0.028673553851428 1496.5029530573 0.42519273467952 1.4488684523756e-06 1.8035706876045e-08 0.012448132780083
23 9 1 23.913951720097 0.041976203397431 0.028401404805572 1496.5031769774 0.42505581867279 12192.80465063 12192.80465063 1524.1005813288 0.0 100.0
24 6 1 24.013998506842 0.054239985729927 0.036698083836439 1496.4996528566 0.42519214441712 0.0 0.0
25 13 1 24.114063457629 0.042126878991896 0.028505371826266 1496.5024229925 0.4252050964239 2.3518062422353 251758148.0 164199718.0 3161579.0 2958868.0 1.2558000704708 2.1542039624473 65.221213019092 31.36878294799
26 7 1 24.214115136609 0.04189579356322 0.028344409041164 1496.5043242173 0.4249520714509 66.671435713586 33.328564286414 2.118881347623
27 12 1 24.314167024829 0.042122042010475 0.028494982732931 1496.5011179791 0.42517754842493 3820530.0 0.10896393955812 0.085354649747548 88.507013424839 6.0723721902446 0.0066166959631225 0.0051830520143508 5.374475269626
1 7 1 24.414225633192 0.041754387038208 0.028245596938311 1496.4999071018 0.42528815754284 76.829626778597 23.170373221403 1.0023894318936
2 10 1 24.514284573985 0.04091682475572 0.027673979865391 1496.5012653933 0.42541614576764 3.0766805770382 0.000125888 0.47237292031802 1.9328e-05 3.5490534973562 0.000145216
3 5 1 24.614332522873 0.041716293545015 0.028226547021408 1496.5050537778 0.42534728916674 72.949949840873
4 6 1 24.714382071407 0.041908425874623 0.028353455736284 1496.5048383094 0.42536104668152 12183.154612571 0.0
5 7 1 24.814428090937 0.041781348227719 0.028266520506163 1496.5012662071 0.42532038241503 3.843493175946e-05 8.6206008290278e-06 0.22429078014184
6 8 1 24.914478903065 0.04211132909301 0.028492531180456 1496.5013997299 0.4250930347335 6.2010467613986 0.013194791991281 0.0084086796330414 97.94492187677
7 7 1 25.014530390015 0.047183728392326 0.031920529351954 1496.5043042367 0.42516792751362 51.0 3.0765484155067e-07 38.313725490196
8 10 1 25.114572924926 0.042282985773739 0.028606401784738 1496.5001941472 0.4253756188973 493.65369114883 0.020873152 0.015136111802149 6.4e-07 493.66882726064 0.020873792
9 19 1 25.214626237972 0.042263461216712 0.028597102370926 1496.4982809155 0.42517092719733 0.590576171875 13.973682109157 0.02740478515625 0.64842737360596 0.00016562770294904 0.0 0.0 0.00016562770294904 502.47394294348 0.021236288 1.5960831900187 6.7456e-05 504.0700261335 0.021303744 3.2858074148844e-07
10 9 1 25.314683453212 0.041697028953094 0.02820257588352 1496.5008259269 0.42508127769816 0.00016787766840353 0.0 0.0 0.00016787766840353 0.0
11 7 1 25.414739122249 0.041806567560438 0.02827154544145 1496.5026625749 0.42597463355584 165021925.0 163637445.0 163706077.0
12 10 1 25.514799342939 0.042050273525095 0.028450345274892 1496.5046491848 0.4251083070306 43.0 2.909937574192e-07 38.906976744186 2.0 1.3534593368335e-08 51.0
13 9 1 25.614853936789 0.042367686390907 0.028664488587372 1496.5029490384 0.0 0.42524125711826 0.5888671875 13.898969655005 0.02752685546875 0.64971344469396
14 10 1 25.714906510701 0.042067195713653 0.028459883367469 1496.5013010208 0.42519083554188 1.6719916506622 7.0336e-05 0.447284390623 1.8816e-05 3.1401189872309 0.000132096
15 19 1 25.814959828276 0.042459141571831 0.028728118443902 1496.5016917463 0.42502972916403 0.5894775390625 13.883406899907 0.02734375 0.64400147972235 12193.535451585 12193.535451585 1524.1919314482 0.0 499.71806340231 0.0212176 0.70995311925945 3.0144e-05 500.42801652157 0.021247744 24.366212620032
16 13 1 25.915018718344 0.041863006256761 0.028320431109763 1496.5042311927 0.42522154875716 205.0 0.5748291015625 13.731194984824 0.0977783203125 2.3356736425662 0.0 0.0 0.02679443359375 0.64005039268823
17 9 1 26.015080177265 0.042117774778364 0.028476271585888 1496.5047301684 0.49519307327294 0.12566576192905 6.6629256098296e-06 5.302100991988e-05 4572.0 3.6008151168015e-05
18 8 1 26.115131503888 0.041933897926034 0.028371757460929 1496.5049377198 0.42517064324011 0.11101786703024 0.00086806199499229 0.0078191197346268 9.0075591141347
19 5 1 26.21518150804 0.042057483707138 0.028453655527439 1496.5020002282 0.42501646375786 5.7508408333593
20 6 1 26.315227844601 0.042169059462649 0.028526366046655 1496.5059928362 0.42515674011344 1.0 8.0
21 7 1 26.415277710166 0.042105878883795 0.028489777543093 1496.5050979766 0.42508997610181 93.738622644378 6.2613773556216 1.066040368363
22 7 1 26.515331424482 0.042093888785842 0.028478454115239 1496.5051511616 0.4251960818137 1.3861697414e-06 1.8159428926637e-08 0.013100436681223
23 9 1 26.615380518304 0.041905016436783 0.028350408166248 1496.5019837692 0.42508998499573 12190.603880818 12190.603880818 1523.8254851023 0.0 100.0
24 6 1 26.715427007945 0.041951729539564 0.028385338599681 1496.5062926966 0.42524517520172 0.0 0.0
25 13 1 26.815480575522 0.041946765745897 0.028377860300316 1496.5006224759 0.4251900839022 2.3518892793135 250631972.0 163471012.0 3145061.0 2945548.0 1.2548522739948 2.1553100176701 65.223527028706 31.366310679629
26 7 1 26.915532098704 0.041974021320981 0.028396936938371 1496.5028674134 0.42512473964378 66.647118057871 33.352881942129 2.1312881259717
27 12 1 27.015584793993 0.041831150114516 0.028289993000179 1496.503008697 0.42525333263729 3951017.0 0.10420101963621 0.08225730236038 88.61819627706 6.3252722773058 0.0065909982077192 0.0052029983422607 5.6053422017613
1 7 1 27.115640617922 0.042058482806484 0.028455178633106 1496.5033866656 0.42536801316673 76.826327059296 23.173672940704 1.001372511961
2 10 1 27.215687794161 0.042093691321058 0.028476741697004 1496.5042058463 0.42517236040561 1.6405308689441 6.9056e-05 0.13987844294982 5.888e-06 1.7804093118939 7.4944e-05
3 5 1 27.315734338151 0.041740540046639 0.02823465032399 1496.5034657847 0.42517518894673 72.949954141469
4 6 1 27.415783984511 0.041884490063005 0.02833741942185 1496.5050646552 0.42518645700332 12188.223164042 0.0
5 7 1 27.515840354638 0.041755389760761 0.028243469662867 1496.5039062509 0.43166491982962 0.00016893151883785 1.2321167938184e-05 0.072935873796353
6 8 1 27.615898434919 0.041481422770766 0.028067534427504 1496.5055682627 0.42536691268105 5.9207994113934 0.015987659875994 0.011443730706555 97.948475683613
7 7 1 27.715953174603 0.042503505930638 0.028753000365463 1496.5062104723 0.42513780082765 44.0 2.9464725185923e-07 40.25
8 10 1 27.81595240132 0.05459695405298 0.036941145323141 1496.5029390785 0.42525300377422 502.51594573164 0.02743584 0.30595113390008 1.6704e-05 502.82189686554 0.027452544
9 19 1 27.91600432849 0.04218956137978 0.028544681358327 1496.5053226691 0.42522741848929 0.58905029296875 13.961991395603 0.02734375 0.64811647966326 0.00016591781879379 0.0 0.0 0.00016591781879379 500.70091532462 0.021124352 0.36710502535404 1.5488e-05 501.06802034997 0.02113984 3.3112833398928e-07
10 9 1 28.016056853488 0.042360997044879 0.028657923336185 1496.5051953171 0.42512701683972 0.00016524634660001 0.0 0.0 0.00016524634660001 0.0
11 7 1 28.116104782449 0.05452003608457 0.036888577570657 1496.5047330314 0.42523101302076 215660686.0 213893796.0 213972804.0
12 10 1 28.216154936058 0.042266611595248 0.028595873650833 1496.503439746 0.42516717962093 44.0 2.9628673331776e-07 37.522727272727 2.0 1.3467578787171e-08 48.5
13 9 1 28.316205263582 0.042476601806638 0.028725508376118 1496.5040117709 0.0 0.42518443529746 0.60174560546875 14.166519445412 0.02801513671875 0.65954279596755
14 10 1 28.416257992386 0.054253494857438 0.036710050383545 1496.5039569129 0.42523977014526 1.3471574539494 7.3088e-05 0.3904633250939 2.1184e-05 2.5456793219113 0.000138112
15 19 1 28.516310851626 0.042336652716664 0.028644442741429 1496.5076301598 0.42497446656625 0.604736328125 14.283990096529 0.02801513671875 0.66172299700309 12194.781752238 12194.781752238 1524.3477190297 0.0 501.6793401723 0.021239424 0.12395878425066 5.248e-06 501.80329895655 0.021244672 24.301916263993
16 13 1 28.61636790201 0.042105964934963 0.028482195982327 1496.5073769202 0.42510740409259 205.0 0.59588623046875 14.152062098308 0.1060791015625 2.5193366718077 0.0 0.0 0.02740478515625 0.65085279956367
17 9 1 28.716420839148 0.05432069447872 0.036754768457941 1496.5045024698 0.42517332034096 0.1267037918389 3.7669024225421e-06 2.9729989670172e-05 3608.0 1.8902620223271e-05
18 8 1 28.816468262671 0.042006996128405 0.028420899018241 1496.5036136775 0.42513266820087 0.1110178702127 0.00086813668724883 0.007819792305379 9.0075588559221
19 5 1 28.916514298506 0.042182847577104 0.028536777332133 1496.5040155248 0.42517790259677 5.797853837314
20 6 1 29.016563092507 0.054009204650643 0.036529497370788 1496.5046368836 0.42538606940269 1.0 8.0
21 7 1 29.116621507029 0.041772277528853 0.028260478808396 1496.5073408425 0.42542142797443 93.796375879953 6.2036241200474 1.074675014603
22 7 1 29.21667167966 0.042131957822388 0.028502059762115 1496.5020065375 0.4252076569051 1.3003814182003e-06 6.048285666048e-08 0.046511627906977
23 9 1 29.316720609532 0.054052497445963 0.036564936864813 1496.5056977045 0.4250310073771 12191.147479518 12191.147479518 1523.8934349397 0.0 100.0
24 6 1 29.416767697908 0.042191255229079 0.028545299568032 1496.5022000811 0.42512644685704 0.0 0.0
25 13 1 29.516817654959 0.041716817098434 0.028219534304149 1496.5060702043 0.42497423302079 2.3530838396762 249233644.0 162641759.0 3133903.0 2931420.0 1.2574157123025 2.1580489349985 65.256743186726 31.327792165973
26 7 1 29.616870095718 0.053775192576467 0.03638394997301 1496.5013203422 0.42521083294575 66.618123070806 33.381876929194 1.9562196199058
27 12 1 29.71692186709 0.041911156866942 0.028355198498878 1496.5014273864 0.42514140317717 3892300.0 0.11386583767952 0.090460653084295 88.53559592015 6.2169415018117 0.0070789725190837 0.0056238858844074 5.5042062066361
1 7 1 29.816973918354 0.042064978310935 0.028456988425031 1496.5049981052 0.42520861427553 76.850900280327 23.149099719673 1.0014168350072
2 10 1 29.91702155474 0.054225263733853 0.036688856886768 1496.504572891 0.42507330557356 1.2971075686274 7.0336e-05 0.074356484825777 4.032e-06 1.3714640534532 7.4368e-05
3 5 1 30.017067499995 0.042516052190874 0.028764153049685 1496.5046204544 0.42527467701139 72.95062429183
4 6 1 30.117114023151 0.042540257025617 0.028778329300196 1496.5045957386 0.42503853005977 12191.305748052 0.0
5 7 1 30.217159970217 0.054449829201431 0.036842498982011 1496.5028407152 0.42516583989859 2.7240611792573e-05 6.4861088324219e-06 0.23810437452034
6 8 1 30.31720939828 0.042505856486216 0.028758315610216 1496.5050545437 0.42507740313419 6.2227879370249 0.013213007508232 0.0082506491460822 97.951260979198
7 7 1 30.417270021146 0.042149922588777 0.028509515869337 1496.5035220377 0.42518181308899 48.0 3.2421211626338e-07 40.791666666667
8 10 1 30.517313731788 0.054559321612885 0.036916459960562 1496.5005196686 0.42501751784797 502.5974515329 0.027421376 0.1806474074207 9.856e-06 502.77809894033 0.027431232
9 19 1 30.617374412626 0.042273506558277 0.028587325146683 1496.5068339462 0.43555849210239 0.60308837890625 14.266343816897 0.02978515625 0.70458210531788 0.00016558834527602 0.0 0.0 0.00016558834527602 627.91251923725 0.026544064 226.24326152871 0.009564096 854.15578076596 0.03610816 1.9386199684503e-07
10 9 1 30.717432422254 0.0423222948529 0.02862998478657 1496.5047408446 0.42518846103654 0.00016539745834506 0.0 0.0 0.00016539745834506 0.0
11 7 1 30.817481610279 0.054263188747918 0.036713582557525 1496.5040430967 0.425149490498 214694176.0 212914643.0 212998615.0
12 10 1 30.917532819148 0.042305167047341 0.028620462092623 1496.5014922467 0.42515607048261 41.0 2.7584096678357e-07 39.073170731707 2.0 1.3455656916272e-08 49.0
13 9 1 31.017584309721 0.042148190695804 0.028497988636086 1496.5047360532 0.0 0.42535798063718 0.58905029296875 13.975695830459 0.02752685546875 0.65309696606954
14 10 1 31.117636658088 0.054481998751086 0.036864310235592 1496.5009384646 0.42507799365472 1.3309350182119 7.2512e-05 0.38647627625042 2.1056e-05 2.448074649562 0.000133376
15 19 1 31.217690286353 0.042430289974038 0.028707612903564 1496.5030082915 0.42520102521705 0.58941650390625 13.891408808823 0.0274658203125 0.64731634710264 12188.206121533 12188.206121533 1523.5257651917 0.0 505.10180376126 0.021431616 0.021116989786029 8.96e-07 505.12292075105 0.021432512 24.129188403114
16 13 1 31.317745887455 0.042230384053689 0.02855583449545 1496.5052251136 0.42527846463384 205.0 0.58740234375 13.909471981198 0.097412109375 2.3066830093507 0.0 0.0 0.0274658203125 0.65038054774926
17 9 1 31.417801458665 0.054429464060366 0.036827334501776 1496.5051620542 0.4252144529332 0.12669987617878 3.4722339336036e-06 2.7405188057991e-05 3648.0 1.9076369562931e-05
18 8 1 31.517854215548 0.042118221338634 0.02848359906926 1496.5039397445 0.42568958687452 0.11101786408893 0.00086808467480306 0.007819324231528 9.0075593527808
19 5 1 31.617909600163 0.041598212321232 0.028142783456164 1496.5049342028 0.42525219956774 5.7503267973856
20 6 1 31.717957366985 0.041692535270542 0.028210716776876 1496.5057261405 0.42521569874693 1.0 8.0
21 7 1 31.818011309564 0.042075929454264 0.02846319543162 1496.5046877599 0.42530488894259 93.51573006268 6.4842699373196 1.0608706721773
22 7 1 31.91806070864 0.041744125210021 0.028241338764217 1496.5032246463 0.4250267431977 1.3911496002071e-06 1.8304600002725e-08 0.013157894736842
23 9 1 32.018109645758 0.054181420211061 0.036660769332762 1496.5015934555 0.42516810466343 12190.082382986 12190.082382986 1523.7602978732 0.0 100.0
24 6 1 32.118169493258 0.042259008295239 0.028576464583531 1496.5015488993 0.45230640354636 0.0 0.0
25 13 1 32.218226508316 0.040184548341294 0.027183743193273 1496.5006536997 0.42515873628535 2.3520626877789 240085584.0 156603907.0 2785555.0 2846368.0 1.1602341771591 2.1738756292839 65.228367480823 31.437522712734
26 7 1 32.318279469006 0.042178251538952 0.028530125576878 1496.5046972947 0.4251692815683 66.643044383472 33.356955616528 2.0233305168591
27 12 1 32.418334963222 0.041969740501844 0.028395151603093 1496.4995646743 0.42511191924073 3808367.0 0.10282622446839 0.079010242447747 87.921883578972 6.0743214115209 0.0062459953695419 0.0047993360742981 5.34065779965
1 7 1 32.518387332423 0.042044020775516 0.028446314909942 1496.5035856961 0.42526318640304 76.83957462242 23.16042537758 1.0013793101549
2 10 1 32.618436230592 0.041931283782143 0.028372598044967 1496.498629856 0.4251151158255 1.607200970763 6.7392e-05 0.13431499090897 5.632e-06 1.741515961672 7.3024e-05
3 5 1 32.718484969339 0.042086582588812 0.028472794665816 1496.5060389388 0.42512945590007 72.950031834656
4 6 1 32.818531218037 0.041900099744807 0.028345217469238 1496.5037674365 0.42512152380882 12188.898143692 0.0
5 7 1 32.918577048255 0.042098163264368 0.028485819189384 1496.5033682925 0.42525524564744 3.4691745149613e-05 8.1742973856717e-06 0.23562658351199
6 8 1 33.018631431053 0.041832991609503 0.028301678295838 1496.5041712476 0.42527770682608 5.9596157349496 0.013014927367968 0.008177336634737 97.955661040531
7 7 1 33.118679055664 0.042069831596787 0.028462906480857 1496.5028587877 0.42499806117522 46.0 3.1107757244043e-07 37.586956521739
8 10 1 33.218722030795 0.042236966515109 0.028576888498756 1496.504522838 0.42511688054685 505.16809705941 0.021336768 0.14243447142086 6.016e-06 505.31053153084 0.021342784
9 19 1 33.318777544033 0.042147768592182 0.02850741757955 1496.5015935986 0.42516627429243 0.58770751953125 13.943977087325 0.02752685546875 0.65310350673834 0.00016608233920356 0.0 0.0 0.00016608233920356 506.30855945143 0.021339776 0.30521188735923 1.2864e-05 506.61377133879 0.02135264 3.2782831537459e-07
10 9 1 33.418829925009 0.042523021429647 0.028770120471708 1496.5050718855 0.42509079589723 0.00016461671265719 0.0 0.0 0.00016461671265719 0.0
11 7 1 33.518881750729 0.042280769276822 0.028607662207893 1496.5026049474 0.42548604245052 167143121.0 165731780.0 165839871.0
12 10 1 33.618939812894 0.04216963464677 0.02852221475717 1496.5030328692 0.4252256855122 47.0 3.173490984443e-07 43.787234042553 2.0 1.3504216955076e-08 51.5
13 9 1 33.719001543556 0.024230235235894 0.016378789022423 1496.5082092417 0.0 0.42550241014077 0.33807373046875 13.95255667877 0.01690673828125 0.69775378227467
14 10 1 33.819056426357 0.042140495909817 0.028512913078853 1496.4995138567 0.4250324430921 1.5870719733134 6.688e-05 0.4313190817426 1.8176e-05 3.084538926124 0.000129984
15 19 1 33.919113358081 0.042058919402934 0.028455233887014 1496.5018369277 0.42516516599794 0.6009521484375 14.288340189634 0.0281982421875 0.67044618805715 12188.750811421 12188.750811421 1523.5938514276 0.0 514.7186924277 0.021648512 2.8044467540878 0.000117952 517.52313918178 0.021766464 23.552088570748
16 13 1 34.019168185628 0.042259921343418 0.028590375887025 1496.5024393094 0.42509864297808 205.0 0.6019287109375 14.243488672069 0.0977783203125 2.3137364482513 0.0 0.0 0.0281982421875 0.66725732777286
17 9 1 34.119223339263 0.042243404048247 0.02858151125806 1496.5070256256 0.4252794685716 0.12671426905463 4.4679255007454e-06 3.5259845115147e-05 3321.0 2.2380061218666e-05
18 8 1 34.219274339797 0.042039682890868 0.028442138258008 1496.5022543709 0.42512381307206 0.11101786430813 0.00086814728458105 0.0078198881773796 9.0075593349961
19 5 1 34.319320374726 0.042240230118866 0.028577010781994 1496.5020532105 0.42503356051133 5.7504069578159
20 6 1 34.419366493895 0.041997238831801 0.028415765386742 1496.5009621914 0.42522876221249 1.0 8.0
21 7 1 34.519420585025 0.042147739606526 0.02851351181382 1496.4998123172 0.42501307341559 93.478174406834 6.5218255931659 1.0689931054018
22 7 1 34.61946986997 0.042158021362351 0.028519231046159 1496.50354594 0.42527408692749 1.3965326548692e-06 1.8136787725573e-08 0.012987012987013
23 9 1 34.719518957451 0.042285710425446 0.028611720199797 1496.5036304862 0.42495672964535 12196.033762026 12196.033762026 1524.5042202533 0.0 100.0
24 6 1 34.819570105631 0.041875858677994 0.028331105983554 1496.5027379704 0.42508802712876 0.0 0.0
25 13 1 34.919619001082 0.042302768484269 0.028619665439971 1496.5026593357 0.42524356324114 2.3515935017997 252767584.0 164843182.0 3173845.0 2970372.0 1.2556376691087 2.1583800080947 65.215317324867 31.370664997929
26 7 1 35.019672802356 0.041978777686045 0.028388333180313 1496.5018837833 0.42513655674609 66.648517128372 33.351482871628 2.2168446232901
27 12 1 35.119729298389 0.042266338043115 0.028594971472276 1496.5049970582 0.42525548889679 3635091.0 0.12412344010095 0.099749909974743 87.628920431428 5.757431589012 0.0071463221497404 0.0057430328268969 5.0451751460292
1 7 1 35.219792743734 0.027531388098622 0.01862045952915 1496.5052599403 0.42565404179758 76.783098156206 23.216901843794 1.0034531427825
2 10 1 35.319842827597 0.042018102163836 0.028421233259092 1496.4974211914 0.42520009632323 1.7836122085615 7.4944e-05 0.23456556799186 9.856e-06 2.0181777765533 8.48e-05
3 5 1 35.419900224903 0.042240877767127 0.028568329124985 1496.5029122378 0.42621034873662 72.950577958499
4 6 1 35.519953966393 0.041740353451475 0.028235844623616 1496.4979134111 0.42520731358426 12185.873236347 0.0
5 7 1 35.619981775685 0.042145260427097 0.028515249141603 1496.5005818655 0.4251768548663 4.177394848266e-05 8.6168054096142e-06 0.20627222761073
6 8 1 35.72003121824 0.041898760063998 0.028344650437334 1496.5021590975 0.42521065228858 5.9717503325815 0.013790918050118 0.0079747968935394 97.949678280619
7 7 1 35.820078991403 0.054139777786555 0.036632367012644 1496.4995947441 0.42503151234269 47.0 2.4697737657278e-07 38.0
8 10 1 35.920121559829 0.042083415000043 0.028471176903865 1496.5011625511 0.4250846962055 507.42041728263 0.021353984 0.38628043850489 1.6256e-05 507.80669772114 0.02137024
9 19 1 36.020174552221 0.042137141725884 0.028504845555441 1496.5014809995 0.42524545569683 0.603759765625 14.328446137914 0.02813720703125 0.66775310044263 0.0001661242246932 0.0 0.0 0.0001661242246932 504.90069161314 0.021275072 0.0075942502716891 3.2e-07 504.90828586341 0.021275392 3.2901861455714e-07
10 9 1 36.120226110729 0.054134413628508 0.036630050877533 1496.501884967 0.42516008883756 0.00012930776433706 0.0 0.0 0.00012930776433706 0.0
11 7 1 36.220274049653 0.042020446378801 0.028430209301674 1496.50164964 0.42516385315498 166236686.0 164884604.0 164936271.0
12 10 1 36.32032535182 0.042198169213945 0.028538936763539 1496.4973011021 0.42504417377228 43.0 2.9004668119211e-07 39.023255813953 3.0 2.0235814966892e-08 34.666666666667
13 9 1 36.420375881337 0.054045829839177 0.036567398834008 1496.498969805 0.0 0.42500326422889 0.75726318359375 14.011500717949 0.03533935546875 0.65387756231903
14 10 1 36.520427947094 0.042271937709621 0.028600991430801 1496.5008117744 0.42506681286747 1.5609409829581 6.5984e-05 0.43300593707664 1.8304e-05 2.9507992005677 0.000124736
15 19 1 36.620481206698 0.042006756996739 0.028417953803804 1496.4972329705 0.42525009481401 0.58673095703125 13.967537581556 0.0274658203125 0.65384291185897 12185.463972849 12185.463972849 1523.1829966062 0.0 505.35565032187 0.021228352 0.11274376644614 4.736e-06 505.46839408832 0.021233088 24.107271820284
16 13 1 36.720542957288 0.054311238814103 0.03673016914653 1496.5021260109 0.44024243055385 206.0 0.79486083984375 14.635292016895 0.16400146484375 3.0196598056821 0.0 0.0 0.03802490234375 0.70012953440266
17 9 1 36.820603881786 0.041709835178436 0.028215594066475 1496.5007914647 0.42514820339315 0.12672208341111 4.9202773131077e-06 3.8827307606248e-05 3185.0 2.1735205606446e-05
18 8 1 36.920650948423 0.042053210134414 0.028447675424192 1496.500876032 0.42515245774338 0.11101786715149 0.00086818569900929 0.0078202339973311 9.0075591042965
19 5 1 37.020698227018 0.036584324192676 0.024749628308229 1496.5030377208 0.42511186950153 5.7502125488862
20 6 1 37.120745406881 0.041993074861091 0.028411154855762 1496.5035504643 0.42511642000748 1.0 8.0
21 7 1 37.220795793281 0.041965277616551 0.028389820053909 1496.502852158 0.42515708495676 93.904784922564 6.0952150774355 1.0653093419909
22 7 1 37.320845164278 0.053868415882434 0.036437853330196 1496.5010074437 0.42503089336735 1.1491645524049e-06 1.4187216696356e-08 0.012345679012346
23 9 1 37.420894745421 0.042075264595769 0.028467161937545 1496.5038780167 0.42499428045996 12194.027558215 12194.027558215 1524.2534447769 0.0 100.0
24 6 1 37.520941986878 0.041755377079536 0.028247361893048 1496.5036437142 0.42528752882963 0.0 0.0
25 13 1 37.620991434868 0.054001315117277 0.036538588903096 1496.5010889279 0.42511823149257 2.3522867896986 322707156.0 210516662.0 4038675.0 3792360.0 1.2514984328392 2.15603492846 65.234581287066 31.357885351634
26 7 1 37.721042968014 0.041488306864174 0.028067315676378 1496.4969163231 0.42518368628436 66.643109373002 33.356890626998 1.9345236234745
27 12 1 37.821094380688 0.04182306039896 0.028290762025877 1496.5003666108 0.42528969425473 3691046.0 0.12226886362294 0.096070328031674 88.267011573413 5.9089182106251 0.0072247671485403 0.0056767171080709 5.215625520836
1 7 1 37.921146882136 0.054009542514701 0.036544203515331 1496.4985617665 0.42505171233723 76.865329884478 23.134670115522 1.0012500622859
2 10 1 38.021194871785 0.042407836959907 0.028692074780101 1496.4968103154 0.42511935101078 1.5936677002389 6.7584e-05 0.12375071157158 5.248e-06 1.7174184118104 7.2832e-05
3 5 1 38.121241330629 0.042304059251783 0.028618639619474 1496.4947965359 0.42522810939625 72.950868102094
4 6 1 38.22129031032 0.054316073078119 0.036741669205728 1496.5012282579 0.42535891649766 12181.228032601 0.0
5 7 1 38.321344748372 0.032826533109771 0.022206859784163 1496.5032044917 0.42520463352178 4.1434313721979e-05 1.1091353547595e-05 0.26768522394307
