1 7 2 0.10063359517846 0.10064531987693 0.10064531987693 0.0014685166725678 0.0 1495.1932615259 - 1.4524746066409 - 32.165251900713 - 67.834748099287 - 9.8891276785152 -
2 10 2 0.20102335575924 0.037404346124257 0.037404346124257 0.0 0.0 - - - - 0.0 0.0 0.0 0.0 0.0 0.0 0.0 0.0 0.0 0.0 0.0 0.0
3 5 2 0.30139917514455 0.033508985346184 0.033508985346184 0.0 0.0 - - - - - -
4 6 2 0.40176840029276 0.033375571610924 0.033375571610924 0.0 0.0 - - - - 0.0 0.0 0.0 0.0
5 7 2 0.50216182303021 0.033578112516218 0.033578112516218 0.0 0.0 - - - - - - - - - -
6 8 2 0.60260072788756 0.032990517983895 0.032990517983895 0.0 0.0 - - - - - - - - - - - -
7 7 2 0.70299913796971 0.03320415586702 0.03320415586702 0.0 0.0 - - - - 0.0 0.0 - - - -
8 10 2 0.80333407761406 0.031908163639749 0.031908163639749 0.0 0.0 - - - - 507.52052618367 0.0 0.016194048 0.0 261.67898893431 0.0 0.008349696 0.0 769.19951511798 0.0 0.024543744 0.0
9 19 2 0.90376400235238 0.032122670186798 0.032122670186798 0.0 0.0 - - - - 0.4051513671875 0.0 12.612630420556 0.0 0.02154541015625 0.0 0.67072288919196 0.0 0.0 0.0 0.0 0.0 0.0 0.0 0.0 0.0 499.44341197991 0.0 0.016043456 0.0 0.03586252304995 0.0 1.152e-06 0.0 499.47927450296 0.0 0.016044608 0.0 0.0 0.0
10 9 2 1.0041684921762 0.030880151062885 0.030880151062885 0.0 0.0 - - - - 0.0 0.0 0.0 0.0 0.0 0.0 0.0 0.0 - -
11 7 2 1.1045921641647 0.030007842191932 0.030007842191932 0.0066139618311457 0.0 1496.1811666639 - 0.61674973729051 - 23643833.0 0.0 30033709.0 0.0 27284235.0 0.0
12 10 2 1.2050472013521 0.035172845422965 0.035172845422965 0.0077881812349608 0.0 1496.2857070638 - 0.61664148099969 - 0.0 0.0 0.0 - - - 68059.0 0.0 0.0024405372086449 - 29.87773843283 -
13 9 2 1.3054394800619 0.034696292227287 0.034696292227287 0.0076768468714347 0.0 1496.1759578955 - 0.0 0.0 0.61660872133136 - 0.482666015625 0.0 13.911169887064 0.0 0.03253173828125 0.0 0.93761425768905 0.0
14 10 2 1.4058571203162 0.034907463612115 0.034907463612115 0.00771756492677 0.0 1496.8996493939 - 0.6170805742632 - 2.0662629860901 0.0 7.2128e-05 0.0 1.9030887130093 0.0 6.6432e-05 0.0 4.0390216134485 0.0 0.000140992 0.0
15 19 2 1.506286882916 0.034093379680754 0.034093379680754 0.007551004733407 0.0 1495.9965797597 - 0.61680638705719 - 0.51348876953125 0.0 15.061245741534 0.0 0.0322265625 0.0 0.94524399756685 0.0 0.0 0.0 0.0 0.0 0.0 0.0 0.0 0.0 791.41699217435 0.0 0.02698208 0.0 1614.8927596955 0.0 0.055057152 0.0 2406.3097518699 0.0 0.082039232 0.0 0.0 0.0
16 13 2 1.6066801697832 0.034073510918309 0.034073510918309 0.0075340916022302 0.0 1496.3156089205 - 0.61645299070076 - 204.0 204.0 0.46856689453125 0.0 13.751647009744 0.0 0.06573486328125 0.0 1.9292072202025 0.0 0.0 0.0 0.0 0.0 0.03155517578125 0.0 0.92609111684743 0.0
17 9 2 1.7070823987257 0.03374234434606 0.03374234434606 0.0027165389953 0.0 1496.2253959 - 0.47176728477405 - 0.25246380390874 - 0.0042735298189094 - 0.016927297112477 - 151211.0 0.0 0.011893192429181 -
18 8 2 1.8074475595413 0.034280585361604 0.034280585361604 0.017361494461749 0.0 1496.5291884966 - 2.5330297757685 - 0.18056888861166 - 0.0029559958048449 - 0.016370460202601 - 5.5380525830819 -
19 5 2 1.9077878452278 0.03367601519778 0.03367601519778 0.01887318119512 0.0035698160646654 1496.5766024737 1496.5722940012 5.205160172109 1.5171108479762 6.051047782952 6.0889529724933
20 6 2 2.0081143292124 0.033977724189748 0.033977724189748 0.012183214440886 0.01204686092589 1496.5963062196 1496.3752908512 1.5299167669344 1.5195829176989 0.0 0.0 - -
21 7 2 2.1084880734058 0.033300068502031 0.033300068502031 0.022536239138194 0.022541811630856 1496.50568679 1496.51004138 1.4449667955121 1.4442058522937 46.593321454658 46.604006480583 53.406678545342 53.395993519417 4.1454811661243 4.1171789201352
22 7 2 2.2088596645083 0.032728457748239 0.032728457748239 0.022153793767445 0.022151740314769 1496.5048519535 1496.5092151028 1.4447681897078 1.445684519543 0.010283038224262 0.01028179196322 0.00080854936766585 0.00080711762706628 0.078629423525642 0.078499704132657
23 9 2 2.309223896877 0.032319196568153 0.032319196568153 0.021868851619665 0.021880722152231 1496.5051570379 1496.5058082679 1.4457661206414 1.4454708014047 0.0 0.0 0.0 0.0 0.0 0.0 0.0 0.0 - -
24 6 2 2.4095698782453 0.03226860210291 0.03226860210291 0.021832756776708 0.021839509076213 1496.5087898443 1496.5051116772 1.4465864651248 1.4457994885459 0.0 0.0 0.0 0.0
25 13 2 2.5098988685834 0.032838803429103 0.032838803429103 0.022219478437745 0.022223669129765 1496.5084725698 1496.5073175751 1.4447386024095 1.4443880395 0.69216673405985 0.69233472768592 196241416.0 196278428.0 30875018.0 30888367.0 13075417.0 12843346.0 4472.0 4504.0 6.6629243033998 6.54343227163 0.0039991558153046 0.004036103244112 15.733181419767 15.737015684678 77.599895121018 77.715515940448
26 7 2 2.6102862940071 0.032001791842624 0.032001791842624 0.021652867256983 0.021658489568744 1496.5050876368 1496.5111109714 1.4465558579992 1.4477311464307 15.716667409549 15.703737991565 84.283332590451 84.296262008435 7.1451584789412 7.1522128764271
27 12 2 2.7106808960985 0.032022378905895 0.032022378905895 0.021671479672333 0.021671898605664 1496.5071707239 1496.5068479178 1.4504893991284 1.4514770051965 25718068.0 25749819.0 83.698452776468 83.679496931609 41.321595385781 41.321781718155 96.2706179951 96.149374875218 53.746842841098 53.812157344761 44.985275874199 45.029742554142 22.20905293143 22.236142195832 51.742417755981 51.740052893856
1 7 2 2.8110775996501 0.031082893056179 0.031082893056179 0.021031024811572 0.021044744538509 1496.5120681061 1496.5096886658 1.4456276501221 1.4453872491031 25.224411904645 25.227252160183 74.775588095355 74.772747839817 9.4271587951325 9.4184006811633
2 10 2 2.9114249360979 0.031485438621733 0.031485438621733 0.021303433832771 0.021307237747423 1496.508092153 1496.5074909031 1.4443430018999 1.4452691978844 6036.1759695739 6033.6147856257 0.190051648 0.189971008 5921.4816804651 5919.4408640492 0.186440448 0.186376192 11957.657650039 11953.055649675 0.376492096 0.3763472
3 5 2 3.0117426591674 0.030424517359737 0.030424517359737 0.02058880195695 0.020584109450735 1496.5077597131 1496.5115334231 1.4459344860222 1.4471780166263 0.99997953228114 0.99998677782401
4 6 2 3.1120844158761 0.03019305692043 0.03019305692043 0.020430557024095 0.020442000471113 1496.510935451 1496.5072398179 1.4447128839441 1.4456697827756 0.0 0.0 0.0 0.0
5 7 2 3.2124243138795 0.029551100693185 0.029551100693185 0.020000982332883 0.019998509946875 1496.5104297928 1496.5092733774 1.4479393426624 1.4466806549818 0.47186542362251 0.46758525104236 0.159498135319 0.15938803152469 0.33801615319584 0.34087480554482
6 8 2 3.3128028841849 0.029297469849064 0.029297469849064 0.019834404476385 0.019838758212729 1496.5093139271 1496.5096674824 1.4448917279863 1.4450744385484 53.625496636102 53.565720889976 77.059708310733 77.24955335446 34.957274418782 35.217143846882 97.630061813296 97.787876659239
7 7 2 3.4131501246177 0.029351654006833 0.029351654006833 0.019861430884639 0.019871693619014 1496.5050712495 1496.5123125072 1.4453225008715 1.4448495631942 0.0 0.0 0.0 0.0 - -
8 10 2 3.5134504907132 0.028735649906909 0.028735649906909 0.019426627905448 0.019446787883171 1496.5128305182 1496.5103614707 1.445462417154 1.4439643779197 12579.37374554 0.0 0.36147648 0.0 6021.6078829104 0.0 0.173034816 0.0 18600.98162845 0.0 0.534511296 0.0
9 19 2 3.6138293137372 0.029093562994657 0.029093562994657 0.019684239748471 0.019701597628331 1496.5085869517 1496.5099672716 1.4436868287429 1.4458832734384 0.46490478515625 0.0 15.979644199702 0.0 0.085205078125 0.0 2.9286573851627 0.0 0.0 0.0 0.0 0.0 0.0 0.0 0.0 0.0 12593.287940267 0.0 0.366383616 0.0 6004.3126389188 0.0 0.174686848 0.0 18597.600579185 0.0 0.541070464 0.0 0.0 0.0
10 9 2 3.7141906131197 0.028555975968011 0.028555975968011 0.019317362393229 0.019323768223546 1496.5060773439 1496.5078951816 1.4476232429173 1.4461275149828 0.0 0.0 0.0 0.0 0.0 0.0 0.0 0.0 - -
11 7 2 3.8145579116275 0.028350045552387 0.028350045552387 0.019188856745014 0.019194851794216 1496.5073996335 1496.5080275423 1.4479422222581 1.4465078443726 26607463.0 26642298.0 37248228.0 37296879.0 37245221.0 37293806.0
12 10 2 3.9149480562682 0.028144730176185 0.028144730176185 0.019045362794443 0.019056781331912 1496.5093243653 1496.5122757654 1.4474113495487 1.4435229927627 204.0 199.0 7.0215998178239e-06 6.8270080417695e-06 103.09803921569 124.20100502513 22090.0 22177.0 0.00076032911752809 0.00076081687106694 43.566093254866 43.650268295982
13 9 2 4.0152911988537 0.028466348691679 0.028466348691679 0.01926306727474 0.019268755257132 1496.5069629903 1496.5122532141 0.0 0.0 1.4452122279883 1.444872102479 0.4483642578125 0.0 15.750676796268 0.0 0.082275390625 0.0 2.89026848916 0.0
14 10 2 4.1156573361236 0.028281058781631 0.028281058781631 0.019144319829297 0.019149795854068 1496.5094838821 1496.5114838481 1.4456717117133 1.4442151151978 6030.5317886745 6038.3097152966 0.170549824 0.170769792 2998.6249332037 3020.2433600357 0.084804288 0.08541568 9029.1702998706 9058.5598643285 0.255354496 0.256185664
15 19 2 4.2160525179281 0.028426281454935 0.028426281454935 0.019234242849916 0.019252749286456 1496.5076758656 1496.508365845 1.4462137005162 1.4437694150482 0.44781494140625 0.0 15.753553348727 0.0 0.0823974609375 0.0 2.8986366390598 0.0 0.0 0.0 0.0 0.0 0.0 0.0 0.0 0.0 12578.032359485 0.0 0.357546688 0.0 6017.692052729 0.0 0.171060608 0.0 18595.724412214 0.0 0.528607296 0.0 0.0 0.0
16 13 2 4.3164125156734 0.029132603052161 0.029132603052161 0.01971589253941 0.019726177465928 1496.5103597841 1496.5107655126 1.4463376969082 1.4467530248494 204.0 204.0 0.44805908203125 0.0 15.379987886047 0.0 0.0791015625 0.0 2.7152246697067 0.0 0.0 0.0 0.0 0.0 0.08233642578125 0.0 2.8262639501808 0.0
17 9 2 4.4167848250767 0.028317634152443 0.028317634152443 0.019167363879945 0.019172892894122 1496.5094631507 1496.5111881687 1.4473820694859 1.4470297429899 0.18189437593667 0.18189528007844 2.0519899702834e-07 1.8799906273922e-06 1.1281217243341e-06 1.0335565752896e-05 622.0 887.0 2.1272296025271e-05 3.031912157267e-05
18 8 2 4.5171400148261 0.02889897955816 0.02889897955816 0.019541587740672 0.019564513131284 1496.5100676247 1496.5117709614 1.4522303425239 1.4489269449123 0.09090935404772 0.090909353141517 0.0 0.0 0.0 0.0 10.999968160318 10.999968269968
19 5 2 4.6174841900256 0.028436757958533 0.028436757958533 0.019245096619964 0.019245945356249 1496.5106027454 1496.5151126257 1.4442100395497 1.44476982355 6.3219178082192 6.3741496598639
20 6 2 4.7178114086154 0.029191178537048 0.029191178537048 0.019747260455683 0.019757974279353 1496.5097997151 1496.5063276361 1.4447170890314 1.4449033281174 0.0 0.0 - -
21 7 2 4.8181952986947 0.028797571423639 0.028797571423639 0.019485570240063 0.019490159031973 1496.5088079688 1496.5033639143 1.4472610017398 1.4429972945759 46.368208323947 46.480200979466 53.631791676053 53.519799020534 4.1374975546543 4.1220345244035
22 7 2 4.918578636235 0.028743527665149 0.028743527665149 0.019456726340501 0.019462016675904 1496.5080175334 1496.5043935646 1.4447635955952 1.4440753334937 0.010236971237405 0.010269206552776 0.00081203738817345 0.00081380610546784 0.079323988447512 0.07924722336487
23 9 2 5.0189445370906 0.027976662275728 0.027976662275728 0.018926493971559 0.018940946945052 1496.5112237123 1496.5129633826 1.4489610744039 1.4450586756503 0.0 0.0 0.0 0.0 0.0 0.0 0.0 0.0 - -
24 6 2 5.1192903590377 0.027892716188273 0.027892716188273 0.018877524514743 0.018876884112871 1496.5089668723 1496.5141684721 1.4449607992619 1.4457012373214 0.0 0.0 0.0 0.0
25 13 2 5.2196686403923 0.027685592831681 0.027685592831681 0.018741577704755 0.018747157443832 1496.5092313549 1496.5082817844 1.4454522499068 1.4438642540818 0.69182499806857 0.69258588345337 165524756.0 165574036.0 26029264.0 26065649.0 11037969.0 10827632.0 3436.0 3480.0 6.6684701833966 6.5394504244615 0.003760162618817 0.0037493801262415 15.725299724955 15.742594448806 77.60246992903 77.714205746606
26 7 2 5.3200579344852 0.027470076315627 0.027470076315627 0.018589080990111 0.018600638568156 1496.5094254353 1496.5100030863 1.4460363514452 1.4435053711619 15.721705609217 15.749285299436 84.278294390783 84.250714700564 7.1362894522886 7.1302198118089
27 12 2 5.4204475410797 0.027790981965105 0.027790981965105 0.018812467565089 0.018813497461733 1496.5142022758 1496.5130084506 1.4447205200529 1.4454369812418 22229667.0 22240492.0 83.750390862805 83.659835402922 41.542426164099 41.407748533621 96.123405717234 96.236261320118 53.516829393087 53.539958979766 44.820553794091 44.791441557264 22.23218933599 22.169691579345 51.442199044516 51.524854834451
1 7 2 5.5208584104656 0.027581282508199 0.027581282508199 0.018659326825366 0.018678839154803 1496.5103482933 1496.5147192316 1.4479623219493 1.4459570072937 25.190616020843 25.126517654789 74.809383979157 74.873482345211 9.4501175394923 9.4081937075631
2 10 2 5.6212061119514 0.028217447944548 0.028217447944548 0.019091128430299 0.019102926498721 1496.5061429469 1496.5122731959 1.4481914764162 1.4471941261113 6020.0324399933 6028.1998688994 0.169869952 0.170100416 5904.4840740884 5911.2452808557 0.166609472 0.166800256 11924.516514082 11939.445149755 0.336479424 0.336900672
3 5 2 5.7215423423634 0.027973377838407 0.027973377838407 0.01893264481867 0.018929856307834 1496.5085482469 1496.5113583382 1.4460637672929 1.4448221501409 0.99997821549725 0.99998241368637
4 6 2 5.8218808916279 0.028768488845303 0.028768488845303 0.019460305616307 0.019471801599829 1496.5139732638 1496.5141293985 1.4458865465092 1.4447543256504 0.0 0.0 0.0 0.0
5 7 2 5.9222153693133 0.028136691185225 0.028136691185225 0.01904295879647 0.019041869569808 1496.5112648089 1496.5100008214 1.4461900470567 1.4441217518086 0.47278167733843 0.46750688877067 0.1596201536675 0.15968521450538 0.33761916190596 0.34156761823399
6 8 2 6.0225874133167 0.028077137434396 0.028077137434396 0.019004108957344 0.019011652927621 1496.511993223 1496.5056172884 1.4545313273874 1.4531497589699 53.648880605507 53.581522411333 77.257329480059 77.351752052385 34.961639842658 34.968392123859 97.657559646961 97.783096339774
7 7 2 6.1229363639033 0.027935178364972 0.027935178364972 0.01889888060374 0.018910065444344 1496.5094590242 1496.5095832478 1.4479233859173 1.4458130307436 0.0 0.0 0.0 0.0 - -
8 10 2 6.223235536152 0.027776860515071 0.027776860515071 0.018793690746712 0.01879354355392 1496.5099618729 1496.5094849093 1.4493953467415 1.4485230788596 12589.271268086 0.0 0.349690432 0.0 6274.57980377 0.0 0.174288128 0.0 18863.851071856 0.0 0.52397856 0.0
9 19 2 6.3236148537439 0.028337139688366 0.028337139688366 0.019180692753406 0.019192598612242 1496.5094099563 1496.5085002559 1.4470931608069 1.4444561813292 0.44061279296875 0.0 15.548950875576 0.0 0.0794677734375 0.0 2.8043682005819 0.0 0.0 0.0 0.0 0.0 0.0 0.0 0.0 0.0 12581.589953003 0.0 0.356526272 0.0 6028.2228156617 0.0 0.170822592 0.0 18609.812768665 0.0 0.527348864 0.0 0.0 0.0
10 9 2 6.4239785571243 0.028113485448956 0.028113485448956 0.019023682428402 0.019035413467491 1496.5122067094 1496.5086449092 1.4464306105012 1.4440740173067 0.0 0.0 0.0 0.0 0.0 0.0 0.0 0.0 - -
11 7 2 6.5243487469515 0.028624057842771 0.028624057842771 0.019364795610196 0.0193754261001 1496.511785722 1496.5083511972 1.4448940034761 1.4428999805492 26907632.0 26959459.0 37668565.0 37741111.0 37665762.0 37738519.0
12 10 2 6.6247379106088 0.027461360690724 0.027461360690724 0.018588756260166 0.018594237719748 1496.5105651655 1496.5062433653 1.4557180055923 1.4560828171125 200.0 170.0 7.0934922635004e-06 6.0292015510653e-06 101.42 99.105882352941 21402.0 21472.0 0.00075907460711718 0.00076152362179102 44.024390243902 44.627468330849
13 9 2 6.7250848865475 0.02825483491377 0.02825483491377 0.019111140309428 0.019130644033747 1496.5075203886 1496.5133269723 0.0 0.0 1.4467462695451 1.4439186948554 0.44793701171875 0.0 15.853464126964 0.0 0.0823974609375 0.0 2.9162251766455 0.0
14 10 2 6.8254639586671 0.027260264539297 0.027260264539297 0.018454597050027 0.018459550427161 1496.5138201728 1496.5055752502 1.4482336790645 1.4463888661083 6020.3694561883 6029.4786854712 0.164116864 0.164365184 3003.6345348727 3005.6888069404 0.081879872 0.081935872 9024.0861619438 9035.2707929498 0.245998976 0.246303872
15 19 2 6.9257856255977 0.02742862229633 0.02742862229633 0.018556398755429 0.018575645232038 1496.5110673839 1496.5099699745 1.444070796142 1.4445235945336 0.414306640625 0.0 15.104901593269 0.0 0.07666015625 0.0 2.7948963466626 0.0 0.0 0.0 0.0 0.0 0.0 0.0 0.0 0.0 12589.861651426 0.0 0.34532256 0.0 6022.128498306 0.0 0.165178688 0.0 18611.990149732 0.0 0.510501248 0.0 0.0 0.0
16 13 2 7.0261534503763 0.026771663273901 0.026771663273901 0.018114080338718 0.018124742984586 1496.509916617 1496.5089012223 1.4443016959196 1.4449779508415 205.0 205.0 0.41522216796875 0.0 15.509763578027 0.0 0.07135009765625 0.0 2.6651350320026 0.0 0.0 0.0 0.0 0.0 0.07666015625 0.0 2.8634812662064 0.0
17 9 2 7.1265284780908 0.028111819679449 0.028111819679449 0.019028225477321 0.019032963273627 1496.5074741766 1496.5113949867 1.4451955639135 1.4441855097741 0.18190104627992 0.18190118019271 3.7837653762765e-07 1.0309580906601e-07 2.0801229314832e-06 5.667682252352e-07 0.0 0.0 0.0 0.0
18 8 2 7.2268694213895 0.028237135546633 0.028237135546633 0.019104953230245 0.019117266246989 1496.5117566586 1496.5117647698 1.4447961945502 1.4467815885397 0.090909386706737 0.090909390038364 0.0 0.0 0.0 0.0 10.999964208601 10.999963805477
19 5 2 7.327209702547 0.027812480264985 0.027812480264985 0.018823738003963 0.018822107107825 1496.5099035792 1496.5082194069 1.445298505903 1.4437556408922 6.0866666666667 6.1307189542484
20 6 2 7.4275467998113 0.028267113057146 0.028267113057146 0.019130649921459 0.019136170783419 1496.5093692501 1496.5126685846 1.4470560877459 1.4454977626358 0.0 0.0 - -
21 7 2 7.5279311264871 0.027637550915906 0.027637550915906 0.018688389023162 0.018715388710263 1496.508296718 1496.5084335035 1.4453768640638 1.4442236229678 46.496674356952 46.536659019338 53.503325643048 53.463340980662 4.1467629672051 4.1090716370408
22 7 2 7.6283114468015 0.027922782467363 0.027922782467363 0.018895763739752 0.018896562656938 1496.513108588 1496.5092832918 1.4485291424379 1.4474748821785 0.010320766872579 0.01031017666225 0.00079977801189005 0.00081319887514939 0.077492110980141 0.078873418156536
23 9 2 7.7286827697867 0.027940952851435 0.027940952851435 0.018912107121598 0.018917332692172 1496.510244385 1496.5080941854 1.4462088588047 1.4455287391785 0.0 0.0 0.0 0.0 0.0 0.0 0.0 0.0 - -
24 6 2 7.8290307747162 0.028140275442941 0.028140275442941 0.019039456966718 0.019051677591679 1496.5112653415 1496.504016449 1.4460238757705 1.4446453706419 0.0 0.0 0.0 0.0
25 13 2 7.9294446749149 0.027452982929892 0.027452982929892 0.0185889242864 0.018593556103895 1496.5059040247 1496.5127528966 1.4448240324112 1.4441275713426 0.6921258074114 0.69245959972241 164176528.0 164217436.0 25828490.0 25847382.0 10951189.0 10742151.0 3828.0 3812.0 6.6703743424273 6.541419268049 0.0041845202135107 0.0042388921478472 15.732145340532 15.739730585003 77.593295796827 77.7146112548
26 7 2 8.0298316519668 0.028416223431767 0.028416223431767 0.019223751400588 0.019234300368331 1496.5065700145 1496.507756573 1.4458703480207 1.4452752331699 15.72368616813 15.730271280671 84.27631383187 84.269728719329 7.1347287880498 7.1343395156713
27 12 2 8.1302359633476 0.028599652824921 0.028599652824921 0.019350565463946 0.019354786500325 1496.5076596962 1496.5086798973 1.4454290312312 1.4432153207037 22893485.0 22883517.0 83.650313615424 83.652879931 41.554809152036 41.353555924118 96.100191823132 96.06262009463 53.582309828666 53.5472991353 44.821770214067 44.793857851946 22.266026588555 22.143712293771 51.492702528613 51.438938539278
1 7 2 8.2306428598868 0.028623960016177 0.028623960016177 0.019377528918975 0.019383422065474 1496.5137185124 1496.5064709129 1.4456647521499 1.4439395000102 25.199669924494 25.148520829319 74.800330075506 74.851479170681 9.397599828748 9.397076380541
2 10 2 8.3310089491492 0.029043194074062 0.029043194074062 0.019650643559775 0.019663375962752 1496.5050536745 1496.5068937728 1.445482923748 1.4456154175328 6031.8676917307 6035.1973530536 0.175184704 0.175281408 5916.8324104362 5918.7120934994 0.171843712 0.171898304 11948.700102167 11953.909446553 0.347028416 0.347179712
3 5 2 8.4313442656071 0.028684816309992 0.028684816309992 0.019415216614394 0.019413727929139 1496.5083174511 1496.5045852627 1.4455194876291 1.4465112822901 0.99998145410568 0.99998478076601
4 6 2 8.531684207089 0.029073079192792 0.029073079192792 0.019680099328452 0.019683780054059 1496.5115665642 1496.5058434349 1.4444110082611 1.4446779838351 0.0 0.0 0.0 0.0
5 7 2 8.6320199855058 0.028589766904095 0.028589766904095 0.019342631093094 0.019354180518922 1496.5099392812 1496.5076801626 1.4464304553172 1.4465479296474 0.47220747003398 0.46767806998623 0.15969546606523 0.1597521881107 0.33818919902673 0.3415858009237
6 8 2 8.7324075830319 0.028700881610685 0.028700881610685 0.019429890603526 0.019428358892685 1496.5118125347 1496.5069445702 1.4455969382616 1.444082883561 53.617418867114 53.489899689945 77.041126057365 77.208521298421 35.139617802635 35.303203718139 97.53229390399 97.768056642058
7 7 2 8.8327559502821 0.028365308312688 0.028365308312688 0.019196236765165 0.019203055188201 1496.5125230129 1496.5068891444 1.4468968083869 1.4448149459937 0.0 0.0 0.0 0.0 - -
8 10 2 8.9330559939122 0.02795904352495 0.02795904352495 0.018912831310135 0.018926578664027 1496.5094478161 1496.5112213892 1.4463696824304 1.4461579770017 12568.031652672 0.0 0.351390144 0.0 6020.7862207368 0.0 0.168335424 0.0 18588.817873409 0.0 0.519725568 0.0
9 19 2 9.0334615543937 0.027656399745526 0.027656399745526 0.018724545913542 0.01873647758773 1496.5112708454 1496.5101441049 1.4452544407922 1.4450855026129 0.4327392578125 0.0 15.646984488012 0.0 0.07952880859375 0.0 2.8756023678251 0.0 0.0 0.0 0.0 0.0 0.0 0.0 0.0 0.0 12578.458628053 0.0 0.34787488 0.0 6014.3047370766 0.0 0.166334016 0.0 18592.76336513 0.0 0.514208896 0.0 0.0 0.0
10 9 2 9.1338254307823 0.028669226555242 0.028669226555242 0.019394516325899 0.019404894550002 1496.5061416992 1496.5050398526 1.4513960972738 1.45024825717 0.0 0.0 0.0 0.0 0.0 0.0 0.0 0.0 - -
11 7 2 9.2341826468103 0.028119782583057 0.028119782583057 0.019033239090274 0.019031677940875 1496.5042155516 1496.5124750661 1.4484065422693 1.4481065699225 26382933.0 26386291.0 36933912.0 36938551.0 36931208.0 36935825.0
12 10 2 9.3345705849179 0.027875939833168 0.027875939833168 0.01886980617762 0.018876322968657 1496.5105197139 1496.5055037407 1.4458971556534 1.4446846742547 201.0 204.0 6.9754014031176e-06 7.0711331733547e-06 105.07462686567 108.53431372549 21905.0 21926.0 0.00076017993898155 0.00076000816646557 43.742524537777 44.085651737663
13 9 2 9.4349165617571 0.028382344632909 0.028382344632909 0.019200042038519 0.019220015421072 1496.5075584808 1496.5059292312 0.0 0.0 1.4450054966383 1.4440351643344 0.44757080078125 0.0 15.76933852964 0.0 0.08233642578125 0.0 2.9009733637644 0.0
14 10 2 9.5352797298087 0.027736526066797 0.027736526066797 0.018773802509529 0.018773146256126 1496.5094150431 1496.5111305667 1.4454702305916 1.4447084674162 6030.7364951605 6033.6946161523 0.16727168 0.167353728 3010.6357154786 3005.944717057 0.083504576 0.083374464 9041.3814403457 9039.6577926227 0.250776512 0.250728704
15 19 2 9.6356729641394 0.028046940719848 0.028046940719848 0.018984809944231 0.018995859820367 1496.5089266428 1496.5028676648 1.4450198605484 1.4454110812145 0.43212890625 0.0 15.407345512881 0.0 0.07952880859375 0.0 2.8355609044187 0.0 0.0 0.0 0.0 0.0 0.0 0.0 0.0 0.0 12583.425605141 0.0 0.352926592 0.0 6020.7134063824 0.0 0.168862592 0.0 18604.139011523 0.0 0.521789184 0.0 0.0 0.0
16 13 2 9.7360331955815 0.026920695749568 0.026920695749568 0.018208624760112 0.018233802879796 1496.5118201429 1496.5084747697 1.4467663122 1.4431848349985 205.0 205.0 0.41571044921875 0.0 15.442039577503 0.0 0.07171630859375 0.0 2.6639842172319 0.0 0.0 0.0 0.0 0.0 0.07672119140625 0.0 2.8498963072855 0.0
17 9 2 9.8364083111589 0.028065680853252 0.028065680853252 0.018994644234354 0.018994526933021 1496.5094443216 1496.5068774995 1.4456167985118 1.4447428223857 0.18190369245515 0.18190180301 1.4132176801942e-06 1.8257491884286e-06 7.7690433938971e-06 1.0037004351894e-05 506.0 765.0 1.7441174297031e-05 2.6352794889583e-05
18 8 2 9.9367524854525 0.027508161658036 0.027508161658036 0.018619980606854 0.018624836157394 1496.5075109134 1496.5096335347 1.4449589783058 1.4439453517821 0.090909391250106 0.090909365424827 0.0 0.0 0.0 0.0 10.999963658857 10.999966783696
19 5 2 10.037087478539 0.028030187915589 0.028030187915589 0.018966293996772 0.018977249669522 1496.5074770176 1496.5073461943 1.446293289263 1.4437960963954 6.2992700729927 6.3555555555556
20 6 2 10.137428317671 0.02861814386283 0.02861814386283 0.019371935592871 0.019369783407798 1496.5135891361 1496.5131337 1.4478766253615 1.4445020797691 0.0 0.0 - -
21 7 2 10.237799025616 0.028757290417671 0.028757290417671 0.019455759849982 0.019469033922435 1496.5075320533 1496.5076101104 1.4460722417827 1.4443185279224 46.571078163499 46.583343344018 53.428921836501 53.416656655982 4.1574470443731 4.1277826773024
22 7 2 10.338171594985 0.028759840249733 0.028759840249733 0.019437048702236 0.019458329156783 1496.506307425 1496.5053152896 1.4476497892739 1.4441488128027 0.010214253623491 0.010188677501368 0.00081321413612507 0.00079194507694918 0.079615620103152 0.077727956041677
23 9 2 10.438535430612 0.028090408336542 0.028090408336542 0.019013179656552 0.019017497160823 1496.5079771308 1496.5032728515 1.4491099879997 1.4454903385815 0.0 0.0 0.0 0.0 0.0 0.0 0.0 0.0 - -
24 6 2 10.538877652903 0.02841544897123 0.02841544897123 0.019214168017563 0.019238597492062 1496.5058033215 1496.5037178097 1.4461830860173 1.4436863595633 0.0 0.0 0.0 0.0
25 13 2 10.639237198653 0.028434657404163 0.028434657404163 0.019244379677841 0.019246708494264 1496.5075569405 1496.5151623412 1.4547472806449 1.4533067562698 0.68740461886731 0.68808597750328 169965480.0 169986048.0 26556887.0 26586420.0 11225329.0 11013390.0 3572.0 3868.0 6.6044758029689 6.4789964409314 0.003971394662022 0.0040444495774147 15.624871003218 15.640354201305 77.766681799151 77.876604908186
26 7 2 10.739649532721 0.024218313983459 0.024218313983459 0.016389209076023 0.01639534814771 1496.5054530878 1496.5064463164 1.4591053033389 1.4561179090269 15.588559442008 15.620196835197 84.411440557992 84.379803164803 7.2167304323831 7.2112095574965
27 12 2 10.84004001432 0.028233516868449 0.028233516868449 0.019104816907074 0.019118778483091 1496.5077146554 1496.5063451462 1.4460234576618 1.4444372474722 22604860.0 22577052.0 83.690343580982 83.617453687045 41.405733103412 41.497127260016 96.085686883263 96.330149746743 53.587330714962 53.482324507929 44.847421191229 44.720557926173 22.18822713308 22.19362826267 51.489754799877 51.519603286527
1 7 2 10.940430809326 0.028664298087658 0.028664298087658 0.019404457500635 0.01940491357184 1496.506181149 1496.5108626467 1.4458697272821 1.4453540060564 25.247969299439 25.103569596171 74.752030700561 74.896430403829 9.441739863595 9.4054971607646
2 10 2 11.040780261727 0.027826917839847 0.027826917839847 0.018833512058267 0.018839195058749 1496.5011509016 1496.5039244154 1.4448039761679 1.445250991925 6035.7580730516 6036.6941451006 0.167956544 0.167982592 5920.2118232475 5921.2260929616 0.164741248 0.164769472 11955.969896299 11957.920238062 0.332697792 0.332752064
3 5 2 11.141117383448 0.02864072550166 0.02864072550166 0.019375186062624 0.019391844663495 1496.507261134 1496.5026462818 1.4463756565842 1.4458198751759 0.99998605358862 0.99997492766166
4 6 2 11.241452429977 0.028697366193907 0.028697366193907 0.019423675444487 0.019422769189788 1496.5116414169 1496.5070927478 1.4468476150568 1.4465253239105 0.0 0.0 0.0 0.0
5 7 2 11.341801372411 0.028656921237813 0.028656921237813 0.019384350965218 0.019396121406685 1496.5084166235 1496.510142359 1.4455659478031 1.445564016828 0.47268263809788 0.46767128557924 0.15957403512386 0.15960973996807 0.33759233418431 0.34128616592398
6 8 2 11.442184085854 0.028855983864203 0.028855983864203 0.019524488467226 0.019531339046226 1496.5111810782 1496.51027001 1.4442497516357 1.443437014963 53.508693733012 53.494922767836 77.174066518956 77.08819435087 35.273504914086 35.276752521097 97.667850688498 97.656283750021
7 7 2 11.542535538265 0.027484298309661 0.027484298309661 0.018600920272515 0.018607378639336 1496.5054025445 1496.5092446224 1.4434598582218 1.4456836390109 0.0 0.0 0.0 0.0 - -
8 10 2 11.642829843641 0.027850023032117 0.027850023032117 0.018836341783085 0.018851213689909 1496.5105769273 1496.507470411 1.4483526541965 1.4463731111621 12597.289976939 0.0 0.350834816 0.0 6025.3962377871 0.0 0.167807424 0.0 18622.686214726 0.0 0.51864224 0.0
9 19 2 11.743221117816 0.027255541688721 0.027255541688721 0.018449425827561 0.018454910004549 1496.5066900336 1496.5094271904 1.4435216735617 1.4441377069039 0.41522216796875 0.0 15.234412609036 0.0 0.07672119140625 0.0 2.8148841172362 0.0 0.0 0.0 0.0 0.0 0.0 0.0 0.0 0.0 12594.066774393 0.0 0.343258112 0.0 6024.519265671 0.0 0.164201536 0.0 18618.586040064 0.0 0.507459648 0.0 0.0 0.0
10 9 2 11.843587431718 0.02761798378546 0.02761798378546 0.018694081987464 0.018699559823839 1496.5028443472 1496.5072994335 1.4460229578718 1.4436648719872 0.0 0.0 0.0 0.0 0.0 0.0 0.0 0.0 - -
11 7 2 11.94394958346 0.027360866510218 0.027360866510218 0.018514012666082 0.018525723777531 1496.5090329286 1496.5037654134 1.4439618686126 1.4450862208177 25742807.0 25739140.0 36037605.0 36032340.0 36034567.0 36029325.0
12 10 2 12.044339286069 0.027920790609208 0.027920790609208 0.018900645558544 0.018899942203447 1496.5060985315 1496.5063089849 1.4452141188126 1.4432413990474 183.0 200.0 6.3373811883878e-06 6.9169029221321e-06 102.84153005464 110.59 21992.0 21981.0 0.00076159391855205 0.00076020221565693 44.200572935613 43.412401619581
13 9 2 12.14467636884 0.02839906845151 0.02839906845151 0.019217086058056 0.019230706146795 1496.5043258272 1496.5027643153 0.0 0.0 1.4511646241621 1.4509309363408 0.45562744140625 0.0 16.04374601879 0.0 0.08087158203125 0.0 2.8476843234958 0.0
14 10 2 12.245035033246 0.027761625834626 0.027761625834626 0.018784168052407 0.018795502350308 1496.5072646785 1496.5035511564 1.450356383563 1.4483951652935 6008.4296573132 6020.0900694926 0.166803776 0.167127488 3008.0405411935 2990.4600146456 0.083508096 0.083020032 9016.6292670003 9010.6722671839 0.250316288 0.250150912
15 19 2 12.345434326484 0.028200225934958 0.028200225934958 0.019089595813656 0.019093825455153 1496.5099726907 1496.505040574 1.4462919064823 1.4439127779571 0.43206787109375 0.0 15.321432959094 0.0 0.07958984375 0.0 2.8223122727304 0.0 0.0 0.0 0.0 0.0 0.0 0.0 0.0 0.0 12584.54825215 0.0 0.354887104 0.0 6021.296438959 0.0 0.16980192 0.0 18605.844691109 0.0 0.524689024 0.0 0.0 0.0
16 13 2 12.445805904906 0.027833139792399 0.027833139792399 0.018827785126398 0.018852028458627 1496.503862499 1496.50265289 1.4450815074804 1.4451192953286 205.0 205.0 0.41534423828125 0.0 14.922651248806 0.0 0.07403564453125 0.0 2.659981772932 0.0 0.0 0.0 0.0 0.0 0.07666015625 0.0 2.7542762628216 0.0
17 9 2 12.546193097538 0.02852631639393 0.02852631639393 0.019298219630926 0.019302997282511 1496.5086015027 1496.5046099945 1.44610983108 1.445327295401 0.18190079018022 0.18190277205336 2.0362845544762e-07 5.7649236408735e-07 1.1194478883015e-06 3.1692335283282e-06 0.0 0.0 0.0 0.0
18 8 2 12.646535260046 0.028037111864535 0.028037111864535 0.0189767854461 0.018980202583384 1496.506370325 1496.5041463496 1.4462991704491 1.445576771164 0.090909360772771 0.090909373132689 0.0 0.0 0.0 0.0 10.999967346592 10.999965851051
19 5 2 12.746896318485 0.028984548842436 0.028984548842436 0.019611486200938 0.019622507544318 1496.5081407109 1496.502253391 1.4477882696682 1.4461060686075 6.0921985815603 5.7310344827586
20 6 2 12.847238204724 0.028710879850935 0.028710879850935 0.01943425022758 0.019437183213803 1496.5017531511 1496.5057922682 1.4446371049111 1.4441984563388 0.0 0.0 - -
21 7 2 12.94761693445 0.029533924879486 0.029533924879486 0.019995281669266 0.020001123637964 1496.5064972928 1496.5019854817 1.4462703351783 1.4434543972239 46.363877631457 46.526125977452 53.636122368543 53.473874022548 4.1567781109129 4.0765528789304
22 7 2 13.047985688582 0.028736722376238 0.028736722376238 0.019444103539542 0.019456725434699 1496.505900006 1496.5101199805 1.4463611898159 1.4451495641161 0.010300935296837 0.010260243593704 0.00080588834195752 0.0008028682633224 0.078234482475096 0.078250409553149
23 9 2 13.14835242821 0.027697642713003 0.027697642713003 0.018748258445918 0.018744316849393 1496.5014889146 1496.5047067352 1.4459587166242 1.4461957428549 0.0 0.0 0.0 0.0 0.0 0.0 0.0 0.0 - -
24 6 2 13.248699233858 0.027904321320913 0.027904321320913 0.018887273659497 0.018892497418468 1496.5049787049 1496.5071576007 1.4457057846211 1.4463637564583 0.0 0.0 0.0 0.0
25 13 2 13.349087785193 0.027496860874801 0.027496860874801 0.018608671218502 0.018620056241305 1496.499638533 1496.5022411613 1.4443841520134 1.4463337875721 0.69233659106965 0.69140333206114 164350932.0 164451484.0 25863854.0 25844851.0 11060228.0 10852876.0 3916.0 3800.0 6.729641180252 6.5994393823774 0.0041198427764316 0.0039227374804353 15.736968257655 15.715790682679 77.529270719317 77.680847197463
26 7 2 13.449488180793 0.028530826381083 0.028530826381083 0.019310284910879 0.019313542627046 1496.509109726 1496.5055120086 1.4465604649579 1.4451482165379 15.716339335085 15.731901925615 84.283660664915 84.268098074385 7.117029173222 7.1196283842418
27 12 2 13.549845945737 0.027957788989459 0.027957788989459 0.018919688229748 0.01893098267237 1496.5090094532 1496.5044033074 1.4469794693189 1.4441028220286 22331823.0 22276475.0 83.758204603359 83.802675243727 41.594660677724 41.66769203835 96.216126198027 96.36349108196 53.458083414852 53.293776299574 44.775530883646 44.661610277451 22.235708401223 22.206286584114 51.435297001481 51.35574337168
1 7 2 13.650254443733 0.028388067488671 0.028388067488671 0.019218217404502 0.019217191583966 1496.4978631553 1496.5081451234 1.447592971293 1.4453663809805 25.176746712346 25.112705022106 74.823253287654 74.887294977894 9.4537643904728 9.3958382430647
2 10 2 13.750587859819 0.028089622100581 0.028089622100581 0.019009473568494 0.019014511185195 1496.503013071 1496.5083094604 1.4535163378648 1.4520660208616 5999.6763002558 6007.2816713511 0.16852864 0.168742272 5879.1113461289 5886.0628102426 0.165142016 0.16533728 11878.787646385 11893.344481594 0.333670656 0.334079552
3 5 2 13.850924327551 0.028458313323926 0.028458313323926 0.019254915511457 0.019267092205031 1496.5077208937 1496.5103040221 1.4437525910684 1.4445958525755 0.99998701918089 0.99998094994055
4 6 2 13.951257530773 0.028267511609937 0.028267511609937 0.019131357805564 0.019130535790432 1496.5050973878 1496.5048595332 1.4470825653175 1.4458884348619 0.0 0.0 0.0 0.0
5 7 2 14.051587849923 0.029180185726425 0.029180185726425 0.019751838377971 0.019757352446418 1496.5078833176 1496.5041475728 1.4471255938076 1.4447087056599 0.47265269901305 0.46731068967673 0.15951246161346 0.15960044260589 0.33748344597744 0.3415296207247
6 8 2 14.151973351423 0.028271609457272 0.028271609457272 0.019134371408147 0.019145836594408 1496.5000440803 1496.5000113818 1.4456133254164 1.4458963259704 53.583834852445 53.626795876442 77.088570751421 77.117669228033 34.891187664936 34.960735006761 97.659262146587 97.671554770535
7 7 2 14.252324023939 0.028021999467333 0.028021999467333 0.01896702860203 0.018965868722828 1496.4985920007 1496.5006606257 1.445567486533 1.444406648743 0.0 0.0 0.0 0.0 - -
8 10 2 14.352624078439 0.028367032959312 0.028367032959312 0.019176437749459 0.019202258988421 1496.507933724 1496.4954588629 1.4460219566319 1.4437734498776 12579.361701727 0.0 0.356839168 0.0 6018.3348834852 0.0 0.170722304 0.0 18597.696585212 0.0 0.527561472 0.0
9 19 2 14.453014292826 0.027958103302683 0.027958103302683 0.018919433699443 0.018936376722079 1496.5067467726 1496.5021807325 1.4467166626869 1.4460630284679 0.4306640625 0.0 15.403908406715 0.0 0.0794677734375 0.0 2.8423878607628 0.0 0.0 0.0 0.0 0.0 0.0 0.0 0.0 0.0 12560.29352915 0.0 0.351161984 0.0 6010.5067278964 0.0 0.168042368 0.0 18570.800257046 0.0 0.519204352 0.0 0.0 0.0
10 9 2 14.553377400189 0.02817185259943 0.02817185259943 0.019071492458917 0.019070201238453 1496.5010197212 1496.4994187591 1.4467700005824 1.4448566178317 0.0 0.0 0.0 0.0 0.0 0.0 0.0 0.0 - -
11 7 2 14.653751952358 0.027752130314375 0.027752130314375 0.018777563851496 0.018789753226295 1496.5053396343 1496.4977539058 1.447705474951 1.4464531572989 26041242.0 26080745.0 36455556.0 36510834.0 36452787.0 36508064.0
12 10 2 14.754124525349 0.027848148928196 0.027848148928196 0.018849937868076 0.018847434684807 1496.5048316453 1496.5034008693 1.4468613041552 1.4463137990175 235.0 192.0 8.1693597975167e-06 6.6729011953251e-06 119.54042553191 128.77604166667 21871.0 21952.0 0.00076030667289995 0.00076293503666551 43.664075716702 43.694970845481
13 9 2 14.854460566449 0.027782784458831 0.027782784458831 0.018796626903241 0.018812568561989 1496.5053962121 1496.506510932 0.0 0.0 1.4463648696054 1.4448760736321 0.4378662109375 0.0 15.760342941376 0.0 0.07952880859375 0.0 2.8625211670773 0.0
14 10 2 14.954825772554 0.028091655625618 0.028091655625618 0.01900788977405 0.019018386205288 1496.5006063533 1496.5021200491 1.4463077099624 1.4465419358168 6025.3804281169 6027.6404586699 0.169262912 0.1693264 3005.0045153984 3005.7517835651 0.084415552 0.084436544 9030.3963347983 9033.4036335181 0.253678784 0.253763264
15 19 2 15.055214851972 0.027252210149707 0.027252210149707 0.018445625536117 0.018449294033399 1496.5008047235 1496.5028717717 1.4456950796311 1.4449009673315 0.41986083984375 0.0 15.406487677047 0.0 0.07666015625 0.0 2.8129885917096 0.0 0.0 0.0 0.0 0.0 0.0 0.0 0.0 0.0 12574.139349343 0.0 0.342673088 0.0 6013.5793427294 0.0 0.163883328 0.0 18587.718692072 0.0 0.506556416 0.0 0.0 0.0
16 13 2 15.155583337986 0.027939305197964 0.027939305197964 0.018906175478522 0.018921438238822 1496.4989791509 1496.504470636 1.4464886319579 1.4463576199751 205.0 205.0 0.43792724609375 0.0 15.674235382405 0.0 0.080322265625 0.0 2.8748841481875 0.0 0.0 0.0 0.0 0.0 0.07965087890625 0.0 2.8508539615385 0.0
17 9 2 15.25595230951 0.027516206989608 0.027516206989608 0.018618412211041 0.018630381023102 1496.499482224 1496.5036082042 1.4493179900455 1.4485535212203 0.18190612772806 0.18190522455032 2.0448065052487e-06 1.9015587675857e-06 1.1240998479752e-05 1.0453568732214e-05 570.0 932.0 2.0095512206754e-05 3.2819495766479e-05
18 8 2 15.356290049893 0.027217130257665 0.027217130257665 0.018418120411612 0.018419381287715 1496.5031841599 1496.5000817614 1.4462260618499 1.4443950743841 0.09090939480806 0.090909404088494 1.0668793597358e-07 0.0 1.1735633726177e-06 0.0 10.999963228348 10.999962105423
19 5 2 15.456638522217 0.028014619900083 0.028014619900083 0.018960578387425 0.018966029955548 1496.5043783642 1496.5022411298 1.4458969892587 1.4440967073027 6.3379310344828 6.2587412587413
20 6 2 15.556975886692 0.027687780343024 0.027687780343024 0.018732065880071 0.018744696380346 1496.5051385259 1496.5079516858 1.4452183650084 1.4454302860891 0.0 0.0 - -
21 7 2 15.657356642698 0.028029571064565 0.028029571064565 0.018975235166322 0.018973432167843 1496.4976940573 1496.5002673032 1.4483286496768 1.4467835535102 46.26701627239 46.336600226085 53.73298372761 53.663399773915 4.1587672016845 4.1260921457639
22 7 2 15.75774208985 0.027549225276757 0.027549225276757 0.0186359209069 0.018652703149717 1496.501721965 1496.5000518046 1.4456018437195 1.4449463608029 0.010237955379895 0.010259217366598 0.00080848843300137 0.00080987510690561 0.078969716413203 0.078941217245521
23 9 2 15.85809867544 0.027902770588234 0.027902770588234 0.018887901380143 0.018886706627571 1496.5010131056 1496.4980896951 1.4448757686506 1.4450086572382 0.0 0.0 0.0 0.0 0.0 0.0 0.0 0.0 - -
24 6 2 15.958441831613 0.02724286770996 0.02724286770996 0.018436551213702 0.018441891821104 1496.4977699263 1496.5003194978 1.4459192717184 1.4442089063203 0.0 0.0 0.0 0.0
25 13 2 16.0588252389 0.027561230773791 0.027561230773791 0.018649953588358 0.018661151563089 1496.4992299702 1496.5004152498 1.4456734171755 1.443894154027 0.69171915878051 0.69257154148803 164715536.0 164814436.0 25898067.0 25945556.0 11038396.0 10831529.0 3732.0 3672.0 6.7014905017824 6.5719540489766 0.0039273769536833 0.0038503908723141 15.722904850943 15.742283643163 77.571677270321 77.681911916988
26 7 2 16.159217825582 0.027911504329173 0.027911504329173 0.018894864278566 0.018894228405704 1496.5000241785 1496.5055793567 1.4462615812412 1.4444883795494 15.719513330459 15.738741615178 84.280486669541 84.261258384822 7.1410752296835 7.1297618451217
27 12 2 16.259607569858 0.028048536742616 0.028048536742616 0.018986182233955 0.018992886073064 1496.4968906843 1496.4999728542 1.4464996668183 1.4443940623441 22476697.0 22432448.0 83.760238437169 83.595562107176 41.604742903283 41.576157894136 96.004110390419 96.302227023997 53.616446714297 53.49200658383 44.909263609433 44.716943586161 22.306984809359 22.239921118035 51.473992691014 51.513993620051
1 7 2 16.359996488949 0.028809814240744 0.028809814240744 0.019496396383156 0.01951112200299 1496.505240511 1496.4953550829 1.4433898800873 1.4445628975346 25.214596232748 25.14386959024 74.785403767252 74.85613040976 9.424231557482 9.4256562289099
2 10 2 16.460346228489 0.028455573273487 0.028455573273487 0.019259615716988 0.019258801401171 1496.4955086626 1496.5024534892 1.445955075607 1.4447130521321 6031.47419841 6036.8450970572 0.171629056 0.171781888 5916.9265149502 5920.7275278119 0.168369536 0.168477696 11948.40071336 11957.572624869 0.339998592 0.340259584
3 5 2 16.560687150049 0.028416567636451 0.028416567636451 0.019232733784121 0.019240079836704 1496.502322699 1496.4982046314 1.446210747981 1.4448989598343 0.99998501535364 0.99998381872634
4 6 2 16.661017197457 0.028509715764373 0.028509715764373 0.019288841412008 0.019302476899378 1496.5018460933 1496.5014859813 1.4480282311089 1.4470881202455 0.0 0.0 0.0 0.0
5 7 2 16.761347426027 0.028247423643457 0.028247423643457 0.019117055648071 0.019119040259811 1496.5019109915 1496.5047304897 1.454982457582 1.4525939158635 0.47276582009529 0.46684945576188 0.15848526053586 0.15855279402911 0.33522994641177 0.33962295997617
6 8 2 16.861750046275 0.026772363458691 0.026772363458691 0.018112814933605 0.018125731667248 1496.4986982198 1496.4949333322 1.4476122384948 1.4465665187729 53.574210494626 53.520553299874 77.134386994008 77.321854843288 35.386841780469 35.508828175161 97.623467452513 97.715412711117
7 7 2 16.962082530291 0.027821728501345 0.027821728501345 0.018828565021746 0.018828478970575 1496.4985119719 1496.5006508241 1.4484490597159 1.4449045222107 0.0 0.0 0.0 0.0 - -
8 10 2 17.062375418087 0.027545819461996 0.027545819461996 0.018638247458819 0.018645117059656 1496.5025920156 1496.5009009028 1.446913904147 1.4457226183842 12572.536913553 0.0 0.346320832 0.0 6000.4099071382 0.0 0.165286208 0.0 18572.946820691 0.0 0.51160704 0.0
9 19 2 17.162768548251 0.028887455947683 0.028887455947683 0.019545715932367 0.019565173007894 1496.5018065414 1496.4996016119 1.4461740876355 1.4452214500564 0.4481201171875 0.0 15.512619664365 0.0 0.08245849609375 0.0 2.8544741441783 0.0 0.0 0.0 0.0 0.0 0.0 0.0 0.0 0.0 12600.744650524 0.0 0.364003456 0.0 6027.5585470505 0.0 0.174120832 0.0 18628.303197574 0.0 0.538124288 0.0 0.0 0.0
10 9 2 17.263125864822 0.028417750613599 0.028417750613599 0.019235939869585 0.019233544023829 1496.5012860011 1496.5038404915 1.4427855837669 1.4444841840384 0.0 0.0 0.0 0.0 0.0 0.0 0.0 0.0 - -
11 7 2 17.363491080892 0.028558061123751 0.028558061123751 0.019330353855521 0.019336689939099 1496.4952096302 1496.5069310322 1.4467250022575 1.4454492031224 26825948.0 26858505.0 37554117.0 37599679.0 37551302.0 37596761.0
12 10 2 17.463888591513 0.0289754636504 0.0289754636504 0.019609867986025 0.019620452280037 1496.5010263865 1496.4984250873 1.445182442486 1.4442409778974 218.0 215.0 7.2762511872722e-06 7.1675757541915e-06 106.9128440367 96.539534883721 22773.0 22891.0 0.00076010123067776 0.00076313012367069 43.550959469547 43.466558909615
13 9 2 17.564233563818 0.028488244638547 0.028488244638547 0.019277647513385 0.019283306057219 1496.5075935006 1496.5062116202 0.0 0.0 1.4473420193253 1.4434719211268 0.4488525390625 0.0 15.75571063635 0.0 0.08245849609375 0.0 2.8944744451603 0.0
14 10 2 17.664608590627 0.029018551736141 0.029018551736141 0.019641581465684 0.019648914384142 1496.500987039 1496.504558229 1.4480558667843 1.4459015914837 6020.0738337479 6031.299755805 0.174693824 0.175019584 2998.3224797411 3011.6325857557 0.087006976 0.087393216 9018.4205738313 9043.0602597295 0.261701504 0.262416512
15 19 2 17.764999916433 0.028451493542187 0.028451493542187 0.01925266051788 0.019271200016186 1496.497075678 1496.500342571 1.4460852442724 1.4439453089276 0.448974609375 0.0 15.780352926263 0.0 0.08245849609375 0.0 2.8982132685401 0.0 0.0 0.0 0.0 0.0 0.0 0.0 0.0 0.0 12583.952946762 0.0 0.358032256 0.0 6025.3208059467 0.0 0.171429376 0.0 18609.273752709 0.0 0.529461632 0.0 0.0 0.0
16 13 2 17.865362787382 0.028274704582017 0.028274704582017 0.019134627750056 0.019146888230296 1496.5002144399 1496.5049527392 1.4458198924635 1.4441010915956 205.0 205.0 0.43170166015625 0.0 15.268122745686 0.0 0.0765380859375 0.0 2.706945556778 0.0 0.0 0.0 0.0 0.0 0.0794677734375 0.0 2.8105606977073 0.0
17 9 2 17.965752614992 0.028135641360941 0.028135641360941 0.019033805669299 0.019045107811237 1496.4976935957 1496.495945833 1.4461075082281 1.4449828217626 0.18189763956804 0.18189805546057 1.7204740924645e-07 3.4362316332131e-07 9.4584739887236e-07 1.8890975082237e-06 0.0 0.0 0.0 0.0
18 8 2 18.066095267538 0.028675770067433 0.028675770067433 0.019394515872998 0.019404335217392 1496.4952114556 1496.498928397 1.4462489072805 1.445487201948 0.090909397934698 0.09090939761771 0.0 0.0 0.0 0.0 10.999962850027 10.999962888382
19 5 2 18.166427930903 0.029040737539585 0.029040737539585 0.019650240025073 0.019650180242155 1496.5001302338 1496.4998787553 1.4464622662503 1.4454462903235 6.0481927710843 6.2743902439024
20 6 2 18.26676644937 0.028951220771072 0.028951220771072 0.019589266882827 0.019601776911462 1496.4978121523 1496.4977776211 1.4486802563374 1.4461654253166 0.0 0.0 - -
21 7 2 18.367148612991 0.028890407955743 0.028890407955743 0.019537626669408 0.019556534376145 1496.4965231003 1496.501986809 1.4508787987992 1.4495770436401 46.298404389769 46.364548305068 53.701595610231 53.635451694932 4.1793198279364 4.1433454633538
22 7 2 18.467517345383 0.028619143868015 0.028619143868015 0.019371028885271 0.019377206906435 1496.4980848585 1496.4997546342 1.4473253521051 1.4460367370345 0.010316156302218 0.010264174711097 0.0008155611741199 0.00079091633150881 0.079056690324144 0.07705600827836
23 9 2 18.567915769052 0.029015625996332 0.029015625996332 0.019633055153357 0.019645914821487 1496.49685685 1496.5019446225 1.4462187502241 1.4450305196306 0.0 0.0 0.0 0.0 0.0 0.0 0.0 0.0 - -
24 6 2 18.668253418856 0.027367335746661 0.027367335746661 0.018522717421363 0.018510831943067 1496.5004443302 1496.4938971058 1.4462377120206 1.4460767490466 0.0 0.0 0.0 0.0
25 13 2 18.76863903177 0.027674599115256 0.027674599115256 0.018734199949108 0.018740419637156 1496.4996515189 1496.502449683 1.4474118121129 1.4462052406437 0.69088837857431 0.69146478791276 165459596.0 165514528.0 25983949.0 26014179.0 11066265.0 10858919.0 3800.0 3604.0 6.6881977640028 6.5607044476482 0.004136357253042 0.0038667300552614 15.704105188314 15.717157469101 77.60356069043 77.718271353195
26 7 2 18.869041194589 0.027502994964579 0.027502994964579 0.018612299860506 0.018623834793506 1496.4984831869 1496.4995165079 1.446184914061 1.444717050225 15.720155456483 15.736279089426 84.279844543517 84.263720910574 7.1317339586367 7.1321554629217
27 12 2 18.96942057921 0.02787743168873 0.02787743168873 0.018872866428995 0.018870606000608 1496.5001372476 1496.4978028636 1.4475345460144 1.4468955043886 22346585.0 22323411.0 83.597095484612 83.650442130013 41.336517414182 41.624584164132 96.060498729448 96.352322680436 53.62613292919 53.576938191597 44.82988954952 44.817345676995 22.167175776827 22.301177730126 51.513530741097 51.622624368665
1 7 2 19.069818084396 0.027693682547541 0.027693682547541 0.018740080414382 0.018752960010151 1496.4956572896 1496.5003247794 1.445372313668 1.4468937400264 25.208703886567 25.089553355875 74.791296113433 74.910446644125 9.424130811466 9.4414052987873
2 10 2 19.170162602895 0.028745178036025 0.028745178036025 0.019445861700832 0.019451558741242 1496.4999379555 1496.5015319923 1.4458115156008 1.4444557036986 6029.1856875194 6036.5597242965 0.173310016 0.173521984 5913.3852567192 5919.1517891022 0.169981312 0.170147072 11942.570944239 11955.711513399 0.343291328 0.343669056
3 5 2 19.270507514511 0.02757736400962 0.02757736400962 0.01866447676149 0.018671395275625 1496.5021046366 1496.4975461018 1.4469789770498 1.444639572541 0.99998484059499 0.99998631618761
4 6 2 19.370846324647 0.027313126226441 0.027313126226441 0.018480715391979 0.018492119436618 1496.4997531729 1496.4970569279 1.4465740953773 1.4462520908558 0.0 0.0 0.0 0.0
5 7 2 19.471196868538 0.030335042258106 0.030335042258106 0.020521350973144 0.02052952447567 1496.4986070104 1496.5036013483 1.4470165900592 1.4453740443547 0.47278564751817 0.46740823217687 0.15970418987696 0.15978418821277 0.33779407373154 0.34185146348107
6 8 2 19.571599947123 0.029772165245254 0.029772165245254 0.020156988123693 0.020162761251455 1496.5002961454 1496.5053851187 1.4465496787496 1.4459519146807 53.533845773503 53.523888351317 77.077691682043 77.078580977272 35.129265344518 35.143367305384 97.592366437015 97.627135525017
7 7 2 19.671956094305 0.030510441718318 0.030510441718318 0.020641693988454 0.020654165067612 1496.4993873449 1496.5047161911 1.4464029913753 1.4441479390801 0.0 0.0 0.0 0.0 - -
8 10 2 19.772266332734 0.029939500352056 0.029939500352056 0.020262903075061 0.020262010407389 1496.4992010972 1496.493758095 1.4468676805095 1.4455891122357 12571.383075007 0.0 0.376380928 0.0 6018.0606182904 0.0 0.180177728 0.0 18589.443693297 0.0 0.556558656 0.0
9 19 2 19.872632672904 0.029975459777644 0.029975459777644 0.020291098873436 0.020302796397859 1496.506326325 1496.5026015384 1.4488838997187 1.447594635519 0.501708984375 0.0 16.737324067642 0.0 0.085693359375 0.0 2.8587838188527 0.0 0.0 0.0 0.0 0.0 0.0 0.0 0.0 0.0 12684.387656451 0.0 0.380220352 0.0 6049.4284773319 0.0 0.1813344 0.0 18733.816133783 0.0 0.561554752 0.0 0.0 0.0
10 9 2 19.972997657088 0.029428273063541 0.029428273063541 0.019913249541012 0.019926029951485 1496.4942597613 1496.4975670461 1.4463504708049 1.4439680059108 0.0 0.0 0.0 0.0 0.0 0.0 0.0 0.0 - -
11 7 2 20.073370900373 0.029173904896756 0.029173904896756 0.019748504574453 0.019747595602348 1496.4949358342 1496.500955813 1.4446953295968 1.4445947084042 27445101.0 27445781.0 38420817.0 38421748.0 38417535.0 38418447.0
12 10 2 20.17376214194 0.028713648887032 0.028713648887032 0.019427066313519 0.019439914659126 1496.5030933162 1496.5008373544 1.4459300622699 1.4465081641754 233.0 204.0 7.8541495882454e-06 6.8747971050229e-06 108.35622317597 100.43137254902 22574.0 22577.0 0.00076094237255387 0.00076084457960835 43.605209533091 43.856136776365
13 9 2 20.274093187542 0.02795432882659 0.02795432882659 0.018917066839344 0.018921840867721 1496.4982333244 1496.5005779837 0.0 0.0 1.4456204901872 1.4444564337907 0.43072509765625 0.0 15.408171676315 0.0 0.07940673828125 0.0 2.8405882600093 0.0
14 10 2 20.374456361028 0.0280985976906 0.0280985976906 0.019017462740355 0.019025162961441 1496.5072310928 1496.4998239156 1.445692513298 1.4444779214377 6029.3992556317 6037.0728058343 0.169417664 0.16963328 3000.0984721099 3017.2973375238 0.08429856 0.084781824 9029.5068385166 9054.379254133 0.25371648 0.25441536
15 19 2 20.474855370751 0.027751663826449 0.027751663826449 0.018777705156577 0.018796726541439 1496.4963452562 1496.4998387055 1.4479766007359 1.4442507932983 0.41644287109375 0.0 15.006050581258 0.0 0.07672119140625 0.0 2.7645618614452 0.0 0.0 0.0 0.0 0.0 0.0 0.0 0.0 0.0 12576.422162745 0.0 0.34901664 0.0 6012.2492490336 0.0 0.16684992 0.0 18588.671411779 0.0 0.51586656 0.0 0.0 0.0
16 13 2 20.575222994442 0.027750324145589 0.027750324145589 0.018779669387776 0.018789899966186 1496.4998425994 1496.4914475022 1.4447152368588 1.4454830340623 205.0 205.0 0.43255615234375 0.0 15.587427017947 0.0 0.07513427734375 0.0 2.7075098996886 0.0 0.0 0.0 0.0 0.0 0.07958984375 0.0 2.8680689757871 0.0
17 9 2 20.675601589204 0.027651575445148 0.027651575445148 0.018717279571517 0.018722705777189 1496.5038172021 1496.4951106701 1.4449071942343 1.4433032882559 0.1818986714663 0.18190165341494 1.6432296665188e-06 1.4314494899431e-06 9.0337639811913e-06 7.8693594207077e-06 758.0 908.0 2.6501448664282e-05 3.1701369191911e-05
18 8 2 20.775942456415 0.027962306223027 0.027962306223027 0.018919256615191 0.018931624432944 1496.4972071624 1496.4993243718 1.44606064416 1.4433360858623 0.090909399312388 0.090909351445354 1.0385008976456e-07 0.0 1.1423471120703e-06 0.0 10.999962683328 10.999968475203
19 5 2 20.876277501133 0.027584822381627 0.027584822381627 0.018668898432968 0.018668466818412 1496.498872688 1496.5004944904 1.4438154821765 1.4445992282809 6.1946308724832 5.841059602649
20 6 2 20.976619185377 0.028072497917585 0.028072497917585 0.019000225332134 0.019006375726344 1496.4952686538 1496.4970202113 1.4462056590554 1.4451752419435 0.0 0.0 - -
21 7 2 21.077002331793 0.027448592508576 0.027448592508576 0.018575195048544 0.018586693749472 1496.4987282673 1496.4991200536 1.4449421199714 1.446024931375 46.436288862451 46.366495337008 53.563711137549 53.633504662992 4.1291181418809 4.1325092508853
22 7 2 21.17736883863 0.028559636313078 0.028559636313078 0.019333011930897 0.019331420890039 1496.4976654359 1496.5034822814 1.4453566869893 1.4433615700951 0.010301003113165 0.01029337682089 0.00081488147601735 0.00080314433224411 0.079107002207962 0.078025350302361
23 9 2 21.277741994053 0.028328921348651 0.028328921348651 0.019170941344147 0.019183285611054 1496.4977311865 1496.5001861168 1.4455718990118 1.444889557041 0.0 0.0 0.0 0.0 0.0 0.0 0.0 0.0 - -
24 6 2 21.378093454616 0.028283291583064 0.028283291583064 0.019142054419 0.01914279491197 1496.5023785756 1496.5006587763 1.4500218007057 1.4489786375517 0.0 0.0 0.0 0.0
25 13 2 21.478477060273 0.028056593849612 0.028056593849612 0.018992712612019 0.01899797169726 1496.4996562136 1496.5023826274 1.4453805112085 1.4446214989612 0.69185933547967 0.69222284225942 167742768.0 167789216.0 26379302.0 26400453.0 11258544.0 11055589.0 3608.0 3588.0 6.7117909965573 6.5889747050251 0.0037193853865581 0.0036629290883629 15.726044296586 15.734296654679 77.55844532147 77.673065711208
26 7 2 21.578876300976 0.02805828045256 0.02805828045256 0.018986599355683 0.018999366179128 1496.5008314057 1496.5010010266 1.4441017370167 1.4444565723362 15.743157431121 15.739284191994 84.256842568879 84.260715808006 7.1309768736917 7.1409048025972
27 12 2 21.679265665721 0.028118960115025 0.028118960115025 0.019024884427388 0.019029168416993 1496.5023497249 1496.4972348679 1.4460311253105 1.446045724661 22483579.0 22520678.0 83.616002594605 83.592172491432 41.514338086476 41.246688931834 96.217977573766 96.030195005674 53.523758230438 53.600005483601 44.754427070693 44.805409039269 22.220033948372 22.108227529267 51.499477690799 51.472189788954
1 7 2 21.779655679927 0.027497032977142 0.027497032977142 0.018614029036139 0.018619386400875 1496.4990067839 1496.5006087684 1.4447435435183 1.4432738676187 25.252268497356 25.208144253544 74.747731502644 74.791855746456 9.4248513532294 9.3991752023936
2 10 2 21.879993694768 0.027872737823811 0.027872737823811 0.018856814262428 0.018871535806154 1496.4992154439 1496.502113128 1.4479352984592 1.4463137757643 6020.7292538245 6032.2513368731 0.167814208 0.16813536 5905.3293236012 5915.5931161933 0.164597696 0.164883776 11926.058577426 11947.844453066 0.332411904 0.333019136
3 5 2 21.980325024792 0.027734172793725 0.027734172793725 0.018769195148682 0.018769807470698 1496.5023294596 1496.4971112993 1.4466957508049 1.4456101205322 0.99998396813441 0.99998465215598
4 6 2 22.080672589502 0.028443323209967 0.028443323209967 0.019253091226635 0.019257442698474 1496.4998228776 1496.5000132714 1.445340112656 1.4433788433291 0.0 0.0 0.0 0.0
5 7 2 22.181011339855 0.028648639491972 0.028648639491972 0.019384853232315 0.019396906736844 1496.4992279407 1496.4966524454 1.4462417747102 1.4451192975128 0.47302751011438 0.46759486051111 0.15972495494679 0.15978588499754 0.33766525525792 0.34171865110512
6 8 2 22.281394940077 0.028087944555651 0.028087944555651 0.019014048773377 0.019013703662892 1496.5030327575 1496.5003201092 1.4468673432164 1.4446967665864 53.588733786754 53.456547133012 76.974164325668 77.154692816261 35.038830900329 35.12844301992 97.477569505723 97.821501765993
7 7 2 22.381732774664 0.028010683285468 0.028010683285468 0.018958658993415 0.01896985425074 1496.4999957517 1496.4964912514 1.4465014935657 1.4442201071548 0.0 0.0 0.0 0.0 - -
8 10 2 22.482032106334 0.027652842661864 0.027652842661864 0.018711239232225 0.018710802635759 1496.4995496817 1496.5052867587 1.4457887679833 1.4464317424555 12559.013199715 0.0 0.347292416 0.0 6010.0028786262 0.0 0.166193664 0.0 18569.016078342 0.0 0.51348608 0.0
9 19 2 22.582406873178 0.027937909357393 0.027937909357393 0.018910386098181 0.018922877104979 1496.4992009106 1496.4998932638 1.4460662841629 1.4460419324686 0.431396484375 0.0 15.441258644532 0.0 0.0794677734375 0.0 2.8444423818875 0.0 0.0 0.0 0.0 0.0 0.0 0.0 0.0 0.0 12567.399926333 0.0 0.35110688 0.0 6023.7005513609 0.0 0.1682896 0.0 18591.100477694 0.0 0.51939648 0.0 0.0 0.0
10 9 2 22.682775198865 0.027808601621685 0.027808601621685 0.018814789135097 0.018830137946569 1496.4989428382 1496.5023223021 1.4471172948099 1.4454873500867 0.0 0.0 0.0 0.0 0.0 0.0 0.0 0.0 - -
11 7 2 22.783142981976 0.028251939065421 0.028251939065421 0.019123403507073 0.01912239444387 1496.4947928361 1496.49538665 1.4468091171996 1.4439302015369 26537919.0 26589468.0 37150647.0 37222817.0 37147450.0 37219534.0
12 10 2 22.883568502706 0.028137631407492 0.028137631407492 1.7160415067657e-06 0.0 1490.7463684577 - 49.207792207792 - 13.0 0.0 0.16883116883117 - 94.692307692308 - 4.0 0.0 0.051948051948052 - 87.0 -
