1 7 2 0.10062606011521 0.1006370193895 0.1006370193895 0.0014333805038987 0.0 1495.721251958 - 1.4262588225963 - 32.733639736434 - 67.266360263566 - 9.71656450678 -
2 10 2 0.20099997087083 0.037453562175535 0.037453562175535 0.0 0.0 - - - - 0.0 0.0 0.0 0.0 0.0 0.0 0.0 0.0 0.0 0.0 0.0 0.0
3 5 2 0.30135603736631 0.038415085187522 0.038415085187522 0.0 0.0 - - - - - -
4 6 2 0.40170304133272 0.038196772892999 0.038196772892999 0.0 0.0 - - - - 0.0 0.0 0.0 0.0
5 7 2 0.50205761325819 0.038445877858765 0.038445877858765 0.0 0.0 - - - - - - - - - -
6 8 2 0.60246756670189 0.037116056563872 0.037116056563872 0.0 0.0 - - - - - - - - - - - -
7 7 2 0.70283623015807 0.037315041803642 0.037315041803642 0.0 0.0 - - - - 0.0 0.0 - - - -
8 10 2 0.80315168239283 0.036790906064306 0.036790906064306 0.0 0.0 - - - - 550.47168353509 0.0 0.020252352 0.0 235.79740017375 0.0 0.0086752 0.0 786.26908370884 0.0 0.028927552 0.0
9 19 2 0.90355313762087 0.037620488435652 0.037620488435652 0.0 0.0 - - - - 0.46368408203125 0.0 12.325307334177 0.0 0.024169921875 0.0 0.64246698753902 0.0 0.0 0.0 0.0 0.0 0.0 0.0 0.0 0.0 500.26867759017 0.0 0.018820352 0.0 1.0173179985545 0.0 3.8272e-05 0.0 501.28599558873 0.0 0.018858624 0.0 0.0 0.0
10 9 2 1.0039286869687 0.036678698276821 0.036678698276821 0.0 0.0 - - - - 0.0 0.0 0.0 0.0 0.0 0.0 0.0 0.0 - -
11 7 2 1.1043124519226 0.035181314850205 0.035181314850205 0.022518760643105 0.01410203074476 1496.5249007855 1496.5195268696 1.1175318762694 0.72889396606614 42458011.0 39194149.0 56749708.0 54337580.0 57306212.0 54468271.0
12 10 2 1.2046486044049 0.036713614149696 0.036713614149696 0.024864951140399 0.024866043988107 1496.5132681199 1496.5076557682 0.73175074358788 0.7303069561037 0.0 0.0 0.0 0.0 - - 0.0 0.0 0.0 0.0 - -
13 9 2 1.3049652224043 0.036114483604569 0.036114483604569 0.02445409973186 0.024463977933838 1496.5093230152 1496.5141408905 0.0 0.0 0.73183573498039 0.72954830767406 0.5177001953125 0.0 14.334974327226 0.0 0.0255126953125 0.0 0.70643943277297 0.0
14 10 2 1.4052865532811 0.036728195718211 0.036728195718211 0.024872804426461 0.024877146378795 1496.5168117102 1496.5112879721 0.7319119911396 0.72983979085936 1.0733987670528 1.0228653835389 3.9424e-05 3.7568e-05 0.42691996416871 0.45654298209062 1.568e-05 1.6768e-05 1.5386544014733 1.5072888530854 5.6512e-05 5.536e-05
15 19 2 1.5056507647302 0.03578268362715 0.03578268362715 0.024234761165931 0.024243771611502 1496.5148729811 1496.5114916293 0.73121488530378 0.73005753767176 0.49334716796875 0.0 13.787316041171 0.0 0.0234375 0.0 0.65499559072245 0.0 0.0 0.0 0.0 0.0 0.0 0.0 0.0 0.0 497.37756355692 0.0 0.017797504 0.0 0.68681265653739 0.0 2.4576e-05 0.0 498.06437621345 0.0 0.01782208 0.0 0.0 0.0
16 13 2 1.6059756028647 0.035484482489397 0.035484482489397 0.02403032391592 0.02404433573623 1496.5128814838 1496.5096471033 0.73135336676363 0.73003066598574 206.0 206.0 0.49786376953125 0.0 14.030464434137 0.0 0.0753173828125 0.0 2.1225442088666 0.0 0.0 0.0 0.0 0.0 0.0235595703125 0.0 0.66394008478324 0.0
17 9 2 1.7062932869906 0.034996632192548 0.034996632192548 0.023702171142233 0.023705204213557 1496.5130238244 1496.513739322 0.73140024192537 0.73016284101937 0.20118797591245 0.20117782647552 4.1926687246241e-07 2.6505252838908e-07 2.083955915163e-06 1.3175036883169e-06 140.0 147.0 1.9565787381579e-06 2.0506695617471e-06
18 8 2 1.8065959294017 0.035088063645269 0.035088063645269 0.023762042258205 0.023765381942831 1496.5095406399 1496.5100008775 0.73147931365188 0.72985015481037 0.091428715308531 0.091428714173114 0.00071432496061182 0.00071433072928594 0.0078129169616055 0.0078129801534057 10.937482787825 10.937482923653
19 5 2 1.9068929341135 0.03483974581971 0.03483974581971 0.023593023600073 0.023597579321209 1496.5113682476 1496.5137299344 0.73180234245117 0.72960422770707 6.2292677179271 6.1526883404122
20 6 2 2.007192187021 0.034694265280562 0.034694265280562 0.02349371395179 0.023497288238618 1496.5103475346 1496.5131642214 0.7312789930654 0.73047539232405 0.0 0.0 - -
21 7 2 2.1075254943855 0.033676859842934 0.033676859842934 0.022809195451594 0.022812325443519 1496.5068184781 1496.5102156871 0.7317253410255 0.72955636871244 85.818861168684 85.903031347194 14.181138831316 14.096968652806 1.3671861106405 1.3678182264395
22 7 2 2.207859186715 0.03326072988485 0.03326072988485 0.022531897460608 0.022531656970707 1496.5139696634 1496.5073752124 0.73207503047034 0.72935768027562 9.2327209569586e-08 1.4947643234986e-07 0.0 0.0 0.0 0.0
23 9 2 2.3081884125446 0.033457475987003 0.033457475987003 0.022661344433829 0.022666955411973 1496.5153236257 1496.5110072026 0.73166076993225 0.72963910018897 0.0 0.0 0.0 0.0 0.0 0.0 0.0 0.0 - -
24 6 2 2.4084976093245 0.032961416424689 0.032961416424689 0.02232147921315 0.022325745078283 1496.5122197313 1496.5047514661 0.73147920425462 0.72979215816578 0.0 0.0 0.0 0.0
25 13 2 2.5088376096453 0.032587512145538 0.032587512145538 0.022077525532027 0.022076537304219 1496.5094894002 1496.5095021924 0.73152018286271 0.72987040456187 1.3670162812004 1.3701062459167 194988080.0 194979352.0 60737780.0 60872330.0 25599575.0 22454631.0 1195276.0 1191648.0 13.128789718838 11.516414825299 0.81453184215158 0.81379334976967 31.149483599203 31.219885272775 54.907194839808 56.449906552156
26 7 2 2.6091970375646 0.031398516483556 0.031398516483556 0.021267065504638 0.021273701848391 1496.514398155 1496.5084250778 0.73171069199148 0.72963187177169 31.366813799619 31.456913552432 68.633186200381 68.543086447568 2.5237079039084 2.515439283693
27 12 2 2.7095425433378 0.031869527958273 0.031869527958273 0.021586365894855 0.021589388096579 1496.5133115442 1496.5094285791 0.73172167056808 0.72960401441557 6719213.0 6681135.0 0.068713404382329 0.061950551814924 0.061733420268118 0.053658547537207 98.017535684611 97.901763697336 14.097470628036 14.015617542357 0.0096868520003224 0.0086827524077593 0.0087028507899799 0.0075205768015988 13.817993303463 13.721536767041
1 7 2 2.8099106533502 0.030960967072704 0.030960967072704 0.020974620273033 0.020980332247878 1496.5133860628 1496.5098840542 0.73218924139121 0.72933944248963 57.764490887023 58.0167179625 42.235509112977 41.9832820375 1.4805952619662 1.4680091459806
2 10 2 2.9102145521058 0.031398672281158 0.031398672281158 0.021264215404916 0.021267524745242 1496.5145527949 1496.5089567497 0.73237671180162 0.72899469616628 0.089685320920079 0.10191513740918 2.816e-06 3.2e-06 0.026497935726387 0.010191513740918 8.32e-07 3.2e-07 0.11618325664647 0.1121066511501 3.648e-06 3.52e-06
3 5 2 3.0105060305318 0.03116456102291 0.03116456102291 0.021109708568698 0.021108888819692 1496.5083559163 1496.5103030071 0.7321546320263 0.72899041480588 1.0078892831901 1.0078892660874
4 6 2 3.110801883066 0.031594832330705 0.031594832330705 0.021397558676867 0.021403631160115 1496.509994981 1496.510049498 0.73159141796144 0.72963537164332 0.0 0.0 0.0 0.0
5 7 2 3.2111027428626 0.030671374658219 0.030671374658219 0.020770446610824 0.020774509576756 1496.5137810263 1496.5135163879 0.73170873706137 0.72968209844301 6.4697215356863e-05 2.3225126672784e-05 1.1647094256599e-06 1.240794438683e-06 0.018002466091245 0.053424657534247
6 8 2 3.3114554053617 0.02885545850689 0.02885545850689 0.019550722589409 0.019553593975432 1496.5148298011 1496.5076452737 0.73123315185756 0.72994771397596 14.182765662887 14.136126260785 0.0038593530366819 0.0051489087336123 0.00060229999371986 0.0015611176277349 99.488552327256 99.482369064096
7 7 2 3.4117719635783 0.03070962478092 0.03070962478092 0.020797384197236 0.020803264650882 1496.5114682178 1496.5098990857 0.73130401761545 0.73007515472358 0.0 0.0 0.0 0.0 - -
8 10 2 3.512031539728 0.029999442249117 0.029999442249117 0.020312357731913 0.020315194697535 1496.511783703 1496.512735016 0.73177924894012 0.72963663918697 498.27699714784 0.0 0.014948032 0.0 0.38400713934404 0.0 1.152e-05 0.0 498.66100428719 0.0 0.014959552 0.0
9 19 2 3.612378468513 0.03053217131312 0.03053217131312 0.02068237160003 0.020687184568367 1496.5102205489 1496.5110948327 0.73157018730213 0.72984348963853 0.43035888671875 0.0 14.095259793522 0.0 0.02020263671875 0.0 0.6616835897966 0.0 0.0 0.0 0.0 0.0 0.0 0.0 0.0 0.0 497.93825156048 0.0 0.015203136 0.0 0.23896105930942 0.0 7.296e-06 0.0 498.17721261979 0.0 0.015210432 0.0 0.0 0.0
10 9 2 3.7127023945068 0.029196949638584 0.029196949638584 0.019775674397982 0.01978298465694 1496.5117396747 1496.5092982064 0.73168237340943 0.72972027380316 0.0 0.0 0.0 0.0 0.0 0.0 0.0 0.0 - -
11 7 2 3.8130352245147 0.029744715888507 0.029744715888507 0.020151845894548 0.020150238552435 1496.5102250163 1496.5124980594 0.7317276540671 0.72959399957603 55782692.0 55942035.0 77343923.0 77563234.0 77532460.0 77752984.0
12 10 2 3.9133857792172 0.029348807915583 0.029348807915583 0.01988575808445 0.019887802475066 1496.5097770666 1496.5084855 0.73112662847495 0.73011311682696 0.0 0.0 0.0 0.0 - - 0.0 0.0 0.0 0.0 - -
13 9 2 4.0136880094892 0.029164035583725 0.029164035583725 0.019749582375877 0.019762581058879 1496.5076275791 1496.5061011015 0.0 0.0 0.73201117784521 0.72923089819459 0.40411376953125 0.0 13.856579223102 0.0 0.0189208984375 0.0 0.64877504291824 0.0
14 10 2 4.114009675512 0.029621687414136 0.029621687414136 0.020068818454293 0.020067530406683 1496.5144060422 1496.5089097165 0.73165410133833 0.72941070436447 0.9873846682361 1.0759684130888 2.9248e-05 3.1872e-05 0.4580427782627 0.55742941882913 1.3568e-05 1.6512e-05 1.4562303422125 1.6398795693462 4.3136e-05 4.8576e-05
15 19 2 4.2143495553614 0.029925302518532 0.029925302518532 0.020267776520061 0.020280131632159 1496.5125635516 1496.5073449149 0.73158053697337 0.72968832142289 0.41705322265625 0.0 13.936474740664 0.0 0.01959228515625 0.0 0.65470633568758 0.0 0.0 0.0 0.0 0.0 0.0 0.0 0.0 0.0 496.9600554845 0.0 0.01487168 0.0 0.11548755431494 0.0 3.456e-06 0.0 497.07554303882 0.0 0.014875136 0.0 0.0 0.0
16 13 2 4.3146731525498 0.028115745989053 0.028115745989053 0.019036770306658 0.019052128145779 1496.5146647717 1496.5120513657 0.73273994600606 0.72945091894993 206.0 206.0 0.4410400390625 0.0 15.686584991706 0.0 0.115478515625 0.0 4.1072541937874 0.0 0.0 0.0 0.0 0.0 0.023193359375 0.0 0.82492420382623 0.0
17 9 2 4.4150102697091 0.028951952475851 0.028951952475851 0.019610720970282 0.019609987272276 1496.5116951944 1496.5117375751 0.73178849744477 0.72968308938331 0.2011794311823 0.20117584931317 6.7601188881829e-08 1.0111382609224e-07 3.3602435638945e-07 5.0261413801633e-07 90.0 143.0 1.5210267498411e-06 2.4098795218651e-06
18 8 2 4.5153155289764 0.028980563980677 0.028980563980677 0.01962818932342 0.019635042153374 1496.5128934099 1496.5100077942 0.73131900078304 0.7300060804606 0.091428714234406 0.091428702478269 0.00071434496761832 0.00071431225858474 0.0078131358796851 0.0078127791297763 10.937482916321 10.937484322691
19 5 2 4.6156117574176 0.028982983372496 0.028982983372496 0.01963329305356 0.019633035806358 1496.512298342 1496.5099107753 0.73136784950733 0.72985562397872 6.0631146961013 6.2249393932262
20 6 2 4.7159113735508 0.029582611201828 0.029582611201828 0.020039479592062 0.020042884494289 1496.5062006057 1496.5095077926 0.73207169635512 0.72941279106287 0.0 0.0 - -
21 7 2 4.816247776034 0.029059396661099 0.029059396661099 0.019685494307972 0.019692274673925 1496.5111218202 1496.5091767186 0.73181645697004 0.72943782808041 85.879482343578 85.973524670413 14.120517656422 14.026475329587 1.3651278884898 1.3649248199726
22 7 2 4.9165823578591 0.029583898343638 0.029583898343638 0.020042555688886 0.020042181140583 1496.5123690773 1496.5139235998 0.73143590834281 0.73003687154388 9.0740891471444e-08 1.1644588225494e-07 0.0 0.0 0.0 0.0
23 9 2 5.0169126226414 0.029169913319971 0.029169913319971 0.019761834679673 0.019764614126995 1496.5115983496 1496.506082834 0.73187129569123 0.72935541649264 0.0 0.0 0.0 0.0 0.0 0.0 0.0 0.0 - -
24 6 2 5.1172183819102 0.029735887961637 0.029735887961637 0.020139527014451 0.020146824139308 1496.5097770734 1496.5085025165 0.7313075146154 0.72980484433807 0.0 0.0 0.0 0.0
25 13 2 5.2175620018078 0.029601489885576 0.029601489885576 0.020056345135295 0.020055866419991 1496.5066496781 1496.5088592541 0.73104647123888 0.72990938242012 1.3679020956155 1.3700330809344 177137072.0 177132844.0 55213015.0 55297703.0 23251907.0 20397948.0 1038964.0 1061412.0 13.126505218512 11.515621574958 0.78938586045952 0.80201162467645 31.169655440618 31.218209876425 54.91445348041 56.464156923941
26 7 2 5.3179048146376 0.029153231201239 0.029153231201239 0.019751762183594 0.019755390365523 1496.5101683523 1496.5090441475 0.73088314137151 0.73006960202219 31.4053063359 31.436306323725 68.5946936641 68.563693676275 2.5185016591695 2.5154900278924
27 12 2 5.4182455015547 0.029910867689618 0.029910867689618 0.020253962617053 0.020253130639746 1496.5101604139 1496.5091996001 0.73159937578667 0.72945936682848 6334275.0 6298753.0 0.009267043189631 0.014844208051975 0.00192602941931 0.007493546738537 98.148801559768 98.047994579244 14.164108151844 14.085255790471 0.0013125940198574 0.0020908446741904 0.0002728048899874 0.0010554852259015 13.901902402664 13.810310833914
1 7 2 5.5185913696479 0.029052919285248 0.029052919285248 0.019676191288998 0.019677984320112 1496.5102172328 1496.5112728463 0.73637596384855 0.73520146229265 58.239418761575 58.406866925132 41.760581238425 41.593133074868 1.360293240528 1.3510190914953
2 10 2 5.6189229813548 0.029267448053141 0.029267448053141 0.019819451712328 0.01982739195519 1496.509948378 1496.5103006895 0.73151698138162 0.72974320134981 0.065601893151527 0.14651089470508 1.92e-06 4.288e-06 0.013120378630305 0.026240757260611 3.84e-07 7.68e-07 0.078722271781832 0.17275165196569 2.304e-06 5.056e-06
3 5 2 5.7192233746645 0.02901520720775 0.02901520720775 0.019652776358814 0.019654125547924 1496.5077951348 1496.5137623681 0.73253500935732 0.7288275265705 1.0078892860602 1.0078892570269
4 6 2 5.8195271402675 0.029819338410495 0.029819338410495 0.020193926645479 0.020194544853984 1496.5145905197 1496.510176465 0.73221134177226 0.72941960989752 0.0 0.0 0.0 0.0
5 7 2 5.9198278795928 0.028820144082011 0.028820144082011 0.019520686261172 0.019527152767423 1496.5113922408 1496.5070200045 0.73112356317715 0.73025527168624 4.9175211771463e-05 1.7580671315394e-05 6.7851275296949e-07 9.4847552375919e-07 0.013797861331494 0.053949903660886
6 8 2 6.0201639768213 0.029374714701587 0.029374714701587 0.019901960582078 0.019902322902081 1496.5134574169 1496.5067255207 0.73154216209678 0.72963618268017 14.07755132581 13.997309496309 0.0035500221330226 0.0042804295302942 0.00061897821806548 0.00070088904589613 99.486056923968 99.485413179099
7 7 2 6.1204878312569 0.029103442092247 0.029103442092247 0.019715539241308 0.01971826932253 1496.5087534221 1496.505908622 0.73186142312961 0.72962044780716 0.0 0.0 0.0 0.0 - -
8 10 2 6.2207590587121 0.029380626858234 0.029380626858234 0.019893927494715 0.019903426166489 1496.510372265 1496.5068674791 0.73205688503504 0.72943201794604 515.14108507724 0.0 0.015135168 0.0 283.75704984877 0.0 0.00833696 0.0 798.89813492601 0.0 0.023472128 0.0
9 19 2 6.3211031921983 0.029450787409387 0.029450787409387 0.019953065818481 0.019957372444615 1496.5063416635 1496.5073977117 0.73209581265995 0.72916178905329 0.4168701171875 0.0 14.154803788187 0.0 0.01953125 0.0 0.66318260793851 0.0 0.0 0.0 0.0 0.0 0.0 0.0 0.0 0.0 503.87623915515 0.0 0.014839552 0.0 0.23035037758745 0.0 6.784e-06 0.0 504.10658953274 0.0 0.014846336 0.0 0.0 0.0
10 9 2 6.4214250294173 0.029490696051902 0.029490696051902 0.019980122517594 0.019982365278412 1496.5065202149 1496.5052865712 0.7316032442305 0.72966594764429 0.0 0.0 0.0 0.0 0.0 0.0 0.0 0.0 - -
11 7 2 6.5217489001574 0.029805005031182 0.029805005031182 0.020187502711829 0.020195763154994 1496.5094157819 1496.5062846721 0.73125741488504 0.72999449362248 55918022.0 56035478.0 77530151.0 77694867.0 77719569.0 77885903.0
12 10 2 6.6220811576997 0.029382276320047 0.029382276320047 0.019906862771717 0.019907553897122 1496.5125804536 1496.5093383663 0.73202595090593 0.72936039726319 0.0 0.0 0.0 0.0 - - 0.0 0.0 0.0 0.0 - -
13 9 2 6.7223786089709 0.029279377439235 0.029279377439235 0.019824638323168 0.019837848963373 1496.5134844692 1496.5066455369 0.0 0.0 0.73165998141927 0.72955139144205 0.3985595703125 0.0 13.612296611827 0.0 0.0189208984375 0.0 0.6462192878509 0.0
14 10 2 6.8227078121555 0.029068648502372 0.029068648502372 0.019687374748786 0.019690204920909 1496.5080878612 1496.5064072256 0.73141521684969 0.72980645349732 1.1558844917492 1.1734979697187 3.36e-05 3.4112e-05 0.59885825096339 0.59225319672482 1.7408e-05 1.7216e-05 1.7701545359359 1.7701545359359 5.1456e-05 5.1456e-05
15 19 2 6.9230500833169 0.029707344391812 0.029707344391812 0.020122727141718 0.020128440475263 1496.51211612 1496.5106669031 0.7321002118338 0.72916374322457 0.41192626953125 0.0 13.866142462898 0.0 0.01953125 0.0 0.65745526568788 0.0 0.0 0.0 0.0 0.0 0.0 0.0 0.0 0.0 496.71757277864 0.0 0.01475616 0.0 0.062476133023575 0.0 1.856e-06 0.0 496.78004891167 0.0 0.014758016 0.0 0.0 0.0
16 13 2 7.0233679920813 0.029002416405849 0.029002416405849 0.019639306206908 0.019657445757851 1496.5078361281 1496.5106855326 0.73164318527989 0.72951096722864 206.0 206.0 0.402099609375 0.0 13.864348533866 0.0 0.06317138671875 0.0 2.1781421876975 0.0 0.0 0.0 0.0 0.0 0.0189208984375 0.0 0.65239041370649 0.0
17 9 2 7.123701579338 0.029827295863558 0.029827295863558 0.020201440709439 0.020204951137366 1496.5126520252 1496.5070141247 0.73104078960454 0.73026578761626 0.20117543724969 0.20117024841408 1.3111475799526e-07 6.5476501392137e-08 6.5174337278825e-07 3.2547805606604e-07 182.0 170.0 2.9828607443922e-06 2.7827513091658e-06
18 8 2 7.2240009355066 0.029556224341819 0.029556224341819 0.020022938325232 0.020025050650848 1496.513101688 1496.5084536698 0.73138189114201 0.7299880204168 0.091428704341121 0.09142870397948 0.00071431751262066 0.00071431731895079 0.0078128364365258 0.0078128343491679 10.93748409984 10.937484143103
19 5 2 7.3243007183071 0.029446323626952 0.029446323626952 0.019940925380985 0.019948728848047 1496.5065622949 1496.5072458591 0.73155603479594 0.73002513499365 6.121855564838 6.1890434420349
20 6 2 7.4246049259405 0.029570778736334 0.029570778736334 0.02003041887459 0.020031069238996 1496.5065333797 1496.5087055734 0.73163034673457 0.73005320099372 0.0 0.0 - -
21 7 2 7.5249516536379 0.02848674083858 0.02848674083858 0.019301014813741 0.019303668807762 1496.5057121632 1496.5100440199 0.73153151940747 0.72953475397583 85.893488588365 85.972202292674 14.106511411635 14.027797707326 1.3637450858962 1.3644926677945
22 7 2 7.6252744500992 0.029643394005507 0.029643394005507 0.020079191223075 0.020085116966722 1496.5024095517 1496.5062655953 0.73088392292703 0.73026523151686 9.0506980150436e-08 9.0403679161114e-08 0.0 1.2914811308731e-08 0.0 0.14285714285714
23 9 2 7.7255951713726 0.02947399944037 0.02947399944037 0.019965508340279 0.019966765137789 1496.5054796754 1496.5044288554 0.73154005459539 0.72995803275073 0.0 0.0 0.0 0.0 0.0 0.0 0.0 0.0 - -
24 6 2 7.8258940193874 0.029566209881098 0.029566209881098 0.020026162520357 0.020031102753596 1496.5113480512 1496.5069897793 0.73089578453133 0.73035297711688 0.0 0.0 0.0 0.0
25 13 2 7.9262232859781 0.029414825337504 0.029414825337504 0.019920672598625 0.019925713828565 1496.5062314849 1496.509436738 0.73140008061502 0.7295225602166 1.3672407571505 1.370759527578 175938816.0 175983340.0 54813230.0 54968207.0 23087669.0 20267552.0 1050888.0 1036516.0 13.12255562752 11.516744710039 0.7984019853811 0.79262332445787 31.154711192327 31.23489246198 54.924331194772 56.455739503523
26 7 2 8.0265829412532 0.029467948696323 0.029467948696323 0.019961100717444 0.019961719378849 1496.503203451 1496.5093580047 0.73161507086939 0.72975018643051 31.370666889565 31.45307914279 68.629333110435 68.54692085721 2.5227518444404 2.5153209842995
27 12 2 8.1269325394308 0.029645154880721 0.029645154880721 0.02007988597168 0.020086705739934 1496.5078844437 1496.5004983148 0.73124571558707 0.73004600948831 6294068.0 6275947.0 0.011137471028276 0.010325134995563 0.0035747945525851 0.0046208165875206 98.129969361627 97.995043616525 14.196213184129 14.150535461145 0.0015810991304947 0.0014610618889582 0.00050748545557962 0.00065387028981155 13.930739648097 13.86682339712
1 7 2 8.2272717046039 0.029450468567785 0.029450468567785 0.019947419967036 0.01995042495856 1496.5128650759 1496.5052538847 0.73175889128658 0.72951271838069 57.773890886069 57.995500017855 42.226109113931 42.004499982145 1.4829782926454 1.4709802725032
2 10 2 8.3275851541149 0.029614343187678 0.029614343187678 0.020058017242108 0.020058135901909 1496.5091985126 1496.5011957449 0.73185590450171 0.72929664525883 0.1231835525401 0.12750578245379 3.648e-06 3.776e-06 0.023772264525283 0.015127804697908 7.04e-07 4.48e-07 0.14695581706539 0.1426335871517 4.352e-06 4.224e-06
3 5 2 8.4278797811017 0.029393699363937 0.029393699363937 0.019908726908131 0.01991486053288 1496.5083545094 1496.5045195592 0.73134389468913 0.72999979065486 1.0078893589625 1.0078892127048
4 6 2 8.5281738501157 0.029127345248635 0.029127345248635 0.019728694174812 0.019730572351127 1496.5083650504 1496.5094501639 0.73182749825531 0.72936884387869 0.0 0.0 0.0 0.0
5 7 2 8.6284670740182 0.02874645996883 0.02874645996883 0.019472799785095 0.019476284397722 1496.503435342 1496.5064542043 0.73156128269296 0.72981908883083 7.8522902365729e-05 1.9686541384233e-05 1.565353633293e-06 1.3916348219889e-06 0.019934994582882 0.070689655172414
6 8 2 8.7288045507802 0.028840525487972 0.028840525487972 0.019536693105999 0.019543707621254 1496.5044795281 1496.5009894446 0.73112031241332 0.73005664894878 14.18457477685 14.156423582595 0.0034378935147836 0.0048386684132838 0.00036163950661244 0.0016036199913757 99.490526435848 99.480392362245
7 7 2 8.8291144540841 0.029647927534543 0.029647927534543 0.020083876926512 0.020083808991511 1496.5064546999 1496.5056012149 0.73049480122957 0.73069201859885 0.0 0.0 0.0 0.0 - -
8 10 2 8.9293828726535 0.029954686670763 0.029954686670763 0.020286537449809 0.020292255765254 1496.5069937548 1496.5059250922 0.73190124306541 0.7295152414665 622.72619323394 0.0 0.018653568 0.0 47.634616101415 0.0 0.00142688 0.0 670.36080933536 0.0 0.020080448 0.0
9 19 2 9.0297228412712 0.029442765644524 0.029442765644524 0.019943841151208 0.019955421804299 1496.5049690478 1496.5051261238 0.73191665557636 0.72931893422651 0.40087890625 0.0 13.615531607662 0.0 0.0189208984375 0.0 0.64263319098283 0.0 0.0 0.0 0.0 0.0 0.0 0.0 0.0 0.0 497.62281766913 0.0 0.014651392 0.0 0.44561031250949 0.0 1.312e-05 0.0 498.06842798164 0.0 0.014664512 0.0 0.0 0.0
10 9 2 9.1300333913164 0.030265062666413 0.030265062666413 0.020504043582324 0.02050354041042 1496.5027532304 1496.5051906272 0.73140536370058 0.72979555742924 0.0 0.0 0.0 0.0 0.0 0.0 0.0 0.0 - -
11 7 2 9.2303568580696 0.03025334523752 0.03025334523752 0.020489525419809 0.020496732870466 1496.5108119429 1496.5071352745 0.7320745036626 0.72920560831992 56690860.0 56936362.0 78603480.0 78941372.0 78794563.0 79132396.0
12 10 2 9.3306967397305 0.029877129356751 0.029877129356751 0.020236945805218 0.02023968811474 1496.5047975441 1496.5050187943 0.73087169294625 0.73025665736323 0.0 0.0 0.0 0.0 - - 0.0 0.0 0.0 0.0 - -
13 9 2 9.4310086892367 0.02992889401556 0.02992889401556 0.020268608044468 0.020274102627311 1496.505149688 1496.5021577609 0.0 0.0 0.73131131019083 0.72982299576211 0.41156005859375 0.0 13.751261853505 0.0 0.0196533203125 0.0 0.65666710912479 0.0
14 10 2 9.5313377139787 0.029617066022499 0.029617066022499 0.020059217427117 0.020064829763962 1496.5039287644 1496.5033696725 0.7319367916091 0.72936521555159 1.1323201283518 1.1193546306989 3.3536e-05 3.3152e-05 0.55751639907397 0.60073472458358 1.6512e-05 1.7792e-05 1.6984801925277 1.7373766854863 5.0304e-05 5.1456e-05
15 19 2 9.6316911645238 0.029844843927097 0.029844843927097 0.020212901344029 0.020221611516898 1496.5122802637 1496.5069052354 0.73175820225259 0.72941390517957 0.4166259765625 0.0 13.9597304506 0.0 0.01959228515625 0.0 0.65647135579294 0.0 0.0 0.0 0.0 0.0 0.0 0.0 0.0 0.0 497.30265087849 0.0 0.01484192 0.0 0.11579889673547 0.0 3.456e-06 0.0 497.41844977523 0.0 0.014845376 0.0 0.0 0.0
16 13 2 9.7320307282489 0.029622373104741 0.029622373104741 0.020062812094446 0.02007725326396 1496.5066424682 1496.5010964975 0.73186369072428 0.72972933199307 206.0 206.0 0.41497802734375 0.0 14.00893932017 0.0 0.06243896484375 0.0 2.1078312876208 0.0 0.0 0.0 0.0 0.0 0.01959228515625 0.0 0.66140160637954 0.0
17 9 2 9.8323603073406 0.029427876104007 0.029427876104007 0.019934006880531 0.019939852460877 1496.5087125447 1496.5065784854 0.73173226907156 0.72953406065937 0.20118655478419 0.20117157126819 8.3124669631391e-08 1.6570131565685e-08 4.1317209154737e-07 8.2368156997661e-08 131.0 91.0 2.1778663443424e-06 1.5078819724773e-06
18 8 2 9.9326675140779 0.029256279539053 0.029256279539053 0.019819091203925 0.01981844038662 1496.5083156869 1496.5060860489 0.7317335341234 0.72960503217832 0.091428707110448 0.091428702623353 0.00071431969447403 0.00071433272098542 0.007812860063865 0.0078130029245648 10.93748376855 10.937484305334
19 5 2 10.032971299609 0.029736562782642 0.029736562782642 0.02014456280959 0.020147451405813 1496.5041511305 1496.5047511717 0.73180746360476 0.72945970932972 6.1169637722829 6.0408528198074
20 6 2 10.13327371557 0.029654282627393 0.029654282627393 0.020085293144823 0.020091987459776 1496.5067674512 1496.5110737673 0.73132069489094 0.72975651202867 0.0 0.0 - -
21 7 2 10.233619272973 0.029823403640928 0.029823403640928 0.020206444348678 0.020206053948875 1496.5025695908 1496.5071203985 0.73143556469802 0.7298709063246 85.838597214442 85.896116053265 14.161402785558 14.103883946735 1.366937297538 1.368089649506
22 7 2 10.333943933571 0.02940549922063 0.02940549922063 0.019922260918938 0.019924661741857 1496.5046252472 1496.5025335047 0.73211714503844 0.72893226277821 1.0442716348934e-07 9.0965313379598e-08 1.3053395436167e-08 1.2995044768514e-08 0.125 0.14285714285714
23 9 2 10.434228219945 0.029189819180928 0.029189819180928 0.019766044385207 0.019771360525448 1496.5096017538 1496.5015762446 0.73154364587277 0.7298943599085 0.0 0.0 0.0 0.0 0.0 0.0 0.0 0.0 - -
24 6 2 10.534530968335 0.029614148440676 0.029614148440676 0.020058907643515 0.020058034452308 1496.5060998461 1496.502054614 0.73176798828416 0.72976004540173 0.0 0.0 0.0 0.0
25 13 2 10.634869628977 0.029765297476269 0.029765297476269 0.020160605433517 0.02016739666907 1496.504306497 1496.5032160962 0.73202118527067 0.72915984964489 1.3660806819822 1.3714413931143 178057896.0 178117876.0 55426318.0 55662577.0 23373093.0 20519518.0 1083044.0 1045120.0 13.1266815598 11.52019014644 0.80933844124498 0.79130687590279 31.12825617124 31.250415876282 54.935723827715 56.438087101376
26 7 2 10.73523009132 0.030072274004491 0.030072274004491 0.02036908572186 0.020372489265387 1496.5050298961 1496.5019605844 0.73136546377659 0.72981676862052 31.383470168859 31.448252370843 68.616529831141 68.551747629157 2.5210184638002 2.5156278361953
27 12 2 10.835592946787 0.029205754014654 0.029205754014654 0.019786034938464 0.019791138668604 1496.5029138799 1496.5023261394 0.73145893453989 0.72995858438659 6215302.0 6192572.0 0.0082538225817507 0.010770968831691 0.0014963070177443 0.0037787206995736 98.128248635384 97.996502907031 14.226752892852 14.171068819585 0.0011742509429201 0.001526361405675 0.00021287590193288 0.00053548511083649 13.960463451439 13.887151867742
1 7 2 10.935965121124 0.029705041848194 0.029705041848194 0.020117236634975 0.020125194088038 1496.5049325695 1496.5065613926 0.73146943101379 0.72993653735783 57.800887355681 58.00307433434 42.199112644319 41.99692566566 1.4788729882991 1.4672946833049
2 10 2 11.036271617714 0.029185729493896 0.029185729493896 0.019770188873139 0.019770389960741 1496.5026693731 1496.5007895006 0.73113143466727 0.73007785812471 0.14253541275609 0.12499259272457 4.16e-06 3.648e-06 0.017542820031519 0.0087714100157593 5.12e-07 2.56e-07 0.16007823278761 0.13376400274033 4.672e-06 3.904e-06
3 5 2 11.13656193581 0.02984402598969 0.02984402598969 0.020216691664159 0.020220294030787 1496.5064596816 1496.507631555 0.73210199202743 0.72939991342859 1.0078892753372 1.0078889822174
4 6 2 11.236863769342 0.02943720040928 0.02943720040928 0.019937823015961 0.019944312620112 1496.5047489095 1496.5064414236 0.73193262051052 0.72926718394625 0.0 0.0 0.0 0.0
5 7 2 11.337165722439 0.028889812783761 0.028889812783761 0.019570575913966 0.019568910147753 1496.5062073362 1496.5062393006 0.73237080428434 0.72893638925514 5.1404619795721e-05 2.0649366568871e-05 9.999579848162e-07 1.2652798142691e-06 0.019452687108473 0.061274509803922
6 8 2 11.437503106809 0.029374240968183 0.029374240968183 0.019901912121778 0.019905026262202 1496.5034429403 1496.504021923 0.73075202122076 0.7302466656425 14.081909359476 14.079292139958 0.0056345360283862 0.0062434361724806 0.0025919775994878 0.0030807626011438 99.496878715087 99.48416566521
7 7 2 11.537815850702 0.029000889227037 0.029000889227037 0.01964216808203 0.01964847471458 1496.5042636356 1496.5028004463 0.73244728073988 0.72886402435012 0.0 0.0 0.0 0.0 - -
8 10 2 11.638072169595 0.02948655473427 0.02948655473427 0.019970514244018 0.019971824030829 1496.5081469425 1496.5004863749 0.73185943208088 0.72941028265032 499.1172462375 0.0 0.014717248 0.0 0.043409615383528 0.0 1.28e-06 0.0 499.16065585289 0.0 0.014718528 0.0
9 19 2 11.738406778594 0.029235756828291 0.029235756828291 0.019800225201376 0.019812779589475 1496.5039423953 1496.5029925516 0.73140462539584 0.72977517127618 0.39544677734375 0.0 13.526134440997 0.0 0.0189208984375 0.0 0.6471834660764 0.0 0.0 0.0 0.0 0.0 0.0 0.0 0.0 0.0 496.1026350433 0.0 0.014503936 0.0 0.045971103395533 0.0 1.344e-06 0.0 496.14860614669 0.0 0.01450528 0.0 0.0 0.0
10 9 2 11.83872191561 0.029763154353452 0.029763154353452 0.020158126711797 0.020160676538817 1496.5047839388 1496.5032958106 0.73131785976134 0.72997768101182 0.0 0.0 0.0 0.0 0.0 0.0 0.0 0.0 - -
11 7 2 11.939038351544 0.029271965277776 0.029271965277776 0.019823781889262 0.019825153270472 1496.5042610825 1496.5011935653 0.73130548246249 0.73012463198581 54905659.0 54999848.0 76129367.0 76256903.0 76314874.0 76443582.0
12 10 2 12.039375307471 0.029702176802771 0.029702176802771 0.020116377483668 0.020124898344335 1496.5082460905 1496.5034694742 0.73197480593657 0.72915620541653 0.0 0.0 0.0 0.0 - - 0.0 0.0 0.0 0.0 - -
13 9 2 12.139670399133 0.029807672612203 0.029807672612203 0.020182773982891 0.020191331075559 1496.5063897532 1496.5043150168 0.0 0.0 0.73163422253777 0.72944246117921 0.42218017578125 0.0 14.163473320235 0.0 0.01953125 0.0 0.6552423684365 0.0
14 10 2 12.239992425664 0.029500904417983 0.029500904417983 0.019980055941293 0.019989314576066 1496.507879273 1496.5012199217 0.73191782306228 0.72928513664811 1.1020679074565 0.96973298156112 3.2512e-05 2.8608e-05 0.50330660340532 0.4859512032879 1.4848e-05 1.4336e-05 1.6118827859058 1.4600230348784 4.7552e-05 4.3072e-05
15 19 2 12.340342678735 0.029889056025446 0.029889056025446 0.020245446285385 0.020257657828182 1496.5027192933 1496.5035846543 0.73161959252625 0.72933315960169 0.4222412109375 0.0 14.126950365312 0.0 0.01959228515625 0.0 0.65550029882411 0.0 0.0 0.0 0.0 0.0 0.0 0.0 0.0 0.0 496.57346111448 0.0 0.014842112 0.0 0.014988763767534 0.0 4.48e-07 0.0 496.58844987824 0.0 0.01484256 0.0 0.0 0.0
16 13 2 12.440656505965 0.029605637543809 0.029605637543809 0.020052283980963 0.020062718344145 1496.5070576007 1496.5059689792 0.73077623853021 0.73037961146899 206.0 206.0 0.406494140625 0.0 13.730295117728 0.0 0.06890869140625 0.0 2.3275530312185 0.0 0.0 0.0 0.0 0.0 0.01898193359375 0.0 0.6411594266687 0.0
17 9 2 12.540979967283 0.029578552311995 0.029578552311995 0.020037401233946 0.020041017640474 1496.5070544286 1496.5029587547 0.73171748239294 0.72931073677329 0.20118251527178 0.20116888352202 6.6155255667901e-08 4.9444320824486e-08 3.2883203383024e-07 2.4578513316188e-07 93.0 92.0 1.5381096942787e-06 1.5162925052842e-06
18 8 2 12.641276822538 0.029559386489644 0.029559386489644 0.020020621741713 0.020027253556466 1496.5088155936 1496.5063546776 0.73184861786052 0.72962829295045 0.091428713807091 0.091428707293863 0.00071434283124983 0.0007143157795494 0.0078131125497079 0.0078128172287671 10.93748296744 10.937483746608
19 5 2 12.741571329959 0.030297883423872 0.030297883423872 0.020524563122786 0.020523438119177 1496.5060554893 1496.5022734337 0.73089622927936 0.73021608579988 5.824362414594 6.1453546003424
20 6 2 12.841864054766 0.029427159616201 0.029427159616201 0.019934469744334 0.019937547652758 1496.5052994739 1496.5010379604 0.7311019585435 0.73032463074173 0.0 0.0 - -
21 7 2 12.942205594947 0.029962513688625 0.029962513688625 0.020294684667974 0.0202979881206 1496.5059418983 1496.5058921503 0.73187180616222 0.72946887274325 85.74705894955 85.851960561932 14.25294105045 14.148039438068 1.3697479694465 1.3686946416029
22 7 2 13.0425326224 0.029694274603509 0.029694274603509 0.020114282368252 0.020113806370348 1496.5057490222 1496.5039521079 0.73123307090096 0.73008669067446 7.7478829587755e-08 1.2893205539834e-07 0.0 2.5786411079668e-08 0.0 0.2
23 9 2 13.142866958753 0.030082821139775 0.030082821139775 0.020373561279695 0.020381346630757 1496.5039527905 1496.5053662266 0.73089471689086 0.73025244508791 0.0 0.0 0.0 0.0 0.0 0.0 0.0 0.0 - -
24 6 2 13.243166672713 0.028742641116 0.028742641116 0.019471593712386 0.019469838724872 1496.5018999441 1496.5015857968 0.73206576300242 0.72939537825548 0.0 0.0 0.0 0.0
25 13 2 13.343502943855 0.028487081419383 0.028487081419383 0.019301442804244 0.019303815547363 1496.5082416851 1496.5017160648 0.7317658766728 0.72946311323814 1.3665572991007 1.3708712364645 170469796.0 170490752.0 53082711.0 53256829.0 22385795.0 19642517.0 1037476.0 1022332.0 13.131824830717 11.521162743185 0.8104162921624 0.80269280529656 31.13907111146 31.237371162513 54.918687765661 56.438773289005
26 7 2 13.443852503989 0.028951240517046 0.028951240517046 0.019606993603253 0.019616605952929 1496.4987915562 1496.5039133828 0.73156218267138 0.73020082975867 31.377052761794 31.431803887981 68.622947238206 68.568196112019 2.5245507132876 2.5192522072916
27 12 2 13.544204807791 0.028265011866431 0.028265011866431 0.019150376649354 0.01914996451035 1496.4987894643 1496.5040991791 0.73099174753858 0.72986201662549 5969427.0 5953643.0 0.0080242207501658 0.027730920379337 0.0016081945553568 0.019231922370891 98.172822952689 98.00900053967 14.11749522797 14.080469624354 0.0011328189814865 0.0039046438205665 0.00022703678960898 0.0027079449876127 13.85954359551 13.800127550121
1 7 2 13.644559959429 0.029074905768821 0.029074905768821 0.019699779679884 0.019702518366206 1496.5022122526 1496.5085996944 0.73122819664145 0.72993467135665 57.852245078014 58.028574613244 42.147754921986 41.971425386756 1.4727090507231 1.4621539875861
2 10 2 13.744863618147 0.028638844587381 0.028638844587381 0.019397009233998 0.019403457171348 1496.506120935 1496.5024685322 0.731698220259 0.72964665150219 0.075980718892509 0.10279744320751 2.176e-06 2.944e-06 0.017877816210002 0.015643089183752 5.12e-07 4.48e-07 0.093858535102511 0.11844053239126 2.688e-06 3.392e-06
3 5 2 13.84515737466 0.029620740853128 0.029620740853128 0.02006588502097 0.020065394983166 1496.5083549199 1496.5055066113 0.73110693893091 0.73018952237018 1.0078894179202 1.0078894043444
4 6 2 13.945456436444 0.029346070587961 0.029346070587961 0.019879038407097 0.019882582349625 1496.5013904085 1496.5024368183 0.73165344170165 0.72989434217427 0.0 0.0 0.0 0.0
5 7 2 14.045756607832 0.029739180544663 0.029739180544663 0.020143080467879 0.020149263005827 1496.509416991 1496.5050642632 0.73129981558742 0.72997092614398 5.0150092650241e-05 1.6243660952333e-05 7.3991939975765e-07 8.3679465512017e-07 0.014754098360656 0.051515151515152
6 8 2 14.146091502159 0.029753704141978 0.029753704141978 0.020159972279312 0.020158581876301 1496.5055219938 1496.5008373533 0.73156939832665 0.7299004849451 14.288340801251 14.22064962202 0.0037449669845328 0.0042956633166933 0.0008244768346272 0.00084924724566427 99.478418431474 99.479144082793
7 7 2 14.246395958887 0.029923898528521 0.029923898528521 0.020265423704543 0.020272097638996 1496.5077390422 1496.5000786041 0.73117022581923 0.72999679937896 0.0 0.0 0.0 0.0 - -
8 10 2 14.346649022335 0.03004548587508 0.03004548587508 0.020342796235353 0.020347590181891 1496.5052001645 1496.5026142306 0.73129730555405 0.73012649407726 498.60614876677 0.0 0.014980864 0.0 0.42389063212199 0.0 1.2736e-05 0.0 499.03003939889 0.0 0.0149936 0.0
9 19 2 14.446991675744 0.02965389313339 0.02965389313339 0.020087706648942 0.02009124243927 1496.5077410274 1496.5060647327 0.73172898694465 0.72965909273146 0.4150390625 0.0 13.996107041765 0.0 0.01953125 0.0 0.6586403313772 0.0 0.0 0.0 0.0 0.0 0.0 0.0 0.0 0.0 496.99349538039 0.0 0.014737792 0.0 0.12733572563355 0.0 3.776e-06 0.0 497.12083110602 0.0 0.014741568 0.0 0.0 0.0
10 9 2 14.54730600841 0.029948281758913 0.029948281758913 0.02028404378239 0.020289960468036 1496.5063659059 1496.5032650992 0.73183977229529 0.72949425045689 0.0 0.0 0.0 0.0 0.0 0.0 0.0 0.0 - -
11 7 2 14.647631816656 0.029392554432728 0.029392554432728 0.019913131813566 0.019912104636358 1496.5061867352 1496.5011510803 0.73120832826105 0.72984440357381 55163949.0 55262287.0 76481868.0 76620279.0 76668468.0 76807763.0
12 10 2 14.747985656695 0.029651965590975 0.029651965590975 0.02009121435947 0.020093154583085 1496.5060766956 1496.5075570224 0.7314963391593 0.72938495475386 0.0 0.0 0.0 0.0 - - 0.0 0.0 0.0 0.0 - -
13 9 2 14.848289617951 0.029550088452571 0.029550088452571 0.020010726329535 0.020024716863546 1496.5058621847 1496.5109451681 0.0 0.0 0.73178322999256 0.72957442222336 0.41790771484375 0.0 14.142350724754 0.0 0.01953125 0.0 0.66095402832206 0.0
14 10 2 14.948619870052 0.030127339398526 0.030127339398526 0.020405413284046 0.020404419168539 1496.5078654547 1496.4991625692 0.73171822121776 0.72943280126867 1.162001049509 1.219357591258 3.5008e-05 3.6736e-05 0.59693289746256 0.59905721382364 1.7984e-05 1.8048e-05 1.7653068960548 1.8290363868871 5.3184e-05 5.5104e-05
15 19 2 15.048982617728 0.029527791279595 0.029527791279595 0.020004046960283 0.020013391646056 1496.5089927558 1496.5066636702 0.73214826836571 0.72905960716195 0.421630859375 0.0 14.279119470286 0.0 0.0208740234375 0.0 0.70692803399504 0.0 0.0 0.0 0.0 0.0 0.0 0.0 0.0 0.0 514.6609123623 0.0 0.0151968 0.0 286.02315425591 0.0 0.008445632 0.0 800.68406661822 0.0 0.023642432 0.0 0.0 0.0
16 13 2 15.149305986655 0.029561666388262 0.029561666388262 0.020018787949599 0.020036581484939 1496.506841855 1496.5048871827 0.73104359788491 0.73021926650486 206.0 206.0 0.419921875 0.0 14.204946009631 0.0 0.0672607421875 0.0 2.2752689684032 0.0 0.0 0.0 0.0 0.0 0.01959228515625 0.0 0.66275983562379 0.0
17 9 2 15.249639253259 0.030327175184503 0.030327175184503 0.020541462633519 0.02054547125145 1496.5048539149 1496.5047434429 0.73159337229893 0.7295819953222 0.20118117524674 0.20117258047362 1.1291165229379e-07 1.6082750511878e-08 5.6124362607641e-07 7.9945042579929e-08 92.0 256.0 1.4839817158613e-06 4.1171841310407e-06
18 8 2 15.349946061444 0.029939526296044 0.029939526296044 0.020281452741469 0.0202853662504 1496.506888102 1496.5060094804 0.73166489403487 0.729475745545 0.091428718569552 0.091428699953082 0.00071432464689292 0.00071431382029735 0.0078129132516444 0.0078127964267665 10.937482397714 10.937484624775
19 5 2 15.450247451133 0.030594515716012 0.030594515716012 0.020716370803298 0.020722954610649 1496.5059713334 1496.5042058579 0.73166792088781 0.72959156054075 6.2262045835662 6.1280531289
20 6 2 15.550542655115 0.030284658743767 0.030284658743767 0.020512900947694 0.020512794969093 1496.5081969572 1496.5066461384 0.73190503146189 0.72912003328586 0.0 0.0 - -
21 7 2 15.65087693078 0.030748688312029 0.030748688312029 0.020827125234671 0.020834012485025 1496.5076815315 1496.503379115 0.73164343420502 0.72965341545563 85.78853261129 85.865937157673 14.21146738871 14.134062842327 1.366970886243 1.3684735382412
22 7 2 15.751205435592 0.030087915359015 0.030087915359015 0.020376793627021 0.020381256503656 1496.5090515754 1496.5028957311 0.73169956083698 0.72931507846564 1.1479418766926e-07 2.0336896450802e-07 3.8264729223087e-08 1.0168448225401e-07 0.33333333333333 0.5
23 9 2 15.851534059065 0.030438180975379 0.030438180975379 0.020619359622533 0.020618414420225 1496.5055803144 1496.5087166652 0.73151799713363 0.72967850129474 0.0 0.0 0.0 0.0 0.0 0.0 0.0 0.0 - -
24 6 2 15.951837135354 0.029828564889368 0.029828564889368 0.020200470597631 0.020207473790386 1496.5098239644 1496.5014253444 0.73080225997291 0.73031587557389 0.0 0.0 0.0 0.0
25 13 2 16.052169732572 0.030286165994979 0.030286165994979 0.020514238361404 0.020517262827628 1496.5048144155 1496.5050146445 0.73148060778241 0.72975244942109 1.3670902404804 1.3703277060506 181181172.0 181207884.0 56440196.0 56582187.0 23785873.0 20860071.0 1101284.0 1106248.0 13.128225597304 11.51167959116 0.80892069734487 0.81208773454912 31.151247879112 31.225013918269 54.911605826239 56.451218756023
26 7 2 16.152519376945 0.030048101825501 0.030048101825501 0.020358786322879 0.020362077094305 1496.5118707255 1496.5067371075 0.73120133992251 0.72994164470152 31.388862391522 31.441310436132 68.611137608478 68.558689563868 2.5218697906706 2.5165688797723
27 12 2 16.252873984197 0.030057331021773 0.030057331021773 0.020355330695852 0.020368265067054 1496.5048860088 1496.5111308918 0.73176368926408 0.72942761395589 6407260.0 6368563.0 0.0094892356483114 0.012844341808348 0.0022006286618617 0.0051660005561694 98.123316363001 98.010775743288 14.255961351025 14.160863460586 0.001352781766531 0.0018188697058912 0.00031372077151458 0.00073155028513229 13.988422057053 13.879172129669
1 7 2 16.353228210107 0.030248524569882 0.030248524569882 0.020495375529156 0.020494267735747 1496.5070037867 1496.5065352249 0.73146081619702 0.72986951004471 57.818583626105 58.00712723672 42.181416373895 41.99287276328 1.4766970665846 1.4658199048828
2 10 2 16.453540265591 0.029807735112404 0.029807735112404 0.020192521749668 0.020194433440583 1496.5067472785 1496.5040129545 0.73191719070317 0.72956207098976 0.11594305930885 0.1395610899088 3.456e-06 4.16e-06 0.021470936909047 0.0085883747636187 6.4e-07 2.56e-07 0.1374139962179 0.14814946467242 4.096e-06 4.416e-06
3 5 2 16.553840067414 0.029871704520509 0.029871704520509 0.020230572596368 0.020237451241622 1496.5033830017 1496.5045837996 0.73148826968967 0.72999943964512 1.0078895981702 1.0078892684737
4 6 2 16.654127763219 0.02994914679792 0.02994914679792 0.020288290625723 0.020288629847826 1496.5092442397 1496.5092690599 0.73209860434456 0.7293858382557 0.0 0.0 0.0 0.0
5 7 2 16.754420469004 0.030116314906639 0.030116314906639 0.020394899210464 0.020401762004218 1496.5051600762 1496.5072593557 0.73117663702599 0.73009095005421 4.3044017029389e-05 1.8395325363711e-05 7.7937111181089e-07 8.9140343172169e-07 0.018106374952848 0.048458149779736
6 8 2 16.854764883288 0.029057260784682 0.029057260784682 0.019681894205843 0.019684309521562 1496.5057964084 1496.5047807963 0.73151882590926 0.72984145129427 14.247396702658 14.184320224442 0.0044526278707858 0.0046775616195692 0.00075936289269215 0.00047396836873156 99.478897569839 99.478459932279
7 7 2 16.955069088204 0.029589044193478 0.029589044193478 0.020042009491482 0.020041026245574 1496.5074328558 1496.5036013148 0.73089797873313 0.73029673003472 0.0 0.0 0.0 0.0 - -
8 10 2 17.055327572865 0.028503725494514 0.028503725494514 0.019286274277325 0.019309061941004 1496.5057860907 1496.5099821025 0.73182326292248 0.72937004430269 506.60044430961 0.0 0.01444 0.0 2.5372121975395 0.0 7.232e-05 0.0 509.13765650715 0.0 0.01451232 0.0
9 19 2 17.155672895666 0.029353796156222 0.029353796156222 0.01988579522225 0.019891449678795 1496.5083213948 1496.5066757418 0.7315152218216 0.72961069166328 0.40338134765625 0.0 13.742050449265 0.0 0.01885986328125 0.0 0.64250167783673 0.0 0.0 0.0 0.0 0.0 0.0 0.0 0.0 0.0 496.50164232372 0.0 0.014574208 0.0 0.13953902174018 0.0 4.096e-06 0.0 496.64118134546 0.0 0.014578304 0.0 0.0 0.0
10 9 2 17.25599018124 0.029143739322965 0.029143739322965 0.019745008085841 0.019747569235361 1496.5055372694 1496.5048759494 0.73139108410203 0.72989518233112 0.0 0.0 0.0 0.0 0.0 0.0 0.0 0.0 - -
11 7 2 17.35632263353 0.028706887378117 0.028706887378117 0.019444815093874 0.019452065570032 1496.5078978949 1496.5095075697 0.73115445494032 0.7300768591189 53867618.0 53965841.0 74687835.0 74824867.0 74870920.0 75009395.0
12 10 2 17.456674091315 0.029408462998253 0.029408462998253 0.019926072978268 0.019925545802664 1496.5088376845 1496.503180175 0.73113048548591 0.7300098586381 0.0 0.0 0.0 0.0 - - 0.0 0.0 0.0 0.0 - -
13 9 2 17.556982674868 0.028956501403487 0.028956501403487 0.019612360015395 0.019622018107971 1496.5074690269 1496.50745867 0.0 0.0 0.73184093994818 0.72928371953225 0.39599609375 0.0 13.675550379243 0.0 0.01885986328125 0.0 0.65131705721116 0.0
14 10 2 17.657311709574 0.029743142513894 0.029743142513894 0.020146793342108 0.020153725429562 1496.5083126008 1496.5050971102 0.73142870738473 0.72981253519967 1.0113255512913 0.97689744741756 3.008e-05 2.9056e-05 0.49060048020089 0.51426980161409 1.4592e-05 1.5296e-05 1.5062295444764 1.5019260314922 4.48e-05 4.4672e-05
15 19 2 17.75766866013 0.029525335655776 0.029525335655776 0.020000341332453 0.020007918349513 1496.5043081672 1496.507063429 0.73143314736539 0.72983766974352 0.39794921875 0.0 13.478228440467 0.0 0.01885986328125 0.0 0.63876880185647 0.0 0.0 0.0 0.0 0.0 0.0 0.0 0.0 0.0 496.37207078231 0.0 0.014655552 0.0 0.032514448309488 0.0 9.6e-07 0.0 496.40458523062 0.0 0.014656512 0.0 0.0 0.0
16 13 2 17.857983845154 0.029271261471171 0.029271261471171 0.019825541858676 0.019839572247886 1496.5070771293 1496.5066922281 0.73094053608827 0.72999882215343 206.0 206.0 0.4144287109375 0.0 14.158211505359 0.0 0.060546875 0.0 2.0684750829626 0.0 0.0 0.0 0.0 0.0 0.01959228515625 0.0 0.66933518309576 0.0
17 9 2 17.958299009344 0.028717240672199 0.028717240672199 0.019448414743103 0.019452037490231 1496.5023878377 1496.5116925667 0.73139959027143 0.72978646819357 0.20118272163597 0.20117837088336 6.812912649603e-08 0.0 3.386430302862e-07 0.0 180.0 135.0 3.0658106923214e-06 2.2938594334493e-06
18 8 2 18.058591219657 0.0299592863232 0.0299592863232 0.020288556478025 0.020289565086333 1496.5080233171 1496.5032638645 0.73192440614516 0.72977189619119 0.091428714929008 0.091428726321644 0.00071432780977013 0.00071434190258544 0.0078129481566571 0.0078131013230175 10.937482833227 10.937481470343
19 5 2 18.158891943583 0.029603438261392 0.029603438261392 0.020047406247924 0.020053935254376 1496.5076443878 1496.5080522438 0.73148207440103 0.72979681778935 6.2032751293422 6.2216897449485
20 6 2 18.259183101356 0.029400630545592 0.029400630545592 0.019897423429842 0.019913086976466 1496.5120536166 1496.5049394635 0.73108985120609 0.72997182579475 0.0 0.0 - -
21 7 2 18.359514378823 0.029786099173433 0.029786099173433 0.020177865452653 0.020177359563349 1496.5067829583 1496.5111528616 0.73124369410701 0.72995399737255 85.818539728246 85.865515943616 14.181460271754 14.134484056384 1.367787769936 1.3685999556632
22 7 2 18.459849078402 0.029903812413362 0.029903812413362 0.020253565423749 0.020260264720602 1496.5121121108 1496.5063190747 0.73161031842485 0.72981114941177 8.9816674031848e-08 1.9192750606366e-07 0.0 3.8385501212732e-08 0.0 0.2
23 9 2 18.560167850394 0.030075703363318 0.030075703363318 0.020369184454061 0.020373244702593 1496.5102088819 1496.5055913617 0.731404167059 0.72996612562323 0.0 0.0 0.0 0.0 0.0 0.0 0.0 0.0 - -
24 6 2 18.660474991913 0.029702292745172 0.029702292745172 0.020121206303506 0.020124343088931 1496.5103243891 1496.5041797709 0.73164037225825 0.72973592288841 0.0 0.0 0.0 0.0
25 13 2 18.760818050215 0.029511216045264 0.029511216045264 0.019991570018084 0.019997604910632 1496.5093926623 1496.5045247729 0.73150446686553 0.7296717912418 1.367045650842 1.3704791825625 176564980.0 176618280.0 55000243.0 55155033.0 23177013.0 20344087.0 1056740.0 1063596.0 13.12661944628 11.518675756552 0.80096800622638 0.80501803097618 31.150142570741 31.228383041665 54.922269976753 56.447923170807
26 7 2 18.861166002554 0.028182457253779 0.028182457253779 0.019094860166916 0.01909409929491 1496.5101605042 1496.5058608435 0.73139075005198 0.72955296809663 31.380668952554 31.460134048596 68.619331047446 68.539865951404 2.5219578071666 2.5143609985202
27 12 2 18.961509594372 0.028552464781299 0.028552464781299 0.019345645391693 0.019347997301411 1496.5109125033 1496.5049743463 0.73121660045896 0.72976367935752 6018765.0 5998561.0 0.012411184021971 0.01151942940982 0.0052336318164939 0.0046677861573801 98.157861288819 98.025493114099 14.090502719323 14.041496161035 0.001748798222116 0.0016175002383531 0.00073744503342241 0.00065542701409386 13.83093611413 13.764245852452
1 7 2 19.061862685314 0.028118889115078 0.028118889115078 0.01904587404963 0.019053872716593 1496.5065966 1496.5093352651 0.73139532924069 0.72968178304891 57.769470566477 57.967107174722 42.230529433523 42.032892825278 1.4850146994068 1.4739541774763
2 10 2 19.16216665744 0.02889608635461 0.02889608635461 0.019574826380499 0.019577180101818 1496.5094676105 1496.5058963655 0.73163819710901 0.72949728816433 0.068659816961111 0.13953446672742 1.984e-06 4.032e-06 0.0088593312207885 0.017718662441577 2.56e-07 5.12e-07 0.077519148181899 0.157253129169 2.24e-06 4.544e-06
3 5 2 19.262454033497 0.028744679166016 0.028744679166016 0.0194606951267 0.019472047518189 1496.5085826389 1496.5042210012 0.73122405349632 0.7300519908581 1.0078897873305 1.0078894756024
4 6 2 19.362753947639 0.028553097029704 0.028553097029704 0.019340054794049 0.019340083326749 1496.504435894 1496.5131993439 0.73229190640777 0.72945294522824 0.0 0.0 0.0 0.0
5 7 2 19.463059539335 0.028022492066717 0.028022492066717 0.018981484803222 0.01898501334715 1496.5087367743 1496.5108435672 0.73243315782496 0.72855268189435 4.557720896287e-05 1.9396196405885e-05 1.1009831919712e-06 1.0254261540746e-06 0.024156441717791 0.052867383512545
6 8 2 19.56338193815 0.028666646307 0.028666646307 0.01941255140342 0.01942016284088 1496.5068875762 1496.5080252601 0.73227872550137 0.72936735627083 14.218551780221 14.098791821245 0.016072220800631 0.022460573426299 0.012327712978739 0.018507643101558 99.459612695174 99.46831338048
7 7 2 19.663683139433 0.028862578094946 0.028862578094946 0.019549392874999 0.019549874307703 1496.5059982445 1496.5082630162 0.73152357701499 0.72990919791614 0.0 0.0 0.0 0.0 - -
8 10 2 19.763934644904 0.028640991333397 0.028640991333397 0.019398212136407 0.019402266044339 1496.5117747278 1496.5107931436 0.73165825933551 0.72961572779312 496.84984134632 0.0 0.014230272 0.0 0.47372661937783 0.0 1.3568e-05 0.0 497.3235679657 0.0 0.01424384 0.0
9 19 2 19.864270186878 0.029462848136482 0.029462848136482 0.019956635123409 0.019968850289405 1496.5092851964 1496.5104305964 0.73199676808545 0.72931230362891 0.4237060546875 0.0 14.381028362389 0.0 0.01959228515625 0.0 0.66498272894363 0.0 0.0 0.0 0.0 0.0 0.0 0.0 0.0 0.0 496.22792515759 0.0 0.014620288 0.0 0.047788998316715 0.0 1.408e-06 0.0 496.27571415591 0.0 0.014621696 0.0 0.0 0.0
10 9 2 19.964583372801 0.029304884767436 0.029304884767436 0.019852657434789 0.019851770656582 1496.5116940283 1496.5065827409 0.73151519099011 0.72984858469291 0.0 0.0 0.0 0.0 0.0 0.0 0.0 0.0 - -
11 7 2 20.064905280672 0.029764932438866 0.029764932438866 0.020163414319339 0.020168141689576 1496.5115658653 1496.5061108198 0.7317131480167 0.72955902283019 55814534.0 55996450.0 77388384.0 77636354.0 77578484.0 77825792.0
12 10 2 20.165244789143 0.029807991453806 0.029807991453806 0.020192398107967 0.020198755918217 1496.5101416942 1496.5083236063 0.73210729978828 0.72904308708788 0.0 0.0 0.0 0.0 - - 0.0 0.0 0.0 0.0 - -
13 9 2 20.265543491325 0.029656033538807 0.029656033538807 0.020085147311022 0.020091444885572 1496.5064223521 1496.5106265098 0.0 0.0 0.73208136270562 0.729079558129 0.42156982421875 0.0 14.215313847251 0.0 0.01953125 0.0 0.6585927944289 0.0
14 10 2 20.36585320441 0.029666314368888 0.029666314368888 0.020097419995319 0.020100932234846 1496.5097422747 1496.5126205744 0.73161771973574 0.72959641945591 0.96216872932268 0.95353941336463 2.8544e-05 2.8288e-05 0.47676970668231 0.45951107476621 1.4144e-05 1.3632e-05 1.4497250809526 1.4238371330784 4.3008e-05 4.224e-05
15 19 2 20.466202616899 0.029130755585662 0.029130755585662 0.019728202325408 0.019736753077476 1496.511757288 1496.5048690901 0.7310073395369 0.73002234696766 0.40850830078125 0.0 14.023264847353 0.0 0.01898193359375 0.0 0.65161143994125 0.0 0.0 0.0 0.0 0.0 0.0 0.0 0.0 0.0 503.2536817279 0.0 0.01466016 0.0 0.12083449018852 0.0 3.52e-06 0.0 503.37451621809 0.0 0.01466368 0.0 0.0 0.0
16 13 2 20.566494771958 0.029069751766781 0.029069751766781 0.019684465772063 0.019694708105644 1496.5080718326 1496.507391914 0.73189833091998 0.72930862893146 206.0 206.0 0.4073486328125 0.0 14.012800524771 0.0 0.06854248046875 0.0 2.3578625995381 0.0 0.0 0.0 0.0 0.0 0.01885986328125 0.0 0.64877964671174 0.0
17 9 2 20.666811052094 0.029189130772923 0.029189130772923 0.019768134518723 0.019774899938976 1496.5096273743 1496.5129713545 0.7313127577991 0.72985902684893 0.20117846707297 0.20117779150962 5.0264462279579e-08 5.0147382320851e-08 2.4985011075439e-07 2.4926897717959e-07 135.0 97.0 2.261900802581e-06 1.6214320283742e-06
18 8 2 20.76710428596 0.029611058756852 0.029611058756852 0.020052808892067 0.020055893593991 1496.5082951953 1496.5087796781 0.731455247277 0.72991499129375 0.091428725774287 0.091428731076852 0.00071433273780825 0.00071433422099033 0.007813001130211 0.0078130168993583 10.937481535822 10.937480901484
19 5 2 20.867397171093 0.029594017941318 0.029594017941318 0.020043150346591 0.020043773536996 1496.5061633662 1496.5105223063 0.73154173950792 0.72977428787928 6.2270689894182 6.1962018023001
20 6 2 20.967690996447 0.030204037108331 0.030204037108331 0.020454795688836 0.020461401688288 1496.5091906597 1496.5110901183 0.73119716598072 0.73013362206 0.0 0.0 - -
21 7 2 21.068033725038 0.029919088730483 0.029919088730483 0.020249535972418 0.02026756546866 1496.5106859748 1496.5115765112 0.73212455612397 0.7286935223591 85.903462946071 86.046106021141 14.096537053929 13.953893978859 1.363274630012 1.3634501147843
22 7 2 21.168364959026 0.029889177402647 0.029889177402647 0.020248274645908 0.020252060889938 1496.5134749922 1496.507363144 0.73065216455149 0.73034851039561 2.4353213887228e-07 3.074343151214e-07 1.4099229092606e-07 1.6652692069076e-07 0.57894736842105 0.54166666666667
23 9 2 21.268687756393 0.029897071449709 0.029897071449709 0.020241344370053 0.020258157829786 1496.5126364541 1496.5092281887 0.73185372156283 0.72945703221307 0.0 0.0 0.0 0.0 0.0 0.0 0.0 0.0 - -
24 6 2 21.368991887939 0.029736452275041 0.029736452275041 0.020143679654583 0.020143615795683 1496.5077748738 1496.511422828 0.73187107330028 0.72920623805767 0.0 0.0 0.0 0.0
25 13 2 21.46933415276 0.030141620241438 0.030141620241438 0.020422665603882 0.020425099488502 1496.5138838143 1496.5101263128 0.73206449257328 0.72916286039406 1.3659998676959 1.3714357303656 180372404.0 180393900.0 56143239.0 56373364.0 23680020.0 20774222.0 1098256.0 1054068.0 13.128405163353 11.516033524415 0.81019378108416 0.78825503523124 31.12629080444 31.250149811052 54.935110251122 56.445561629301
26 7 2 21.569690859656 0.029801726940956 0.029801726940956 0.020188432062636 0.020195033080188 1496.5134109617 1496.5065941171 0.73253490229146 0.72845615812164 31.328974402432 31.515101089941 68.671025597568 68.484898910059 2.5249886600965 2.5076583644528
