1 7 2 0.10094335522143 0.10096947081456 0.10096947081456 0.0014246865140504 2.3751291145934e-05 997.70085697387 999.17686051732 1.4172918167012 6.1277466105657 32.948633603158 10.112723874192 67.051366396842 89.887276125808 9.6108282780404 22.377492877493
2 10 2 0.20134645815364 0.0054906920121989 0.0054906920121989 0.0 1.0123144670832e-05 - 996.58430301762 - 2.847712501593 0.0 11.632777773383 0.0 6.3872e-05 0.0 1.3054820747684 0.0 7.168e-06 0.0 12.938259848152 0.0 7.104e-05
3 5 2 0.30165048600576 0.01227290357382 0.01227290357382 0.0 9.2279807099634e-06 - 1098.3165850086 - 2.6095311299001 - 2.0107108081792
4 6 2 0.40194303528276 0.013184483102144 0.013184483102144 0.0 9.0291057206814e-06 - 1099.3509494844 - 2.8789542106023 0.0 0.0 0.0 0.0
5 7 2 0.50226183152817 0.012754424771675 0.012754424771675 0.0 9.3955974435268e-06 - 997.25157315319 - 2.6065099912027 - 0.31066985044615 - 0.11612416739977 - 0.37378640776699
6 8 2 0.60264305730552 0.0053984112990625 0.0053984112990625 0.0 8.8243414948148e-06 - 994.40963431052 - 2.6135784247954 - 67.647209815699 - 23.517634375481 - 18.609784896555 - 60.044150110375
7 7 2 0.70297315726102 0.0057868408812056 0.0057868408812056 0.0 8.6281846147257e-06 - 999.96339779109 - 2.7511194568829 0.0 47.0 - 0.0067889643218258 - 35.893617021277
8 10 2 0.80324742362956 0.0040868366339788 0.0040868366339788 0.0 9.1133671056619e-06 - 997.27372732296 - 2.9020484708598 542.65149273679 0.0 0.002217728 0.0 0.64206138757384 0.0 2.624e-06 0.0 543.29355412437 0.0 0.002220352 0.0
9 19 2 0.90364233146255 0.0048481690525186 0.0048481690525186 0.0 1.0992033576168e-05 - 998.59725105269 - 2.510761589404 0.06103515625 0.0 12.589320955773 0.0 0.0032958984375 0.0 0.67982333161172 0.0 0.0 0.0039190052562482 0.0 0.0 0.0 0.0 0.0 0.0039190052562482 538.70068714771 0.0 0.002611712 0.0 0.21121375696832 0.0 1.024e-06 0.0 538.91190090467 0.0 0.002612736 0.0 0.0 7.2720703507741e-06
10 9 2 1.0039907614404 0.003287808571115 0.003287808571115 0.0 8.7328318186531e-06 - 992.54465353398 - 2.6818308291597 0.0 0.0039540014933385 0.0 0.0 0.0 0.0 0.0 0.0039540014933385 - 0.0
11 7 2 1.1560544370551 8.6210269272214e-05 8.6210269272214e-05 1.779817899524e-05 1.0511834285419e-05 996.47247830358 999.54922155125 0.7989100595807 3.2241211615951 48120.0 12075.0 61005.0 11511.0 56896.0 9658.0
12 10 2 1.3151376532174 8.8696433147349e-05 8.8696433147349e-05 1.8527991313539e-05 9.9799909200046e-06 998.28764272801 997.32143029838 0.83168618838458 2.9522916108282 0.0 4.0 0.0 0.00053604931653712 - 45.0 120.0 1.0 0.002440214738897 0.00013401232913428 28.6 15.0
13 9 2 1.4759910244012 8.7755967366595e-05 8.7755967366595e-05 1.7650948080624e-05 1.1357619262616e-05 999.85564123883 997.58720069464 0.0 0.0 0.79231739059704 3.3884308690364 0.0 0.0 0.0 0.0 0.0 0.0 0.0 0.0
14 10 2 1.6057311056898 8.3360784801624e-05 8.3360784801624e-05 2.1586317173773e-05 0.0 997.64219905866 - 0.70469401638617 - 6.9097238152294 0.0 5.76e-07 0.0 3.8387354529052 0.0 3.2e-07 0.0 10.748459268135 0.0 8.96e-07 0.0
15 19 2 1.7062519643605 0.00042213141802627 0.00042213141802627 7.1596355196109e-05 0.0 998.16536196463 - 0.64073997494496 - 0.0 0.0 0.0 0.0 0.0 0.0 0.0 0.0 0.0 0.0 0.0 0.0 0.0 0.0 0.0 0.0 917.40150925204 0.0 0.000387264 0.0 1224.4149047628 0.0 0.000516864 0.0 2141.8164140148 0.0 0.000904128 0.0 0.0 0.0
16 13 2 1.8072658001533 7.9789189322112e-05 7.9789189322112e-05 1.7785947503872e-05 0.0 993.68685192041 - 0.68432336331311 - 202.0 202.0 0.0 0.0 0.0 0.0 0.00030517578125 0.0 3.8247760610525 0.0 0.0 0.0 0.0 0.0 0.0 0.0 0.0 0.0
17 9 2 1.909231305773 8.2790887907506e-05 8.2790887907506e-05 2.1889386348784e-05 0.0 993.44448973381 - 0.71458783164246 - 0.29671093495815 - 0.0 - 0.0 - 26.0 0.0 0.00038451299949718 -
18 8 2 2.0098469548777 8.1218914757594e-05 8.1218914757594e-05 2.0287513997756e-05 0.0 998.61350671346 - 0.69353589791241 - 0.25037167812674 - 0.0 - 0.0 - 3.9940619781035 -
19 5 2 2.11063963081 8.0357274143435e-05 8.0357274143435e-05 0.0 0.0 - - - - - -
20 6 2 2.2110668442767 0.00018956455926065 0.00018956455926065 0.0 0.0 - - - - 0.0 0.0 - -
21 7 2 2.3115484380481 0.00011171881801148 0.00011171881801148 7.5749173024692e-05 0.0 997.50872776784 - 13.526128458178 - 8.3158901979547 - 91.684109802045 - 28.201802796174 -
22 7 2 2.4206126047499 8.0302005923179e-05 8.0302005923179e-05 0.0 0.0 - - - - - - - - - -
23 9 2 2.5219962936606 8.0027476894692e-05 8.0027476894692e-05 2.8119292618956e-05 2.875895431569e-05 996.86114422972 996.19986867914 1.4284300639757 1.440928796786 0.0 0.0 0.0 0.0 0.0 0.0 0.0 0.0 - -
24 6 2 2.6257429544895 8.2340587817877e-05 8.2340587817877e-05 2.7615989400067e-05 2.804092047056e-05 999.08032226374 996.08292828793 1.4554136325654 1.3949159417677 0.0 0.0 0.0 0.0
25 13 2 2.7293577353785 8.2199246139845e-05 8.2199246139845e-05 5.6993313557147e-05 5.9566909944643e-05 997.55272262241 997.43993942539 1.2562458810137 1.2405324829707 0.79602251049218 0.80610545368814 503232.0 525956.0 91441.0 96756.0 32558.0 32266.0 288.0 336.0 6.4697793463055 6.13473370396 0.081672071728348 0.08822030740214 18.170744308788 18.39621565302 75.277804273178 75.380830335617
26 7 2 2.8343950559283 8.2499144187465e-05 8.2499144187465e-05 5.6669858563189e-05 5.9671104130372e-05 997.49520255884 997.29285910304 1.2774209360033 1.2641585488747 17.932914448335 18.130262148969 82.067085551665 81.869737851031 6.4159115055309 6.3437849285252
27 12 2 2.9395766229088 8.2441157858016e-05 8.2441157858016e-05 5.7557774232876e-05 6.0638751003051e-05 996.89033375202 997.41351894329 1.2704256616904 1.2424352119997 62103.0 63807.0 79.593578410061 79.908160546648 38.094778030047 37.782688419766 92.745922097161 94.154246399298 48.879216711005 47.668746031153 38.904717679097 38.091218109148 18.620429108883 18.01053378656 45.333480252491 44.882148593627
1 7 2 3.046458579202 8.1804214270472e-05 8.1804214270472e-05 5.7087541342501e-05 5.934538404542e-05 997.2246768477 997.19848605179 1.2802600833079 1.2540925539451 28.01310944642 28.823664122137 71.98689055358 71.176335877863 8.0392591279688 8.1220383275261
2 10 2 3.1520791851457 7.9781941030931e-05 7.9781941030931e-05 5.2401521093907e-05 5.4783037765104e-05 997.26726119075 997.43192342972 1.268639364759 1.2575026516648 6730.3451515654 7056.835077273 0.00053696 0.000563008 6527.3919545039 6845.0578281653 0.000520768 0.000546112 13257.737106069 13901.892905438 0.001057728 0.00110912
3 5 2 3.2593752779918 7.9841739433175e-05 7.9841739433175e-05 5.2158250321141e-05 5.4858238786108e-05 997.29609811734 997.42959595949 1.2906498368962 1.2596479913454 0.99901353309288 0.99882709692184
4 6 2 3.3716061297889 8.1713610630708e-05 8.1713610630708e-05 5.3414469786469e-05 5.5770164420333e-05 997.54746633357 997.57232461739 1.2947248210129 1.2908191083337 0.0 0.0 0.0 0.0
5 7 2 3.4782736290788 8.2623271173942e-05 8.2623271173942e-05 5.3062021627787e-05 5.5856237878108e-05 997.64911112675 997.42766312738 1.261959144975 1.28369894533 0.47217074642303 0.46416933023769 0.15379891398035 0.15550396151964 0.32572732458642 0.3350155889016
6 8 2 3.5862548005081 8.3249342324714e-05 8.3249342324714e-05 5.751428448579e-05 6.0260480807036e-05 997.76850610237 997.38650744573 1.2420803412448 1.255972051742 47.692150159895 48.313035633739 72.880795223617 72.83867087656 29.913829770475 29.638400240565 97.25499771578 96.960607427455
7 7 2 3.6934039677738 8.195099216689e-05 8.195099216689e-05 5.3139940757984e-05 5.5734829000825e-05 996.9905971607 997.61410868944 1.287462545686 1.2811354548484 0.0 0.0 0.0 0.0 - -
8 10 2 3.8025976505666 7.9615230333764e-05 7.9615230333764e-05 4.8521873239213e-05 5.1258103160085e-05 997.24993118692 997.73421051683 1.3010859794466 1.3020333482929 14709.949278428 0.0 0.001171136 0.0 7139.1365397953 0.0 0.000568384 0.0 21849.085818223 0.0 0.00173952 0.0
9 19 2 3.9101868996435 8.2176595229904e-05 8.2176595229904e-05 5.556766528546e-05 6.3343722668205e-05 997.3183621141 997.60264124784 1.2717573872473 1.244623655914 0.0 0.0 0.0 0.0 0.0 0.0 0.0 0.0 0.0 0.0 0.0 0.0 0.0 0.0 0.0 0.0 16803.616603204 0.0 0.001380864 0.0 7688.4178303129 0.0 0.000631808 0.0 24492.034433517 0.0 0.002012672 0.0 0.0 0.0
10 9 2 4.0180145721983 8.2131293410022e-05 8.2131293410022e-05 5.5408202879475e-05 5.7807387260426e-05 997.4985444688 997.3000482021 1.2676478209048 1.2576133877358 0.0 0.0 0.0 0.0 0.0 0.0 0.0 0.0 - -
11 7 2 4.1252902529504 8.0978815112219e-05 8.0978815112219e-05 5.4518022118794e-05 5.7335342297256e-05 997.75161486064 997.2774229635 1.2561217460284 1.257431546318 87641.0 92021.0 122477.0 128618.0 122336.0 128503.0
12 10 2 4.232940009856 7.9934155145735e-05 7.9934155145735e-05 5.6096790541682e-05 5.8689413693529e-05 997.35182375862 997.24953689377 1.2583224941062 1.2598657979189 5.0 2.0 5.0808877327047e-05 1.9449576971701e-05 63.2 23.0 100.0 96.0 0.0010161775465409 0.00093357969464164 32.35 30.260416666667
13 9 2 4.3452839639887 8.2167534865927e-05 8.2167534865927e-05 4.9398916472128e-05 5.9257498514849e-05 997.09024425001 997.30373617617 0.0 0.0 1.3059318075666 1.265464466072 0.0 0.0 0.0 0.0 0.0 0.0 0.0 0.0
14 10 2 4.4551906022926 8.2860652710125e-05 8.2860652710125e-05 5.5602547686769e-05 5.823594247651e-05 997.26853996529 997.22248676169 1.2582060481804 1.2587859737767 6875.7363279904 7195.5020929632 0.000569728 0.000596224 3247.0900385162 3697.3882051325 0.000269056 0.000306368 10122.826366507 10892.890298096 0.000838784 0.000902592
15 19 2 4.5646031880092 8.2348742145456e-05 8.2348742145456e-05 5.552553459297e-05 6.3653587116198e-05 997.57634874472 997.73582327134 1.25499672346 1.2470822128143 0.0 0.0 0.0 0.0 0.0 0.0 0.0 0.0 0.0 0.0 0.0 0.0 0.0 0.0 0.0 0.0 18081.150497357 0.0 0.00148896 0.0 7862.755193714 0.0 0.000647488 0.0 25943.905691071 0.0 0.002136448 0.0 0.0 0.0
16 13 2 4.6742114567489 8.3888097985053e-05 8.3888097985053e-05 5.0632032009316e-05 6.4709572537648e-05 997.27614240371 997.17153659699 1.3139820595116 1.2315365647578 203.0 203.0 0.0145263671875 0.0 173.16362554898 0.0 0.00042724609375 0.0 5.0930478102642 0.0 0.0 0.0 0.0 0.0 0.00225830078125 0.0 26.920395568539 0.0
17 9 2 4.7828181094993 8.3435985822629e-05 8.3435985822629e-05 5.572893976424e-05 5.8076933088724e-05 997.17169932952 997.40187303621 1.2746422687569 1.26443697048 0.18325372237362 0.18324473069071 0.0 0.0 0.0 0.0 0.0 0.0 0.0 0.0
18 8 2 4.8905303330843 8.2326997271913e-05 8.2326997271913e-05 5.3341533856459e-05 5.5982629955579e-05 997.5923852597 997.33087128614 1.2866134160866 1.2648100384836 0.090933924844564 0.090927699991812 1.0926931608335e-05 0.0 0.00012016342225427 0.0 10.996995914444 10.997748761819
19 5 2 5.0004174970419 8.3522965316803e-05 8.3522965316803e-05 5.3872924203674e-05 5.6388081243523e-05 997.66650340563 997.50801843077 1.2520530638029 1.2937801430234 5.6428571428571 6.6153846153846
20 6 2 5.1083250267388 8.1970924967639e-05 8.1970924967639e-05 5.3433496550819e-05 5.6414356299055e-05 997.55105685438 997.30662200805 1.2801172129368 1.2823602100711 0.0 0.0 - -
21 7 2 5.2169024235739 7.7666346042432e-05 7.7666346042432e-05 4.5199437769067e-05 5.5538672120736e-05 997.89227212226 997.13589568699 1.2349184345372 1.1976105814317 52.572814560908 53.645684641549 47.427185439092 46.354315358451 3.7078827769942 3.6990822105058
22 7 2 5.3295454648516 7.9980363002015e-05 7.9980363002015e-05 5.4290606982986e-05 5.684608264253e-05 997.38062970612 997.28274221217 1.243161377994 1.2589846493428 0.0075552017157619 0.0074887236951704 0.0003087071668806 0.00069936664099703 0.040860215053763 0.093389296956978
23 9 2 5.4398943286488 8.143183331104e-05 8.143183331104e-05 5.4460035789345e-05 5.7411902372856e-05 997.37966278094 997.29901006253 1.2705270611611 1.2597238650935 0.0 0.0 0.0 0.0 0.0 0.0 0.0 0.0 - -
24 6 2 5.5486459001089 8.1807838416063e-05 8.1807838416063e-05 5.3308010509746e-05 5.5879794824447e-05 997.31759241277 997.51200513061 1.2792768307532 1.2857530020013 0.0 0.0 0.0 0.0
25 13 2 5.65918115915 8.2984779696602e-05 8.2984779696602e-05 5.7812370460613e-05 5.9907126611957e-05 997.38601897543 997.14700440786 1.274961536156 1.2582542008411 0.78433738716148 0.7947519661222 510464.0 528960.0 91393.0 95943.0 32978.0 32688.0 332.0 276.0 6.4603968154463 6.1796733212341 0.084041186058175 0.077132486388385 17.903907033601 18.13804446461 75.551654964895 75.605149727768
26 7 2 5.7736650960529 8.2447500112799e-05 8.2447500112799e-05 5.746807662951e-05 6.0173954331062e-05 997.62041811855 997.51299985018 1.2406697441515 1.239805109346 18.448477013306 18.45380150419 81.551522986694 81.54619849581 6.2445222430132 6.2337131675875
27 12 2 5.8821656274781 8.2191997848664e-05 8.2191997848664e-05 5.6753666929971e-05 5.9387061719711e-05 997.31316915622 997.58231680091 1.2753899091909 1.2470937422706 61218.0 62659.0 78.38380868372 79.412374918208 34.605834885164 34.941508801609 92.492404194845 94.561036722578 48.865332577687 47.797729838587 38.302508800358 37.957312421811 16.910256307921 16.701247978519 45.196720918909 45.198028865224
1 7 2 5.9911121562261 8.2121327009647e-05 8.2121327009647e-05 5.6505412957017e-05 5.922624025913e-05 997.58445515131 997.09449940175 1.2571788540039 1.2523660816921 28.885361297512 28.525971989567 71.114638702488 71.474028010433 8.0660180049104 7.8708726415094
2 10 2 6.0985383459325 8.2350554218251e-05 8.2350554218251e-05 5.3284453563407e-05 5.6094072432489e-05 997.22912852786 997.63838851888 1.2966564143268 1.2808834178132 6464.4616548557 6865.4789924255 0.000532352 0.000565376 6275.6104668141 6663.4159928748 0.0005168 0.000548736 12740.07212167 13528.8949853 0.001049152 0.001114112
3 5 2 6.2101314976016 8.2920451112369e-05 8.2920451112369e-05 5.3625576267119e-05 5.6130766906593e-05 997.27024602519 997.28634940394 1.2752520899767 1.2630505917492 0.99893342813972 0.99862637362637
4 6 2 6.3240603730504 7.8749059537617e-05 7.8749059537617e-05 5.6215934327971e-05 5.8721124967446e-05 1097.4645838165 1097.8137531901 1.353977086743 1.3738566386501 0.0 0.0 0.0 0.0
5 7 2 6.4310143365863 8.0618212625956e-05 8.0618212625956e-05 5.2413299567076e-05 5.4752232527584e-05 997.49142044096 997.55689586854 1.2914596983937 1.2508771385103 0.47510241441281 0.4672690201923 0.15761215354906 0.15535960091491 0.33174353311562 0.33248427394347
6 8 2 6.5367854777594 8.0573816842472e-05 8.0573816842472e-05 5.9984592723955e-05 6.3317900630873e-05 1097.0389102573 1096.6546905897 1.328387407452 1.3391683433937 50.635521218026 51.083573610743 75.428023351534 74.952958095143 36.154851183059 34.459715673719 96.979858168883 96.927787993046
7 7 2 6.6395240281301 8.0468716620345e-05 8.0468716620345e-05 5.6518097466584e-05 5.9485366668855e-05 1097.2966231561 1096.9998848787 1.3692927386074 1.3712015204361 0.0 0.0 0.0 0.0 - -
8 10 2 6.7416836167125 7.8880434815275e-05 7.8880434815275e-05 5.1992445660373e-05 5.5123254432418e-05 1097.1029927313 1097.1622340776 1.384560633113 1.3932558538959 14947.584946269 0.0 0.001179072 0.0 6270.9593469965 0.0 0.000494656 0.0 21218.544293266 0.0 0.001673728 0.0
9 19 2 6.8536315903557 8.1166364646531e-05 8.1166364646531e-05 5.5178522652674e-05 6.2839513412919e-05 997.09175419886 997.37271127025 1.257453749587 1.2360368548617 0.0 0.0 0.0 0.0 0.0 0.0 0.0 0.0 0.0 0.0 0.0 0.0 0.0 0.0 0.0 0.0 18164.765742813 0.0 0.001474368 0.0 7426.9188059018 0.0 0.000602816 0.0 25591.684548715 0.0 0.002077184 0.0 0.0 0.0
10 9 2 6.961517347998 7.9369694470003e-05 7.9369694470003e-05 5.351005662642e-05 5.6389893316318e-05 997.57383915968 997.20700561831 1.2683510866764 1.2380743982495 0.0 0.0 0.0 0.0 0.0 0.0 0.0 0.0 - -
11 7 2 7.0624879151166 7.9825430778018e-05 7.9825430778018e-05 5.7859031335092e-05 6.1313295101094e-05 1097.1881222222 1097.4647153252 1.3579615531833 1.3288431139606 86058.0 93127.0 120287.0 130179.0 120104.0 130029.0
12 10 2 7.1629150515703 0.00019697231284778 0.00019697231284778 0.00010530996955229 0.00010723710897007 1040.0220926278 1023.5551482897 1.3574481751825 1.3285273319116 0.0 4.0 0.0 2.2449208665395e-05 - 51.75 123.0 131.0 0.00071824817518248 0.00073521158379167 38.926829268293 37.236641221374
13 9 2 7.2641469069015 8.0238583375343e-05 8.0238583375343e-05 5.2816485764026e-05 6.287756694162e-05 1097.4393807881 1097.2811219297 0.0 0.0 1.3782390769813 1.3380345505726 0.0 0.0 0.0 0.0 0.0 0.0 0.0 0.0
14 10 2 7.3654303918108 9.3197621970844e-05 9.3197621970844e-05 5.0130540863222e-05 5.8515454705182e-05 997.41343496755 997.49380127626 1.2531595397717 1.2234019378487 5529.4114710482 6621.9715369247 0.000515328 0.000617152 2713.888988274 3232.3571527849 0.000252928 0.000301248 8243.3004593222 9854.3286897096 0.000768256 0.0009184
15 19 2 7.4757788478915 8.1594013826219e-05 8.1594013826219e-05 5.9988216869546e-05 6.7834492073108e-05 1096.7264871921 1097.0341516983 1.3569745040171 1.2964191096258 0.0 0.0 0.0 0.0 0.0 0.0 0.0 0.0 0.0 0.0 0.0 0.0 0.0 0.0 0.0 0.0 18315.069083166 0.0 0.0014944 0.0 8386.4975861761 0.0 0.000684288 0.0 26701.566669342 0.0 0.002178688 0.0 0.0 0.0
16 13 2 7.5799345071409 8.0647205790681e-05 8.0647205790681e-05 4.928702097702e-05 6.3680315189929e-05 997.11167554439 997.56432204955 1.3048802427528 1.2326829482177 203.0 203.0 0.01605224609375 0.0 199.04280546822 0.0 0.00042724609375 0.0 5.2977172558081 0.0 0.0 0.0 0.0 0.0 0.00238037109375 0.0 29.51585328236 0.0
17 9 2 7.6945238831235 8.3471321242137e-05 8.3471321242137e-05 5.6130766906593e-05 5.8813540680005e-05 997.28634940394 997.43870307056 1.2576787998132 1.2617205722283 0.18288028583609 0.18274762867361 0.0 0.0 0.0 0.0 0.0 0.0 0.0 0.0
18 8 2 7.8053227643269 7.9193017372462e-05 7.9193017372462e-05 5.6166102326101e-05 5.893449653909e-05 1096.8960594223 1097.1554928829 1.3625743205372 1.3665087551601 0.090932070204746 0.090933918761358 0.0 0.0 0.0 0.0 10.99722020788 10.99699665011
19 5 2 7.9068780628736 7.9000937656162e-05 7.9000937656162e-05 5.5918301371347e-05 5.8311596515713e-05 1096.9102149746 1097.1282745961 1.3473965724266 1.3577848101266 5.6923076923077 6.4166666666667
20 6 2 8.0157756103879 8.3605414628988e-05 8.3605414628988e-05 5.394359504269e-05 5.6498164665836e-05 997.23183626534 997.4564889578 1.2686689608881 1.2671326824015 0.0 0.0 - -
21 7 2 8.1242695766734 8.2603338373194e-05 8.2603338373194e-05 5.7147792762944e-05 5.9707798604476e-05 997.61910914727 997.27674457945 1.2538415664447 1.254867610515 51.64131305044 51.602427921093 48.35868694956 48.397572078907 3.8749920599632 3.9160169439499
22 7 2 8.231889263137 8.138200130917e-05 8.138200130917e-05 5.4682467724966e-05 5.7282792186193e-05 997.65858506796 997.34598560653 1.2566577133696 1.2647988477004 0.0078269589818431 0.0071528180379499 0.00049733801863795 0.00065025618526817 0.063541666666667 0.090909090909091
23 9 2 8.3396213823753 8.1192639702062e-05 8.1192639702062e-05 5.4737735945222e-05 5.7262859385444e-05 997.63595978279 997.32678958192 1.2713221523116 1.2619099912148 0.0 0.0 0.0 0.0 0.0 0.0 0.0 0.0 - -
24 6 2 8.4501565390342 8.0246737702922e-05 8.0246737702922e-05 5.2189961595058e-05 5.4444180152386e-05 997.18244880044 997.43417731498 1.2794158476317 1.2669836383571 0.0 0.0 0.0 0.0
25 13 2 8.5591657220112 8.2461090658764e-05 8.2461090658764e-05 5.6975192829194e-05 5.9839626900333e-05 997.23555591676 997.59103320576 1.2738967050554 1.2461179977736 0.78499300298963 0.8024922212717 503072.0 528364.0 90153.0 96764.0 32279.0 31596.0 332.0 368.0 6.4163777749507 5.9799683551491 0.08766140830736 0.089900144597285 17.92049646969 18.313889666972 75.575464347052 75.616241833282
26 7 2 8.6682920165348 8.3338133891683e-05 8.3338133891683e-05 5.7251080912275e-05 5.9903049448167e-05 997.44964865963 997.3925888319 1.2638584700929 1.2367052617796 18.118803263252 18.492637883704 81.881196736748 81.507362116296 6.3585473761829 6.2676203768318
27 12 2 8.776713761753 8.158585949864e-05 8.158585949864e-05 5.6649472744242e-05 5.9247985132674e-05 997.46786893013 997.46058196423 1.253435573598 1.2492000573093 60438.0 62871.0 80.116813925014 80.415453865852 36.930408021443 38.427892032893 93.988881167477 93.984507960745 48.331454070005 48.072026608556 38.721621124519 38.657338379784 17.849003190749 18.473066483159 45.426192932371 45.18025767481
1 7 2 8.885126190199 8.1880321327874e-05 8.1880321327874e-05 5.6832492096565e-05 5.9716405950254e-05 997.70526645676 997.42050981577 1.2660510646887 1.2338674953666 28.189840019768 29.085336711703 71.810159980232 70.914663288297 8.0256570155902 7.7223461379595
2 10 2 8.993032951577 8.1150962027771e-05 8.1150962027771e-05 5.2982290424794e-05 5.5457581863147e-05 997.21203328297 997.37046754058 1.2915387503589 1.2679890206639 6528.4746694525 6968.5433896209 0.000529792 0.000565504 6342.3524150443 6791.0963250369 0.000514688 0.000551104 12870.827084497 13759.639714658 0.00104448 0.001116608
3 5 2 9.1014070111936 8.2175689193506e-05 8.2175689193506e-05 5.2900747149007e-05 5.5549091539308e-05 997.44955593713 997.66115513263 1.2957468292629 1.2554905955952 0.99920661560526 0.99912712938195
4 6 2 9.2172237466642 8.3265650979872e-05 8.3265650979872e-05 5.3765105872355e-05 5.6832039078367e-05 997.41355809275 997.36673135811 1.3022515800562 1.2965274906986 0.0 0.0 0.0 0.0
5 7 2 9.3281165965266 8.4443498296809e-05 8.4443498296809e-05 5.4284717746402e-05 5.659646961498e-05 997.61847253507 997.19763518688 1.4373845452583 1.4272560063062 0.46985581651992 0.46791495778735 0.15549504594199 0.15732352369963 0.33094204748532 0.33622247180038
6 8 2 9.4375269262126 8.0061000241405e-05 8.0061000241405e-05 5.5774694602321e-05 5.8706175366885e-05 997.31653943448 997.21442333719 1.2518989272459 1.2615751557632 48.282135837164 48.281104106058 71.247908510535 72.658173147412 28.782956188372 31.896225759902 95.884436069462 96.512049633842
7 7 2 9.5467627922479 8.1329451198107e-05 8.1329451198107e-05 5.2961451587649e-05 5.5284981929396e-05 997.17417463181 997.31418322831 1.2993098236216 1.2755236422927 0.0 0.0 0.0 0.0 - -
8 10 2 9.6549604058062 8.1615758699762e-05 8.1615758699762e-05 4.9473664474933e-05 5.2384306402352e-05 997.45860488149 997.29799739939 1.2946357655148 1.291393982712 14659.913956096 0.0 0.00119648 0.0 7570.3027190238 0.0 0.000617856 0.0 22230.21667512 0.0 0.001814336 0.0
9 19 2 9.7642348744284 8.1637503573306e-05 8.1637503573306e-05 5.4823356384799e-05 6.2127821822572e-05 997.1376720849 997.43519115904 1.2907072236858 1.2447312530632 0.0 0.0 0.0 0.0 0.0 0.0 0.0 0.0 0.0 0.0 0.0 0.0 0.0 0.0 0.0 0.0 17771.440042838 0.0 0.001450816 0.0 8955.8838523704 0.0 0.000731136 0.0 26727.323895209 0.0 0.002181952 0.0 0.0 0.0
10 9 2 9.8736317259169 8.3185919776879e-05 8.3185919776879e-05 5.5486122009672e-05 5.7693226674323e-05 997.20652445464 997.6052057908 1.2710904015193 1.2643257088396 0.0 0.0 0.0 0.0 0.0 0.0 0.0 0.0 - -
11 7 2 9.9853611155611 8.3119779119851e-05 8.3119779119851e-05 5.5722597509456e-05 5.7919282755535e-05 997.39517362535 997.28139867272 1.2446420982333 1.2707177927525 90394.0 92035.0 126323.0 128630.0 126180.0 128453.0
12 10 2 10.093658192889 8.1538745605962e-05 8.1538745605962e-05 5.6451503791358e-05 5.9829660499959e-05 997.29757163485 997.11102956151 1.2543611527737 1.2542879936179 4.0 1.0 4.0264538014757e-05 9.4972173153266e-06 22.5 22.0 73.0 75.0 0.00073482781876931 0.0007122912986495 33.506849315068 43.333333333333
13 9 2 10.20087887089 8.0158852172351e-05 8.0158852172351e-05 4.8689942990975e-05 5.8356445317396e-05 997.22146983936 997.02950498551 0.0 0.0 1.3224929248185 1.2444644099235 0.0 0.0 0.0 0.0 0.0 0.0 0.0 0.0
14 10 2 10.309367868471 8.2245453996125e-05 8.2245453996125e-05 5.5726221655047e-05 5.8124953017799e-05 997.12306352962 997.57961909904 1.292444603213 1.2504848691584 6765.3100927161 7282.7855023844 0.000556416 0.000598976 3444.9077272204 3497.0443474426 0.000283328 0.000287616 10210.217819937 10779.829849827 0.000839744 0.000886592
15 19 2 10.417625971738 8.0740527539638e-05 8.0740527539638e-05 5.3956732570456e-05 6.1907201959747e-05 997.47470404098 997.21830370711 1.2637805719136 1.2323140324457 0.01446533203125 0.0 179.15825511728 0.0 0.00225830078125 0.0 27.969854174427 0.0 0.0 0.0 0.0 0.0 0.0 0.0 0.0 0.0 17734.241323814 0.0 0.001431872 0.0 7765.7159187148 0.0 0.000627008 0.0 25499.957242529 0.0 0.00205888 0.0 0.0 0.0
16 13 2 10.526851416542 8.078220521393e-05 8.078220521393e-05 4.9538446077365e-05 6.3722445882419e-05 997.24623663516 997.63416593225 1.3028176565199 1.2311987956025 203.0 203.0 0.0 0.0 0.0 0.0 0.00048828125 0.0 6.0444159540696 0.0 0.0 0.0 0.0 0.0 0.0 0.0 0.0 0.0
17 9 2 10.641683854003 8.374313216143e-05 8.374313216143e-05 5.5758838965362e-05 5.8137637527366e-05 997.36974389059 997.47409363639 1.2675640048609 1.2664456154894 0.18292105208956 0.18292971756765 0.0 0.0 0.0 0.0 0.0 0.0 0.0 0.0
18 8 2 10.755914567324 8.2799042235085e-05 8.2799042235085e-05 5.4007923626923e-05 5.6881871080237e-05 997.37667740668 997.24994967887 1.3667087011349 1.3395852003585 0.090932018800871 0.090929458456024 0.0 0.0 0.0 0.0 10.997226424609 10.997536078845
19 5 2 10.868811714664 8.311615497426e-05 8.311615497426e-05 5.39399708971e-05 5.6252175783877e-05 997.51301033867 997.76989577927 1.2856926897743 1.2777920701401 6.2307692307692 7.0
20 6 2 10.977488385001 8.1574081025471e-05 8.1574081025471e-05 5.2993615879765e-05 5.523741501852e-05 997.42519658506 997.47531794191 1.2632448543228 1.2708398474142 0.0 0.0 - -
21 7 2 11.087147236846 8.1141901663794e-05 8.1141901663794e-05 5.6639506343868e-05 5.8602887217554e-05 997.62404030383 997.3791829026 1.2524618081643 1.240932418821 51.988770425588 52.003308570589 48.011229574412 47.996691429411 3.6882949308756 3.8326543209877
22 7 2 11.196358349061 8.2711156704514e-05 8.2711156704514e-05 5.5292683238776e-05 5.7688243474136e-05 997.45311110358 997.51903854492 1.2590804526558 1.2567182149237 0.0079820323482364 0.0078073064019912 0.00063016044854498 0.00047926039299352 0.078947368421053 0.061386138613861
23 9 2 11.306085891151 8.0671668773417e-05 8.0671668773417e-05 5.4423341315241e-05 5.682705587818e-05 997.74264389013 997.27927931235 1.2612466010856 1.246284226841 0.0 0.0 0.0 0.0 0.0 0.0 0.0 0.0 - -
24 6 2 11.414606474067 0.00011639940204171 0.00011639940204171 6.4312728595481e-05 6.0774203444498e-05 997.4407390923 997.47308203314 1.2433547324815 1.2776206394103 0.0 0.0 0.0 0.0
25 13 2 11.524613470399 8.2100488172502e-05 8.2100488172502e-05 5.7269654658427e-05 5.9301894298333e-05 997.44514042679 997.41703288413 1.2681238652208 1.2559630034732 0.78856650160578 0.79620179673654 505672.0 523616.0 91025.0 95148.0 31916.0 31608.0 312.0 304.0 6.3116011960322 6.0364847521848 0.094329921371957 0.09147925197091 18.00079893686 18.171331662898 75.593269945736 75.700704332946
26 7 2 11.637913264844 8.2870619110499e-05 8.2870619110499e-05 5.7190376473633e-05 5.9875415338039e-05 997.37628624083 997.24597853334 1.251516773733 1.2518469407085 18.296460001743 18.27948853749 81.703539998257 81.72051146251 6.2576594066614 6.3145279158141
27 12 2 11.74758074578 8.243572163963e-05 8.243572163963e-05 5.7396046735898e-05 5.9631238528875e-05 997.3506901364 997.25596094242 1.2689241431805 1.271109351462 61669.0 64508.0 78.157583226581 77.213678923544 34.171139470398 33.50592174614 94.275892263536 90.695727661685 48.674396394548 49.006692952268 38.042731872104 37.839870547212 16.632595878355 16.420144190958 45.88822150485 44.446976775987
1 7 2 11.857652656902 8.4411787022891e-05 8.4411787022891e-05 5.8587937616993e-05 6.0860729920473e-05 997.4452672358 997.34790378277 1.2945227418322 1.2770437262357 27.465050105159 28.404481000409 72.534949894841 71.595518999591 8.2935195827071 8.197818119833
2 10 2 11.96545369108 8.1965488749253e-05 8.1965488749253e-05 5.7517002594982e-05 5.9880851556425e-05 1096.9863921852 1097.0356747393 1.345456472209 1.3597152644194 6737.6649420032 6925.0608843002 0.000552256 0.000567616 6547.9265504275 6725.1718791834 0.000536704 0.000551232 13285.591492431 13650.232763484 0.00108896 0.001118848
3 5 2 12.065814507482 0.0016007053761542 0.0016007053761542 0.00081239617688931 0.00081566787432119 1097.1431688843 1097.1693465165 1.4476852980543 1.4431155578318 0.99992895961354 0.99990963091945
4 6 2 12.166240101862 0.001841675722508 0.001841675722508 0.00093451221558143 0.00093872075464847 1097.1696250739 1097.1735019232 1.4476054270344 1.444231015852 0.0 0.0 0.0 0.0
5 7 2 12.27094397293 8.2424849202858e-05 8.2424849202858e-05 5.388606173144e-05 5.5984442028374e-05 997.56099822345 997.69873989866 1.3024944154877 1.2870607594409 0.47287679032894 0.46447541086046 0.15371643817616 0.1537732508488 0.32506657404191 0.33106865778734
6 8 2 12.380819128281 8.2985685733e-05 8.2985685733e-05 5.7432288191803e-05 5.9972361232587e-05 997.32603161914 997.60579624703 1.2354626516591 1.2545273631841 47.215188874954 48.177272177907 72.326999376859 72.37430505197 29.452503214305 29.370618805898 96.769918833858 96.992083635485
7 7 2 12.489923236691 7.9755665975399e-05 7.9755665975399e-05 5.2595865901201e-05 5.5162667015715e-05 997.0250782334 997.48588371867 1.2861241581 1.2850720278613 0.0 0.0 0.0 0.0 - -
8 10 2 12.604189735731 8.2073307080572e-05 8.2073307080572e-05 4.9378530653181e-05 5.2555547281506e-05 997.81956739958 997.33164913292 1.2996959399034 1.2779185301051 14816.022934305 0.0 0.001216 0.0 7052.4269167291 0.0 0.000578816 0.0 21868.449851034 0.0 0.001794816 0.0
9 19 2 12.712399746586 8.1198981956846e-05 8.1198981956846e-05 5.4923926424937e-05 6.2060775129147e-05 997.59653426474 997.26566558369 1.436203608278 1.362202688728 0.0 0.0 0.0 0.0 0.0 0.0 0.0 0.0 0.0 0.0 0.0 0.0 0.0 0.0 0.0 0.0 20705.678316183 0.0 0.00168128 0.0 7547.6808357734 0.0 0.000612864 0.0 28253.359151956 0.0 0.002294144 0.0 0.0 0.0
10 9 2 12.819725578264 8.1690053684369e-05 8.1690053684369e-05 5.4854614640517e-05 5.7329453060671e-05 997.36370193606 997.50257402339 1.2949373315652 1.2689515482111 0.0 0.0 0.0 0.0 0.0 0.0 0.0 0.0 - -
11 7 2 12.92766279968 7.8884964997263e-05 7.8884964997263e-05 5.3717991979678e-05 5.6063720213168e-05 997.5877866695 997.43350544283 1.2652638767366 1.2440414559857 85764.0 90942.0 119837.0 127108.0 119677.0 127009.0
12 10 2 13.028148254073 0.0023905426058003 0.0023905426058003 0.0012071507991227 0.0012112243387665 1097.1351233826 1097.1473092196 1.4451094481199 1.4377714968504 17.0 22.0 9.2194239161618e-06 1.1830513906769e-05 61.705882352941 78.045454545455 1432.0 1426.0 0.00077660088517316 0.00076683240141149 40.178770949721 40.052594670407
13 9 2 13.128577379276 0.0018299226183578 0.0018299226183578 0.00091436423118891 0.00093193454203014 1097.154463996 1097.1346816696 0.0 0.0 1.4462599277151 1.4419257002792 0.02850341796875 0.0 15.576296878788 0.0 0.00469970703125 0.0 2.5682545174875 0.0
14 10 2 13.229032112692 0.0010503933648077 0.0010503933648077 0.00054345105072304 0.00054737101719743 1097.1772481875 1097.1867342857 1.4278625440842 1.431738952178 4665.7415823425 4687.1278560497 0.004900864 0.004923328 2335.8563393526 2324.8890195028 0.002453568 0.002442048 7001.5979216952 7012.0168755525 0.007354432 0.007365376
15 19 2 13.329528589924 0.0010314807610433 0.0010314807610433 0.00053372565603078 0.00054432673490136 1097.1570738806 1097.1050946118 1.4541084266716 1.4467061427061 0.0142822265625 0.0 13.846333447901 0.0 0.0023193359375 0.0 2.2485498761549 0.0 0.0 0.0 0.0 0.0 0.0 0.0 0.0 0.0 9894.4666594433 0.0 0.010205952 0.0 4805.7047569034 0.0 0.004956992 0.0 14700.171416347 0.0 0.015162944 0.0 0.0 0.0
16 13 2 13.435007921236 8.1365692654012e-05 8.1365692654012e-05 4.9325980542118e-05 6.7798703635401e-05 997.51883216705 997.19282076386 1.2913988187015 1.25065808716 203.0 203.0 0.0 0.0 0.0 0.0 0.00030517578125 0.0 3.7506690018321 0.0 0.0 0.0 0.0 0.0 0.0 0.0 0.0 0.0
17 9 2 13.546886367458 8.2906860566405e-05 8.2906860566405e-05 5.5450786590164e-05 5.8251798113469e-05 997.24825873948 997.17159977336 1.2607428312459 1.2609808478715 0.18268993078444 0.18290135624136 0.0 0.0 0.0 0.0 0.0 0.0 0.0 0.0
18 8 2 13.655726667063 8.0938949510722e-05 8.0938949510722e-05 5.2720445905876e-05 5.5531423829554e-05 997.60140244261 997.34384323367 1.2994193836534 1.2924486525241 0.090933452434122 0.090928261144616 0.0 0.0 0.0 0.0 10.997053045187 10.997680890538
19 5 2 13.764900068231 8.1324014979721e-05 8.1324014979721e-05 5.3270409999244e-05 5.5328924694682e-05 997.31870987419 997.08806638405 1.3084018559523 1.2810497278134 6.0714285714286 5.7857142857143
20 6 2 13.876000887876 8.2041595806655e-05 8.2041595806655e-05 5.3573026156056e-05 5.5962697154831e-05 997.34354867168 997.31122450782 1.2816516744337 1.2830598255089 0.0 0.0 - -
21 7 2 13.985242698416 8.1139183554601e-05 8.1139183554601e-05 5.6408920080669e-05 5.8686242566137e-05 997.21051922587 997.51567742905 1.2483007518797 1.2679357932857 53.363369151448 53.464819174804 46.636630848552 46.535180825196 3.9105050505051 4.0806877411494
22 7 2 14.094968773632 8.1266934686669e-05 8.1266934686669e-05 5.4843289185547e-05 5.7064437414361e-05 997.50021367021 997.14996485543 1.2703386184535 1.25772567971 0.0077000197225692 0.0075781274439265 0.00048484649266978 0.00035192542309256 0.062966915688367 0.046439628482972
23 9 2 14.204127784224 8.0347307743061e-05 8.0347307743061e-05 5.438528778654e-05 5.6635429180079e-05 997.39024607024 997.55222688463 1.2443354961753 1.2544199393952 0.0 0.0 0.0 0.0 0.0 0.0 0.0 0.0 - -
24 6 2 14.312183570469 8.1011432422534e-05 8.1011432422534e-05 5.2303216144763e-05 5.4985083881778e-05 997.18796378528 996.99782204353 1.2769310741462 1.2683525785046 0.0 0.0 0.0 0.0
25 13 2 14.42054588423 8.2240923814136e-05 8.2240923814136e-05 5.7339419461045e-05 5.9964206905008e-05 997.34834018897 997.47015368952 1.2902344546381 1.2658850082246 0.77505293429827 0.78996116827584 506288.0 529464.0 89579.0 95459.0 33350.0 32741.0 316.0 348.0 6.587159877382 6.1838009760815 0.096782858768132 0.083480652131212 17.693289195083 18.029365547044 75.622768068767 75.703352824744
26 7 2 14.528993940745 8.1927435220552e-05 8.1927435220552e-05 5.6532594048947e-05 5.9244360987083e-05 997.73175112659 997.08263157585 1.2439046271007 1.2620582501785 18.409180149209 18.141569236181 81.590819850791 81.858430763819 6.1816526015421 6.3888756266412
27 12 2 14.64346394009 8.261239873717e-05 8.261239873717e-05 6.8822977782933e-05 6.5645055118211e-05 997.30260348314 997.65437068369 1.2449479636155 1.258334274078 69990.0 65840.0 77.563937705386 78.332320777643 36.202314616374 37.190157958688 91.590227175311 92.765795868773 46.069996906287 45.436351841884 35.733703701266 35.591348874443 16.678405223768 16.897851020662 42.195614826127 42.149393399859
1 7 2 14.752460550906 8.0517642585818e-05 8.0517642585818e-05 5.6645848598652e-05 5.8683977475143e-05 997.07258240332 997.15716476179 1.2563399244434 1.2390717961472 28.856934925344 29.09294426432 71.143065074656 70.90705573568 8.017845876521 8.1206789850588
2 10 2 14.862079268057 8.0528515022589e-05 8.0528515022589e-05 5.2700060086929e-05 5.4993238209356e-05 996.85950381398 997.14567753928 1.2774361452134 1.274079282948 6609.1371466455 6904.7839742733 0.000532224 0.000556032 6430.318500903 6691.7910984554 0.000517824 0.00053888 13039.455647549 13596.575072729 0.001050048 0.001094912
3 5 2 14.971242892186 8.0904520127612e-05 8.0904520127612e-05 5.3001317189145e-05 5.4838759003559e-05 997.57014763048 997.41781785537 1.2980517463276 1.2497238367591 0.99908466819222 0.99869399806939
4 6 2 15.080618013298 8.0959788347868e-05 8.0959788347868e-05 5.257683913685e-05 5.4501713463637e-05 997.37834341342 997.45314498981 1.295070076772 1.2679081433705 0.0 0.0 0.0 0.0
5 7 2 15.189502734961 8.3001994388157e-05 8.3001994388157e-05 5.3058850500395e-05 5.6514020302795e-05 996.8817277102 997.07170053908 1.276113792615 1.2610436083537 0.47393251326527 0.46814790853769 0.15826805112169 0.15657157875584 0.33394638833969 0.33444895491449
6 8 2 15.298390823455 8.1218914757594e-05 8.1218914757594e-05 5.6551167795098e-05 5.9122499091601e-05 997.39484690093 997.24991932617 1.2584124679933 1.2411366402921 48.371411176621 47.879823459098 71.351095872853 70.723633800227 30.258267110997 27.268060195544 96.423192771084 95.686854445704
7 7 2 15.408854725788 8.1470792876139e-05 8.1470792876139e-05 5.2976854206408e-05 5.5594846377389e-05 997.46417978062 997.46819318282 1.2792710008423 1.2654258610023 0.0 0.0 0.0 0.0 - -
8 10 2 15.517651668833 9.2021586726702e-05 9.2021586726702e-05 5.4546109247121e-05 5.7194906655621e-05 997.23188830038 997.12696442601 1.3229974728052 1.3383190052683 14067.655710444 0.0 0.001294528 0.0 6956.9763223202 0.0 0.000640192 0.0 21024.632032764 0.0 0.00193472 0.0
9 19 2 15.626966669899 8.0688883464972e-05 8.0688883464972e-05 5.4258895709069e-05 6.2156361969098e-05 997.49003788718 997.28879015283 1.2710331946685 1.2384687595906 0.0 0.0 0.0 0.0 0.0 0.0 0.0 0.0 0.0 0.0 0.0 0.0 0.0 0.0 0.0 0.0 17966.886363341 0.0 0.001449728 0.0 8355.2525583362 0.0 0.000674176 0.0 26322.138921677 0.0 0.002123904 0.0 0.0 0.0
10 9 2 15.73609783618 7.9496539565673e-05 7.9496539565673e-05 5.3672690159796e-05 5.6329641895875e-05 997.09610713895 997.14031580088 1.2657229848833 1.2514266160767 0.0 0.0 0.0 0.0 0.0 0.0 0.0 0.0 - -
11 7 2 15.846329767826 8.1148243918578e-05 8.1148243918578e-05 5.4439649970398e-05 5.6889572389617e-05 997.69628719888 997.71522855022 1.2652375788332 1.2668623771765 86933.0 90750.0 121464.0 126804.0 121318.0 126596.0
12 10 2 15.957556602637 8.3180483558493e-05 8.3180483558493e-05 5.769458572892e-05 5.9929324503699e-05 997.30310911262 996.88990497132 1.2650336730437 1.24037992724 1.0 2.0 9.9330512346783e-06 1.8752578479541e-05 29.0 24.5 72.0 77.0 0.00071517968889684 0.00072197427146233 36.791666666667 33.857142857143
13 9 2 16.078699583608 8.0625460917137e-05 8.0625460917137e-05 4.9173313409116e-05 5.8520437905369e-05 997.47834453973 997.25777697537 0.0 0.0 1.3109103644839 1.2504017036105 0.0 0.0 0.0 0.0 0.0 0.0 0.0 0.0
14 10 2 16.187413175834 8.0148885771977e-05 8.0148885771977e-05 5.4292419055782e-05 5.7150963890336e-05 997.06807561993 997.67446696829 1.2728315473093 1.2677593431882 6860.831497576 7252.9018264063 0.000549888 0.000581312 3297.8624400592 3661.9847821094 0.00026432 0.000293504 10158.693937635 10914.886608516 0.000814208 0.000874816
15 19 2 16.296606876748 8.1481665312911e-05 8.1481665312911e-05 5.4712366926088e-05 6.2675067806747e-05 997.17359053577 997.15321071288 1.2694240067269 1.2411522486072 0.0 0.0 0.0 0.0 0.0 0.0 0.0 0.0 0.0 0.0 0.0 0.0 0.0 0.0 0.0 0.0 16797.693011597 0.0 0.001368704 0.0 8634.482337814 0.0 0.000703552 0.0 25432.175349411 0.0 0.002072256 0.0 0.0 0.0
16 13 2 16.403833888849 9.6851666762542e-05 9.6851666762542e-05 4.6904598269425e-05 6.7954994913994e-05 997.69305296764 997.55242813559 1.3078594346058 1.197023500778 203.0 203.0 0.0 0.0 0.0 0.0 0.0003662109375 0.0 3.7811526609848 0.0 0.0 0.0 0.0 0.0 0.0 0.0 0.0 0.0
17 9 2 16.511284247076 7.9303553812975e-05 7.9303553812975e-05 5.3915507914363e-05 5.6390799352716e-05 997.40887317523 997.22302809663 1.2758517184451 1.2705466868085 0.18291846229712 0.18301147266566 0.0 0.0 0.0 0.0 0.0 0.0 0.0 0.0
18 8 2 16.621647539503 8.1813274634449e-05 8.1813274634449e-05 5.3571667101459e-05 5.596315017303e-05 997.31824779863 997.65498246332 1.2660728242134 1.2892432607312 0.090928556898601 0.090921424769618 0.0 0.0 0.0 0.0 10.99764511951 10.998507805326
19 5 2 16.731216686497 8.1295021814996e-05 8.1295021814996e-05 5.3039823736044e-05 5.5679560780569e-05 997.23175599616 997.29892490211 1.2701482984194 1.2783209219121 6.7692307692308 5.3571428571429
20 6 2 16.841481433875 8.1354820217241e-05 8.1354820217241e-05 5.3135863594194e-05 5.5270032328835e-05 997.26736811946 997.3842082235 1.286629443963 1.2582142194171 0.0 0.0 - -
21 7 2 16.951416584238 8.2442969930811e-05 8.2442969930811e-05 5.7209856256183e-05 5.9782093589082e-05 997.05939741644 997.25969055489 1.2748435291742 1.2395641555514 51.142644473655 52.16195325998 48.857355526345 47.83804674002 3.8190146075761 3.7025806451613
22 7 2 17.059136250006 8.1657436374054e-05 8.1657436374054e-05 5.9400652265676e-05 6.1492690307827e-05 1097.3480483822 1096.9685357074 1.3634397421233 1.3334381170368 0.0079397394136808 0.0077408433364112 0.00061889250814332 0.00064635272391505 0.077948717948718 0.083499005964215
23 9 2 17.159529406471 0.00089720616691246 0.00089720616691246 0.00046451262957866 0.00046845434092659 1097.1482541223 1097.113477659 1.4436789862724 1.4311373267604 0.0 0.0 0.0 0.0 0.0 0.0 0.0 0.0 - -
24 6 2 17.259901888091 0.00052947498627353 0.00052947498627353 0.00028038791285026 0.00028252842383968 1097.1901557955 1097.2165132903 1.4283574649565 1.4302704785319 0.0 0.0 0.0 0.0
25 13 2 17.36036138001 0.0011569205942607 0.0011569205942607 0.00059271542079012 0.00059657015264388 1097.1441866446 1097.1474244354 1.4480135286787 1.4487420529142 0.69060128251183 0.69025400207612 5233480.0 5267516.0 822015.0 826946.0 327049.0 322464.0 460.0 524.0 6.2491688131033 6.1217469486566 0.012439141832968 0.013023216256011 15.706852801578 15.698974621055 78.031539243486 78.166255214033
26 7 2 17.460861927157 0.0012457746777412 0.0012457746777412 0.00063108606223018 0.00064217821282829 1097.1197309495 1097.1720812779 1.4368730757131 1.4364151306656 15.837466889675 15.842700988674 84.162533110325 84.157299011326 7.1375964155044 7.1705335032337
27 12 2 17.565163608669 7.958623716904e-05 7.958623716904e-05 5.9807915626415e-05 6.2179918915437e-05 1096.8376579657 1097.4001888308 1.3549370362388 1.3217869455519 68009.0 69502.0 81.83034598362 80.855227187707 38.272875648811 38.737014762165 93.972856533694 93.705217116054 51.513774323782 50.636397415068 42.153899758372 40.942174169623 19.71580278895 19.615028741704 48.408965240378 47.448946137538
1 7 2 17.665693527703 0.001218778417237 0.001218778417237 0.00062866830410308 0.00063321388871004 1097.093757919 1097.1456408712 1.4377285734118 1.4352765164817 25.356030302659 25.372469088196 74.643969697341 74.627530911804 9.7506377370923 9.7091225555442
2 10 2 17.766128688015 0.0010179463893353 0.0010179463893353 0.00052529770545993 0.00052892411614148 1097.1635749677 1097.1231766507 1.4382848509806 1.439822025569 4624.9036779572 4649.0464032102 0.004707904 0.00473248 4538.7694758827 4556.6879047814 0.004620224 0.004638464 9163.6731538399 9205.7343079916 0.009328128 0.009370944
3 5 2 17.866583978644 0.00060830468305053 0.00060830468305053 0.00029354492039859 0.00029661593076839 997.45407476272 997.39506654574 1.3618691926633 1.3506480379396 0.99980348865436 0.99980712502836
4 6 2 17.975614983508 7.9692243427564e-05 7.9692243427564e-05 5.2240246615127e-05 5.4388005895733e-05 997.42359209704 997.440094397 1.2730424030999 1.2505155927755 0.0 0.0 0.0 0.0
5 7 2 18.083363697709 7.8827884704212e-05 7.8827884704212e-05 5.1776355979535e-05 5.4245758181303e-05 997.19401284498 997.59478575547 1.3077037494708 1.2966075083107 0.47590933534709 0.46386070535241 0.15214132884816 0.1542592933482 0.31968553156705 0.3325552079929
6 8 2 18.191425886007 7.9444895491007e-05 7.9444895491007e-05 5.5587145068009e-05 5.8273542987012e-05 997.33001830416 997.22152679818 1.2637650112262 1.2756500525596 48.524905463555 48.99093552249 70.991980701526 71.93121569725 29.60457686791 29.87312841084 96.16801408267 96.64863099958
7 7 2 18.299576583188 7.9031742893682e-05 7.9031742893682e-05 5.1895952784024e-05 5.3989349880771e-05 997.68343444731 997.38143379482 1.27728656327 1.275602603074 0.0 0.0 0.0 0.0 - -
8 10 2 18.408055656953 7.8234430863755e-05 7.8234430863755e-05 4.7715953863512e-05 5.1007584096138e-05 997.72141699438 997.2559217892 1.3089551125913 1.3048441302584 15395.778900694 0.0 0.00120448 0.0 6676.1398304231 0.0 0.000522304 0.0 22071.918731117 0.0 0.001726784 0.0
9 19 2 18.517860971395 8.2068776898584e-05 8.2068776898584e-05 5.5411827025066e-05 6.3046995747978e-05 997.22482742693 997.67607839148 1.2607140648513 1.2218807891202 0.01495361328125 0.0 182.20831169117 0.0 0.0023193359375 0.0 28.260880996997 0.0 0.0 0.0 0.0 0.0 0.0 0.0 0.0 0.0 18092.922255134 0.0 0.001484864 0.0 8054.1227124271 0.0 0.000660992 0.0 26147.044967561 0.0 0.002145856 0.0 0.0 0.0
10 9 2 18.626423039 8.3147866248178e-05 8.3147866248178e-05 5.5674577580382e-05 5.8526780160152e-05 997.20966880671 997.36585653069 1.2838950293558 1.2544714815606 0.0 0.0 0.0 0.0 0.0 0.0 0.0 0.0 - -
11 7 2 18.735075548971 8.1407370328304e-05 8.1407370328304e-05 5.4884966859838e-05 5.7338060406449e-05 997.23088818033 996.99728000379 1.2727731145405 1.257216361722 87066.0 92082.0 121657.0 128702.0 121551.0 128531.0
12 10 2 18.842721946293 8.1485289458501e-05 8.1485289458501e-05 5.6617308452126e-05 5.9273354151808e-05 997.23305613261 997.25369628059 1.252083834255 1.2434047972023 1.0 2.0 1.001843391841e-05 1.9006348120272e-05 279.0 23.5 72.0 75.0 0.00072132724212551 0.00071273805451021 32.388888888889 38.2
13 9 2 18.955093574402 8.2272635088054e-05 8.2272635088054e-05 4.985102863455e-05 5.9130200400981e-05 997.09610078255 997.379821314 0.0 0.0 1.3212544725404 1.2530600489608 0.0 0.0 0.0 0.0 0.0 0.0 0.0 0.0
14 10 2 19.062488429745 8.2282601488428e-05 8.2282601488428e-05 5.5211139962989e-05 5.7410996336459e-05 997.34088511911 997.28327135391 1.2577555780305 1.2669705876472 6877.3712761085 7101.379750155 0.000565888 0.00058432 3346.9043882713 3581.024355938 0.000275392 0.000294656 10224.27566438 10682.404106093 0.00084128 0.000878976
15 19 2 19.170720888557 8.2442969930811e-05 8.2442969930811e-05 5.5202532617211e-05 6.3274410883786e-05 997.18540095664 997.10403223452 1.2663548973759 1.234645711053 0.0 0.0 0.0 0.0 0.0 0.0 0.0 0.0 0.0 0.0 0.0 0.0 0.0 0.0 0.0 0.0 17978.973843906 0.0 0.00148224 0.0 7996.6066306597 0.0 0.000659264 0.0 25975.580474566 0.0 0.002141504 0.0 0.0 0.0
16 13 2 19.278805153338 8.1950086130493e-05 8.1950086130493e-05 4.978987117771e-05 6.3716103627635e-05 997.37947450795 997.53487203395 1.3029875518672 1.2378915498288 203.0 203.0 0.0 0.0 0.0 0.0 0.00042724609375 0.0 5.2134916987113 0.0 0.0 0.0 0.0 0.0 0.0 0.0 0.0 0.0
17 9 2 19.38839814721 8.212404511884e-05 8.212404511884e-05 5.5247834437093e-05 5.7731733221223e-05 997.32343617353 997.29426175676 1.2684486972801 1.2589204567906 0.18286962400541 0.18302248389774 0.0 0.0 0.0 0.0 0.0 0.0 0.0 0.0
18 8 2 19.497308416382 8.1972737040434e-05 8.1972737040434e-05 5.2732224379046e-05 5.5863939187488e-05 997.4679145108 997.56518579825 1.2603347842093 1.275628426606 0.090928777149787 0.090927899037964 0.0 0.0 0.0 0.0 10.997618480591 10.997724687144
19 5 2 19.606855144411 8.0224086792981e-05 8.0224086792981e-05 5.2991803806969e-05 5.584400638674e-05 997.03677745834 997.54557166313 1.2874485460829 1.2628155220456 7.0 6.0
20 6 2 19.715847300246 7.8829696777007e-05 7.8829696777007e-05 5.1838419472774e-05 5.4536142846747e-05 997.3013682962 997.73848699758 1.2741798988932 1.2622705015151 0.0 0.0 - -
21 7 2 19.824520273955 7.9823618705223e-05 7.9823618705223e-05 5.6250816729281e-05 5.8512736595989e-05 997.41176023202 997.76860225294 1.2667591638526 1.2625559617603 51.242258534739 51.438503584646 48.757741465261 48.561496415354 3.7424738826729 3.780771549126
22 7 2 19.933466828072 8.2072401044175e-05 8.2072401044175e-05 5.4858691804307e-05 5.7454486083545e-05 997.09554107456 997.05769522976 1.2808834262384 1.2600945870757 0.0082914343933006 0.0081012934053448 0.00068750155309086 0.00074709333997416 0.082917082917083 0.092219020172911
23 9 2 20.04230772113 8.1324014979721e-05 8.1324014979721e-05 5.442379433344e-05 5.7510207322e-05 997.40570652591 997.37108912213 1.266429128629 1.2350806530072 0.0 0.0 0.0 0.0 0.0 0.0 0.0 0.0 - -
24 6 2 20.150333366262 8.0126234862036e-05 8.0126234862036e-05 5.6821166641595e-05 5.8899161119582e-05 1097.1479939366 1097.2690368174 1.3482822376059 1.354802742638 0.0 0.0 0.0 0.0
25 13 2 20.250757636017 0.001364974638288 0.001364974638288 0.00069903788601678 0.00070275897750189 1097.1655335069 1097.1535699917 1.4426427526991 1.4388582495311 0.69317230348889 0.69499549404944 6172272.0 6205128.0 972808.0 980555.0 383415.0 378435.0 324.0 384.0 6.2118940966957 6.09874606938 0.0070476479325603 0.0099433887584591 15.760938597651 15.802333167019 78.020119657721 78.088977374842
26 7 2 20.351194512362 0.00031993776066322 0.00031993776066322 0.00017948626339068 0.0001822442381851 1097.0932018317 1097.2361036445 1.4120080971083 1.3968998600631 16.155941050124 16.32035675845 83.844058949876 83.67964324155 7.1498891543445 7.0485981699784
27 12 2 20.453550844936 7.9948651728097e-05 7.9948651728097e-05 5.9852764428098e-05 6.2833624176334e-05 1097.280210686 1097.5992150106 1.3568303653953 1.325294297508 68135.0 70125.0 80.686871651868 81.547237076649 43.952447347178 40.972549019608 93.391061862479 94.696613190731 51.570541931577 50.558759913482 41.610656978504 41.229271809661 22.666515289131 20.715212689257 48.162276718135 47.877433309301
1 7 2 20.555017647283 7.8595033350017e-05 7.8595033350017e-05 5.9660684711799e-05 6.2088409239275e-05 1096.7959792739 1096.8816701475 1.342165875135 1.3365482134498 26.410065605637 26.439020831053 73.589934394363 73.560979168947 8.9653098982424 9.0371997131588
2 10 2 20.655736955106 7.9722142628686e-05 7.9722142628686e-05 5.6065532285963e-05 5.8875151155045e-05 1097.3597636173 1096.8217402827 1.3473849235727 1.3459196354598 6735.3934841032 7068.5506111476 0.00053696 0.00056352 6533.0908431027 6886.3176765956 0.000520832 0.000548992 13268.484327206 13954.868287743 0.001057792 0.001112512
3 5 2 20.75650130381 7.7355575558041e-05 7.7355575558041e-05 5.4701947507515e-05 5.7002373921123e-05 1097.0218098779 1096.6488964334 1.3711774525056 1.3468487754753 0.99900071823377 0.99873425173672
4 6 2 20.857292498373 7.7192489006465e-05 7.7192489006465e-05 5.448902895407e-05 5.7748947912778e-05 1097.3222734162 1096.6711960111 1.379183818555 1.3384712305754 0.0 0.0 0.0 0.0
5 7 2 20.966497004677 8.3139711920599e-05 8.3139711920599e-05 5.3330661419687e-05 5.6344138478238e-05 997.74135894902 997.39693249909 1.2746378223868 1.2748957019999 0.47576820632755 0.46754205233863 0.15617488468785 0.15840995520567 0.32825834641906 0.33881434710164
6 8 2 21.076726029758 8.1709080448719e-05 8.1709080448719e-05 5.6996031666339e-05 5.9427833357605e-05 997.60029762826 997.00236756057 1.2630025598554 1.2366327300151 48.524011636225 47.771797960086 70.174225443909 71.119513347868 28.640691814901 30.148953362504 95.472681895497 95.362930889909
7 7 2 21.185586916321 8.0912674455191e-05 8.0912674455191e-05 5.2530178262372e-05 5.5445350371779e-05 997.56507267771 997.48919770801 1.2870700276381 1.277287859655 0.0 0.0 0.0 0.0 - -
8 10 2 21.295500340838 7.9346137523664e-05 7.9346137523664e-05 4.8322998249931e-05 5.1678957066789e-05 997.42005275354 997.1311104364 1.3125261474099 1.3032456330755 14807.42524675 0.0 0.001174912 0.0 6940.7285242556 0.0 0.00055072 0.0 21748.153771006 0.0 0.001725632 0.0
9 19 2 21.404600572318 8.0025664821897e-05 8.0025664821897e-05 5.4581444666629e-05 6.2497937691008e-05 997.53357004357 997.03057738001 1.2543361026089 1.2290334075724 0.0147705078125 0.0 184.57213501909 0.0 0.00225830078125 0.0 28.219706593829 0.0 0.0 0.0 0.0 0.0 0.0 0.0 0.0 0.0 18370.106681047 0.0 0.00147008 0.0 8391.7078539065 0.0 0.000671552 0.0 26761.814534954 0.0 0.002141632 0.0 0.0 0.0
10 9 2 21.513782769288 7.9641505389296e-05 7.9641505389296e-05 5.4410656805674e-05 5.6711536237481e-05 997.51009888635 997.56575268601 1.271673301711 1.2701243887096 0.0 0.0 0.0 0.0 0.0 0.0 0.0 0.0 - -
11 7 2 21.623850543447 8.176253659618e-05 8.176253659618e-05 5.9741774969388e-05 6.1919886469314e-05 1097.5248288788 1097.1982619956 1.337528905838 1.3297822660674 90222.0 94117.0 126081.0 131495.0 125923.0 131257.0
12 10 2 21.724279326169 0.001074644335027 0.001074644335027 0.0005549481995909 0.00055836169171901 1097.1773137722 1097.1683348078 1.4494920869694 1.4388627196899 6.0 8.0 7.0995414879456e-06 9.3391936773659e-06 122.66666666667 83.375 635.0 678.0 0.00075136814080757 0.00079149666415676 40.209448818898 40.625368731563
13 9 2 21.824651150006 0.00064341993571402 0.00064341993571402 0.00033267753844906 0.00034347205609054 1097.1318251712 1097.1387777151 0.0 0.0 1.4361386312879 1.4277138267843 0.014892578125 0.0 23.145969371424 0.0 0.00238037109375 0.0 3.6995606782193 0.0
14 10 2 21.936733777873 8.3686051868378e-05 8.3686051868378e-05 5.5751590674181e-05 5.8583860453204e-05 997.57699766199 997.37585452235 1.2672817703453 1.2723364063007 6779.6244097206 7091.6477328075 0.00056736 0.000593472 3325.1897274072 3529.381460898 0.000278272 0.00029536 10104.814137128 10621.029193705 0.000845632 0.000888832
15 19 2 22.046101824652 8.0846533798162e-05 8.0846533798162e-05 5.4595941248991e-05 6.2318089466077e-05 997.11037349907 997.16496476508 1.2677354203484 1.2285612217558 0.0 0.0 0.0 0.0 0.0 0.0 0.0 0.0 0.0 0.0 0.0 0.0 0.0 0.0 0.0 0.0 18119.465747996 0.0 0.001464896 0.0 8498.0761415849 0.0 0.00068704 0.0 26617.541889581 0.0 0.002151936 0.0 0.0 0.0
16 13 2 22.154652337575 8.1958240458072e-05 8.1958240458072e-05 4.9794401359698e-05 6.3682127262724e-05 997.8476228573 997.59270851661 1.2987640608753 1.2293652598254 203.0 203.0 0.0 0.0 0.0 0.0 0.000244140625 0.0 2.9788417081123 0.0 0.0 0.0 0.0 0.0 0.0 0.0 0.0 0.0
17 9 2 22.264302104594 8.1725389103877e-05 8.1725389103877e-05 5.4998221409543e-05 5.7540106523122e-05 997.57755286519 997.23654706271 1.2780310128115 1.2553246162817 0.18341351468003 0.18326563287574 0.0 0.0 0.0 0.0 0.0 0.0 0.0 0.0
18 8 2 22.373359967095 8.113193526342e-05 8.113193526342e-05 5.2962357624046e-05 5.2783868453711e-05 997.19123375821 997.73213348196 1.2702086049544 1.2929127043132 0.090927857453281 0.090935318856179 0.0 0.0 0.0 0.0 10.997729716812 10.99682733374
19 5 2 22.482254268281 8.1043143696451e-05 8.1043143696451e-05 5.3008565480326e-05 5.5359729932202e-05 997.35214707378 997.64321063966 1.2785681505278 1.2763544071107 5.6428571428571 6.1538461538462
20 6 2 22.591000120839 8.2235487595751e-05 8.2235487595751e-05 5.3404503386095e-05 5.5808670967232e-05 997.00978285998 997.2507133607 1.2940285400659 1.276412992799 0.0 0.0 - -
21 7 2 22.70030507215 8.0065530423393e-05 8.0065530423393e-05 5.5904710825382e-05 5.8706175366885e-05 997.62054265265 997.21442333719 1.2591961470567 1.2431792018419 51.980875977473 52.053800862728 48.019124022527 47.946199137272 3.6980778831752 3.7987894350697
22 7 2 22.808215954181 7.9745699575025e-05 7.9745699575025e-05 5.4474985389906e-05 5.6795797622461e-05 997.30859854297 997.39167849342 1.2871455637263 1.266639725197 0.0075081491909466 0.0083560169652466 0.00056143526316231 0.00072007343166424 0.074776785714286 0.086174242424242
23 9 2 22.916490118755 7.9637881243706e-05 7.9637881243706e-05 5.4083577666126e-05 5.6683902127353e-05 997.38274799323 997.4109196011 1.2581675238176 1.2692994380085 0.0 0.0 0.0 0.0 0.0 0.0 0.0 0.0 - -
24 6 2 23.025308980632 7.9746605611423e-05 7.9746605611423e-05 5.2002865078945e-05 5.5079311667132e-05 997.56623178742 997.68170989602 1.2825491882954 1.2597185958805 0.0 0.0 0.0 0.0
25 13 2 23.133346188601 7.87554017924e-05 7.87554017924e-05 5.5950012645264e-05 5.7962772502621e-05 997.75661169068 997.38173287863 1.2480547302896 1.2541954203262 0.80124691308044 0.79732391283959 494020.0 511792.0 90358.0 93141.0 30619.0 29811.0 328.0 328.0 6.1979272094247 5.8248272735799 0.087850694303874 0.089489480101291 18.290352617303 18.19899490418 75.423869478968 75.886688342139
26 7 2 23.243685956698 8.0881869217671e-05 8.0881869217671e-05 5.6906334062973e-05 5.9220351022546e-05 997.67883339594 997.31236169196 1.2682463880784 1.245346289416 18.081295376385 18.373825770325 81.918704623615 81.626174229675 6.3049445499663 6.2517576751816
27 12 2 23.347015675886 7.9434023054236e-05 7.9434023054236e-05 5.9987763851347e-05 6.2352065830988e-05 1096.7182049479 1097.1480259032 1.3314229407979 1.2893878927548 67467.0 68261.0 82.139416307232 83.605572728205 42.528940074407 45.093098548219 93.516830450442 95.515741052724 50.950021900346 49.5949490326 41.850050597351 41.464141182967 21.668504281895 22.36389924221 47.64684559501 47.370983093209
1 7 2 23.454617665646 8.0582877206448e-05 8.0582877206448e-05 5.6376302770354e-05 5.9217179895154e-05 997.29965664274 997.25895767639 1.2492947707629 1.2332723224394 28.82535396879 29.462120458701 71.17464603121 70.537879541299 8.1597420543528 7.9295665634675
2 10 2 23.562920831539 8.1667402774428e-05 8.1667402774428e-05 5.3010377553121e-05 5.5330736767477e-05 997.74067827214 997.79972820833 1.2642178046672 1.2753529362626 6630.6014591364 6854.7300511838 0.000541504 0.000559808 6442.521521754 6650.1931192804 0.000526144 0.000543104 13073.12298089 13504.923170464 0.001067648 0.001102912
3 5 2 23.67227419328 7.9558150040713e-05 7.9558150040713e-05 5.2069911772371e-05 5.4595035212593e-05 997.04679242043 997.09382614646 1.266682095194 1.2737034570954 0.99909079888471 0.99898279469891
4 6 2 23.780454088391 7.9355197887641e-05 7.9355197887641e-05 5.1944878749496e-05 5.4642149105271e-05 997.17621504925 997.95428848212 1.2674676954027 1.2661977745119 0.0 0.0 0.0 0.0
5 7 2 23.888957517321 7.9646035571284e-05 7.9646035571284e-05 5.185925830992e-05 5.4978741626994e-05 998.06481662007 997.22422155178 1.283495907613 1.2786013042974 0.46996300033636 0.47041099065499 0.15785401950891 0.1569476489986 0.33588605782995 0.33363941769317
6 8 2 23.997462242788 7.8903085725216e-05 7.8903085725216e-05 5.5207062799199e-05 5.8315220661303e-05 997.26723472636 996.96838033517 1.2529688158666 1.2457033366881 47.955524555861 47.898637415907 71.906617978911 71.897674129546 30.96541254667 30.637167316626 96.646288926271 96.102574460482
7 7 2 24.10598095927 7.9723954701482e-05 7.9723954701482e-05 6.4865410798042e-05 5.456966619346e-05 997.83107486642 997.31830600169 1.3183772685002 1.2733134606034 0.0 0.0 0.0 0.0 - -
8 10 2 24.214870867085 8.0528515022589e-05 8.0528515022589e-05 4.8596621242018e-05 5.1689376485362e-05 997.2382901125 997.6956094597 1.3054054711838 1.2803105959447 13781.751714764 0.0 0.001109824 0.0 6351.6382967762 0.0 0.000511488 0.0 20133.390011541 0.0 0.001621312 0.0
9 19 2 24.323454912416 8.2365956837011e-05 8.2365956837011e-05 5.4923473406738e-05 6.2883456178204e-05 997.24631479421 997.47233382846 1.2828166331605 1.2498987006672 0.0 0.0 0.0 0.0 0.0 0.0 0.0 0.0 0.0 0.0 0.0 0.0 0.0 0.0 0.0 0.0 17577.747598622 0.0 0.001447808 0.0 8963.7033108349 0.0 0.000738304 0.0 26541.450909457 0.0 0.002186112 0.0 0.0 0.0
10 9 2 24.432973147412 8.1117438681058e-05 8.1117438681058e-05 5.4744078200005e-05 5.6832945114764e-05 997.40832830642 997.38263173006 1.2724334000211 1.2498530510585 0.0 0.0 0.0 0.0 0.0 0.0 0.0 0.0 - -
11 7 2 24.54118314377 8.1139183554601e-05 8.1139183554601e-05 5.4919849261147e-05 5.6798515731654e-05 997.18051112939 997.10880487367 1.275618969454 1.2720724011282 86922.0 90138.0 121498.0 125996.0 121357.0 125842.0
12 10 2 24.65032621537 8.128596145102e-05 8.128596145102e-05 5.6662157253809e-05 5.9208572549376e-05 997.35964515047 997.43115213991 1.2574344023324 1.2475230513716 6.0 6.0 6.0319694380215e-05 5.7270488517267e-05 49.333333333333 23.666666666667 71.0 75.0 0.00071378305016588 0.00071588110646584 34.422535211268 42.28
13 9 2 24.759468158954 8.1829583289606e-05 8.1829583289606e-05 4.944421829201e-05 5.9487631759849e-05 997.24454190415 997.37373778982 0.0 0.0 1.3202211174414 1.2489442647898 0.0145263671875 0.0 177.51975023616 0.0 0.00225830078125 0.0 27.597608229991 0.0
14 10 2 24.865968463723 8.1586765535038e-05 8.1586765535038e-05 5.4605907649365e-05 5.6779035949105e-05 997.29239437777 997.42803876242 1.2598693493598 1.2684444894241 6849.7383899844 7070.9507383554 0.000558848 0.000576896 3196.5968780561 3682.9502680917 0.0002608 0.00030048 10046.335268041 10753.901006447 0.000819648 0.000877376
15 19 2 24.973575764669 8.1370222836001e-05 8.1370222836001e-05 5.4985536899976e-05 6.3458789290706e-05 997.34747666111 997.63492801492 1.2870715982355 1.233467763239 0.01495361328125 0.0 183.77254922097 0.0 0.0023193359375 0.0 28.503497430191 0.0 0.0 0.0 0.0 0.0 0.0 0.0 0.0 0.0 18073.63859583 0.0 0.001470656 0.0 8098.0975230716 0.0 0.000658944 0.0 26171.736118901 0.0 0.0021296 0.0 0.0 0.0
16 13 2 25.081426688836 8.106670064279e-05 8.106670064279e-05 4.9143867226192e-05 6.318471328042e-05 997.64521640853 997.17398909602 1.3057100214246 1.2310455612632 204.0 204.0 0.0 0.0 0.0 0.0 0.000244140625 0.0 3.0116018422382 0.0 0.0 0.0 0.0 0.0 0.0 0.0 0.0 0.0
17 9 2 25.189275770125 8.0724218884481e-05 8.0724218884481e-05 5.4214952943784e-05 5.7152775963131e-05 997.72113064925 997.70610000888 1.2591801519328 1.262989288217 0.1829612171461 0.18292121333467 0.0 0.0 0.0 0.0 0.0 0.0 0.0 0.0
18 8 2 25.297300067075 8.1734449467854e-05 8.1734449467854e-05 5.3159420540533e-05 5.5262331019455e-05 997.70949086457 997.24523301335 1.2642210730446 1.2597147784421 0.090928679163973 0.090925989033118 0.0 0.0 0.0 0.0 10.997630331754 10.997955706985
19 5 2 25.407338849882 8.1668308810826e-05 8.1668308810826e-05 5.298772664318e-05 5.5313975094121e-05 997.31435166797 997.49745872673 1.2774652963598 1.2729992910463 6.1428571428571 6.6153846153846
20 6 2 25.517005152971 8.1842267799173e-05 8.1842267799173e-05 5.3009924534922e-05 5.5843100350343e-05 997.37771758314 997.19306563001 1.2944423549194 1.2670785107826 0.0 0.0 - -
21 7 2 25.627492973758 8.2375923237385e-05 8.2375923237385e-05 5.7450861937955e-05 5.9557849580667e-05 996.99480227751 996.97302628851 1.2711417603015 1.2511443770877 51.11182955101 51.926309624322 48.88817044899 48.073690375678 3.8812445223488 3.815163588072
22 7 2 25.736546109467 7.9222010537187e-05 7.9222010537187e-05 5.3922303187346e-05 5.6218652437164e-05 997.53458219347 997.50933931725 1.2608469980086 1.2470155552876 0.0078056954202716 0.0075479123214356 0.0007797400313555 0.00064538979182244 0.099893730074389 0.085505735140772
23 9 2 25.845622610948 7.9180332862895e-05 7.9180332862895e-05 5.3527271317975e-05 5.588251293364e-05 997.19276685944 997.22442088619 1.3056166366479 1.2588631493009 0.0 0.0 0.0 0.0 0.0 0.0 0.0 0.0 - -
24 6 2 25.953952064581 7.950559992965e-05 7.950559992965e-05 5.1981573223601e-05 5.4710554853293e-05 997.51908111767 997.4838139249 1.2949879806336 1.2597031427648 0.0 0.0 0.0 0.0
25 13 2 26.062164317875 7.9331640941302e-05 7.9331640941302e-05 5.5976287700796e-05 5.8709346494277e-05 997.21788398107 997.58823471105 1.2636191644935 1.2472186934596 0.7913776777838 0.80178400567919 494252.0 518384.0 89328.0 94860.0 33302.0 30889.0 352.0 344.0 6.7378584204009 5.9587101453749 0.11168391832506 0.094331615173308 18.073371478517 18.299175900491 75.077086182757 75.647782338961
26 7 2 26.170575537668 8.0219556610993e-05 8.0219556610993e-05 5.6012076138502e-05 5.8916375811137e-05 997.51992882215 997.26674042842 1.281051846326 1.2717627271127 17.8749939341 18.011887461266 82.1250060659 81.988112538734 6.4059680777238 6.3175731721768
27 12 2 26.284481798449 8.3109812719477e-05 8.3109812719477e-05 5.7368865643968e-05 6.0172595276465e-05 997.53292313158 997.49047059076 1.2584918410749 1.2486228355487 61279.0 63939.0 76.948057246365 78.578019675003 34.548540282968 34.894196030592 93.61934757421 92.675831652043 48.389491222944 48.137412855917 37.234773407456 37.82542574496 16.717862867882 16.797163205999 45.3019259774 44.611747699998
1 7 2 26.393420389412 8.2044313915848e-05 8.2044313915848e-05 5.7256064112462e-05 5.952976245234e-05 997.20843873706 997.13315881636 1.2409960331487 1.2539434133308 28.842928126088 28.768634852025 71.157071873912 71.231365147975 7.7696760259179 7.8903312821377
2 10 2 26.502938236625 8.0768614667965e-05 8.0768614667965e-05 5.2508433388829e-05 5.5015889119297e-05 997.867704326 997.5563872497 1.2780117758617 1.2769897267116 6561.7567192248 6870.7876479167 0.000529984 0.000554944 6382.6772579828 6708.3483136043 0.00051552 0.000541824 12944.433977208 13579.135961521 0.001045504 0.001096768
3 5 2 26.612249539251 8.2087803662935e-05 8.2087803662935e-05 5.3407674513486e-05 5.5722144491258e-05 997.42056050873 997.38706491927 1.2691541699411 1.2612614460179 0.9988749740948 0.99878743443686
4 6 2 26.721333355164 7.9720330555891e-05 7.9720330555891e-05 5.2467208732736e-05 5.4740454054415e-05 997.08427297447 997.68549934497 1.2507640636306 1.2724161533196 0.0 0.0 0.0 0.0
5 7 2 26.830739753558 7.9693149463962e-05 7.9693149463962e-05 5.218905555866e-05 5.4615874049739e-05 997.52499485827 997.13057712642 1.299672833935 1.2521551276459 0.47576714801444 0.46653580108431 0.15692689530686 0.15804615608317 0.32983970406905 0.33876533315523
6 8 2 26.939216874815 7.9795531576896e-05 7.9795531576896e-05 5.5737094091819e-05 5.8320656879689e-05 997.31760672921 997.70541544372 1.2713642093951 1.259223756798 48.958426464014 48.296540260063 70.644938432153 69.968463080054 28.137521843378 28.608491665243 96.001137887593 95.793005950069
7 7 2 27.048369604762 8.1532403351179e-05 8.1532403351179e-05 5.264207375748e-05 5.5598017504781e-05 996.83068360206 997.52508872109 1.2823248987519 1.2689130367353 0.0 0.0 0.0 0.0 - -
8 10 2 27.157748946192 8.9383208736763e-05 8.9383208736763e-05 5.4338173893863e-05 5.890006715598e-05 997.56245749651 997.62835273244 1.3141708300465 1.3012370143518 14928.978483306 0.0 0.0013344 0.0 6726.9905443962 0.0 0.00060128 0.0 21655.969027702 0.0 0.00193568 0.0
9 19 2 27.26933895029 8.212404511884e-05 8.212404511884e-05 5.5357011823009e-05 6.3157079170291e-05 997.25490955859 997.33222840429 1.2495756212292 1.2341235415966 0.0 0.0 0.0 0.0 0.0 0.0 0.0 0.0 0.0 0.0 0.0 0.0 0.0 0.0 0.0 0.0 18103.345954873 0.0 0.00148672 0.0 8562.266982617 0.0 0.000703168 0.0 26665.61293749 0.0 0.002189888 0.0 0.0 0.0
10 9 2 27.377594542024 8.2109548536478e-05 8.2109548536478e-05 5.4955184680655e-05 5.7440442519382e-05 997.48014275 997.46763355457 1.2817129091562 1.2643718277275 0.0 0.0 0.0 0.0 0.0 0.0 0.0 0.0 - -
11 7 2 27.485876459551 8.1927435220552e-05 8.1927435220552e-05 5.5135032905587e-05 5.7499334885229e-05 997.32668718365 997.5091576509 1.2726227074053 1.2641554535223 87483.0 91747.0 122238.0 128253.0 122119.0 128186.0
12 10 2 27.595182128442 8.1034083332475e-05 8.1034083332475e-05 5.6399406698494e-05 5.9077650289917e-05 997.37524164066 997.44640555217 1.2572406689287 1.2451448431264 2.0 3.0 2.0197123929552e-05 2.8643993354594e-05 24.5 63.333333333333 72.0 75.0 0.00072709646146389 0.00071609983386484 39.930555555556 40.173333333333
13 9 2 27.703509699331 8.0788547468713e-05 8.0788547468713e-05 4.9301517559382e-05 5.9035972615626e-05 997.40495177091 997.37861479399 0.0 0.0 1.320451843044 1.2528312407468 0.0 0.0 0.0 0.0 0.0 0.0 0.0 0.0
14 10 2 27.814036107303 7.9423150617464e-05 7.9423150617464e-05 5.4140204940978e-05 5.6409826117066e-05 997.3852034424 997.22653635624 1.2706260100366 1.2472204972055 6920.2996321219 7346.5733286045 0.000549632 0.000583488 3481.9066965998 3533.4785615807 0.000276544 0.00028064 10402.206328722 10880.051890185 0.000826176 0.000864128
15 19 2 27.923309703412 8.0954352129482e-05 8.0954352129482e-05 5.4730034635842e-05 6.2567702493627e-05 997.15246194943 997.54260708585 1.2610724313942 1.2352472945175 0.015625 0.0 193.01000612059 0.0 0.00238037109375 0.0 29.403868119934 0.0 0.0 0.0 0.0 0.0 0.0 0.0 0.0 0.0 18129.327965624 0.0 0.001467648 0.0 8335.7593785775 0.0 0.000674816 0.0 26465.087344202 0.0 0.002142464 0.0 0.0 0.0
16 13 2 28.032887809294 8.169730197555e-05 8.169730197555e-05 4.9508546876243e-05 6.386424057865e-05 997.40253592334 997.20117904785 1.317524232049 1.225379413452 204.0 204.0 0.0 0.0 0.0 0.0 0.00030517578125 0.0 3.7354450376015 0.0 0.0 0.0 0.0 0.0 0.0 0.0 0.0 0.0
17 9 2 28.1460640693 8.3049108280835e-05 8.3049108280835e-05 5.5800516639654e-05 5.7918829737336e-05 997.44152159907 997.59791501008 1.2773779400174 1.2635995255979 0.18306923300286 0.1829412927456 0.0 0.0 0.0 0.0 0.0 0.0 0.0 0.0
18 8 2 28.25590090656 8.1700926121141e-05 8.1700926121141e-05 5.2512510552618e-05 5.5405031752084e-05 997.22955715601 997.10253557534 1.2887972248783 1.2724416330268 0.090925262947233 0.09093179075284 0.0 0.0 0.0 0.0 10.998043531426 10.997254004577
19 5 2 28.364908367162 8.0030195003885e-05 8.0030195003885e-05 5.2610815501762e-05 5.4802517547653e-05 997.66554221499 997.44370882894 1.2749928638869 1.2683295064951 5.4285714285714 6.3846153846154
20 6 2 28.465272054793 0.00083533112924456 0.00083533112924456 0.00043162667947172 0.00043519238571463 1097.1722306077 1097.1789177884 1.4330945293687 1.4337710834203 0.0 0.0 - -
21 7 2 28.566044550576 7.9975832820027e-05 7.9975832820027e-05 5.9984139705756e-05 6.2387854268695e-05 1097.0306251533 1097.4131707771 1.3300987453415 1.3262582099039 49.203232384261 49.456127102152 50.796767615739 50.543872897848 4.1067285382831 4.1295087802563
22 7 2 28.667062509741 9.1675480822802e-05 9.1675480822802e-05 6.067363340436e-05 6.4640260753228e-05 1096.7641784697 1096.9585200601 1.3388514020093 1.3573433026074 0.0081692959552213 0.0087356390261325 0.00077393330102097 0.00092267396868861 0.094736842105263 0.10562180579216
23 9 2 28.768240531107 7.9627914843331e-05 7.9627914843331e-05 5.8260405459246e-05 6.0694925259705e-05 1097.3345694392 1097.1490597258 1.3360309165896 1.3378367583328 0.0 0.0 0.0 0.0 0.0 0.0 0.0 0.0 - -
24 6 2 28.869232492463 7.9212950173211e-05 7.9212950173211e-05 5.2215783632391e-05 5.4478609535497e-05 997.31604283012 997.37494810753 1.2843135070087 1.280965061781 0.0 0.0 0.0 0.0
25 13 2 28.979808973442 8.0285697268021e-05 8.0285697268021e-05 5.6429758917814e-05 5.8273089968813e-05 997.24605406063 997.53608008374 1.2680721971679 1.2293613930462 0.78859863202852 0.81343045719217 498256.0 514532.0 89698.0 95522.0 32116.0 31945.0 344.0 328.0 6.445682540702 6.2085545699782 0.096536720079638 0.087652468651124 18.002392344498 18.564831730582 75.455388394721 75.138961230788
26 7 2 29.089335527665 8.169730197555e-05 8.169730197555e-05 5.6504053902421e-05 5.8948540103254e-05 997.22805213932 997.49239001649 1.2613439854376 1.2469956875898 18.148290680521 18.352494543666 81.851709319479 81.647505456334 6.2845183133272 6.2330888823702
27 12 2 29.204130783205 8.4070211300979e-05 8.4070211300979e-05 5.7721766820849e-05 6.0468869178494e-05 997.77295887664 997.09648443847 1.2647125969011 1.2519931716285 61452.0 64307.0 78.95918765866 78.150123625733 36.011846644536 36.800037320976 94.496517607238 92.056852286687 48.229421736674 48.177255019479 38.081559615747 37.650584357207 17.368305393357 17.72924782739 45.575124003265 44.350464489062
1 7 2 29.313147528867 8.1196263847653e-05 8.1196263847653e-05 5.6548449685905e-05 5.9289662806965e-05 997.67913500193 997.21130762067 1.2717103386446 1.2320502320502 28.49005816096 28.901182025872 71.50994183904 71.098817974128 8.3329910380881 7.8964697895451
2 10 2 29.420940780194 7.8033290783478e-05 7.8033290783478e-05 5.542949473482e-05 5.8394498846097e-05 1097.0734005633 1097.1291000365 1.3375310180479 1.3414192501015 6858.2010911849 7186.2661995889 0.000535168 0.000560768 6663.8225144556 6973.0238791263 0.00052 0.000544128 13522.02360564 14159.290078715 0.001055168 0.001104896
3 5 2 29.521302741825 0.00073860811965049 0.00073860811965049 0.00038412409717985 0.0003871017858007 1097.1070568464 1097.09244423 1.4286373791528 1.4296290471538 0.99984709763511 0.99981136155549
4 6 2 29.621672497182 0.0011443710841169 0.0011443710841169 0.00058548072015497 0.00058820607763907 1097.1344410479 1097.1563200582 1.4435207430714 1.441036858969 0.0 0.0 0.0 0.0
5 7 2 29.722036381422 0.00066789197881438 0.00066789197881438 0.00034879184879928 0.00035230273984014 1097.1916397064 1097.2225398494 1.4369387023807 1.4317678032256 0.47967943980351 0.47172656307534 0.16521279851888 0.1651373444289 0.34442334778109 0.35007005616202
6 8 2 29.822514353766 0.0015992267247533 0.0015992267247533 0.00081770056697929 0.00082205180677896 1097.1450214638 1097.1464996947 1.4439551279436 1.4431063578685 53.382537232563 53.076940457211 77.292707060254 77.63763142624 36.534726200356 37.730345512068 96.938015718507 97.286911630096
7 7 2 29.927687372293 8.0152509917567e-05 8.0152509917567e-05 5.2474004005718e-05 5.4657098705832e-05 997.57134734353 997.19573800223 1.2747562344551 1.2712148351069 0.0 0.0 0.0 0.0 - -
8 10 2 30.035816827451 8.058197117005e-05 8.058197117005e-05 4.872618444688e-05 5.1795382743886e-05 997.19250923771 997.56046149003 1.3115031946544 1.2898545819655 14701.055121872 0.0 0.00118464 0.0 6515.7999038269 0.0 0.000525056 0.0 21216.855025699 0.0 0.001709696 0.0
9 19 2 30.149043243821 8.166649673803e-05 8.166649673803e-05 5.5377850660154e-05 6.247438074467e-05 997.29110592359 997.55617923272 1.2773191782826 1.2561895392687 0.0 0.0 0.0 0.0 0.0 0.0 0.0 0.0 0.0 0.0 0.0 0.0 0.0 0.0 0.0 0.0 17904.625010308 0.0 0.001462208 0.0 9049.0963800075 0.0 0.000739008 0.0 26953.721390316 0.0 0.002201216 0.0 0.0 0.0
10 9 2 30.257002208298 8.125878035909e-05 8.125878035909e-05 5.4772165328332e-05 5.717995705506e-05 997.23396953808 997.52303264292 1.2589418661558 1.2617457715223 0.0 0.0 0.0 0.0 0.0 0.0 0.0 0.0 - -
11 7 2 30.365313938953 8.1800590124882e-05 8.1800590124882e-05 5.4503072518233e-05 5.7562757433063e-05 997.13346548682 997.30277098063 1.2614124850594 1.2594659424312 87240.0 92227.0 121915.0 128910.0 121792.0 128803.0
12 10 2 30.474650749221 7.8430134725646e-05 7.8430134725646e-05 5.5067080175764e-05 5.7896631845594e-05 997.11914218165 997.21557699289 1.2629457235475 1.2464961132948 2.0 0.0 2.0779652564209e-05 0.0 23.5 - 68.0 74.0 0.00070650818718311 0.00072174701791688 37.426470588235 40.364864864865
13 9 2 30.584059687235 8.7639994707696e-05 8.7639994707696e-05 5.2959639514853e-05 6.1671632496361e-05 997.49465810603 997.67167951191 0.0 0.0 1.5022359290671 1.3311983572092 0.01458740234375 0.0 166.44686472658 0.0 0.00225830078125 0.0 25.767924664784 0.0
14 10 2 30.693977543176 8.1256968286295e-05 8.1256968286295e-05 5.4629464595704e-05 5.6953900973849e-05 997.3787018553 997.19242648721 1.2824630437095 1.2803197718825 6755.4575512336 7056.3302088728 0.000548928 0.000573376 3222.1728858688 3562.4267814188 0.000261824 0.000289472 9977.6304371024 10618.756990292 0.000810752 0.000862848
15 19 2 30.803417150522 8.1190827629267e-05 8.1190827629267e-05 5.5281357783806e-05 6.3489594528225e-05 997.24880540465 997.52703691768 1.2768546615047 1.2335343044492 0.0 0.0 0.0 0.0 0.0 0.0 0.0 0.0 0.0 0.0 0.0 0.0 0.0 0.0 0.0 0.0 18722.114854413 0.0 0.001520064 0.0 7648.5487108909 0.0 0.000620992 0.0 26370.663565304 0.0 0.002141056 0.0 0.0 0.0
16 13 2 30.914322674021 8.2355990436637e-05 8.2355990436637e-05 4.9615912189363e-05 6.3749173956149e-05 997.668095925 997.46292743412 1.2910271824976 1.2224065741239 204.0 204.0 0.0 0.0 0.0 0.0 0.00030517578125 0.0 3.7055687100842 0.0 0.0 0.0 0.0 0.0 0.0 0.0 0.0 0.0
17 9 2 31.023422230505 8.1565020661494e-05 8.1565020661494e-05 5.4725051435655e-05 5.7289587459175e-05 997.74811587362 997.4642975458 1.2999139136985 1.2756801468734 0.18301947702572 0.18285535593596 0.0 0.0 0.0 0.0 0.0 0.0 0.0 0.0
18 8 2 31.137167379893 8.2240923814136e-05 8.2240923814136e-05 5.3307557491547e-05 5.542949473482e-05 996.95695990793 997.20394697945 1.2569243422809 1.2749268008044 0.090921714609214 0.090923299746799 0.0 0.0 0.0 0.0 10.998472744361 10.998280999312
19 5 2 31.245450068457 8.0823882888221e-05 8.0823882888221e-05 5.2440933677204e-05 5.4817014130015e-05 997.30062349208 997.02231794412 1.285211502165 1.2598546529788 6.5 5.6428571428571
20 6 2 31.354628354973 8.0877339035682e-05 8.0877339035682e-05 5.2942424823298e-05 5.5675483616779e-05 996.81593297739 997.56325371583 1.2786494234009 1.2818402745184 0.0 0.0 - -
21 7 2 31.463058755557 8.1939213693721e-05 8.1939213693721e-05 5.6833851151162e-05 5.9030083379041e-05 997.39853210202 997.27911954784 1.2612699561668 1.2420550948432 51.578242571101 52.517190569745 48.421757428899 47.482809430255 3.6639324487334 3.6016066127248
22 7 2 31.572245052341 8.0805762160269e-05 8.0805762160269e-05 5.4600471430979e-05 5.6553432886092e-05 997.19311026211 997.43479638691 1.2838851250586 1.2494945450906 0.0076409105696482 0.0076669201401682 0.00068401164488117 0.00057227522518638 0.089519650655022 0.074642126789366
23 9 2 31.681310329844 8.1011432422534e-05 8.1011432422534e-05 5.5200267526217e-05 5.6987424320562e-05 997.48469030994 997.77937886239 1.2556160092329 1.2559154170244 0.0 0.0 0.0 0.0 0.0 0.0 0.0 0.0 - -
24 6 2 31.789848403793 8.1314048579347e-05 8.1314048579347e-05 5.3155343376744e-05 5.5314881130518e-05 996.9264306899 997.17427624335 1.2932436900694 1.2935050902041 0.0 0.0 0.0 0.0
25 13 2 31.901928880729 8.3049108280835e-05 8.3049108280835e-05 5.728777538638e-05 6.0020834179861e-05 997.10496828432 997.47228647875 1.2611370957287 1.2564104995638 0.79293520378307 0.7959182133126 505832.0 529964.0 91554.0 96263.0 32715.0 32634.0 328.0 336.0 6.4675623527179 6.1577767546475 0.090741590093153 0.086987040629175 18.099685270999 18.164063974157 75.34201078619 75.591172230567
26 7 2 32.005505379768 8.0777675031942e-05 8.0777675031942e-05 6.0283584735176e-05 6.2894781633175e-05 1097.5800964427 1097.2200145538 1.324168607081 1.3177827345641 17.287763675031 17.367378542875 82.712236324969 82.632621457125 6.8959338387319 6.8320033349214
27 12 2 32.106279141285 7.6906181504809e-05 7.6906181504809e-05 0.0 0.0 - - - - 0.0 0.0 - - - - - - - - - - - - - -
