1 7 1 0.10086102313729 0.10087188350872 0.001453098492943 2170.2468443179 1.4812526461543 31.801868578592 68.198131421408 10.049292443081
2 10 1 0.20118969240852 0.076140927232415 1.2928905765344e-05 1121.1643684561 4.6018055779462 1.0414372779826 7.9296e-05 0.089097943071961 6.784e-06 1.1305352210546 8.608e-05
3 5 1 0.30156857810232 0.072884306851471 1.3032626887091e-05 1122.8081942613 4.74114351623 1.9704749679076
4 6 1 0.40192434712096 0.073037532388783 1.3797173845644e-05 1379.313523107 5.8738912456614 0.0 0.0
5 7 1 0.50228772446886 0.074627113384153 1.4243763479017e-05 1221.1949668511 4.8493446414803 0.4757131842714 0.19768696993061 0.41555915721232
6 8 1 0.60237911333041 0.07353053110957 1.6512493168231e-05 2192.7467830263 7.0298881604319 84.526976986587 47.294072468936 45.116164248293 58.896782510903
7 7 1 0.70253256365721 0.07593733127611 1.5103425876727e-05 1633.157673395 6.4300038565368 43.0 0.0082915541843425 73.953488372093
8 10 1 0.80276668999364 0.075947419853689 1.2681605623537e-05 1108.7926702565 5.3989587350559 620.34834219205 0.047113856 12.402685987419 0.000941952 632.75102817947 0.048055808
9 19 1 0.90315677847444 0.07322043937828 1.3296685463416e-05 1138.1551655322 4.4915850673195 0.83392333984375 11.3892151826 0.0455322265625 0.62185131568613 9.5601720768648e-05 0.0 0.0 9.5601720768648e-05 537.54695183754 0.039359424 8.4872476220669 0.00062144 546.03419945961 0.039980864 1.7508376007082e-07
10 9 1 1.0035241180598 0.073071980483261 1.2553426246007e-05 1099.3997350668 5.3443887389125 9.5795952890636e-05 0.0 0.0 9.5795952890636e-05 0.0
11 7 1 1.1035816412957 0.046401778928297 0.014985875875988 2194.1437477275 0.61805639498965 53463842.0 67907436.0 61686135.0
12 10 1 1.2036409527018 0.067009525304402 0.021704809663193 2194.9467172887 0.61775819371221 44.0 5.6721398734223e-07 74.272727272727 189289.0 0.0024401674647733 30.278896290857
13 9 1 1.3036987187086 0.066650102177058 0.021584910764037 2194.6717709152 0.0 0.61803570432301 1.0587158203125 15.884684129966 0.068603515625 1.0293084839203
14 10 1 1.4037548496356 0.078781104452189 0.025523015149332 2194.764409844 0.61771502357269 4.606993041336 0.000362944 4.2852915346583 0.0003376 9.5064419978335 0.000748928
15 19 1 1.5038222295486 0.066387535554338 0.021564630340687 2194.6523096863 0.61702807960609 1.0576171875 15.930960212167 0.0682373046875 1.0278631992846 0.0 0.0 0.0 0.0 811.98664101454 0.053905792 2350.7333221048 0.156059392 3162.7199631193 0.209965184 0.0
16 13 1 1.6038817837256 0.066285399689911 0.044113175094837 2194.9804122897 0.796352141632 208.0 1.0928955078125 16.487725998865 0.27886962890625 4.2071048860055 0.0 0.0 0.1341552734375 2.0239038169052
17 9 1 1.70393017135 0.066114704616941 0.065617381767542 2194.7263105267 0.87200307999248 0.18188134943281 5.1162265833018e-06 2.812947341361e-05 6032.0 3.6307151471149e-05
18 8 1 1.8039836508209 0.066225842025357 0.065723474434238 2194.7266706209 0.87062526788709 0.09091262920124 8.0998363509064e-07 8.9094732184865e-06 10.999571883313
19 5 1 1.904023757967 0.066027408572745 0.065522532198684 2194.7279303668 0.87091898655726 6.2305084745763
20 6 1 2.0040697178831 0.066100954547884 0.065591024826421 2194.7272778119 0.87413879065988 1.0 8.0
21 7 1 2.1041231864837 0.065980903464027 0.065475237631821 2194.7324127101 0.87511148722904 61.404171270465 38.595828729535 5.4924407508197
22 7 1 2.2041732490457 0.065673627149735 0.065160057224533 2194.7282570214 0.87636439420928 0.012425400958184 0.0043252463661295 0.34809712625658
23 9 1 2.3042205288017 0.065695892315249 0.065193743489637 2194.7244138016 0.87155721542948 0.0 0.0 0.0 0.0 -
24 6 1 2.4042656218085 0.065559751322532 0.06504060400915 2194.7285302691 0.87105883401698 0.0 0.0
25 13 1 2.5043071058638 0.065476011689899 0.064976060483861 2194.7268643588 0.87155313684832 1.1473769730394 573827880.0 149643027.0 75968.0 14148.0 0.013238813004345 0.0054587797302564 26.078033538559 73.903268868707
26 7 1 2.6043586467915 0.065476119487397 0.064972524907109 2194.7277669724 0.87543177666701 25.968531263103 74.031468736897 8.1275546908411
27 12 1 2.7044109649482 0.0654588148185 0.064959273061781 2194.7292752982 0.87172214298594 54979117.0 88.958022006792 69.597965714873 96.251533104833 38.334369707368 34.101497040446 26.679941485947 36.897418549417
1 7 1 2.8044553849001 0.065118372203505 0.06461769993185 2194.7332785612 0.87083242935575 36.506301028097 63.493698971903 9.8607192756625
2 10 1 2.9044954132362 0.06533283577813 0.064834697653533 2194.7286280611 0.87050956928377 14684.421708833 0.959374912 14611.018374309 0.954579264 29295.440083143 1.913954176
3 5 1 3.004538651039 0.065056330667197 0.064559809052134 2194.7268271579 0.87071570517895 1.000011658609
4 6 1 3.104578556178 0.065271026142321 0.064771478950433 2194.7297408837 0.87156112139783 0.0 0.0
5 7 1 3.2046251927724 0.065163715092143 0.064659935716142 2194.7243387931 0.87435338301237 0.46643033443102 0.14574996864623 0.31247960925188
6 8 1 3.3046754183895 0.064893821863024 0.06439579017713 2194.7286649932 0.87135174478021 38.266654251992 84.617026731633 53.805199680081 98.407948034822
7 7 1 3.4047183581639 0.065024190707376 0.064524190584823 2194.7255715807 0.8709403048543 58.0 3.5458922953067e-07 50.310344827586
8 10 1 3.5047565530367 0.064869484992658 0.064377324646944 2194.72472605 0.87137292425069 15142.516271112 0.982287232 7299.2544962179 0.47349888 22441.77076733 1.455786112
9 19 1 3.6048056771264 0.064936131927944 0.064437347471289 2194.7346805527 0.87211890424199 1.1240234375 17.309676510256 0.19439697265625 2.9936641879433 0.00010779822869289 0.0 0.0 0.00010779822869289 15145.536310837 0.983492544 7299.7875593513 0.474019968 22445.323870189 1.457512512 4.8027031962797e-09
10 9 1 3.7048557514646 0.064760035203891 0.064261621697448 2194.7285864734 0.87486148501384 0.00010809135569431 0.0 0.0 0.00010809135569431 0.0
11 7 1 3.8049058167442 0.064843262119014 0.064341729279097 2194.7284924607 0.87402728667125 147785218.0 206885018.0 206865263.0
12 10 1 3.9049581874409 0.064706413648601 0.064211357264229 2194.7222592517 0.87167366607058 1340.0 8.2390776699328e-06 72.699253731343 132131.0 0.00081241609821335 34.540183605664
13 9 1 4.005002389986 0.064908605519852 0.064412295876338 2194.727924975 0.0 0.87108201411827 1.1088256835938 17.082876372296 0.19378662109375 2.9855304938646
14 10 1 4.1050481723533 0.065011246854899 0.064503475348036 2194.7211999895 0.87188848820738 14648.456660515 0.952314432 7308.1223170572 0.475110144 21957.356689159 1.427475136
15 19 1 4.2050979033701 0.064823361251558 0.064324951821491 2194.7242011064 0.87100718829779 1.1140747070312 17.186315018561 0.19329833984375 2.9819240488567 0.0 0.0 0.0 0.0 15133.99486017 0.981036416 7300.0497176259 0.47321376 22434.044577796 1.454250176 0.0
16 13 1 4.3051440979042 0.065025576675204 0.064525333328885 2194.7292175856 0.87032689701099 208.0 1.1183471679688 17.198573625187 0.2857666015625 4.394680003991 0.0 0.0 0.19378662109375 2.9801599770763
17 9 1 4.4051963472155 0.064966844250317 0.06446505052234 2194.7273431045 0.87523040722846 0.18188760527732 4.9563827251343e-06 2.7249700261749e-05 10261.0 6.3098564693056e-05
18 8 1 4.5052492831696 0.072861697458653 0.072296729414831 2194.7263053446 0.88075977222634 0.09091223859643 6.786965688677e-07 7.4654037712185e-06 10.999619143019
19 5 1 4.6053020107757 0.064365893129533 0.063827533856225 2194.7248550156 0.87764841085742 6.2081967213115
20 6 1 4.7053475395018 0.064949709883349 0.064449533117837 2194.7222414091 0.87186644375104 1.0 8.0
21 7 1 4.805393877162 0.064980768244748 0.064481264987132 2194.7251507863 0.87203378384913 61.662467786307 38.337532213693 5.3779754772667
22 7 1 4.9054368441123 0.065177713367203 0.064678733697434 2194.7240804004 0.8711518721672 0.012471410023322 0.0043164617010161 0.34610855492236
23 9 1 5.0054816363731 0.064918106193432 0.064419270555612 2194.7242285375 0.87510703362936 0.0 0.0 0.0 0.0 -
24 6 1 5.1055299805162 0.064997376306286 0.064496805491098 2194.7225781521 0.87208184299426 0.0 0.0
25 13 1 5.2055762583896 0.064956579029779 0.064448102309874 2194.7299400869 0.88143422270371 1.1345146061298 569165284.0 146763888.0 100632.0 16120.0 0.01768062860278 0.0061992537127405 25.785811630774 74.19030848691
26 7 1 5.3056269731718 0.06481990357888 0.064322775036727 2194.7304885097 0.87204631931479 26.068130535689 73.931869464311 8.0779315201942
27 12 1 5.4056757041176 0.06509849217086 0.064600743566632 2194.7229286194 0.87136532908475 54633914.0 89.012246129757 69.514805400909 96.300142435338 38.305092952467 34.096223619082 26.627710824545 36.887859073214
1 7 1 5.5057206231991 0.065060739494268 0.064561435526143 2194.7229772073 0.87106171269766 36.51758491207 63.48241508793 9.8593634727206
2 10 1 5.6057661392431 0.065081221018832 0.064578606127565 2194.7293523436 0.87642922039754 14583.559207123 0.94911584 14511.070831426 0.944398208 29094.630038549 1.893514048
3 5 1 5.7058135693721 0.064707863026722 0.064211217761585 2194.7245700518 0.87193205523646 1.0000117382777
4 6 1 5.8058534310297 0.064924260615276 0.064427734470905 2194.7246994526 0.87100627716186 0.0 0.0
5 7 1 5.90589305354 0.064802947666593 0.064307856859491 2194.7260355898 0.87028318518967 0.46656132756542 0.14604639008044 0.31302720875417
6 8 1 6.005937883847 0.065066809671008 0.064567217186052 2194.7223851129 0.87034716271858 38.251863282869 84.697772164136 53.898651031998 98.411314234011
7 7 1 6.1059792945275 0.065031983832357 0.064533190770021 2194.7245574325 0.87180445778913 55.0 3.3653509353996e-07 57.2
8 10 1 6.2060227515487 0.064901657563487 0.064402281579387 2194.7282605716 0.87467618439293 15160.433753753 0.98393728 7402.5272394628 0.480436288 22562.960993216 1.464373568
9 19 1 6.3060585250542 0.064873528757614 0.064375079469649 2194.7216157035 0.87140506572865 1.11083984375 17.123160478913 0.19384765625 2.9880855868696 0.00010790225434096 0.0 0.0 0.00010790225434096 15140.83347724 0.982239296 7295.3061913478 0.473272256 22436.139668588 1.455511552 4.8093056976301e-09
10 9 1 6.4060633742658 0.076935415625348 0.076331284025945 2194.7193038918 0.87156504375749 9.0985405656192e-05 0.0 0.0 9.0985405656192e-05 0.0
11 7 1 6.5060690459994 0.064836455477015 0.064339759936576 2194.719247024 0.87082298938659 148320762.0 207635762.0 207619295.0
12 10 1 6.6060801112314 0.06464824557532 0.064149292628457 2194.721762768 0.87252202041369 1363.0 8.3967670167599e-06 73.360968451944 132069.0 0.00081361160905096 34.202613785218
13 9 1 6.7060869877606 0.077007101867186 0.076414133196896 2194.7218362282 0.0 0.87796317450894 1.3981323242188 18.155888097569 0.23223876953125 3.0158097616995
14 10 1 6.806093229281 0.064865835277379 0.064368744328471 2194.7287598619 0.87464098857569 14604.491562454 0.947332544 7286.1381955382 0.47262144 21891.43091934 1.420005952
15 19 1 6.9061002987586 0.065041136655188 0.064541766106257 2194.7231821344 0.87153556211185 1.1157836914062 17.155046002986 0.19415283203125 2.9850774758218 0.0 0.0 0.0 0.0 15144.832496119 0.98503712 7293.1606117951 0.474355456 22437.993107914 1.459392576 0.0
16 13 1 7.006103986656 0.076928734898074 0.076342781217886 2194.7247375201 0.87096821216235 209.0 1.3258056640625 17.234205993627 0.33917236328125 4.4089164306502 0.0 0.0 0.22998046875 2.9895262031114
17 9 1 7.106110694695 0.065272936603856 0.064777449482428 2194.7271287401 0.87172190166774 0.18188063404008 4.6628051894376e-06 2.5636622689638e-05 6795.0 4.1416681388534e-05
18 8 1 7.206120662023 0.065204164517901 0.064706520540657 2194.7266417808 0.87084587080596 0.090912559927628 7.741563731503e-07 8.5153951639529e-06 10.999580264774
19 5 1 7.306125299263 0.077103981924204 0.076510841593193 2194.7238711116 0.87055866183986 6.4018987341772
20 6 1 7.4061364958449 0.065157776265294 0.064654666320813 2194.7240401065 0.87543193239189 1.0 8.0
21 7 1 7.506142222836 0.064866016449644 0.064367345225654 2194.7248381195 0.87164651469852 61.708276810833 38.291723189167 5.3484241039139
22 7 1 7.6061470539304 0.077136076590959 0.07653724382738 2194.7243417978 0.87183001045914 0.01248389729462 0.0043065898759229 0.3449715881417
23 9 1 7.7061519239767 0.064956902422272 0.064463315344971 2194.7218569725 0.87135488813752 0.0 0.0 0.0 0.0 -
24 6 1 7.8061621232053 0.065058802762754 0.064559821281262 2194.7230184372 0.87091018119252 0.0 0.0
25 13 1 7.9061668908893 0.076983503273801 0.076397439078532 2194.7218056573 0.87044744108626 1.1488344416891 674694344.0 176170294.0 85951.0 16388.0 0.012739250115901 0.0053627246651411 26.111126551848 73.870771473371
26 7 1 8.006179133741 0.065034715910114 0.064533936746822 2194.7189355237 0.87483832040666 25.985191832473 74.014808167527 8.1096286087404
27 12 1 8.1061844675884 0.064910454382817 0.064402734057119 2194.7225063609 0.87269481384805 54662648.0 88.981633308361 69.550778074271 96.275754881103 38.443071933694 34.207273300509 26.737455645536 37.011357703649
1 7 1 8.2061913794462 0.076926617900157 0.076336346884892 2194.7255282508 0.8760401503921 36.216039136031 63.783960863969 10.037893609067
2 10 1 8.3061982595988 0.064878641438934 0.064375731236873 2194.7226533984 0.87632385790227 14584.914033544 0.946249408 14522.5146998 0.942201024 29107.428733345 1.888450432
3 5 1 8.406204985755 0.064806760436911 0.064307215962603 2194.7239541401 0.87165002051333 1.0000116831968
4 6 1 8.5062089617163 0.076904648951296 0.076319491976143 2194.7232569506 0.87086938933277 0.0 0.0
5 7 1 8.6062191120283 0.064670489000163 0.064174274472086 2194.7233297203 0.8749982523101 0.46651221122667 0.14571764717216 0.31235548323378
6 8 1 8.7062264505468 0.064727963183669 0.064230875405275 2194.721130542 0.87165834848775 38.178249134532 84.668405892946 53.924448612914 98.422799588395
7 7 1 8.806229596739 0.076932844790907 0.076346011519372 2194.7211475168 0.87067042696059 49.0 2.5310180523726e-07 74.816326530612
8 10 1 8.9062382704971 0.065062737824351 0.064564813935956 2194.7237668016 0.87071043835749 15133.200982998 0.984607488 7301.6343284312 0.47506432 22434.835311429 1.459671808
9 19 1 9.0062465909692 0.064793312925537 0.06429523866416 2194.7308075563 0.87067783575693 1.1064453125 17.076535564273 0.19366455078125 2.9889589224094 0.00010803584018068 0.0 0.0 0.00010803584018068 15139.614687203 0.980945792 7299.1700323075 0.472937408 22438.784719511 1.4538832 4.8146921293265e-09
10 9 1 9.1062510135201 0.077027262716842 0.076441227962066 2194.7219739364 0.87118799327774 9.0876914914301e-05 0.0 0.0 9.0876914914301e-05 0.0
11 7 1 9.2062612227131 0.064955551783036 0.064454814742294 2194.7229576017 0.87458581728853 147950932.0 207116546.0 207096671.0
12 10 1 9.3062678111784 0.064816269263242 0.064318369833102 2194.7257548583 0.8718404332549 1406.0 8.6321508498199e-06 76.313655761024 132464.0 0.00081326403283822 34.414414482425
13 9 1 9.4062715914736 0.077013865027841 0.076429000192967 2194.7229254359 0.0 0.87104369847758 1.3158569335938 17.085974494567 0.2301025390625 2.9878066628563
14 10 1 9.5062779380739 0.064802162284824 0.064308243662277 2194.7222725566 0.8705281797105 14674.124666095 0.950915008 7321.1275561264 0.474424896 21995.965284847 1.425386112
15 19 1 9.6062896519026 0.065147541844041 0.064645687876287 2194.7271966563 0.87182896872536 1.1066284179688 16.986495371045 0.1947021484375 2.988633844445 0.0 0.0 0.0 0.0 15158.200295017 0.987519488 7305.0784500709 0.475907904 22463.278745088 1.463427392 0.0
16 13 1 9.7062926350398 0.076940636104166 0.07635365880068 2194.7206939091 0.87148234944139 208.0 1.31201171875 17.052259835411 0.3265380859375 4.2440263360368 0.0 0.0 0.22991943359375 2.9882705061403
17 9 1 9.8063032011422 0.064997731403925 0.064497197729052 2194.7260586985 0.87833726033319 0.18188506096397 4.7494455006958e-06 2.6112345211444e-05 9952.0 6.1385041068733e-05
18 8 1 9.9063098829112 0.064786088681468 0.064287719562229 2194.7272386898 0.8718934180648 0.090912584492819 7.6785128305492e-07 8.4460395371949e-06 10.999577292613
19 5 1 10.006313131466 0.077044484046497 0.07645714258676 2194.7269765517 0.87102239364578 6.4213836477987
20 6 1 10.10631968732 0.065087043895431 0.06458960056647 2194.7215046586 0.8714414539683 1.0 8.0
21 7 1 10.206329939994 0.065013822218647 0.064514627406812 2194.7201158028 0.87077821585141 61.781393078281 38.218606921719 5.4375748956518
22 7 1 10.30633501386 0.077102969171242 0.076517680393268 2194.7287430467 0.87154744584646 0.012447680168966 0.0043133313662232 0.34651688569063
23 9 1 10.406341355025 0.064950145602646 0.064455244573493 2194.7220787385 0.87053235142013 0.0 0.0 0.0 0.0 -
24 6 1 10.5063505415 0.065024652696652 0.064525289847541 2194.726329728 0.87066322447405 0.0 0.0
25 13 1 10.606355897994 0.076989589756046 0.076399763065762 2194.7255005872 0.87163653054832 1.1472671979121 674714868.0 175935534.0 98173.0 16652.0 0.014550294451196 0.0056669864284064 26.07553832651 73.904244392611
26 7 1 10.706362511824 0.064683501698101 0.064187861486104 2194.7247664897 0.87186782284044 26.073301850346 73.926698149654 8.0297079187572
27 12 1 10.806371643042 0.064735159346037 0.064238311167964 2194.723271146 0.87048221125987 54167100.0 89.07098773979 69.616785834944 96.334101327189 38.192069577732 34.018053611154 26.588091283863 36.791987005963
1 7 1 10.906381638451 0.077362871655805 0.076735738878564 2194.7243629875 0.88914554655692 35.677899874442 64.322100125558 10.289514988441
2 10 1 11.0063833561 0.064990445561286 0.064492407987294 2194.723757268 0.87156691979414 14665.930288186 0.953145344 14602.114877103 0.948997952 29268.045165289 1.902143296
3 5 1 11.10639359881 0.065317658977486 0.064814692612026 2194.7216770356 0.87137712258764 1.0000115880903
4 6 1 11.206397514985 0.077353947110028 0.076768548269905 2194.7268215395 0.87072531507866 0.0 0.0
5 7 1 11.306407656238 0.065141713532274 0.064643811837482 2194.7239750528 0.88037723384669 0.46597155746416 0.14527934363329 0.31177727761736
6 8 1 11.406414950369 0.065194594093 0.064693241519489 2194.7286393829 0.87157225532683 38.278190790545 84.704824635561 53.955524843602 98.428659993818
7 7 1 11.506418659102 0.061086563711025 0.060617148637303 2194.7289058559 0.87121784681564 49.0 3.1897677458497e-07 62.489795918367
8 10 1 11.606425293766 0.065322925655231 0.06482144852579 2194.7302317834 0.87230663562041 15149.201204229 0.989590144 7300.0419258137 0.476860096 22449.243130043 1.46645024
9 19 1 11.706435334469 0.065097954089233 0.06460128889515 2194.7273828284 0.87166105908235 1.1224975585938 17.243207936383 0.19451904296875 2.9880976397832 0.00010753026109553 0.0 0.0 0.00010753026109553 15148.654758769 0.986146432 7300.373209096 0.47523936 22449.027967865 1.461385792 4.7899740358226e-09
10 9 1 11.806439499755 0.07724889165455 0.076660821429377 2194.7271636583 0.87082871128427 9.0616186848393e-05 0.0 0.0 9.0616186848393e-05 0.0
11 7 1 11.90644534179 0.065101407232605 0.064603868335274 2194.7235441682 0.87055252797589 148973777.0 208550979.0 208535624.0
12 10 1 12.006455636134 0.065111193252502 0.06460960017281 2194.7268882561 0.87049695281879 1371.0 8.3664145391808e-06 80.838074398249 132851.0 0.00081071228150599 33.999721492499
13 9 1 12.106461718223 0.077086413649661 0.076491223354471 2194.7243242696 0.0 0.87175068154041 1.3156127929688 17.066727204977 0.23040771484375 2.988953616274
14 10 1 12.206465891662 0.064875739059248 0.064383210933836 2194.724874652 0.87115343865616 14664.069339252 0.951342336 7316.134241901 0.474639616 21980.980944166 1.426032384
15 19 1 12.30647662082 0.064933608198292 0.064438873394692 2194.7288091984 0.87099802345922 1.1130981445312 17.142095987214 0.19403076171875 2.9881407656606 0.0 0.0 0.0 0.0 15136.880812144 0.982892288 7302.1726214881 0.474156416 22439.053433632 1.457048704 0.0
16 13 1 12.406481787083 0.076887558971533 0.076302390673113 2194.7281947889 0.87107301676231 208.0 1.3143920898438 17.094990495542 0.327392578125 4.2580696084553 0.0 0.0 0.22998046875 2.991127196991
17 9 1 12.506487574766 0.064925532444577 0.064430394985618 2194.719379327 0.87093126717996 0.18187602945067 4.7877510959634e-06 2.6324255650533e-05 6699.0 4.1014251396239e-05
18 8 1 12.606502801525 0.064977429239903 0.064476472980721 2194.7284115222 0.87535705549956 0.090912590339286 7.932414451462e-07 8.7253200264763e-06 10.999576585245
19 5 1 12.706503010915 0.076937305252072 0.076353654271373 2194.728898219 0.87160656128552 6.297507788162
20 6 1 12.806512371316 0.064721428300068 0.064219825708829 2194.7285491673 0.88077219593601 1.0 8.0
21 7 1 12.906521994417 0.064920309248175 0.064412209366581 2194.7263886963 0.87604530913411 61.449533733335 38.550466266665 5.4679103442285
22 7 1 13.006523770947 0.076906148151789 0.076317730075865 2194.7250016137 0.87100699058453 0.012468059894404 0.0043032725464431 0.34514371785897
23 9 1 13.106530192734 0.065175733154346 0.064679142240892 2194.7266988836 0.87155535592444 0.0 0.0 0.0 0.0 -
24 6 1 13.206539831234 0.065044795429081 0.064545614658097 2194.7258734555 0.87112063815447 0.0 0.0
25 13 1 13.306543780925 0.077014144033129 0.076428662306692 2194.7263069078 0.87044964149323 1.148831537554 674970088.0 176241841.0 85203.0 16556.0 0.012623226053241 0.005303938742838 26.111059457793 73.871013377411
26 7 1 13.406550409249 0.065154083068671 0.064657421950964 2194.7275913677 0.87047475174434 26.11497853229 73.88502146771 8.0729449179299
27 12 1 13.506560114783 0.064946891748766 0.06444986330429 2194.7250220102 0.8707908223072 54473932.0 88.970904468581 69.448909985055 96.254208343176 38.282337390572 34.060141828106 26.586666034554 36.848360790559
1 7 1 13.606565138825 0.077181059852651 0.076582866174237 2194.7271946948 0.87162951053942 36.467192617495 63.532807382505 9.8671948855965
2 10 1 13.706570730843 0.065020507475227 0.064524015753587 2194.7280784563 0.8711907598583 14672.492803343 0.954012928 14601.863025473 0.949420544 29274.355828816 1.903433472
3 5 1 13.806581886661 0.065085657021742 0.064586926463837 2194.7277575998 0.87125216696736 1.0000116608939
4 6 1 13.906585774754 0.077129055259827 0.076541257698912 2194.7301638984 0.87056165301006 0.0 0.0
5 7 1 14.006592280786 0.065023255858488 0.064527830335628 2194.7324325655 0.87105237852167 0.46652284751718 0.1460410173954 0.31304151162719
6 8 1 14.106602574224 0.064953091463676 0.064455846971275 2194.7242549482 0.87158061733116 38.340987132033 84.681638654972 53.85125560385 98.398198082728
7 7 1 14.206606915247 0.076701283083767 0.076115580327165 2194.7282894586 0.87117626594564 52.0 2.6956750470314e-07 64.365384615385
8 10 1 14.306615823624 0.06475678135001 0.064257376831277 2194.7307393522 0.87805451630978 15265.429741743 0.988540096 7299.183284685 0.472671616 22564.613026428 1.461211712
9 19 1 14.406626584486 0.064461673470901 0.063962604573787 2194.7331592995 0.87422058351375 1.1348266601562 17.604672653566 0.1939697265625 3.0090706014646 0.00010859165800528 0.0 0.0 0.00010859165800528 15143.609333082 0.9761824 7412.5971336394 0.477828416 22556.206466721 1.454010816 4.8142695521737e-09
10 9 1 14.506628219702 0.076646568153858 0.076053296020021 2194.7275131246 0.87107999592582 9.1328289949635e-05 0.0 0.0 9.1328289949635e-05 0.0
11 7 1 14.606638154419 0.064551276743893 0.064039523070641 2194.72739524 0.8778687693211 146443477.0 205007822.0 204991923.0
12 10 1 14.706644007325 0.064558828909762 0.06406121029663 2194.7296187923 0.87147745642105 1289.0 7.9422884852122e-06 75.363072148953 131697.0 0.00081146281352754 34.536716857635
13 9 1 14.806649255115 0.076834641270493 0.076247974677441 2194.7285583765 0.0 0.8716126618169 1.3228759765625 17.217181660358 0.22991943359375 2.9923928815432
14 10 1 14.906654920508 0.064853896930972 0.064357680138244 2194.7314319328 0.87086403244888 14668.035029761 0.951279232 7318.0347590392 0.474603072 21986.808927113 1.42593024
15 19 1 15.006664885118 0.064466455512838 0.063973199980779 2194.7342828553 0.87075409021565 1.1199951171875 17.373300707753 0.19293212890625 2.99275223636 0.0 0.0 0.0 0.0 15138.617196127 0.975932992 7303.7793726109 0.470848768 22442.396568738 1.44678176 0.0
16 13 1 15.106670201754 0.077168666763859 0.07658173384758 2194.7279825595 0.87143227822278 208.0 1.325927734375 17.182203476865 0.34075927734375 4.4157725101885 0.0 0.0 0.2305908203125 2.9881405236418
17 9 1 15.206675629811 0.065099054710743 0.064601864570022 2194.724424509 0.87099684309239 0.18187549386794 4.5738831807763e-06 2.5148430299782e-05 5655.0 3.4533123347517e-05
18 8 1 15.306688784865 0.065012571224156 0.064514200746128 2194.7281474312 0.87071292467298 0.090912573627825 7.7023267359767e-07 8.4722348390534e-06 10.999578607177
19 5 1 15.406690502514 0.077217206437114 0.076632019568539 2194.7279627315 0.87040615772289 6.3312883435583
20 6 1 15.506696825562 0.065023946124818 0.064530307413422 2194.7321518925 0.87094986823163 1.0 8.0
21 7 1 15.606706962286 0.065103959043959 0.064602885022805 2194.7309476781 0.87148583298561 61.638762324221 38.361237675779 5.4158370143623
22 7 1 15.706712104997 0.077000362258926 0.076413350985641 2194.7326817109 0.87068168391624 0.012419479303078 0.0043044471971436 0.34658837879593
23 9 1 15.806718322965 0.065038631042762 0.064542818717117 2194.7322134314 0.87279318141038 0.0 0.0 0.0 0.0 -
24 6 1 15.906732986278 0.06497606682447 0.064472973638421 2194.7291446226 0.87693639194253 0.0 0.0
25 13 1 16.006733286254 0.077097469687136 0.076509066104995 2194.7311627868 0.87162735584558 1.147279273985 675680164.0 176189062.0 93534.0 15972.0 0.013842940045225 0.0052939248339396 26.075807961709 73.905055173412
26 7 1 16.10673932305 0.065215345564239 0.064706501517569 2194.7288064762 0.87212675953186 26.065912807246 73.934087192754 8.0463000008532
27 12 1 16.206749438033 0.065023585592011 0.064523054634721 2194.7292013227 0.87125410735867 54642468.0 88.943025047844 69.481155206972 96.248765703628 38.357218795952 34.11607072134 26.651038724693 36.918349649344
1 7 1 16.306753181188 0.077190500739383 0.076605856481742 2194.7284117219 0.87083186505237 36.493495245204 63.506504754796 9.8814399344543
2 10 1 16.406759564023 0.065053888465064 0.064558394096744 2194.7266026082 0.87109620881311 14674.544174445 0.95463616 14603.566956804 0.950018816 29278.111131249 1.904654976
3 5 1 16.506769570303 0.065081813452139 0.064581700549852 2194.7317518742 0.87074416593842 1.0000116550377
4 6 1 16.606774992019 0.077139439148199 0.076540123107602 2194.7308873003 0.87194161923341 0.0 0.0
5 7 1 16.706780610307 0.065077878390542 0.06458138485718 2194.732284899 0.87139422060319 0.46640726032513 0.1459747882738 0.31297709253506
6 8 1 16.806790526001 0.065027094898785 0.0645294857972 2194.7309752693 0.87097191240812 38.306825845818 84.688208448985 53.895586037251 98.40935772734
7 7 1 16.906795061784 0.077089586881884 0.076503059338547 2194.73114686 0.87097643471623 50.0 2.5782755430918e-07 58.98
8 10 1 17.006801695542 0.064710880450796 0.06421688030073 2194.7269817758 0.87091730004936 15142.054522733 0.97985568 7304.4013109882 0.47267424 22446.455833721 1.45252992
9 19 1 17.106812357666 0.064866881547209 0.064367463440557 2194.7345183478 0.87190694995264 1.1409301757812 17.588793365238 0.19403076171875 2.9912145780823 0.00010791331158575 0.0 0.0 0.00010791331158575 15153.477777171 0.982958848 7306.9699158429 0.473980352 22460.447693014 1.4569392 4.8045930811663e-09
10 9 1 17.206815921461 0.077175084791349 0.076591278908365 2194.7308717105 0.8708238157053 9.0702848191554e-05 0.0 0.0 9.0702848191554e-05 0.0
11 7 1 17.306822464633 0.065089491532732 0.06459514398485 2194.7297068689 0.87038246964237 148983933.0 208564638.0 208548486.0
12 10 1 17.406838154287 0.065226072774054 0.064718709357719 2194.7354338986 0.87776050635905 1399.0 8.5940054704807e-06 80.907791279485 132102.0 0.00081149772027265 34.610323840669
13 9 1 17.506838403535 0.07701175890026 0.076426557084972 2194.7348432251 0.0 0.87144043869961 1.3328247070312 17.306768811208 0.23016357421875 2.9886809171161
14 10 1 17.606843831591 0.065258255309357 0.064762340168452 2194.731670139 0.87181050426442 14652.92302816 0.956224192 7310.5164969311 0.477071552 21964.233907346 1.433347584
15 19 1 17.706853143982 0.065157222784025 0.064657962297245 2194.7304665147 0.87152765258138 1.12255859375 17.228459805154 0.194580078125 2.9863163255127 0.0 0.0 0.0 0.0 15137.516392762 0.986318528 7301.302720911 0.475732608 22438.819113673 1.462051136 0.0
16 13 1 17.806858214223 0.077226457998829 0.076639738412892 2194.7295594822 0.87102064880277 208.0 1.3452758789062 17.419883207989 0.343994140625 4.4543560528209 0.0 0.0 0.23114013671875 2.9930174542286
17 9 1 17.906864114234 0.064936136457251 0.064439956804837 2194.7332607155 0.87085803843592 0.18187525866668 4.3581667263935e-06 2.3962394656332e-05 4425.0 2.7085516522881e-05
18 8 1 18.006874834333 0.065035865448136 0.064535429606286 2194.7302617942 0.87063075383771 0.090912568265208 7.1491331040633e-07 7.8637456189863e-06 10.999579256004
19 5 1 18.106879734273 0.077174381842961 0.076587792248124 2194.7294783648 0.87188319050842 6.4333868378812
20 6 1 18.206885351655 0.064952784376687 0.064458665105858 2194.7327660833 0.87082700473062 1.0 8.0
21 7 1 18.306895548166 0.065141294118481 0.064641318001254 2194.7335305904 0.87083077410167 61.750491849618 38.249508150382 5.4288887748524
22 7 1 18.406899894624 0.077019523037679 0.076432653984622 2194.7338787488 0.87054419476999 0.012452751073845 0.0043045362495367 0.34566950098101
23 9 1 18.506907347281 0.064894156125853 0.064399302654419 2194.7312020148 0.87052693705491 0.0 0.0 0.0 0.0 -
24 6 1 18.606919845586 0.064795029532748 0.064294990458157 2194.7265768458 0.87525938633925 0.0 0.0
25 13 1 18.706922178315 0.076891872683164 0.076300147307541 2194.7315801803 0.87320331584331 1.1452086608652 673835124.0 175390803.0 96783.0 16568.0 0.014363009073418 0.0054545984159769 26.028741564977 73.951440827534
26 7 1 18.806927157064 0.064725323503767 0.064228652421583 2194.7286792205 0.87141320382993 26.086902314494 73.913097685506 8.0793315141301
27 12 1 18.906941227038 0.064980574390424 0.06447159854093 2194.7345069178 0.88102738260609 55460389.0 88.908579418727 69.784124665985 96.246897943684 38.962444408214 34.640955830155 27.189600778743 37.500144105939
1 7 1 19.006943585131 0.076447563102749 0.075858711119248 2194.7327703122 0.87305378231697 36.346663686564 63.653336313436 9.9426366198791
2 10 1 19.106947978694 0.064669235288089 0.064175515502102 2194.7317734975 0.8717876143264 14662.64859598 0.948222272 14595.063321769 0.943851584 29257.711917749 1.892073856
3 5 1 19.206958275756 0.065062602851014 0.064561384344979 2194.7325022907 0.87090228744828 1.0000116440202
4 6 1 19.306962249 0.077014803500174 0.076428351596258 2194.7352267589 0.87077209309737 0.0 0.0
5 7 1 19.406969133682 0.065101331140254 0.064605520173401 2194.733222999 0.87046775054792 0.46660958174201 0.14604777825482 0.3129978122386
6 8 1 19.506979675326 0.064937556847809 0.064440626689287 2194.7349142999 0.87072832082732 38.285524122554 84.714372781196 53.922984514701 98.419317583233
7 7 1 19.60698530086 0.077175646425371 0.076572913022925 2194.7304166483 0.87107817237612 53.0 2.7307978641162e-07 64.88679245283
8 10 1 19.706990220729 0.065022529357705 0.064526251419338 2194.7364934792 0.87116558189639 15140.759760114 0.984490496 7299.6188350177 0.47463968 22440.378595132 1.459130176
9 19 1 19.8069998855 0.065042335109722 0.064542808299711 2194.7389018716 0.87065960502084 1.1197509765625 17.21572533756 0.1943359375 2.9878376471597 0.00010762221233588 0.0 0.0 0.00010762221233588 15135.113189576 0.984423104 7299.073737115 0.4747488 22434.186926691 1.459171904 4.7972414907462e-09
10 9 1 19.907004823486 0.076964230168244 0.076379726319108 2194.7329730759 0.87048542466285 9.0951341742755e-05 0.0 0.0 9.0951341742755e-05 0.0
11 7 1 20.007010497937 0.065011887298856 0.06451856337427 2194.7314182692 0.8706740802084 148756027.0 208246389.0 208231422.0
12 10 1 20.107021875691 0.065159261877868 0.06464802726316 2194.7363046071 0.87173003344526 1290.0 7.8785839128551e-06 72.224031007752 132860.0 0.00081143306873018 34.170728586482
13 9 1 20.207025201244 0.076997211673237 0.076409612948882 2194.7383422144 0.0 0.87086914783608 1.3178100585938 17.115036115675 0.22998046875 2.9868674949685
14 10 1 20.307031337684 0.06515070601765 0.064653354180683 2194.7371488604 0.87061870739068 14672.45840346 0.955921024 7320.2465660279 0.476919232 21993.419129055 1.432886784
15 19 1 20.407045329754 0.064986705259874 0.064484105315317 2194.7358237169 0.87949690814457 1.1820068359375 18.188440715848 0.1961669921875 3.0185711277876 0.0 0.0 0.0 0.0 15270.234673872 0.99236224 7297.9820426877 0.474271808 22568.216716559 1.466634048 0.0
16 13 1 20.507048654401 0.076836023614875 0.076245631214193 2194.7350265752 0.87290307553338 208.0 1.3212280273438 17.195424296891 0.3333740234375 4.3387724631414 0.0 0.0 0.23028564453125 2.9971051818807
17 9 1 20.607053492742 0.064865484709046 0.064369491664064 2194.7330560789 0.87254468614125 0.18188223894417 4.8871130904492e-06 2.6869655436501e-05 6455.0 3.963104899353e-05
18 8 1 20.707062929236 0.065001185453159 0.064503303234384 2194.7350752369 0.87149528884173 0.090912573451862 7.7105499685618e-07 8.4812800647916e-06 10.999578628467
19 5 1 20.807067642568 0.07684258205087 0.076259544338288 2194.7360822336 0.87113527327709 6.3920367534456
20 6 1 20.907073731904 0.065022897137403 0.064528588541557 2194.7342701907 0.87045875489194 1.0 8.0
21 7 1 21.00708418115 0.064766620815726 0.064272250168377 2194.7350779837 0.87119942400658 61.697797553593 38.302202446407 5.484751438395
22 7 1 21.107089098301 0.077024750763387 0.076437219072771 2194.7365057166 0.87184293638291 0.012460538149979 0.0043099020676024 0.34588410353767
23 9 1 21.20709493309 0.064838355068214 0.064343413728232 2194.7364971877 0.87090641413462 0.0 0.0 0.0 0.0 -
24 6 1 21.307104816173 0.065094412171451 0.064596289899426 2194.734863899 0.87072778952039 0.0 0.0
25 13 1 21.4071095132 0.077195264664093 0.076609529296486 2194.7386978403 0.8705380382005 1.1487148821976 676567392.0 176641060.0 88999.0 16780.0 0.013154491489297 0.0053517211187145 26.108420548887 73.873073238505
26 7 1 21.507115875199 0.06496539034289 0.064469320752627 2194.7345216666 0.87062457504973 26.110697167326 73.889302832674 8.1546359323476
27 12 1 21.60712671759 0.065158332464148 0.064657408815975 2194.7327696418 0.87175181035134 54564913.0 89.021697881201 69.55718045404 96.326084126625 38.223186878506 34.02692994355 26.586971072367 36.818899148467
1 7 1 21.707132767973 0.076963453845088 0.076378469889449 2194.7385289007 0.87126374658089 36.464665407967 63.535334592033 9.889626088057
2 10 1 21.807136641572 0.065057633295783 0.064562562417632 2194.7331227418 0.87063313847029 14682.344616768 0.955198592 14608.316962271 0.950382528 29290.661579039 1.90558112
3 5 1 21.907149210534 0.064998668970397 0.064498339567252 2194.7339039034 0.87548694968871 1.0000117336675
4 6 1 22.007154363209 0.076929772109291 0.076333478475006 2194.7371420677 0.87654245611199 0.0 0.0
5 7 1 22.107158519437 0.064895956072306 0.064399223391553 2194.7369707671 0.87165630976823 0.46657077614189 0.1459957485917 0.31291232982689
6 8 1 22.207168173337 0.064827154092927 0.064330532380186 2194.7393566845 0.87148746485331 38.293339281299 84.684758326387 53.971119625405 98.397544154654
7 7 1 22.307172076829 0.077103688425135 0.076521180641429 2194.7376557003 0.87031941164815 54.0 2.7817781436011e-07 60.759259259259
8 10 1 22.407178627248 0.064808963491654 0.06431432923866 2194.7334629068 0.8706113916896 15135.279244611 0.98090176 7300.644455777 0.4731472 22435.923700388 1.45404896
9 19 1 22.507194035179 0.064820987894886 0.064316920454981 2194.7399030738 0.88011342518753 1.1437377929688 17.644559734625 0.19573974609375 3.0196970526145 0.00010798971486444 0.0 0.0 0.00010798971486444 15305.104106231 0.992091968 7272.5580912844 0.4714144 22577.662197516 1.463506368 4.7830335098344e-09
10 9 1 22.607245064295 0.076675495023559 0.076086109940669 2194.7384869073 0.87231413541128 9.1293835114455e-05 0.0 0.0 9.1293835114455e-05 0.0
11 7 1 22.707287812933 0.064859460731232 0.064364517579527 2194.7315269391 0.87107752457976 148334548.0 207655451.0 207638352.0
12 10 1 22.807331601499 0.064706325780053 0.064206783570398 2194.7358276991 0.87091607475275 1311.0 8.0543371757867e-06 75.032036613272 132059.0 0.00081132548672556 34.428550874988
13 9 1 22.90737411099 0.076973530646471 0.076385616229445 2194.7308214981 0.0 0.87037552364075 1.32373046875 17.197216466914 0.22955322265625 2.982235850796
14 10 1 23.007419165045 0.064725192153875 0.064228805059216 2194.7381411998 0.87132085110534 14660.050104512 0.94887456 7314.0792363281 0.473405184 21974.879836874 1.42232832
15 19 1 23.107463503469 0.065042379496926 0.06454262984503 2194.7412848771 0.87163245238669 1.1220703125 17.251372431001 0.19390869140625 2.9812668740911 0.0 0.0 0.0 0.0 15147.004024454 0.985197184 7300.8576204141 0.474865152 22447.861644868 1.460062336 0.0
16 13 1 23.207509231484 0.076956399902948 0.076368685681275 2194.7394736451 0.87090484763183 209.0 1.3270874023438 17.244665862974 0.3411865234375 4.4335042162546 0.0 0.0 0.2293701171875 2.9805203657755
17 9 1 23.307555535628 0.064788198432494 0.064290903664788 2194.7383668552 0.87086084838976 0.18187457742442 4.4357724173401e-06 2.4389183360073e-05 7945.0 4.8744414738267e-05
18 8 1 23.407594981495 0.065294017808619 0.064791174187367 2194.7360217479 0.87049403191341 0.090912561740343 7.3632075173748e-07 8.0992190478638e-06 10.999580045452
19 5 1 23.50763891047 0.061062609114139 0.060586779636373 2194.7346688287 0.87816255918307 6.3552
20 6 1 23.607684015253 0.065153122855666 0.064654857910483 2194.7347619536 0.87226820112134 1.0 8.0
21 7 1 23.707726342665 0.065045629727362 0.064544623192877 2194.7386404628 0.87109870004139 61.843444944558 38.156555055442 5.3163075549462
22 7 1 23.807793091193 0.077244467427837 0.051489843467075 2194.7365674599 0.87151572950714 0.012460256027985 0.0043082912001161 0.34576265451047
