1 7 1 0.10088202943916 0.10089038453694 0.0097359162785979 1496.4773799862 4.0235575576895 11.073786758778 88.926213241222 33.994910452778
2 10 1 0.20121936066972 0.070580505549892 0.0047265831637818 1496.5648141296 4.7406770783886 77.008006072695 0.005435264 8.0620561664547 0.000569024 85.07006223915 0.006004288
3 5 1 0.30168662798244 0.070641347219771 1.4328394869329e-05 1497.6049291745 5.2103096179183 1.976833976834
4 6 1 0.40205613050615 0.070657108137097 1.4513630937906e-05 1496.3067496995 6.1686236766121 0.0 0.0
5 7 1 0.50243086130656 0.070442932669231 1.4779030292883e-05 1494.5908906998 5.2186150647689 0.48504717735487 0.20454181992644 0.42169469172437
6 8 1 0.60280513467806 0.070372871768517 1.4504572939442e-05 1492.4692636896 6.1647738209817 82.863923062512 42.702803971773 39.905077124836 54.743021295198
7 7 1 0.7032663974436 0.07046097891957 1.4478757643822e-05 1495.6211987245 6.153801732435 38.0 0.0073147256977863 79.973684210526
8 10 1 0.80341091468407 0.06974708001708 0.0012509924684815 1496.5390683531 2.4361870641922 707.47598305071 0.049344384 168.62572593892 0.011761152 876.10170898963 0.061105536
9 19 1 0.90388257784345 0.070065983157379 1.5525862266191e-05 1498.6184094673 5.2667076355815 0.8067626953125 11.514327765877 0.044677734375 0.63765228662598 9.9905827115519e-05 0.0 0.0 9.9905827115519e-05 555.55769356104 0.038925696 29.903697994129 0.002095232 585.46139155517 0.041020928 1.7064460365207e-07
10 9 1 1.0042621981514 0.069250410939538 2.0984665040159e-05 1496.6522613757 7.3604447974583 0.00010108243265317 0.0 0.0 0.00010108243265317 0.0
11 7 1 1.1043414371144 0.02766311553166 0.006073079544862 1496.8705645271 0.61858321104815 21654455.0 27501511.0 24979576.0
12 10 1 1.2044239795294 0.044837972831013 0.0098703492040927 1496.4405467432 0.61815138071909 49.0 1.3898267067625e-06 61.510204081633 86034.0 0.0024402520589715 30.295627310133
13 9 1 1.3045017184878 0.044238393115529 0.0097467066192675 1496.5211567714 0.0 0.61842290006921 0.616455078125 13.934843350099 0.0426025390625 0.96302184736328
14 10 1 1.4045821023817 0.056513740096664 0.012456064014352 1496.7251019427 0.61829812606221 3.5038558704715 0.000198016 3.201486924959 0.000180928 7.5377067465606 0.000425984
15 19 1 1.5046632534881 0.043827071216908 0.0096688617275731 1496.7114051855 0.61946282168095 0.64031982421875 14.61014406027 0.04315185546875 0.98459363746173 0.0 0.0 0.0 0.0 1032.3993537251 0.04524704 1666.5644765197 0.07304064 2698.9638302448 0.11828768 0.0
16 13 1 1.6047486192813 0.043526453458107 0.0095822292186694 1497.1515561808 0.61823807610546 204.0 0.605712890625 13.915971610413 0.0970458984375 2.2295843269405 0.0 0.0 0.04107666015625 0.94371713964211
17 9 1 1.7048331897821 0.055279801574797 0.01215791093693 1496.5507979896 0.61791914905616 0.30370162181821 2.0739569360451e-05 6.8289294065297e-05 6368.0 0.00014658110731116
18 8 1 1.8049181823857 0.043236018701178 0.0095256031412755 1497.0570684565 0.61815207619325 0.25035871684806 3.7031869774079e-06 1.4791524034113e-05 3.994268754009
19 5 1 1.9049931070239 0.042880465087496 0.0094385286020468 1496.1873940296 0.61815989103647 5.9778089503216
20 6 1 2.0050686059393 0.055363444038408 0.031189124858173 1496.5605772775 0.81598654890931 29.0 8.9310344827586
21 7 1 2.1051449064876 0.043198779457896 0.029191288640986 1496.5079690337 0.83753769764075 63.698398412391 36.301601587609 5.1053946399446
22 7 1 2.2052079234811 0.043067702973732 0.029104898433541 1496.5034729044 0.83746405977001 0.016168450479896 0.0040494282115217 0.25045246089332
23 9 1 2.3052694368468 0.055328483787539 0.037390774539024 1496.5064010857 0.83746418259995 0.0 0.0 0.0 0.0 -
24 6 1 2.4053365480556 0.042858078244294 0.028963267569568 1496.5017287125 0.83756826957882 0.0 0.0
25 13 1 2.5053987000103 0.04281707449685 0.028933099452785 1496.5086462456 0.83698746201518 1.1947610273544 255536360.0 69392922.0 58897.0 11384.0 0.023048383408138 0.010006012451614 27.15579184113 72.81115376301
26 7 1 2.6054662296986 0.054800642514085 0.037037634429031 1496.5100722563 0.84091869881948 27.037461728032 72.962538271968 7.8078508335861
27 12 1 2.7055434677497 0.04257575311339 0.028777666463653 1496.5117095448 0.83787734294613 22910269.0 94.755417319631 76.415772333358 99.596731055406 36.055943184307 34.164959432819 27.552427456365 35.910540762764
1 7 1 2.8056078959794 0.042302362792169 0.028589281834811 1496.506203387 0.83857761538679 37.77909153914 62.22090846086 9.4649184912004
2 10 1 2.9056698287304 0.042564987682216 0.028771065447273 1496.5076805152 0.83781361422197 10392.639210955 0.44236256 10333.697246288 0.439853696 20726.336457243 0.882216256
3 5 1 3.0057365133075 0.042198487477391 0.028510724531537 1496.5095611386 0.84282768197826 1.0000253322026
4 6 1 3.1058028862895 0.042132707386751 0.028472277857059 1496.5104460712 0.84054038212148 0.0 0.0
5 7 1 3.2058704005792 0.04215257429478 0.028489539231831 1496.5093010058 0.84197542084408 0.47091758340638 0.15530782570915 0.32979831542015
6 8 1 3.3059437898867 0.042190621511526 0.028514806518545 1496.5059209493 0.83889230963066 36.410352954301 89.350783765987 59.059897584679 99.777720959086
7 7 1 3.4060046836854 0.042536404262265 0.02874774155413 1496.5078210797 0.83731114079021 54.0 7.1232657123478e-07 48.537037037037
8 10 1 3.5060597993868 0.042066641969158 0.028434188067721 1496.5063354553 0.83800368552123 10864.093604977 0.457015936 5165.572858402 0.217298304 16029.666463379 0.67431424
9 19 1 3.6061290645877 0.042234799181631 0.028545069291411 1496.5127506208 0.8379959046146 0.642333984375 15.208643034211 0.1024169921875 2.4249432736037 0.00016574010379205 0.0 0.0 0.00016574010379205 10865.012001752 0.4588816 5169.0834153404 0.2183152 16034.095417092 0.6771968 1.0336729293464e-08
10 9 1 3.7061919819432 0.041706283087292 0.028186677806808 1496.5087302978 0.83713348774669 0.00016784041832136 0.0 0.0 0.00016784041832136 0.0
11 7 1 3.8062573386177 0.041735448030744 0.028203811916702 1496.5083142074 0.842195287875 67242224.0 94126892.0 94113349.0
12 10 1 3.9063304951347 0.04135857098288 0.027948885872447 1496.5098480419 0.83872715178271 58892.0 0.00080041414078936 34.575018678259 58656.0 0.00079720661281907 34.95840152755
13 9 1 4.0063931652068 0.041687694262845 0.028174360287598 1496.5084815 0.0 0.83797293867643 0.63104248046875 15.137380265984 0.1009521484375 2.4216294573882
14 10 1 4.1064586921717 0.041685983206936 0.028177261564506 1496.5095836356 0.83701483889297 10394.781138997 0.433316672 5186.5951902036 0.21620832 15582.389619442 0.649567232
15 19 1 4.2065287544764 0.033842886070086 0.022870479631649 1496.5093590041 0.83798415107531 0.50836181640625 15.021231208044 0.08148193359375 2.4076532192026 0.0 0.0 0.0 0.0 10862.793652961 0.367628288 5170.0990168996 0.174971072 16032.89266986 0.54259936 0.0
16 13 1 4.3065943439415 0.04212599178669 0.028469731653691 1496.5042685523 0.83785454084912 204.0 0.634521484375 15.062469925645 0.1112060546875 2.6398441905085 0.0 0.0 0.1014404296875 2.4080247226263
17 9 1 4.4066644089636 0.041809084123452 0.028257983276512 1496.5101379393 0.84165544273938 0.18193217901639 1.0090135939761e-05 5.5460974492326e-05 5301.0 7.1507768204109e-05
18 8 1 4.5067344033333 0.041615477558497 0.028126000086702 1496.5078130778 0.83819146893527 0.090916697086673 1.4981679026192e-06 1.6478468209101e-05 10.99907972951
19 5 1 4.6068168144073 0.041502147504923 0.028046588614173 1496.5063391772 0.84051003792175 6.2776572668113
20 6 1 4.7068618114187 0.041779410120486 0.028241555237599 1496.5075645603 0.83813960462663 1.0 8.0
21 7 1 4.8069224887311 0.042252809199976 0.028542078340318 1496.5114033276 0.81157435040633 65.832471156549 34.167528843451 4.6156106107962
22 7 1 4.9069830147751 0.05436511402037 0.036747460089556 1496.5076304007 0.80675072696225 0.011018115848342 0.0033385644796132 0.30300684123915
23 9 1 5.0070467473504 0.042076485296088 0.028435011892681 1496.5125359617 0.8110524353534 0.0 0.0 0.0 0.0 -
24 6 1 5.1071093503934 0.042262408866747 0.028561161278581 1496.5095233917 0.80700954489395 0.0 0.0
25 13 1 5.2071701010757 0.046348054399833 0.031323243924021 1496.5133781482 0.80688495577245 1.2393340498494 276646052.0 77927764.0 64991.0 12308.0 0.023492473335567 0.0098407332413332 28.168760564853 71.79790622857
26 7 1 5.3072340573836 0.042158760001931 0.028490472205673 1496.509355566 0.80739716949838 28.159763149188 71.840236850812 7.1909637612923
27 12 1 5.4072975607917 0.042386259785536 0.028645558726364 1496.5073534933 0.80679119861716 21417944.0 87.749669155919 63.737308305596 95.03467746484 33.86278928863 29.714485567739 21.583230409769 32.181392581048
1 7 1 5.5073594817673 0.054121851507839 0.036583984050688 1496.5079491509 0.80669849471499 39.294796234066 60.705203765934 8.6435427555713
2 10 1 5.6074216862584 0.042269638961121 0.0285687111203 1496.5070696424 0.81128041995011 10733.332272303 0.45369408 10669.131865896 0.450980352 21402.464138199 0.904674432
3 5 1 5.7074844306061 0.04162972488428 0.028129071653981 1496.5104647092 0.80679176670463 1.0000246495257
4 6 1 5.807542906825 0.053745361236509 0.036325973757957 1496.5077144143 0.80743269274076 0.0 0.0
5 7 1 5.907600816919 0.041574337941076 0.028096463765312 1496.5094860315 0.80696969480171 0.46978566202176 0.15096895335035 0.32135709016884
6 8 1 6.007663207099 0.041663688755318 0.028154238396911 1496.5137047663 0.80714156328825 33.656599431475 83.399535779097 48.659952638465 98.149414206241
7 7 1 6.1077288110568 0.053738213569922 0.036313437488084 1496.511308077 0.81353064284228 41.0 4.1599935550539e-07 70.463414634146
8 10 1 6.2077933488883 0.041382525765616 0.02796355031906 1496.510257087 0.81044665276687 11358.095701122 0.470026688 5375.8621032466 0.222466752 16733.957804368 0.69249344
9 19 1 6.3078643224276 0.041647333633292 0.028142474774307 1496.5113757589 0.80733209508035 0.63580322265625 15.26636082527 0.10516357421875 2.5250974082692 0.00016807798697596 0.0 0.0 0.00016807798697596 11286.809862522 0.470065536 5359.8429605481 0.223223168 16646.65282307 0.693288704 1.0096803769646e-08
10 9 1 6.4079311175123 0.053692218865324 0.036289844119486 1496.5084612261 0.80696567136574 0.00013037270852147 0.0 0.0 0.00013037270852147 0.0
11 7 1 6.5079923890295 0.041753896456214 0.028221412060616 1496.5101484478 0.80692734911136 70220937.0 98298841.0 98287329.0
12 10 1 6.6080557656255 0.041371764863441 0.027954538063489 1496.5146028509 0.8066681476542 306.0 3.9991368137638e-06 137.14705882353 61270.0 0.0008007421979716 33.400571242043
13 9 1 6.7081176539924 0.053601075473187 0.036229483429326 1496.5126785077 0.0 0.80652322672095 0.814697265625 15.199270880909 0.134765625 2.5142336009175
14 10 1 6.808186132959 0.041686051141924 0.028168721230655 1496.5134622935 0.81181021936948 10715.419373239 0.44668352 5345.6361995365 0.222838464 16062.134878653 0.669566976
15 19 1 6.9082568519686 0.042684964495062 0.028844755435072 1496.509701408 0.80723065375769 0.64617919921875 15.138332826621 0.10687255859375 2.5037518446598 0.0 0.0 0.0 0.0 11268.877781441 0.481011648 5365.8718171476 0.229042048 16634.749598588 0.710053696 0.0
16 13 1 7.0083246642665 0.05440190036373 0.036768196112539 1496.5090870998 0.80670270314099 204.0 0.81378173828125 14.958700575537 0.137451171875 2.5265876919006 0.0 0.0 0.1358642578125 2.4974174965234
17 9 1 7.1083917963087 0.04274409873223 0.028887815801067 1496.5122986857 0.80635190465119 0.18191010907692 8.6723395313465e-06 4.7673763571212e-05 3814.0 4.8216185091189e-05
18 8 1 7.2084511955376 0.042761202044929 0.028896978419413 1496.5158809907 0.80638411370467 0.090916209769885 1.491330101899e-06 1.6403346616337e-05 10.999138685291
19 5 1 7.3085258728925 0.053926473198384 0.036434253071589 1496.5091007268 0.81615778735218 6.5561056105611
20 6 1 7.4085951254121 0.04247052996844 0.028700370939565 1496.5116435804 0.81077768014448 1.0 8.0
21 7 1 7.5086644830046 0.042387041490804 0.028640932353649 1496.5120444511 0.8069546594977 66.30361583749 33.69638416251 4.6552751514929
22 7 1 7.6087306286307 0.054643393849161 0.036929591982059 1496.5137324917 0.81334393981635 0.011097190454999 0.0034353663804342 0.30957082284613
23 9 1 7.7087999708245 0.041856038975886 0.028289910456596 1496.5109549267 0.80993346127039 0.0 0.0 0.0 0.0 -
24 6 1 7.808864440721 0.041840740922281 0.028278735150992 1496.5128689807 0.80693517068607 0.0 0.0
25 13 1 7.9089278318098 0.041645320040234 0.028150896448378 1496.5161988688 0.80695272500329 1.2392299685163 248627964.0 70029607.0 60993.0 10396.0 0.024531834238887 0.0094848542459206 28.16642419193 71.799559119585
26 7 1 8.0090012165884 0.041987790280935 0.028374760351402 1496.5147493832 0.81178983689707 28.009401755089 71.990598244911 7.2254666640821
27 12 1 8.1090706919348 0.041805921976188 0.028253686614941 1496.5114160835 0.80676156054376 21145613.0 87.577938743133 63.4989063689 94.918094831301 33.895918198576 29.685346476372 21.523537359793 32.173359779665
1 7 1 8.2091358964349 0.042055923639577 0.028429209791765 1496.5103758866 0.80652256174462 39.259590796811 60.740409203189 8.6649480400862
2 10 1 8.3092024288376 0.042283723242931 0.028572700262824 1496.511886367 0.80734255827762 10783.269897507 0.4559568 10722.084746305 0.453369664 21505.354643811 0.909326464
3 5 1 8.4092615536092 0.04207541645227 0.028435340698025 1496.5105191619 0.80687198731634 1.000024280417
4 6 1 8.5093216294706 0.042189863357054 0.028518068303791 1496.5096268277 0.80647678391818 0.0 0.0
5 7 1 8.6093882180329 0.042075612105036 0.02843613780189 1496.5093682038 0.81073741660207 0.46982641639709 0.15055282608741 0.32044351026905
6 8 1 8.7094550864873 0.041603133318191 0.02811628357175 1496.5137293888 0.80683146603632 33.65290999441 83.441982471616 48.718220449214 98.116426644693
7 7 1 8.809518061814 0.041522493581071 0.02805562577924 1496.5153900093 0.80675091991533 48.0 6.251194238566e-07 64.3125
8 10 1 8.9095777889425 0.042212519222811 0.02852992522378 1496.5108943986 0.80659889613523 11271.890916733 0.475814912 5371.8054305905 0.22675744 16643.696347323 0.702572352
9 19 1 9.0096437425391 0.042003868228208 0.028388670266742 1496.5140808844 0.80703273956085 0.63067626953125 15.014718789821 0.1043701171875 2.4847739408298 0.00016665131796836 0.0 0.0 0.00016665131796836 11274.437426265 0.473569984 5364.6533403958 0.225336192 16639.090766661 0.698906176 1.0015650512723e-08
10 9 1 9.1097086463137 0.042328869213072 0.028612542321965 1496.5116093468 0.80771891557018 0.00016537176943622 0.0 0.0 0.00016537176943622 0.0
11 7 1 9.2097825473981 0.050289912359513 0.033989983436335 1496.5127512451 0.81230251379611 84017105.0 117611288.0 117594834.0
12 10 1 9.3098519493747 0.042047517817003 0.028414725599322 1496.509055672 0.8075287061965 287.0 3.6940149351212e-06 140.49128919861 62234.0 0.00080102203997328 33.597551177813
13 9 1 9.4099182109433 0.042350331234631 0.02862453647063 1496.5097112888 0.0 0.80697623966996 0.64990234375 15.345862117332 0.10711669921875 2.5293001517579
14 10 1 9.5099887315827 0.042037861084841 0.028412226950446 1496.5098326536 0.80652248470762 10787.788443488 0.453495552 5381.8806704603 0.226242752 16170.680012193 0.6797808
15 19 1 9.6100555493124 0.042279494969249 0.02857561150353 1496.5105366801 0.80623511743324 0.6461181640625 15.282069110155 0.10650634765625 2.5191017000964 0.0 0.0 0.0 0.0 11278.561968321 0.476851904 5372.0649256856 0.227128192 16650.626894007 0.703980096 0.0
16 13 1 9.7101223099766 0.041805967266181 0.028258285360761 1496.5126757033 0.80646530125999 204.0 0.628662109375 15.037616648654 0.10125732421875 2.4220782543803 0.0 0.0 0.10504150390625 2.5125959468285
17 9 1 9.8101959945749 0.041919529204515 0.028326837651832 1496.5103545038 0.81118193972467 0.18193480924067 1.0505275476986e-05 5.7741976485043e-05 6760.0 8.7673657067188e-05
18 8 1 9.91026029871 0.041715874601865 0.028192732625881 1496.512331568 0.8067158869029 0.090916382352033 1.4125771672115e-06 1.5537102672453e-05 10.999117806161
19 5 1 10.010319556634 0.042026847464509 0.028408353297403 1496.5140476069 0.80699193075664 6.374449339207
20 6 1 10.110382751164 0.042001558438599 0.028387706948606 1496.5124266257 0.80629201108024 1.0 8.0
21 7 1 10.210445831564 0.041779544178863 0.028237079680558 1496.5068453894 0.80623166518909 66.301737639473 33.698262360527 4.5691566635031
22 7 1 10.310508661963 0.042282529398734 0.028579464776076 1496.5111947297 0.80763865020236 0.011059965943593 0.0033555938161095 0.30340001345604
23 9 1 10.410577817562 0.042189257376957 0.028512368558258 1496.5143269775 0.80821073022469 0.0 0.0 0.0 0.0 -
24 6 1 10.510638821868 0.042258934218537 0.028560565262282 1496.5108476874 0.80640186401399 0.0 0.0
25 13 1 10.610701087048 0.042171686671538 0.028507014375366 1496.5090017668 0.80629292886244 1.2402440406005 251773188.0 70973454.0 58056.0 10732.0 0.023058849300506 0.0092948737655099 28.189440886771 71.778205390163
26 7 1 10.710774720921 0.041901789114525 0.028317036444594 1496.5147388291 0.81101687573264 28.033303207752 71.966696792248 7.1797889065774
27 12 1 10.81084400152 0.041403981446576 0.027978552629015 1496.5136320615 0.80718151302505 20822843.0 87.712057378524 63.672443767645 95.07352094044 33.706761460924 29.564893953048 21.461918737101 32.046204915895
1 7 1 10.910871960437 0.042348493366743 0.028624281940873 1496.5126450693 0.80647516294436 39.347226758147 60.652773241853 8.639234947727
2 10 1 11.010930130495 0.042174057149736 0.028499649316816 1496.5122668565 0.80676872261186 10791.330186331 0.455114176 10729.303049821 0.45249824 21520.633236153 0.907612416
3 5 1 11.110985594024 0.054358892081226 0.036740146661597 1496.5099653157 0.80611667299477 1.0000189109005
4 6 1 11.211046752316 0.046057576164512 0.031120531353209 1496.5119235576 0.81802152408241 0.0 0.0
5 7 1 11.311111020219 0.041727028621172 0.028195589971497 1496.5096020018 0.80766285825308 0.46989257986221 0.15095337564781 0.32125081798924
6 8 1 11.411170317998 0.054159760137208 0.03660902941644 1496.5124074748 0.80657155442641 33.834823501421 83.532407982671 48.889486173456 98.123782946095
7 7 1 11.511230203642 0.041772781477211 0.028232553398726 1496.5124188106 0.80639564756121 55.0 7.1148042090613e-07 49.054545454545
8 10 1 11.611284576587 0.04219990777155 0.028514840938939 1496.5136558385 0.80642839983173 11271.154111874 0.475641664 5371.0524967736 0.22665792 16642.206608647 0.702299584
9 19 1 11.711354974944 0.054071745377739 0.036545807304565 1496.5115952608 0.80704737384974 0.80908203125 14.963120306138 0.1351318359375 2.4991210288013 0.00012945762987858 0.0 0.0 0.00012945762987858 11283.412209793 0.610113792 5364.5762305912 0.290072 16647.988440384 0.900185792 7.7761724992878e-09
10 9 1 11.811419558971 0.04245343933694 0.028692374991422 1496.5099679612 0.80655653553536 0.00016488652296091 0.0 0.0 0.00016488652296091 0.0
11 7 1 11.911479842261 0.042136677507477 0.028473621158231 1496.5098026661 0.80624692958475 70909706.0 99262525.0 99249630.0
12 10 1 12.011541740591 0.054383779837804 0.036756443359532 1496.5146437239 0.80692864905896 334.0 3.3208584721408e-06 138.53293413174 80783.0 0.00080320032920644 33.280021786762
13 9 1 12.111603893452 0.042407597712516 0.028660190564182 1496.5148987562 0.0 0.80695180307091 0.6263427734375 14.769588640307 0.10516357421875 2.4798286130627
14 10 1 12.21167087966 0.050018740342116 0.033800643641555 1496.5095720508 0.81458611941737 10679.288209708 0.534164544 5327.7579998475 0.266487744 16008.028881243 0.80070144
15 19 1 12.311745755385 0.054084509003374 0.036552896547062 1496.5116311487 0.80765380752513 0.81005859375 14.97764533093 0.13458251953125 2.4883746198538 0.0 0.0 0.0 0.0 11301.688473531 0.611246272 5364.7692721385 0.290150912 16666.457745669 0.901397184 0.0
16 13 1 12.411816410989 0.041833357747734 0.028272400892666 1496.5124253813 0.80701360477451 204.0 0.61663818359375 14.740346383674 0.103515625 2.4744756475018 0.0 0.0 0.10302734375 2.4628035925608
17 9 1 12.511882602811 0.042001855540949 0.028381072417631 1496.5080642985 0.80645202098181 0.18191660438718 8.995579695682e-06 4.9448920432442e-05 5891.0 7.5812532170619e-05
18 8 1 12.611941575408 0.054108075197976 0.036570233103221 1496.5138150838 0.80643863109144 0.0909147591264 1.2783677672511e-06 1.4061168720403e-05 10.999314188466
19 5 1 12.711999558872 0.042028685332397 0.028405194773339 1496.5083289937 0.80662971033266 6.3218390804598
20 6 1 12.812059538718 0.041689519449536 0.028159721203381 1496.5094224429 0.80736775610617 1.0 8.0
21 7 1 12.912122193392 0.053891287403353 0.036426126688267 1496.5140237431 0.8064232357763 66.306716547403 33.693283452597 4.5684818335797
22 7 1 13.012185322705 0.041736446222175 0.028207282941713 1496.5126737835 0.80687927650833 0.011056807503714 0.0033324162603803 0.30139045644605
23 9 1 13.112245663965 0.042271771213959 0.028564296251849 1496.5139768058 0.80702683471686 0.0 0.0 0.0 0.0 -
24 6 1 13.212303578588 0.054041488039672 0.036528129714763 1496.5116347651 0.80653670818117 0.0 0.0
25 13 1 13.312369411714 0.041658456855405 0.028152953066929 1496.5069290502 0.81076970930501 1.2333958564599 248646128.0 69706721.0 79786.0 14648.0 0.032088173116454 0.013338635218965 28.034508946787 71.920064244877
26 7 1 13.412439073655 0.04195139071411 0.02834960311937 1496.513528266 0.80707293171919 28.170592264323 71.829407735677 7.1538256901418
27 12 1 13.512502329779 0.053842405914646 0.036392460825378 1496.5138950222 0.80672134006345 27190866.0 87.640456173775 63.594076040094 94.969961604018 33.838715060835 29.65640424266 21.519418186778 32.136614700568
1 7 1 13.612566825038 0.04217532889272 0.028504191903045 1496.5120496798 0.80620210974255 39.2789844903 60.7210155097 8.6794102837863
2 10 1 13.712627414488 0.042214615243655 0.028526552930952 1496.513244952 0.80954568359222 10754.275062787 0.453987584 10689.701407804 0.451261632 21443.976470591 0.905249216
3 5 1 13.812691497608 0.05440113315126 0.036764856881405 1496.5088079653 0.81055701517367 1.0000191121301
4 6 1 13.912755257358 0.042071337635562 0.028431358349001 1496.5134688744 0.80692966741714 0.0 0.0
5 7 1 14.012815157494 0.04240993558192 0.028655874427914 1496.5107181763 0.80639682985715 0.46970381449584 0.15094966793344 0.3213720290849
6 8 1 14.112878371046 0.054420606036356 0.036785411291518 1496.5097682118 0.80692741250476 33.741109021993 83.361191979379 48.646277135309 98.146830815742
7 7 1 14.212944494027 0.042167008215332 0.028496645684525 1496.510251409 0.80679399021826 50.0 6.4112271358009e-07 51.28
8 10 1 14.313000663174 0.042418754449224 0.028655579137164 1496.5070955654 0.8071369746375 11290.455040901 0.47892704 5370.2359477028 0.22779872 16660.690988604 0.70672576
9 19 1 14.413066364958 0.042098160180611 0.028458409608512 1496.5088467603 0.80652517550297 0.62933349609375 14.949192396859 0.1055908203125 2.5082051058642 0.00016627805039385 0.0 0.0 0.00016627805039385 11289.027690547 0.475247296 5372.1165730221 0.226156224 16661.144263569 0.70140352 9.9799898352378e-09
10 9 1 14.513135298636 0.042292609139424 0.028582246940304 1496.5134375589 0.80691427279755 0.00016551355289818 0.0 0.0 0.00016551355289818 0.0
11 7 1 14.613197129032 0.041908109785853 0.028322819976613 1496.5084646218 0.80634954490992 70523178.0 98721984.0 98710913.0
12 10 1 14.713261437696 0.041676889882278 0.028171621601763 1496.508515345 0.80628011013506 309.0 4.005297933309e-06 152.74757281553 61791.0 0.0008009429274987 33.148274020488
13 9 1 14.813330413946 0.0410884750557 0.027766286134324 1496.5069727489 0.0 0.80741862252305 0.62701416015625 15.260098100654 0.10272216796875 2.5000238589896
14 10 1 14.913397136567 0.041454867470343 0.028014151921676 1496.503937923 0.80664571619833 10784.58022619 0.447073344 5380.2905571839 0.223039232 16165.925231324 0.670156288
15 19 1 15.013463517701 0.041503035188772 0.028053128489064 1496.5072109442 0.80710829338031 0.6181640625 14.894430243194 0.103271484375 2.4882875169317 0.0 0.0 0.0 0.0 11284.266942643 0.468331328 5374.2544608001 0.223047872 16658.521403443 0.6913792 0.0
16 13 1 15.113535743056 0.041957830951018 0.028358418363474 1496.507788556 0.80667434951289 204.0 0.62701416015625 14.943912636672 0.10015869140625 2.3871274833815 0.0 0.0 0.10443115234375 2.4889549811492
17 9 1 15.213601722921 0.041788117574409 0.028243366837292 1496.5107804724 0.80656952574443 0.1819145295431 8.3035272918317e-06 4.564521213719e-05 3752.0 4.8527779437621e-05
18 8 1 15.313667068726 0.041665844558952 0.028160311331981 1496.5062656788 0.80989810289507 0.090916432567622 1.6021393536121e-06 1.7622109759096e-05 10.999111731053
19 5 1 15.413736393709 0.041839850521033 0.028276640035947 1496.5110930298 0.80741655956658 6.1366742596811
20 6 1 15.513797265769 0.041739866522394 0.028209032947016 1496.5111274815 0.80732071675257 1.0 8.0
21 7 1 15.613860951243 0.041989434307656 0.028382145337549 1496.5050748108 0.80645142485391 66.202746884127 33.797253115873 4.5729635394435
22 7 1 15.713927653936 0.042043249688127 0.028415314369222 1496.5073429849 0.80637442305432 0.01105966450706 0.0033309064691246 0.30117608603753
23 9 1 15.813988833967 0.042425952840603 0.028672176107748 1496.5110793532 0.80674575993169 0.0 0.0 0.0 0.0 -
24 6 1 15.91404840711 0.042218748408354 0.028537978237314 1496.5096481192 0.80636928392896 0.0 0.0
25 13 1 16.014115347122 0.042347201696162 0.028621102583413 1496.5073567448 0.80628280541064 1.2402596127431 252780812.0 71258770.0 66659.0 12168.0 0.02637027687054 0.010975516606854 28.189944258902 71.772709947621
26 7 1 16.114179461039 0.04230206568982 0.02859011064167 1496.5096746092 0.80605917037242 28.205243439262 71.794756560739 7.2001708466696
27 12 1 16.214244217169 0.038006214809594 0.02568354658014 1496.5080945151 0.80660014217211 19233297.0 87.576565785887 63.618338551107 94.878070046961 33.915716065247 29.702219391636 21.576615068421 32.178576845314
1 7 1 16.314316045783 0.042282822877884 0.028574519561815 1496.5110309205 0.80660583677843 39.307987079511 60.692012920489 8.6282981110452
2 10 1 16.414376337225 0.042208791856443 0.028526408002977 1496.5115680057 0.80651223154574 10796.604118638 0.455711616 10735.29821799 0.453123968 21531.902336628 0.908835584
3 5 1 16.514434980111 0.04226203567721 0.028567573888593 1496.5096294714 0.8064513229682 1.0000241202609
4 6 1 16.614495872098 0.042108394813075 0.028460407350073 1496.505491435 0.80630219808885 0.0 0.0
5 7 1 16.714554818427 0.04199406928547 0.028379941979423 1496.5050427191 0.8062517695499 0.46974266361738 0.15100532307631 0.32146393072634
6 8 1 16.814620822748 0.041887160447007 0.028302917742389 1496.5073562297 0.81384297110059 34.275995611836 83.423241768916 49.186743600084 98.089068166141
7 7 1 16.91469593217 0.041600794542987 0.02811557840657 1496.5047556078 0.8074093082331 43.0 5.5926473075663e-07 49.860465116279
8 10 1 17.014753335016 0.041310515583632 0.027920228629809 1496.5071869484 0.80695350736016 11277.907947113 0.465896192 5367.2091201846 0.221722176 16645.117067298 0.687618368
9 19 1 17.114818489697 0.04221865329937 0.028536251782807 1496.5079685686 0.80648878108488 0.62933349609375 14.906527018547 0.1044921875 2.4750241737711 0.00016580348857562 0.0 0.0 0.00016580348857562 11276.632170716 0.476084224 5368.838991446 0.226665152 16645.471162162 0.702749376 9.9608768631621e-09
10 9 1 17.214887686057 0.042233789214802 0.028542162579704 1496.5069359793 0.80647591639214 0.00016574406725378 0.0 0.0 0.00016574406725378 0.0
11 7 1 17.314957215751 0.05353686513368 0.036179844239047 1496.5094904925 0.8071728082389 89993790.0 125979471.0 125965832.0
12 10 1 17.415022021699 0.042299318398886 0.028589865622812 1496.5027622416 0.8068154347778 305.0 3.8982004756316e-06 143.78360655738 62680.0 0.00080111215020521 33.366751754946
13 9 1 17.515085603006 0.042124466419749 0.028466237530784 1496.5046724126 0.0 0.80650770850472 0.6322021484375 15.007956234696 0.1055908203125 2.50663876096
14 10 1 17.615147948802 0.054520400722827 0.036850550528768 1496.5081535072 0.80680879502418 10784.524108493 0.587976576 5380.3249446255 0.293337472 16165.687198095 0.881359744
15 19 1 17.715211384275 0.042181661339446 0.028511007141089 1496.5051249806 0.80602284354674 0.62872314453125 14.905129968015 0.10552978515625 2.5017930021065 0.0 0.0 0.0 0.0 11269.361350533 0.475360384 5370.2927956554 0.226527872 16639.654146188 0.701888256 0.0
16 13 1 17.815276979175 0.042246135266708 0.028550073835562 1496.5041819563 0.80657957668321 204.0 0.62835693359375 14.873714000744 0.1019287109375 2.4127345683577 0.0 0.0 0.10540771484375 2.4950853889543
17 9 1 17.915342255233 0.054075739049262 0.036550475796973 1496.5073308897 0.80643790880631 0.18190422024669 6.7850010826024e-06 3.7299855239207e-05 3312.0 3.3095616473607e-05
18 8 1 18.015400239603 0.042312832932593 0.028597001966901 1496.5037973275 0.80664175873535 0.090916304164115 1.545780460083e-06 1.7002236004806e-05 10.99912726539
19 5 1 18.115460787386 0.042107377599848 0.02844380222729 1496.5025316448 0.80673815826796 6.2062780269058
20 6 1 18.215518539871 0.054245344635689 0.036666924066518 1496.5055568105 0.80682282173755 1.0 8.0
21 7 1 18.315583565022 0.042199871539556 0.028519734975509 1496.5037248419 0.81241068936093 65.968024460126 34.031975539874 4.6638421540231
22 7 1 18.415654134575 0.041740823047032 0.028202107654291 1496.504795195 0.81149060373183 0.011058022630399 0.0033950154802201 0.30701831545244
23 9 1 18.515719754837 0.053955296655294 0.036466206066968 1496.5003644569 0.80749731333631 0.0 0.0 0.0 0.0 -
24 6 1 18.615781527262 0.041949003931515 0.028347988984044 1496.505840519 0.80699516131698 0.0 0.0
25 13 1 18.715844311465 0.041819249915127 0.028258360995048 1496.5077077697 0.8069117821552 1.2392928472665 249577088.0 70300589.0 62139.0 10752.0 0.024897718175156 0.009363038966141 28.167885747589 71.79785349527
26 7 1 18.815908625564 0.053476699190487 0.036143387606831 1496.5025494834 0.80687407442038 28.176845931146 71.823154068854 7.1951232891845
27 12 1 18.915972783865 0.041636891572664 0.028140147321602 1496.5047444855 0.80673293120244 21025489.0 87.682645573665 63.689610263048 94.961848449755 33.839347903491 29.671235486657 21.55214879529 32.134470272498
1 7 1 19.016037289993 0.041330291911677 0.027926631276023 1496.5007088073 0.80727488268773 39.361809249371 60.638190750629 8.5925299751237
2 10 1 19.116096891216 0.053854542726787 0.036400678241584 1496.5069049159 0.80669023176736 10794.886272627 0.581353664 10733.477599699 0.578046528 21528.363872326 1.159400192
3 5 1 19.216154944426 0.042140526251024 0.028480681415134 1496.5098100191 0.80766907814302 1.0000243716735
4 6 1 19.316216798373 0.042001572931397 0.028381581024245 1496.5080789982 0.81121713299489 0.0 0.0
5 7 1 19.416280542723 0.054150784566531 0.036597624943474 1496.5056708324 0.80745643129972 0.46995834871034 0.15097756390512 0.32125732912168
6 8 1 19.516344228197 0.04194278652137 0.028344210892884 1496.5076547469 0.80696692991847 33.766050552229 83.376604895437 48.56407153618 98.105107920212
7 7 1 19.616404399167 0.042316188015224 0.028595706673121 1496.5054721414 0.80687254545193 43.0 5.4950899709803e-07 49.023255813953
8 10 1 19.716459160701 0.054096300705774 0.036564601745576 1496.5064099164 0.806617745911 11266.803978242 0.609492416 5373.7956238655 0.290702464 16640.599602108 0.90019488
9 19 1 19.816523911396 0.042151973749482 0.028488612145688 1496.4976880234 0.80615627388569 0.6337890625 15.035809859504 0.10491943359375 2.489075226164 0.00016606577052839 0.0 0.0 0.00016606577052839 11267.406523421 0.474943424 5366.8661245733 0.226224 16634.272647995 0.701167424 9.9833502818294e-09
10 9 1 19.916594506311 0.041962226797672 0.028351290624483 1496.5057093207 0.8111762390176 0.00016681669525671 0.0 0.0 0.00016681669525671 0.0
11 7 1 20.01666221263 0.053982715216643 0.036488211115535 1496.5063960671 0.8077429978141 90696253.0 126963016.0 126949643.0
12 10 1 20.1167271001 0.042123536163306 0.02846974025879 1496.5002675463 0.8067724276454 297.0 3.8117660593651e-06 144.58585858586 62613.0 0.0008035895901516 33.261367447655
13 9 1 20.216790816371 0.041775713551313 0.028233987732783 1496.5076138141 0.0 0.8064681950106 0.6163330078125 14.753380742509 0.10284423828125 2.4618188305731
14 10 1 20.316856422141 0.054090061556432 0.036550204962819 1496.5008670056 0.80698000144192 10779.491522517 0.58306336 5377.8420587767 0.290887808 16158.160646354 0.873995904
15 19 1 20.416927517057 0.041753696274448 0.028218078264282 1496.5025846696 0.80743556832862 0.63153076171875 15.125146228197 0.105224609375 2.5201268094531 0.0 0.0 0.0 0.0 11252.696310088 0.469841664 5365.2252132966 0.224017984 16617.921523384 0.693859648 0.0
16 13 1 20.516993898191 0.041881764597322 0.02830486068306 1496.504071398 0.80670233076351 204.0 0.639404296875 15.266890089819 0.111328125 2.6581526845963 0.0 0.0 0.10546875 2.5182499117228
17 9 1 20.617061094545 0.04160690778615 0.028123654518 1496.5017163862 0.80690348717248 0.18191284629973 8.8101190896803e-06 4.8430439459808e-05 3754.0 4.8780511891829e-05
18 8 1 20.717125190346 0.041887528201744 0.02831069403407 1496.5004301879 0.80679689394061 0.090916355046776 1.4842730046311e-06 1.6325698537601e-05 10.999121109568
19 5 1 20.817183243557 0.041632709494773 0.028124780427209 1496.503021981 0.80664073074285 6.3421052631579
20 6 1 20.917241655464 0.041965321009947 0.028364559686433 1496.5010325671 0.80681783999154 1.0 8.0
21 7 1 21.017309013956 0.041735831184079 0.028206407486161 1496.5036839351 0.80694132787567 66.186338923819 33.813661076181 4.6309305006349
22 7 1 21.11737095033 0.04179536034998 0.02824703125057 1496.5029367875 0.80662391892579 0.011015829102993 0.0033260283376037 0.30193172992309
23 9 1 21.217432511703 0.041650916071685 0.028152665022578 1496.5036268987 0.80627784616355 0.0 0.0 0.0 0.0 -
24 6 1 21.317495303153 0.041862036276669 0.028290795875946 1496.5025189543 0.80671687211599 0.0 0.0
25 13 1 21.417560429754 0.042118479988564 0.028463008807232 1496.502697531 0.8124237748361 1.2308847069397 251384532.0 70329269.0 71492.0 11512.0 0.028439299519033 0.010006582266565 27.976768674057 71.984785444158
26 7 1 21.517632867972 0.041859634095476 0.028293158201945 1496.503491048 0.80686141686468 28.177619527902 71.822380472098 7.1806430921479
27 12 1 21.617702442956 0.042146677537781 0.028484816844332 1496.5030389905 0.80693193395628 21126526.0 87.749069582003 63.723827571083 95.067636770949 33.590533702704 29.475380791752 21.405173776918 31.93372656991
1 7 1 21.717766538757 0.042178238321826 0.028503368530985 1496.5073706914 0.80654536516331 39.276531321153 60.723468678847 8.6894862951715
2 10 1 21.817827374585 0.042227327238699 0.028539851431396 1496.5012521795 0.80653944337954 10796.627061496 0.455912704 10734.399301138 0.453284992 21531.026362634 0.909197696
3 5 1 21.917889294655 0.042156742785673 0.028490965413689 1496.5041113277 0.80599439605367 1.0000243123593
4 6 1 22.017946985545 0.042539362604563 0.028750432685473 1496.5067826507 0.80658181912483 0.0 0.0
5 7 1 22.118005017922 0.042422710077153 0.028662198269541 1496.5002909674 0.8066234339426 0.4697633195464 0.15095608276403 0.32134497625271
6 8 1 22.218079147268 0.042253457752666 0.028542416656561 1496.4995280983 0.82192790328718 34.681420052676 82.831427355743 48.718274003945 98.002664647672
7 7 1 22.318146611739 0.042019370992578 0.028394602802836 1496.5007919587 0.80808033509165 45.0 5.8000735526661e-07 49.555555555556
8 10 1 22.418205256436 0.042107313288059 0.028458044571174 1496.5059864606 0.80748205283364 11266.659659678 0.474408768 5370.7071370933 0.226146048 16637.366796771 0.700554816
9 19 1 22.518274947363 0.042114830520983 0.02846460709106 1496.5050668139 0.80659439704563 0.6343994140625 15.063563267729 0.10540771484375 2.5028645144667 0.00016621223244653 0.0 0.0 0.00016621223244653 11267.441756974 0.4745264 5372.5066728517 0.226262208 16639.948429825 0.700788608 9.9887468490355e-09
10 9 1 22.618337568522 0.042182359711127 0.028507021168865 1496.5019458567 0.80631927356378 0.00016594614544889 0.0 0.0 0.00016594614544889 0.0
11 7 1 22.718399159787 0.04233525147879 0.028611895580874 1496.5014157636 0.80666726926886 71215290.0 99690818.0 99679334.0
12 10 1 22.818466742917 0.04208006954608 0.028437239254503 1496.5004552642 0.80704220846254 285.0 3.6631603024783e-06 146.53333333333 62290.0 0.00080062545698728 33.570990528175
13 9 1 22.918533336914 0.042490205752702 0.028715713377363 1496.5032219851 0.0 0.81214681665134 0.66839599609375 15.73058977365 0.10711669921875 2.5209738884811
14 10 1 23.018608966265 0.042077266095556 0.028428654536459 1496.5049324332 0.8113830630478 10719.373235317 0.45104192 5347.6888799999 0.225016128 16068.125302262 0.676102784
15 19 1 23.118686523157 0.042260534766865 0.028560233739538 1496.5053144963 0.80754516983255 0.6392822265625 15.127168411123 0.10467529296875 2.4769041268929 0.0 0.0 0.0 0.0 11266.139688637 0.476113088 5369.0353246051 0.226898304 16635.175013242 0.703011392 0.0
16 13 1 23.218761538376 0.046156524833926 0.031191417437584 1496.5011997852 0.82447217179424 204.0 0.77996826171875 16.898331590715 0.20654296875 4.4748379452993 0.0 0.0 0.118408203125 2.5653621790427
17 9 1 23.318838788202 0.041294002852433 0.02790725214121 1496.5034001514 0.80889345813419 0.18191912862025 9.5173162449417e-06 5.2316193009085e-05 5054.0 6.6345539726807e-05
18 8 1 23.418900143959 0.04223816513386 0.028545419383051 1496.5000134222 0.80781222764511 0.090916304381261 1.3970203734274e-06 1.536600484297e-05 10.999127239119
19 5 1 23.518957480681 0.053957573836108 0.036469150369369 1496.5018233465 0.80707502181946 6.21113243762
20 6 1 23.61901551487 0.042139905778129 0.028473836738595 1496.5018378649 0.80698807576097 1.0 8.0
21 7 1 23.719074596163 0.042015834749977 0.028393288940159 1496.5044767553 0.80620812821761 66.230998909721 33.769001090279 4.611251347456
22 7 1 23.819132968215 0.054320247036582 0.036716557369099 1496.5038637341 0.80677415758785 0.01102303069156 0.0033421772198898 0.30319948418984
23 9 1 23.919193651868 0.042086926450917 0.028445206669952 1496.5051046358 0.80651400904474 0.0 0.0 0.0 0.0 -
24 6 1 24.019250456886 0.042171987397087 0.028497116247546 1496.5008530661 0.80650964493957 0.0 0.0
25 13 1 24.119310514632 0.054206476764283 0.036637871442247 1496.5046783928 0.80679901229568 1.2394660686986 323584700.0 91159361.0 63686.0 13208.0 0.01968140026398 0.0088795916494198 28.171715473568 71.799723534518
26 7 1 24.219373605901 0.042037664526274 0.02841185330801 1496.5020520516 0.80637654805229 28.19540542356 71.80459457644 7.1787374719574
27 12 1 24.319437197171 0.042110155687976 0.028455025087386 1496.5031337602 0.8072026363611 21245262.0 87.758310535309 63.767013087436 95.030675545446 33.814686502568 29.675197587464 21.562615567568 32.134325016965
1 7 1 24.41950146598 0.053838452098317 0.036387669597091 1496.5026780975 0.8067307965442 39.310098755558 60.689901244442 8.6454734896606
2 10 1 24.519569152372 0.041767505193106 0.028225359989246 1496.5068496144 0.80968421274181 10752.665210038 0.449112 10693.17858309 0.446627392 21445.843793128 0.895739392
3 5 1 24.619634023538 0.0416956227289 0.028174734382935 1496.4998517492 0.80752018053254 1.0000245603966
4 6 1 24.719693667333 0.053948200619298 0.036462820640043 1496.5016633549 0.80665945395951 0.0 0.0
5 7 1 24.819751150795 0.041617493868954 0.028114541265746 1496.5021618883 0.80733007840385 0.46970500228023 0.15097315077241 0.32142121126984
6 8 1 24.919812478472 0.041826766242252 0.028262633200023 1496.5096214253 0.80670700074229 33.865612626686 83.553885141916 48.940063734998 98.126551941107
7 7 1 25.019873170277 0.053739298718138 0.036320361875009 1496.503388137 0.8065999017417 48.0 4.8278245876721e-07 49.395833333333
8 10 1 25.119928170942 0.04195056824785 0.028350847688359 1496.5017076286 0.80688307546328 11256.051579807 0.47219776 5368.4547648897 0.225209728 16624.506344696 0.697407488
9 19 1 25.219992323808 0.04141527586486 0.027986175387622 1496.5014342799 0.80694300223264 0.62554931640625 15.104313646188 0.10443115234375 2.5215611912019 0.00016901976031359 0.0 0.0 0.00016901976031359 11253.010351078 0.466046528 5365.0464800725 0.22219488 16618.05683115 0.688241408 1.0170849819022e-08
10 9 1 25.320054755655 0.053725246139322 0.036310484580585 1496.5048334053 0.80660447707887 0.00013029256267803 0.0 0.0 0.00013029256267803 0.0
11 7 1 25.420118466491 0.041732257803685 0.028202883018959 1496.5054783483 0.80649723973285 70212217.0 98286690.0 98275289.0
12 10 1 25.520180672794 0.041525275292399 0.028059040644661 1496.5032208496 0.80703655638414 257.0 3.347771128233e-06 130.62256809339 61738.0 0.00080422059889046 33.185720301921
13 9 1 25.620241756811 0.053953687954767 0.03646743116126 1496.5054416484 0.0 0.80653226693241 0.81011962890625 15.015092751128 0.13519287109375 2.5057206693098
14 10 1 25.720305907865 0.041907795473306 0.028321907836168 1496.5020495385 0.8058741042927 10795.62393799 0.4524208 5385.6641574899 0.225701312 16182.294495352 0.678164288
15 19 1 25.820370476494 0.04215852902297 0.028487985332195 1496.5062985706 0.80629601818372 0.63482666015625 15.058083734619 0.10504150390625 2.4915837041899 0.0 0.0 0.0 0.0 11260.578084718 0.474729408 5371.139962607 0.22643936 16631.718047325 0.701168768 0.0
16 13 1 25.920437261615 0.054040962675761 0.036526683605309 1496.5021392114 0.80623737415567 204.0 0.81146240234375 15.015691101071 0.134765625 2.493768029422 0.0 0.0 0.135009765625 2.4982857251274
17 9 1 26.020508433524 0.042208232072138 0.028525707366795 1496.5074054231 0.812279649831 0.18191847896366 9.5176068052488e-06 5.2317977038221e-05 6980.0 9.0017473578098e-05
18 8 1 26.120576321909 0.042075181850109 0.028423257328075 1496.5002982521 0.80714572049777 0.090916342268401 1.4533117740748e-06 1.5985154459738e-05 10.999122655505
19 5 1 26.220636426756 0.054259175293543 0.036673568108391 1496.5012554186 0.80694246419512 6.1274131274131
20 6 1 26.320696886677 0.042302335618174 0.028588357013168 1496.5065756535 0.80684655296789 1.0 8.0
21 7 1 26.420758610188 0.042255360838143 0.028555601932024 1496.5052943367 0.80686137360561 66.214079750387 33.785920249613 4.6077649410689
22 7 1 26.520820188772 0.054341093114245 0.036731715929527 1496.5070501487 0.80695032244927 0.011044777605845 0.0033402581277974 0.30242873573388
23 9 1 26.620880807207 0.042149490046303 0.028487371199899 1496.5051909884 0.80662042259677 0.0 0.0 0.0 0.0 -
24 6 1 26.720939104078 0.042156572495302 0.028487027448857 1496.5034517926 0.80636870499251 0.0 0.0
25 13 1 26.821001742447 0.042034471581816 0.028416452053829 1496.5033061601 0.8066008995783 1.2397704992925 250973344.0 70721077.0 61821.0 11296.0 0.024632496429581 0.0099596234411253 28.178720446104 71.786687434025
26 7 1 26.921070369965 0.042203942204066 0.028521812880356 1496.5045831821 0.80678679975478 28.17993027563 71.82006972437 7.223998085926
27 12 1 27.021134446744 0.041893923148659 0.028315165062112 1496.5068793328 0.80686438709072 21156663.0 87.741360724042 63.639828265923 95.061503791973 33.839997140101 29.691673959702 21.535716065154 32.168810164541
1 7 1 27.12119879164 0.042108941916182 0.028466034178718 1496.5058590018 0.80649214701069 39.379208055493 60.620791944507 8.6113264339131
2 10 1 27.221263300486 0.041962566472614 0.028359157043249 1496.5050417723 0.80671238534606 10793.107621184 0.452906496 10729.909198806 0.450254528 21523.016819989 0.903161024
3 5 1 27.321332601013 0.040570305913006 0.027411591218894 1496.5087705576 0.80797614628124 1.000025368587
4 6 1 27.421391162377 0.054716417621173 0.036985443600585 1496.5054030884 0.80708351183723 0.0 0.0
5 7 1 27.521460339715 0.042287301152324 0.028579036785649 1496.506528881 0.8160475391369 0.4690303379016 0.14966989699247 0.31910493820523
6 8 1 27.62152992104 0.042548311907045 0.028755622012793 1496.5034837476 0.8092304280084 33.940079053149 83.485567468179 48.921366288321 98.12100761131
7 7 1 27.721595035866 0.042023766839232 0.028404407633273 1496.5040546579 0.80728230666541 53.0 6.8220958054975e-07 49.641509433962
8 10 1 27.821655088177 0.042237327269002 0.028546592393852 1496.505249459 0.80669918573158 11269.873705985 0.476009344 5373.888517008 0.226978688 16643.762222993 0.702988032
9 19 1 27.921720631446 0.042084944560853 0.028443569436729 1496.5036561133 0.80654241719756 0.63323974609375 15.046705008203 0.10430908203125 2.4785367574959 0.00016633026544393 0.0 0.0 0.00016633026544393 11264.54709509 0.47406784 5367.6536908195 0.225897408 16632.20078591 0.699965248 1.0000496481791e-08
10 9 1 28.021785186488 0.042238267489243 0.0285522079 1496.5020622021 0.80723703820832 0.00016572649438765 0.0 0.0 0.00016572649438765 0.0
11 7 1 28.12185123157 0.042164803498506 0.028496318690781 1496.5034605853 0.8064974310645 70942632.0 99309119.0 99297537.0
12 10 1 28.2219135203 0.0420086263948 0.028389160304459 1496.5012072963 0.80659364898893 287.0 3.6930602649401e-06 142.88850174216 62202.0 0.00080040325644532 33.274541011543
13 9 1 28.321977618819 0.042146081521482 0.028489402003154 1496.5080263028 0.0 0.80764966782568 0.6519775390625 15.469469889631 0.106689453125 2.5314204612503
14 10 1 28.42204896283 0.041849289861231 0.028284190330566 1496.5086381359 0.80655570034941 10787.241587538 0.4514384 5381.5905776848 0.225215744 16169.879733775 0.676697984
15 19 1 28.522114941789 0.04188684432286 0.028308823104488 1496.5045350678 0.80713434555636 0.63134765625 15.072695650778 0.1051025390625 2.5092016541609 0.0 0.0 0.0 0.0 11257.717778053 0.471550272 5367.8516879174 0.224842368 16625.56946597 0.69639264 0.0
16 13 1 28.622183055719 0.04171006661325 0.028189750732787 1496.5099490504 0.8069955008251 204.0 0.62982177734375 15.099994521315 0.10198974609375 2.4452069817925 0.0 0.0 0.10467529296875 2.5095930423544
17 9 1 28.722253833605 0.042139038927676 0.028480275616802 1496.50777797 0.80679766712699 0.18191884857857 8.8526192090495e-06 4.8662462841097e-05 5257.0 6.7446694466628e-05
18 8 1 28.822313202037 0.042109323257918 0.028450565381843 1496.5062239804 0.80645841408093 0.090916340810239 1.6304108022855e-06 1.7933088680818e-05 10.999122831914
19 5 1 28.922373338587 0.042393305096741 0.028656296077742 1496.5076663673 0.80676656672886 6.4317673378076
20 6 1 29.022435024055 0.042059486150372 0.028423865119772 1496.5085088221 0.80712276597081 1.0 8.0
21 7 1 29.122504655199 0.042242104457392 0.028545423006251 1496.5046448925 0.81114865297911 65.876548751594 34.123451248406 4.6199976113124
22 7 1 29.222572423112 0.042030667222461 0.028409331561237 1496.5090498029 0.80756509617497 0.011059874272898 0.0033399239131435 0.30198570351998
23 9 1 29.322640976355 0.041751374709442 0.028210017551449 1496.5064308469 0.80778336686435 0.0 0.0 0.0 0.0 -
24 6 1 29.422702054031 0.041708053020191 0.028188281978336 1496.509935779 0.80728331117698 0.0 0.0
25 13 1 29.522765838237 0.041723179877625 0.028200477214567 1496.5096891792 0.8067253463655 1.2395792502433 249065860.0 70172799.0 60219.0 11212.0 0.024177942332201 0.010061595756239 28.174394917071 71.79136554484
26 7 1 29.622835265576 0.041929921446152 0.028337535148017 1496.5055822471 0.80720058704476 28.165793306752 71.834206693248 7.2077638440246
27 12 1 29.722901844174 0.041909379717237 0.028322676407338 1496.509831716 0.80688701876258 21114145.0 87.662474611214 63.54407909958 94.99281169093 33.763033234468 29.597510437141 21.454408544928 32.072454581564
1 7 1 29.822965416423 0.04219702098744 0.02852125943665 1496.5051794323 0.80663879880266 39.469784318318 60.530215681682 8.5140511011673
2 10 1 29.923024006772 0.041950398863278 0.028348628478735 1496.512764805 0.80628254338976 10798.161931102 0.4529872 10735.373874936 0.450353216 21533.535806038 0.903340416
3 5 1 30.02307982628 0.054193358970908 0.03662889315417 1496.5082275926 0.80709163581824 1.0000189912824
4 6 1 30.123137293438 0.04207853965014 0.028430152276505 1496.5049850775 0.80701001076205 0.0 0.0
5 7 1 30.223194166391 0.041952561913311 0.028350052848993 1496.5059627864 0.80677015826436 0.46984834015889 0.15098619147121 0.32135090957255
6 8 1 30.323254468703 0.054222429711176 0.03665188326007 1496.5060190177 0.8065484482722 33.68239022687 83.428327660719 48.640053426841 98.129959238754
7 7 1 30.423314589854 0.041915797309148 0.028328033307629 1496.510859312 0.80669174850999 52.0 6.7065131566441e-07 48.596153846154
8 10 1 30.523368431095 0.041987894447917 0.028372454637893 1496.5137879391 0.80655596715515 11258.159958136 0.472706432 5369.1894524418 0.22544096 16627.349410578 0.698147392
9 19 1 30.623435631072 0.053989872847029 0.036488322528916 1496.513281993 0.81353248537946 0.87652587890625 16.235005431292 0.13726806640625 2.5424780457471 0.00012965394491358 0.0 0.0 0.00012965394491358 11503.919813995 0.621095168 5400.4024203966 0.29156704 16904.322234392 0.912662208 7.6698694639058e-09
10 9 1 30.723506735953 0.041855954736501 0.028287074397277 1496.5073314417 0.80792486913677 0.00016724024201736 0.0 0.0 0.00016724024201736 0.0
11 7 1 30.823567412359 0.04182147455955 0.02825999868117 1496.5076940692 0.80695195047599 70313974.0 98429550.0 98418456.0
12 10 1 30.923629478263 0.053961213339891 0.036469987781327 1496.5118506479 0.80650690325154 373.0 3.735799417658e-06 141.76139410188 80171.0 0.00080295650164359 33.335670005364
13 9 1 31.023693736202 0.041850192037878 0.028285021854825 1496.512290513 0.0 0.80721143379951 0.62982177734375 15.049435777349 0.1038818359375 2.482230806575
14 10 1 31.123758255918 0.041915160531856 0.028324505217227 1496.5049951619 0.806545375188 10785.703174306 0.45208448 5380.8349327109 0.22553856 16167.613040273 0.677668096
15 19 1 31.223823490309 0.045910755067419 0.031029094029021 1496.5135479628 0.8064511542162 0.67620849609375 14.728760071594 0.11328125 2.4674229346402 0.0 0.0 0.0 0.0 11266.930357394 0.51727328 5365.6293746041 0.246340096 16632.559731998 0.763613376 0.0
16 13 1 31.323898577086 0.041636008417814 0.028127613316228 1496.5095031347 0.81952846037124 205.0 0.66839599609375 16.053315903543 0.1533203125 3.6823970002466 0.0 0.0 0.10479736328125 2.5169887139425
17 9 1 31.423988601407 0.04156735513006 0.028087097342001 1496.5069780502 0.80748992029555 0.18191725117101 9.1274721273238e-06 5.0173757950769e-05 3941.0 5.1314361845625e-05
18 8 1 31.524047284149 0.053936068336156 0.036455971887404 1496.5114975087 0.80638870256374 0.090914770164789 1.2021516229964e-06 1.3222841798064e-05 10.999312852988
19 5 1 31.624106628124 0.042103494435906 0.028455624726884 1496.5094212066 0.80679871338176 6.0337837837838
20 6 1 31.724165787316 0.041833248145953 0.028269209759808 1496.5124277954 0.80702042912236 1.0 8.0
21 7 1 31.824227384015 0.054100343290488 0.036564894318927 1496.5056703138 0.80615059382519 66.315902826929 33.684097173071 4.5666114707716
22 7 1 31.924289528723 0.041846544381897 0.028282193494805 1496.5120625328 0.80562359690189 0.011035774111959 0.0033210070886465 0.30093104977998
23 9 1 32.024350812016 0.042197330770987 0.028516239041002 1496.5084789477 0.80727296500204 0.0 0.0 0.0 0.0 -
24 6 1 32.124412785528 0.054192567301842 0.036625488252548 1496.5110335295 0.81320720860923 0.0 0.0
25 13 1 32.224484077909 0.041917989344777 0.028324925055456 1496.5107642898 0.80873974217983 1.2364917263799 250164980.0 70307076.0 76242.0 11856.0 0.030476687824171 0.010170488291367 28.104283821021 71.855069002864
26 7 1 32.324551884772 0.04209032863514 0.028431219308724 1496.5135826956 0.80750723613388 28.15533536717 71.84466463283 7.195513976167
27 12 1 32.424616393618 0.053962820228818 0.036473971036151 1496.510747072 0.80695866174593 27140365.0 87.747209737231 63.881753248344 95.061606577509 33.700386533517 29.571148853822 21.528397769079 32.036128861591
1 7 1 32.524682051018 0.04209415745109 0.028450318551384 1496.5125515931 0.80726329791305 39.36498538248 60.63501461752 8.5655452534025
2 10 1 32.624741619631 0.04187110967373 0.028295775963501 1496.5149853595 0.80662874289626 10793.822172895 0.451949312 10733.885094094 0.44943968 21527.707266988 0.901388992
3 5 1 32.724799293312 0.054191803712572 0.036627764980461 1496.514055733 0.80673505735037 1.0000189560427
4 6 1 32.824857414457 0.042025587496923 0.028389576972389 1496.5127507943 0.80659200495927 0.0 0.0
5 7 1 32.92491514792 0.04225637986297 0.028555187528594 1496.5176167655 0.80593664156264 0.4697394930418 0.15098050354066 0.32141326368576
6 8 1 33.024977304404 0.042003965148791 0.028398229625421 1496.5118450489 0.80652686178515 33.732384304247 83.469383755039 48.778270152859 98.145866820845
7 7 1 33.125043161985 0.042213424116857 0.028517773465941 1496.5089743783 0.80672958760108 53.0 6.7903238448935e-07 46.320754716981
8 10 1 33.225098135476 0.042213632450822 0.028524783903852 1496.5108130262 0.80634933218191 11266.501089525 0.475599936 5366.4969074603 0.226539328 16632.997996985 0.702139264
9 19 1 33.325164472226 0.041799279745915 0.028253600563956 1496.5158331295 0.80656000426554 0.63287353515625 15.140776085217 0.10498046875 2.5115377439072 0.00016746700044955 0.0 0.0 0.00016746700044955 11289.263232965 0.471883072 5372.8803310767 0.224582528 16662.143564042 0.6964656 1.005074766076e-08
10 9 1 33.425235128736 0.041808066910224 0.028257460177101 1496.5138425172 0.80680302608728 0.00016743180245648 0.0 0.0 0.00016743180245648 0.0
11 7 1 33.525296667464 0.041723347450597 0.028197608093554 1496.5147909171 0.80786975609638 70080219.0 98101482.0 98089818.0
12 10 1 33.625360522322 0.042049674526437 0.028421905421804 1496.5153587828 0.80884492225662 286.0 3.6862123824926e-06 150.8041958042 62270.0 0.00080258896873362 33.304207483539
13 9 1 33.725436424318 0.041784599447806 0.02823612677912 1496.516211296 0.0 0.81112955017717 0.664306640625 15.898360865103 0.1055908203125 2.5270272231375
14 10 1 33.825508545506 0.042046467089181 0.02841627225256 1496.5101968309 0.80775734900843 10770.587479787 0.452865152 5373.3374440426 0.225929856 16144.988889558 0.678839744
15 19 1 33.925574775372 0.041823524384602 0.028270894094622 1496.5193679085 0.80639854074574 0.62646484375 14.978767403463 0.1043701171875 2.4954883339752 0.0 0.0 0.0 0.0 11279.049457001 0.4717296 5371.7887075704 0.224667136 16650.838164571 0.696396736 0.0
16 13 1 34.025647297829 0.041827670230499 0.028270219273736 1496.5150394685 0.80664523769725 205.0 0.62786865234375 15.010844469313 0.101318359375 2.4222807250958 0.0 0.0 0.10406494140625 2.4879449616195
17 9 1 34.125712700699 0.041848477358769 0.028266754136424 1496.5139918319 0.80625437196691 0.18191562651263 8.9909923433174e-06 4.9423969318509e-05 3986.0 5.1491516494918e-05
18 8 1 34.225773295584 0.041800437358119 0.028253689332341 1496.5160474683 0.80622541527086 0.090916375120981 1.5379086071317e-06 1.6915639290339e-05 10.999118680978
19 5 1 34.325837779973 0.041959744906093 0.02835656011509 1496.50957553 0.80667935574336 6.2339544513458
20 6 1 34.425895859452 0.041911214867726 0.028324993443345 1496.5143774754 0.80716269531653 1.0 8.0
21 7 1 34.525958785865 0.042139265377638 0.028483396550173 1496.5115065592 0.80718913999412 66.130052736038 33.869947263962 4.5949725201596
22 7 1 34.626025044716 0.042000642674955 0.028384845073991 1496.5148992327 0.80592981598682 0.011070415026145 0.0033305568169069 0.30085202849586
23 9 1 34.726085747391 0.042065781459304 0.02843059611843 1496.5149692777 0.80602260142804 0.0 0.0 0.0 0.0 -
24 6 1 34.826145258939 0.041906257425167 0.028325240726703 1496.5125218588 0.80734285344393 0.0 0.0
25 13 1 34.926212318517 0.0421300606396 0.028473709926616 1496.5114996188 0.80642866545028 1.2400352850077 251479044.0 70878809.0 64934.0 11868.0 0.02582083936982 0.01024459119544 28.184777495814 71.779157073621
26 7 1 35.026277213234 0.041866309840344 0.028293430394799 1496.510419496 0.80646856370126 28.19173096044 71.80826903956 7.1378382270225
27 12 1 35.12634154092 0.042094995315948 0.028454846191916 1496.5130332028 0.80655719530355 21156346.0 87.60895666955 63.748683255606 94.91522307302 33.67337645522 29.500893787828 21.466334097906 31.96116037869
1 7 1 35.22641527262 0.049954908626945 0.033762424322838 1496.5116335661 0.81231941016188 39.0483992244 60.9516007756 8.7220508906575
2 10 1 35.326483046874 0.041771965351549 0.028228833278757 1496.5158174859 0.80738869418841 10784.034991145 0.450470336 10728.513734712 0.448151104 21512.548725857 0.89862144
3 5 1 35.426543700636 0.041904535499659 0.028324405579244 1496.514651558 0.80697965858311 1.0000242723123
4 6 1 35.526606112555 0.041383677037221 0.027966560291949 1496.5141614167 0.80706735080734 0.0 0.0
5 7 1 35.626663524459 0.042425886717214 0.028674391241273 1496.5146729506 0.80673561015569 0.46990036252913 0.15100337136775 0.3213518937398
6 8 1 35.726725644711 0.042157046228622 0.028496748039908 1496.5141435726 0.80577326676183 33.390872491119 83.499122362556 48.785763092101 98.135929315011
7 7 1 35.826790803015 0.042292763125398 0.028585171768008 1496.5142779498 0.80676610207067 43.0 5.496389971067e-07 46.116279069767
8 10 1 35.926845467628 0.042138181135222 0.028477363923196 1496.5105921489 0.8067788831167 11269.211228557 0.474864064 5367.2665005219 0.226166848 16636.477729079 0.701030912
9 19 1 36.026914966525 0.042375146527222 0.028640416953536 1496.5087237576 0.8063982275774 0.62823486328125 14.825550228544 0.10479736328125 2.4730855671243 0.00016519116920347 0.0 0.0 0.00016519116920347 11289.893232409 0.47841088 5374.9845998452 0.22776576 16664.877832254 0.70617664 9.9125340651314e-09
10 9 1 36.126976723551 0.042511350744315 0.028728742402353 1496.5111100469 0.80688585806557 0.00016466190505452 0.0 0.0 0.00016466190505452 0.0
11 7 1 36.227036660825 0.054382760812977 0.036758499978083 1496.5121430547 0.80689019468395 91465279.0 128039456.0 128025395.0
12 10 1 36.327100155175 0.042366510631487 0.028635303260504 1496.5130378769 0.80719749900439 284.0 3.625756279778e-06 144.43661971831 62792.0 0.00080164960675992 33.215823671805
13 9 1 36.427162077963 0.041789960877096 0.028238381767837 1496.5144889882 0.0 0.80634087267252 0.63555908203125 15.208415339283 0.10491943359375 2.5106372772714
14 10 1 36.527224156547 0.054043115761996 0.03652997754645 1496.5156052875 0.80676627479859 10785.687534506 0.58289216 5380.9243952677 0.29080192 16167.411291531 0.87373728
15 19 1 36.627288547639 0.041917189523512 0.028331459042648 1496.5142988976 0.80660390228339 0.6334228515625 15.111291066096 0.10498046875 2.5044729845524 0.0 0.0 0.0 0.0 11270.248730178 0.472417152 5373.2778022644 0.225232704 16643.526532443 0.697649856 0.0
16 13 1 36.727356989468 0.042171295366004 0.028498764803266 1496.5117912284 0.81523504604676 204.0 0.6883544921875 16.322820682013 0.1605224609375 3.8064389425159 0.0 0.0 0.107421875 2.5472747295924
17 9 1 36.827430629682 0.053819473779936 0.036362314447792 1496.5098437711 0.80733063311249 0.18190058726832 7.5516542451675e-06 4.1515282377995e-05 4963.0 4.9905272994362e-05
18 8 1 36.927491565148 0.042151694763129 0.028487615765857 1496.5121044357 0.80686396538305 0.090916323360774 1.4751775844431e-06 1.6225662564349e-05 10.999124942963
19 5 1 37.027549496981 0.041806037918569 0.028249846023593 1496.5129182685 0.80688216978116 6.2914798206278
20 6 1 37.1276066145 0.054208884380274 0.036630452941505 1496.5131107077 0.80708881836379 1.0 8.0
21 7 1 37.227668930404 0.04200479757885 0.028388893546405 1496.5124527759 0.80687060649161 66.238027537101 33.761972462899 4.5323628469865
22 7 1 37.327746644906 0.041667547462663 0.0064185565881553 1496.4915823024 0.81207007438063 0.010956579810198 0.0033226070736402 0.30325221293488
