1 7 2 0.10063022777731 0.10064141510625 0.10064141510625 0.0 0.0014443725238177 - 1893.8549214196 - 1.4362191314221 - 32.505237361161 - 67.494762638839 - 9.8365672119455
2 10 2 0.20094697925711 0.052521493493752 0.052521493493752 0.0 0.0 - - - - 0.0 0.0 0.0 0.0 0.0 0.0 0.0 0.0 0.0 0.0 0.0 0.0
3 5 2 0.30124186084551 0.051958085289657 0.051958085289657 0.0 0.0 - - - - - -
4 6 2 0.4015209034598 0.056888179395646 0.056888179395646 0.0 0.0 - - - - 0.0 0.0 0.0 0.0
5 7 2 0.50180358728005 0.057073653438058 0.057073653438058 0.0 0.0 - - - - - - - - - -
6 8 2 0.60212310817884 0.056967305393189 0.056967305393189 0.0 0.0 - - - - - - - - - - - -
7 7 2 0.70241148398882 0.057412245719501 0.057412245719501 0.0 0.0 - - - - 0.0 0.0 - - - -
8 10 2 0.8026880417383 0.05688224181936 0.05688224181936 0.0 0.0 - - - - 529.19995832082 0.0 0.03010208 0.0 6.1724712101713 0.0 0.000351104 0.0 535.37242953099 0.0 0.030453184 0.0
9 19 2 0.90303482546447 0.050691106919628 0.050691106919628 0.0 0.0 - - - - 0.63006591796875 0.0 12.429515870855 0.0 0.0333251953125 0.0 0.65741699752854 0.0 0.0 0.0 0.0 0.0 0.0 0.0 0.0 0.0 501.29503071002 0.0 0.0254112 0.0 0.15655606046604 0.0 7.936e-06 0.0 501.45158677049 0.0 0.025419136 0.0 0.0 0.0
Running without Marker API. Activate Marker API with -m on commandline.
10 9 2 1.0033540772149 0.049029091232046 0.049029091232046 0.0 0.0 - - - - 0.0 0.0 0.0 0.0 0.0 0.0 0.0 0.0 - -
11 7 2 1.1036484540368 0.050488909428988 0.050488909428988 0.048327723188781 0.023262180099527 2193.8501482748 2193.8484249294 1.3802812669069 0.7298395829968 74841828.0 64533082.0 97995126.0 89471237.0 100241272.0 89688942.0
12 10 2 1.2039304627205 0.05719207691089 0.05719207691089 0.056815867292026 0.056822385304456 2193.8509288873 2193.8465980849 0.73164107098272 0.72972504767151 0.0 0.0 0.0 0.0 - - 0.0 0.0 0.0 0.0 - -
13 9 2 1.3041645765868 0.057059249921955 0.057059249921955 0.056668065413082 0.056680626576835 2193.8464946894 2193.8450951112 0.0 0.0 0.73168238372468 0.7297007999512 0.90771484375 0.0 15.908285597717 0.0 0.03778076171875 0.0 0.66213211303033 0.0
14 10 2 1.4044250389009 0.057283874631451 0.057283874631451 0.056897989264416 0.05690531925309 2193.8489675923 2193.8455933687 0.73183702515405 0.73004623808872 1.2177947188247 1.2490775189413 6.976e-05 7.1552e-05 0.56309040209878 0.55862143065355 3.2256e-05 3.2e-05 1.830043806821 1.8412162354341 0.000104832 0.000105472
15 19 2 1.5046821762811 0.056795866033921 0.056795866033921 0.056416723875856 0.056424708611 2193.847458827 2193.8501791721 0.73169817186755 0.72971614538092 0.89447021484375 0.0 15.748861269402 0.0 0.037109375 0.0 0.65338162072987 0.0 0.0 0.0 0.0 0.0 0.0 0.0 0.0 0.0 496.5262785703 0.0 0.02820064 0.0 0.5262354830922 0.0 2.9888e-05 0.0 497.05251405339 0.0 0.028230528 0.0 0.0 0.0
16 13 2 1.6049311349943 0.056283957604368 0.056283957604368 0.055897463708269 0.055920595515886 2193.8509749044 2193.8448268271 0.7317706340766 0.72976021788704 210.0 210.0 0.88604736328125 0.0 15.742449553911 0.0 0.2313232421875 0.0 4.1099320664961 0.0 0.0 0.0 0.0 0.0 0.0364990234375 0.0 0.64848004637591 0.0
17 9 2 1.7051472177318 0.055686696515693 0.055686696515693 0.055312023851875 0.055324911709195 2193.8511881026 2193.8479189946 0.73155671750356 0.72998470164013 0.20118036471017 0.20118060058011 2.0375707063254e-07 1.9131469316812e-07 1.0128079394134e-06 9.5095994651801e-07 243.0 190.0 1.4562637695208e-06 1.1359309906857e-06
18 8 2 1.8053905832336 0.051775302731002 0.051775302731002 0.051428925083151 0.051432359670166 2193.8561960156 2193.8453846242 0.73152118279145 0.72994826000287 0.091428657976084 0.091428659033623 0.00071430884733099 0.00071432016008478 0.0078127456220329 0.0078128692647903 10.937489646426 10.937489519914
19 5 2 1.9056245348859 0.055036930650629 0.055036930650629 0.054673253649496 0.054673717182809 2193.8497914488 2193.8467752117 0.73142901255541 0.73011276921784 6.125926302759 6.2773442789438
20 6 2 2.0058597008776 0.055292453049914 0.055292453049914 0.054921385343131 0.054930668243419 2193.849679518 2193.8480504187 0.73174176217348 0.72972987940108 0.0 0.0 - -
21 7 2 2.106130135275 0.05504384151094 0.05504384151094 0.054678091523581 0.054682889523833 2193.8477097145 2193.8490161139 0.73177134406124 0.72968578227429 85.78451669761 85.866268285268 14.21548330239 14.133731714732 1.3663356636639 1.3671983108537
22 7 2 2.2063845141109 0.054652382869937 0.054652382869937 0.054290479348171 0.054291125485517 2193.8512353078 2193.845529687 0.73170588076875 0.72988677649512 1.9637440262727e-07 1.385520157209e-07 1.91584783051e-08 9.5553114290273e-09 0.097560975609756 0.068965517241379
23 9 2 2.3066404625258 0.05448207175891 0.05448207175891 0.054117702403038 0.05412694452327 2193.8538168005 2193.848830344 0.73159131916283 0.7297754375918 0.0 0.0 0.0 0.0 0.0 0.0 0.0 0.0 - -
24 6 2 2.4068814229105 0.054436057355135 0.054436057355135 0.05407256839538 0.054076029715989 2193.8535222225 2193.8476864338 0.73166079491619 0.72986153504723 0.0 0.0 0.0 0.0
25 13 2 2.5071439405395 0.054813241163771 0.054813241163771 0.054455165983125 0.054453682495277 2193.8499455527 2193.8502800594 0.73185499280446 0.72956613944402 1.3663908968743 1.3706776478992 480721736.0 480708640.0 149672086.0 150137539.0 63125944.0 55361410.0 2885164.0 2839232.0 13.131493600697 11.516624706392 0.80158555593168 0.7935700926865 31.134869674376 31.232544312081 54.932051168995 56.457260888841
26 7 2 2.607414371312 0.054126170608865 0.054126170608865 0.053754410547348 0.053774480678914 2193.8487941636 2193.849359019 0.73152258978047 0.72995605287472 31.374402158628 31.440755566642 68.625597841372 68.559244433358 2.5224058456528 2.5162993463673
27 12 2 2.7076968476071 0.053376747346937 0.053376747346937 0.053026537733058 0.053028547283641 2193.8469279047 2193.8512046975 0.73168734748139 0.7297294189758 16567866.0 16480160.0 0.022555711157973 0.017232842399588 0.018155627284769 0.012681915709556 98.152809782503 98.041190134076 14.15724082715 14.081762396116 0.0031932663489106 0.0024266879208071 0.0025703358783846 0.0017858372374954 13.895729659524 13.805927445005
1 7 2 2.8079665688066 0.05361163684987 0.05361163684987 0.053262083794906 0.053266753564534 2193.8490143517 2193.8501941318 0.73140586521965 0.73008625318959 57.784908937291 57.97905511112 42.215091062709 42.02094488888 1.4797175009735 1.469195465385
2 10 2 2.9082074847863 0.053293189010319 0.053293189010319 0.052939630900657 0.052946944124197 2193.8516591712 2193.8507716523 0.7316443559019 0.72990430771595 0.17533197343831 0.17052835772767 9.344e-06 9.088e-06 0.038428925685108 0.018013558914895 2.048e-06 9.6e-07 0.21376089912342 0.18854191664256 1.1392e-05 1.0048e-05
3 5 2 3.0084427912427 0.052403903746527 0.052403903746527 0.052056918475823 0.052057553738487 2193.8522470407 2193.8493309814 0.73118012179963 0.73021341288223 1.0078892982349 1.0078893722299
4 6 2 3.1086769712633 0.053029468913371 0.053029468913371 0.052676391555271 0.052682427909917 2193.8490601833 2193.8467647697 0.73150200732942 0.72989075224178 0.0 0.0 0.0 0.0
5 7 2 3.2089080800924 0.052958887697087 0.052958887697087 0.052602617260531 0.052612389974614 2193.8554074657 2193.8482110971 0.73207455809104 0.72962542802779 7.5072811167848e-05 1.7751526324932e-05 1.5764975045747e-06 1.5520803547817e-06 0.0209995800084 0.087433628318584
6 8 2 3.3091666982418 0.038907134022286 0.038907134022286 0.038657362516925 0.038660612687461 2193.8552729211 2193.8468855148 0.73147791429641 0.7297917430337 14.075548656597 14.017383861688 0.0078250915287219 0.0059632592207335 0.0055839928164816 0.0040235591400901 99.495610962892 99.493240168659
7 7 2 3.4094075217867 0.052546498918428 0.052546498918428 0.052193856094494 0.052201245440806 2193.8480407164 2193.843374115 0.73122659447366 0.73030088364059 0.0 0.0 0.0 0.0 - -
8 10 2 3.5096179070972 0.052255691801454 0.052255691801454 0.051907717840927 0.051909175954517 2193.8530934423 2193.8499187166 0.73169391587432 0.73002962219962 503.39794753742 0.0 0.026305408 0.0 0.78383805836172 0.0 4.096e-05 0.0 504.18178559578 0.0 0.026346368 0.0
9 19 2 3.6098867510723 0.052371895932967 0.052371895932967 0.052020505963004 0.05203788098592 2193.8510089317 2193.8462834882 0.73157093155055 0.72965458569692 0.820068359375 0.0 15.65855779643 0.0 0.033935546875 0.0 0.64797247207616 0.0 0.0 0.0 0.0 0.0 0.0 0.0 0.0 0.0 500.75468021183 0.0 0.026225472 0.0 0.18574847877288 0.0 9.728e-06 0.0 500.9404286906 0.0 0.0262352 0.0 0.0 0.0
10 9 2 3.7101272918756 0.051365181323507 0.051365181323507 0.051006159592458 0.051030527488911 2193.8523135366 2193.8506161406 0.73156875973994 0.72979204517373 0.0 0.0 0.0 0.0 0.0 0.0 0.0 0.0 - -
11 7 2 3.8103797286745 0.052318972481327 0.052318972481327 0.051974092820895 0.05197425775357 2193.8491815036 2193.8456485485 0.7315167439947 0.73003461945744 143848876.0 144135885.0 199443197.0 199845900.0 199929094.0 200335570.0
12 10 2 3.9106501032611 0.05208496835874 0.05208496835874 0.051744538255632 0.051748608558424 2193.8515897197 2193.8484710533 0.73162282705926 0.72966282128889 0.0 0.0 0.0 0.0 - - 0.0 0.0 0.0 0.0 - -
13 9 2 4.0108875411551 0.052226104510827 0.052226104510827 0.051874603528489 0.051889494592827 2193.8546429475 2193.850002728 0.0 0.0 0.73137798282115 0.72997139416903 0.8226318359375 0.0 15.751353535605 0.0 0.0340576171875 0.0 0.6521186580255 0.0
14 10 2 4.1111428778692 0.052165945770867 0.052165945770867 0.051815438462583 0.05181664102115 2193.8532874374 2193.8498139312 0.73362272581968 0.73236363700638 1.3483125621635 1.6317158395609 7.0336e-05 8.512e-05 0.5103712701183 0.49932958398594 2.6624e-05 2.6048e-05 1.9089848468848 2.1776658761057 9.9584e-05 0.0001136
15 19 2 4.2114222440053 0.052079560923193 0.052079560923193 0.051738660943207 0.051747984623553 2193.853642685 2193.8483711775 0.73150727309767 0.72983033979178 0.823974609375 0.0 15.821458452582 0.0 0.03411865234375 0.0 0.65512557592542 0.0 0.0 0.0 0.0 0.0 0.0 0.0 0.0 0.0 512.83996113926 0.0 0.02670848 0.0 0.87128230721684 0.0 4.5376e-05 0.0 513.71124344647 0.0 0.026753856 0.0 0.0 0.0
16 13 2 4.3116708003553 0.051974976389231 0.051974976389231 0.051626029144681 0.051643004523039 2193.8500607246 2193.8476860677 0.73170685484217 0.72971853886195 210.0 210.0 0.81964111328125 0.0 15.769917953269 0.0 0.21197509765625 0.0 4.0784068100158 0.0 0.0 0.0 0.0 0.0 0.033935546875 0.0 0.65292087139902 0.0
17 9 2 4.4119244397128 0.051387341206434 0.051387341206434 0.051046593472 0.051047252296475 2193.8536532397 2193.8481302547 0.73196763814758 0.72982714578788 0.20118551396016 0.20117909210922 2.079124095166e-07 1.8786719818054e-07 1.0334362818874e-06 9.3383062927111e-07 282.0 230.0 1.832228108865e-06 1.4899812269491e-06
18 8 2 4.5121636075874 0.051511965060365 0.051511965060365 0.051172040629967 0.051176076949378 2193.8488472228 2193.8477899007 0.73182096331479 0.72970595102173 0.091428650781243 0.091428656600359 0.00071430734372063 0.00071430591351163 0.0078127297911212 0.0078127136509717 10.937490507135 10.937489811002
19 5 2 4.6123967382012 0.051409496558244 0.051409496558244 0.051057650304764 0.051073007167975 2193.8479979519 2193.8472739575 0.73203470793905 0.72922787146895 6.0157922474422 5.8468861419289
20 6 2 4.7126315498595 0.051752500335622 0.051752500335622 0.051411152681236 0.051411038043965 2193.8493285285 2193.8444366541 0.73153835805758 0.7300514241487 0.0 0.0 - -
21 7 2 4.8129173501823 0.044072060539129 0.044072060539129 0.043784090354414 0.043784763225353 2193.8579019071 2193.852166551 0.73120684873029 0.73043230418868 85.814768189746 85.82823034407 14.185231810254 14.17176965593 1.3657709895552 1.3702784101387
22 7 2 4.9131799285283 0.051845876697498 0.051845876697498 0.051502019710275 0.051507817275033 2193.8542892587 2193.8417702508 0.73138083963156 0.73023697255558 1.5644778501176e-07 1.0076485106761e-07 2.0186810969259e-08 1.5114727660142e-08 0.12903225806452 0.15
23 9 2 5.013431707409 0.051630757366157 0.051630757366157 0.051286829240392 0.051290477696151 2193.8507765497 2193.8473109831 0.73155772189041 0.73000415220326 0.0 0.0 0.0 0.0 0.0 0.0 0.0 0.0 - -
24 6 2 5.1136673183564 0.051942128506498 0.051942128506498 0.051596797999885 0.051603352714366 2193.8511036821 2193.8531803193 0.73156871872389 0.73004793473139 0.0 0.0 0.0 0.0
25 13 2 5.2139289569487 0.05232616970826 0.05232616970826 0.051982312267922 0.051988655832331 2193.8532954701 2193.8516921627 0.73141501203565 0.72993981710379 1.3672128457096 1.3699759576998 458891768.0 458947768.0 142961378.0 143267787.0 60246072.0 52859566.0 2695836.0 2755564.0 13.12860160089 11.517555958568 0.79004990998226 0.80301425499034 31.153615725789 31.216577787126 54.927732763339 56.462851999315
26 7 2 5.3141953514017 0.05213372046367 0.05213372046367 0.051789865742004 0.051790737528998 2193.8513182632 2193.8531403293 0.73178708518454 0.72948239064596 31.364493690278 31.466571905631 68.635506309722 68.533428094369 2.5215875917922 2.5122097304863
27 12 2 5.4144562659214 0.052256811893684 0.052256811893684 0.051907113842973 0.05191678370069 2193.8520851563 2193.8492019717 0.73238508489936 0.72918119511034 16276400.0 16120031.0 0.010450713917082 0.0092431584033554 0.0048659408714458 0.0038585533737497 98.139779066624 98.054699770739 14.208125699401 14.069005879934 0.0014848505698238 0.0013004204992597 0.00069135899547354 0.00054286010103325 13.9438231709 13.795321476297
1 7 2 5.5147246513475 0.052263095647343 0.052263095647343 0.051921212414871 0.051922321632419 2193.8454796665 2193.8520766046 0.73187317430649 0.72943739357873 57.767053239395 57.999231088394 42.232946760605 42.000768911606 1.4818009569226 1.469745835094
2 10 2 5.6149726739318 0.052652101141367 0.052652101141367 0.052308242341691 0.052307248667637 2193.8521763525 2193.8469981671 0.73165556111843 0.72997285734273 0.29537282772902 0.25404494236776 1.5552e-05 1.3376e-05 0.059560775961819 0.020663942680631 3.136e-06 1.088e-06 0.35493360369084 0.27470888504839 1.8688e-05 1.4464e-05
3 5 2 5.7151934463759 0.052181907991367 0.052181907991367 0.051833400718318 0.051841270363079 2193.8541043902 2193.8557010305 0.73200860518991 0.72947935813281 1.0078892531089 1.0078893225072
4 6 2 5.8154398051339 0.051612114536582 0.051612114536582 0.051270252600369 0.051270162431132 2193.8489528181 2193.850413951 0.73157188603882 0.72991877355292 0.0 0.0 0.0 0.0
5 7 2 5.9156669555789 0.052096433898298 0.052096433898298 0.051752037254987 0.051756418392434 2193.8550437554 2193.8475359038 0.73143775997073 0.7298757071884 3.2820796306805e-05 1.7322857377401e-05 8.5173968952295e-07 1.0607135096453e-06 0.025951219512195 0.061232017705644
6 8 2 6.0159248315312 0.052459128099601 0.052459128099601 0.052111166373089 0.052120763279816 2193.8489547437 2193.848245459 0.73239463976259 0.72904118500154 14.152757653213 14.002143190638 0.0036875914278777 0.0032122474554088 0.0012329650187999 0.001043219741946 99.487662167724 99.498030479369
7 7 2 6.1161599467744 0.052302840797035 0.052302840797035 0.051956264686236 0.051959004199837 2193.8505288347 2193.8542208215 0.73195622571281 0.7296608539795 0.0 0.0 0.0 0.0 - -
8 10 2 6.2163675182609 0.051466341238913 0.051466341238913 0.051118978979246 0.051125584895354 2193.853314166 2193.8522725096 0.7317467935648 0.72973136056449 583.96597225521 0.0 0.030054592 0.0 178.40320059623 0.0 0.00918176 0.0 762.36917285145 0.0 0.039236352 0.0
9 19 2 6.3166493230444 0.051598084384557 0.051598084384557 0.051248706230742 0.051264351726133 2193.8490259314 2193.8535628711 0.73157660489935 0.73002468232581 0.90362548828125 0.0 17.512772015848 0.0 0.03790283203125 0.0 0.73457827908422 0.0 0.0 0.0 0.0 0.0 0.0 0.0 0.0 0.0 850.20582688783 0.0 0.043868992 0.0 57.197782344092 0.0 0.002951296 0.0 907.40360923192 0.0 0.046820288 0.0 0.0 0.0
10 9 2 6.4169063181475 0.051162598687885 0.051162598687885 0.050822186256142 0.050824625356658 2193.8547229487 2193.8437410767 0.73183717452854 0.72978477199412 0.0 0.0 0.0 0.0 0.0 0.0 0.0 0.0 - -
11 7 2 6.5171595143617 0.051654778632126 0.051654778632126 0.051317002857615 0.051320082658135 2193.8563598165 2193.8463011616 0.73140767624922 0.7300315568053 142048704.0 142321984.0 196947573.0 197329498.0 197430110.0 197814142.0
12 10 2 6.6174226944401 0.051698203955399 0.051698203955399 0.051356632463812 0.051364792553201 2193.8534243675 2193.8479723078 0.73163262719478 0.72978004882634 0.0 0.0 0.0 0.0 - - 0.0 0.0 0.0 0.0 - -
13 9 2 6.7176586443151 0.052055251478155 0.052055251478155 0.051706175096757 0.051714018461037 2193.853731523 2193.8454275573 0.0 0.0 0.73140218429659 0.72983747322265 0.826171875 0.0 15.871057223625 0.0 0.03411865234375 0.0 0.6554315150714 0.0
14 10 2 6.8179109207125 0.052161218002935 0.052161218002935 0.051816174769166 0.051821290853862 2193.8528814098 2193.8519368225 0.73173534867494 0.72984364352465 1.0650058055944 1.1840214313348 5.5552e-05 6.176e-05 0.52759504194191 0.52268718108664 2.752e-05 2.7264e-05 1.6330906995923 1.7398366731945 8.5184e-05 9.0752e-05
15 19 2 6.918179060552 0.052373199988565 0.052373199988565 0.052024994487935 0.052038846567046 2193.8533109252 2193.8503041478 0.73216160539326 0.72922113287755 0.83978271484375 0.0 16.03458858781 0.0 0.0347900390625 0.0 0.66427178538062 0.0 0.0 0.0 0.0 0.0 0.0 0.0 0.0 0.0 509.41840494424 0.0 0.026679872 0.0 1.5507167791491 0.0 8.1216e-05 0.0 510.96912172338 0.0 0.026761088 0.0 0.0 0.0
16 13 2 7.0184265946819 0.05184970277306 0.05184970277306 0.051504064150462 0.051515454926582 2193.8584134188 2193.8564404026 0.73156658115743 0.72975819664342 210.0 210.0 0.822998046875 0.0 15.872763060517 0.0 0.21307373046875 0.0 4.109449409987 0.0 0.0 0.0 0.0 0.0 0.0340576171875 0.0 0.65685269858858 0.0
17 9 2 7.1186794030324 0.052670478447459 0.052670478447459 0.052325272999681 0.052329231836984 2193.8538870942 2193.8496043217 0.73166729018135 0.72986292653062 0.20117125722622 0.20117240089987 1.9007662406885e-07 1.7695396326509e-07 9.4484980950883e-07 8.7961351792568e-07 206.0 187.0 1.3051928186061e-06 1.1817996832347e-06
18 8 2 7.2189162138198 0.052047390895629 0.052047390895629 0.051700543370898 0.051706667629223 2193.8574154196 2193.8517725579 0.73222131475134 0.72928709321238 0.091428657383768 0.091428658453423 0.00071431646692072 0.00071430951099941 0.0078128290118317 0.0078127528401098 10.937489717284 10.937489589322
19 5 2 7.3191484635843 0.051806653532534 0.051806653532534 0.051463600365545 0.051469340385111 2193.8558145145 2193.854963502 0.73194148954149 0.72973998184818 6.2776701129429 6.1470804953004
20 6 2 7.4193940846764 0.052213208044384 0.052213208044384 0.051861507239767 0.051871193862619 2193.8580788904 2193.8523958676 0.73145073545621 0.72993447705839 0.0 0.0 - -
21 7 2 7.5196544391499 0.051677115228634 0.051677115228634 0.051339610414945 0.051338172238271 2193.8573613857 2193.8507986231 0.73127948598978 0.73006195716505 86.0186147554 86.054970218801 13.9813852446 13.945029781199 1.3577961410973 1.3601730046941
22 7 2 7.6199007136292 0.052229174796001 0.052229174796001 0.051881167758317 0.051890203712706 2193.8588626813 2193.8537038288 0.73155186834907 0.72991509702217 1.6035178616255e-07 1.249727828025e-07 1.503297995274e-08 9.9978226241998e-09 0.09375 0.08
23 9 2 7.7201607019884 0.051944069637207 0.051944069637207 0.051574684787467 0.051601112983018 2193.8605564033 2193.8495699229 0.73208314052823 0.72973063634659 0.0 0.0 0.0 0.0 0.0 0.0 0.0 0.0 - -
24 6 2 7.8203617368849 0.051786748333642 0.051786748333642 0.051441086602346 0.051442704664382 2193.8517457095 2193.8518290477 0.73157840359591 0.73001483183583 0.0 0.0 0.0 0.0
25 13 2 7.9206329533532 0.048759396403648 0.048759396403648 0.048438803079586 0.048443455177856 2193.8550048974 2193.8479947835 0.73196336619811 0.72960141584388 1.3661885910959 1.3706113753129 427610220.0 427651288.0 133116582.0 133560348.0 56141159.0 49260973.0 2606168.0 2561072.0 13.129049862279 11.518958175101 0.81025355287346 0.80112257255729 31.130355584111 31.23113427873 54.930341000737 56.448784973611
26 7 2 8.0209014883061 0.051873264583722 0.051873264583722 0.051518140972997 0.051528827160356 2193.8543575614 2193.8488518811 0.73230691949371 0.73061745167037 31.343049682593 31.416328352238 68.656950317407 68.583671647762 2.5294701689223 2.5224884803536
27 12 2 8.1211772703283 0.051623988782932 0.051623988782932 0.051286396518677 0.051286593622286 2193.853537433 2193.854878422 0.73158426992139 0.72979091840879 16059777.0 15980388.0 0.011376247627847 0.014442703143378 0.0066999684989399 0.0088233151785801 98.182060684902 98.041906116422 14.188701196584 14.118507307493 0.0016141417832987 0.0020390940986973 0.00095063851057987 0.001245720398251 13.93075921923 13.842053679453
1 7 2 8.2214490948725 0.052175405837848 0.052175405837848 0.051833079462092 0.051837838041622 2193.852784463 2193.8542475022 0.73125251018564 0.73026987823868 57.805227917008 57.978284046184 42.194772082992 42.021715953816 1.4788696447899 1.4683274835897
2 10 2 8.3216875486431 0.052457473335513 0.052457473335513 0.052108104243926 0.05211563677355 2193.8561155583 2193.8435123889 0.73162034700075 0.72982356004149 0.14640430641559 0.16592488060433 7.68e-06 8.704e-06 0.054901614905845 0.017080502415152 2.88e-06 8.96e-07 0.20130592132143 0.18300538301948 1.056e-05 9.6e-06
3 5 2 8.4219211758673 0.052375125713474 0.052375125713474 0.052030163133593 0.052030626213795 2193.8563335892 2193.85663945 0.73174749924693 0.72981072548689 1.0078890982076 1.0078895407088
4 6 2 8.5221511682291 0.052728841052468 0.052728841052468 0.052381009822136 0.052385770667225 2193.8539610466 2193.8520327497 0.73188436676898 0.72957949997332 0.0 0.0 0.0 0.0
5 7 2 8.6223870628245 0.052566436741365 0.052566436741365 0.052199095878695 0.052222833949825 2193.852302353 2193.8502973394 0.73157398747765 0.72979914810367 9.7726195484156e-05 1.7368969079816e-05 1.4796415327707e-06 1.8173146649315e-06 0.015140684904802 0.10462996718921
6 8 2 8.7226459582783 0.052313887661341 0.052313887661341 0.05197211634747 0.05197287259097 2193.8514617461 2193.8553969164 0.73162795020584 0.72984591581631 14.161280462394 14.094292721331 0.0049398241192449 0.0048377488856809 0.0025893536241012 0.0024611578850743 99.493762186091 99.491232545689
7 7 2 8.8228863649604 0.051899805150985 0.051899805150985 0.051558120834572 0.0515615404689 2193.8575225655 2193.8513913632 0.7323676734321 0.7292853763953 0.0 0.0 0.0 0.0 - -
8 10 2 8.9230531826705 0.052162947983572 0.052162947983572 0.051811018810637 0.051820149918491 2193.859156424 2193.8492472259 0.73169288561442 0.72974619973678 506.25850380076 0.0 0.026407936 0.0 1.4281401431426 0.0 7.4496e-05 0.0 507.6866439439 0.0 0.026482432 0.0
9 19 2 9.0233213623839 0.051755300566197 0.051755300566197 0.051410623899831 0.05141906219983 2193.8603618067 2193.8526402666 0.73175924402788 0.73010457621164 0.84564208984375 0.0 16.339236379511 0.0 0.03717041015625 0.0 0.71819523313767 0.0 0.0 0.0 0.0 0.0 0.0 0.0 0.0 0.0 805.7053005936 0.0 0.04169952 0.0 61.206175316253 0.0 0.003167744 0.0 866.91147590986 0.0 0.044867264 0.0 0.0 0.0
10 9 2 9.1235765577271 0.051667014461648 0.051667014461648 0.051326780102816 0.051331651054058 2193.861575162 2193.8519150363 0.73160210983338 0.72975875926471 0.0 0.0 0.0 0.0 0.0 0.0 0.0 0.0 - -
11 7 2 9.2238234937495 0.052070642777858 0.052070642777858 0.051721528788186 0.051731053197034 2193.8546380549 2193.8543625538 0.73206676680337 0.72948315152422 143036813.0 143579331.0 198323606.0 199066264.0 198807981.0 199548831.0
12 10 2 9.3240987510683 0.051917363231045 0.051917363231045 0.051578428396692 0.051581590210438 2193.8558690329 2193.8563993787 0.73155439537888 0.72985429125404 0.0 0.0 0.0 0.0 - - 0.0 0.0 0.0 0.0 - -
13 9 2 9.4243370217816 0.038949054108347 0.038949054108347 0.038684507082143 0.038698659574339 2193.853047468 2193.8495906007 0.0 0.0 0.73159636758533 0.72996393814034 0.732421875 0.0 18.804612634817 0.0 0.02685546875 0.0 0.68950246327663 0.0
14 10 2 9.5245843465739 0.051969746573487 0.051969746573487 0.051628610522283 0.051628268876029 2193.8505783922 2193.8519084948 0.73188923298739 0.72961675110206 1.0209016494813 1.0861703918487 5.3056e-05 5.6448e-05 0.53692776739911 0.54308519592433 2.7904e-05 2.8224e-05 1.5836906166864 1.6674316446293 8.2304e-05 8.6656e-05
15 19 2 9.6248683081693 0.05253188334603 0.05253188334603 0.052186234301856 0.05219621499423 2193.8533890915 2193.849652115 0.73145268606784 0.72998786672197 0.82977294921875 0.0 15.79560633212 0.0 0.033935546875 0.0 0.64599905264133 0.0 0.0 0.0 0.0 0.0 0.0 0.0 0.0 0.0 501.51759887343 0.0 0.026345664 0.0 0.43615417039358 0.0 2.2912e-05 0.0 501.95375304382 0.0 0.026368576 0.0 0.0 0.0
16 13 2 9.7251142265027 0.051881505780112 0.051881505780112 0.051530640513553 0.051550100756712 2193.8572494627 2193.8548059561 0.73187938074727 0.72958783201953 210.0 210.0 0.8154296875 0.0 15.717155376253 0.0 0.22265625 0.0 4.2916304500428 0.0 0.0 0.0 0.0 0.0 0.033447265625 0.0 0.64468571453493 0.0
17 9 2 9.8253591996449 0.051682035115944 0.051682035115944 0.051338586382404 0.051340585964528 2193.8543298672 2193.8530088368 0.73203781940642 0.72963780106282 0.20117505293132 0.20117038340162 1.7444506778764e-07 1.9962435076044e-07 8.6713071648699e-07 9.9231480988881e-07 131.0 231.0 8.4638162519189e-07 1.4875233879245e-06
18 8 2 9.925598807038 0.051393054039296 0.051393054039296 0.051052354334706 0.051054889948023 2193.8554719363 2193.8558092787 0.73170237532255 0.72969366281857 0.091428656223946 0.091428663610168 0.0007143073306121 0.00071431208558658 0.0078127291826588 0.0078127805589749 10.937489856031 10.937488972428
19 5 2 10.025821317619 0.051791969993374 0.051791969993374 0.051440696473135 0.051451765539917 2193.8598494075 2193.8494570098 0.73124065081024 0.73015183585896 5.9664970046394 6.1717464228863
20 6 2 10.126053258361 0.051765312523281 0.051765312523281 0.051422092158059 0.051422874228928 2193.8563866476 2193.8526262094 0.73164703894707 0.72978607652572 0.0 0.0 - -
21 7 2 10.226308262491 0.051994962242013 0.051994962242013 0.051655164682899 0.051658904214118 2193.855518104 2193.8577045266 0.73161181230926 0.72989968107364 85.78075584289 85.847907019217 14.21924415711 14.152092980783 1.3672236862481 1.369130286284
22 7 2 10.326555503911 0.052226364596968 0.052226364596968 0.051880257003712 0.051886718830286 2193.8571483753 2193.851781274 0.73171869716702 0.72964358120313 1.5537895684543e-07 7.4960810488277e-08 5.0122244143687e-09 0.0 0.032258064516129 0.0
23 9 2 10.426796001215 0.051974345657684 0.051974345657684 0.051632295226981 0.051632823102163 2193.8557188965 2193.8534980904 0.73216254244959 0.72923973811844 0.0 0.0 0.0 0.0 0.0 0.0 0.0 0.0 - -
24 6 2 10.527023037476 0.052496101111646 0.052496101111646 0.052149286210957 0.05215369997245 2193.8557728456 2193.8549238173 0.7318765660445 0.729564583997 0.0 0.0 0.0 0.0
25 13 2 10.627278003545 0.051993244948505 0.051993244948505 0.051649399742186 0.051657142968771 2193.853547422 2193.8568204479 0.7316675247425 0.72964871481561 1.3667409939398 1.3705225263814 455952868.0 456021224.0 141996653.0 142411075.0 59876370.0 52546198.0 2748328.0 2728040.0 13.132140228143 11.522752721702 0.80374009183774 0.80077588669426 31.142835798546 31.229045383203 54.921283881473 56.4474260084
26 7 2 10.727538535638 0.052110222088652 0.052110222088652 0.051769591710153 0.051770198879889 2193.8596523643 2193.853773482 0.73176126760381 0.72967692110854 31.363085180883 31.454756357929 68.636914819117 68.545243642071 2.5232643537577 2.5147433421046
27 12 2 10.827804477886 0.051860915476264 0.051860915476264 0.051522356724658 0.051525710657784 2193.8591827704 2193.8484854182 0.73137689028919 0.72992184785024 16006706.0 15960303.0 0.0088275501530421 0.0064597771107478 0.0041045296889941 0.0017480871133837 98.202459644102 98.045143629165 14.077047177698 14.035324552804 0.0012426583996787 0.0009066506828812 0.00057779658074231 0.00024534969982915 13.82400657376 13.760954116616
1 7 2 10.928092866383 0.043632924574252 0.043632924574252 0.043342922183371 0.043352564854384 2193.8573490784 2193.8504223591 0.73209162700392 0.72966543192178 57.767304523586 58.00205220824 42.232695476414 41.99794779176 1.4814397798041 1.4693709393291
2 10 2 11.028338212889 0.051677941704454 0.051677941704454 0.051335917101123 0.051334844132515 2193.8553655577 2193.8537843067 0.73133692831691 0.7301385270459 0.2390188074951 0.18328903372682 1.2352e-05 9.472e-06 0.055729773768288 0.026007227758535 2.88e-06 1.344e-06 0.29474858126339 0.20929626148535 1.5232e-05 1.0816e-05
3 5 2 11.128571332628 0.052263253330229 0.052263253330229 0.051919586649936 0.051922904787233 2193.8555772965 2193.8539548014 0.73182640082415 0.72969540069179 1.0078892398588 1.0078893793935
4 6 2 11.228811805465 0.052126065593875 0.052126065593875 0.051780539796099 0.051786629617932 2193.8512230005 2193.8529081455 0.73165680924196 0.72988535186027 0.0 0.0 0.0 0.0
5 7 2 11.329045138166 0.05207103064151 0.05207103064151 0.051725581872731 0.051724317237855 2193.8507874707 2193.8516341933 0.73149146911152 0.73005442499667 3.0866390423686e-05 1.8271576874433e-05 1.0829188253276e-06 1.1000039280373e-06 0.03508407722649 0.060203010150508
6 8 2 11.429336800849 0.052292381165548 0.052292381165548 0.051955682437645 0.051954570501427 2193.8539393728 2193.8524813011 0.73196674083524 0.7295393444138 14.172177636901 14.075987541683 0.0034500750892796 0.0031414146711234 0.00090612437253831 0.00078317334110739 99.490398792488 99.494473818145
7 7 2 11.529571918811 0.051860290182058 0.051860290182058 0.051517730453757 0.05151879934436 2193.8562869199 2193.8523950247 0.73157004544869 0.7298456362181 0.0 0.0 0.0 0.0 - -
8 10 2 11.629780768979 0.051844994942045 0.051844994942045 0.051491118294839 0.051504356407537 2193.8559255354 2193.8532111969 0.73195522508325 0.72963085643518 500.90605716193 0.0 0.025969472 0.0 0.29750219895366 0.0 1.5424e-05 0.0 501.20355936088 0.0 0.025984896 0.0
9 19 2 11.730037421529 0.051744084238098 0.051744084238098 0.051384014912695 0.051413044422765 2193.8548294723 2193.846944349 0.73133793828659 0.72992651567054 0.80694580078125 0.0 15.594938294166 0.0 0.033447265625 0.0 0.6463978659105 0.0 0.0 0.0 0.0 0.0 0.0 0.0 0.0 0.0 518.46297784602 0.0 0.026827392 0.0 3.6041994509333 0.0 0.000186496 0.0 522.06717729696 0.0 0.027013888 0.0 0.0 0.0
10 9 2 11.830297718911 0.051470785358893 0.051470785358893 0.051131701450779 0.051132102001561 2193.8569041174 2193.8509765822 0.73179840007242 0.72978733530046 0.0 0.0 0.0 0.0 0.0 0.0 0.0 0.0 - -
11 7 2 11.930546769152 0.051654548451361 0.051654548451361 0.051314778078954 0.051318953956782 2193.8569119223 2193.8511940568 0.73144493826806 0.72995905526711 142035159.0 142332368.0 196928374.0 197344228.0 197411525.0 197829463.0
12 10 2 12.030810280909 0.052032620359014 0.052032620359014 0.051687719855445 0.051696616704529 2193.8583705654 2193.8490478194 0.73137946625299 0.7299695263869 0.0 0.0 0.0 0.0 - - 0.0 0.0 0.0 0.0 - -
13 9 2 12.131046460964 0.052122167926658 0.052122167926658 0.051775408758716 0.051782075391798 2193.8585581326 2193.8565901279 0.0 0.0 0.73151710434283 0.73009598810493 0.814453125 0.0 15.625848988976 0.0 0.03387451171875 0.0 0.64990603933466 0.0
14 10 2 12.2312968062 0.051737040162934 0.051737040162934 0.051398264823916 0.051401601991907 2193.8563844174 2193.8537890242 0.73187544221975 0.72965086321813 1.0823966702316 1.119507413211 5.6e-05 5.792e-05 0.58882378860601 0.53686874843489 3.0464e-05 2.7776e-05 1.705857152285 1.6885388055613 8.8256e-05 8.736e-05
15 19 2 12.331567625742 0.052143321901514 0.052143321901514 0.051795736257752 0.051809674428094 2193.8630211255 2193.8496062859 0.73180314747786 0.72968545499368 0.81317138671875 0.0 15.594928690094 0.0 0.033935546875 0.0 0.65081290637938 0.0 0.0 0.0 0.0 0.0 0.0 0.0 0.0 0.0 500.45204349058 0.0 0.026095232 0.0 0.090826587706574 0.0 4.736e-06 0.0 500.54287007829 0.0 0.026099968 0.0 0.0 0.0
16 13 2 12.431819924795 0.051918711691594 0.051918711691594 0.051561297147894 0.051580641847559 2193.8569067962 2193.8495505275 0.73090570945327 0.73062310951668 210.0 210.0 0.89581298828125 0.0 17.254145164513 0.0 0.28546142578125 0.0 5.4982378506797 0.0 0.0 0.0 0.0 0.0 0.037841796875 0.0 0.72886625345765 0.0
17 9 2 12.532076639875 0.051851817898679 0.051851817898679 0.051510652848324 0.051514884912008 2193.8548806702 2193.8480480237 0.7316830113749 0.72949458443796 0.20117638493344 0.20117304212927 1.9952298302667e-07 1.4757829630161e-07 9.9178133205191e-07 7.3358882850106e-07 168.0 171.0 1.0812858434994e-06 1.0972125507641e-06
18 8 2 12.632312931396 0.051924203405925 0.051924203405925 0.051572063082919 0.051584685416758 2193.8547976158 2193.8540969009 0.73184425333264 0.72962350224859 0.091428659427412 0.091428656758468 0.00071431910424235 0.00071431011387522 0.0078128576828743 0.007812759578895 10.937489472805 10.937489792087
19 5 2 12.732545287189 0.052493872708092 0.052493872708092 0.052147455639513 0.052147929141285 2193.8572104637 2193.8579540634 0.73132591486063 0.72987612531032 5.8949169414546 6.0859314712483
20 6 2 12.832780642581 0.052032290493665 0.052032290493665 0.051688370523909 0.051692792894525 2193.856087468 2193.8520788798 0.73112227208621 0.73031035563445 0.0 0.0 - -
21 7 2 12.933038677123 0.052233411390803 0.052233411390803 0.051888277081572 0.05189692290675 2193.859847343 2193.8487074953 0.73157978580642 0.72994985620208 85.860957053728 85.917607998101 14.139042946272 14.082392001899 1.3649107130438 1.366362493962
22 7 2 13.033290325507 0.05191125709719 0.05191125709719 0.051568398315138 0.051571161843662 2193.8540250283 2193.8481893222 0.73178911858851 0.72940116386012 1.7146268731624e-07 1.3068367294183e-07 3.5301141506285e-08 0.0 0.20588235294118 0.0
23 9 2 13.133542293789 0.052251840351634 0.052251840351634 0.051909356292991 0.051912622322438 2193.8540377367 2193.8484617083 0.7315140866767 0.73004700029099 0.0 0.0 0.0 0.0 0.0 0.0 0.0 0.0 - -
24 6 2 13.233778082356 0.051924992726582 0.051924992726582 0.051579041456881 0.051587116814373 2193.8555066048 2193.8552856448 0.73219499922505 0.72934483138682 0.0 0.0 0.0 0.0
25 13 2 13.33403512277 0.051553840741475 0.051553840741475 0.051216339552681 0.051221146615168 2193.8559923043 2193.8489000711 0.73121627117893 0.73020689058043 1.3675844471947 1.3694748884184 452129880.0 452172316.0 140892982.0 141100995.0 59373733.0 52088523.0 2661276.0 2779172.0 13.132008218523 11.519617888327 0.79058256446134 0.81657918217178 31.162059450705 31.205137954531 54.915349766311 56.458664974969
26 7 2 13.434297536183 0.051584710338336 0.051584710338336 0.051242941743141 0.051251638769946 2193.852380599 2193.8503887016 0.73152512911374 0.72971044745205 31.376307153219 31.454648890119 68.623692846781 68.545351109881 2.520589628346 2.5136978418069
27 12 2 13.534559276273 0.051007012802298 0.051007012802298 0.050673566510501 0.050672869171528 2193.8556296047 2193.8505556478 0.73157455194534 0.72980156040928 15823645.0 15748086.0 0.0080702012715781 0.0078104729679531 0.002881763335818 0.0026923906816359 98.173827838023 98.044829066847 14.149150865138 14.08178147548 0.0011418649530359 0.0010998537355486 0.00040774504196112 0.00037913657225415 13.890763010883 13.806458577201
1 7 2 13.634828212683 0.051494716002514 0.051494716002514 0.051158082975821 0.051162047250464 2193.8544852804 2193.853891728 0.73183588548879 0.72948073302521 57.769822831629 57.994419208073 42.230177168371 42.005580791927 1.4810240167188 1.4686374457354
2 10 2 13.735062366423 0.051179304011644 0.051179304011644 0.050835435243522 0.050844024429732 2193.8506541918 2193.8493575111 0.73191608619385 0.72963362062659 0.22509098594578 0.19883037091878 1.152e-05 1.0176e-05 0.060024262918876 0.012505054774766 3.072e-06 6.4e-07 0.28511524886466 0.21133542569354 1.4592e-05 1.0816e-05
3 5 2 13.835294907085 0.051652337266052 0.051652337266052 0.051309270958824 0.051311561891799 2193.8570930042 2193.8522823518 0.73130988249056 0.73005320065377 1.0078892435372 1.0078892201948
4 6 2 13.935485391728 0.051424827140974 0.051424827140974 0.051080951576173 0.051088614148867 2193.8538861197 2193.8501731377 0.7319240042876 0.7296535433986 0.0 0.0 0.0 0.0
5 7 2 14.035719018952 0.050588558669841 0.050588558669841 0.050247868480604 0.050256857764483 2193.8593403706 2193.8519764749 0.73152368264977 0.72994013809293 4.1399872163052e-05 1.6465864505731e-05 1.2995179758001e-06 1.1253648403197e-06 0.031389420012747 0.068345323741007
6 8 2 14.135979483079 0.052352877020645 0.052352877020645 0.052009960240286 0.052010725999133 2193.8571441801 2193.8492423517 0.73190202729421 0.72948601888874 14.160868818256 14.059071843911 0.0033384455458759 0.003040449742629 0.00081805855103797 0.00060199162525978 99.492307113294 99.496641784056
7 7 2 14.236221174786 0.052132153603261 0.052132153603261 0.051787227272321 0.051791192000077 2193.8571609641 2193.8513276289 0.73169572905119 0.72969316537936 0.0 0.0 0.0 0.0 - -
8 10 2 14.336428001356 0.052179714024305 0.052179714024305 0.05182626466147 0.051836162887506 2193.8590028118 2193.8517485778 0.73179186421528 0.7297307167109 508.34161313427 0.0 0.02652512 0.0 1.7919607600081 0.0 9.3504e-05 0.0 510.13357389428 0.0 0.026618624 0.0
9 19 2 14.436689580138 0.051790732998315 0.051790732998315 0.051449748739546 0.05145560747439 2193.8588757299 2193.8524850077 0.73188807118225 0.72961746794316 0.83673095703125 0.0 16.155997580851 0.0 0.0340576171875 0.0 0.6576006018028 0.0 0.0 0.0 0.0 0.0 0.0 0.0 0.0 0.0 507.43039301752 0.0 0.026280192 0.0 1.4569401827631 0.0 7.5456e-05 0.0 508.88733320028 0.0 0.026355648 0.0 0.0 0.0
10 9 2 14.536935377037 0.05183826260776 0.05183826260776 0.051497816192631 0.051501587441672 2193.8517482662 2193.8464667829 0.73191243063543 0.72957433078412 0.0 0.0 0.0 0.0 0.0 0.0 0.0 0.0 - -
11 7 2 14.637181718577 0.051668106460949 0.051668106460949 0.051322114864305 0.051332052057951 2193.8534599996 2193.8548851295 0.73177574710737 0.7298257698971 141985488.0 142394686.0 196866636.0 197430875.0 197350449.0 197916062.0
12 10 2 14.737444083961 0.051869778341967 0.051869778341967 0.051528226334184 0.051529848021114 2193.8550282995 2193.8517372647 0.73187234430639 0.72969402991745 0.0 0.0 0.0 0.0 - - 0.0 0.0 0.0 0.0 - -
13 9 2 14.837680860311 0.051721629832538 0.051721629832538 0.051376357777342 0.051387604010815 2193.853445489 2193.8523742671 0.0 0.0 0.73162776076169 0.72971714701569 0.8297119140625 0.0 16.041874874185 0.0 0.03399658203125 0.0 0.65729912497581 0.0
14 10 2 14.93792819326 0.052086802555078 0.052086802555078 0.051741237789692 0.051748361612523 2193.8539669271 2193.8485425182 0.73189043244975 0.72959979031675 1.0456391509617 1.0210647878368 5.4464e-05 5.3184e-05 0.55783804293372 0.53694983427762 2.9056e-05 2.7968e-05 1.6145356573016 1.5617007765832 8.4096e-05 8.1344e-05
15 19 2 15.038190078345 0.051722939325477 0.051722939325477 0.051383579472309 0.051389063030629 2193.8539305941 2193.8527442353 0.73140638526136 0.72995861388729 0.83380126953125 0.0 16.120531439337 0.0 0.0340576171875 0.0 0.65846252420393 0.0 0.0 0.0 0.0 0.0 0.0 0.0 0.0 0.0 507.97422464076 0.0 0.02627392 0.0 1.2720081429632 0.0 6.5792e-05 0.0 509.24623278372 0.0 0.026339712 0.0 0.0 0.0
