1 7 2 0.10070712761581 0.10072324471904 0.10072324471904 0.0014455999153951 0.0 1894.934052618 - 1.4371314522746 - 32.471338785804 - 67.528661214196 - 9.8477365314362 -
2 10 2 0.20100653059176 0.051814059353164 0.051814059353164 0.0 0.0 - - - - 0.0 0.0 0.0 0.0 0.0 0.0 0.0 0.0 0.0 0.0 0.0 0.0
3 5 2 0.30130782447195 0.051184928500458 0.051184928500458 0.0 0.0 - - - - - -
4 6 2 0.40159530369222 0.050700381116961 0.050700381116961 0.0 0.0 - - - - 0.0 0.0 0.0 0.0
5 7 2 0.5018863770809 0.05119951456953 0.05119951456953 0.0 0.0 - - - - - - - - - -
6 8 2 0.60220757621811 0.05138855876311 0.05138855876311 0.0 0.0 - - - - - - - - - - - -
7 7 2 0.70250653774135 0.050386830941205 0.050386830941205 0.0 0.0 - - - - 0.0 0.0 - - - -
8 10 2 0.80275952110316 0.051535470963378 0.051535470963378 2.7111270078898e-05 0.0 896.5852353127 - 2.4569539144007 - 542.04716630708 0.0 0.027934656 0.0 167.81047768333 0.0 0.008648192 0.0 709.85764399041 0.0 0.036582848 0.0
9 19 2 0.90305526011222 0.050432423851286 0.050432423851286 0.0013504573373249 0.0 2193.1996149833 - 0.52220743012134 - 0.7506103515625 0.0 14.883487531273 0.0 0.03363037109375 0.0 0.66684026912762 0.0 2.0398385035657 0.0 0.0 0.0 0.0 0.0 2.0398385035657 0.0 577.6512365518 0.0 0.029132352 0.0 29.869038308409 0.0 0.001506368 0.0 607.52027486021 0.0 0.03063872 0.0 0.0033576467946442 0.0
10 9 2 1.0033505730786 0.056882571053717 0.056882571053717 0.0 0.0 - - - - 0.0 0.0 0.0 0.0 0.0 0.0 0.0 0.0 - -
11 7 2 1.1036574880025 0.057178992501539 0.057178992501539 0.018475346354898 0.0 2193.516421315 - 0.61650964440985 - 66022717.0 0.0 83866256.0 0.0 76187626.0 0.0
12 10 2 1.2039753721652 0.056905820292394 0.056905820292394 0.018439360253593 0.0 2193.2103607062 - 0.61666562458483 - 0.0 0.0 0.0 - - - 161012.0 0.0 0.0024405480941233 - 29.873220629518 -
13 9 2 1.3042604664531 0.056220781764833 0.056220781764833 0.018215390986231 0.0 2193.4228154243 - 0.0 0.0 0.61650888939136 - 0.8841552734375 0.0 15.726484863477 0.0 0.05755615234375 0.0 1.0237522591646 0.0
Running without Marker API. Activate Marker API with -m on commandline.
14 10 2 1.4045608121617 0.056556843309636 0.056556843309636 0.018335680052532 0.0 2192.8169388496 - 0.61678988297127 - 3.0723072546447 0.0 0.00017376 0.0 2.8742764002938 0.0 0.00016256 0.0 6.0291908113249 0.0 0.000340992 0.0
15 19 2 1.5048593920595 0.056078786278172 0.056078786278172 0.0032210271023929 9.1639963509578e-06 2193.1482769466 2194.0894839714 0.52762916456155 3.8512380952381 0.89093017578125 0.0 15.887115875902 0.0 0.0736083984375 0.0 1.3125890077644 0.0 0.0 0.0 0.0 0.0 0.0 0.0 0.0 0.0 2955.0231557793 0.0 0.165714112 0.0 1528.7212454056 0.0 0.085728832 0.0 4483.7444011849 0.0 0.251442944 0.0 0.0 0.0
16 13 2 1.6051203052537 0.055907954048654 0.055907954048654 0.029433496734004 0.0 2193.2015537923 - 3.8689985321903 - 207.0 207.0 0.8660888671875 0.0 15.491335390914 0.0 0.20269775390625 0.0 3.6255620037509 0.0 0.0 0.0 0.0 0.0 0.05706787109375 0.0 1.0207469056029 0.0
17 9 2 1.7053895543804 0.055649441332955 0.055649441332955 0.029982416444208 0.029616526474269 2193.1020204827 2193.3327915471 1.6120519452441 1.6085071892564 0.22357427909991 0.22345517888198 5.6048690618514e-07 2.5108125558056e-06 2.5069382240283e-06 1.1236314004303e-05 0.0 1374.0 0.0 3.3822122075263e-05
18 8 2 1.80565844545 0.05585904435113 0.05585904435113 0.055430489850794 0.055436891821636 2193.252932103 2193.2520294377 1.5731781298648 1.5729237816161 0.090909287367678 0.090909272115291 5.1453439390363e-08 0.0 5.6598661017177e-07 0.0 10.999976228562 10.999978074093
19 5 2 1.9059236362938 0.054845774398997 0.054845774398997 0.054426195801713 0.054442743933212 2193.2514124608 2193.2467855969 1.5713300015119 1.571601884475 6.1515151515152 6.3660714285714
20 6 2 2.0061900690066 0.054693027227217 0.054693027227217 0.054278323192511 0.054280546319377 2193.2522906555 2193.2533519142 1.5824987252553 1.5838473048347 0.0 0.0 - -
21 7 2 2.1064898998381 0.054237823305403 0.054237823305403 0.053835284601628 0.053848945161003 2193.2532220289 2193.252488055 1.5725750880131 1.5724846743594 42.759959965509 42.763648340618 57.240040034491 57.236351659382 4.8250977694805 4.7740303401618
22 7 2 2.2067776528135 0.053963031227671 0.053963031227671 0.053553557999729 0.053570778281511 2193.2519624796 2193.2527174802 1.5727277291523 1.5729676720206 0.01056230390854 0.010559275134341 0.0014882203531129 0.0014814849666806 0.14089921725407 0.14030176767177
23 9 2 2.3070614789445 0.053663586689901 0.053663586689901 0.053260554411173 0.053264942650585 2193.2522921759 2193.2520663481 1.5718095808439 1.5725063171235 0.0 0.0 0.0 0.0 0.0 0.0 0.0 0.0 - -
24 6 2 2.4073152581903 0.05361510575446 0.05361510575446 0.053188894035533 0.053212843071944 2193.2525834192 2193.2487874942 1.5844314579899 1.5847298944088 0.0 0.0 0.0 0.0
25 13 2 2.5076041406319 0.053653106946905 0.053653106946905 0.053230696525639 0.053248168353886 2193.2534345861 2193.2543108689 1.5719957174277 1.5710597611382 0.63613404853057 0.63651302435214 469782576.0 469936772.0 67927019.0 67989776.0 27670676.0 27166665.0 9108.0 9096.0 5.8901026588947 5.7809191828896 0.0035205647984697 0.0035368587840579 14.459246142837 14.467856114056 79.64713063347 79.74768784427
26 7 2 2.6079013290925 0.053112392637062 0.053112392637062 0.052689959100717 0.052709286027489 2193.2526453154 2193.2496584633 1.5802693442209 1.5813006101542 14.386834247396 14.37757347724 85.613165752604 85.62242652276 8.1080861784032 8.1086268310713
27 12 2 2.7082061772563 0.053131750383942 0.053131750383942 0.052719036059118 0.052735725600521 2193.2517673301 2193.2477000683 1.5721315573624 1.5715056595769 66619811.0 66587209.0 82.23944526051 82.242649635608 41.221109138241 41.446095150196 96.321181397528 96.754095820415 57.274482097121 57.228336383405 47.102216352503 47.066100184091 23.609176773617 23.71891075034 55.167457795263 55.370759420829
1 7 2 2.8085070967628 0.052612312825901 0.052612312825901 0.052212987118331 0.052222714488116 2193.2455055943 2193.2536468205 1.5710621994071 1.5703706456787 23.248819518303 23.123845068707 76.751180481697 76.876154931293 10.68083827959 10.631084972469
2 10 2 2.9087793091522 0.05294156675286 0.05294156675286 0.05254150589508 0.052553172212211 2193.2518135048 2193.2508684939 1.5716969417562 1.5716254526559 8133.3178900818 8134.1846570254 0.430590592 0.43063648 7966.5686126906 7968.2550002585 0.421762624 0.421851904 16099.886502772 16102.439657284 0.852353216 0.852488384
3 5 2 3.009060245445 0.05249973513177 0.05249973513177 0.052094990977375 0.052116526980669 2193.2460227535 2193.2470074294 1.571379132052 1.5708621325559 0.99999097693038 0.99998887980573
4 6 2 3.109330090125 0.052838015724307 0.052838015724307 0.052440309885323 0.052445363929703 2193.2476757354 2193.2475556126 1.5709899947529 1.5715873851131 0.0 0.0 0.0 0.0
5 7 2 3.2095942765958 0.052779802886713 0.052779802886713 0.052374073848589 0.052385157756337 2193.2512010507 2193.2536358101 1.5835892430869 1.5836057714124 0.46742251147861 0.46164326965593 0.15224274024136 0.15219249627377 0.32570690649828 0.32967554446793
6 8 2 3.3098856962575 0.052324933453711 0.052324933453711 0.051923184288578 0.051939277823492 2193.2496935163 2193.2449014263 1.5711807662066 1.5710928497159 57.282165562863 57.258411090339 76.569651060085 76.706436995534 35.059713089324 35.224802157696 97.623412445785 97.818048607495
7 7 2 3.4101522332148 0.05226867587999 0.05226867587999 0.051873839030419 0.051873911548319 2193.2488669705 2193.2501805273 1.5720480634461 1.5719148858791 0.0 0.0 0.0 0.0 - -
8 10 2 3.5103881703377 0.051843697418815 0.051843697418815 0.051449535892188 0.051457562263985 2193.2498112083 2193.2544736004 1.5710170478714 1.5718673105056 16730.380801992 0.0 0.8673648 0.0 8099.2087544978 0.0 0.419892928 0.0 24829.589556489 0.0 1.287257728 0.0
9 19 2 3.6106712595057 0.05246186084565 0.05246186084565 0.052059145379501 0.052082823380261 2193.2516300193 2193.2450661676 1.5751809957736 1.57600299157 0.9393310546875 0.0 17.905027376958 0.0 0.18084716796875 0.0 3.447212223387 0.0 0.0 0.0 0.0 0.0 0.0 0.0 0.0 0.0 16752.264632506 0.0 0.878854976 0.0 8090.9916872535 0.0 0.42446848 0.0 24843.256319759 0.0 1.303323456 0.0 0.0 0.0
10 9 2 3.7109547194213 0.051873071700604 0.051873071700604 0.05147982027362 0.051484940490583 2193.2491423844 2193.25183882 1.5721285309037 1.5719107362973 0.0 0.0 0.0 0.0 0.0 0.0 0.0 0.0 - -
11 7 2 3.8112307924824 0.051929941144105 0.051929941144105 0.051536697422147 0.051547917754195 2193.2459345029 2193.2471600394 1.5829426490127 1.5834172230196 65317428.0 65312056.0 91439220.0 91431800.0 91431610.0 91424110.0
12 10 2 3.9115309568963 0.051554869501576 0.051554869501576 0.051159356875829 0.051180744670666 2193.2486206317 2193.2468235713 1.5901412419032 1.5894464348876 443.0 448.0 6.2407902559147e-06 6.3058341676248e-06 82.972911963883 84.790178571429 53983.0 54013.0 0.00076048889477436 0.00076026120735695 49.139173443491 49.666857978635
13 9 2 4.0118187778572 0.05130751547771 0.05130751547771 0.050916707450714 0.050939837034856 2193.2486113481 2193.2414898314 0.0 0.0 1.5788940719687 1.578030528604 0.926513671875 0.0 18.058049844131 0.0 0.17755126953125 0.0 3.4605314226994 0.0
14 10 2 4.1121033880881 0.05107071643416 0.05107071643416 0.050686629003529 0.050702653646439 2193.2491030924 2193.2465932795 1.5723674974389 1.5712729320348 8122.3307007016 8130.6003320968 0.414813248 0.415235584 4054.3562819789 4052.1344216268 0.20705888 0.206945408 12176.749640897 12182.752298024 0.621875328 0.622181888
15 19 2 4.2124056845282 0.050565522298115 0.050565522298115 0.050186980220637 0.050204203221841 2193.2487316278 2193.2478463504 1.5716052898753 1.5725367317091 0.89971923828125 0.0 17.793136457226 0.0 0.17388916015625 0.0 3.4388878479503 0.0 0.0 0.0 0.0 0.0 0.0 0.0 0.0 0.0 16741.162624786 0.0 0.846525632 0.0 8103.7515954873 0.0 0.409770432 0.0 24844.914220274 0.0 1.256296064 0.0 0.0 0.0
16 13 2 4.3126845794421 0.050991798829697 0.050991798829697 0.050603544792486 0.05062501416996 2193.2465228903 2193.2500371909 1.571528405549 1.5720924332981 209.0 209.0 0.8990478515625 0.0 17.631224475237 0.0 0.23345947265625 0.0 4.5783729543639 0.0 0.0 0.0 0.0 0.0 0.17388916015625 0.0 3.4101397508452 0.0
17 9 2 4.4129737773366 0.051293026401328 0.051293026401328 0.050890797711587 0.050912617441165 2193.2484651572 2193.2456240825 1.5790029057489 1.5782536484713 0.18190573239221 0.18190636989488 6.187590764222e-07 3.9340026102107e-07 3.4015369844864e-06 2.1626524747232e-06 921.0 613.0 1.2951752486019e-05 8.6126557144971e-06
18 8 2 4.5132381233469 0.0512622688406 0.0512622688406 0.050871541036531 0.050875632405791 2193.2420777097 2193.2469131917 1.5715545704479 1.5705166666844 0.090909294569731 0.090909289331116 4.2005007080854e-08 4.1973889889951e-08 4.6205404276495e-07 4.617117810378e-07 10.999975357118 10.999975990987
19 5 2 4.613500884841 0.051329764875843 0.051329764875843 0.05093923196363 0.050953886018233 2193.2422079668 2193.2449473799 1.5709143061947 1.5725141732622 6.2546012269939 6.0984615384615
20 6 2 4.713761700136 0.051616458047407 0.051616458047407 0.051216120715138 0.051238765789063 2193.249416145 2193.2464361232 1.573781639251 1.5731322742974 0.0 0.0 - -
21 7 2 4.8140546635224 0.051404440183168 0.051404440183168 0.051017023727698 0.051025908076898 2193.2542539487 2193.2495104408 1.5721279706813 1.5723113823054 42.701309700884 42.719901354672 57.298690299116 57.280098645328 4.8449792592837 4.776813952565
22 7 2 4.9143440418052 0.051466545419035 0.051466545419035 0.051079396826557 0.051091733027788 2193.2467249323 2193.2424822044 1.5721972860454 1.5725283307722 0.010536211954547 0.010548377005546 0.0014636949273358 0.0014739514864288 0.13892041405869 0.13973253758885
23 9 2 5.0146259308019 0.051231569294191 0.051231569294191 0.050836338128544 0.050847209921436 2193.2487204477 2193.2438679245 1.583903506235 1.5845685308154 0.0 0.0 0.0 0.0 0.0 0.0 0.0 0.0 - -
24 6 2 5.1148848443149 0.051745980455301 0.051745980455301 0.051345583295765 0.051342837133547 2193.2500012794 2193.2460135597 1.5723326035013 1.5754657431381 0.0 0.0 0.0 0.0
25 13 2 5.2151829936377 0.051576260469071 0.051576260469071 0.051190784320657 0.051199869000555 2193.2525249539 2193.24750142 1.5725255922564 1.5718785048208 0.6359196981749 0.63618148408616 451779520.0 451859696.0 65301490.0 65339982.0 26563116.0 26059284.0 8208.0 8348.0 5.879663602281 5.7671184729872 0.0033341484802144 0.003371843104148 14.454282921014 14.460236789961 79.662719328225 79.769272893947
26 7 2 5.3154806788459 0.051380486614388 0.051380486614388 0.050990587780561 0.05100678646643 2193.2421746136 2193.2436010119 1.5732123700951 1.5736111674502 14.450382271875 14.446626622919 85.549617728125 85.553373377081 8.0776416276602 8.080892741184
27 12 2 5.4157762873227 0.051568407686996 0.051568407686996 0.051181662475336 0.051185903866 2193.24174781 2193.24410183 1.5871855092409 1.5887218780758 65135419.0 65158855.0 82.029129190065 82.086114005533 41.233096236013 41.498990428853 96.405634544241 96.687920621073 57.680372719696 57.696345104303 47.31470745555 47.360687619344 23.783403592803 23.943400732632 55.607129327906 55.785396355709
1 7 2 5.5160675220637 0.051127945747738 0.051127945747738 0.050741596665108 0.050751414682267 2193.2475164868 2193.2508542644 1.5767759282813 1.5777207140879 23.174975530534 23.048456610267 76.825024469466 76.951543389733 10.737414160718 10.695683848035
2 10 2 5.6162953797862 0.051545755814518 0.051545755814518 0.051144439037366 0.051143793628057 2193.2434689299 2193.247786989 1.5851671422502 1.5846838649753 8062.2775907178 8063.7638042535 0.415576192 0.4156528 7893.7382442145 7895.7012380323 0.406888704 0.406989888 15956.015834932 15959.465042286 0.822464896 0.822642688
3 5 2 5.7165557364055 0.051354976630184 0.051354976630184 0.050966207715884 0.05096692881575 2193.2489891751 2193.2479132244 1.5728189357861 1.5740570108563 0.99998753766347 0.99998879832297
4 6 2 5.8168230438654 0.051700712969295 0.051700712969295 0.051309944373906 0.051324796493023 2193.2450378832 2193.2473641585 1.5731902167808 1.5735906379433 0.0 0.0 0.0 0.0
5 7 2 5.9171180305013 0.051302140088386 0.051302140088386 0.050925396001584 0.050928696925736 2193.2461378819 2193.2472733173 1.5729602347549 1.5745910483946 0.4671371174402 0.46197668725262 0.15259772212853 0.15264585278831 0.32666580417486 0.33041895186551
6 8 2 6.017411243168 0.051008737198144 0.051008737198144 0.050632634441519 0.050641304862914 2193.2425709948 2193.2518657871 1.571447463109 1.5709241320613 57.256213790995 57.239530992472 76.620386783484 76.630733384864 35.132226969539 35.086995922897 97.653486616042 97.845227444271
7 7 2 6.1176831455434 0.050558832521858 0.050558832521858 0.050179631891203 0.050192082308126 2193.2445989671 2193.2434603557 1.5726061569917 1.571715940539 0.0 0.0 0.0 0.0 - -
8 10 2 6.2179250463572 0.051089090657023 0.051089090657023 0.050699086219005 0.050704922550229 2193.251855145 2193.2497097096 1.5834986868897 1.582976668134 16728.211620312 0.0 0.85462912 0.0 8222.420140928 0.0 0.420075968 0.0 24950.63176124 0.0 1.274705088 0.0
9 19 2 6.3182143031725 0.051149529794142 0.051149529794142 0.050764747098147 0.050780872812879 2193.2466441024 2193.2467140199 1.5734441094497 1.572471222452 0.900146484375 0.0 17.59833351348 0.0 0.17388916015625 0.0 3.399623825597 0.0 0.0 0.0 0.0 0.0 0.0 0.0 0.0 0.0 16723.775398185 0.0 0.855413248 0.0 8097.8061316888 0.0 0.414198976 0.0 24821.581529874 0.0 1.269612224 0.0 0.0 0.0
10 9 2 6.4184470150619 0.050904983119471 0.050904983119471 0.050501813056745 0.050533420436612 2193.2477518635 2193.2397278874 1.5721483638208 1.572133639131 0.0 0.0 0.0 0.0 0.0 0.0 0.0 0.0 - -
11 7 2 6.5187213667293 0.051418281130819 0.051418281130819 0.051030546956301 0.051036254568253 2193.2457953197 2193.2506019243 1.5722462063291 1.572085695056 65116177.0 65130127.0 91157698.0 91176901.0 91149645.0 91169102.0
12 10 2 6.6190194970161 0.051013974803457 0.051013974803457 0.050626629959415 0.050636865860973 2193.2517996436 2193.2463139229 1.571655006818 1.5734908755472 431.0 405.0 6.0643004104152e-06 5.7039757429207e-06 89.85150812065 100.09135802469 54178.0 54023.0 0.00076230085298255 0.00076085402854272 49.00315626269 49.228495270533
13 9 2 6.7192884297835 0.05125857042771 0.05125857042771 0.05085950941048 0.050880327033329 2193.2469607389 2193.2402301943 0.0 0.0 1.5719344255479 1.5714855118806 0.8980712890625 0.0 17.52041232459 0.0 0.17388916015625 0.0 3.3923919201275 0.0
14 10 2 6.8195722885477 0.051027436845082 0.051027436845082 0.050635672488284 0.050639195951741 2193.2413037841 2193.2484939798 1.5850887727598 1.5847559445893 8055.690691421 8058.0298251768 0.411061248 0.411180608 4032.3768686381 4004.8453270428 0.205761856 0.204356992 12088.086373467 12062.893965628 0.616824064 0.61553856
15 19 2 6.9198637997632 0.051295235477851 0.051295235477851 0.050906016499335 0.050922926313859 2193.2451770353 2193.2468838007 1.5790599204134 1.5784611535618 0.91668701171875 0.0 17.870802291464 0.0 0.1744384765625 0.0 3.4006760069913 0.0 0.0 0.0 0.0 0.0 0.0 0.0 0.0 0.0 16772.777744075 0.0 0.860363584 0.0 8101.9448322729 0.0 0.415591168 0.0 24874.722576348 0.0 1.275954752 0.0 0.0 0.0
16 13 2 7.0201400232989 0.0501683653292 0.0501683653292 0.049771783064437 0.049799542463245 2193.2454782733 2193.2431169654 1.584021308676 1.5823704627321 209.0 209.0 0.9832763671875 0.0 19.599529718286 0.0 0.3096923828125 0.0 6.1730610670754 0.0 0.0 0.0 0.0 0.0 0.17474365234375 0.0 3.4831442323683 0.0
17 9 2 7.1204283283168 0.051013457206947 0.051013457206947 0.050625324183982 0.050625702636771 2193.2455104565 2193.2439487509 1.5719140713116 1.5723818825266 0.18189344158236 0.18189291825091 9.147440143057e-07 3.660037629973e-07 5.0290104269181e-06 2.0121935835481e-06 1442.0 768.0 2.0293244132751e-05 1.0811188076228e-05
18 8 2 7.2206932988874 0.050737744151888 0.050737744151888 0.050354594015114 0.050360730842385 2193.2428518848 2193.2429485852 1.5719658011399 1.5728730932149 0.090909299286944 0.090909294234332 4.2447340466128e-08 4.246666430552e-08 4.6691967487449e-07 4.6713226258314e-07 10.999974786338 10.999975397701
19 5 2 7.3209553769003 0.051205762893072 0.051205762893072 0.050809441239507 0.050831175307315 2193.2453259829 2193.2423625564 1.5727359878688 1.5726825984895 6.2829581993569 6.1794871794872
20 6 2 7.4212138181406 0.051569344074377 0.051569344074377 0.051170729495466 0.051177693480032 2193.2510520419 2193.2439616021 1.5827795446754 1.5836826572298 0.0 0.0 - -
21 7 2 7.5215063310096 0.051217499008681 0.051217499008681 0.050829535949543 0.050837000307617 2193.2449555432 2193.2450997508 1.5713074240039 1.5711928815369 42.721793328537 42.755196242997 57.278206671463 57.244803757003 4.8307533351918 4.7677298181604
22 7 2 7.6217898018029 0.051617295629149 0.051617295629149 0.051219200459696 0.051241963375208 2193.2428487859 2193.2449156877 1.5732523597969 1.5727227613332 0.010522396091507 0.010579399111377 0.0014744241233169 0.0014830208133411 0.14012246930212 0.1401800610534
23 9 2 7.7220745208107 0.051440069133816 0.051440069133816 0.051049107006282 0.051055988501737 2193.2382597232 2193.2418553624 1.5721335714921 1.5710272835474 0.0 0.0 0.0 0.0 0.0 0.0 0.0 0.0 - -
24 6 2 7.8223422751622 0.051698628079676 0.051698628079676 0.051309674244729 0.051324480586922 2193.245893705 2193.2444922798 1.5719846722903 1.5702245376699 0.0 0.0 0.0 0.0
25 13 2 7.9226549407555 0.05128790119876 0.05128790119876 0.050908045187582 0.050918219902162 2193.2486466459 2193.2441271612 1.5738203117954 1.5729981440629 0.63539655226538 0.63572865853298 449284232.0 449374028.0 64886998.0 64933892.0 26420795.0 25924732.0 7724.0 7776.0 5.8806415000115 5.7690766231821 0.0031688180857413 0.0032251530121808 14.442304754644 14.449854231451 79.673884927259 79.777843992355
26 7 2 8.0229562727076 0.050953334429166 0.050953334429166 0.05057574006999 0.05058662953912 2193.245085541 2193.2409751907 1.5854634262544 1.5839698848476 14.339607109288 14.353108147911 85.660392890712 85.646891852089 8.1444493427804 8.1335694021223
27 12 2 8.1232624660784 0.051096415871377 0.051096415871377 0.050718086361991 0.050730261664131 2193.2435822891 2193.2484821459 1.5732102327297 1.5739781716864 64152819.0 64186311.0 82.12258139428 82.205213507285 41.227274829497 41.408796651361 96.328306321192 96.576656352785 57.329495675777 57.345659144668 47.08046174927 47.141121537034 23.635388740617 23.746147383598 55.224532206957 55.382520165385
1 7 2 8.2235678336516 0.051007840695607 0.051007840695607 0.050624852364396 0.05062869082748 2193.2430272164 2193.2405215125 1.5717439680955 1.5716943050205 23.256255683103 23.146728896932 76.743744316897 76.853271103068 10.676947499533 10.649858082476
2 10 2 8.3238299379523 0.051261430352383 0.051261430352383 0.050871271813828 0.05088754392407 2193.2429799701 2193.2422145642 1.5704263306053 1.5707711458029 8139.2406948434 8138.9997339511 0.41722912 0.417216768 7972.3334520844 7973.5420020522 0.408673216 0.408735168 16111.574146928 16112.541736003 0.825902336 0.825951936
3 5 2 8.4240829340047 0.050965278127264 0.050965278127264 0.050568163309171 0.050593993731845 2193.2454587745 2193.2385753804 1.5724606275495 1.5724179266784 0.99999069809517 0.99998663570126
4 6 2 8.5243445769102 0.05119974934623 0.05119974934623 0.050809209182227 0.050813361285228 2193.2406766806 2193.237405061 1.581482133975 1.5824610168543 0.0 0.0 0.0 0.0
5 7 2 8.6246024053742 0.050890671711945 0.050890671711945 0.050489245704709 0.050503186364472 2193.2384031755 2193.2443885016 1.5798880717407 1.5805292450712 0.46716572033961 0.46167142222515 0.15226279597983 0.15221111022963 0.32592887138453 0.32969575958592
6 8 2 8.7248961791482 0.051310728020671 0.051310728020671 0.050909864480393 0.050931254541415 2193.2430950458 2193.2413891 1.5701510321474 1.5711796074311 57.170441876058 57.180346438862 76.58761438408 76.708573270205 34.997283598447 35.157815541425 97.683145932014 97.859613331994
7 7 2 8.825167584776 0.050867914688512 0.050867914688512 0.050476342504149 0.050483450618041 2193.2432734841 2193.2369459581 1.5713133502469 1.571320018534 0.0 0.0 0.0 0.0 - -
8 10 2 8.9254034647911 0.051361390838422 0.051361390838422 0.050963760690002 0.050975941430985 2193.2453584243 2193.2433346685 1.5723965694723 1.5729180382278 16722.409459315 0.0 0.858886208 0.0 8092.2269668967 0.0 0.415628032 0.0 24814.636426212 0.0 1.27451424 0.0
9 19 2 9.025700022346 0.050861146049039 0.050861146049039 0.050468433973939 0.050493106829636 2193.2400371946 2193.2386758881 1.5726543013265 1.5719236885773 0.915283203125 0.0 17.995725110923 0.0 0.17401123046875 0.0 3.4212998327048 0.0 0.0 0.0 0.0 0.0 0.0 0.0 0.0 0.0 16741.013566211 0.0 0.851467136 0.0 8101.751848114 0.0 0.412064384 0.0 24842.765414325 0.0 1.26353152 0.0 0.0 0.0
10 9 2 9.1259889718667 0.051186404239719 0.051186404239719 0.05079721608131 0.050795726291706 2193.2418597406 2193.2383844319 1.5715983584253 1.5725127036674 0.0 0.0 0.0 0.0 0.0 0.0 0.0 0.0 - -
11 7 2 9.2262760467997 0.051151176856941 0.051151176856941 0.050762649064658 0.050771331270212 2193.2473320501 2193.2392054637 1.5849525047455 1.5851054416845 64255589.0 64260641.0 89952640.0 89959459.0 89944564.0 89951298.0
12 10 2 9.3265758966672 0.05088209103145 0.05088209103145 0.050490961206276 0.050508108970159 2193.2427015295 2193.2385565738 1.5726859283598 1.5723968060545 463.0 454.0 6.5363393077827e-06 6.405929170008e-06 86.682505399568 91.123348017621 53903.0 53827.0 0.00076096824558837 0.00075949768597802 48.618165964789 49.549798428298
13 9 2 9.4268473838776 0.051189451804458 0.051189451804458 0.050800003034847 0.0508104687275 2193.2404933544 2193.2413692704 0.0 0.0 1.5712978493655 1.5705893050727 0.91534423828125 0.0 17.881501090846 0.0 0.17742919921875 0.0 3.4661281370335 0.0
14 10 2 9.5271319107129 0.050794813019614 0.050794813019614 0.050411489293117 0.050424438270601 2193.2421716281 2193.241089327 1.5710806055433 1.5729658651266 8128.6762851271 8121.0824388844 0.412894592 0.412508864 4047.2680531498 4057.7144741219 0.205580224 0.206110848 12176.030016316 12178.804472833 0.618479168 0.618620096
15 19 2 9.6274340113547 0.051394173461503 0.051394173461503 0.050998525771169 0.051023159195258 2193.2395140138 2193.2364721315 1.5731818103269 1.5712803633684 0.89849853515625 0.0 17.482498007858 0.0 0.174072265625 0.0 3.3870038936493 0.0 0.0 0.0 0.0 0.0 0.0 0.0 0.0 0.0 16755.801951851 0.0 0.861150592 0.0 8097.2341409814 0.0 0.416150656 0.0 24853.036092832 0.0 1.277301248 0.0 0.0 0.0
16 13 2 9.7277115855363 0.051121626719244 0.051121626719244 0.05072985148476 0.050748855253641 2193.2432928686 2193.240559088 1.5721813106709 1.5710580305553 209.0 209.0 0.8975830078125 0.0 17.557794331193 0.0 0.2322998046875 0.0 4.5440612827771 0.0 0.0 0.0 0.0 0.0 0.17388916015625 0.0 3.4014793995355 0.0
17 9 2 9.8279995696625 0.050931413174529 0.050931413174529 0.050548879439903 0.050558779946173 2193.2378495159 2193.2447802496 1.5829696181301 1.5846797622476 0.18190426475745 0.18190458238219 7.5224992274535e-07 1.1364756857633e-07 4.1354166365939e-06 6.2476473702871e-07 991.0 1539.0 1.4065654215861e-05 2.1862951004871e-05
18 8 2 9.9282642882334 0.050630991458059 0.050630991458059 0.05024987182248 0.050263337943237 2193.2420062062 2193.236355956 1.5728300109906 1.5718068424403 0.090909274042561 0.090909276451372 4.2559186599746e-08 4.25201060219e-08 4.6815010952372e-07 4.6772021164028e-07 10.999977840895 10.99997754943
19 5 2 10.028522373229 0.051098723753538 0.051098723753538 0.050714663970357 0.050722601507727 2193.2425665665 2193.2452487258 1.5892327027139 1.5892996156278 6.0757180156658 6.2402088772846
20 6 2 10.128784853717 0.051144704634383 0.051144704634383 0.050758439853811 0.050769835588528 2193.2427670667 2193.2390550211 1.5732778135048 1.5734074505742 0.0 0.0 - -
21 7 2 10.229080119547 0.051335191027696 0.051335191027696 0.050946074480713 0.050951767135848 2193.2441328096 2193.2358140886 1.5734083668538 1.572500866629 42.677850063632 42.722486931842 57.322149936368 57.277513068158 4.8338052636333 4.7939241981787
22 7 2 10.329371866445 0.051481052624891 0.051481052624891 0.051093936212231 0.051100577038906 2193.2356369603 2193.2360164191 1.5712149978925 1.5713065793968 0.010529029838553 0.010555593860445 0.0014745391993825 0.0014729224525709 0.14004511545626 0.13953951544976
23 9 2 10.42964231393 0.051034450232467 0.051034450232467 0.050633120764685 0.050664290317731 2193.2420911654 2193.2366703946 1.5721640534363 1.5726931591778 0.0 0.0 0.0 0.0 0.0 0.0 0.0 0.0 - -
24 6 2 10.52991138992 0.051339318202669 0.051339318202669 0.050955025002497 0.050955958670457 2193.2368804005 2193.2431696549 1.5703087591803 1.5716195851761 0.0 0.0 0.0 0.0
25 13 2 10.630197783185 0.050938984043269 0.050938984043269 0.050559901254199 0.050568659150311 2193.241277634 2193.2382001046 1.5726191569587 1.5727549619438 0.63588186343469 0.6358269560085 446211720.0 446289012.0 64492700.0 64498299.0 26082361.0 25580744.0 7828.0 7860.0 5.8452881963746 5.7318785164265 0.0032264952610389 0.0031493045139099 14.453385491533 14.452136903608 79.698099816831 79.812835275452
26 7 2 10.7304986338 0.051242802316871 0.051242802316871 0.050850280148019 0.05086996966429 2193.2404183494 2193.2368771815 1.5713259092217 1.5723663582703 14.467835814675 14.458274696279 85.532164185325 85.541725303721 8.0412241526272 8.0535093465979
27 12 2 10.8307994264 0.050954705017473 0.050954705017473 0.050574267503387 0.050576528248914 2193.2423420037 2193.2415177908 1.5726611483085 1.5718059687506 63913435.0 63831031.0 82.1766565981 82.295554649587 41.215706838476 41.53993689997 96.277540082144 96.71917252911 57.277993141475 57.201587262399 47.069139730153 47.074363505959 23.607529736153 23.761503254582 55.145842805031 55.324901873709
1 7 2 10.931105000649 0.051419260122467 0.051419260122467 0.05103335385226 0.051048825546184 2193.2399478686 2193.23863306 1.5707874919441 1.5718944386995 23.242722378296 23.077945333475 76.757277621704 76.922054666525 10.684017660743 10.643557993775
2 10 2 11.03137877308 0.050424565630369 0.050424565630369 0.050035459054601 0.050055532915741 2193.2369166438 2193.2410788659 1.5718626908371 1.5723761310536 8131.6746088746 8131.0412667803 0.41003616 0.410004224 7963.2792267062 7963.3579185095 0.401544896 0.401548864 16094.953835581 16094.39918529 0.811581056 0.811553088
3 5 2 11.131639381699 0.051029740194875 0.051029740194875 0.050639079016627 0.050642431609783 2193.2362483731 2193.2360383068 1.5707519513841 1.5729511992457 0.99998708702498 0.99998950872982
4 6 2 11.231903465738 0.051034978706662 0.051034978706662 0.05064605795801 0.05065957438806 2193.2351183096 2193.2388702423 1.57217668081 1.572138990823 0.0 0.0 0.0 0.0
5 7 2 11.3321664747 0.05092139935904 0.05092139935904 0.050527557817649 0.050549689827433 2193.2407383651 2193.2388404253 1.5711312030552 1.5711301883701 0.46748442603585 0.46218828786022 0.15273869344043 0.15290287553969 0.3267246670346 0.33082377800524
6 8 2 11.432459803395 0.051130070522203 0.051130070522203 0.05075059658971 0.050752289429434 2193.2441605448 2193.2456660106 1.5718720438435 1.572713747852 57.187664232246 57.222276608194 76.583785486501 76.671025045892 34.915285576374 35.091835401152 97.73522473868 97.868831681991
7 7 2 11.532728017329 0.051106356262493 0.051106356262493 0.050711120111241 0.050722265205967 2193.2398826782 2193.2378762216 1.6125786080491 1.6138234316106 0.0 0.0 0.0 0.0 - -
8 10 2 11.632958046962 0.049895426990282 0.049895426990282 0.04950122965795 0.0495142126282 2193.2395863488 2193.2436626189 1.5728852000946 1.5720474033873 16744.361605778 0.0 0.835467072 0.0 8092.6900190401 0.0 0.403788224 0.0 24837.051624818 0.0 1.239255296 0.0
9 19 2 11.733256360357 0.05052194810507 0.05052194810507 0.050136108460687 0.05015565566058 2193.2373088622 2193.236557931 1.5711471944958 1.572537719774 0.90106201171875 0.0 17.835060711531 0.0 0.17047119140625 0.0 3.3742006751546 0.0 0.0 0.0 0.0 0.0 0.0 0.0 0.0 0.0 16735.103845197 0.0 0.845490048 0.0 8097.7235309528 0.0 0.409112768 0.0 24832.82737615 0.0 1.254602816 0.0 0.0 0.0
10 9 2 11.833536551528 0.050857670628691 0.050857670628691 0.050472197652938 0.050483106158017 2193.2414789965 2193.2435904166 1.5736855718446 1.5719580760158 0.0 0.0 0.0 0.0 0.0 0.0 0.0 0.0 - -
11 7 2 11.933816480729 0.050575477192811 0.050575477192811 0.050195325217957 0.050212168406661 2193.2384554239 2193.2427099626 1.5725443836419 1.5743488353844 64036960.0 63985017.0 89647057.0 89574401.0 89640168.0 89567471.0
12 10 2 12.034113313851 0.051465832930669 0.051465832930669 0.051083773735047 0.051100585650406 2193.2353257211 2193.2381650562 1.574171290941 1.5741886435756 454.0 401.0 6.3408883062162e-06 5.5988715690768e-06 102.94933920705 85.561097256858 54510.0 54440.0 0.00076132559817587 0.00076010615516344 49.053531462117 49.167707567965
13 9 2 12.134380024852 0.051606102491315 0.051606102491315 0.051214436940152 0.05123423568651 2193.2412122727 2193.2388231113 0.0 0.0 1.5722204146629 1.571590549765 0.91851806640625 0.0 17.798632759776 0.0 0.17724609375 0.0 3.4345956232566 0.0
14 10 2 12.234655130705 0.051443075000763 0.051443075000763 0.051055441898067 0.051058545210942 2193.2397416853 2193.241288673 1.571652205685 1.5733339597632 8125.8458207213 8117.6671494425 0.418018496 0.41759776 4064.6453579398 4037.2329997171 0.209097856 0.20768768 12190.574532932 12154.931251499 0.62712064 0.62528704
15 19 2 12.33495215872 0.051760548394898 0.051760548394898 0.051374155801525 0.05138799629594 2193.2381834036 2193.2397906624 1.5707491283895 1.5708619460062 0.8974609375 0.0 17.338706125232 0.0 0.1737060546875 0.0 3.3559546812031 0.0 0.0 0.0 0.0 0.0 0.0 0.0 0.0 0.0 16746.025976909 0.0 0.866783488 0.0 8105.0529217606 0.0 0.419521984 0.0 24851.078898669 0.0 1.286305472 0.0 0.0 0.0
16 13 2 12.435224802591 0.051218652043288 0.051218652043288 0.050819913730712 0.050854698754301 2193.2429164134 2193.2414924961 1.5725650114642 1.571515712509 209.0 209.0 0.91851806640625 0.0 17.933272934047 0.0 0.23480224609375 0.0 4.5843113148566 0.0 0.0 0.0 0.0 0.0 0.17730712890625 0.0 3.4617687469869 0.0
17 9 2 12.535514529866 0.051438286099954 0.051438286099954 0.051050011213846 0.0510620858974 2193.2379292748 2193.2349160508 1.5710126567642 1.5706370793751 0.18188858832232 0.18188990588175 7.3923912961762e-07 5.1582721712123e-07 4.0642413932404e-06 2.8359309694546e-06 886.0 710.0 1.235784658191e-05 9.8983060582722e-06
18 8 2 12.635781100363 0.050821130671927 0.050821130671927 0.050437139780751 0.050450103715052 2193.2346538841 2193.2396302002 1.5709776800393 1.5738731633086 0.090909292398288 0.090909292717784 4.2351232578273e-08 4.2418387658421e-08 4.6586252583208e-07 4.6660122843661e-07 10.999975619861 10.999975581202
19 5 2 12.736043357858 0.05143143497137 0.05143143497137 0.051032313220398 0.051052020866144 2193.2397595381 2193.2423522937 1.5730491939836 1.5721110003382 6.1450617283951 6.2966360856269
20 6 2 12.836307996659 0.051123482271005 0.051123482271005 0.050734056163239 0.050739459653248 2193.2440806508 2193.2357697209 1.5705253833131 1.5723644533332 0.0 0.0 - -
21 7 2 12.936603370359 0.051628946536227 0.051628946536227 0.051240022614914 0.051253763397216 2193.2399095668 2193.2425748715 1.5724880240089 1.5722274792549 42.633146919259 42.685899737004 57.366853080741 57.314100262996 4.847800711631 4.7799020891584
22 7 2 13.036874111542 0.05094362609533 0.05094362609533 0.050551048178344 0.050575343034489 2193.2438234672 2193.2422479062 1.5864154093324 1.5868152485569 0.010508166094022 0.010518194603632 0.0015370872917158 0.0015391820471007 0.14627550401875 0.14633519392855
23 9 2 13.137158129845 0.051223340325511 0.051223340325511 0.0508248535594 0.050823392776956 2193.2378642008 2193.2374311874 1.5832294577696 1.5842757492368 0.0 0.0 0.0 0.0 0.0 0.0 0.0 0.0 - -
24 6 2 13.237431360205 0.051222542628613 0.051222542628613 0.050833187679035 0.050837703278008 2193.2379797998 2193.2378742727 1.572404370244 1.5723902663921 0.0 0.0 0.0 0.0
25 13 2 13.337726007819 0.050871732755937 0.050871732755937 0.050477007402643 0.050499039700314 2193.2433472465 2193.2425163187 1.5718733449606 1.5722394071871 0.63618357242712 0.63603545072635 445480148.0 445674592.0 64418458.0 64431575.0 26226700.0 25748555.0 8688.0 9148.0 5.8872881581246 5.77743390855 0.0036488719133675 0.0037702396101593 14.460455373648 14.457089579834 79.648607596314 79.761706272006
26 7 2 13.438022687748 0.051153894465236 0.051153894465236 0.050754865627824 0.050779658138057 2193.2369821313 2193.242588312 1.5712843983468 1.5715149114724 14.468482696807 14.466408928038 85.531517303193 85.533591071962 8.0378296673049 8.0372680184236
27 12 2 13.538323255543 0.050444855232261 0.050444855232261 0.05006974098526 0.050079623362056 2193.2388564906 2193.2396134326 1.5714506912207 1.5717392765786 63243310.0 63242829.0 82.177975820684 82.291317170521 41.112943013261 41.420637587227 96.430392400398 96.665615638415 57.248548819811 57.236816454736 47.045698606837 47.100930167076 23.536563252208 23.707854310183 55.205000270477 55.328320997801
1 7 2 13.638624542171 0.051301598923559 0.051301598923559 0.050907351281928 0.050929466068711 2193.2419664688 2193.2429104815 1.5726867821602 1.5730201274693 23.197239781824 23.134305113754 76.802760218176 76.865694886246 10.670509589846 10.663021245874
2 10 2 13.738906802822 0.051096120360935 0.051096120360935 0.050711500376978 0.050726201114979 2193.2401947581 2193.237796819 1.5712749270651 1.5707920472957 8136.0484722404 8139.5931640628 0.415720512 0.415901632 7968.6137640949 7973.5913631417 0.407165248 0.407419584 16104.662236335 16113.184527205 0.82288576 0.823321216
3 5 2 13.839190223759 0.051382877892134 0.051382877892134 0.050998122843588 0.051007695206362 2193.2453595375 2193.2416827971 1.5709411587675 1.5708545276803 0.9999900175503 0.99998875327868
4 6 2 13.939451142392 0.051154440162432 0.051154440162432 0.050772994196302 0.050781830049156 2193.2429993278 2193.2397209148 1.5719761839684 1.5713525941509 0.0 0.0 0.0 0.0
5 7 2 14.039716856271 0.051324453846156 0.051324453846156 0.05094218661481 0.050953925449841 2193.2391425014 2193.235939711 1.571079406374 1.5709504827109 0.46758519245831 0.46241454427425 0.15279889876652 0.15289225288848 0.32678301458433 0.33063893595398
6 8 2 14.140015945607 0.051313534463393 0.051313534463393 0.050923734435205 0.050936558772548 2193.2424140252 2193.2413300558 1.5706553216141 1.5710651858169 57.238127555534 57.243009454489 76.500086680091 76.64974441328 34.898368372567 35.063898659781 97.671449151736 97.835378104505
7 7 2 14.240285412288 0.051068355976521 0.051068355976521 0.050682272490699 0.050682689468622 2193.243538179 2193.2472328104 1.5716604010376 1.5732888209108 0.0 0.0 0.0 0.0 - -
8 10 2 14.34051964524 0.050820154399701 0.050820154399701 0.050431841894934 0.050444990296642 2193.2385940052 2193.2461836248 1.5706933050358 1.5724758771284 16735.587721965 0.0 0.850505152 0.0 8101.7003758341 0.0 0.411729664 0.0 24837.288097799 0.0 1.262234816 0.0
9 19 2 14.440814997185 0.051235756296431 0.051235756296431 0.050832092205511 0.050868615845748 2193.2425781774 2193.2392692094 1.5716282714305 1.5705820219607 0.899169921875 0.0 17.549656467892 0.0 0.17401123046875 0.0 3.3962849979609 0.0 0.0 0.0 0.0 0.0 0.0 0.0 0.0 0.0 16739.995620202 0.0 0.857686336 0.0 8103.4733165229 0.0 0.415187584 0.0 24843.468936725 0.0 1.27287392 0.0 0.0 0.0
10 9 2 14.541083532917 0.051467414727359 0.051467414727359 0.051081435939252 0.051086924184557 2193.2435114399 2193.2406752713 1.5712782979947 1.5715585091714 0.0 0.0 0.0 0.0 0.0 0.0 0.0 0.0 - -
11 7 2 14.641360007546 0.05102511899171 0.05102511899171 0.050634549367311 0.050645039081518 2193.241131801 2193.2376656123 1.5826039464339 1.583200200116 64189338.0 64178416.0 89859617.0 89844321.0 89850831.0 89835576.0
12 10 2 14.741660946088 0.051259223088808 0.051259223088808 0.050861941026307 0.050879332631628 2193.2374226284 2193.2384605891 1.5704981945881 1.5725907277368 426.0 421.0 5.9618266757036e-06 5.8976858531369e-06 74.589201877934 99.372921615202 54451.0 54210.0 0.00076203620732098 0.0007594146083101 49.224715799526 49.426102195167
13 9 2 14.841936916718 0.050776505875808 0.050776505875808 0.050379144950093 0.050397123043929 2193.2397873676 2193.2447115187 0.0 0.0 1.570907220357 1.5717684651667 0.8968505859375 0.0 17.662707791101 0.0 0.17376708984375 0.0 3.4221947108523 0.0
14 10 2 14.942216975544 0.051159681393641 0.051159681393641 0.050772319779834 0.050781434826602 2193.2389337583 2193.2405534985 1.5721842833584 1.5712667411189 8122.860281371 8129.0301399667 0.415562944 0.415878592 4056.5269045205 4049.4113011766 0.207530624 0.207166592 12179.403448698 12178.458954935 0.6230944 0.62304608
15 19 2 15.042521703147 0.050507129072244 0.050507129072244 0.050117384338958 0.050140887390285 2193.2396152018 2193.2396549946 1.5712715449757 1.570912425458 0.89984130859375 0.0 17.816124676313 0.0 0.1739501953125 0.0 3.4440721242279 0.0 0.0 0.0 0.0 0.0 0.0 0.0 0.0 0.0 16747.330516254 0.0 0.845859584 0.0 8108.0254515009 0.0 0.409513088 0.0 24855.355967755 0.0 1.255372672 0.0 0.0 0.0
16 13 2 15.142802535195 0.050982936235867 0.050982936235867 0.050593261754294 0.050610547755423 2193.2391875677 2193.2338577657 1.5713424054346 1.5726968771823 209.0 209.0 0.9014892578125 0.0 17.682176123436 0.0 0.2347412109375 0.0 4.6043093683639 0.0 0.0 0.0 0.0 0.0 0.17388916015625 0.0 3.4107325508239 0.0
17 9 2 15.243088936618 0.050572685253668 0.050572685253668 0.050190547194834 0.050201849562755 2193.2433965059 2193.2446177099 1.5730184631716 1.5726507733201 0.18189730808424 0.18189947768538 1.5625352014322e-07 7.9510747652339e-07 8.5902051981362e-07 4.3711366664759e-06 0.0 905.0 0.0 1.284950475453e-05
18 8 2 15.343352476773 0.050586507165371 0.050586507165371 0.050199538961173 0.050215183791582 2193.2432699802 2193.2422527414 1.5722405059227 1.5725924958207 0.090909294805177 0.090909294787286 4.2585891413415e-08 4.2582154602518e-08 4.6844375489524e-07 4.6840265015974e-07 10.999975328629 10.999975330794
19 5 2 15.443620035326 0.050821220412828 0.050821220412828 0.050435374423128 0.050439994719819 2193.2426026074 2193.2488506798 1.5720442005934 1.5709544086249 6.0 6.1235294117647
20 6 2 15.54390049572 0.050761171965894 0.050761171965894 0.050383472909001 0.050394173831591 2193.2405343635 2193.2426352425 1.5727386741792 1.5724898669575 0.0 0.0 - -
21 7 2 15.644204688504 0.051040622412214 0.051040622412214 0.050662490967342 0.050678029740323 2193.2377287123 2193.2446896225 1.5727664184373 1.5722780952263 42.710865043243 42.728846767901 57.289134956757 57.271153232099 4.8321124657526 4.7848919402221
22 7 2 15.744490106403 0.050299087908336 0.050299087908336 0.049910746396412 0.049924104646792 2193.2428289325 2193.241505959 1.5719379595298 1.5703405317995 0.01059703643475 0.010605699216736 0.0014801900943462 0.001470819083126 0.1396796267957 0.13868195326576
23 9 2 15.844769138194 0.051225495013609 0.051225495013609 0.050844121565378 0.050852703605583 2193.2429598468 2193.2394655181 1.5711897136589 1.571488394191 0.0 0.0 0.0 0.0 0.0 0.0 0.0 0.0 - -
24 6 2 15.945035551871 0.050836232524561 0.050836232524561 0.05045346899884 0.050465496998996 2193.2435745041 2193.2438997065 1.5707941411259 1.572948618061 0.0 0.0 0.0 0.0
25 13 2 16.045334500704 0.05115739798627 0.05115739798627 0.050780606309597 0.050792693683784 2193.2405743619 2193.2434619674 1.5718277196457 1.5716247856515 0.63620203887575 0.63628418763165 448159532.0 448266208.0 64806695.0 64830490.0 26269402.0 25784220.0 7716.0 7744.0 5.8616184916937 5.7519883363593 0.003191943711687 0.0031418830482087 14.460630729148 14.46249769512 79.674558835446 79.782372085473
26 7 2 16.145624475446 0.051194943222421 0.051194943222421 0.050799896070945 0.050816965424848 2193.2340857344 2193.2408964339 1.5772723470613 1.5788818912948 14.412918355108 14.398304518162 85.587081644892 85.601695481838 8.0824246778951 8.0891095092099
27 12 2 16.245913467571 0.050744193712602 0.050744193712602 0.050360494252737 0.050359405577766 2193.2452812018 2193.2448033261 1.5719614722832 1.5731124831142 63580136.0 63648297.0 82.2772272774 82.26240522979 41.401550320685 41.483662948594 96.446690519819 96.545554078218 57.221166119872 57.283748334069 47.079988899226 47.122989185385 23.690449885202 23.763397083226 55.187920999464 55.304912225899
1 7 2 16.346208921041 0.051094175068273 0.051094175068273 0.050707831424485 0.050716145601697 2193.2410640109 2193.2403169329 1.5717561283235 1.5719580311301 23.184047710839 23.123069776437 76.815952289161 76.876930223563 10.682935651908 10.657306407443
2 10 2 16.446479359461 0.050724620224971 0.050724620224971 0.050312093540223 0.050349967373107 2193.2386200185 2193.2435385288 1.5725378187397 1.5692709062007 8124.4056667599 8146.0894959364 0.412107392 0.413207296 7958.3148027449 7978.8883229678 0.403682496 0.40472608 16082.720469505 16124.977818904 0.815789888 0.817933376
3 5 2 16.54674261317 0.051027710600154 0.051027710600154 0.050645596562872 0.050644597175566 2193.240267501 2193.2418638937 1.5742786917255 1.5743600589629 0.99998671100722 0.99998957727601
4 6 2 16.647007521194 0.050804406231284 0.050804406231284 0.05041892192461 0.050427236555059 2193.2445435118 2193.2420084943 1.5718628530731 1.5714949444675 0.0 0.0 0.0 0.0
5 7 2 16.747272867952 0.050996103673524 0.050996103673524 0.050602109391307 0.050619060450386 2193.2382055022 2193.2345280667 1.5709673072336 1.5706689132388 0.46754471621271 0.46200406763658 0.15276161395668 0.15284793627692 0.32673155884235 0.33083677608906
6 8 2 16.847570845951 0.050799490424151 0.050799490424151 0.050422462157831 0.050425424514038 2193.2398730493 2193.2371114394 1.571728194616 1.5725152857599 57.300977132602 57.292119927813 76.530742903367 76.663487788418 34.953142476593 35.118048718298 97.679367037523 97.817652939102
7 7 2 16.947839147813 0.051144930346346 0.051144930346346 0.050757627653333 0.050769987876118 2193.2452840786 2193.2456337915 1.5708358722784 1.5708796837207 0.0 0.0 0.0 0.0 - -
8 10 2 17.048075684115 0.050526367164589 0.050526367164589 0.050134167700394 0.050153303814442 2193.2412586801 2193.2424681226 1.5710743481082 1.5724494799964 16728.815456821 0.0 0.845246272 0.0 8102.0642284946 0.0 0.409367872 0.0 24830.879685316 0.0 1.254614144 0.0
9 19 2 17.148372937841 0.05175006321306 0.05175006321306 0.051353179092533 0.051361469701428 2193.2415945581 2193.2469303858 1.572151405781 1.5720880038772 0.90008544921875 0.0 17.392934294843 0.0 0.17401123046875 0.0 3.3625317471078 0.0 0.0 0.0 0.0 0.0 0.0 0.0 0.0 0.0 16731.071041117 0.0 0.865833984 0.0 8101.833581803 0.0 0.4192704 0.0 24832.90462292 0.0 1.285104384 0.0 0.0 0.0
