1 7 1 0.10100807776768 0.10102165410285 0.0014608399388572 1486.9713219937 1.4888583663246 31.763317756285 68.236682243715 9.998668671989
2 10 1 0.20143716764833 0.065533375783578 0.00024422635599266 940.14459017284 5.6389461243188 31.508097596239 0.002064832 1.6465503067681 0.000107904 33.154647903007 0.002172736
3 5 1 0.30158452932168 0.065467792617027 1.2511338046128e-05 1035.4862592113 4.5643695256982 1.9627727856226
4 6 1 0.40204742187603 0.068470253727548 2.4268435249112e-05 1496.4739704811 6.6857606389617 0.0 0.0
5 7 1 0.50241416842828 0.070701259183797 1.5120603665655e-05 1497.0486145477 5.3612271121105 0.46755541278509 0.19498875682621 0.41703881827551
6 8 1 0.60279546979031 0.070582442468632 1.2571586714079e-05 1015.0952875542 5.3699690402477 81.431968867109 37.907177861055 35.17223983857 53.837561256846
7 7 1 0.70326983042947 0.065825054534048 1.1930142249279e-05 1022.5338706995 5.0959752321981 47.0 0.009094427244582 58.106382978723
8 10 1 0.80339589034821 0.065045419556854 0.00022436513345403 903.75387188784 5.5589974971099 690.35329937031 0.04490432 179.56584921081 0.011679936 869.91914858112 0.056584256
9 19 1 0.90373944886426 0.063774277758504 1.5200331226251e-05 1499.3372180512 5.2112129212611 0.82293701171875 12.903901708381 0.04425048828125 0.69386106493929 0.00010976212112518 0.0 0.0 0.00010976212112518 676.02829095545 0.043113216 78.224892156223 0.004988736 754.25318311168 0.048101952 1.455242398479e-07
Running without Marker API. Activate Marker API with -m on commandline.
10 9 1 1.0042154276105 0.06943787542069 1.2120854198206e-05 1019.0916269476 5.1774380804954 0.00010080953597141 0.0 0.0 0.00010080953597141 0.0
11 7 1 1.1042701893462 0.04063049125697 0.027486704823229 1496.1804529725 0.36880330057915 151014789.0 209401447.0 209586663.0
12 10 1 1.2043187187422 0.057466786727011 0.03887455651324 1496.1792324646 0.36874242596593 41.0 1.7617217910346e-07 42.658536585366 3.0 1.2890647251473e-08 70.666666666667
13 9 1 1.3043632807861 0.045115919422408 0.030526549099702 1496.1787128785 0.0 0.36877765894814 0.62005615234375 13.743622213222 0.02947998046875 0.65342745634279
14 10 1 1.4044218540428 0.057216387827036 0.03871723999326 1496.1809389953 0.3688198514502 1.2684477779233 7.2576e-05 0.48769244371653 2.7904e-05 2.4709004774537 0.000141376
15 19 1 1.5044714688209 0.044628738727409 0.030196357407491 1496.1805375658 0.36873767239507 0.623779296875 13.977076535481 0.02947998046875 0.66056046640289 0.0 0.0 0.0 0.0 507.80408871563 0.022662656 0.17352047628547 7.744e-06 507.97760919192 0.0226704 0.0
16 13 1 1.6045200299267 0.044507110709738 0.030111282211367 1496.1778809589 0.36881856812221 204.0 0.6221923828125 13.979617478884 0.09619140625 2.1612592845519 0.0 0.0 0.0294189453125 0.66099427357488
17 9 1 1.7045721271311 0.056076445883603 0.037943280168793 1496.1795235282 0.36875433873341 0.19032508328856 3.3679024971359e-06 1.7695526196249e-05 3997.0 1.759674023667e-05
18 8 1 1.8046124935121 0.044125057145352 0.0298561281966 1496.1790691283 0.36876206392944 0.091174411999495 0.00036116988695502 0.00396130755367 10.967989571521
19 5 1 1.904652348912 0.043717619412866 0.029569302861384 1496.1799192015 0.36885704328132 5.8475351727799
20 6 1 2.0046962486735 0.055817449997009 0.037765389861202 1496.1819810735 0.36882187504926 1.0 8.0
21 7 1 2.1047413869303 0.043691202410458 0.029560569069519 1496.178203517 0.36874983714916 99.70016617302 0.29983382698026 1.7280611884406
22 7 1 2.2047846017596 0.043375516604298 0.029336595778905 1496.1792483927 0.36878509775747 4.7384221761341e-07 4.9172305601391e-08 0.10377358490566
23 9 1 2.3048432502139 0.05527952633367 0.037399846696824 1496.1828765366 0.3693318256669 0.0 0.0 0.0 0.0 -
24 6 1 2.4048918865173 0.042721064769182 0.028900374585056 1496.183010375 0.36892381115061 0.0 0.0
25 13 1 2.5049425404717 0.042851457382549 0.028986943766946 1496.1797721118 0.36878918794868 2.7115762410561 255956764.0 157945964.0 352743.0 1444412.0 0.1378135097848 1.0671692973896 61.708064101014 37.086953091812
26 7 1 2.6049913924019 0.054552350279359 0.03691125763259 1496.1801838489 0.36881740864886 62.237327160832 37.762672839168 1.1111388886913
27 12 1 2.7050383064089 0.042616739444151 0.028834079306429 1496.181502328 0.36881793727511 202495.0 1.987703400084 1.5392972665992 94.481839057755 0.31812955938047 0.0063234720684776 0.0048969596117875 0.300574658289
1 7 1 2.8050830297199 0.042394198984639 0.028679796963727 1496.1800138641 0.36879821179423 98.581970360075 1.4180296399249 1.5977529649615
2 10 1 2.9051264175942 0.054794963964241 0.037075039785936 1496.1805646614 0.36877312404443 1.2497498865898 6.848e-05 0.080591347826816 4.416e-06 1.3303412344166 7.2896e-05
3 5 1 3.0051647509225 0.042335173409947 0.028641346988637 1496.1811442222 0.36878849241278 1.0039830983499
4 6 1 3.1052027834604 0.042613817610254 0.028829799839015 1496.1807625401 0.36882803816424 0.0 0.0
5 7 1 3.2052438972873 0.054602102089162 0.036937467162141 1496.1800564986 0.36876559518143 5.189574923207e-05 5.8385544451941e-06 0.11250544662309
6 8 1 3.3052877399712 0.04216531837207 0.02852820633219 1496.1804262477 0.36877671304843 0.30625541074674 0.013130290463811 0.0076917555939896 99.836388228502
7 7 1 3.4053280818903 0.042472125427163 0.028731383413418 1496.1775147003 0.36877374588291 67.0 3.8955974080323e-07 33.880597014925
8 10 1 3.5053650353882 0.05408840926228 0.036597817788054 1496.1771540601 0.36876082477369 501.22620298442 0.027110528 0.063895389920631 3.456e-06 501.29009837435 0.027113984
9 19 1 3.6054105894966 0.042325954004758 0.028636905348116 1496.185208437 0.36879256497 0.57916259765625 13.683391462154 0.0274658203125 0.64891202001997 0.000165383159449 0.0 0.0 0.000165383159449 504.93463177694 0.02137184 0.012096596805413 5.12e-07 504.94672837374 0.021372352 3.2752595502825e-07
10 9 1 3.7054552656959 0.042061039252784 0.028454826172611 1496.1821238829 0.36881459510775 0.00016642479891974 0.0 0.0 0.00016642479891974 0.0
11 7 1 3.8054989869764 0.054365529578985 0.036785191598379 1496.1823887942 0.36878311722032 202073866.0 280254072.0 280503430.0
12 10 1 3.9055479267882 0.042166696390475 0.028520051471134 1496.1779008748 0.368911283133 45.0 2.6368167911743e-07 49.688888888889 4.0 2.3438371477105e-08 59.5
13 9 1 4.005597764441 0.042336638403873 0.028638966939754 1496.1807603178 0.0 0.36882120169682 0.6192626953125 14.627110669605 0.02960205078125 0.69920645325827
14 10 1 4.1056472940555 0.054503063244995 0.036879432292989 1496.1770856188 0.36874745354339 1.3797389636977 7.52e-05 0.54485010991978 2.9696e-05 2.6432275806668 0.000144064
15 19 1 4.2056935095403 0.042388211263639 0.028671276533686 1496.177586983 0.36874185174269 0.581298828125 13.713690924808 0.0274658203125 0.64795893701842 0.0 0.0 0.0 0.0 507.21121177488 0.021499776 0.62205974760295 2.6368e-05 507.83327152248 0.021526144 0.0
16 13 1 4.3057414446036 0.042407402049873 0.02868719577195 1496.1799224996 0.36878923458039 204.0 0.5814208984375 13.710363529313 0.0919189453125 2.1675212550016 0.0 0.0 0.0274658203125 0.64766571364591
17 9 1 4.4057950647856 0.054359698595121 0.036773633820077 1496.1810370423 0.36892903736897 0.19023648026567 2.9313104388778e-06 1.5408771413265e-05 6125.0 2.7836087500971e-05
18 8 1 4.5058412648685 0.042342831785739 0.028648768899733 1496.1793086538 0.36880087888475 0.091174426142976 0.00036112272604167 0.0039607896788445 10.967987870106
19 5 1 4.605880815854 0.042113110409804 0.028490156353896 1496.183285331 0.36881621653777 5.904582131631
20 6 1 4.7059194400067 0.041956539070716 0.028392542639875 1496.1821183042 0.36874582140893 1.0 8.0
21 7 1 4.8059659698717 0.042487185782161 0.028742042897671 1496.1839482545 0.3687825377289 99.69060767455 0.30939232545012 1.7072375286996
22 7 1 4.9060074750885 0.042782164166445 0.028944165853708 1496.1805678797 0.36875065759436 4.3491768530429e-07 1.3591177665759e-08 0.03125
23 9 1 5.0060511845911 0.054523193548051 0.036891824492692 1496.1767631593 0.36879786241907 0.0 0.0 0.0 0.0 -
24 6 1 5.1060964125413 0.042822331455071 0.028972511266488 1496.1798451263 0.36879642071251 0.0 0.0
25 13 1 5.2061389433444 0.04273674935474 0.028901557814534 1496.1813864751 0.3687986046155 2.711507005409 255202800.0 157476676.0 340651.0 1472552.0 0.13348246962808 1.0863783626198 61.706484411613 37.073654756139
26 7 1 5.3061871049065 0.054640146631487 0.036970487056158 1496.1800499079 0.36873172809746 62.243590494476 37.756409505524 1.1516273847929
27 12 1 5.4062348035051 0.042892411980835 0.029019444978822 1496.1836047167 0.36879950093626 201192.0 1.9016660702215 1.5403196946201 95.008250825083 0.31406346251127 0.0059724383055396 0.0048375813666668 0.29838620221265
1 7 1 5.5062839969955 0.042102679689291 0.028484370669782 1496.1790886694 0.36887851665573 98.520522154731 1.4794778452689 1.6319795663104
2 10 1 5.606330448945 0.054861749386166 0.037119757434483 1496.182985266 0.36879507204128 1.2867252829127 7.0592e-05 0.16565275627706 9.088e-06 1.4523780391898 7.968e-05
3 5 1 5.7063741511996 0.042470573457716 0.028729363497551 1496.1797055758 0.36875152256884 1.0039831074686
4 6 1 5.8064119309649 0.042502671048817 0.02875360656494 1496.1815734645 0.36877807397611 0.0 0.0
5 7 1 5.9064529396964 0.054326090710345 0.036750885191452 1496.181769654 0.36883259779561 3.3910790126547e-05 6.1602253145826e-06 0.18165973991152
6 8 1 6.0064992276608 0.042448318596369 0.028718167664254 1496.1791712336 0.36879956714765 0.31660898756122 0.012453494007961 0.0068821525467679 99.812541395643
7 7 1 6.1065401530407 0.042529601750393 0.028771059199753 1496.1799139151 0.36876526548096 73.0 4.238506226386e-07 32.342465753425
8 10 1 6.2065752483428 0.042283887750598 0.028602049908216 1496.1808151235 0.36881393126526 543.92273803335 0.022999168 202.51080152579 0.008562944 746.43353955913 0.031562112
9 19 1 6.3066256069428 0.042301749442157 0.028622107278673 1496.1809409467 0.36877548883635 0.58447265625 13.816749046022 0.02752685546875 0.65072617165373 0.00016547778974418 0.0 0.0 0.00016547778974418 509.64738537539 0.021558976 0.89566035683247 3.7888e-05 510.54304573222 0.021596864 3.241211316606e-07
10 9 1 6.4066697721609 0.04211524131006 0.028493587809984 1496.1795515654 0.36873398761256 0.00016621061122421 0.0 0.0 0.00016621061122421 0.0
11 7 1 6.5067104936919 0.042309685052421 0.028630623178739 1496.1816581737 0.36879277845298 157281245.0 218124760.0 218315197.0
12 10 1 6.6067576804034 0.042256890911386 0.028588691917836 1496.1839061553 0.36876907846213 42.0 2.454173782675e-07 40.238095238095 4.0 2.3373083644524e-08 55.0
13 9 1 6.7068024019024 0.042312327839856 0.028626744614115 1496.1782455389 0.0 0.36878166189703 0.58868408203125 13.91282664143 0.0274658203125 0.6491209941569
14 10 1 6.8068485113858 0.041531690832185 0.028099678847939 1496.1833785602 0.36880465502471 1.7135830151381 7.1168e-05 0.62256073571565 2.5856e-05 3.2530339433063 0.000135104
15 19 1 6.906900275184 0.042229257157684 0.028571953207088 1496.1815477398 0.36877712315008 0.57830810546875 13.694489185764 0.02752685546875 0.65184323195563 0.0 0.0 0.0 0.0 507.39722747174 0.021427008 0.48042521620129 2.0288e-05 507.87765268794 0.021447296 0.0
16 13 1 7.0069530999023 0.042223731494137 0.028562714776004 1496.1814511046 0.36886529406444 204.0 0.61737060546875 14.621412736922 0.12738037109375 3.016795687786 0.0 0.0 0.029541015625 0.69963062428771
17 9 1 7.107004422481 0.042471260201931 0.028738488679259 1496.1842001771 0.36880067165605 0.19029310936923 3.6740127971214e-06 1.9307124726164e-05 4023.0 2.3386951713322e-05
18 8 1 7.207047519531 0.042355371662628 0.028642457285518 1496.1801224532 0.36880470108916 0.091174417368016 0.00036108355584307 0.0039603604417409 10.967988925705
19 5 1 7.3070861971373 0.042367180401547 0.028664251901401 1496.1839392587 0.36877497918762 5.8312958041395
20 6 1 7.419140845524 0.05462651231263 0.036970254215441 1496.1820581619 0.36877609965296 1.0 8.0
21 7 1 7.5191884390272 0.042168198530197 0.02852819546025 1496.1828188703 0.3687920522753 99.688741018554 0.31125898144603 1.6827051016817
22 7 1 7.6192310015401 0.042518199803233 0.028765437047738 1496.1827942232 0.36875386526082 4.9688579562742e-07 2.7351511685913e-08 0.055045871559633
23 9 1 7.7192722104965 0.042280915180981 0.028609521649036 1496.1860146411 0.36877087535244 0.0 0.0 0.0 0.0 -
24 6 1 7.8193148328051 0.042417468560393 0.028698869064615 1496.1803148121 0.36875410072306 0.0 0.0
25 13 1 7.9193566252222 0.042257101102227 0.028589063375788 1496.1841287658 0.36882323329016 2.7113259408289 252443452.0 155763380.0 315140.0 1440428.0 0.12483587809598 1.0946637665215 61.702285706345 37.078214649038
26 7 1 8.0194011510263 0.042506777924182 0.02875927311071 1496.183940776 0.36878620385831 62.239172534729 37.760827465271 1.1491440307784
27 12 1 8.1194506326231 0.042243564630831 0.028580980088338 1496.182399273 0.36879467044778 199100.0 1.9763937719739 1.5474635861376 95.025113008538 0.31556581560949 0.0062368231261845 0.004883266086855 0.29986677289923
1 7 1 8.2194946664719 0.042063311488261 0.028449663813063 1496.1839639026 0.3687981503089 98.560191325478 1.4398086745222 1.594793985164
2 10 1 8.3195350147331 0.042304808987295 0.028625883918859 1496.1864082908 0.36878575944924 1.6157028393753 6.8352e-05 0.13312907290732 5.632e-06 1.7488319122826 7.3984e-05
3 5 1 8.4195772619597 0.042106372524939 0.028488315372042 1496.1830247811 0.36878980424452 1.0039832422732
4 6 1 8.5196195961619 0.042304790867395 0.028617430985446 1496.18160044 0.36887786734606 0.0 0.0
5 7 1 8.619664675529 0.042057262159601 0.028453482129019 1496.1827436373 0.36882806408053 6.5020401156439e-05 7.2401476226758e-06 0.11135193714441
6 8 1 8.7197130590598 0.04241829845182 0.028699217872693 1496.182300956 0.3688033661554 0.31676279604056 0.013449815055967 0.0081115596259376 99.816133246517
7 7 1 8.8197543939495 0.041879014889976 0.028333393396865 1496.183547979 0.36881021819214 48.0 2.8303581836561e-07 37.333333333333
8 10 1 8.9197888894829 0.042018091465482 0.028428774739189 1496.1816920824 0.36877339755936 509.41561726057 0.021404672 0.94130881771467 3.9552e-05 510.35692607829 0.021444224
9 19 1 9.0198385305348 0.042429322599062 0.028704896649395 1496.1823655446 0.36876756829354 0.5823974609375 13.72629646815 0.02740478515625 0.64589259213994 0.00016498024411435 0.0 0.0 0.00016498024411435 500.92602705068 0.021253952 0.028659425263294 1.216e-06 500.95468647595 0.021255168 3.2933167124344e-07
10 9 1 9.1198836397997 0.042876247217924 0.029009660232748 1496.1830134583 0.36879155048591 0.00016326055693311 0.0 0.0 0.00016326055693311 0.0
11 7 1 9.2199261769448 0.042695467692255 0.028879474186244 1496.1816499882 0.36880605275583 158661900.0 220011007.0 220205099.0
12 10 1 9.3199752037321 0.042342821819794 0.02864879653258 1496.186652468 0.36873454788078 43.0 2.5071003121503e-07 42.441860465116 3.0 1.749139752663e-08 71.333333333333
13 9 1 9.420018125019 0.042571142527449 0.028801031326567 1496.1844555367 0.0 0.36874269811864 0.58892822265625 13.833977377434 0.028076171875 0.65951182439834
14 10 1 9.5200637706329 0.042208892201921 0.028560746501851 1496.1848807927 0.36875177369558 1.566305026053 6.6112e-05 0.60953980684736 2.5728e-05 3.112898565815 0.000131392
15 19 1 9.6201128082922 0.042609563963697 0.028829109017822 1496.1830245758 0.36877572156439 0.6041259765625 14.178177863477 0.02801513671875 0.65748470795474 0.0 0.0 0.0 0.0 501.33495893551 0.021361664 0.18925328611366 8.064e-06 501.52421222162 0.021369728 0.0
16 13 1 9.720159565562 0.042358666766468 0.02865871445992 1496.1809309373 0.36876478900558 204.0 0.59490966796875 14.044579619293 0.091796875 2.1671332458619 0.0 0.0 0.028076171875 0.66282000870777
17 9 1 9.8202063934994 0.042664602254364 0.02886683374391 1496.1838377888 0.3688184793598 0.19030331634387 3.490009768902e-06 1.833919574263e-05 4247.0 2.4580549732217e-05
18 8 1 9.9202534696795 0.0475884024458 0.03219488590398 1496.1822866445 0.36873642144457 0.091174073350172 0.00036100180980304 0.0039594787919208 10.9680303101
19 5 1 10.020293353165 0.04289498591265 0.029019783820954 1496.1821424425 0.36879958416898 5.8511335613714
20 6 1 10.120338570243 0.042627752719453 0.028841342668399 1496.1846418702 0.36885559711533 1.0 8.0
21 7 1 10.220387763734 0.042517429707477 0.028760066762336 1496.1826143748 0.36878042161482 99.692242779133 0.3077572208674 1.6983346081635
22 7 1 10.32043766843 0.042779818545372 0.028929064728935 1496.1869653885 0.37501643082695 1.982182648801e-06 1.295333312356e-06 0.65348837209302
23 9 1 10.420496303295 0.0421112966078 0.028490050805477 1496.1836759176 0.36881524164215 0.0 0.0 0.0 0.0 -
24 6 1 10.520540035447 0.042473632096859 0.028737219833252 1496.1843171189 0.36878343241244 0.0 0.0
25 13 1 10.62058227452 0.042468199750798 0.028732674909301 1496.1800483268 0.36880055095741 2.7114926954528 253711552.0 156555474.0 324516.0 1425748.0 0.12790745925515 1.0779718063449 61.706088180013 37.088032554387
26 7 1 10.720627644711 0.042423525137014 0.028703206062713 1496.1840568868 0.36878871991899 62.23827895327 37.76172104673 1.1338334378383
27 12 1 10.820675745572 0.041840561743903 0.028306035065645 1496.1827160268 0.36876783688656 189966.0 1.9871977090637 1.539222808292 94.602718381184 0.30401334390145 0.0060413462052576 0.0046794427295823 0.28760488757231
1 7 1 10.920720272282 0.042045171656235 0.028445330891943 1496.1818886222 0.36878850398612 98.55796543248 1.4420345675197 1.6107430901193
2 10 1 11.020760447498 0.04235690460618 0.028660362011839 1496.1828888675 0.36879880962662 1.5381671679213 6.5152e-05 0.11936660733377 5.056e-06 1.6575337752551 7.0208e-05
3 5 1 11.1208023586 0.042553571660288 0.028791787459513 1496.1884816741 0.36874940198531 1.003983082221
4 6 1 11.22084144481 0.042576222441452 0.028804447833738 1496.1799854361 0.36879163329743 0.0 0.0
5 7 1 11.320879153002 0.042404051680338 0.028692834684872 1496.1838005151 0.36876110519822 3.00062604447e-05 6.6835830404569e-06 0.22273961971284
6 8 1 11.42092547177 0.042622606667815 0.028837927973218 1496.1848043287 0.36875458414525 0.30050312725828 0.012255688150449 0.0068551426670803 99.847703989033
7 7 1 11.520966175182 0.042380001136888 0.028672779126405 1496.1852454947 0.36876564965324 51.0 2.9713010421891e-07 35.882352941176
8 10 1 11.621007773716 0.042590964792203 0.028818019638939 1496.1865538049 0.3689097047598 645.47624441306 0.027491456 230.85609936218 0.009832384 876.33234377524 0.03732384
9 19 1 11.721059436949 0.04225146671928 0.028583883802335 1496.1835809484 0.36880778688754 0.58441162109375 13.831747545632 0.02752685546875 0.65150058935561 0.00016567472193352 0.0 0.0 0.00016567472193352 508.99212902795 0.021505664 0.88915256479977 3.7568e-05 509.88128159275 0.021543232 3.249280330825e-07
10 9 1 11.821103790614 0.042564916529763 0.028798034748082 1496.1872633182 0.36880821123643 0.00016445468641071 0.0 0.0 0.00016445468641071 0.0
11 7 1 11.921145486089 0.042483328961417 0.028745858948639 1496.1855628985 0.36879658631371 157945780.0 218998425.0 219191597.0
12 10 1 12.021191958877 0.042593341217106 0.02881816459814 1496.1808812662 0.36878732540348 46.0 2.6666333685317e-07 39.173913043478 4.0 2.3188116248102e-08 59.0
13 9 1 12.121236337004 0.042054525148685 0.02844793517459 1496.1836692316 0.0 0.36895933370205 0.5814208984375 13.825406335748 0.02752685546875 0.6545515701682
14 10 1 12.221282914886 0.042085036342529 0.02846732618572 1496.1829165235 0.36878362766414 1.7427571976665 7.3344e-05 0.66760070661048 2.8096e-05 3.3851461797607 0.000142464
15 19 1 12.321331821176 0.042433349746867 0.028709686644996 1496.1832173217 0.36876516700986 0.58331298828125 13.746569426193 0.0274658203125 0.64726967058564 0.0 0.0 0.0 0.0 504.93567271535 0.021426112 0.01206598119296 5.12e-07 504.94773869654 0.021426624 0.0
16 13 1 12.421382193366 0.042102019218931 0.028483957989057 1496.1796672657 0.36881904229983 204.0 0.583740234375 13.864898767433 0.0936279296875 2.223834662196 0.0 0.0 0.02752685546875 0.65381318947222
17 9 1 12.521429694458 0.042293893559453 0.028616799959923 1496.1840519619 0.36879333619691 0.190250030741 3.4735597332626e-06 1.8257866869895e-05 3554.0 2.0747951751286e-05
18 8 1 12.621473815282 0.042267261836229 0.028593953936835 1496.1843337909 0.3687844625047 0.091174426353084 0.00036108611975234 0.0039603881723806 10.96798784483
19 5 1 12.721512433999 0.042496163286683 0.028751087898821 1496.1842670186 0.36876132309899 5.7199017199017
20 6 1 12.821550839807 0.041994812829778 0.028414784817292 1496.1842490548 0.36876749144566 1.0 8.0
21 7 1 12.921597499229 0.042016786832673 0.02842695640721 1496.1841096718 0.36877030133753 99.696602596379 0.30339740362092 1.7157133974353
22 7 1 13.02163964589 0.042026220052683 0.028430672345731 1496.1804737137 0.36877332015803 4.2435036410322e-07 1.3837511872931e-08 0.032608695652174
23 9 1 13.121684066599 0.042553514582602 0.028787960083607 1496.183345312 0.36884965887493 0.0 0.0 0.0 0.0 -
24 6 1 13.221733010941 0.042355262943228 0.028643991588062 1496.1835431902 0.36881051063199 0.0 0.0
25 13 1 13.321770289691 0.042291945670188 0.028611787542548 1496.1804290423 0.36878181122011 2.7116304806127 252644108.0 155904696.0 331009.0 1451696.0 0.13101789810986 1.0855262058991 61.709215082902 37.074240813089
26 7 1 13.421791649203 0.042378750863778 0.028674363711672 1496.1853905848 0.36878098019572 62.240176469942 37.759823530058 1.1274315164561
27 12 1 13.521816836543 0.042251522890971 0.028583683124441 1496.1834264009 0.36877976523524 195028.0 1.9299792850257 1.5213200155875 94.764854277335 0.30908262139109 0.0059652305664627 0.0047021357839253 0.29290169575784
1 7 1 13.621835814194 0.042648157538996 0.028853865331382 1496.1822032201 0.36874200526324 98.545425983389 1.4545740166114 1.6469681644378
2 10 1 13.72185714109 0.042324000679523 0.028637607041249 1496.1805476773 0.36879286012907 1.593800182331 6.7456e-05 0.13911728346722 5.888e-06 1.7329174657982 7.3344e-05
3 5 1 13.821882243267 0.04240429992297 0.028689425878659 1496.1842708302 0.36878259056648 1.0039830669948
4 6 1 13.921900741647 0.043324059711893 0.02930986258424 1496.1815143939 0.3687543720166 0.0 0.0
5 7 1 14.021922603986 0.042356732467129 0.028657224098133 1496.1842301625 0.3687851928219 2.7608757210973e-05 6.5057797819777e-06 0.23564189189189
6 8 1 14.121947380911 0.042391484623599 0.028680908619601 1496.1820114337 0.36878003018011 0.30812962766791 0.012397017999905 0.0067963267236068 99.825585691974
7 7 1 14.221966116661 0.042283203724368 0.028598169531601 1496.1817374983 0.36875833990489 52.0 3.0374054435971e-07 35.461538461538
8 10 1 14.321988997338 0.041485391769353 0.028067139584273 1496.1819088773 0.36879313220478 512.87142515834 0.021276672 0.90094364319373 3.7376e-05 513.77236880153 0.021314048
9 19 1 14.422013263282 0.04216802186117 0.028526494907623 1496.183998014 0.36877972425039 0.575927734375 13.657926290001 0.027587890625 0.65423724916069 0.00016600256998173 0.0 0.0 0.00016600256998173 510.26344254041 0.0215168 0.62227249090294 2.624e-05 510.88571503131 0.02154304 3.2493092896824e-07
10 9 1 14.522034240464 0.042403070487746 0.028686293853921 1496.1829715777 0.36875891609204 0.00016508238482454 0.0 0.0 0.00016508238482454 0.0
11 7 1 14.622054979369 0.042243233942654 0.028578230393492 1496.1818868075 0.36882215808755 156972866.0 217705304.0 217898602.0
12 10 1 14.722078965361 0.042371245601142 0.02866451328096 1496.1843130466 0.36886150132134 43.0 2.5065883781004e-07 36.651162790698 3.0 1.7487825893724e-08 71.0
13 9 1 14.822097364987 0.042164135142591 0.028525410431599 1496.1878599832 0.0 0.36880210750527 0.57666015625 13.676556018518 0.0274658203125 0.65140243525963
14 10 1 14.922118460854 0.042303398353069 0.02862165065719 1496.1851260863 0.36882349736099 1.6172695968535 6.8416e-05 0.6233068979454 2.6368e-05 3.1861270074588 0.000134784
15 19 1 15.022143466996 0.041831492733885 0.028300671575205 1496.1858791165 0.36880195614841 0.5655517578125 13.519760373131 0.02685546875 0.64199164301508 0.0 0.0 0.0 0.0 506.29185371729 0.021178944 0.40084632185304 1.6768e-05 506.69270003914 0.021195712 0.0
16 13 1 15.12216173344 0.042297628976866 0.028616236884027 1496.1797183473 0.36877666724583 204.0 0.57763671875 13.656479871861 0.088134765625 2.083680994819 0.0 0.0 0.02752685546875 0.65078956278626
17 9 1 15.222183587625 0.042484775835443 0.028746481820206 1496.1841681112 0.36876735676615 0.19034981773004 3.4983243229884e-06 1.8378395969624e-05 3487.0 2.0263549691463e-05
18 8 1 15.322208817548 0.042309459459665 0.028623957773474 1496.1816976563 0.36878988399488 0.091174424311701 0.00036112731393311 0.0039608400783373 10.967988090402
19 5 1 15.422227253414 0.042525962368451 0.028769211422936 1496.1837092963 0.36879385290919 5.8128481307286
20 6 1 15.522248438069 0.042278326753246 0.028606299024797 1496.1814507285 0.36876310971083 1.0 8.0
21 7 1 15.622273733223 0.042556848644227 0.028792488246651 1496.1823309966 0.36876850995513 99.692420980911 0.30757901908855 1.6859439274904
22 7 1 15.722292789695 0.042206879987011 0.028554437605622 1496.1858407545 0.36879808606823 5.0980311665426e-07 1.3778462612277e-08 0.027027027027027
23 9 1 15.822314369364 0.0425385094933 0.028781895806029 1496.1823299767 0.36879837161264 0.0 0.0 0.0 0.0 -
24 6 1 15.922339037569 0.04232886587271 0.028638028781925 1496.1833969527 0.36880600436834 0.0 0.0
25 13 1 16.022357869355 0.042543381028451 0.028783304628264 1496.1806797396 0.36878716124757 2.7115911427532 254158616.0 156837015.0 332834.0 1472596.0 0.13095522994192 1.0915844773092 61.708321153275 37.069139139473
26 7 1 16.122379369296 0.042511997361416 0.02876461485727 1496.1855744109 0.36879847735234 62.240340685141 37.759659314859 1.1128189933511
27 12 1 16.222407316297 0.042128053891446 0.028485908596306 1496.1827187858 0.36886653689878 205494.0 5.1836063340049 4.7578031475372 92.581778543412 0.32678708016951 0.016939355786376 0.01554788598605 0.30254529087102
1 7 1 16.322423236215 0.042379703064531 0.028668648695169 1496.1834352134 0.36877453775096 98.562460721314 1.4375392786862 1.5982871147106
2 10 1 16.422444527777 0.042014748343907 0.028427565235855 1496.1834468249 0.36877328656457 1.6055314540467 6.7456e-05 0.20259552503625 8.512e-06 1.808126979083 7.5968e-05
3 5 1 16.522470036746 0.042178913733142 0.028536521554363 1496.1824721412 0.36879810495418 1.0039830557627
4 6 1 16.622488037735 0.042017540620518 0.028426903406502 1496.1842934794 0.3687797885409 0.0 0.0
5 7 1 16.722509893732 0.04221866879404 0.028564346020013 1496.1796023304 0.36880875028534 2.8612722836713e-05 6.3752796181556e-06 0.22281275551922
6 8 1 16.822534974165 0.0417814836215 0.028267066408414 1496.1818276262 0.36875708848519 0.29853021429518 0.012451913298978 0.0068541612843926 99.843514545958
7 7 1 16.922553350235 0.042225203736024 0.028567343957491 1496.1798023249 0.36872376301107 51.0 2.9819286528665e-07 37.921568627451
8 10 1 17.022574746893 0.041826181791155 0.028299850290732 1496.1797927835 0.36874419122754 504.57046510669 0.021104256 0.024482272972297 1.024e-06 504.59494737966 0.02110528
9 19 1 17.122600437061 0.041975777874686 0.028396905911828 1496.1813317694 0.36876363483864 0.5804443359375 13.828078128066 0.02752685546875 0.65577952005866 0.00016676284167735 0.0 0.0 0.00016676284167735 507.20603829095 0.021290368 0.44978320726692 1.888e-05 507.65582149821 0.021309248 3.2849587183931e-07
10 9 1 17.222619321394 0.041839133895772 0.02829825755151 1496.1792143468 0.36878893516021 0.00016730747862607 0.0 0.0 0.00016730747862607 0.0
11 7 1 17.32264098079 0.042017697357654 0.028428889347557 1496.1817774777 0.36878498706349 156171982.0 216587859.0 216781507.0
12 10 1 17.422665536652 0.042247686908112 0.02858390101624 1496.1815249451 0.36881000080893 44.0 2.57175548497e-07 38.568181818182 5.0 2.9224494147386e-08 48.2
13 9 1 17.522684219855 0.042058661921886 0.028454348713243 1496.1807821987 0.0 0.36874077454299 0.5709228515625 13.574441636371 0.02740478515625 0.65158480807468
14 10 1 17.622705854789 0.042305487577555 0.028622090064768 1496.1829942036 0.36876251035923 1.6126513108951 6.8224e-05 0.61571208586708 2.6048e-05 3.1905080813112 0.000134976
15 19 1 17.722737416711 0.041962830300044 0.028383632631981 1496.1829549068 0.36883997562375 0.61114501953125 14.56396089495 0.0296630859375 0.70688954308855 0.0 0.0 0.0 0.0 751.78303690271 0.031546944 52.184849886013 0.002189824 803.96788678873 0.033736768 0.0
16 13 1 17.822749424542 0.054328133729085 0.03676198997225 1496.1784806985 0.3687804982013 204.0 0.7401123046875 13.623002556616 0.1109619140625 2.0424392749404 0.0 0.0 0.03533935546875 0.65047983508829
17 9 1 17.922770832071 0.042313771089902 0.028629896570744 1496.1791134917 0.36879615856347 0.19023813344396 3.6587266094384e-06 1.9232351281013e-05 3622.0 2.1135419105879e-05
18 8 1 18.022796009446 0.041684287571177 0.028201188340488 1496.1829360158 0.36879450093522 0.091174474524033 0.00036115481914766 0.0039611395736913 10.967982050024
19 5 1 18.122814914618 0.042497137231315 0.028748871835034 1496.1821288847 0.36882072454967 5.9522715958181
20 6 1 18.222836226112 0.042234147718731 0.028567175895417 1496.1828352723 0.36882491768039 1.0 8.0
21 7 1 18.322861208697 0.042381393651213 0.028673752165042 1496.1814842793 0.36880930321827 99.680521357649 0.31947864235124 1.721500991751
22 7 1 18.422879608324 0.042191070374143 0.028543543015665 1496.1818480106 0.36879007400269 4.7323076670593e-07 1.3783420389493e-08 0.029126213592233
23 9 1 18.522901573946 0.042299709141402 0.028618778653018 1496.1841271873 0.36880887178063 0.0 0.0 0.0 0.0 -
24 6 1 18.622926693337 0.042152332745638 0.028515967245644 1496.1799862148 0.36878457309494 0.0 0.0
25 13 1 18.722944974278 0.042305876249413 0.028621368892743 1496.1822095395 0.36877977861182 2.7116454263416 252728712.0 155957803.0 331349.0 1441428.0 0.13110856988817 1.081423625504 61.709570616575 37.077897188033
26 7 1 18.822966465159 0.042186265882622 0.028543882763793 1496.1774476995 0.36874813515152 62.242722023409 37.757277976591 1.1513246074517
27 12 1 18.922991864502 0.042523253443381 0.028769484127434 1496.1817327197 0.36873011459213 186019.0 1.8971180363296 1.4347996710013 94.78279100522 0.29290112471204 0.0055566800655244 0.0042025443737276 0.27761986088775
1 7 1 19.023010544987 0.042292389607742 0.028610486080721 1496.1773635602 0.36878176273936 98.567187381696 1.4328126183042 1.593357795839
2 10 1 19.123031871883 0.042490938413479 0.028750922554732 1496.1830122622 0.36875699344678 1.5995881130844 6.7968e-05 0.13706451816448 5.824e-06 1.7366526312488 7.3792e-05
3 5 1 19.223060933258 0.042219667200537 0.028558703936109 1496.1799793782 0.36883767898821 1.0039831785451
4 6 1 19.3230776124 0.053710488847114 0.036336387492878 1496.1837104489 0.36895360258114 0.0 0.0
5 7 1 19.4230973683 0.042161928138755 0.02852520341174 1496.1770015733 0.36874431679231 3.164519195286e-05 6.6230037192236e-06 0.20928941524796
6 8 1 19.523122657112 0.042371365192483 0.02866514475948 1496.181889243 0.36877987654513 0.3101006286243 0.012933238603366 0.0074748556444184 99.827925030327
7 7 1 19.623140632733 0.042639402909246 0.02884850048195 1496.1808407844 0.36879737814609 53.0 3.0692782309635e-07 35.528301886792
8 10 1 19.723162375481 0.042383882419497 0.028677319973379 1496.1834148563 0.36879663580046 515.61788945382 0.021853888 2.7965347493857 0.000118528 518.41442420321 0.021972416
9 19 1 19.823187942433 0.042397913564167 0.028685248788681 1496.1785545211 0.36873007144914 0.57501220703125 13.562276034197 0.02752685546875 0.64925023791771 0.00016510246404946 0.0 0.0 0.00016510246404946 516.23219540921 0.021887168 1.5457364405636 6.5536e-05 517.77793184978 0.021952704 3.1886732495459e-07
10 9 1 19.923206261426 0.042281802150092 0.028603404370751 1496.1807436721 0.36879659711404 0.00016555585722556 0.0 0.0 0.00016555585722556 0.0
11 7 1 20.023227877334 0.04245634933611 0.028727349017653 1496.1777664877 0.36877723859667 157818698.0 218869807.0 219061979.0
12 10 1 20.123252931494 0.042344975369926 0.028649224615221 1496.1765554216 0.36875767930912 42.0 2.4489126786891e-07 41.214285714286 4.0 2.3322977892278e-08 54.75
13 9 1 20.223271371889 0.042362463791541 0.028650695951112 1496.1825875927 0.0 0.36877879362514 0.57470703125 13.566421303493 0.0274658203125 0.64835275983131
14 10 1 20.323299580723 0.042432621326882 0.028700917519325 1496.1825542723 0.36971336682371 3.6786791651995 0.000156096 0.90647239782078 3.8464e-05 5.6288768530236 0.000238848
15 19 1 20.423318717829 0.041955972823837 0.02838286344222 1496.1781434486 0.36880611846045 0.5816650390625 13.86370044391 0.02764892578125 0.65899856254891 0.0 0.0 0.0 0.0 521.46396633115 0.021878528 2.1279449382538 8.928e-05 523.5919112694 0.021967808 0.0
16 13 1 20.523336526747 0.042315802330707 0.028628285258624 1496.1775710255 0.36876347908326 204.0 0.57537841796875 13.597247039582 0.0858154296875 2.0279759560467 0.0 0.0 0.02764892578125 0.65339481371918
17 9 1 20.623358210605 0.042101988415101 0.028486316294059 1496.1818784627 0.36876167442914 0.19034708807565 3.489171049779e-06 1.8330572245961e-05 3468.0 2.033688269014e-05
18 8 1 20.723383846413 0.042290328469101 0.028610846213736 1496.178470975 0.36879281324592 0.091174422739429 0.00036107379165996 0.003960253114976 10.967988279541
19 5 1 20.823404620652 0.04189432076962 0.028338750998338 1496.1785867736 0.36888826622227 5.7534532186604
20 6 1 20.923425457405 0.042204235387586 0.028553407036301 1496.1747625133 0.36878941035376 1.0 8.0
21 7 1 21.023448373416 0.04207448693667 0.02846532303076 1496.1830397384 0.36877684095413 99.691503687022 0.30849631297795 1.7038488920921
22 7 1 21.123467197048 0.04244244503074 0.028714197594135 1496.182775124 0.36873650867402 4.6578353681879e-07 1.3699515788788e-08 0.029411764705882
23 9 1 21.223488934359 0.042313710388236 0.0286190540755 1496.1793289098 0.36877767653725 0.0 0.0 0.0 0.0 -
24 6 1 21.323514192368 0.041947973793922 0.028377647628966 1496.1831261626 0.36879371293679 0.0 0.0
25 13 1 21.423532464248 0.041907869924947 0.028352371274272 1496.1818591527 0.36876476629588 2.7117558167085 250353444.0 154498318.0 335795.0 1415388.0 0.134128372526 1.0719828563653 61.712080142185 37.081808628924
26 7 1 21.523553840974 0.042147241959695 0.028517572215798 1496.178237986 0.36880167374784 62.236576483314 37.763423516686 1.1214786773177
27 12 1 21.623578990263 0.042421415074643 0.028700719106419 1496.1781009307 0.36876436242705 191822.0 2.0346988353786 1.6009633931457 94.751905412309 0.30276205544914 0.006160296016192 0.0048471096760762 0.28687281640353
1 7 1 21.723597866442 0.042213960337989 0.028556647327443 1496.1787812976 0.36880365431357 98.580217510016 1.4197824899843 1.584267793388
2 10 1 21.823619648148 0.042362839779469 0.028661875929496 1496.180819721 0.36877706675601 1.5862959223184 6.72e-05 0.12539291576422 5.312e-06 1.7116888380826 7.2512e-05
3 5 1 21.923644330849 0.035344978901041 0.023911577858864 1496.1800924533 0.36885557588641 1.0039851850973
4 6 1 22.023662966034 0.042518855743618 0.028767596033839 1496.1775552877 0.36877394607092 0.0 0.0
5 7 1 22.123686808878 0.042419962764647 0.028701014007794 1496.1787493013 0.36879471264369 2.9668656981273e-05 6.7695993857604e-06 0.22817343535413
6 8 1 22.223710436096 0.042428885003474 0.028699387293759 1496.1808253815 0.36879346723403 0.31432542062387 0.013042502727316 0.0074643586345732 99.8229183906
7 7 1 22.323730167534 0.042529070837319 0.028770588535347 1496.1789403089 0.36882206713757 48.0 2.787437879261e-07 45.625
8 10 1 22.423750596589 0.042088829743622 0.028477194283334 1496.1819620956 0.36882984825767 518.32621940043 0.021815744 1.9554832125612 8.2304e-05 520.28170261299 0.021898048
9 19 1 22.523774887901 0.042044634401196 0.028445455919254 1496.1780648519 0.36880495989317 0.582275390625 13.848982133341 0.02752685546875 0.65470554949021 0.0001664897340575 0.0 0.0 0.0001664897340575 511.99379674919 0.021526592 0.90265976956432 3.7952e-05 512.89645651875 0.021564544 3.246069103061e-07
10 9 1 22.623793669857 0.042120955420568 0.028494516907863 1496.1764259899 0.36877409323558 0.00016618806316492 0.0 0.0 0.00016618806316492 0.0
11 7 1 22.723815392673 0.042134253615277 0.028506772755318 1496.1807126033 0.36881972919428 156609363.0 217168726.0 217354940.0
12 10 1 22.823839998364 0.041683688708478 0.02820114621172 1496.1762051852 0.36877586137671 43.0 2.5471820755721e-07 39.581395348837 4.0 2.3694716982066e-08 58.5
13 9 1 22.923858748611 0.042084344162344 0.028471621055049 1496.1770530451 0.0 0.36877609728268 0.57977294921875 13.776452045498 0.0274658203125 0.65263747978461
14 10 1 23.023880074601 0.041791540166076 0.028276022622053 1496.1774543827 0.36876416492405 1.5559129848194 6.5024e-05 0.57121608596225 2.3872e-05 3.018409934133 0.000126144
15 19 1 23.123905646989 0.042123814740809 0.028497007488137 1496.1796493957 0.36874571487801 0.58172607421875 13.809909615218 0.0274658203125 0.65202594972699 0.0 0.0 0.0 0.0 505.06346898798 0.0212752 0.079005190305708 3.328e-06 505.14247417828 0.021278528 0.0
16 13 1 23.2239246337 0.041952009095683 0.028381258472066 1496.1769218334 0.3687750373698 204.0 0.5814208984375 13.859190798501 0.09088134765625 2.1663169324971 0.0 0.0 0.027587890625 0.65760594592928
17 9 1 23.32394562719 0.04168722661898 0.028205538475513 1496.1769521209 0.36881597450748 0.19026047628847 4.104916913905e-06 2.1575247754983e-05 3646.0 2.1596720155985e-05
18 8 1 23.423970628802 0.042056994891074 0.028454015760078 1496.1781273754 0.36880102480051 0.091174441402551 0.00036111095209304 0.0039606598794357 10.967986034428
19 5 1 23.52398938086 0.042076894165403 0.028464851007361 1496.177530197 0.36877865126281 5.7376352458352
20 6 1 23.624010954186 0.042515389406722 0.02876434441776 1496.175915237 0.36879930251652 1.0 8.0
21 7 1 23.724036830989 0.042078212388138 0.028455966820325 1496.1767505442 0.36899740511917 99.665960117516 0.33403988248413 1.7471897950007
22 7 1 23.824058679738 0.042287640381916 0.028592437301194 1496.1818315779 0.36906828551178 8.9046108616662e-07 4.7736058227489e-07 0.5360824742268
23 9 1 23.924077121946 0.042128010403686 0.028503949221879 1496.1792881588 0.36884025494661 0.0 0.0 0.0 0.0 -
24 6 1 24.024101343496 0.04247912967456 0.028737985399033 1496.1756451213 0.36882259855032 0.0 0.0
25 13 1 24.1241229739 0.042356474258552 0.028653317447664 1496.1823043532 0.36880440776644 2.7114643397464 253010820.0 156121456.0 331584.0 1489456.0 0.13105526475113 1.1034259325352 61.705446431105 37.060072371608
26 7 1 24.224141368997 0.04200842631075 0.028417149011262 1496.1778521556 0.36878315570486 62.238602227635 37.761397772365 1.1385259457353
27 12 1 24.324166434934 0.042304566180633 0.02862102280265 1496.1759302966 0.36880403962956 198729.0 1.9337892305602 1.5614228421619 95.057087792924 0.31453712004609 0.0060824849535656 0.004911254439478 0.29898982634355
1 7 1 24.424185001263 0.042087406425467 0.028473506430659 1496.178162618 0.36880140680628 98.579520998303 1.4204790016967 1.5902570477975
2 10 1 24.524206522042 0.042251193108788 0.02858594403498 1496.177575171 0.36876690552374 1.5071763733639 6.368e-05 0.16965201388618 7.168e-06 1.6768283872501 7.0848e-05
3 5 1 24.624231908702 0.042000111088578 0.028415195686027 1496.1776243946 0.36879430568426 1.003983171597
4 6 1 24.724250048307 0.042102701433171 0.028483466939763 1496.1776130662 0.3687837523144 0.0 0.0
5 7 1 24.824271565462 0.04192097695471 0.028364006968144 1496.178782016 0.36876507287233 2.8028103371108e-05 6.7670289500743e-06 0.24143727673881
6 8 1 24.924297373409 0.04222744879165 0.028566570690752 1496.1792464297 0.36880763912408 0.31547919870234 0.01263375694821 0.0073769596238321 99.821487725973
7 7 1 25.024315832831 0.042110950517708 0.028487083218833 1496.1791356838 0.368779867827 66.0 3.8704277434888e-07 34.257575757576
8 10 1 25.124336908766 0.042337885958997 0.028646651136404 1496.1793460805 0.36877102518001 504.81802564962 0.021372928 0.0060465938296477 2.56e-07 504.82407224345 0.021373184
9 19 1 25.224362229288 0.042373726215471 0.028659696558507 1496.17616642 0.36877897381885 0.57720947265625 13.621871952472 0.02752685546875 0.6496208364772 0.00016519670619489 0.0 0.0 0.00016519670619489 515.12826341976 0.021827904 1.5828676397006 6.7072e-05 516.71113105946 0.021894976 3.1970804626596e-07
10 9 1 25.324381246803 0.041982957885114 0.028402250376373 1496.1727141446 0.36878502660964 0.00016673432155865 0.0 0.0 0.00016673432155865 0.0
11 7 1 25.424403727937 0.04243297194695 0.028706910676295 1496.1739769863 0.36885914563075 157691615.0 218666901.0 218857495.0
12 10 1 25.524427475651 0.041634969732983 0.028166882839556 1496.1761753693 0.36878231603075 47.0 2.7875647661018e-07 37.36170212766 3.0 1.7792966592139e-08 74.0
13 9 1 25.624445845379 0.041884968183165 0.028336376838422 1496.1785094974 0.0 0.36878053753976 0.56915283203125 13.58847473734 0.02679443359375 0.63971478924316
14 10 1 25.724467235695 0.042226521958758 0.028571653322741 1496.1761980931 0.36874986841831 1.5292758438185 6.4576e-05 0.57897261876973 2.4448e-05 3.0479422417433 0.000128704
15 19 1 25.824492956667 0.042509179716945 0.028757994751755 1496.1747453199 0.36881439666631 0.5831298828125 13.717740184482 0.0274658203125 0.646115039043 0.0 0.0 0.0 0.0 505.06775578738 0.021470016 0.040650043390773 1.728e-06 505.10840583077 0.021471744 0.0
16 13 1 25.924511003861 0.043441251978011 0.029388914725559 1496.1767092843 0.36887682222505 204.0 0.591552734375 13.617304001147 0.09027099609375 2.0780017145787 0.0 0.0 0.028076171875 0.6463020883747
17 9 1 26.024532514674 0.042574987570258 0.028806876806351 1496.1755728742 0.36887732411771 0.18997664608596 3.3992194881592e-06 1.7892828188056e-05 3560.0 2.065054842636e-05
18 8 1 26.124557605979 0.042665755586008 0.028866384823384 1496.1766742532 0.36887113408937 0.091174402061467 0.00036105612398144 0.0039600602342094 10.967990767034
19 5 1 26.22457661534 0.042490391192495 0.028735351218551 1496.1767372111 0.36888151924686 6.00009641497
20 6 1 26.324597799995 0.042775869313138 0.028940884339794 1496.1759322465 0.36887518080726 1.0 8.0
21 7 1 26.424623249168 0.042615170260799 0.028831744557297 1496.1761427638 0.368760336743 99.699171609927 0.30082839007264 1.6489712607546
22 7 1 26.52464125831 0.042643171848474 0.028850477363055 1496.1764271043 0.36880298214627 6.1822244382668e-07 1.3637259790294e-08 0.022058823529412
23 9 1 26.624662625976 0.042423646540345 0.02870519155077 1496.1785969738 0.36873329542144 0.0 0.0 0.0 0.0 -
24 6 1 26.724688307084 0.042636917764942 0.028845046375986 1496.1789585331 0.36880157689846 0.0 0.0
25 13 1 26.824706826301 0.042185806543153 0.028538166841295 1496.1769151957 0.36881527650789 2.7113844346917 251994032.0 155489440.0 322706.0 1459784.0 0.12806096931692 1.0979609231381 61.703620028589 37.070358078956
26 7 1 26.924730073907 0.042273493269885 0.028601075963583 1496.1756725854 0.36887443591025 62.221218837063 37.778781162937 1.1377106645876
27 12 1 27.024753161151 0.042091850330975 0.028476786585581 1496.1783504576 0.36878049373425 194924.0 2.251133775215 1.7837721368328 94.892368307648 0.31007742072802 0.0069802575473239 0.0055310746335564 0.29423980811609
1 7 1 27.124771625103 0.042414700745648 0.028695202502823 1496.1776545965 0.3688054157132 98.591794698402 1.4082053015978 1.5813947716451
2 10 1 27.224793356978 0.042331289409353 0.028640612679684 1496.1781981857 0.36876698557333 1.5647999606023 6.624e-05 0.17991419836877 7.616e-06 1.7447141589711 7.3856e-05
3 5 1 27.324821689028 0.042125214503095 0.028498101477108 1496.1762833707 0.36878266593537 1.0039831541401
4 6 1 27.424836780866 0.054304233580806 0.03674526621042 1496.1772530932 0.36875316936296 0.0 0.0
5 7 1 27.524858212857 0.042027025482244 0.028436197556279 1496.1798903173 0.36880891688172 2.8207032852862e-05 6.3335099802927e-06 0.2245365548844
6 8 1 27.624883588645 0.042173898144784 0.028533009464719 1496.1745667407 0.36873754835584 0.29580966890645 0.012069133559251 0.006999843444191 99.854555985991
7 7 1 27.724902350669 0.042212537019834 0.028556060695676 1496.1776441303 0.36879651606865 56.0 3.2762146564376e-07 37.660714285714
8 10 1 27.824923688437 0.042582476524984 0.028813146291798 1496.1784440804 0.36883660781702 505.24745753988 0.021514688 0.10220166498411 4.352e-06 505.34965920487 0.02151904
9 19 1 27.924949165696 0.042209569886186 0.028557080846054 1496.1792959382 0.36878154852685 0.583984375 13.835354792163 0.02752685546875 0.65214726288311 0.00016583916914754 0.0 0.0 0.00016583916914754 505.18212001441 0.02132352 0.11220204358325 4.736e-06 505.29432205799 0.021328256 3.2820311234074e-07
10 9 1 28.02496720383 0.042335260385468 0.028641816294051 1496.1761491047 0.36878524263535 0.00016534680397059 0.0 0.0 0.00016534680397059 0.0
11 7 1 28.12498882155 0.04246701833331 0.028732565736902 1496.1758343103 0.36879650137927 157857558.0 218897388.0 219090321.0
12 10 1 28.225014232672 0.042272879005271 0.028593273987582 1496.1783152602 0.36879795515367 41.0 2.3955447261873e-07 41.439024390244 4.0 2.3371168060363e-08 55.75
13 9 1 28.325032231848 0.04260131306717 0.028822451313515 1496.174666207 0.0 0.36881047821246 0.58355712890625 13.698101933763 0.0274658203125 0.64471769377611
14 10 1 28.425058862439 0.042046677419936 0.028440282234767 1496.1778229735 0.36907289584656 2.2268584759947 9.3632e-05 0.58753750631165 2.4704e-05 3.7367994248578 0.00015712
15 19 1 28.525079986392 0.042195025948343 0.028547958382331 1496.179354797 0.36878576138159 0.5828857421875 13.814086591654 0.02752685546875 0.65237204741739 0.0 0.0 0.0 0.0 510.26450431288 0.021530624 1.2619496920132 5.3248e-05 511.52645400489 0.021583872 0.0
16 13 1 28.625097697462 0.042219142629428 0.028560354206013 1496.1761676755 0.3688112763339 204.0 0.58258056640625 13.798967248572 0.09259033203125 2.1930888754409 0.0 0.0 0.0274658203125 0.65055372046697
17 9 1 28.725118957314 0.04224742960553 0.028585231922905 1496.1743067147 0.36876790578265 0.19029323335456 3.6758505913886e-06 1.9316769842991e-05 3485.0 2.0366199222558e-05
18 8 1 28.825144220759 0.042129430097861 0.028502786830285 1496.1746148577 0.36880126272236 0.091174439925675 0.00036112045742878 0.0039607641979832 10.967986212092
19 5 1 28.925162519819 0.042570421355424 0.028801133251005 1496.1809461674 0.3687923959788 5.9060932014556
20 6 1 29.02518445645 0.042077040936594 0.028466948838799 1496.1749604983 0.3687948671994 1.0 8.0
21 7 1 29.125209660098 0.04231285694094 0.028625253346334 1496.1770718105 0.36877998599598 99.695077221188 0.30492277881227 1.6247691646078
22 7 1 29.225227766182 0.042359479443989 0.02864845904944 1496.1793535727 0.36874835427001 5.1721576000544e-07 1.3731391858552e-08 0.026548672566372
23 9 1 29.325249334073 0.042150575115325 0.028519813647445 1496.1757972398 0.36875115838763 0.0 0.0 0.0 0.0 -
24 6 1 29.425274542251 0.042274456342577 0.028601153879154 1496.1767932556 0.36877242460813 0.0 0.0
25 13 1 29.525293174718 0.04212922715498 0.028500020374532 1496.1791517731 0.36874645363678 2.7118904877252 251657196.0 155310593.0 345221.0 1416704.0 0.13717906957844 1.0622072575266 61.715140861698 37.085472811197
26 7 1 29.625314442724 0.042126912337737 0.028503935631954 1496.1785748203 0.36877555297439 62.241347519955 37.758652480045 1.130154610794
27 12 1 29.725339498696 0.041534233960169 0.028099596402393 1496.1759807158 0.36881364882592 200576.0 1.9339302807913 1.5226148691768 95.085154754308 0.32335136042102 0.0062533898725327 0.0049233958934558 0.30745914145648
1 7 1 29.825358077709 0.042187192715514 0.028541369533644 1496.1819263488 0.36879343047167 98.579706704698 1.4202932953016 1.5969875701577
2 10 1 29.925381507419 0.042343013890736 0.028646481262341 1496.1808007002 0.36877815658794 1.5764584016681 6.6752e-05 0.13905481587101 5.888e-06 1.7155132175391 7.264e-05
3 5 1 30.025406210053 0.042382249816495 0.028672149912873 1496.1759951889 0.3687983665172 1.0039830522776
4 6 1 30.125481482609 0.042603816331374 0.028784987060992 1496.1771013038 0.36877393200149 0.0 0.0
5 7 1 30.22551981322 0.042349664800081 0.028646181830991 1496.1769639215 0.36877131908836 3.1898739893639e-05 6.9162532932096e-06 0.21681901279707
6 8 1 30.325569559367 0.042621245863315 0.028820199009928 1496.1779832106 0.37756789880833 0.82982848190032 0.13595804121523 0.081224626440357 99.665304429903
7 7 1 30.425621979105 0.054239202165214 0.036696404993709 1496.1786080499 0.36878328465508 59.0 2.6859351832671e-07 37.881355932203
8 10 1 30.5256576778 0.042463838290836 0.028729453644054 1496.1755741188 0.36880369624004 526.01255324629 0.022336512 2.5380654302101 0.000107776 528.5506186765 0.022444288
9 19 1 30.625702539728 0.042459932546361 0.028726331585261 1496.1762659824 0.36879261937006 0.59002685546875 13.896085558415 0.0281982421875 0.66411415413133 0.00016486130759527 0.0 0.0 0.00016486130759527 513.36944485721 0.021797632 1.153087088552 4.896e-05 514.52253194576 0.021846592 3.2041610883748e-07
10 9 1 30.725748258728 0.054470958405935 0.036857244022276 1496.1764815629 0.36877648349557 0.00012850884590342 0.0 0.0 0.00012850884590342 0.0
11 7 1 30.825788855232 0.042377452572934 0.02867174946308 1496.1772081954 0.36875856433565 157501892.0 218457370.0 218649259.0
12 10 1 30.925831526464 0.042815901608507 0.028964166599478 1496.1748491811 0.36879015203457 40.0 2.307140688101e-07 44.0 3.0 1.7303555160758e-08 70.666666666667
13 9 1 31.025876511608 0.054469062158385 0.036857068712242 1496.179684725 0.0 0.36875945620889 0.75982666015625 13.94969235833 0.03594970703125 0.66000231336305
14 10 1 31.125921966963 0.042240078362045 0.028578839222137 1496.1782699664 0.36883277981196 1.6242394110151 6.8608e-05 0.65605938896413 2.7712e-05 3.2318121862829 0.000136512
15 19 1 31.22596727917 0.042191496191796 0.028544013227074 1496.1768832505 0.36882289078545 0.57318115234375 13.585229349018 0.02752685546875 0.65242662510988 0.0 0.0 0.0 0.0 505.225600512 0.021316224 0.065226414050116 2.752e-06 505.29082692605 0.021318976 0.0
16 13 1 31.326016472661 0.054113239867431 0.036613366927358 1496.1765572749 0.36878067725367 204.0 0.7335205078125 13.555287201608 0.10394287109375 1.9208399154882 0.0 0.0 0.03521728515625 0.65080718217071
17 9 1 31.426062745223 0.042187250699194 0.028540947792968 1496.1746252071 0.36876804916957 0.19032372268448 3.2191661520342e-06 1.6914161338526e-05 3997.0 2.3394558381238e-05
18 8 1 31.526106079644 0.041831162045707 0.028297907837437 1496.1771521289 0.3688119858234 0.091174466144775 0.00036110057968327 0.0039605450402077 10.967983058021
19 5 1 31.626151773276 0.054210528329244 0.036680751211982 1496.1795446664 0.3687794842664 5.9261385814478
20 6 1 31.726190737176 0.041778098824155 0.028266115566654 1496.1748567899 0.36882868456002 1.0 8.0
21 7 1 31.826233025173 0.041828899776176 0.028296683838183 1496.1751612844 0.36878616779836 99.692754856566 0.30724514343374 1.6808870282626
22 7 1 31.926278538511 0.053944795463779 0.036500937929989 1496.1785230143 0.36880140168987 4.0241187858929e-07 1.077888960507e-08 0.026785714285714
