--------------------------------------------------------------------------------
CPU name:	Intel(R) Core(TM) i7-8750H CPU @ 2.20GHz
CPU type:	Intel Coffeelake processor
CPU clock:	2.21 GHz
--------------------------------------------------------------------------------
Allocate: Process running on core 0 (Domain S0) - Vector length 62500000/500000000 Offset 0 Alignment 512
Allocate: Process running on core 0 (Domain S0) - Vector length 62500000/500000000 Offset 0 Alignment 512
--------------------------------------------------------------------------------
LIKWID MICRO BENCHMARK
Test: copy
--------------------------------------------------------------------------------
Using 1 work groups
Using 1 threads
--------------------------------------------------------------------------------
--------------------------------------------------------------------------------
=========== Threads started
Group: 0 Thread 0 Global Thread 0 running on core 0 - Vector length 62500000 Offset 0
=========== Threads finished
--------------------------------------------------------------------------------
Cycles:			114911461674
CPU Clock:		2207987054
Cycle Clock:		2207987054
Time:			5.204354e+01 sec
Iterations:		250
Iterations per thread:	250
Inner loop executions:	15625000
Size (Byte):		1000000000
Size per thread:	1000000000
Number of Flops:	0
MFlops/s:		0.00
Data volume (Byte):	250000000000
MByte/s:		4803.67
Cycles per update:	7.354334
Cycles per cacheline:	58.834668
Loads per update:	1
Stores per update:	1
Load bytes per element:	8
Store bytes per elem.:	8
Load/store ratio:	1.00
Instructions:		42968750016
UOPs:			54687500000
--------------------------------------------------------------------------------
--------------------------------------------------------------------------------
