--------------------------------------------------------------------------------
CPU name:	Intel(R) Core(TM) i7-8750H CPU @ 2.20GHz
CPU type:	Intel Coffeelake processor
CPU clock:	2.21 GHz
--------------------------------------------------------------------------------
Allocate: Process running on core 0 (Domain S0) - Vector length 62500000/500000000 Offset 0 Alignment 512
Allocate: Process running on core 0 (Domain S0) - Vector length 62500000/500000000 Offset 0 Alignment 512
--------------------------------------------------------------------------------
LIKWID MICRO BENCHMARK
Test: copy
--------------------------------------------------------------------------------
Using 1 work groups
Using 2 threads
--------------------------------------------------------------------------------
--------------------------------------------------------------------------------
=========== Threads started
Group: 0 Thread 0 Global Thread 0 running on core 0 - Vector length 31250000 Offset 0
Group: 0 Thread 1 Global Thread 1 running on core 6 - Vector length 31250000 Offset 31250000
=========== Threads finished
--------------------------------------------------------------------------------
Cycles:			46220840694
CPU Clock:		2207988729
Cycle Clock:		2207988729
Time:			2.093346e+01 sec
Iterations:		500
Iterations per thread:	250
Inner loop executions:	7812500
Size (Byte):		1000000000
Size per thread:	500000000
Number of Flops:	0
MFlops/s:		0.00
Data volume (Byte):	250000000000
MByte/s:		11942.60
Cycles per update:	2.958134
Cycles per cacheline:	23.665070
Loads per update:	1
Stores per update:	1
Load bytes per element:	8
Store bytes per elem.:	8
Load/store ratio:	1.00
Instructions:		42968750016
UOPs:			54687500000
--------------------------------------------------------------------------------
--------------------------------------------------------------------------------
