1 7 1 0.1008613559886 0.10087314317477 0.0014278274309593 997.7557103093 1.4556489779711 32.442373510371 67.557626489629 9.7792031883486
2 10 1 0.20127214037753 0.055810122675514 1.3716994827006e-05 999.84182962805 4.9423955613577 1.3887086479028 7.7504e-05 0.10320708365917 5.76e-06 1.4919157315619 8.3264e-05
3 5 1 0.3016800234864 0.055846731521746 1.4437106484646e-05 997.45091679085 5.2368983078692 1.9781771501926
4 6 1 0.40185035308193 0.055329505662396 1.2856031140733e-05 997.45416954872 5.4546502690238 0.0 0.0
5 7 1 0.50200378043403 0.055227240749004 9.945240182462e-06 998.13225806797 3.3220877458396 0.45642965204236 0.19349470499244 0.42393105734173
6 8 1 0.6021592603308 0.055196870153068 8.9225910485306e-06 999.62379527329 3.7857417371253 73.290695903761 26.222019186843 22.242525760114 55.530176133191
7 7 1 0.70230944491593 0.055190096574482 8.9402541646614e-06 995.29002376949 3.793235972329 42.0 0.0080707148347425 41.02380952381
8 10 1 0.80245607242122 0.054656042747364 8.7219561653014e-06 935.60748764407 3.7006149116065 578.06863453399 0.031594944 155.47528823626 0.008497664 733.54392277025 0.040092608
9 19 1 0.90296012530972 0.053719082371697 1.286191884611e-05 926.05053874789 4.4235202492212 0.62158203125 11.570972619173 0.0345458984375 0.643084299141 0.00013030751254396 0.0 0.0 0.00013030751254396 538.15841082259 0.028909376 40.757211466322 0.00218944 578.91562228891 0.031098816 2.2508895515508e-07
Running without Marker API. Activate Marker API with -m on commandline.
10 9 1 1.0034809798978 0.052455001991091 1.346155899373e-05 997.69100114172 5.7115680245965 0.00013344771202542 0.0 0.0 0.00013344771202542 0.0
11 7 1 1.10359209367 0.017124308660766 0.0077058632177574 997.67344177472 0.36911396945998 42309409.0 58672209.0 58721048.0
12 10 1 1.203679027995 0.01774052768092 0.00798335937728 997.67637626602 0.36903879686115 46.0 9.6304569649736e-07 39.065217391304 3.0 6.2807328032437e-08 75.0
13 9 1 1.3037600148317 0.016525867793447 0.0074350314878211 997.66771939291 0.0 0.36907392502732 0.20697021484375 12.524014921977 0.010498046875 0.63524935611325
14 10 1 1.4038537598731 0.015869886834381 0.0071409691369695 997.66968586486 0.36926654154649 3.1213833165266 4.9536e-05 0.95980520585701 1.5232e-05 7.0210960646935 0.000111424
15 19 1 1.5063127365635 7.7434195315834e-05 2.5040410968083e-05 997.69213684344 0.5152701279578 0.0 0.0 0.0 0.0 0.0 0.0 0.0 0.0 909.15905709172 7.04e-05 42.978428153427 3.328e-06 952.13748524515 7.3728e-05 0.0
16 13 1 1.6063985848333 0.0035732094437899 0.0015981890918416 997.68562496688 0.3701980065171 202.0 0.0511474609375 14.314151393054 0.0040283203125 1.1273675321499 0.0 0.0 0.00250244140625 0.70033437603248
17 9 1 1.706491096174 0.014803482085699 0.006656823576725 997.67376089055 0.36916819193182 0.19043627669384 1.903834314775e-05 9.9972250446578e-05 3485.0 8.7531168693811e-05
18 8 1 1.8065655549042 0.014989950243989 0.0067406287221598 997.67186761263 0.36909100269621 0.091185589505897 0.00036343068448121 0.0039856153417499 10.966645118145
19 5 1 1.9066380697858 0.014373121619878 0.0064642213352315 997.6647774703 0.36913755430337 5.7286471211586
20 6 1 2.006724411717 0.014007398195286 0.0062959824185878 997.67339593028 0.37021856428198 1.0 8.0
21 7 1 2.1068039429318 0.0022957521965677 0.0010287836700337 997.69148396858 0.37102616634089 99.203625726103 0.79637427389728 3.2968835429196
22 7 1 2.2068803871774 0.014629358181083 0.0074923813613957 1144.9264277333 0.3695315810137 1.9813200097453e-06 8.766902697988e-08 0.044247787610619
23 9 1 2.3069563459137 0.017932618144945 0.0088794921393707 1097.4420981447 0.36901716380656 0.0 0.0 0.0 0.0 -
24 6 1 2.4070241433846 0.017722430686194 0.0087743033009073 1097.4338254926 0.36904108603207 0.0 0.0
25 13 1 2.5070949825347 0.018051334212961 0.0089424652244806 1097.4338270747 0.36905550962609 2.7096194851911 78979528.0 48702608.0 126766.0 459508.0 0.16050488425304 1.1026199093011 61.664850668644 37.072024537802
26 7 1 2.6071795663065 0.017215426789178 0.0085256949413664 1097.4404863892 0.36910958987913 62.206248963793 37.793751036207 1.0732566080413
27 12 1 2.7072466943906 0.018776514732023 0.010148140926461 1197.2061783904 0.36896875839337 78049.0 4.9789234967777 3.8437391894835 89.010749657267 0.34832413777068 0.017342792340413 0.013388671389922 0.31004592626689
1 7 1 2.8073130996456 0.033382388215059 0.01805561638654 1197.2108561084 0.36889520280024 98.540288211418 1.4597117885815 1.6310150086184
2 10 1 2.9073871978671 0.018897390229211 0.0097666810240934 1150.5188559094 0.36928158763008 3.6847416048151 6.9632e-05 0.23368306133478 4.416e-06 3.9184246661499 7.4048e-05
3 5 1 3.0107876775243 7.5863536681449e-05 2.7383264807688e-05 1097.6414760481 0.50659405111018 1.0201766046335
4 6 1 3.1108884696961 0.0017816078716317 0.00082046986029174 1045.0181748385 0.37307717258004 0.0 0.0
5 7 1 3.210964062489 0.015076085562051 0.0074603395629336 1097.4335210465 0.36948333045924 0.00013440356131754 3.4722415373758e-05 0.25834445927904
6 8 1 3.3110269677296 0.0061310677909229 0.003308375021164 1197.2190368587 0.36943225862507 0.44073385643699 0.07434774264045 0.050350027146303 99.755560063968
7 7 1 3.4110932941799 0.021490743287559 0.011617925051737 1197.2075678064 0.36897161002814 53.0 7.6232992419391e-07 35.867924528302
8 10 1 3.5111472211228 0.021103826841012 0.011407190942184 1197.2084038446 0.36900701774804 523.14000125062 0.011040256 1.5102474181631 3.1872e-05 524.65024866878 0.011072128
9 19 1 3.6112128174976 0.033396790448211 0.018063132268904 1197.2088673374 0.36885187030939 0.44598388671875 13.354094232808 0.022216796875 0.66523748470535 0.00020960097979639 0.0 0.0 0.00020960097979639 499.55075850391 0.016683392 0.10539934984047 3.52e-06 499.65615785375 0.016686912 4.1949043657688e-07
10 9 1 3.7112828160646 0.021042255935584 0.011374892802088 1197.2045996336 0.36891943582647 0.00033266395111955 0.0 0.0 0.00033266395111955 0.0
11 7 1 3.8113491071887 0.020812658070906 0.011249240111336 1197.2100498678 0.36894509211937 61781944.0 85688446.0 85761530.0
12 10 1 3.9114140359883 0.016989074408865 0.0091813797035686 1197.2019044492 0.36901128765833 42.0 7.6451095026327e-07 45.690476190476 3.0 5.4607925018805e-08 70.666666666667
13 9 1 4.011483330748 0.021396232935049 0.011566775837725 1197.2005547447 0.0 0.36895842855797 0.27569580078125 12.885249549216 0.01385498046875 0.64754298155235
14 10 1 4.1115507486884 0.021162779982051 0.011438991797626 1197.2074314079 0.36890318926728 2.6189375898161 5.5424e-05 0.92842244812187 1.9648e-05 5.5644863340203 0.00011776
15 19 1 4.21161843384 0.033060088882123 0.017879840754113 1197.2089324016 0.36886334766769 0.43145751953125 13.050706580664 0.02154541015625 0.65170454420347 0.0 0.0 0.0 0.0 499.2083372445 0.016503872 0.096793448178852 3.2e-06 499.30513069268 0.016507072 0.0
16 13 1 4.3116928989107 0.021285966177149 0.011505445422415 1197.2084023432 0.36901497570215 203.0 0.27569580078125 12.951998442862 0.0311279296875 1.4623686530573 0.0 0.0 0.01373291015625 0.64516264105468
17 9 1 4.411769012539 0.020616880997515 0.011139212937754 1197.2049926022 0.36960189229198 0.19025195951758 1.2622973875568e-05 6.6348719390729e-05 4128.0 6.2032900188508e-05
18 8 1 4.5118427357589 0.01932712388086 0.0095802608732457 1097.4364575227 0.36902901892315 0.09118090921057 0.00036253700538781 0.0039760187579462 10.967208033544
19 5 1 4.6170958987613 7.3108996365899e-05 3.0156374040222e-05 1197.0287841855 0.4842580673314 5.704641350211
20 6 1 4.7171555168507 0.021327341347334 0.011525709092721 1197.2058745781 0.36897629903563 1.0 8.0
21 7 1 4.8172186168385 0.021752861213535 0.012057316351809 1229.4017118981 0.3689723653853 99.648076328254 0.35192367174599 1.930204771126
22 7 1 4.9172810266061 0.033776128965038 0.018267216441683 1197.2063411053 0.36881360936308 7.2497840748716e-07 2.1534012103579e-08 0.02970297029703
23 9 1 5.0173472017877 0.020603956125512 0.011140520008348 1197.204639386 0.36921209595937 0.0 0.0 0.0 0.0 -
24 6 1 5.1174088180738 0.021850290962112 0.011809567144353 1197.2089062581 0.36891373344617 0.0 0.0
25 13 1 5.2174714497625 0.033749595341406 0.018250783855976 1197.2073039316 0.36890107652205 2.7107538135369 161190260.0 99438067.0 215363.0 941276.0 0.13360794876812 1.1081730372542 61.689873197053 37.068345816925
26 7 1 5.3175377327345 0.03358742891351 0.018692639387199 1241.5501922206 0.36928950769581 62.155870896911 37.844129103089 1.074305847201
27 12 1 5.4176020655172 0.021845422282665 0.011983607715295 1222.2530270246 0.36928729666461 114674.0 3.6023858939254 2.8663864520292 77.909552296074 0.43339120625607 0.015612423679682 0.01242266682041 0.33765314848466
1 7 1 5.5176659127907 0.033716595205669 0.019070222462026 1261.217879022 0.36924296055509 98.486124357747 1.5138756422528 1.6595398032934
2 10 1 5.6177314158681 0.033959838959809 0.018357551505281 1197.2055634986 0.36947056817266 3.4412412891094 0.000116864 0.42403027932619 1.44e-05 3.8652715684356 0.000131264
3 5 1 5.7177910294285 0.021345695589496 0.011538154796087 1197.2079384858 0.36891268655702 1.0039995926341
4 6 1 5.8178652073604 0.033509859753871 0.018129518864431 1197.2035599801 0.36884437283955 0.0 0.0
5 7 1 5.9179238272573 0.021150038081814 0.011436141242423 1197.2046568847 0.36895573684772 6.7125643980254e-05 1.7037113818236e-05 0.25380931649978
6 8 1 6.0179969780111 0.02146650043422 0.01063554419938 1097.4388706854 0.36903296445885 0.36392848755397 0.045998871107135 0.034156354855613 99.806738310838
7 7 1 6.1180753978083 0.011474472015922 0.0061183449125609 1184.7442525992 0.36995664749184 47.0 1.2871153048553e-06 41.978723404255
8 10 1 6.2181383782304 0.02070904170268 0.011193836803739 1197.2020968054 0.36982598006154 515.55915301568 0.010676736 402.46150061698 0.008334592 918.02065363266 0.019011328
9 19 1 6.3182061403751 0.02119271669939 0.011455084255123 1197.2057660208 0.3689144509155 0.28765869140625 13.573469389818 0.01446533203125 0.68256147790936 0.00033030215518341 0.0 0.0 0.00033030215518341 507.67931986321 0.010759104 0.42278675863477 8.96e-06 508.10210662184 0.010768064 6.5007043048778e-07
10 9 1 6.418273119002 0.033095269280451 0.018840564361591 1266.7219509616 0.36916839298112 0.00021151059206322 0.0 0.0 0.00021151059206322 0.0
11 7 1 6.5183295178753 0.021660757573823 0.012630482205752 1292.3817639415 0.36903294305651 69387859.0 96189492.0 96269458.0
12 10 1 6.6183928506539 0.021904468721189 0.012796687599538 1294.4168121905 0.36891927233452 42.0 5.4838527303515e-07 39.642857142857 4.0 5.2227168860491e-08 61.0
13 9 1 6.7184564461148 0.035430368559152 0.020754861184817 1296.91576678 0.0 0.36888926851205 0.46051025390625 12.997613985793 0.0228271484375 0.64428199213874
14 10 1 6.818532255394 0.020807297541611 0.011247064377749 1197.2069150894 0.36917752184958 2.7744112316631 5.7728e-05 0.91044980551249 1.8944e-05 5.9363787994565 0.00012352
15 19 1 6.9186000610171 0.029270359525999 0.016045030217978 1218.9632508076 0.36911013687358 0.38067626953125 13.005520796324 0.01898193359375 0.64850360231789 0.0 0.0 0.0 0.0 512.36760473267 0.014997184 0.19022656674423 5.568e-06 512.55783129941 0.015002752 0.0
16 13 1 7.0186699554169 0.032662908806403 0.018573753028627 1266.2091430883 0.36931423856295 203.0 0.421630859375 12.908552078875 0.04901123046875 1.5005164040731 0.0 0.0 0.02105712890625 0.64468014869889
17 9 1 7.1187445400534 0.021027690658282 0.011589253738153 1225.6914118715 0.36916273210204 0.19024857455812 1.0055365825245e-05 5.285383004104e-05 3534.0 5.0983734327713e-05
18 8 1 7.2188048646675 0.021044620981543 0.011462679847959 1211.3546973579 0.36915627475555 0.091179327837992 0.00036229381239099 0.0039734205217516 10.967398243786
19 5 1 7.3188637218842 0.032868274687351 0.018306927655749 1239.4644726218 0.36914489925854 5.9365851213154
20 6 1 7.4189320646472 0.020762151522582 0.011222317446249 1197.2060352675 0.36920411585495 1.0 8.0
21 7 1 7.5189957660868 0.020960399620629 0.011946156927193 1268.595287347 0.36920469349103 99.568259485665 0.43174051433458 2.2340054132507
22 7 1 7.6190744621532 0.031109370713453 0.015404747693042 1097.4366591169 0.39451977139073 2.4492167873616e-06 3.3688111945123e-07 0.13754646840149
23 9 1 7.7191454462314 0.019425787330163 0.010839382447235 1238.7389730422 0.36907451380358 0.0 0.0 0.0 0.0 -
24 6 1 7.8192050308062 0.021359355971771 0.011780567477969 1224.9320520645 0.36910107236808 0.0 0.0
25 13 1 7.9192678336913 0.032971531452649 0.019278425311166 1294.7269092494 0.36886012910706 2.7110547361701 170266352.0 105048753.0 240853.0 994204.0 0.14145660441471 1.0983379734359 61.696719149771 37.063486272379
26 7 1 8.0193423848132 0.021173911368416 0.011446675706044 1197.2029656765 0.36930365343008 62.158411936683 37.841588063317 1.1331298848025
27 12 1 8.1194083009358 0.020958450337249 0.011595794073026 1236.5360217264 0.36945884240258 120982.0 3.4988676001389 2.8508373146418 72.469458266519 0.47252303287125 0.016532955300326 0.013470862941371 0.34243488210632
1 7 1 8.2194752261205 0.032970254273482 0.018369619489702 1245.2315607923 0.36935704244036 98.443236878233 1.5567631217675 1.7129867664606
2 10 1 8.3195398895205 0.021162055341389 0.011555288924534 1215.7541884416 0.36922967138799 3.2692476644596 6.9184e-05 0.3205737765335 6.784e-06 3.5898214409931 7.5968e-05
3 5 1 8.4195973028907 0.02102286002247 0.011896749568172 1261.1246144557 0.36922531350483 1.0039988758694
4 6 1 8.5196561175348 0.033530223968068 0.018804158414744 1247.6951691781 0.36914528123126 0.0 0.0
5 7 1 8.6197243470727 0.02071116671142 0.011194975848279 1197.2031051318 0.36921382239935 8.4467592697358e-05 2.2479880991958e-05 0.26613616268789
6 8 1 8.7197879651786 0.021350392166785 0.012028544494334 1257.04811203 0.36934397593559 0.44683297892004 0.028495137810024 0.018649103801936 99.67339029675
7 7 1 8.8198474718545 0.032886393421298 0.0186255172814 1263.0451847814 0.36926158588729 46.0 4.1303450705768e-07 37.978260869565
8 10 1 8.9199064495427 0.025114788085374 0.014690693125533 1295.9399741055 0.36890315520763 507.36641522454 0.0127424 0.17328436079994 4.352e-06 507.53969958534 0.012746752
9 19 1 9.0199946791629 0.022372685320982 0.011080135702002 1097.432308564 0.37062339780829 0.29833984375 13.335003799039 0.0169677734375 0.75841470051818 0.00031288152939939 0.0 0.0 0.00031288152939939 975.57819666513 0.021826304 61.389143962613 0.00137344 1036.9673406277 0.023199744 3.0172746733757e-07
10 9 1 9.1200810527972 0.019226325459007 0.0094098312773013 1087.3365685289 0.36933164087915 0.00036408413115261 0.0 0.0 0.00036408413115261 0.0
11 7 1 9.2201676157438 0.012883733247312 0.0067301255086678 1160.1704506811 0.37013594075436 36843874.0 51104731.0 51144576.0
12 10 1 9.3202329883859 0.020247263535166 0.011662085559466 1276.832741141 0.36897187033188 41.0 5.8749423377992e-07 42.951219512195 4.0 5.7316510612675e-08 54.0
13 9 1 9.4203014914756 0.03589767120591 0.021044184838641 1296.9665560429 0.0 0.36883453498959 0.48211669921875 13.430305728004 0.02349853515625 0.65459775987867
14 10 1 9.5203673179239 0.023853685977888 0.013978380865916 1296.961587104 0.36890582440814 2.1571508926419 5.1456e-05 0.77807681451014 1.856e-05 4.5718720411216 0.000109056
15 19 1 9.6204277956183 0.024756586430851 0.014502742624188 1296.9648638051 0.36883739773598 0.333740234375 13.480866407297 0.01629638671875 0.6582646910659 0.0 0.0 0.0 0.0 495.66510448745 0.012270976 0.04136272998946 1.024e-06 495.70646721743 0.012272 0.0
16 13 1 9.7204882307401 0.035889072438658 0.02097473935372 1294.2460187385 0.36888312543502 204.0 0.48077392578125 13.396108985625 0.06060791015625 1.6887566615115 0.0 0.0 0.0234375 0.65305393556938
17 9 1 9.8205636632062 0.023481852926716 0.012692678113752 1197.2062992735 0.36912221362813 0.19041926341691 9.9836382919944e-06 5.2429770564419e-05 3720.0 4.8996219586041e-05
18 8 1 9.9206226128146 0.024787476956461 0.013847012571944 1243.6334965466 0.36921084540989 0.091177951915838 0.00036197641319426 0.0039699993867857 10.967563747462
19 5 1 10.020679595929 0.033144128177071 0.018934024890944 1269.7899717098 0.36906926252129 5.9038671618964
20 6 1 10.120737242996 0.021264941634149 0.012141782731848 1270.6512656603 0.36918768698952 8.0 8.0
21 7 1 10.220798305838 0.033249871365639 0.019451387073323 1295.4235166426 0.36887140532343 99.671970958466 0.32802904153428 1.7371672359157
22 7 1 10.32086035872 0.033831430822941 0.019770621176263 1293.9544983082 0.36886705686565 6.832119235896e-07 1.9899376415231e-08 0.029126213592233
23 9 1 10.420921679715 0.020923249105502 0.01215030360023 1287.1402473023 0.36892861665218 0.0 0.0 0.0 0.0 -
24 6 1 10.520980316822 0.03327660064225 0.019385448849205 1290.0156401953 0.36888800913326 0.0 0.0
25 13 1 10.621042577133 0.033141899001235 0.018898385704496 1263.480697796 0.36890764228856 2.7107055679204 166909856.0 102965335.0 239890.0 955144.0 0.14372428671917 1.0818504330865 61.689188084855 37.08523719534
26 7 1 10.721271626173 8.0919716898944e-05 2.9028652010333e-05 1096.4174431179 0.71750811597448 36.339808097355 63.660191902645 3.8051851161056
27 12 1 10.82133932944 0.019890856272082 0.01147387101718 1278.7895005046 0.36903007702127 92719.0 4.5632502507577 3.6745435131958 88.40367130793 0.36598348880365 0.016700742470564 0.013448222547202 0.32354284048328
1 7 1 10.921398674883 0.03200982278678 0.018760977077708 1296.9640405966 0.36886035584281 98.556853434985 1.443146565015 1.5963352728652
2 10 1 11.021452729544 0.024011297133424 0.014066584580168 1296.9657579686 0.3689172945552 2.8839758058554 6.9248e-05 0.2878644981815 6.912e-06 3.1718403040369 7.616e-05
3 5 1 11.121510099436 0.034423856266967 0.020118290178771 1294.1275201744 0.36884042904756 1.00398788879
4 6 1 11.221562531807 0.036691097476697 0.021504016893082 1296.9633899047 0.3688306310827 0.0 0.0
5 7 1 11.321618187018 0.022241069743386 0.012941318176322 1289.3425844958 0.36895401533238 5.8026918964026e-05 1.4487361610511e-05 0.24966622162884
6 8 1 11.421679197324 0.033924312545565 0.019768489374016 1290.2899326625 0.36883192685284 0.31362485593768 0.019285822045564 0.011418452966868 99.838086611852
7 7 1 11.521737719394 0.034696584743833 0.020280178978715 1294.1165746804 0.36885237103961 52.0 4.2833824899525e-07 35.423076923077
8 10 1 11.62178599414 0.022182852112619 0.012931402374666 1292.7051379063 0.36901407456823 497.74807783706 0.011041472 2.4465744857545 5.4272e-05 500.19465232282 0.011095744
9 19 1 11.721851334173 0.033772071883133 0.019693117687183 1291.1943623499 0.36888280363325 0.43682861328125 12.934611023952 0.02154541015625 0.6379653054988 0.0002072718554024 0.0 0.0 0.0002072718554024 499.6412437588 0.01687392 0.043586310164618 1.472e-06 499.68483006896 0.016875392 4.1480517904414e-07
10 9 1 11.821909607148 0.03417081537108 0.019919771699174 1291.22760478 0.36891731517402 0.00020485317438238 0.0 0.0 0.00020485317438238 0.0
11 7 1 11.921966873779 0.024476211183401 0.013279714495761 1203.4257615159 0.3689848426157 72935534.0 101144485.0 101231527.0
12 10 1 12.0220308379 0.034217042916297 0.019577831433998 1272.9616288982 0.36910307328015 43.0 3.6715905998196e-07 42.53488372093 3.0 2.5615748370834e-08 69.666666666667
13 9 1 12.122093389879 0.033793414362223 0.019713553006746 1291.7941975832 0.0 0.36888748040743 0.447265625 13.235289580563 0.02215576171875 0.65562365143894
14 10 1 12.222179973659 0.019909745842532 0.0099114080686649 1106.9285976041 0.39685920083471 27.654396211517 0.000550592 7.4351526720027 0.000148032 37.285056568335 0.000742336
15 19 1 12.322252276583 0.0304511044189 0.016956216936916 1236.8800448399 0.36907102495023 0.407470703125 13.381146953478 0.020263671875 0.66544948899861 0.0 0.0 0.0 0.0 499.74515835803 0.015217792 0.69567263336604 2.1184e-05 500.4408309914 0.015238976 0.0
16 13 1 12.422314907366 0.021526998871469 0.012552398551242 1292.4127350203 0.3689734449071 203.0 0.29052734375 13.495952012849 0.03326416015625 1.5452297997905 0.0 0.0 0.0142822265625 0.6634564644972
17 9 1 12.522382406828 0.022447872224445 0.013040926828789 1287.5118483819 0.36902768616815 0.19029981517504 8.8943185528129e-06 4.6738450821048e-05 3402.0 4.360010333814e-05
18 8 1 12.622440886326 0.033365738690054 0.019499767707107 1293.9475090629 0.36884513863723 0.091175985658397 0.00036149219027978 0.0039647741416711 10.967800268665
19 5 1 12.722503482689 0.034536363976113 0.01974423927427 1266.6053955584 0.3689219592191 5.9151427505132
20 6 1 12.822560435912 0.021881575511082 0.012747429244753 1290.7079692095 0.36893677064793 2.0 8.0
21 7 1 12.922618215226 0.036496942692588 0.021391362897101 1296.9636313644 0.36883862091775 99.680004640928 0.3199953590722 1.7772185835401
22 7 1 13.02269123645 0.0206323040682 0.012081185562308 1296.9640685413 0.36898128298016 1.0858360097924e-06 1.7373376156679e-07 0.16
23 9 1 13.122748497646 0.021916648119112 0.012838786957485 1296.9596137805 0.36889812319395 0.0 0.0 0.0 0.0 -
24 6 1 13.222802263356 0.036819302714179 0.021580856883055 1296.9641873725 0.36877705205356 0.0 0.0
25 13 1 13.322862239237 0.036625278365389 0.021464866369727 1296.9639531304 0.36884662180619 2.7111540160057 189576920.0 116966495.0 259604.0 1080860.0 0.13693861045954 1.0795016608562 61.69869992613 37.084859802554
26 7 1 13.422921976892 0.024991992290432 0.014643357785904 1296.9632880816 0.36894021753487 62.228465495031 37.771534504969 1.0803490571838
27 12 1 13.522980090446 0.036922977959459 0.021641757042972 1296.9660474896 0.36884673727722 155134.0 2.5925973674372 1.9795789446543 93.780860417446 0.32465133318641 0.0084169019175406 0.0064267294352977 0.30446081361892
1 7 1 13.623042983006 0.037120403590356 0.021755464032415 1296.9643712299 0.36882749326187 98.567949236765 1.4320507632349 1.6143217200708
2 10 1 13.723105946217 0.024537358174043 0.012625865791836 1140.1740190937 0.36899766226538 2.9343012189538 7.2e-05 0.33646653977337 8.256e-06 3.2707677587272 8.0256e-05
3 5 1 13.823172875025 0.015785455327674 0.0085313240406071 1197.2104201807 0.36910501837297 1.0040090487504
4 6 1 13.923229847271 0.029911701837897 0.017525776797765 1296.960399217 0.36888056040762 0.0 0.0
5 7 1 14.023282524208 0.024552536678505 0.014001149075509 1268.4582397215 0.36915643261479 7.7797187734955e-05 1.3398072853203e-05 0.17221795855718
6 8 1 14.123345360608 0.033821631869593 0.019742018703542 1292.3267193643 0.36882762600629 0.31570400299627 0.018382573072965 0.010669829946632 99.830592648375
7 7 1 14.223409712413 0.02209866879534 0.012902579792344 1293.4008105051 0.36894670783834 44.0 5.6982628651397e-07 38.590909090909
8 10 1 14.323458473573 0.023187166026196 0.013582952608992 1296.9627521176 0.36885184176097 486.52569215465 0.011281152 0.060723246575682 1.408e-06 486.58641540122 0.01128256
9 19 1 14.42352409984 0.034103467267975 0.0199016226209 1292.0884648733 0.36886679012759 0.4466552734375 13.097063413752 0.022216796875 0.65145273061025 0.00020525772189074 0.0 0.0 0.00020525772189074 499.74601896283 0.017043072 0.045039408689168 1.536e-06 499.79105837152 0.017044608 4.1068706302896e-07
10 9 1 14.523587809431 0.022380200750445 0.013112228299605 1296.9604567098 0.36887915308327 0.00031277646157221 0.0 0.0 0.00031277646157221 0.0
11 7 1 14.623648589663 0.022004498118139 0.012816575362501 1290.4526175022 0.36891774174261 70394253.0 97634179.0 97717951.0
12 10 1 14.72371212353 0.033252847827158 0.019297842057699 1286.0996355282 0.36886528078851 41.0 3.5493236742097e-07 41.073170731707 3.0 2.5970661030802e-08 78.333333333333
13 9 1 14.823774257028 0.035998994992243 0.021094790572157 1296.9615197416 0.0 0.3688594070588 0.4752197265625 13.200916488499 0.02349853515625 0.65275531056668
14 10 1 14.923834962078 0.024637049707285 0.014433934370149 1296.9662342241 0.36886479789806 2.3691148369417 5.8368e-05 0.87023406839417 2.144e-05 4.9720239012132 0.000122496
15 19 1 15.023895603723 0.036108954683662 0.021038942516354 1291.4151763016 0.36890689536931 0.47247314453125 13.084653063774 0.02349853515625 0.65076752739348 0.0 0.0 0.0 0.0 506.78265710859 0.018299392 0.90038607555456 3.2512e-05 507.68304318414 0.018331904 0.0
16 13 1 15.12397436863 0.020592189772766 0.011306047863116 1221.1941143156 0.36920718451967 203.0 0.26141357421875 12.694792399615 0.02874755859375 1.3960418445526 0.0 0.0 0.0130615234375 0.63429502066722
17 9 1 15.224037102674 0.021347510814354 0.012441523548086 1292.2604846664 0.3690508112952 0.19015974789929 8.8935122016569e-06 4.676863689558e-05 3438.0 4.6187152491384e-05
18 8 1 15.324110002521 0.03206574421245 0.016320530898278 1134.8611669349 0.39396430447158 0.091177332338025 0.00036225324470018 0.003973062551964 10.967638275407
19 5 1 15.424177151439 0.021567777118909 0.012173877972559 1257.5200865667 0.36929214334263 5.9677346570397
20 6 1 15.524233798502 0.021304217158016 0.012356828906238 1286.9445657531 0.36904824125714 4.0 8.0
21 7 1 15.624295764427 0.033768344512729 0.019712976464519 1292.4212608085 0.36882501416096 99.685851210795 0.31414878920533 1.6967031058059
22 7 1 15.724360928735 0.021627623379563 0.012644739510772 1295.3112775111 0.36894539792534 1.0788315938488e-06 3.1120142130253e-08 0.028846153846154
23 9 1 15.82438335283 0.024285061846436 0.014226808065292 1296.9689443741 0.36889318339196 0.0 0.0 0.0 0.0 -
24 6 1 15.924436702778 0.036625633439313 0.021465620448916 1296.965151378 0.36889279620495 0.0 0.0
25 13 1 16.024512573652 0.036395759305383 0.020946090685157 1277.7382495498 0.36901347779746 2.7099281196143 184995112.0 114091186.0 253536.0 1071104.0 0.13705010757257 1.1070633044618 61.67254083989 37.083345748076
26 7 1 16.124577267849 0.033536845372115 0.019410878754529 1284.9292211665 0.36899801038826 62.204145031545 37.795854968455 1.1058691555561
27 12 1 16.224636174885 0.034249861891869 0.020007901590659 1293.9866981777 0.36882543366596 138555.0 2.8624012125149 2.1926310851286 90.249359460142 0.31363417359585 0.0089774683878687 0.006876840383849 0.28305283271837
1 7 1 16.324700000419 0.022994259435627 0.013398599948533 1290.9229160867 0.36896038804912 98.536329927648 1.4636700723525 1.6071400735608
2 10 1 16.424759351297 0.033750714005428 0.019722550779263 1293.8717815013 0.36884940047591 2.1769020942249 7.3472e-05 0.18583310560456 6.272e-06 2.3627351998294 7.9744e-05
3 5 1 16.524815724808 0.034118204647434 0.019922774428916 1292.8883083232 0.3689158749743 1.0039881675327
4 6 1 16.624875337463 0.0221031153716 0.012020354243254 1206.2366200547 0.36901126992341 0.0 0.0
5 7 1 16.724927362224 0.033991437821666 0.019919769887573 1296.9610795302 0.36878852219373 4.698036846947e-05 1.0279837898192e-05 0.21881135106193
6 8 1 16.825002143419 0.035324733160882 0.017508968757615 1097.4338455786 0.36894093041938 0.34034715891331 0.034940828736033 0.026523782784963 99.816105394038
7 7 1 16.925086724474 0.0077605980442715 0.0043248751261798 1249.1042327777 0.37047377599975 49.0 1.9010025383039e-06 39.0
8 10 1 17.025136291797 0.023899728739736 0.013892409497803 1288.4569748723 0.36892298394806 546.38410930117 0.013058432 13.616890950688 0.00032544 560.00100025186 0.013383872
9 19 1 17.125202512269 0.03334416251435 0.019472592323589 1293.2762367488 0.36888576848009 0.4478759765625 13.431915597513 0.022216796875 0.66628744582921 0.00020993179831665 0.0 0.0 0.00020993179831665 501.47740231304 0.016721344 0.53166727436536 1.7728e-05 502.00906958741 0.016739072 4.1818327802163e-07
10 9 1 17.225267474583 0.021633569056193 0.012595698548185 1290.3150203191 0.36896331944865 0.00032357120463191 0.0 0.0 0.00032357120463191 0.0
11 7 1 17.325323151533 0.034130813394949 0.020002166059821 1296.9603870717 0.36887317851823 109906786.0 152388122.0 152521164.0
12 10 1 17.425386376521 0.035165643738395 0.020561862655462 1294.5323170308 0.36889144488831 41.0 3.3313687195706e-07 43.292682926829 3.0 2.4375868679785e-08 82.333333333333
13 9 1 17.525443950218 0.023332767168565 0.013668117361469 1296.9643279362 0.0 0.36889610948799 0.302001953125 12.943254905996 0.01495361328125 0.64088469118212
14 10 1 17.625508774851 0.034266769570109 0.019711309790997 1277.0821287204 0.36901190911974 2.0768809226207 7.1168e-05 0.7900365380113 2.7072e-05 4.0697154050275 0.000139456
15 19 1 17.725569052363 0.035539956872232 0.020829485585968 1296.9647282629 0.36882322859425 0.47381591796875 13.331921579763 0.02349853515625 0.66118637230564 0.0 0.0 0.0 0.0 501.27691668415 0.01781536 0.17467663290414 6.208e-06 501.45159331705 0.017821568 0.0
16 13 1 17.82563224746 0.024212020785133 0.014184752638685 1296.963795452 0.36893532717811 203.0 0.3173828125 13.108480920142 0.03790283203125 1.5654551252708 0.0 0.0 0.015625 0.64534059914547
17 9 1 17.925701230624 0.036465367381552 0.021327899320843 1294.6889778441 0.36886353005749 0.19029892166899 5.7101547983018e-06 3.0006238333994e-05 3595.0 2.8159131001228e-05
18 8 1 18.02575535322 0.036970297900474 0.021605852003982 1294.2639477021 0.36890659029891 0.091175522818711 0.00036138605925496 0.0039636302384963 10.967855945157
19 5 1 18.125813411521 0.021752734401419 0.01273038750799 1296.9296500421 0.368979503538 5.7240794223827
20 6 1 18.225870601158 0.034443656167249 0.020100587660304 1292.1088733467 0.36886029115867 2.0 8.0
21 7 1 18.325930340625 0.03583866099942 0.020458625817781 1263.9947076005 0.36891105828057 99.659052383143 0.34094761685658 1.7727147165121
22 7 1 18.42600461276 0.0012010601938536 0.00064141251146813 1197.1910884737 0.37310045789493 1.7990334847692e-05 3.1017818702918e-06 0.17241379310345
23 9 1 18.526061485367 0.021977546920327 0.01287003210412 1296.9636181506 0.36894401947945 0.0 0.0 0.0 0.0 -
24 6 1 18.626115521912 0.035610675460215 0.020870911481 1296.9656179185 0.36884751692768 0.0 0.0
25 13 1 18.72617164361 0.024796048549689 0.014527652146937 1296.9599619973 0.36883778876456 2.711218943562 128307696.0 79166505.0 201510.0 717456.0 0.15705215375389 1.0548042262406 61.700511713654 37.087631906351
26 7 1 18.826230161151 0.036435890811033 0.02135492071822 1296.9666624863 0.36880064094691 62.235680833796 37.764319166204 1.1503368365019
27 12 1 18.926288940469 0.03669505401471 0.021505879672483 1296.9679800055 0.36884580232058 153176.0 2.5787329607771 1.9885621768423 93.525748158981 0.32257910307147 0.0083184536554834 0.0064146860340766 0.30169451955213
1 7 1 19.026376770631 0.023741015224593 0.011984219583754 1119.629024676 0.36971378775217 98.253388364597 1.7466116354034 1.7775047208089
2 10 1 19.126434388712 0.033491255510681 0.019627683541226 1296.9689428753 0.36885030048521 2.2472731718283 7.5264e-05 0.30001861222538 1.0048e-05 2.5472917840537 8.5312e-05
3 5 1 19.226490716933 0.021670200547446 0.012631916541361 1292.1817099331 0.36904200510874 1.0039971950609
4 6 1 19.326547916535 0.022177715316128 0.012903009594836 1289.28309247 0.36894627394247 0.0 0.0
5 7 1 19.426604242944 0.033744445863704 0.019709508606052 1293.2819472896 0.36883906374322 4.3123195392165e-05 1.0102761184642e-05 0.23427672955975
6 8 1 19.526666026803 0.022208258920022 0.01273899488035 1272.0406702819 0.3690253561735 0.36778486315124 0.024552410027381 0.014210249475737 99.772547127668
7 7 1 19.62672043382 0.023211053805612 0.013596312265393 1296.9694095321 0.36887812212084 53.0 6.5123893107313e-07 36.169811320755
8 10 1 19.726768504761 0.036800069845215 0.021569247686753 1296.9651728941 0.36883246414436 501.69122171926 0.018462272 0.02608690700963 9.6e-07 501.71730862627 0.018463232
9 19 1 19.826833024138 0.037227201131087 0.021816508214663 1296.9645928548 0.36881065128507 0.486083984375 13.057226157383 0.024169921875 0.6492543393174 0.00018803454966574 0.0 0.0 0.00018803454966574 502.01399600771 0.018688576 0.013753384204123 5.12e-07 502.02774939192 0.018689088 3.7455011180856e-07
10 9 1 19.926917012799 0.021480267700992 0.011352770881385 1175.6450509337 0.42573845837654 0.00032588048237763 0.0 0.0 0.00032588048237763 0.0
11 7 1 20.02698624687 0.018379852774376 0.010059286394314 1212.8473350978 0.36906047488385 55249324.0 76602174.0 76665986.0
12 10 1 20.127049894867 0.02196111478752 0.012804256924151 1292.4760247381 0.36896737387163 40.0 5.2203100023671e-07 43.075 3.0 3.9152325017754e-08 69.666666666667
13 9 1 20.227107897008 0.023913773181562 0.014009459345198 1296.9634266743 0.0 0.36888682462137 0.31536865234375 13.187741221319 0.015625 0.6533891528271
14 10 1 20.327168055861 0.035521931435771 0.020817153107705 1296.9664328982 0.36885756075309 1.8791770971322 6.6752e-05 0.74050027509236 2.6304e-05 3.7259235252822 0.000132352
15 19 1 20.427238759141 0.035947091699043 0.021022923428724 1294.8294505458 0.36888069564138 0.4720458984375 13.131685377765 0.02349853515625 0.6536978110214 0.0 0.0 0.0 0.0 501.23086871252 0.018017792 0.055192225746953 1.984e-06 501.28606093827 0.018019776 0.0
16 13 1 20.527307591942 0.023295726255338 0.012936734824136 1232.128494138 0.36905764549997 203.0 0.31854248046875 13.673859186758 0.03704833984375 1.5903492098797 0.0 0.0 0.01568603515625 0.6733438994054
17 9 1 20.627369325982 0.035278049997849 0.02067566339529 1296.9679703105 0.36881532547908 0.19032706052542 5.4290206846496e-06 2.8524691495062e-05 3495.0 2.8235754900075e-05
18 8 1 20.727426916889 0.036764764446373 0.02154606326168 1296.9662452604 0.36886290048618 0.091175534098009 0.00036141553687191 0.0039639530543732 10.967854588327
19 5 1 20.827479620095 0.024327260389574 0.01425045852489 1296.9629536929 0.36886780059461 5.8375
20 6 1 20.927532839607 0.032635025539539 0.019127213185572 1296.9685769511 0.36881104973204 1.0 8.0
21 7 1 21.027594757525 0.036412723143275 0.021339845927953 1296.9667711563 0.3688310687575 99.677209559808 0.32279044019224 1.7464890624103
22 7 1 21.127670820429 0.019795980881838 0.010700252345975 1197.2085437337 0.36897739173533 1.3362902862865e-06 2.2067179039593e-07 0.1651376146789
23 9 1 21.227732564433 0.033491153155187 0.018873617033776 1255.5045859095 0.3691767246377 0.0 0.0 0.0 0.0 -
24 6 1 21.327794965142 0.020827569364124 0.012139510530473 1291.5298593213 0.36890148652664 0.0 0.0
25 13 1 21.427867590531 0.021114813299246 0.010459590577091 1097.4362681353 0.36899003276971 2.7101003040484 92378724.0 56975102.0 152326.0 531712.0 0.16489294656202 1.0756838338663 61.67556720095 37.083856018622
26 7 1 21.527944681519 0.012965893005544 0.0070027457423374 1197.2075417097 0.36957252464492 62.130446393122 37.869553606878 1.0961668354021
27 12 1 21.628008696365 0.023122414854063 0.013548478282409 1296.9684713434 0.36892617298777 99871.0 3.9130478317029 3.0919886653783 91.62519650349 0.33385016578853 0.013063716673524 0.010322609285528 0.30589087043096
1 7 1 21.728067930395 0.024526003054873 0.014367511089688 1296.9730205274 0.36887724207891 98.546782630098 1.4532173699019 1.6421383715007
2 10 1 21.82812287727 0.036792010029454 0.021565687436602 1296.965960166 0.3688341720181 1.9221564666726 7.072e-05 0.1843878601514 6.784e-06 2.106544326824 7.7504e-05
3 5 1 21.92818318558 0.036623263864349 0.021445075980354 1296.9689874017 0.36884665543121 1.0039869915142
4 6 1 22.028238048215 0.024355497824561 0.013994017705596 1279.6500566993 0.36919009608689 0.0 0.0
5 7 1 22.128295258685 0.033577609126742 0.019606877749125 1292.9162295793 0.36885661898893 4.3487307883272e-05 1.0369132777026e-05 0.23844043887147
6 8 1 22.228361440208 0.023094692819746 0.013483766512611 1293.2782320392 0.36893745477588 0.3438965574203 0.023632916716406 0.015185391767321 99.807131081471
7 7 1 22.328404697723 0.023755531588649 0.013918555891581 1296.9630855036 0.36889998798904 52.0 6.2419534318104e-07 36.75
8 10 1 22.42845712013 0.034630106209522 0.020229389367632 1293.3066738193 0.36884814265976 500.50692582728 0.017332608 0.13306340939645 4.608e-06 500.63998923667 0.017337216
9 19 1 22.528516726444 0.022111669754613 0.012951244847587 1296.9665699383 0.36889723245459 0.29156494140625 13.186020985386 0.014404296875 0.65143415376829 0.0003165749162177 0.0 0.0 0.0003165749162177 506.95113143419 0.011209536 0.17366395403943 3.84e-06 507.12479538823 0.011213376 6.2425446181418e-07
10 9 1 22.628576330947 0.035959962222997 0.021075665946391 1296.9654379311 0.36883387282082 0.00019466093864591 0.0 0.0 0.00019466093864591 0.0
11 7 1 22.728632266956 0.036659308396666 0.021485215185311 1296.9660440274 0.36884053678413 118063054.0 163702257.0 163844285.0
12 10 1 22.828689064381 0.036444235954054 0.021356635852086 1296.969749728 0.36888756338859 41.0 3.2073602691204e-07 46.09756097561 3.0 2.3468489774051e-08 77.0
13 9 1 22.928746408005 0.036759983629607 0.021544591335336 1296.9675122146 0.0 0.36881305170178 0.48663330078125 13.238126156001 0.024169921875 0.65750632858099
14 10 1 23.028844268099 0.018716249991387 0.0099572841631611 1181.391696224 0.39775872036918 64.433420185933 0.001205952 14.543084224952 0.000272192 82.19766249692 0.001538432
15 19 1 23.128910161577 0.021386474742737 0.012521311466852 1296.9659297451 0.36898101542182 0.282958984375 13.230744560699 0.01373291015625 0.64213061392522 0.0 0.0 0.0 0.0 508.99309638194 0.010885568 0.66733765951056 1.4272e-05 509.66043404145 0.01089984 0.0
16 13 1 23.228973013375 0.036669377278661 0.021489554424174 1296.963522607 0.36882932936514 203.0 0.4822998046875 13.152658716355 0.0638427734375 1.7410378407122 0.0 0.0 0.0235595703125 0.64248623949798
17 9 1 23.32903417042 0.036059585821177 0.021133793449976 1296.9684123266 0.36882320913492 0.19026184622798 5.3667736074689e-06 2.8207303323643e-05 3553.0 2.8082690172808e-05
18 8 1 23.429087187939 0.024573922636035 0.013748788436041 1239.882444895 0.36897130391597 0.091177973327648 0.00036184643804047 0.0039685729440397 10.967561171891
19 5 1 23.529139441868 0.034914237813002 0.020459573285446 1296.9648401512 0.36882953498964 5.7731942504393
20 6 1 23.629191374237 0.037144496080758 0.021769815993622 1296.9678628282 0.36883778423036 1.0 8.0
21 7 1 23.72924845065 0.024506889751618 0.014358247917529 1296.9675519768 0.36895095292884 99.649877246172 0.35012275382796 1.7998573073244
22 7 1 23.829303807852 0.036794531778957 0.021567959185077 1296.968637808 0.36878961550645 5.5927796582385e-07 1.8237324972517e-08 0.032608695652174
23 9 1 23.929358912336 0.036615263831443 0.021460637185665 1296.9672121213 0.36880708277462 0.0 0.0 0.0 0.0 -
24 6 1 24.041424677635 0.049031686279789 0.028736173452228 1296.9708538237 0.36878777397219 0.0 0.0
25 13 1 24.141481017632 0.034079978040924 0.019971566749176 1296.9663711343 0.36881893017628 2.7113575746289 176388152.0 108837619.0 248545.0 1004760.0 0.14090799023735 1.0796926995414 61.703474845635 37.075924464586
26 7 1 24.241540595866 0.036450168949472 0.021363931171949 1296.9683709196 0.36882648994179 62.232291513458 37.767708486542 1.1567027595819
27 12 1 24.341599436778 0.024688875101614 0.014465381963268 1296.9681842208 0.36893523478588 111302.0 3.3746024330201 2.6612280102783 92.319095793427 0.34847833236358 0.011759758282489 0.0092738029906105 0.32171204547407
1 7 1 24.441663804887 0.035318681505555 0.020335583192113 1277.9465365119 0.36897845469653 98.502082435348 1.4979175646521 1.6478306349475
2 10 1 24.541742504577 0.033665441009753 0.016999711681038 1119.9841242739 0.38113533466161 3.5093554831429 0.000118144 0.89920105283129 3.0272e-05 4.4085565359741 0.000148416
3 5 1 24.64180242158 0.015767641848607 0.0092270352355634 1296.9629411281 0.36902192411044 1.0040062702237
4 6 1 24.741854357573 0.036683995092411 0.021500972949402 1296.9687490931 0.36877917852395 0.0 0.0
5 7 1 24.841906619654 0.03627793363958 0.021261973325036 1296.9656894235 0.36879317385655 4.1870604529202e-05 1.0283043401262e-05 0.24559099437148
6 8 1 24.941972282152 0.024504109848879 0.013605111214629 1233.0781325282 0.37086245097995 0.56528367113114 0.10393488513734 0.079204494333248 99.704690039222
7 7 1 25.04204173905 0.032574892140023 0.019003409687209 1291.869981594 0.36907895601407 47.0 4.134169965016e-07 40.893617021277
8 10 1 25.142090790973 0.03632323364475 0.021289213926213 1296.9656885614 0.36887260158488 520.03299554059 0.01888928 2.077348089049 7.5456e-05 522.11034362964 0.018964736
9 19 1 25.242151034971 0.024461849711286 0.014332012755269 1296.965519743 0.36888024080705 0.33258056640625 13.595887896115 0.0162353515625 0.66370089564444 0.00028615988090101 0.0 0.0 0.00028615988090101 488.89843332176 0.01195936 0.018314232377665 4.48e-07 488.91674755414 0.011959808 5.8529367695535e-07
10 9 1 25.342210058855 0.036345793520153 0.02130276606529 1296.9742041594 0.3687592937427 0.00019259450192273 0.0 0.0 0.00019259450192273 0.0
11 7 1 25.442265742146 0.035860797865836 0.021017120415725 1296.9713886183 0.36883424051612 115476617.0 160139918.0 160277224.0
12 10 1 25.542322941747 0.024032852475709 0.014079994961415 1296.9700928545 0.36888460339303 41.0 4.8649076837491e-07 40.414634146341 3.0 3.5596885490847e-08 77.0
13 9 1 25.64238060693 0.036980866784525 0.021676259902282 1296.9729612935 0.0 0.36884854535748 0.48760986328125 13.185463340337 0.02423095703125 0.65522955890773
14 10 1 25.742444977756 0.03666934285823 0.021490665388888 1296.9685328111 0.36882080005564 1.8168855727134 6.6624e-05 0.69114955503796 2.5344e-05 3.644243108382 0.000133632
15 19 1 25.842504936427 0.024904496459528 0.014591840363856 1296.9700138237 0.36886016030015 0.33154296875 13.312574670554 0.0162353515625 0.65190442974361 0.0 0.0 0.0 0.0 490.04098596545 0.012204224 0.11050213380031 2.752e-06 490.15148809925 0.012206976 0.0
16 13 1 25.942568012864 0.032677292923539 0.01914799361525 1296.9686551115 0.3688402644498 203.0 0.43548583984375 13.326864035608 0.05072021484375 1.552154732108 0.0 0.0 0.021484375 0.65747107786042
17 9 1 26.042639809445 0.036818206695178 0.019838768648598 1193.8782256747 0.36895907278397 0.19029189950263 5.5339033281838e-06 2.9081129268497e-05 3995.0 3.364983835022e-05
18 8 1 26.142711325228 0.0012302532487138 0.00065671737514525 1197.2505197265 0.37287657029652 0.091313777465081 0.00038984189288297 0.0042692560061054 10.951249940157
19 5 1 26.242764988583 0.034047416312788 0.019954005988539 1296.9671680146 0.36879240113076 5.6540273415851
20 6 1 26.342821154666 0.037033030948364 0.021701872779373 1296.9692867276 0.36877003755729 1.0 8.0
21 7 1 26.442879390503 0.024836844913146 0.014551521357435 1296.9736070667 0.36892839353186 99.654873055327 0.34512694467321 1.8179254717445
22 7 1 26.542937208766 0.036845258436883 0.0215960163657 1296.9706378717 0.3688261020159 6.8611466580238e-07 1.8215433605373e-08 0.026548672566372
23 9 1 26.642996256201 0.036677848327998 0.02149520028073 1296.9704329551 0.368814597009 0.0 0.0 0.0 0.0 -
24 6 1 26.743049175893 0.024778673478221 0.014517170672664 1296.9747104009 0.36886274720642 0.0 0.0
25 13 1 26.843105361903 0.036702294986523 0.021510120631956 1296.9669134525 0.36888896200262 2.7108428362052 189976604.0 117199634.0 241110.0 1114532.0 0.12691562798964 1.1179345010294 61.691614405319 37.063535465662
26 7 1 26.943169509903 0.035289261094687 0.020680206439339 1296.9689217673 0.36883917035971 62.234380282052 37.765619717948 1.1242725968861
27 12 1 27.043233603554 0.02442544557604 0.014242396897528 1291.6880815666 0.36892394097012 106420.0 3.9193760571321 3.1028002255215 90.329825220823 0.33840976601868 0.013263551344333 0.010500178983214 0.30568495017487
1 7 1 27.143302763349 0.033614655474774 0.019332415569473 1277.8261383503 0.36905013639772 98.512549382999 1.4874506170007 1.6361591557316
2 10 1 27.243361933973 0.022877879427944 0.013347251911239 1292.6314846731 0.36895990294014 2.5149184032206 5.7536e-05 0.23498681409403 5.376e-06 2.7499052173147 6.2912e-05
3 5 1 27.343414235004 0.023153804475929 0.013562969736943 1296.968686998 0.36889922849371 1.0039954745385
4 6 1 27.443471700005 0.034064491564181 0.019877709931961 1291.8654789511 0.36888385263655 0.0 0.0
5 7 1 27.543528569894 0.022621521489429 0.013191484060385 1292.5556706395 0.36897439334665 5.9982597825916e-05 1.4593443019104e-05 0.24329461457233
6 8 1 27.643605171749 0.015516026683222 0.008193644209622 1178.0631475802 0.37139622687215 0.65305835472276 0.080474291451473 0.054080669521342 99.603078618391
7 7 1 27.743662745446 0.033419529672178 0.019584005825337 1296.9679957125 0.36883168758683 44.0 3.7530304654807e-07 39.886363636364
8 10 1 27.843715058252 0.036527074157105 0.021407116585088 1296.9705516168 0.36882483447281 502.00834375981 0.018336896 0.19273375057965 7.04e-06 502.20107751039 0.018343936
9 19 1 27.943775205329 0.02457061012241 0.014395180134657 1296.969709359 0.36888525115167 0.31591796875 12.857554907107 0.01556396484375 0.63343827305105 0.00028489321043011 0.0 0.0 0.00028489321043011 489.95641296754 0.012038528 0.32038276464369 7.872e-06 490.27679573219 0.0120464 5.8108646566609e-07
10 9 1 28.043835030847 0.036924635574973 0.021571070610918 1294.1979061199 0.36887706578223 0.00018957533069722 0.0 0.0 0.00018957533069722 0.0
11 7 1 28.143896255827 0.036921278677107 0.021638464456965 1296.9696727035 0.368831013654 118910574.0 164872479.0 165017011.0
12 10 1 28.243954117569 0.024624942773429 0.014426969667589 1296.9693928278 0.36882951132763 41.0 4.7471955132009e-07 39.634146341463 3.0 3.473557692586e-08 72.0
13 9 1 28.344012553588 0.036961121232293 0.021294296827555 1277.9468178494 0.0 0.36899056269341 0.4986572265625 13.491398797903 0.0242919921875 0.65723093287213
14 10 1 28.444076328397 0.036499210817859 0.021391209816761 1296.9677053848 0.36881888204493 1.7043656179427 6.2208e-05 0.64001383801345 2.336e-05 3.5840774928753 0.000130816
15 19 1 28.544136772577 0.02453697139709 0.014375301429703 1296.9714676214 0.36886942578283 0.328369140625 13.382627191877 0.0162353515625 0.66166892807421 0.0 0.0 0.0 0.0 495.03615598788 0.012146688 0.02869139750815 7.04e-07 495.06484738539 0.012147392 0.0
16 13 1 28.644199410606 0.036312288853355 0.021280692152031 1296.9728729898 0.36883273791128 203.0 0.4876708984375 13.429913504129 0.054931640625 1.5127562144826 0.0 0.0 0.024169921875 0.66561273437235
17 9 1 28.744263929984 0.036569722883253 0.02143268734244 1296.9731714145 0.3688488952533 0.19021962774703 5.9470160928594e-06 3.1263945594343e-05 3373.0 2.6290020027804e-05
18 8 1 28.844317275403 0.024261203958449 0.014213193878858 1296.9706227494 0.36887494176126 0.091177758079437 0.00036186239736271 0.0039687573481183 10.967587063599
19 5 1 28.944370378067 0.036483831225614 0.021383822558114 1296.9724126867 0.36882567857323 5.8888385831016
20 6 1 29.044433886571 0.021503229751962 0.011559717384779 1191.7168838553 0.36898112106244 2.0 8.0
21 7 1 29.144509551828 0.020539460389212 0.010168742913375 1097.4405800733 0.36904037387777 99.640605595138 0.35939440486161 1.9808282396838
22 7 1 29.244585143715 0.016154089996126 0.0094020948324361 1290.8125763258 0.36907678783186 1.6747020732923e-06 1.8142605794e-07 0.10833333333333
23 9 1 29.344639998198 0.024084203230405 0.014110593819159 1296.9705589436 0.36889757168064 0.0 0.0 0.0 0.0 -
24 6 1 29.444692791984 0.036689099280072 0.021544806010132 1301.0523671167 0.36891610758814 0.0 0.0
25 13 1 29.544748437231 0.03648949972719 0.021383541306958 1296.967229888 0.36887999122526 2.7109087610809 188858660.0 116513036.0 241842.0 1072444.0 0.12805449323849 1.0951300829943 61.693245096624 37.083570327143
26 7 1 29.644806865098 0.036608870689205 0.021753030598493 1317.6614312118 0.36891815338078 62.215928797487 37.784071202513 1.1332474487991
27 12 1 29.744863595494 0.036603908712273 0.021710831602455 1315.1473751054 0.36892895719407 163975.0 2.4503735325507 1.8880926970575 87.882299130965 0.34206126546209 0.0083817787139911 0.0064584337726522 0.30061130452456
1 7 1 29.844921849448 0.036303575049397 0.021278716600427 1296.9658364419 0.36885668340032 98.542781652672 1.4572183473276 1.6377493170543
2 10 1 29.956989766024 0.036512546923438 0.021407612963941 1296.9680027096 0.36882068920191 1.5407306457685 5.6256e-05 0.11568626009183 4.224e-06 1.6564169058603 6.048e-05
3 5 1 30.057047625048 0.036858849072494 0.021504276857919 1291.7597782325 0.36882893289051 1.0039868910348
4 6 1 30.157104448742 0.036409575485401 0.021267340647838 1293.0510139229 0.36883250374988 0.0 0.0
5 7 1 30.257155886544 0.036766453764915 0.021546604024774 1296.967857787 0.36883923609747 3.9903883971321e-05 9.7608295939174e-06 0.24460850981154
6 8 1 30.357212163134 0.036864743118477 0.021606254179549 1296.969603729 0.36881772761418 0.31290971299812 0.017576253322588 0.010292117330221 99.828828044565
7 7 1 30.457265891707 0.036679614639611 0.021438695519327 1294.290556088 0.36884719077108 50.0 3.8960170199841e-07 36.86
8 10 1 30.557314639281 0.036997563411173 0.0216796738656 1296.9722105944 0.3688934270611 491.31884167567 0.0181776 0.1280084298354 4.736e-06 491.44685010551 0.018182336
9 19 1 30.657393343499 0.036962597687641 0.020318572705478 1217.3854930929 0.36889260002491 0.51202392578125 13.852487590515 0.0264892578125 0.71665032951287 0.00018938062901192 0.0 0.0 0.00018938062901192 757.77531213303 0.028009344 43.449760040458 0.001606016 801.22507217349 0.02961536 2.3636383282189e-07
10 9 1 30.757471192642 0.018092155938841 0.0097792399525628 1197.2184896016 0.36905839595612 0.00038690800718627 0.0 0.0 0.00038690800718627 0.0
11 7 1 30.857531593343 0.0220666514535 0.012838253893698 1289.3892369006 0.36901688611913 70533702.0 97775716.0 97857116.0
12 10 1 30.95758918425 0.037322025796485 0.021873023392776 1296.9705505279 0.36884379632153 43.0 3.2840127819582e-07 41.604651162791 3.0 2.2911717083429e-08 73.0
13 9 1 31.057647953604 0.036505834939308 0.021394101133001 1296.9693872457 0.0 0.36903614848728 0.4744873046875 12.997574373421 0.0235595703125 0.64536451095197
14 10 1 31.157714527338 0.022362653576821 0.013052472166133 1293.3408284012 0.36893471993275 2.5785848625661 5.7664e-05 0.96160323398693 2.1504e-05 5.503461365943 0.000123072
15 19 1 31.257776722431 0.035040333440357 0.019623558524258 1241.0320087408 0.36891292539421 0.46746826171875 13.340862252765 0.02301025390625 0.6566790794219 0.0 0.0 0.0 0.0 515.91837819611 0.018077952 3.1068197505968 0.000108864 519.02519794671 0.018186816 0.0
16 13 1 31.357845086028 0.034151835220547 0.019940327490247 1292.8146691153 0.36886567004097 203.0 0.4476318359375 13.107109267973 0.05133056640625 1.5030104846421 0.0 0.0 0.022216796875 0.65053010274639
17 9 1 31.457906849959 0.024882823363135 0.014577419561786 1296.9739231817 0.36887798406482 0.19031128869334 7.9650701304369e-06 4.1852851636519e-05 3206.0 3.6742467393066e-05
18 8 1 31.557961151904 0.036393274693714 0.02133082007561 1296.9700764083 0.36881537739205 0.091175576821581 0.00036138979976781 0.0039636689162384 10.967849448947
19 5 1 31.658013875037 0.036362168587507 0.021312210850515 1296.9710666599 0.36882500908833 5.8516099734014
20 6 1 31.758067238572 0.024605055010466 0.014415912556891 1296.9720983188 0.36887871255271 1.0 8.0
21 7 1 31.858124503391 0.037165102143776 0.02178259231429 1296.9707998507 0.36883746032578 99.678356302715 0.32164369728512 1.7652220548633
22 7 1 31.958181464766 0.036811894169213 0.021574956043567 1296.9699292448 0.36884545141469 6.6250814961e-07 1.8234169255321e-08 0.027522935779817
23 9 1 32.058242212389 0.024177684593175 0.013828440484683 1271.6784005388 0.36913168962738 0.0 0.0 0.0 0.0 -
24 6 1 32.158300781561 0.033989835460003 0.019826015878752 1291.5693520231 0.36884976244918 0.0 0.0
25 13 1 32.258381673289 0.01873340133005 0.0096679944768681 1146.4397651511 0.37170400638624 2.6903126757286 85387376.0 52280736.0 248165.0 499780.0 0.29063429704175 1.1010644009016 61.227711225135 37.380590076922
26 7 1 32.358450753374 0.021691970564527 0.011807638241492 1210.6408938922 0.3691378814443 62.174349031707 37.825650968293 1.1422724494331
27 12 1 32.458515502825 0.033580441565929 0.019618011399992 1293.4347271568 0.36884201249373 138559.0 3.0781111295549 2.4444460482538 91.683687093585 0.31987660283148 0.0098461573125979 0.0078192109772026 0.2932746636256
1 7 1 32.558581899928 0.022029490068763 0.012569383222553 1267.9657348593 0.36923480472596 98.464080757253 1.5359192427473 1.6553340192976
2 10 1 32.65864153251 0.021778793385417 0.012690946675471 1291.0921443323 0.36892128786473 3.2325023133347 7.04e-05 0.22333652346676 4.864e-06 3.4558388368015 7.5264e-05
3 5 1 32.758698279211 0.033838401866108 0.019034325122343 1248.7417475102 0.36902641282239 1.0039886989444
4 6 1 32.858753506884 0.035060992039823 0.020544092201933 1296.9668260522 0.36887343223988 0.0 0.0
5 7 1 32.958805816972 0.024735052827785 0.014492358976405 1296.9708730804 0.36887541703393 5.5137075692507e-05 1.3406736155213e-05 0.24315283295003
6 8 1 33.058875208652 0.03606275431247 0.020092909186692 1236.8657969015 0.36921591428597 0.40584730819441 0.04624820925685 0.037171226184556 99.742217738003
7 7 1 33.158950684597 0.019748071264485 0.010896072897807 1226.7148196027 0.36917838775845 52.0 7.9794384602151e-07 38.461538461538
8 10 1 33.259004184002 0.021567542516495 0.012548883138231 1289.1477372523 0.36896314291526 512.5746705516 0.011054976 1.8338667917196 3.9552e-05 514.40853734332 0.011094528
9 19 1 33.359069356462 0.033674470032399 0.0196936833598 1294.8056157282 0.3688589999737 0.43463134765625 12.906850419267 0.02154541015625 0.63981437972211 0.00020787261071266 0.0 0.0 0.00020787261071266 501.520825235 0.016888448 0.19195550794952 6.464e-06 501.71278074295 0.016894912 4.1432592250259e-07
10 9 1 33.459138511728 0.021828432176549 0.012741017533598 1293.22163969 0.36895807331314 0.00032068267401816 0.0 0.0 0.00032068267401816 0.0
11 7 1 33.559200872583 0.022124064733132 0.012903633691606 1292.0765956731 0.36893301139728 70880084.0 98292525.0 98377637.0
12 10 1 33.659265213518 0.033869941850911 0.019761003383079 1291.7248714853 0.36889831262021 43.0 3.6355393450708e-07 42.023255813953 3.0 2.5364227988866e-08 74.333333333333
13 9 1 33.759346856154 0.021150519062053 0.010476497802431 1097.4349533541 0.0 0.36903225011874 0.287109375 13.57457820102 0.01507568359375 0.71278078564027
14 10 1 33.859422210721 0.015075393530219 0.0083892278945382 1244.114828128 0.3695550286156 2.9887113666176 4.5056e-05 1.0146335463375 1.5296e-05 6.9963016082185 0.000105472
15 19 1 33.959489172138 0.033640112101222 0.019692417503144 1296.111788469 0.36889328778687 0.4471435546875 13.291975762211 0.02215576171875 0.65861141164108 0.0 0.0 0.0 0.0 501.9835828486 0.016886784 0.66967672201014 2.2528e-05 502.65325957061 0.016909312 0.0
16 13 1 34.059555930655 0.036141140504456 0.021117313309726 1294.1794753264 0.3688649747397 203.0 0.4737548828125 13.10846520613 0.05377197265625 1.4878327552951 0.0 0.0 0.02362060546875 0.6535655803623
17 9 1 34.159618738975 0.024853302408375 0.014561158625336 1296.9687197688 0.36888164501478 0.19036854333902 7.9510972410932e-06 4.1766864953803e-05 3427.0 3.9319495303357e-05
18 8 1 34.259672424975 0.036757338691191 0.021544919688136 1296.9710716301 0.36882253866614 0.091175536704741 0.00036138741818214 0.0039636445393509 10.967854274753
19 5 1 34.359729575663 0.036949274263274 0.02165605510903 1296.9677943655 0.36889383760847 5.9222988799455
20 6 1 34.45978228521 0.02439521175603 0.014291891666329 1296.9693577584 0.368917931492 1.0 8.0
21 7 1 34.559839328107 0.036643474998206 0.021477324754305 1296.9684265552 0.36881670004276 99.686747035716 0.31325296428402 1.718811468771
22 7 1 34.659899209785 0.036456437996997 0.021364034433243 1296.9672105662 0.36884311048357 6.6290673333151e-07 1.8414075925875e-08 0.027777777777778
23 9 1 34.759954652132 0.024716029198812 0.014480897878538 1296.9680740043 0.36889504896733 0.0 0.0 0.0 0.0 -
24 6 1 34.860007948638 0.036481170888584 0.021381996010746 1296.9699944687 0.36883034727741 0.0 0.0
25 13 1 34.960068248795 0.027185831930129 0.015929389796669 1296.9691306647 0.36887275666574 2.7109619290919 140687792.0 86796590.0 203799.0 819840.0 0.14485905074123 1.0916462460368 61.694471685219 37.069023018003
26 7 1 35.060127581557 0.023607835328968 0.013831443667326 1296.9739918451 0.36926189944177 62.17199499851 37.82800500149 1.1223974771376
27 12 1 35.160186833703 0.036143156817097 0.021182314482888 1296.972118967 0.36882359948906 148341.0 2.562339474589 1.9192266467126 93.274954328203 0.31716883586822 0.0081269422825457 0.0060871888130512 0.29583908679938
1 7 1 35.260250955434 0.036653997686416 0.021199426872116 1280.4800839054 0.36885315621207 98.525953303279 1.4740466967209 1.6571956277906
2 10 1 35.360323733904 0.017738997783323 0.0095813333414251 1197.2106174098 0.36963233253472 5.7040426542657 0.000101184 0.92361474983682 1.6384e-05 6.6276574041025 0.000117568
3 5 1 35.460379416289 0.034512573117386 0.020228210014955 1296.9725740012 0.36881328115138 1.0039877945601
4 6 1 35.56044047279 0.036922821255916 0.021635413719779 1296.9672562881 0.36884421855251 0.0 0.0
5 7 1 35.660447323452 0.025163798250732 0.01474313989923 1296.9695662556 0.36886766100927 5.3869443607401e-05 1.3880956756219e-05 0.25767774505679
6 8 1 35.760503359099 0.036325629487938 0.021289503329578 1296.9669178731 0.368862460036 0.32806156866324 0.017754791145069 0.010415463389199 99.805873717187
7 7 1 35.860557279702 0.036443375443268 0.020734697152603 1261.3248390953 0.36895031825596 45.0 3.6264811455619e-07 39.066666666667
8 10 1 35.960605649556 0.027538003668546 0.016137156049811 1296.968960437 0.36882970811915 493.40047170956 0.013587264 0.1905730009759 5.248e-06 493.59104471053 0.013592512
9 19 1 36.060671027633 0.035679373206552 0.019969319910224 1241.7920288858 0.36897625577672 0.4755859375 13.329436443482 0.023681640625 0.66373477156967 0.00019619178732418 0.0 0.0 0.00019619178732418 519.83872846157 0.01854752 3.7274197399739 0.000132992 523.56614820155 0.018680512 3.7472206329248e-07
10 9 1 36.160735185596 0.02110113027195 0.012278514725418 1289.7054707159 0.36893782588005 0.00033173578428191 0.0 0.0 0.00033173578428191 0.0
11 7 1 36.260795316369 0.033597134569373 0.019449677374262 1285.1696939173 0.36900069634152 106836140.0 148132598.0 148259712.0
12 10 1 36.360858293168 0.03353208720037 0.019603246846509 1294.4406092945 0.36881384407952 43.0 3.6639570908702e-07 42.0 3.0 2.5562491331653e-08 72.333333333333
13 9 1 36.460920487355 0.021671350008696 0.012643064232142 1292.8428873153 0.0 0.36892033697573 0.28076171875 12.955432801249 0.01373291015625 0.63368964788716
14 10 1 36.560986182462 0.033809447942666 0.019689571476945 1291.0720747873 0.3690078445836 2.6160734759701 8.8448e-05 1.0695235267172 3.616e-05 4.9633463487653 0.000167808
15 19 1 36.661052399311 0.033540707706842 0.019573002609788 1292.2003846183 0.36887610735566 0.43499755859375 12.969242104126 0.021484375 0.6405462635965 0.0 0.0 0.0 0.0 499.53102201783 0.016754624 0.12784464888096 4.288e-06 499.65886666671 0.016758912 0.0
16 13 1 36.761115079913 0.022730822663646 0.013314976869064 1296.9627366458 0.36888452742272 203.0 0.29046630859375 12.778521608824 0.034912109375 1.5358929103272 0.0 0.0 0.014404296875 0.63369008188326
17 9 1 36.861203050474 0.032640552736187 0.016462720341832 1118.7625432148 0.38011671854725 0.19034466348649 7.2991705381551e-06 3.834712465513e-05 4268.0 4.4631604379435e-05
18 8 1 36.961287968486 0.018694421097252 0.010020929805385 1188.8365252711 0.3690623506103 0.09118049928393 0.00036248841995281 0.0039755037842471 10.967257339599
19 5 1 37.061359121043 0.020865384737058 0.01151401384534 1230.6408945594 0.36933017261512 5.9348905573432
20 6 1 37.161416625899 0.033500301743542 0.019519479291808 1290.2276147582 0.36889458753734 2.0 8.0
21 7 1 37.261473500318 0.034111177444617 0.019990275612362 1296.9654316329 0.36884608156808 99.674749940228 0.32525005977229 1.7848173657906
22 7 1 37.361529953539 0.023871735870972 0.013985161690909 1296.9662459296 0.36889429052135 9.9405351560249e-07 2.8133590064221e-08 0.028301886792453
23 9 1 37.461586288101 0.034025279446371 0.019938353750244 1296.9663399611 0.36882394912722 0.0 0.0 0.0 0.0 -
24 6 1 37.561643903465 0.034548902071163 0.020191230243283 1293.9565058714 0.36886734057066 0.0 0.0
25 13 1 37.661705595838 0.02262826879979 0.013196255819143 1292.1750265513 0.36895991319166 2.7103215396751 116548852.0 71888029.0 171188.0 686044.0 0.14688089763424 1.1118934058656 61.680598106621 37.06062758988
26 7 1 37.761779538262 0.033320890679497 0.019533641034841 1296.9683103487 0.36885296926836 62.230972697445 37.769027302555 1.1150594585159
27 12 1 37.861855874717 0.03364017550728 0.019640833504735 1293.941276432 0.36887647784928 142224.0 2.9319946000675 2.3491112611092 90.331448981888 0.32795608399074 0.0096156546732013 0.0077040533005193 0.29624748269309
1 7 1 37.961915020884 0.022648160185956 0.01326579596025 1296.9664612351 0.36898858923775 98.558804745128 1.4411952548717 1.5739341175593
2 10 1 38.06197465709 0.036213320149173 0.020774429652988 1271.101832806 0.36890003860724 1.9104572492942 6.9184e-05 0.17142863384046 6.208e-06 2.0818858831347 7.5392e-05
3 5 1 38.162026485292 0.033998289299123 0.019862267839459 1294.0932636318 0.36890728588682 1.0039881230473
4 6 1 38.262093589825 0.021636206748202 0.012618233966966 1292.5011378129 0.36895368869386 0.0 0.0
5 7 1 38.362155913542 0.034323445527868 0.018034707333145 1164.9935928992 0.3690125626722 0.00024150484401114 1.1787504761221e-05 0.048808564521699
6 8 1 38.462238524479 0.011767265792712 0.0063474540976942 1197.2078107194 0.37081975116847 0.54186474736822 0.083994993692884 0.058287045827146 99.754479465429
7 7 1 38.562295567377 0.022999473225188 0.013470893724155 1296.9662293111 0.36893946304466 49.0 6.0779552587573e-07 38.040816326531
8 10 1 38.662343986145 0.036251293131451 0.021246254963281 1296.965356965 0.36882948492446 502.19229239592 0.01820512 0.27894177356192 1.0112e-05 502.47123416948 0.018215232
9 19 1 38.762403977424 0.024381079451523 0.013928531928992 1267.2545859654 0.36893871070702 0.343994140625 14.109061139354 0.01641845703125 0.67340976694222 0.00028710787862851 0.0 0.0 0.00028710787862851 525.34376197194 0.012808448 4.2026030965416 0.000102464 529.54636506848 0.012910912 5.4217703598321e-07
10 9 1 38.862462865438 0.034995702821999 0.020509818510233 1296.9647258678 0.368831920355 0.00020002455831805 0.0 0.0 0.00020002455831805 0.0
11 7 1 38.962523867591 0.036449363692537 0.021361137682198 1296.9681681216 0.36880789278263 117352962.0 162768861.0 162912321.0
12 10 1 39.062608155166 0.019951272281456 0.010208563729341 1134.9561282134 0.36995726694928 46.0 7.5500089615324e-07 52.347826086957 5.0 8.2065314799265e-08 62.6
13 9 1 39.162683613901 0.030826693826102 0.016862597892419 1213.3601420062 0.0 0.36903393959924 0.4080810546875 13.237911823744 0.02020263671875 0.65536177290747
14 10 1 39.262754040911 0.021004114474351 0.012229089703281 1290.2683926059 0.36902418750352 2.5076991493414 5.2672e-05 0.84707213064023 1.7792e-05 5.3353356142124 0.000112064
15 19 1 39.362820090187 0.021560562415321 0.012579747395618 1292.8171726897 0.36892999154844 0.27716064453125 12.854982128588 0.01373291015625 0.63694582227093 0.0 0.0 0.0 0.0 505.92817524319 0.010908096 0.023747061423415 5.12e-07 505.95192230461 0.010908608 0.0
16 13 1 39.462889769912 0.034233117257777 0.019988242995305 1292.6064503033 0.3688727398104 203.0 0.4464111328125 13.040329615647 0.051025390625 1.4905271477551 0.0 0.0 0.02215576171875 0.64720257731472
17 9 1 39.562955789296 0.02239195532778 0.013061188687493 1292.6117083742 0.36895911515478 0.19032837927322 8.7125517318954e-06 4.5776419497528e-05 3236.0 4.1400612928654e-05
18 8 1 39.663014687273 0.023051653693442 0.013038837146281 1261.0456947968 0.36928490513048 0.0911783589881 0.00036215778260515 0.0039719708341364 10.967514781995
19 5 1 39.763072154086 0.033258760894958 0.019420719374716 1292.8774073872 0.36881965968811 5.7798306572113
20 6 1 39.863146751403 0.034938439905304 0.020360475957546 1291.4491768161 0.36889193446822 4.0 8.0
21 7 1 39.963245743749 0.016481998047784 0.0088906049568194 1197.2033709242 0.51055244672709 94.085538355737 5.914461644263 1.7358096491097
22 7 1 40.063315090139 0.013155986178744 0.0071061311313538 1197.2041543401 0.36904680702213 1.9756030380565e-06 2.2156295753905e-07 0.11214953271028
23 9 1 40.163375574174 0.036188314611537 0.021206179617283 1296.9647533773 0.36886588523035 0.0 0.0 0.0 0.0 -
24 6 1 40.263428240242 0.024970548361649 0.014630111807508 1296.9693489322 0.36889408289769 0.0 0.0
25 13 1 40.363484581144 0.037128866487484 0.021761770217774 1296.96679125 0.36877423684238 2.7116861757005 192199164.0 118607614.0 278486.0 1084340.0 0.14489449080018 1.0644973460967 61.710785589057 37.079822574046
26 7 1 40.463546175691 0.036777646745737 0.021554732681398 1296.9650905847 0.36887526144291 62.232795422588 37.767204577412 1.0920570571145
27 12 1 40.563605144322 0.024902818916396 0.014581795938483 1296.9648004582 0.36901531138894 110631.0 3.9102963907042 3.0805108875451 90.406847990166 0.34361217143257 0.013436254337548 0.01058501035191 0.31064893350275
1 7 1 40.663664728896 0.035266557196953 0.020667104030373 1296.9653302934 0.36883194912844 98.557214728413 1.442785271587 1.6141981513718
2 10 1 40.763723080676 0.036905909954472 0.021630264694977 1296.9622972651 0.36883764613397 1.858997653347 6.8608e-05 0.16647740179227 6.144e-06 2.0254750551393 7.4752e-05
3 5 1 40.863775112684 0.02454390258502 0.014379517932553 1296.9654577393 0.36890949669356 1.0039941101477
4 6 1 40.963827128387 0.03672990741894 0.021528611197142 1296.966159697 0.36885037831023 0.0 0.0
5 7 1 41.063891246495 0.035510570881796 0.020070004201174 1256.262957425 0.3690660382999 5.8556678563253e-05 1.0943461190743e-05 0.18688664485848
6 8 1 41.163952922564 0.021975403795569 0.012809875153782 1291.4514991045 0.36897208056022 0.34942261528814 0.026481320521984 0.015655445563597 99.793647226667
7 7 1 41.264007621249 0.034015319260475 0.019935675750099 1296.9688590119 0.36883760893186 46.0 3.8544710276046e-07 38.347826086957
8 10 1 41.3640611904 0.023172755640836 0.013517156595604 1292.7884016421 0.36895310571374 510.53332557271 0.011830464 0.54684907554407 1.2672e-05 511.08017464826 0.011843136
9 19 1 41.464138473417 0.020646775142216 0.010353447930357 1111.7141783171 0.36909238623245 0.2884521484375 13.970808828528 0.0150146484375 0.72721518658864 0.00033903599723365 0.0 0.0 0.00033903599723365 742.96852144407 0.015339904 48.554604440392 0.001002496 791.52312588446 0.0163424 4.2833365968279e-07
10 9 1 41.564213371461 0.013423883113997 0.0074744523927221 1240.9856965973 0.36982209729834 0.00052145865250427 0.0 0.0 0.00052145865250427 0.0
11 7 1 41.664274364556 0.023539302438381 0.013793491518466 1296.9633066392 0.36888264059177 75776546.0 105085281.0 105175805.0
12 10 1 41.764332102203 0.02413345162138 0.014138411415464 1296.9651033454 0.36889314180887 42.0 4.9630879785099e-07 43.547619047619 3.0 3.5450628417928e-08 77.666666666667
13 9 1 41.864390853441 0.036454582916903 0.021358735498404 1296.9634888518 0.0 0.36878613130811 0.490234375 13.447811928543 0.024169921875 0.66301463193515
14 10 1 41.964460736971 0.023819664098818 0.013956309217159 1296.9642967594 0.36885196972928 2.2247165107014 5.2992e-05 0.75500644868005 1.7984e-05 4.9599356023608 0.000118144
15 19 1 42.064527904911 0.022731357086135 0.012864847300185 1255.7440574854 0.36903801934769 0.30291748046875 13.32597430593 0.0152587890625 0.67126608432047 0.0 0.0 0.0 0.0 507.93483012252 0.011546048 0.21116205168973 4.8e-06 508.14599217421 0.011550848 0.0
16 13 1 42.1645960801 0.033643290556325 0.019651752933707 1293.3598343641 0.36886025849338 203.0 0.45306396484375 13.466695954881 0.0550537109375 1.6363949550455 0.0 0.0 0.022216796875 0.66036337431992
17 9 1 42.264674192831 0.023520797833282 0.013717155606653 1292.7837695494 0.36893160634876 0.19037973052826 8.5876360770319e-06 4.5107932725837e-05 3483.0 4.2426576533762e-05
18 8 1 42.364727851657 0.034973699108304 0.019723790367695 1249.7139355468 0.3688760262579 0.09117593322989 0.00036146504004152 0.0039644786429564 10.967806575433
19 5 1 42.464784709771 0.033763239419266 0.019769710393531 1296.5755707253 0.36889725462251 5.8206735811677
20 6 1 42.564836721851 0.036882633590615 0.02161337196245 1296.9619934063 0.36887336652989 1.0 8.0
21 7 1 42.664892650614 0.036783038072261 0.021558277985835 1296.9648763428 0.36880733811319 99.689452724449 0.3105472755507 1.6817447495961
22 7 1 42.764948952566 0.037069022944233 0.0217252256834 1296.9651266541 0.36886147767755 6.4588116840435e-07 1.8108817805729e-08 0.02803738317757
23 9 1 42.865004090565 0.036814416824517 0.021572164365417 1296.9610086296 0.36880098306371 0.0 0.0 0.0 0.0 -
24 6 1 42.96505849577 0.032987726265639 0.018871423637073 1267.0910313104 0.36887306139043 0.0 0.0
25 13 1 43.065133189103 0.011873110430973 0.0062369735707982 1171.3003269005 0.37164354641138 2.6907503430534 55084724.0 33733681.0 172077.0 320324.0 0.31238606187806 1.0955505559037 61.239629702057 37.352433680161
26 7 1 43.165201675888 0.02133449807967 0.011776641737184 1229.5129629148 0.36922561503043 62.166588321274 37.833411678726 1.1062522463718
27 12 1 43.265266183491 0.033585565681208 0.019603287154646 1292.4333908776 0.36889549201112 147560.0 2.5786120899973 2.0256166982922 92.201816210355 0.34091213634268 0.0087908015640003 0.006905573160262 0.31432718138947
1 7 1 43.36533245831 0.034154408600697 0.018608578805931 1211.5026008271 0.36913682061707 98.442316265289 1.5576837347111 1.7321041537575
