1 7 1 0.10077902978356 0.10079086045702 0.0014430627218385 997.63912077003 1.4712425278132 32.065580191491 67.934419808509 9.8998476997169
2 10 1 0.20106620029194 0.056270653083872 1.3604685703146e-05 1031.3769602803 4.8780448197467 1.4160134214408 7.968e-05 0.050043847826019 2.816e-06 1.4660572692668 8.2496e-05
3 5 1 0.30146974093125 0.05550939123089 1.3452058149567e-05 996.98536301398 4.9013201320132 1.9666238767651
4 6 1 0.40196236080796 0.055173536337291 1.2980135565504e-05 999.76258158298 5.5360247247441 0.0 0.0
5 7 1 0.5024038336969 0.054868282135933 1.3549431811346e-05 997.22848537518 4.7299604743083 0.47620553359684 0.19810276679842 0.4160026560425
6 8 1 0.60290609583063 0.054351268752952 1.2629137482347e-05 995.88801570131 5.3863241259417 79.856553702708 41.757217141833 38.590640129102 57.249417249417
7 7 1 0.70340871122695 0.05514533692484 1.2794899157747e-05 998.55773762691 5.457021440989 48.0 0.0092717790226 59.791666666667
8 10 1 0.80378865754866 0.054462941397288 1.2717906029829e-05 996.95373325919 5.4241838902839 685.00861398311 0.037307584 180.01172445835 0.009803968 865.02033844146 0.047111552
9 19 1 0.90419910401865 0.054627991112707 1.3921716229868e-05 996.93569400577 4.7203624078624 0.6290283203125 11.514762075265 0.0345458984375 0.6323845657481 0.00012813943653095 0.0 0.0 0.00012813943653095 541.82567209789 0.029598848 10.831077400948 0.00059168 552.65674949884 0.030190528 2.3186080084456e-07
10 9 1 1.0046017008128 0.053977826720105 1.2885932208992e-05 998.31093625327 5.4958470156461 0.00012968287953306 0.0 0.0 0.00012968287953306 0.0
11 7 1 1.1120762531823 0.010786389393616 0.0015977491622382 997.85619626249 0.62097259531546 5681471.0 7211695.0 6547431.0
12 10 1 1.2121838077812 0.017421076538875 0.0025731633244143 997.51816171668 0.61969116643602 44.0 4.7991427858413e-06 53.386363636364 22364.0 0.0024392733923308 30.297531747451
13 9 1 1.3122936694566 0.01685084731748 0.0024936819597621 997.47814423083 0.0 0.62008960291119 0.21771240234375 12.919967657526 0.01446533203125 0.85843351130746
14 10 1 1.4124063608559 0.016515153656549 0.0024543728918531 997.781846705 0.61905151926804 2.7087849698729 4.4736e-05 1.9453648853737 3.2128e-05 7.4404394022259 0.00012288
15 19 1 1.5125188511673 0.015932379990112 0.0023730061013683 997.85839182393 0.6206716903325 0.21551513671875 13.526863962101 0.01556396484375 0.97687632691472 0.0 0.0 0.0 0.0 1161.3160125156 0.018502528 1205.4947228173 0.0192064 2366.8107353329 0.037708928 0.0
16 13 1 1.6246865531637 0.0085936142408765 0.0012850048882375 997.9528822014 0.62641771955431 201.0 0.11529541015625 13.416405126476 0.00897216796875 1.0440505842202 0.0 0.0 0.0078125 0.9091052706135
17 9 1 1.7248024411365 0.014778098110555 0.0021948938224484 997.35619893468 0.61944654634695 0.30409939158444 0.00010890127307122 0.00035811078905425 5908.0 0.00075515108134363
18 8 1 1.8249047149127 0.015195162638078 0.0022573551768232 997.85283765673 0.61922526647647 0.25033457090195 1.4784232206369e-05 5.9057892615878e-05 3.9946540200062
19 5 1 1.9250045810685 0.014193001969059 0.0021121298331424 997.67257843907 0.62193064472314 5.9777723497802
20 6 1 2.0251068403518 0.013602056161445 0.0020195419736147 997.39536372289 0.61974427624992 1.0 8.0
21 7 1 2.1252134828087 0.014067364582922 0.0020898901416928 997.56236985355 0.61962680498532 60.369187693888 39.630812306112 9.942457307824
22 7 1 2.2253143716143 0.014289213487508 0.0023062861212182 1097.5619745603 0.61937013503466 8.8659631032391e-06 6.121736428427e-06 0.69047619047619
23 9 1 2.3254141535306 0.01786475804362 0.0028842250721196 1096.9595132552 0.61881646360886 0.0 0.0 0.0 0.0 -
24 6 1 2.4255090078866 0.013112537477345 0.0021194147417457 1097.1721895204 0.61968551222945 0.0 0.0
25 13 1 2.5256055234826 0.017938756591763 0.002899944351436 1097.6753734506 0.61886208096026 1.6158689161377 25612184.0 9318159.0 2037198.0 1075168.0 7.9540190715481 8.1846163529045 36.381743157866 47.479621417682
26 7 1 2.6257101423789 0.015474091530298 0.0024989410432996 1097.0399575557 0.61931677814096 43.42436569291 56.57563430709 4.5807334428024
Running without Marker API. Activate Marker API with -m on commandline.
27 12 1 2.7258150855521 0.030021638701209 0.0048409084973996 1097.4648822942 0.61788728707703 4176146.0 0.38655257742426 0.24747697997149 6.3151767203541 39.070758449551 0.15102902380595 0.096691133062904 2.4673874420719
1 7 1 2.8259138402895 0.025411245817171 0.012552351330073 1097.4336992709 0.81156588374422 38.861939025577 61.138060974423 8.9604585172698
2 10 1 2.9259966203115 0.017988992343226 0.0088911251980253 1097.4320688277 0.80960158209475 7866.6062723233 0.14151232 7813.3577088838 0.140554432 15679.963981207 0.282066752
3 5 1 3.0260738930603 0.017812679891896 0.0088130632243313 1097.4233961699 0.80852816798909 1.0000781661847
4 6 1 3.1261800355147 0.015464545288238 0.0069412638167795 997.66706762876 0.8656556548709 0.0 0.0
5 7 1 3.2293099571617 8.0541152413374e-05 2.8795882742159e-05 1097.0068883994 1.0013386670026 0.42517638906388 0.15115912813406 0.35552098381302
6 8 1 3.3293967181813 0.005205511719186 0.0025676315946237 1097.4561263181 0.8142883960841 34.032754996514 82.51014278122 47.577294775037 97.653432882314
7 7 1 3.4294780770008 0.017489995352178 0.0086410850332026 1097.4303858621 0.80952597341654 48.0 2.0366049185027e-06 50.104166666667
8 10 1 3.5295527464761 0.017321211922957 0.0085689470013508 1097.434841227 0.80920349102802 8365.2456100927 0.144896192 3908.0129208675 0.06769152 12273.25853096 0.212587712
9 19 1 3.6296396968082 0.017499293404627 0.0086573423586129 1097.4356768665 0.81006622387458 0.247802734375 14.160728015994 0.0374755859375 2.1415485226159 0.00040001615140354 0.0 0.0 0.00040001615140354 8345.3262153654 0.146037312 3921.1128365822 0.068616704 12266.439051948 0.214654016 3.2610617450549e-08
10 9 1 3.7297260909782 0.01703343153843 0.0084193461835005 1097.4301798932 0.80876609721721 0.00041095653475383 0.0 0.0 0.00041095653475383 0.0
11 7 1 3.8298187768454 0.017491622171681 0.0086513853550158 1097.4287317931 0.81012906140353 21448994.0 30020090.0 30012022.0
12 10 1 3.9299062724701 0.016730993473951 0.0082716710996496 1097.4363077074 0.81011227990863 106.0 4.701764421376e-06 94.066037735849 18044.0 0.00080036450206895 33.160496563955
13 9 1 4.029993835124 0.016794178563729 0.0083005276710926 1097.4346269729 0.0 0.80956497801638 0.23333740234375 13.893945539421 0.0352783203125 2.1006279157167
14 10 1 4.130092997472 0.017925686781849 0.0088670526172305 1097.4310744971 0.80819465040873 7878.8175716096 0.141233216 3929.9028738655 0.070446208 11811.062559365 0.211721408
15 19 1 4.2301876416821 0.016994932257067 0.0088080020584225 1156.0692997219 0.80626090120256 0.23651123046875 13.916573887513 0.0361328125 2.1260933526214 0.0 0.0 0.0 0.0 8779.4604734573 0.149206336 4109.027264346 0.06983264 12888.487737803 0.219038976 0.0
16 13 1 4.3302717115655 0.018968507974622 0.0099032379081732 1162.589928516 0.8064476071572 202.0 0.2652587890625 13.98416730601 0.03106689453125 1.637814348541 0.0 0.0 0.04058837890625 2.1397770958345
17 9 1 4.4303847924594 0.016825127989549 0.0083085236338773 1096.9919337939 0.80985764309667 0.18209129487168 3.1740718852676e-05 0.00017431211566179 4764.0 0.00021030985342719
18 8 1 4.5304859946724 0.013089950411018 0.0064653534415908 1097.4364279167 0.81043238824915 0.09094054211663 6.8693070617726e-06 7.5536244912228e-05 10.996195720029
19 5 1 4.6305766823415 0.016487296637066 0.0074074418076987 997.67272271922 0.76558520659384 6.1348684210526
20 6 1 4.7360796037493 0.013039238207963 0.0064345185996611 1097.4261495662 0.81104635547005 1.0 8.0
21 7 1 4.8361563837421 0.020195419736248 0.010893581037853 1197.1924279025 0.80333265567647 66.840107912099 33.159892087901 4.4838913331167
22 7 1 4.9362303639025 0.033650493299092 0.017537905005289 1156.9027245554 0.80525490217444 0.010410553167424 0.0025384233197672 0.24383174255431
23 9 1 5.0363206638886 0.01736041501209 0.0086356941555461 1108.6841571093 0.80861780634125 0.0 0.0 0.0 0.0 -
24 6 1 5.1363924366107 0.032757725372022 0.017408247672074 1179.8871788952 0.80406440820236 0.0 0.0
25 13 1 5.2364660952115 0.032824264644772 0.017726379200525 1197.1985881438 0.80364464064808 1.2443310754783 156558620.0 44279752.0 51918.0 9504.0 0.033162019440386 0.013870842755257 28.283177253351 71.669789884454
26 7 1 5.33654254821 0.020984619225047 0.011305984310829 1197.2002266322 0.80302029787371 28.320921608243 71.679078391757 7.1437273010729
27 12 1 5.4366182294656 0.033277719747755 0.017971541171343 1197.2009668118 0.80325933130012 13230869.0 86.596904557063 60.378407495381 94.341497901612 33.343108800012 28.874100103904 20.132038102899 31.456388288895
1 7 1 5.53670317073 0.019541066917487 0.0099525501950018 1133.1197983825 0.80701902442509 39.038861283829 60.961138716171 8.904147052588
2 10 1 5.6367925830306 0.017288014297801 0.008599863365416 1108.7014335638 0.80954545727789 7918.5311651096 0.13689568 7849.3040127377 0.13569888 15767.835177847 0.27259456
3 5 1 5.7368631546599 0.032140166210391 0.017357599780926 1197.205993587 0.80334372851877 1.0000392576443
4 6 1 5.8369311909508 0.033033999360031 0.017840988000439 1197.1984640926 0.80314148414006 0.0 0.0
5 7 1 5.9370011692801 0.020870419394512 0.011266680677729 1197.2033702829 0.80307443864032 0.47402840483223 0.15463919788854 0.32622348431476
6 8 1 6.0370756304211 0.03351460314572 0.018100213898323 1197.1986014453 0.80276628322307 33.150687207466 82.87287216104 47.143981553095 97.908033608742
7 7 1 6.1371483016983 0.03331693551811 0.01799238321107 1197.2002562821 0.80434972577755 53.0 1.0730875039689e-06 41.396226415094
8 10 1 6.237236185006 0.014205553660513 0.0070090367911792 1097.4319721154 0.81347282676572 8366.6387696224 0.118852736 3874.8023002443 0.055043712 12241.441069867 0.173896448
9 19 1 6.3373220465647 0.03014445542146 0.016276219070995 1197.1947712288 0.80301928063627 0.4188232421875 13.893873229149 0.06610107421875 2.1928103624553 0.00023221517529942 0.0 0.0 0.00023221517529942 9151.908440303 0.275879296 4303.3681048903 0.129722688 13455.276545193 0.405601984 1.7258298223709e-08
10 9 1 6.4374022713206 0.020647831355898 0.01114958907589 1197.2014453638 0.80362658348547 0.00033901865427628 0.0 0.0 0.00033901865427628 0.0
11 7 1 6.5375005396426 0.019937184785209 0.0093864120261065 1048.0159750286 0.79231297534972 23797170.0 33306183.0 33296018.0
12 10 1 6.6375945262408 0.01593978220001 0.00854651392128 1191.0449556454 0.80406009504816 132.0 5.6244036054984e-06 101.10606060606 18972.0 0.00080838019093572 32.973012861058
13 9 1 6.7376732980911 0.020898019166367 0.011284439369134 1197.1938980327 0.0 0.80328485742954 0.29595947265625 14.162082554339 0.0467529296875 2.2371943156576
14 10 1 6.8377686542612 0.018475460287858 0.0099397625422561 1195.1930569098 0.80292240061659 8625.4123857866 0.159358464 4302.4248793541 0.07948928 12930.424913798 0.238895552
15 19 1 6.9378489523871 0.033017415040278 0.017833305444975 1197.1999015425 0.80357942485498 0.46221923828125 13.999255778122 0.07354736328125 2.2275324458783 0.0 0.0 0.0 0.0 9152.6564278685 0.302197056 4311.3596817422 0.142349952 13464.016109611 0.444547008 0.0
16 13 1 7.037931317552 0.020943900729996 0.011309188130752 1197.194989381 0.8029083465688 202.0 0.295166015625 14.093172968599 0.0352783203125 1.6844197634099 0.0 0.0 0.04638671875 2.214807993411
17 9 1 7.1380121908618 0.021330392645124 0.011511676433971 1197.196744571 0.80367154275489 0.18200265640764 2.2101422892135e-05 0.0001214346171005 4139.0 0.00013086951266173
18 8 1 7.2380823956415 0.033427177901869 0.01805665345105 1197.202927723 0.80320354317047 0.090920361746936 2.3772420414369e-06 2.614642084304e-05 10.998636397679
19 5 1 7.3381595433897 0.021095969404047 0.011375502311828 1197.2003795458 0.80376825004006 6.1582278481013
20 6 1 7.4382389003878 0.019688267814251 0.010624708353941 1197.2047829608 0.80299175780712 1.0 8.0
21 7 1 7.5383177546661 0.033033091746923 0.017578238987601 1180.1513279324 0.80462457548024 66.696789163734 33.303210836266 4.5908848262878
22 7 1 7.6384006687467 0.020828516111092 0.011243551489202 1197.2039453821 0.80300165752082 0.010415580527071 0.0026072432900938 0.25032145671741
23 9 1 7.7384909959069 0.018824702021898 0.009166267387053 1081.60119762 0.80596930406477 0.0 0.0 0.0 0.0 -
24 6 1 7.8385742569095 0.010296639730132 0.005552639312486 1197.1982681779 0.80362689019336 0.0 0.0
25 13 1 7.9386604282523 0.0091990057708913 0.0049577220181764 1197.2049599393 0.80455147268401 1.2429285557877 43786388.0 12371253.0 45418.0 6668.0 0.10372629959795 0.03658671274735 28.253650426703 71.606036560951
26 7 1 8.0387465814791 0.021925088470969 0.011835111883134 1197.2040895054 0.80306662427783 28.319855501726 71.680144498274 7.1362924966359
27 12 1 8.138825569816 0.033664971630347 0.018185366939098 1197.2032429815 0.80352526087694 13351765.0 86.50058625208 60.357450868855 94.290874652153 33.252144075071 28.763299566322 20.070146522952 31.353737488978
1 7 1 8.2389099259326 0.021367952610328 0.011536049740865 1197.1987022545 0.80282068450702 39.368993722154 60.631006277846 8.7031510550949
2 10 1 8.3389826896015 0.021565932739457 0.011627425637979 1197.2069883161 0.8033292068415 8648.5678246946 0.186514432 8582.4487276341 0.185088512 17231.016552329 0.371602944
3 5 1 8.4390531027156 0.033488724396724 0.018088875527985 1197.2017875709 0.80282105063675 1.0000376459652
4 6 1 8.5391330738471 0.021546390071989 0.01163128435239 1197.1995392936 0.80433249464629 0.0 0.0
5 7 1 8.6392136174452 0.019910486285851 0.01074459299472 1197.200792364 0.80394792056621 0.47422357292226 0.15464717622816 0.32610605009615
6 8 1 8.7392902588504 0.032853162430184 0.017746033281579 1197.2000310186 0.80305318032051 33.388701660828 82.863146619185 47.080922820431 97.8629841765
7 7 1 8.8393691104112 0.020960501354176 0.011315312707628 1197.1976004975 0.80248206458654 52.0 1.6702256927799e-06 46.211538461538
8 10 1 8.9394354247735 0.021558323101015 0.011637052949274 1197.2026413479 0.80292853668632 9151.1355069502 0.197283136 4300.796103925 0.092717952 13451.931610875 0.290001088
9 19 1 9.0395130399153 0.033340558821358 0.0180116016016 1197.2012482384 0.80332769945404 0.46636962890625 13.988056751091 0.07281494140625 2.1839748336673 0.00020995448929056 0.0 0.0 0.00020995448929056 9147.4027665256 0.30497952 4312.4296977259 0.143778816 13459.832464251 0.448758336 1.5598596033657e-08
10 9 1 9.1395982800942 0.021707331977582 0.011720440130016 1197.2002094238 0.80367839939881 0.00032247168870081 0.0 0.0 0.00032247168870081 0.0
11 7 1 9.2396843662917 0.021163959770808 0.010965131657429 1150.1009596204 0.81412943669466 27049264.0 37860062.0 37851631.0
12 10 1 9.3397922551314 0.012894171379545 0.0066688281626485 1149.9274558216 0.81075637038944 116.0 6.3870729168066e-06 90.068965517241 14545.0 0.00080086185840476 33.534479202475
13 9 1 9.43987842738 0.020446944509738 0.011036552747389 1197.2007001389 0.0 0.80320119079736 0.29742431640625 14.546149732279 0.04583740234375 2.2417727167949
14 10 1 9.5399586077517 0.020693693897695 0.010946626585584 1178.1056090402 0.80471651778045 8462.1319357346 0.175112768 4221.0872757584 0.087349888 12685.288247607 0.262505472
15 19 1 9.6400390191027 0.033551341548958 0.018125000703604 1197.2002965823 0.80340692351401 0.47674560546875 14.20943495726 0.07470703125 2.226648110061 0.0 0.0 0.0 0.0 9154.8310684327 0.307156864 4316.1972462021 0.144814208 13471.028314635 0.451971072 0.0
16 13 1 9.7400953587788 0.02126088958985 0.01147698876534 1197.2005640929 0.80216249335529 202.0 0.2952880859375 13.888792596829 0.03521728515625 1.6564351650207 0.0 0.0 0.04681396484375 2.2018817531558
17 9 1 9.8401828688962 0.03152739149231 0.01690451469786 1190.9748856312 0.80472342740332 0.18197990663653 1.5178177902431e-05 8.3405790138948e-05 4895.0 0.00010553576822784
18 8 1 9.9402565456131 0.033004881464854 0.017824923157848 1197.2013825956 0.8029550451342 0.090920514012967 2.4686071210747e-06 2.7151266662687e-05 10.998617978088
19 5 1 10.04033326854 0.021308714097707 0.011002216076841 1149.1957252249 0.82142615617149 6.3735224586288
20 6 1 10.140419596587 0.01396072638335 0.007463423511008 1188.3129871253 0.80461571242739 2.0 8.0
21 7 1 10.240492737975 0.0326703173384 0.017643948093272 1197.1991398711 0.80362620676009 66.616762901087 33.383237098913 4.4551658081994
22 7 1 10.340565946393 0.021261391403884 0.011471588829668 1197.1981675665 0.80278098679154 0.010485326817441 0.0026064099377447 0.24857689065153
23 9 1 10.440638959157 0.032911615612899 0.017773666568089 1197.1971822656 0.80363421696159 0.0 0.0 0.0 0.0 -
24 6 1 10.540710810684 0.033080190707775 0.017866402526163 1197.1998580659 0.80340350598218 0.0 0.0
25 13 1 10.640789532715 0.020738431434023 0.011190864638867 1197.2037943206 0.80352991359519 1.2445087396009 98837236.0 27958965.0 51694.0 8444.0 0.052302150578148 0.019070747789831 28.287886358943 71.640740742689
26 7 1 10.740868610726 0.03310697797568 0.017876552032025 1197.1987174273 0.8033080317198 28.306935417653 71.693064582347 7.1881686643301
27 12 1 10.840962661636 0.017507350509013 0.0086535189704607 1097.4314258628 0.85283774245741 6489415.0 81.653400190926 50.815921003665 92.927297761046 33.963766030419 27.732569796728 17.259000515888 31.561609989953
1 7 1 10.941052563976 0.013372428233535 0.0072061305935355 1197.1995573055 0.80373391641501 39.395410450052 60.604589549948 8.6793308077058
2 10 1 11.041146514342 0.021025234458726 0.011352564247418 1197.2020382551 0.80305949149717 8664.1548924273 0.182165888 8606.8797166206 0.180961664 17271.034609048 0.363127552
3 5 1 11.141216370388 0.033484536876367 0.018203319019124 1206.0987596199 0.80426227620683 1.0000374214013
4 6 1 11.241286624987 0.021313588215605 0.011499601194109 1197.1979535333 0.80340541939772 0.0 0.0
5 7 1 11.341355494615 0.033202637861012 0.017923921374626 1197.204307419 0.80337660819141 0.4740542074538 0.15457203605386 0.3260640526409
6 8 1 11.441429514631 0.0335275316506 0.018225672841563 1206.0628288029 0.80305476223759 33.232205384959 82.779679186643 46.936819136382 97.88350704449
7 7 1 11.541502233009 0.021014328608607 0.011347837775166 1197.2015453966 0.80365662599882 50.0 1.6037270616914e-06 50.0
8 10 1 11.641589549285 0.033467005088239 0.018082252760282 1197.2015749569 0.80279895903657 9158.3131263726 0.306501312 4309.2625593403 0.144218112 13467.575685713 0.450719424
9 19 1 11.741667349211 0.020925508430438 0.011298025938807 1197.1996037956 0.80259213704274 0.29791259765625 14.236815255724 0.04681396484375 2.2371721575785 0.00033451994838117 0.0 0.0 0.00033451994838117 9155.2551106156 0.191578368 4317.8932688953 0.090354112 13473.148379511 0.28193248 2.4828639821847e-08
10 9 1 11.841745137361 0.021340052112373 0.011520100840867 1197.198832458 0.80342074472137 0.00032802169194055 0.0 0.0 0.00032802169194055 0.0
11 7 1 11.941817976211 0.033286323956251 0.017979685232673 1197.2062005517 0.80302877275456 44957257.0 62931318.0 62922578.0
12 10 1 12.041895163815 0.021442592465936 0.011581749691292 1197.2029345614 0.80336482731038 142.0 4.4609774271715e-06 107.05633802817 25671.0 0.00080646303896422 32.846480464337
13 9 1 12.141973396713 0.021345150869044 0.011522946416295 1197.2010703558 0.0 0.80354528933899 0.3114013671875 14.588857633193 0.0477294921875 2.2360812758049
14 10 1 12.242050243735 0.03343512902748 0.0180619800168 1197.2025809156 0.802250036853 8668.456932282 0.289830976 4324.2700777727 0.144582528 12994.086059693 0.434458944
15 19 1 12.342149231264 0.021350978795927 0.010073644533691 1048.4872869326 0.79146886023141 0.3106689453125 14.550571581841 0.0450439453125 2.1096899464437 0.0 0.0 0.0 0.0 8498.6455063417 0.1814544 3891.8729110373 0.083095296 12390.518417379 0.264549696 0.0
16 13 1 12.443396262416 7.8061067892891e-05 3.0963465743433e-05 1196.7906807898 0.99628399055696 203.0 0.0 0.0 0.00018310546875 2.3456695340274 0.0 0.0 0.0 0.0
17 9 1 12.543494280737 0.020312497298164 0.010238262634691 1121.6471748507 0.80835646880624 0.18204998163263 2.3743665956943e-05 0.00013042388548469 4801.0 0.00017167671725796
18 8 1 12.64357560423 0.020424081173953 0.011022254670634 1197.2059189618 0.80356552066526 0.090927473062731 3.9621885703275e-06 4.357526319459e-05 10.997776209068
19 5 1 12.743647241988 0.021271376959674 0.011482416327958 1197.2058388784 0.80426940460521 6.1957186544343
20 6 1 12.843719115254 0.032898463375048 0.017771077787388 1197.1993327133 0.80309867088127 1.0 8.0
21 7 1 12.943802568287 0.020955161654305 0.011311982075494 1197.2061519511 0.80321153601132 66.610523753405 33.389476246595 4.4725808025931
22 7 1 13.043878570196 0.021106166011588 0.011393880571462 1197.208626178 0.80291332541874 0.010432740387387 0.0026026122258984 0.24946582865658
23 9 1 13.143951249625 0.033625625424576 0.018165576082017 1197.2032468858 0.8031446780663 0.0 0.0 0.0 0.0 -
24 6 1 13.244029651003 0.02142099906386 0.011565299883062 1197.1979914815 0.80258676496069 0.0 0.0
25 13 1 13.344104262507 0.021355499651238 0.011526685112007 1197.2069019053 0.80330980419487 1.2448497388903 101803188.0 28805577.0 51506.0 7788.0 0.050593700464469 0.017273525854613 28.295358491131 71.63677428255
26 7 1 13.444179113142 0.03348931769671 0.018088291738915 1197.2035219383 0.80314783444761 28.312565785102 71.687434214898 7.1226948505559
27 12 1 13.544255072479 0.021182844826384 0.01142885537917 1197.2064335796 0.80376897687751 8412620.0 86.485482525064 60.121947740419 94.273531908014 33.337388581399 28.832001375878 20.043087340929 31.428333661584
1 7 1 13.644330148659 0.033623669799127 0.018160336926112 1197.2033967976 0.80322028647671 39.370146448577 60.629853551423 8.721388792428
2 10 1 13.744402930444 0.032878453314003 0.017757228082378 1197.199290421 0.80373612815182 8658.0695655402 0.284663936 8599.3767802814 0.282734208 17257.446345822 0.567398144
3 5 1 13.844471670543 0.021417115892809 0.01155787095202 1197.1960579943 0.80382314417028 1.0000591675584
4 6 1 13.944557311086 0.029113778309464 0.014398853513195 1097.4314143998 0.84751834182966 0.0 0.0
5 7 1 14.044634201587 0.018832434849346 0.010163224226421 1197.208718031 0.80379741371853 0.47377610798943 0.15443607158332 0.32596846691722
6 8 1 14.144709164542 0.021061225575723 0.011365818387939 1197.203620882 0.80426135110855 33.366587496097 82.657851842982 46.910708070198 97.849460094706
7 7 1 14.244781236178 0.032917316727571 0.017777947838902 1197.2025097734 0.80315008768692 43.0 8.7980531504304e-07 54.232558139535
8 10 1 14.344849690044 0.033293516926001 0.017956452782774 1196.7931213418 0.80336972033299 9159.4259830761 0.304949504 4309.3401132384 0.143473088 13468.766096315 0.448422592
9 19 1 14.444931191074 0.020177954977431 0.010890460551668 1197.2045416461 0.80789897824013 0.28594970703125 14.171391865582 0.04510498046875 2.2353593572391 0.00034691325299463 0.0 0.0 0.00034691325299463 9314.231507118 0.187942144 4332.4208076476 0.087419392 13646.652314766 0.275361536 2.5421124902499e-08
10 9 1 14.545041584455 0.016312550316538 0.0087496100173086 1191.2838598936 0.8037968798075 0.00042911745031698 0.0 0.0 0.00042911745031698 0.0
11 7 1 14.645120407936 0.020594466966036 0.011120587576207 1197.2070698736 0.80380138236431 27784736.0 38889420.0 38881160.0
12 10 1 14.745196759485 0.020960403527614 0.011315943145475 1197.2021539289 0.80301652645939 133.0 4.2745303970373e-06 108.27819548872 25141.0 0.00080801480234523 33.015592060777
13 9 1 14.845273250527 0.032779704645539 0.017706668959778 1197.2040376725 0.0 0.80356145279529 0.46734619140625 14.257181279083 0.072509765625 2.2120323050216
14 10 1 14.945354663694 0.020928736707002 0.011300609284699 1197.2052195631 0.80202883695837 8666.5603633553 0.18138016 4323.0313069843 0.090475584 12991.557961978 0.271896896
15 19 1 15.045435610374 0.020930349939482 0.011298558550092 1197.2009800476 0.80323471779144 0.2965087890625 14.166451584413 0.04571533203125 2.1841647255508 0.0 0.0 0.0 0.0 9151.1956825286 0.191537728 4314.105796658 0.090295744 13465.301479187 0.281833472 0.0
16 13 1 15.145516636764 0.03379906920254 0.018254518090487 1197.2000111037 0.80326623793547 202.0 0.46746826171875 13.830802822334 0.05987548828125 1.7715129349405 0.0 0.0 0.07379150390625 2.1832407118686
17 9 1 15.245596472026 0.033596368035967 0.018145831420813 1197.2062986609 0.80364551510883 0.18196084261606 1.319825726039e-05 7.2533502651662e-05 3484.0 6.9882565798177e-05
18 8 1 15.345667226627 0.021197553231221 0.011433800149585 1197.2037568095 0.80341709852771 0.090926793681401 3.9461646398444e-06 4.3399359859442e-05 10.997858381589
19 5 1 15.445747540151 0.03303789883551 0.016159151472896 1085.4087681829 0.81155215187633 6.220297029703
20 6 1 15.54582957651 0.011927631354708 0.0061432712598759 1146.4045660388 0.80580903737609 3.0 8.0
21 7 1 15.645905630956 0.021183150081491 0.011434027505763 1197.199175719 0.80382249024148 66.671207282202 33.328792717798 4.4073984833858
22 7 1 15.745978612923 0.033348843281922 0.018013851159637 1197.2021067107 0.80274070677908 0.010478096709205 0.0026061767934448 0.24872616332652
23 9 1 15.846052027863 0.02151798141939 0.011619581849848 1197.2065544278 0.8043623072699 0.0 0.0 0.0 0.0 -
24 6 1 15.946123844064 0.020712430401824 0.011179013131976 1197.2023914528 0.80283091988878 0.0 0.0
25 13 1 16.046198980933 0.028123335088713 0.01518832428954 1197.2045042032 0.80306893960937 1.2452231068561 134142628.0 37967133.0 53388.0 9340.0 0.039799429007757 0.015928568210249 28.303555376893 71.640716625889
26 7 1 16.146285575285 0.020955912563752 0.011312436334949 1197.2064071045 0.80335648161549 28.309448998144 71.690551001856 7.027341468928
27 12 1 16.246363255645 0.020973516816001 0.011320987554056 1197.2028217028 0.80348780804304 8317693.0 86.411953410639 60.271844608836 94.200831889323 33.275272147805 28.753812665625 20.055620322092 31.345583176669
1 7 1 16.346441058287 0.03263313871563 0.017612073844115 1197.2101263988 0.80336534755862 39.375083414187 60.624916585813 8.6768852924809
2 10 1 16.446543298549 0.018612113126097 0.0092264864298023 1102.3597604728 0.81042280499533 7882.5602985557 0.146711104 7812.525907986 0.145407616 15695.086206542 0.29211872
3 5 1 16.546619441763 0.019038534583166 0.010272169955326 1197.2013806351 0.80386795717896 1.000066480262
4 6 1 16.646689223534 0.032915681755855 0.017780634899066 1197.197849937 0.80307489526793 0.0 0.0
5 7 1 16.74676572454 0.020981085693376 0.011325694098675 1197.2107614301 0.80271461676645 0.47378422268919 0.15450864478676 0.32611606167417
6 8 1 16.846840602349 0.021068693909131 0.011372799400137 1197.2036174706 0.80357613670928 33.390261860739 82.767011565719 47.049002670899 97.870126258118
7 7 1 16.946916144111 0.03316803986673 0.017629454816292 1178.6426042335 0.80718592767253 51.0 1.0575670665487e-06 54.490196078431
8 10 1 17.047007402435 0.012344634287728 0.0063879164709352 1154.5236456475 0.81042997612457 8804.9241043981 0.108693568 4079.4896654056 0.050359808 12884.413769804 0.159053376
9 19 1 17.147093487727 0.020774228709498 0.011211876516376 1197.201484796 0.8042767595146 0.298095703125 14.3493030376 0.04595947265625 2.2123311194335 0.0003369559514284 0.0 0.0 0.0003369559514284 9148.6274969674 0.19005568 4308.5352169575 0.089506496 13457.162713925 0.279562176 2.5039152649892e-08
10 9 1 17.247170982397 0.033765705815709 0.018310871625314 1202.8758767301 0.80288578264796 0.00020731093370906 0.0 0.0 0.00020731093370906 0.0
11 7 1 17.347250795919 0.025387816355444 0.013707120530834 1197.204397537 0.80337987777707 34262889.0 47958755.0 47949509.0
12 10 1 17.447326219927 0.021575156516182 0.011647572927953 1197.2064571887 0.80321256091153 132.0 4.1226078567911e-06 99.310606060606 25754.0 0.00080434577836211 33.081696047216
13 9 1 17.547404116773 0.033481864761928 0.018086949793985 1197.2029265603 0.0 0.80334968558942 0.46270751953125 13.819646032899 0.07342529296875 2.1929869644609
14 10 1 17.647490750075 0.021588295167011 0.011655400411657 1197.2075359859 0.80330292830851 8651.8290840036 0.18677824 4315.7016002992 0.09316864 12969.43097331 0.279987904
15 19 1 17.747568619747 0.021290222159984 0.011495156426124 1197.2126867987 0.80402270127453 0.2945556640625 13.835255538861 0.0460205078125 2.1615795019273 0.0 0.0 0.0 0.0 9125.1504347922 0.19427648 4302.5016513059 0.091601216 13427.652086098 0.285877696 0.0
16 13 1 17.847648876206 0.033664213474487 0.018186162232819 1197.2080050353 0.80285362689447 202.0 0.479248046875 14.23612784651 0.0582275390625 1.7296568983151 0.0 0.0 0.07550048828125 2.2427521836644
17 9 1 17.947736334693 0.021162691648701 0.011424253454624 1197.2047923674 0.80403230762483 0.18199950938167 2.065492956669e-05 0.00011348892992549 4033.0 0.0001285514366396
18 8 1 18.04780747426 0.020866468288347 0.011263672058031 1197.2053640784 0.80377464094284 0.090927060249518 3.6843611666782e-06 4.051996354625e-05 10.9978261395
19 5 1 18.147877679039 0.033598266595921 0.01814965209156 1197.2079571628 0.80411379003652 6.0810810810811
20 6 1 18.24795481773 0.02131667881034 0.011508255674588 1197.2122259806 0.80354479745316 1.0 8.0
21 7 1 18.348029397531 0.021579118491965 0.011642256326019 1197.208021459 0.8044836373684 66.541757973253 33.458242026747 4.4730085837691
22 7 1 18.448109574279 0.033411289237672 0.018045270696439 1197.2091751732 0.80227840038867 0.010498945225043 0.0025968814452186 0.24734688957365
23 9 1 18.548201595288 0.018172021312716 0.0086608247124986 1060.7120738977 0.79465887070474 0.0 0.0 0.0 0.0 -
24 6 1 18.648282067328 0.012307228308781 0.0066304556934956 1197.2035487648 0.80471868273043 0.0 0.0
25 13 1 18.74835601035 0.033576704896898 0.018134940516418 1197.2047177924 0.804037593898 1.2437229398093 160167016.0 45278385.0 62049.0 10472.0 0.038740186056785 0.014333787675735 28.269481526708 71.677444499559
26 7 1 18.848432568422 0.021216474518858 0.011449692436989 1197.2165978216 0.8035214870374 28.30432805167 71.69567194833 7.1494932505725
27 12 1 18.948507745146 0.03335899007038 0.018016799543536 1197.2073665611 0.80319414483504 13210239.0 86.572264135418 60.405606590464 94.362706079731 33.207491534882 28.748477284325 20.059186695123 31.335487633513
1 7 1 19.048582989805 0.032773944653769 0.01769894202004 1197.2085990506 0.80303001005352 39.298262287382 60.701737712618 8.7588840818536
2 10 1 19.148654575932 0.02092517237808 0.011291935329488 1197.2005910889 0.80415028126988 8647.165276858 0.180943424 8582.9608834257 0.179599936 17230.126160284 0.36054336
3 5 1 19.248723028892 0.033248724135781 0.017957187840696 1197.2080177652 0.80301034109827 1.0000380980984
4 6 1 19.348791044349 0.033112385610664 0.017873133084245 1197.2118340632 0.80294576662887 0.0 0.0
5 7 1 19.448860364161 0.021399151131562 0.011548701523385 1197.2057390942 0.80364583169186 0.47426675861008 0.15457644361774 0.32592721461388
6 8 1 19.548935830741 0.033077994139125 0.017860581845692 1197.2079752268 0.80346840818163 33.208147292321 82.778439370572 46.891628615325 97.874547180565
7 7 1 19.649007950386 0.033301660987332 0.0179859610784 1197.2118931443 0.8030092214162 47.0 9.5035920039203e-07 47.234042553191
8 10 1 19.749073141554 0.021035720922748 0.011351852740336 1197.2127763371 0.80339245969563 9118.0825560667 0.19180544 4302.8979293082 0.09051456 13420.980485375 0.28232
9 19 1 19.849149843648 0.033480617473255 0.018081708826478 1197.2074446705 0.80274157545193 0.4794921875 14.321485793475 0.0743408203125 2.2204136578988 0.00020907619178743 0.0 0.0 0.00020907619178743 9149.4895589874 0.30633056 4311.1940846163 0.14434144 13460.683643604 0.450672 1.553236056378e-08
10 9 1 19.949227274912 0.033186514594224 0.017920791830427 1197.2065380827 0.80318266347783 0.00021092905011538 0.0 0.0 0.00021092905011538 0.0
11 7 1 20.049311712551 0.020237953457515 0.0099784928030035 1094.7204364921 0.81587938271594 24562693.0 34379324.0 34372039.0
12 10 1 20.14941063305 0.01209964124889 0.0060043684106994 1105.1422400402 0.81304356145186 117.0 7.1752227416048e-06 85.529914529915 13268.0 0.000813682524236 33.06881217968
13 9 1 20.249491750926 0.020582806583264 0.011113145511042 1197.2060839826 0.0 0.80432122807405 0.281005859375 13.652455909657 0.04425048828125 2.1498763107083
14 10 1 20.349570632378 0.021515499523266 0.011601066814186 1197.2099962554 0.80336678490242 8640.0938913353 0.185895936 4309.7578050525 0.092726592 12951.987459025 0.27866848
15 19 1 20.44965103286 0.033263726926107 0.017965770309955 1197.2078401297 0.80465326597122 0.46575927734375 14.002017223698 0.0726318359375 2.1835146764777 0.0 0.0 0.0 0.0 9138.8359661349 0.303991744 4304.6644868774 0.143189184 13443.500453012 0.447180928 0.0
16 13 1 20.549735390788 0.021372728901663 0.011544389455321 1197.2084018249 0.80302728439741 202.0 0.30926513671875 14.470081857197 0.03619384765625 1.6934593529343 0.0 0.0 0.04876708984375 2.2817437149991
17 9 1 20.649816744173 0.020847156600262 0.011252207781284 1197.2019043483 0.8038246319089 0.1820024843264 2.1612403733808e-05 0.0001187478501395 3777.0 0.00012220067200987
18 8 1 20.749887220693 0.033369533599897 0.01802563790172 1197.2091799747 0.80238134219137 0.090920349422544 2.4393751272482e-06 2.6829803698965e-05 10.998637888561
19 5 1 20.849958701747 0.020734021992297 0.011195301254638 1197.2095362726 0.80357236608325 5.9821428571429
20 6 1 20.950030281533 0.020713678596298 0.011181358252073 1197.2067492669 0.80345383705107 1.0 8.0
21 7 1 21.050105051552 0.032776596840575 0.017704656721735 1197.2054628938 0.80350410465121 66.82641928111 33.17358071889 4.4516313293502
22 7 1 21.150186754576 0.020763822861809 0.011208547242945 1197.2102615021 0.80309827715349 0.010470346023651 0.0025956031568115 0.24790041809013
23 9 1 21.250260159553 0.021041797039243 0.011358994079401 1197.2058533841 0.80401489126797 0.0 0.0 0.0 0.0 -
24 6 1 21.350330370673 0.033277111954946 0.017969061992624 1197.2088912504 0.80269379658879 0.0 0.0
25 13 1 21.450410527494 0.021457644169544 0.011585699891655 1197.2072458302 0.80486207010362 1.2424489078871 102324404.0 28897114.0 48727.0 7948.0 0.047620116116191 0.017975184101732 28.240686356697 71.693718343085
26 7 1 21.550488180679 0.020913708554234 0.01129177998453 1197.2104694938 0.8033391890782 28.308841976552 71.691158023448 7.1329132791166
27 12 1 21.650582878332 0.018270179398599 0.0090394551763642 1097.4380534119 0.92442809087704 6322322.0 76.655665434314 43.343221050747 93.496819681123 31.676515179603 24.281843497326 13.729621995469 29.616534278737
1 7 1 21.750676925619 0.015320583537656 0.0082605052844985 1197.204949168 0.80299912845674 39.279713639489 60.720286360511 8.8198283791586
2 10 1 21.850752110495 0.021444481062074 0.01157450146765 1197.2080142583 0.804608193893 8643.6680590895 0.185358976 8585.8681992369 0.184119488 17229.536258326 0.369478464
3 5 1 21.950820285374 0.033336288873064 0.018007632832306 1197.2077536722 0.80250662092293 1.0000378565174
4 6 1 22.050897480224 0.021469892417493 0.011591620663192 1197.2074059945 0.80335659778879 0.0 0.0
5 7 1 22.150967232102 0.021274875165086 0.011485469784831 1197.2085566129 0.80373869570849 0.47406348072328 0.1546019786141 0.32612083592312
6 8 1 22.251042046506 0.033228473131536 0.017948017053359 1197.2081346016 0.80319105511448 33.305683568477 82.789618690884 47.091517180499 97.882484074995
7 7 1 22.351124639027 0.021176932659962 0.011393838904593 1195.5827074967 0.80461497498519 51.0 1.6311400629588e-06 50.56862745098
8 10 1 22.451191722415 0.02034427462656 0.010979928377912 1197.2047535117 0.80270232524968 9137.6949737645 0.185899776 4308.9595283754 0.087662656 13446.65450214 0.273562432
9 19 1 22.551271136478 0.03357860798586 0.018138877582659 1197.2125688622 0.80316374801956 0.4803466796875 14.305139745215 0.0743408203125 2.2139339529443 0.00020846605681057 0.0 0.0 0.00020846605681057 9155.104944477 0.30741568 4303.2159064143 0.144496 13458.320850891 0.45191168 1.5489752333907e-08
10 9 1 22.651357720867 0.021291443180413 0.011494066294013 1197.2026813522 0.80446660275424 0.00032877057420137 0.0 0.0 0.00032877057420137 0.0
11 7 1 22.751431911173 0.021418207383622 0.011560578392718 1197.2050408784 0.80340872913019 28896709.0 40446717.0 40439177.0
12 10 1 22.851508223772 0.033078970593148 0.017867747641398 1197.2067285259 0.80327386499513 183.0 3.7260438287816e-06 113.60655737705 39371.0 0.00080162880646427 33.200858499911
13 9 1 22.951596384255 0.02118928235768 0.0114392861364 1197.215164595 0.0 0.8035473472267 0.2967529296875 14.004859847457 0.0457763671875 2.1603547687357
14 10 1 23.051676330024 0.020852839598904 0.01125587129547 1197.2142974052 0.80377451377366 8644.8635038402 0.180269952 4312.208491966 0.089921792 12959.097619214 0.270233984
15 19 1 23.151768966978 0.033035838137086 0.015653430717279 1051.9969403253 0.79320408937469 0.4881591796875 14.77665490616 0.07098388671875 2.1486933803282 0.0 0.0 0.0 0.0 8511.6542475226 0.281189632 3896.2273475818 0.128715136 12407.881595104 0.409904768 0.0
16 13 1 23.251871423726 0.014958802793383 0.0080597905406262 1196.6978548027 0.80439294449369 202.0 0.21221923828125 14.186913298645 0.026123046875 1.7463327270118 0.0 0.0 0.0333251953125 2.2277982919356
17 9 1 23.351954128567 0.021064567983276 0.011363371365173 1197.2076390554 0.8039657848503 0.18201430547705 2.4096349252486e-05 0.00013238711753635 4060.0 0.00013009465154933
18 8 1 23.452025160343 0.033876856718379 0.018301168226693 1197.207205609 0.80286348165906 0.090920222709633 2.443830299073e-06 2.6878841980818e-05 10.998653217048
19 5 1 23.552103645055 0.021452395955624 0.01158195893144 1197.2012100256 0.80394505487251 6.1462585034014
20 6 1 23.652145084296 0.022056887118943 0.011905426536557 1197.2093520425 0.80324068924736 1.0 8.0
21 7 1 23.752215149582 0.033769031013034 0.018239943744273 1197.2102398929 0.80280349723127 66.747492153669 33.252507846331 4.4058934826444
22 7 1 23.852287340785 0.021383087647673 0.011540339163892 1197.2054107459 0.80295406179637 0.010386419148294 0.0025928044730513 0.24963410738889
23 9 1 23.952358352633 0.033028355310854 0.017836088972999 1197.2047646533 0.80349001084272 0.0 0.0 0.0 0.0 -
24 6 1 24.052426966826 0.033286574863267 0.017977372268531 1197.2101457021 0.80251763952548 0.0 0.0
25 13 1 24.152501465104 0.021369042289538 0.011530888936791 1197.2117626419 0.80342531399127 1.2446707647686 101840316.0 28812127.0 54003.0 8348.0 0.053027133183679 0.017959488656732 28.291474468716 71.637538909443
26 7 1 24.252576409943 0.033446164407214 0.018063473683482 1197.2102381982 0.80196864175289 28.354419004975 71.645580995025 7.1593607181235
27 12 1 24.352652198989 0.033911978265931 0.018307798693709 1197.2079171295 0.80342443286258 13422875.0 86.468189564456 60.163482115419 94.226333777227 33.205686218112 28.712355705255 19.977697089136 31.288500728897
1 7 1 24.452733453642 0.021353225183659 0.011241376659789 1169.3407142464 0.81633380043458 38.674144287884 61.325855712116 8.9463184441894
2 10 1 24.552836097891 0.014995644457993 0.0073169404619376 1084.832866696 0.80713538566823 7790.4050290906 0.116822144 7703.2202466251 0.115514752 15493.625275716 0.232336896
3 5 1 24.652912917739 0.01886577015633 0.010182477943209 1197.2039849795 0.8034009211373 1.000066830388
4 6 1 24.754608193824 7.7978639955943e-05 3.1164100776773e-05 1198.4266848159 1.0104110071805 0.0 0.0
5 7 1 24.854687098828 0.018669338947774 0.010071847876406 1197.2099311271 0.80351854514231 0.47423723839617 0.15466465899027 0.32613351813816
6 8 1 24.954769480297 0.020971356479411 0.011320215358273 1197.2095608091 0.8035110806472 33.346756064054 82.782505272873 47.025390845514 97.899380649999
7 7 1 25.05484228835 0.020834901105901 0.011243710910267 1197.2064866645 0.80276317331796 52.0 1.6814507686574e-06 48.942307692308
8 10 1 25.154907667019 0.033009797249621 0.017831213043498 1197.2050351423 0.803512606756 9151.1449681342 0.30207744 4303.8102574723 0.142067904 13454.955225606 0.444145344
9 19 1 25.254994205212 0.020558234905839 0.011096768166933 1197.2111922793 0.80337546591609 0.29583740234375 14.390214125811 0.04583740234375 2.2296370555981 0.00034049615796596 0.0 0.0 0.00034049615796596 9148.2375243499 0.188071616 4310.9101732672 0.088624704 13459.147697617 0.27669632 2.5298493308476e-08
10 9 1 25.355072930866 0.028223067457611 0.015239428704647 1197.2045371832 0.80370003741851 0.00024802406791938 0.0 0.0 0.00024802406791938 0.0
11 7 1 25.455145905587 0.033835379161667 0.018276839304072 1197.2059314391 0.8031844585421 45693581.0 63960937.0 63950390.0
12 10 1 25.555227696474 0.0212567663814 0.011476656789088 1197.2107118261 0.80389355333797 156.0 4.9489240896272e-06 120.80128205128 25486.0 0.00080851461120665 32.85450835753
13 9 1 25.655304729185 0.021523311155445 0.011619564186718 1197.2047345332 0.0 0.80304432807228 0.29779052734375 13.83572096287 0.046875 2.1778712235056
14 10 1 25.755381358815 0.033433327388286 0.018060380824243 1197.2103915631 0.80294009603114 8660.6448899683 0.289554176 4320.3663913693 0.144444224 12982.301490939 0.434041536
15 19 1 25.855467204069 0.021699321974874 0.011716557411865 1197.2051492754 0.80275749173947 0.2960205078125 13.641924303223 0.0467529296875 2.15458020954 0.0 0.0 0.0 0.0 9155.303203945 0.198663872 4306.9364152583 0.0934576 13462.239619203 0.292121472 0.0
16 13 1 25.955549927026 0.021375653734722 0.011537661614643 1197.2088910432 0.80300828104566 203.0 0.297119140625 13.899885557295 0.03765869140625 1.7617562425741 0.0 0.0 0.0462646484375 2.1643618020603
17 9 1 26.055629290364 0.033626998619657 0.018165312040878 1197.2037126639 0.80303282693452 0.18195105627466 1.245328316996e-05 6.8443038611227e-05 3872.0 7.7522688800782e-05
18 8 1 26.155707171812 0.021486003908861 0.011599709923532 1197.2098578716 0.80312514091202 0.090926548392237 3.9196667743896e-06 4.310805637844e-05 10.997888050102
19 5 1 26.255795705485 0.018691129814578 0.0087591363317358 1040.5650286833 0.78553671962993 6.1081967213115
20 6 1 26.355878075179 0.014538743686085 0.0078348274904673 1197.2062101992 0.80357012213009 1.0 8.0
21 7 1 26.455961426762 0.021173841159425 0.011430152034024 1197.2073643429 0.80393975395627 66.803795107255 33.196204892745 4.4825037773564
22 7 1 26.55604133811 0.020347636055944 0.01098027620569 1197.2106550878 0.80228905379866 0.01052617539471 0.0026077027379033 0.24773506426786
23 9 1 26.656116879873 0.033044339990012 0.017849548730462 1197.2074389865 0.80401653174797 0.0 0.0 0.0 0.0 -
24 6 1 26.756162973122 0.021140892629684 0.011411303663409 1197.2067066386 0.80235481056018 0.0 0.0
25 13 1 26.856233965043 0.033047957761222 0.017845779237499 1197.2091858185 0.80363480604251 1.2443463031728 157613156.0 44578357.0 54201.0 9212.0 0.034388626797118 0.01332693319078 28.283398500059 71.668885939953
26 7 1 26.956310563876 0.033300266958816 0.017985519953067 1197.2095993257 0.80263022159493 28.330984957003 71.669015042997 7.1192819653875
27 12 1 27.056384784073 0.020802371056454 0.011226254756565 1197.2073180363 0.80389300669239 8297091.0 86.522758398094 60.332675632942 94.257854951814 33.472951029654 28.9617205481 20.195126969495 31.550885629623
1 7 1 27.156457778722 0.03306140891357 0.017855983997253 1197.205684093 0.80270207611591 39.517495399779 60.482504600221 8.6347181535409
2 10 1 27.256528160133 0.03326198325821 0.017962910694604 1197.2099875033 0.8030467735974 8664.4194894441 0.288195776 8607.252002309 0.286294272 17271.671491753 0.574490048
3 5 1 27.356597371248 0.020336381472246 0.010979305186477 1197.220559363 0.80274067488437 1.0000618376135
4 6 1 27.456665136705 0.032956074162364 0.017798678465045 1197.2094920916 0.8039100558566 0.0 0.0
5 7 1 27.556735508152 0.032860415182834 0.017748264723586 1197.2118722194 0.80317254563353 0.47440041838451 0.15464019220896 0.3259697635503
6 8 1 27.656808021819 0.021475344436751 0.011590222105669 1197.2099642716 0.80316354546726 33.419539131712 82.913941205934 47.225440139586 97.847180068872
7 7 1 27.756881159584 0.033222974916401 0.017520407637619 1169.9011900081 0.80907439595971 54.0 1.1293824981979e-06 53.574074074074
8 10 1 27.85695849121 0.011759013687162 0.0063374769141337 1197.2033886871 0.81086382022837 9142.0402135741 0.107501376 4254.8983555165 0.050033408 13396.938569091 0.157534784
9 19 1 27.95706078582 0.02089560158215 0.011283492353661 1197.2108747063 0.8038610502787 0.29791259765625 14.25719171018 0.0462646484375 2.2140854981185 0.00033499873035384 0.0 0.0 0.00033499873035384 9157.6263668553 0.191354112 4294.4432897618 0.089734976 13452.069656617 0.281089088 2.4903136759261e-08
10 9 1 28.057138764188 0.033762057247248 0.018234549696311 1197.2046716258 0.80346253470374 0.00020733333720565 0.0 0.0 0.00020733333720565 0.0
11 7 1 28.157212585833 0.033672652827108 0.018186842036849 1197.2066514609 0.80274607276879 45492703.0 63679797.0 63670283.0
12 10 1 28.257288729953 0.021414919324159 0.011555552553068 1197.2086524197 0.80373992991475 134.0 4.2211683022014e-06 113.44029850746 25566.0 0.00080536111055284 32.88398654463
13 9 1 28.357364173889 0.033619583728538 0.018145330965481 1197.2075635085 0.0 0.80302859023949 0.48028564453125 14.285889093968 0.07427978515625 2.2094201330993
14 10 1 28.457465431356 0.018597382982024 0.0096149348761797 1156.3051476809 0.80783503990321 8238.4615162303 0.153213824 4108.1874838975 0.076401536 12348.999438361 0.229659072
15 19 1 28.557549449609 0.020743060985515 0.011196292201484 1197.2092023685 0.80308945217643 0.28277587890625 13.632311986342 0.0445556640625 2.1479792251305 0.0 0.0 0.0 0.0 9158.0204162084 0.189965376 4297.2465858461 0.089138048 13455.267002054 0.279103424 0.0
16 13 1 28.657630213316 0.033299978913937 0.017987129562342 1197.205457026 0.80288251710978 202.0 0.4664306640625 14.006935718127 0.058837890625 1.7669047412031 0.0 0.0 0.0728759765625 2.1884691504113
17 9 1 28.757712431742 0.021389649273775 0.011554318851418 1197.2048911182 0.80365700654082 0.1820022156803 2.0570394030465e-05 0.00011302276707773 3801.0 0.00011973670399663
18 8 1 28.857783422757 0.021300861704461 0.011498627457491 1197.2024217711 0.80330305132349 0.090926711511935 3.7967998292959e-06 4.1756704560876e-05 10.997868320232
19 5 1 28.95785261938 0.033259591036436 0.017965569222021 1197.2049786082 0.80324125039271 6.3678756476684
20 6 1 29.057924324167 0.020737867119686 0.011197702081527 1197.2077647436 0.80336734190569 1.0 8.0
21 7 1 29.157999067012 0.021180271444309 0.01143157595399 1197.2050606738 0.80352301883871 66.540248313078 33.459751686922 4.5068115732442
22 7 1 29.258071618723 0.033126103974457 0.017893542150853 1197.2017888033 0.80232616157752 0.010413612782383 0.0026069651465058 0.25034204756644
23 9 1 29.358162407842 0.025026486700321 0.012380518520086 1097.4479365399 0.81850191678077 0.0 0.0 0.0 0.0 -
24 6 1 29.460684912587 7.7133527151848e-05 3.1106129480458e-05 1197.9360367809 0.98584716081989 0.0 0.0
25 13 1 29.560762243307 0.0084501841957777 0.004559014916855 1197.1881124681 0.80385386458529 1.2440072058569 40265024.0 11386170.0 45642.0 6012.0 0.11335396198944 0.034970797484189 28.278065846925 71.573609393602
26 7 1 29.660839578556 0.021547736998827 0.011626891667992 1197.2101639887 0.80321385009198 28.314355237361 71.685644762639 7.1348529756701
27 12 1 29.760916979929 0.033302731644711 0.017984719224537 1197.2059263488 0.80360369610937 13184693.0 86.316981366195 60.35385882705 94.146955109232 33.202394244261 28.659304452949 20.038926149382 31.259043204334
1 7 1 29.860994067894 0.033500661048956 0.018093972473053 1197.204186766 0.80274989677112 39.4921121084 60.5078878916 8.5968275892972
2 10 1 29.961066429387 0.021404468186396 0.011552200181698 1197.2077523046 0.80383956408407 8651.2119987029 0.185174592 8588.875855222 0.18384032 17240.087853925 0.369014912
3 5 1 30.061136901378 0.033784769314182 0.018245797033598 1197.2073952131 0.80297772781307 1.0000374390916
4 6 1 30.161206457604 0.033846388273157 0.01828191768021 1197.204129862 0.80353117330529 0.0 0.0
5 7 1 30.261275388827 0.021278188586991 0.011483108360307 1197.2049701341 0.80331879604803 0.47420337606059 0.1546255406254 0.32607431416861
6 8 1 30.361351953239 0.033731612352865 0.017588155702477 1156.9870463235 0.80584365245014 33.405981012894 82.802242719539 47.134628552441 97.813928603975
7 7 1 30.461428155331 0.021194574050071 0.011450279396364 1197.2094642301 0.80245078897264 53.0 1.6822139738722e-06 46.396226415094
8 10 1 30.561501830236 0.020017716879607 0.010801286658013 1197.2118643357 0.80384295520904 9146.8317341689 0.183098688 4294.8226572024 0.085972544 13441.654391371 0.269071232
9 19 1 30.661580276903 0.032844934129313 0.017741707626492 1197.2054189561 0.80328982695316 0.4656982421875 14.178693138918 0.072265625 2.2002061174939 0.0002131226682459 0.0 0.0 0.0002131226682459 9168.9746374382 0.301154368 4307.0907508305 0.141466112 13476.065388269 0.44262048 1.5814903097118e-08
10 9 1 30.761657786972 0.033621312903611 0.018161311115631 1197.1991080461 0.80357536307246 0.00020820126864374 0.0 0.0 0.00020820126864374 0.0
11 7 1 30.861742391278 0.020926507529498 0.009988168574679 1059.6184303417 0.7970751365937 25167142.0 35225131.0 35217007.0
12 10 1 30.961831256475 0.012665908494503 0.0068329815874769 1197.2049216223 0.80419211957126 120.0 6.3963740234936e-06 120.04166666667 15025.0 0.00080087933085826 33.334509151414
13 9 1 31.061911147896 0.020298989080321 0.010959785164046 1197.2057591193 0.0 0.80387281986956 0.29718017578125 14.640146590815 0.0455322265625 2.2430785288043
14 10 1 31.161990032971 0.020872308896451 0.011267101875429 1197.2049147231 0.80294152352855 8654.4614156566 0.180638592 4317.0813754736 0.090107456 12973.69224188 0.270790912
15 19 1 31.262068557538 0.032684272116384 0.017654135189897 1197.2066628093 0.80286582516966 0.46844482421875 14.332423330423 0.07275390625 2.2259607309269 0.0 0.0 0.0 0.0 9153.9093462026 0.299188864 4312.4898574487 0.140950592 13466.399203651 0.440139456 0.0
16 13 1 31.36215061473 0.024282399749673 0.013112164287059 1197.2057123304 0.80328166778168 202.0 0.340576171875 14.025638956034 0.0433349609375 1.78462431161 0.0 0.0 0.05352783203125 2.2043880581436
17 9 1 31.462233460876 0.020593947035973 0.011113930840947 1197.2103691388 0.80238605106012 0.18201182719179 2.24633983937e-05 0.00012341724568278 4072.0 0.00013314549964941
18 8 1 31.562304667472 0.032178208061995 0.017380137933971 1197.2053678319 0.80331678978558 0.090920809723244 2.5957230438872e-06 2.8549273282853e-05 10.998582206251
19 5 1 31.662384327008 0.020568591840247 0.011103084773727 1197.2028814242 0.80423894802998 6.2291666666667
20 6 1 31.76245515045 0.021596333249566 0.011659158582101 1197.2083393375 0.80386849796142 1.0 8.0
21 7 1 31.862529071733 0.033870461759754 0.018296388765052 1197.2034339595 0.80296611984464 66.689587637874 33.310412362126 4.4302890772481
22 7 1 31.962610157001 0.021417272596469 0.011562057566575 1197.2061454657 0.8032690400908 0.010472757340662 0.002610587625965 0.24927414443464
23 9 1 32.062701552101 0.022549293498241 0.012172416964941 1197.2019417933 0.803333194645 0.0 0.0 0.0 0.0 -
24 6 1 32.162772784965 0.033684713574147 0.018197899155819 1197.2072710856 0.80263339435801 0.0 0.0
25 13 1 32.262853111171 0.021401066901745 0.011554428906301 1197.2069307993 0.80357127951977 1.2444446752721 102048220.0 28865632.0 50658.0 8340.0 0.049641238230319 0.019099794195332 28.28626702161 71.644991945964
26 7 1 32.36292979062 0.029503268427574 0.015932554356822 1197.2004644554 0.80262012262536 28.331816657532 71.668183342468 7.0803080929008
27 12 1 32.475091132984 0.030824552930594 0.015254717728248 1097.4373296748 0.84293329172338 11571418.0 82.815425041253 53.75862318689 93.128914710367 34.35464367541 28.450944181198 18.468583440662 31.994106807523
1 7 1 32.575185396757 0.019708059577134 0.010635396811699 1197.2024933888 0.80396837048076 39.378461942554 60.621538057446 8.6753662102382
2 10 1 32.675259212968 0.021379352122267 0.011541327846234 1197.2095394066 0.80371241804669 8654.3913464661 0.18502528 8595.226971757 0.183760384 17249.618318223 0.368785664
3 5 1 32.775328227524 0.033546454749839 0.018120744342332 1197.2056721015 0.80278916321552 1.0000379093548
4 6 1 32.875404935959 0.021221272549429 0.011454257676574 1197.2049507636 0.80289258600311 0.0 0.0
5 7 1 32.975475525704 0.021738865645373 0.011736232326353 1197.207140612 0.80395381164787 0.47441799657005 0.15456478735062 0.32579874386742
6 8 1 33.075551968739 0.033420802870878 0.01805296366862 1197.2039466921 0.80263390252954 33.405939426629 83.008842031322 47.332044680544 97.871219181777
7 7 1 33.175632088422 0.021635329815956 0.011681292294775 1197.2053162296 0.80285007429708 51.0 1.5875111308654e-06 55.56862745098
8 10 1 33.275699079418 0.021598596847527 0.011662862404455 1197.2058824238 0.80386431497639 9168.755609357 0.198032256 4312.2416079851 0.093138368 13480.997217342 0.291170624
9 19 1 33.375777918297 0.033448081083199 0.018066772612562 1197.2042778619 0.80267431742358 0.475341796875 14.211332353944 0.07513427734375 2.2462955993458 0.00020927956921021 0.0 0.0 0.00020927956921021 9153.1736974229 0.306156096 4306.5707608667 0.144046528 13459.74445829 0.450202624 1.5548554421575e-08
10 9 1 33.475862427494 0.021723308504526 0.011729323778275 1197.2076243934 0.80534888524284 0.0003222345251204 0.0 0.0 0.0003222345251204 0.0
11 7 1 33.575938904949 0.020898213007889 0.011280307102668 1197.2037124788 0.8033065589175 28200211.0 39471398.0 39463771.0
12 10 1 33.676015937661 0.033385055414486 0.0180341723635 1197.1998162667 0.80312357958236 176.0 3.5497835358135e-06 118.80681818182 39824.0 0.00080321920187635 33.22067095219
13 9 1 33.776099598122 0.020399687939425 0.011011439400665 1197.2066256193 0.0 0.80328076835397 0.29425048828125 14.424264192423 0.04547119140625 2.2290140683168
14 10 1 33.876181812924 0.021354697111105 0.011525600867605 1197.2069219201 0.80412698811941 8640.2214482384 0.184509312 4309.893955468 0.09203648 12952.000515904 0.276586048
15 19 1 33.976278057685 0.019858824802819 0.0096689822403753 1080.5218258679 0.8031857820714 0.28704833984375 14.454447465743 0.04278564453125 2.1544902558975 0.0 0.0 0.0 0.0 8461.7905474518 0.168041216 3930.7832550553 0.078060736 12392.573802507 0.246101952 0.0
16 13 1 34.076371902978 0.015400208018946 0.0083038492452111 1197.2001262629 0.80483478284841 202.0 0.2091064453125 13.578157194711 0.02362060546875 1.533784831977 0.0 0.0 0.033203125 2.1560179550271
17 9 1 34.176452362337 0.033631166212381 0.018163203787875 1197.1987731862 0.80361499876605 0.1819615277858 1.3926546225353e-05 7.6535663306512e-05 4315.0 8.6464815773234e-05
18 8 1 34.276521172182 0.033422340016032 0.018049219991 1197.2058868747 0.80329211119361 0.090920367632091 2.3180134213783e-06 2.5494985136424e-05 10.998635685752
19 5 1 34.376590608842 0.029430550682759 0.015890179150819 1197.2010658507 0.80361314752694 6.4307304785894
20 6 1 34.476666555498 0.033264815699516 0.016215400387649 1083.6309213783 0.80955698547509 4.0 8.0
21 7 1 34.576749898928 0.018826931199402 0.010161700668289 1197.2022326194 0.80328289846706 66.954559639765 33.045440360235 4.5943702956444
22 7 1 34.676825111884 0.021180467097434 0.011430171508757 1197.199938771 0.80347502198217 0.010427535117922 0.0026154067880016 0.25081735601221
23 9 1 34.776898088417 0.033455321154627 0.018066864551415 1197.202884764 0.80336172466843 0.0 0.0 0.0 0.0 -
24 6 1 34.876969682696 0.033157220973555 0.017907398649375 1197.2068142871 0.80297403446761 0.0 0.0
25 13 1 34.977044796014 0.021404579599981 0.011551687045146 1197.2060834529 0.80292433050764 1.2454473753059 102024004.0 28882001.0 51250.0 7552.0 0.050233276474819 0.017751704785082 28.309025197639 71.622989821101
26 7 1 35.077121921117 0.033139734475503 0.017897171697483 1197.2027769382 0.80363827003018 28.295968979038 71.704031020962 7.100013956916
27 12 1 35.177198346036 0.033402732130854 0.0180393490191 1197.2015158984 0.80274678146533 13229845.0 86.569154816251 60.423935427815 94.260219979902 33.215204989299 28.754122229721 20.06993401495 31.308725289688
1 7 1 35.27727631444 0.021254519087866 0.01147006119543 1197.1990694195 0.80312266136304 39.427481223475 60.572518776525 8.6840580399296
2 10 1 35.377347757451 0.033270890004408 0.017968043871732 1197.2012673851 0.80310932317799 8664.1947949636 0.288265472 8607.6716301264 0.286384896 17271.86642509 0.574650368
3 5 1 35.477420371662 0.033428700554199 0.017477758879561 1159.63033143 0.81158502502997 1.000039792595
4 6 1 35.588205935599 0.0060864906396696 0.0031601313047167 1163.7736799617 0.81308536892036 0.0 0.0
5 7 1 35.68827977536 0.020365031068045 0.010985277588699 1197.2017259689 0.80408078196749 0.47380079777636 0.15446197766139 0.32600615783322
6 8 1 35.7883534557 0.03250904662686 0.017556546853161 1197.1997086348 0.8031832519407 33.042032838822 82.872506037521 47.24567606888 97.926727965959
7 7 1 35.88842492045 0.021233259926545 0.011458461954259 1197.2004482284 0.80371480974571 56.0 1.7789621712589e-06 48.339285714286
8 10 1 35.988488321754 0.033460367374811 0.01807173685771 1197.202378356 0.80427591979348 9151.5743557112 0.30621504 4307.4051873231 0.14412736 13458.979543034 0.4503424
9 19 1 36.088565213161 0.03376776470253 0.018237273441437 1197.2025363393 0.80339040104615 0.46063232421875 13.641184966686 0.07366943359375 2.1816496958779 0.00020729829355496 0.0 0.0 0.00020729829355496 9147.6325638118 0.308895104 4307.1174322979 0.145441728 13454.74999611 0.454336832 1.5407071377387e-08
10 9 1 36.188643680662 0.021637157723393 0.011493924988978 1179.5466624548 0.80585117040618 0.00032351753818534 0.0 0.0 0.00032351753818534 0.0
11 7 1 36.288714376386 0.032909228825934 0.017775870383151 1197.1980151273 0.80291784404734 44456385.0 62228679.0 62218350.0
12 10 1 36.388789933547 0.029681907882971 0.016030526753396 1197.2030558648 0.80332945943214 170.0 3.8583166219049e-06 126.79411764706 35363.0 0.00080259794529661 33.189944292057
13 9 1 36.488864200846 0.021418330572627 0.011558688437878 1197.2011694509 0.0 0.80385685589882 0.30792236328125 14.376580949534 0.0482177734375 2.2512386422462
14 10 1 36.588964007219 0.030842733272599 0.015259181065164 1097.4306558933 0.80951153300359 7867.5839088353 0.242657792 3924.0517022375 0.12102848 11793.218868937 0.363735104
15 19 1 36.689046563508 0.020737079072376 0.011201153638161 1197.197561942 0.80322176275222 0.29754638671875 14.348519657964 0.04681396484375 2.2575004261864 0.0 0.0 0.0 0.0 9162.955271416 0.190012928 4306.2265272911 0.08929856 13469.181798707 0.279311488 0.0
16 13 1 36.789129910562 0.021267130562219 0.01147532163767 1197.1986978368 0.80299344614981 202.0 0.2974853515625 13.988034290389 0.0372314453125 1.7506567331016 0.0 0.0 0.04681396484375 2.201235597195
17 9 1 36.889208903428 0.033364444807043 0.018018960785927 1197.1948509539 0.80271382701401 0.18195347808705 1.4910028870779e-05 8.1944181708063e-05 5162.0 0.00010414826661835
18 8 1 36.989281445175 0.020955980498865 0.011318484371597 1197.2009153802 0.80331712079423 0.090926960127864 3.6965759195851e-06 4.0654344040391e-05 10.997838249445
19 5 1 37.089366926297 0.016909177311191 0.008504731109461 1118.2946342058 0.95716802487183 6.1317829457364
20 6 1 37.189456140227 0.014911696586119 0.0079773136903973 1188.6616810169 0.80469392450439 2.0 8.0
21 7 1 37.289531353184 0.020833256170368 0.011250411123999 1197.193429692 0.80301156649145 66.682351891669 33.317648108331 4.4342085453857
22 7 1 37.389606500016 0.020452155585796 0.011042473066025 1197.2008226736 0.80391326743013 0.010396629429717 0.0026173620864518 0.25175102220827
23 9 1 37.489680199378 0.032988833379591 0.017658431406435 1188.1001612906 0.80502294110213 0.0 0.0 0.0 0.0 -
24 6 1 37.589753981168 0.020267897443664 0.010943148307805 1197.2047923532 0.80415924156534 0.0 0.0
25 13 1 37.689829200465 0.020960872732793 0.011315002017711 1197.2005836098 0.80335099650188 1.2447859084689 99933612.0 28275151.0 51345.0 8112.0 0.051379109563257 0.019021628078449 28.29393477742 71.635664484938
26 7 1 37.789906387163 0.032696440653802 0.017660610764856 1197.2030266723 0.8027768139651 28.325405578985 71.674594421015 7.1718843901445
27 12 1 37.889984615532 0.020334380556721 0.010979993595621 1197.2044744377 0.80283955092766 8041045.0 86.706006495424 60.434955904363 94.497332125364 33.167554237165 28.75826173125 20.044796777787 31.342453885354
1 7 1 37.990064143727 0.020646642038522 0.011141677352646 1197.198544381 0.80369976191239 39.279140141681 60.720859858319 8.7601830414007
2 10 1 38.09013729689 0.033789964085813 0.018255216463448 1197.2043255987 0.80281906006726 8670.2988868523 0.292969088 8617.3847140091 0.29118112 17287.683600861 0.584150208
3 5 1 38.1902148133 0.021424129513862 0.0115675494411 1197.1993289853 0.80363121641537 1.0000588443184
4 6 1 38.290285101413 0.021577752543295 0.011649357809818 1197.2018217545 0.80323853532831 0.0 0.0
5 7 1 38.390354216514 0.033849137380725 0.018284239702367 1197.2038028877 0.80305051105414 0.47401280141692 0.15461241679357 0.32617772416991
6 8 1 38.490435994719 0.021570134752639 0.011644889490994 1197.2046549273 0.80368426841835 33.436605019075 82.806464162687 46.984105463521 97.855065794522
7 7 1 38.590521993054 0.020850852270402 0.0094939519510759 1012.4623373847 0.77516317682188 52.0 1.9228813637666e-06 55.038461538462
8 10 1 38.690606474171 0.015831910298789 0.0080378855428328 1128.8847083944 0.80769839908142 8591.3614613145 0.136017664 4017.5548496423 0.063605568 12608.916310957 0.199623232
9 19 1 38.790692597506 0.020963056620222 0.011316751120417 1197.2063681048 0.80281130375372 0.2967529296875 14.155995237891 0.04559326171875 2.1749338631643 0.00033392076960988 0.0 0.0 0.00033392076960988 9162.2577508436 0.192068928 4306.2819337577 0.090272832 13468.539684601 0.28234176 2.4792648455546e-08
10 9 1 38.890771304139 0.021391982618452 0.011500183171576 1197.2020929734 0.80343291009185 0.00032722539676907 0.0 0.0 0.00032722539676907 0.0
11 7 1 38.990845562381 0.033821615507799 0.018269653127833 1197.1998925055 0.80329788815477 45668699.0 63926337.0 63916032.0
12 10 1 39.090930183897 0.021132251283327 0.011407396488618 1197.1973605772 0.80317226048073 140.0 4.4642986687238e-06 117.91428571429 25176.0 0.00080280845202708 32.977637432475
13 9 1 39.191008040888 0.021562874753577 0.011639738197836 1197.1976604346 0.0 0.80374194285231 0.3115234375 14.447212677351 0.048095703125 2.2304865967383
14 10 1 39.291086536469 0.033587548246713 0.018143189197823 1197.2004075013 0.80352448272517 8654.0928163294 0.29066976 4317.12749424 0.145001728 12972.56747648 0.435716736
15 19 1 39.391173713251 0.021055610512193 0.011363879066917 1197.1944821077 0.80244579874774 0.297607421875 14.13435253766 0.04644775390625 2.2059561692287 0.0 0.0 0.0 0.0 9151.0081784813 0.192680064 4301.4564667954 0.090569792 13452.464645277 0.283249856 0.0
16 13 1 39.491256916282 0.021404765289289 0.011554697023546 1197.208961643 0.8034925909198 202.0 0.29803466796875 13.923753142852 0.03863525390625 1.8049837680576 0.0 0.0 0.046875 2.189932912904
17 9 1 39.591339946306 0.032908128277105 0.017776659789162 1197.2009690282 0.80300918894744 0.1819606807216 1.4607355810208e-05 8.02775399184e-05 4704.0 9.6236697102545e-05
18 8 1 39.691418960005 0.021450520946509 0.011580724776889 1197.204416434 0.80359991013047 0.090926555921233 3.8655588792029e-06 4.2512980284346e-05 10.997887139443
19 5 1 39.791489326017 0.021311903424806 0.011504961727415 1197.2079989067 0.80309370318905 6.1749271137026
20 6 1 39.891559249093 0.032945211790717 0.017797330179504 1197.2023818833 0.80302069547788 1.0 8.0
21 7 1 39.991643104301 0.020787503230552 0.011220636975631 1197.2009121011 0.8032264256886 66.894301629147 33.105698370853 4.4894725030516
22 7 1 40.091719545524 0.026986119415311 0.014286881501462 1178.5338335856 0.8064721568767 0.010395305821574 0.0026123937585264 0.25130513746933
23 9 1 40.191815949707 0.015899728563264 0.0078571473453501 1097.4306699448 0.81425753766244 0.0 0.0 0.0 0.0 -
24 6 1 40.291899244224 0.020639800519755 0.011138890654316 1197.2001291185 0.80445104560266 0.0 0.0
25 13 1 40.391977178208 0.021845742976542 0.011734844638448 1192.1407473881 0.80939821057421 1.2354858053004 103641644.0 29105594.0 58227.0 8068.0 0.056181084892864 0.018371958669432 28.082914238605 71.842532717833
26 7 1 40.492066240869 0.018061173853551 0.0095496791241623 1173.8315094357 0.80610779820319 28.216223732289 71.783776267711 7.1559876174339
27 12 1 40.592151260032 0.021449644130652 0.011580335735143 1197.1992312166 0.80318486975619 8563405.0 86.429288349669 60.209858111347 94.220511583885 33.491020094952 28.946050329112 20.164895679214 31.555410468126
1 7 1 40.692212191216 0.02144356982576 0.011574396847576 1197.1995297194 0.80380904453069 39.234471366259 60.765528633741 8.7614980611594
2 10 1 40.792282242916 0.033309653779811 0.017989162180919 1197.1978927945 0.80317346303425 8663.2095880533 0.288568512 8608.3104284257 0.28673984 17271.520016479 0.575308352
3 5 1 40.892350189532 0.02114291890765 0.011409658274976 1197.2071115989 0.80329838760644 1.0000599847933
4 6 1 40.992416544655 0.033738332494231 0.018222714040947 1197.1989158866 0.80350191782379 0.0 0.0
5 7 1 41.092484967724 0.033004749217834 0.01782574879592 1197.1976576372 0.80385732450545 0.47397850194105 0.15449609382611 0.32595590980058
6 8 1 41.192558987739 0.021462522816449 0.011581501954581 1197.2030151189 0.80300355196064 33.137731391322 82.82182129149 47.025019560585 97.906782744388
7 7 1 41.292627332003 0.033278533157507 0.017973849153577 1197.1951849741 0.8032930222703 59.0 1.1942299424173e-06 44.983050847458
8 10 1 41.392691980596 0.025009236616461 0.013500128129632 1197.1963032276 0.80315969450326 9154.5594738108 0.228948544 4302.3080492261 0.10759744 13456.867523037 0.336545984
9 19 1 41.492769971645 0.021345770437273 0.011519877107896 1197.1990600424 0.80414848468964 0.29620361328125 13.876454548767 0.04620361328125 2.1645324734014 0.00032793381811025 0.0 0.0 0.00032793381811025 9169.2784092828 0.195725312 4309.0458725906 0.091979904 13478.324281873 0.287705216 2.433045913217e-08
10 9 1 41.59284771994 0.033125680059352 0.017887667122292 1197.1971843497 0.80309547717604 0.00021131641637116 0.0 0.0 0.00021131641637116 0.0
11 7 1 41.69294052809 0.019888643788362 0.0094358302917112 1053.349436044 0.79103311541353 23957276.0 33531409.0 33523800.0
12 10 1 41.793028306325 0.015635835976025 0.0084308290291783 1197.2016874158 0.80454965730579 111.0 4.7974294076631e-06 106.3963963964 18580.0 0.00080302917472415 33.206404736276
13 9 1 41.893107211328 0.033081196147445 0.017865357684127 1197.1979691076 0.0 0.80373902651664 0.46624755859375 14.094035672581 0.073486328125 2.2213927149873
14 10 1 41.993189662544 0.020648793317096 0.011150384822513 1197.2044095168 0.80401505752708 8645.6747984491 0.178522752 4312.7517735513 0.08905312 12960.6240854 0.267621248
15 19 1 42.093268992368 0.021202465392782 0.011440284782559 1197.2038216845 0.80330527661627 0.29730224609375 14.022060198478 0.0465087890625 2.1935557116076 0.0 0.0 0.0 0.0 9153.1121690246 0.194068544 4301.2658344461 0.09119744 13454.378003471 0.285265984 0.0
16 13 1 42.193351419128 0.033697286099035 0.018199606138755 1197.2006657653 0.8035078698193 202.0 0.48095703125 14.27287140681 0.05987548828125 1.776863813462 0.0 0.0 0.07452392578125 2.2115705568166
17 9 1 42.29343261128 0.033649447098354 0.018201006054981 1200.0098727667 0.80342613616644 0.18196419886385 1.3654453015007e-05 7.50392280474e-05 4690.0 9.3761910161616e-05
18 8 1 42.393503742694 0.021578138414736 0.01164547101556 1197.1947603674 0.80287578758129 0.090926471555274 3.8718277631158e-06 4.2581964271672e-05 10.997897343813
19 5 1 42.493572020834 0.033559506443724 0.018153391240173 1200.149655071 0.80387682388768 6.1188811188811
20 6 1 42.593642745544 0.033692610351666 0.018197041361794 1197.2028592411 0.80359182429365 1.0 8.0
21 7 1 42.693735163294 0.021495368084819 0.011608890221784 1197.2013369513 0.80300585399089 66.806801027063 33.193198972937 4.5195561708045
22 7 1 42.793808918816 0.033841962527004 0.018278690762348 1197.2028985861 0.80322906852271 0.010346474534458 0.0026095963789763 0.25222082848464
23 9 1 42.893881951508 0.020889526371457 0.011280676216782 1197.1949321462 0.80310853112973 0.0 0.0 0.0 0.0 -
24 6 1 42.99395243618 0.021013180052298 0.011343246720238 1197.1962687973 0.80387676595115 0.0 0.0
25 13 1 43.094025889164 0.032163303098232 0.017370603920231 1197.2022524986 0.80327518132074 1.24490339457 153416428.0 43410704.0 57984.0 8988.0 0.037795170149575 0.013246299803043 28.295994481113 71.652964048935
26 7 1 43.194106335841 0.021105385210691 0.010838474791698 1139.3171634487 0.81520393659465 27.901518776474 72.098481223526 7.2833788524127
27 12 1 43.294214957474 0.014303317722741 0.0077107009812406 1197.1986170788 0.80381113238484 5699647.0 86.213251452239 60.001557991223 94.156392492377 33.477817663227 28.86231512272 20.087212179397 31.52150539687
1 7 1 43.394296199445 0.016158764242833 0.0087189137630091 1197.1968280923 0.80358378938058 39.333996077557 60.666003922443 8.6817875347432
2 10 1 43.4943761742 0.020850854987807 0.011253696013156 1197.1943895081 0.80237200519281 8667.5405927328 0.180725632 8604.9459413018 0.17942048 17272.486534035 0.360146112
3 5 1 43.594448188771 0.020338521881202 0.010976565589825 1197.1977406381 0.80339987089853 1.0000622685272
4 6 1 43.694516964196 0.032799610539411 0.017716864208616 1197.2013954119 0.80261616788767 0.0 0.0
5 7 1 43.794594345641 0.020374128938361 0.010996750470561 1197.1914491759 0.80370731976643 0.47393124768751 0.15443412079131 0.32585764611397
6 8 1 43.894669665482 0.020803095697658 0.011229031038177 1197.2022245004 0.80178129497343 33.363983740952 83.022169448704 47.277234671233 97.880685241905
7 7 1 43.994744621191 0.032526713379412 0.017566994367719 1197.2034606686 0.80415469356776 43.0 8.9148417208207e-07 46.697674418605
8 10 1 44.094821986331 0.019324627459489 0.010428791640641 1197.1897467835 0.80313162830113 9146.7781394776 0.17675808 4304.4729412963 0.083182336 13451.251080774 0.259940416
9 19 1 44.194901573403 0.021128869020507 0.011405953999721 1197.200090443 0.80392936133705 0.3101806640625 14.68041965528 0.04779052734375 2.261859226699 0.00033130026946572 0.0 0.0 0.00033130026946572 9141.8852477397 0.193157696 4301.7359761085 0.090890816 13443.621223848 0.284048512 2.4643677767268e-08
10 9 1 44.294977558102 0.03338792318205 0.018035510232322 1197.2016427259 0.80272722202131 0.00020965664626194 0.0 0.0 0.00020965664626194 0.0
11 7 1 44.395058664203 0.021486820941819 0.011599213091406 1197.2005513576 0.80335421507279 28995476.0 40584970.0 40577098.0
12 10 1 44.495156946112 0.019099874555278 0.0094390581153739 1097.434303672 0.80920592761947 118.0 4.5815818004351e-06 109.66101694915 20858.0 0.00080985282367351 32.620241633905
13 9 1 44.595234637341 0.031357173273504 0.016935761679474 1197.1985458115 0.0 0.80422880827245 0.43841552734375 13.981347219017 0.0694580078125 2.2150596039596
14 10 1 44.695321224447 0.021254194810927 0.011474691652724 1197.201326148 0.80323773082389 8652.1612150396 0.18389472 4315.9585585825 0.091732224 12969.95357633 0.27566592
15 19 1 44.795416951089 0.017269142829248 0.0085342806190553 1097.435042286 0.88165859016131 0.23974609375 13.882917995441 0.03436279296875 1.9898377880431 0.0 0.0 0.0 0.0 7835.3897085634 0.135310464 3627.3494648448 0.062641216 11462.739173408 0.19795168 0.0
16 13 1 44.895509242027 0.015743873638922 0.0084923456325835 1197.2045423677 0.80364835884112 202.0 0.22564697265625 14.332366851472 0.02789306640625 1.7716774820456 0.0 0.0 0.0343017578125 2.1787368597585
17 9 1 44.995597708671 0.021600351385042 0.011662913129339 1197.1971746679 0.80376938053363 0.1819997529849 2.0818684953899e-05 0.00011438853411865 5174.0 0.00016149306739352
18 8 1 45.095670220527 0.021281309073176 0.011487693074624 1197.2048092809 0.80345848183816 0.090926717298184 3.959530305944e-06 4.3546390143606e-05 10.997867620367
19 5 1 45.195740615525 0.033683186392809 0.018195012819324 1197.2016865722 0.80302364808951 6.1674876847291
20 6 1 45.295818396429 0.021518852800437 0.011620003953349 1197.2011621217 0.80350504076661 1.0 8.0
21 7 1 45.395893488008 0.021303488528825 0.011501361619334 1197.2001207714 0.80352990939102 66.66835992117 33.33164007883 4.4529374970737
22 7 1 45.495970594089 0.033474358384856 0.017979648094812 1190.8709949032 0.80548391493125 0.010405186269474 0.0026389015642579 0.25361406282556
23 9 1 45.596053454727 0.020624913672021 0.011133090354379 1197.2056251363 0.8029227450079 0.0 0.0 0.0 0.0 -
24 6 1 45.696125519117 0.02133823869776 0.011519286072414 1197.2033782105 0.80295321317855 0.0 0.0
25 13 1 45.796200060875 0.033238437853891 0.017953050592322 1197.2002962729 0.80353731499096 1.2444972764099 158560572.0 44851580.0 58478.0 9060.0 0.036880543039413 0.013066299987868 28.286716826425 71.663336330548
26 7 1 45.896239303547 0.020947488609757 0.01130666502066 1197.1957536448 0.80335319336096 28.309194534187 71.690805465813 7.1405882636913
27 12 1 45.99631437701 0.033191453024029 0.017925886510991 1197.1997540264 0.8040138650577 13209555.0 86.4993635289 60.213307715514 94.274576244241 33.374178707946 28.868452165371 20.095696922941 31.463365551912
1 7 1 46.096391155191 0.032856520236362 0.017745907375169 1197.2037301902 0.80385546355821 39.301054573141 60.698945426859 8.725569829418
2 10 1 46.196463863606 0.020712019167941 0.011176895820959 1197.1958139601 0.803239443409 8657.0055070987 0.179304064 8591.2164602197 0.17794144 17248.221967318 0.357245504
3 5 1 46.296537148111 0.033413173304802 0.015918322856477 1058.8414405781 0.79183495113894 1.0000423180528
4 6 1 46.396616451667 0.015419873875419 0.0083211971556334 1197.1964464125 0.80209515226355 0.0 0.0
5 7 1 46.496688283266 0.021439711111349 0.011570740579802 1197.1952358454 0.80379995466918 0.4738915815686 0.15441540044719 0.32584541792464
6 8 1 46.596762431 0.033657947139676 0.018177290359979 1197.2025117133 0.80261903871524 33.163565744258 82.93135099006 47.237593714973 97.920962868014
7 7 1 46.696832494475 0.033589363472929 0.018140561014756 1197.204387233 0.80329112565887 51.0 1.0228111965738e-06 44.745098039216
8 10 1 46.796898497241 0.021510584644301 0.011608961780103 1197.2040568019 0.80259422499549 9145.0658014598 0.196715712 4316.1396835673 0.092842688 13461.205485027 0.2895584
9 19 1 46.89697662869 0.033214037372952 0.017936008842808 1197.1968034104 0.80265743404404 0.47900390625 14.421730814336 0.07452392578125 2.2437478751662 0.00021075426396974 0.0 0.0 0.00021075426396974 9149.9548997163 0.303906944 4314.4495320132 0.143300288 13464.40443173 0.447207232 1.5652698568166e-08
10 9 1 46.997054656877 0.033163939303317 0.017912217966282 1197.2012506268 0.80273478347139 0.00021107263331952 0.0 0.0 0.00021107263331952 0.0
11 7 1 47.097129281968 0.020982367402505 0.011322072251358 1197.2004606836 0.80358685173337 28294292.0 39603312.0 39596176.0
12 10 1 47.197204786592 0.033351662136205 0.018010536831931 1197.199551711 0.80288217360507 191.0 3.8562179070807e-06 116.76963350785 39840.0 0.00080435456239841 32.796686746988
13 9 1 47.297283828372 0.020967332003325 0.011327204522685 1197.205639621 0.0 0.80319269980194 0.29693603515625 14.161841626258 0.046875 2.2356206308254
14 10 1 47.397362596599 0.020613139158259 0.011126198563629 1197.1982133823 0.8024018560869 8659.2784645556 0.178494912 4319.5346092798 0.089039168 12980.837413732 0.267575808
15 19 1 47.497458331394 0.033184623280682 0.017929016508091 1197.2035898089 0.804884462287 0.462890625 13.948949219184 0.07330322265625 2.2089514784072 0.0 0.0 0.0 0.0 9167.7776609597 0.304229248 4321.7896067992 0.14341696 13489.567267759 0.447646208 0.0
16 13 1 47.597542706532 0.020487024414728 0.011061906584413 1197.2012684913 0.80311771663425 203.0 0.28192138671875 13.760972848555 0.03485107421875 1.7011291397542 0.0 0.0 0.04449462890625 2.1718443833289
17 9 1 47.697624846153 0.020811202621127 0.011233256149297 1197.2046687151 0.80393480581142 0.18199519763635 2.1003574788981e-05 0.00011540730229019 4002.0 0.00012971652207639
18 8 1 47.797696225757 0.032790419371541 0.017711615994697 1197.2039905292 0.80296770114591 0.09092056300586 2.4228411335677e-06 2.6647889690383e-05 10.99861205144
19 5 1 47.897800216027 0.01499859193609 0.0074085423565271 1097.4315050308 0.87511710013757 6.0173010380623
20 6 1 47.997879119219 0.018678550949079 0.010078265932969 1197.202092153 0.80349568799095 1.0 8.0
21 7 1 48.097957537806 0.023702392401033 0.012793241088093 1197.198560881 0.80370897838596 66.535453127107 33.464546872893 4.5030096778435
22 7 1 48.198035207296 0.020747414267547 0.011202539061563 1197.2031704101 0.80371904055614 0.010419128324248 0.0026058925792858 0.25010658264198
23 9 1 48.29810925358 0.021230496326154 0.011459904443156 1197.2000910061 0.80386392021311 0.0 0.0 0.0 0.0 -
24 6 1 48.398180090609 0.033714735459226 0.018212885188817 1197.2062619823 0.80311576248282 0.0 0.0
25 13 1 48.498260643265 0.021479411485509 0.011598133828913 1197.2010849039 0.80475043236957 1.2426212646516 102434220.0 28932075.0 49197.0 7352.0 0.048027895365435 0.016229927850283 28.244540740389 71.691201436395
26 7 1 48.598348498493 0.019922464604952 0.010450750533624 1164.7610597151 0.80675039034062 28.192508047163 71.807491952837 7.1159986738346
27 12 1 48.698426456934 0.032935421888052 0.017790466921502 1197.2027060823 0.80304139265835 13114715.0 86.541308751277 60.331131862187 94.250999735793 33.386781347598 28.893357528138 20.142623079359 31.467375199714
1 7 1 48.798510936239 0.021623971065084 0.011674953495843 1197.1993574723 0.80291084229513 39.376616774843 60.623383225157 8.7245369646677
2 10 1 48.898582882875 0.021445161319004 0.011578030470313 1197.2014793506 0.80315397675022 8661.8312278858 0.185754368 8600.3594590149 0.184436096 17262.190686901 0.370190464
3 5 1 48.998651767902 0.033551490100405 0.01812366192898 1197.2043887727 0.80314618440921 1.0000375337252
4 6 1 49.098727959124 0.021152666237645 0.011419565026035 1197.2106607367 0.80352115840385 0.0 0.0
5 7 1 49.198798737276 0.021451435806029 0.011580857929711 1197.1994970821 0.80326635470568 0.47391860783639 0.154587372114 0.32618970759505
6 8 1 49.298871945694 0.033311478969844 0.017995016828946 1197.202618204 0.80306195433335 33.331626934762 82.844976156226 47.10627520776 97.891278954287
7 7 1 49.39897215696 0.019486818465358 0.0090706921941621 1033.9022930522 0.78305714278788 54.0 2.111299416429e-06 52.259259259259
8 10 1 49.499050301995 0.016916540571624 0.0091234496970147 1197.2026418787 0.80371403286683 9143.2632662169 0.154672384 4286.092401281 0.072505856 13429.355667498 0.22717824
9 19 1 49.599131959729 0.032568238037802 0.017590907074548 1197.2010643502 0.80415507258973 0.47332763671875 14.533412466752 0.0726318359375 2.2301432411909 0.00021493333449218 0.0 0.0 0.00021493333449218 9150.0230271625 0.298000128 4306.2009015414 0.140245376 13456.223928704 0.438245504 1.5972782233038e-08
10 9 1 49.699218304986 0.021222341395205 0.011457418923826 1197.2071349896 0.8039416305482 0.0003298410797209 0.0 0.0 0.0003298410797209 0.0
11 7 1 49.799293051455 0.021408342299432 0.01155721515173 1197.2006738161 0.80352714634205 28884972.0 40429891.0 40421574.0
12 10 1 49.899369586881 0.033645901791264 0.018173954745937 1197.2045305808 0.80281423041492 193.0 3.8612326599144e-06 113.34196891192 40203.0 0.00080431677008568 32.796383354476
13 9 1 49.999453916729 0.020967178017069 0.011318553665412 1197.2058551718 0.0 0.80407325987621 0.296142578125 14.12410281841 0.0458984375 2.1890612777091
14 10 1 50.099531709408 0.021317369031087 0.011508712651447 1197.2010082075 0.80373515187335 8646.8486674504 0.184328064 4313.2797422569 0.091947776 12962.205964397 0.276320128
15 19 1 50.199611366227 0.033119914632773 0.017890968768778 1197.2064677622 0.80328733748573 0.46600341796875 14.070187774809 0.07281494140625 2.198524428991 0.0 0.0 0.0 0.0 9150.7057116657 0.303070592 4312.1830953838 0.142819136 13462.888807049 0.445889728 0.0
16 13 1 50.299698870909 0.020182451376102 0.010893997706545 1197.2084246829 0.80306137680494 202.0 0.28271484375 14.00795366636 0.03533935546875 1.750994208295 0.0 0.0 0.043701171875 2.1653054458363
17 9 1 50.399778877367 0.02520303918905 0.013608126390162 1197.2029132549 0.80373461406164 0.18197735169758 1.7761738001043e-05 9.7604113013803e-05 3813.0 0.00010199624547888
18 8 1 50.499849800447 0.03313965476497 0.017902057590801 1197.2031743939 0.80292939710912 0.090920436731276 2.498518459806e-06 2.7480273408613e-05 10.998627326831
19 5 1 50.599927582257 0.020640848532096 0.011142383424919 1197.2040129618 0.80436776640327 6.0578778135048
20 6 1 50.699997360404 0.020891798121631 0.011277554371895 1197.1968931697 0.8031865846296 1.0 8.0
21 7 1 50.800071741834 0.033315625729133 0.017995978337243 1197.2079673483 0.80397515913517 66.889311260091 33.110688739909 4.4984358999345
22 7 1 50.900154724756 0.021130349100166 0.011249652062337 1181.7117556053 0.80797471612204 0.010568450290979 0.0026491468934319 0.25066559623155
23 9 1 51.000259062854 0.0037167943369884 0.0018308001140345 1097.4380548101 0.81643272042785 0.0 0.0 0.0 0.0 -
24 6 1 51.100328321071 0.032553600285483 0.017580998058985 1197.204755289 0.80308454317564 0.0 0.0
25 13 1 51.200402481486 0.021472837178186 0.011587254699938 1197.2068252646 0.80373928252184 1.2441845530585 102338136.0 28941497.0 49335.0 7940.0 0.048207835249217 0.017772455812562 28.280265921592 71.653753787347
26 7 1 51.300478609301 0.03357939059836 0.018134988523898 1197.2049041355 0.80334708121891 28.305438358758 71.694561641242 7.1754682964614
27 12 1 51.400554073165 0.033222726726788 0.017943335418281 1197.2062939025 0.80344005371748 13202819.0 86.537496272576 60.033906395293 94.339299811654 33.324722078154 28.838380126229 20.006132458891 31.438309472711
1 7 1 51.500631605878 0.021630774540187 0.011674667715469 1197.2094367422 0.8040881332221 39.343236812231 60.656763187769 8.6913383568314
2 10 1 51.600704397627 0.032254968398927 0.017421840582357 1197.2036132074 0.80306468740461 8666.0390592508 0.279522816 8611.7893083796 0.277772992 17277.82836763 0.557295808
3 5 1 51.700772755478 0.033415149763685 0.018045832293372 1197.2044653534 0.80297207453039 1.0000378537133
4 6 1 51.800844005552 0.021113147929588 0.011392125128146 1197.2022148344 0.80379872918091 0.0 0.0
5 7 1 51.900912815398 0.033391247473574 0.018033132956273 1197.2073050049 0.8030981702629 0.47399382148146 0.15459447015269 0.32615292256239
6 8 1 52.000987223096 0.033438179766948 0.018059014875574 1197.2082044595 0.80395213737886 33.335449158979 82.657027764205 46.80671125182 97.886794266084
7 7 1 52.101061861774 0.021581864882128 0.011645834694865 1197.2019544312 0.80321348140594 46.0 1.4368824548624e-06 50.217391304348
8 10 1 52.201128215086 0.033623699690576 0.018157666623276 1197.2075753194 0.80372052338227 9137.5643616669 0.30723872 4301.9009011831 0.144645824 13439.46526285 0.451884544
9 19 1 52.30120645976 0.033225316413291 0.01794480961023 1197.20516585 0.80253939587147 0.467041015625 14.056781576297 0.07354736328125 2.2135940668372 0.00021068271895222 0.0 0.0 0.00021068271895222 9153.5116239959 0.30412832 4315.1249552178 0.143371392 13468.636579214 0.447499712 1.5642468167667e-08
10 9 1 52.40128372798 0.021816560769458 0.011773724809344 1197.2014301739 0.80346669132634 0.00032085717240087 0.0 0.0 0.00032085717240087 0.0
11 7 1 52.501375585039 0.031670239107041 0.014977689207586 1049.5573865736 0.78891952164114 38124228.0 53364393.0 53354981.0
12 10 1 52.601462479211 0.018304561812123 0.0098767558953754 1197.2092312021 0.80479055426952 125.0 4.6129803584094e-06 87.096 21914.0 0.00080871081259347 33.072875787168
13 9 1 52.701540747436 0.021821812606584 0.011775008782978 1197.2010448819 0.0 0.80462702054696 0.31048583984375 14.228233256392 0.047607421875 2.1816437861187
14 10 1 52.801619533779 0.033979264824922 0.018351813853337 1197.206772761 0.80332555931248 8654.8650630104 0.294085952 4317.4791672478 0.146704768 12973.62124435 0.440834112
15 19 1 52.901697553814 0.033707368575586 0.018205438141745 1197.2097893265 0.80294088642271 0.46710205078125 13.857564993061 0.07342529296875 2.1783157829155 0.0 0.0 0.0 0.0 9149.4620028979 0.308404288 4311.5823673421 0.145332096 13461.04437024 0.453736384 0.0
16 13 1 53.001779380027 0.021396179196824 0.011552251359483 1197.2013493556 0.80406319868607 202.0 0.29754638671875 13.906519663236 0.03814697265625 1.7828871363123 0.0 0.0 0.04608154296875 2.1537276606652
17 9 1 53.10186082218 0.033274643645845 0.017973499514196 1197.209517123 0.80286361537055 0.18195548613978 1.3595069990637e-05 7.4716461037033e-05 3882.0 7.8535806106626e-05
18 8 1 53.213953897002 0.045719947807029 0.024699475146691 1197.2089565598 0.80292783267707 0.090917385226308 1.8845245508718e-06 2.0727878899959e-05 10.998996479175
19 5 1 53.314025139831 0.021540551275488 0.011628487237343 1197.2046370627 0.80268028248711 5.9473684210526
20 6 1 53.414100446084 0.033170570676135 0.017917559930657 1197.2079686803 0.80245786083974 1.0 8.0
21 7 1 53.514176979699 0.020485135818591 0.010729452975466 1167.9282113835 0.80740055582981 66.45336196529 33.54663803471 4.4434602356995
22 7 1 53.614253101174 0.020691567075761 0.011168480924978 1197.2019444552 0.80397690678138 0.0104003161683 0.0026011548626565 0.25010344114199
23 9 1 53.714327508873 0.033260926187854 0.017966153916892 1197.2063036667 0.80293216939256 0.0 0.0 0.0 0.0 -
24 6 1 53.814403816037 0.020771335579491 0.011213272356495 1197.2106117512 0.8042173264263 0.0 0.0
25 13 1 53.914477425725 0.021180169088739 0.011433807848898 1197.2045629847 0.80418868817895 1.2434892640239 100982900.0 28542160.0 50294.0 7736.0 0.049804471846223 0.016830572304816 28.264349706733 71.669015249116
26 7 1 54.014566876975 0.033180036301861 0.015802599467812 1056.3376344656 0.79567900230907 28.579546674217 71.420453325783 7.0230958487163
27 12 1 54.114664817397 0.011746120508541 0.0063253142644264 1197.2018834023 0.808770460053 4695272.0 86.431861668504 60.400441124604 94.322118079634 33.618760000017 29.057320137881 20.305879340632 31.709926504125
1 7 1 54.214745803932 0.021333913495574 0.011516637508813 1197.2075289891 0.80371144684744 39.29689909933 60.70310090067 8.7525067985784
2 10 1 54.314818802203 0.033256655333758 0.017991999604133 1200.0120489211 0.80350966167057 8675.0583035073 0.288503424 8619.5135717397 0.286656192 17294.571875247 0.575159616
3 5 1 54.414896652854 0.020832344934054 0.011245447331752 1197.2061464419 0.80351989471518 1.0000608776041
4 6 1 54.514986759904 0.016196563339634 0.0080049080274431 1097.4389032123 0.8139532666811 0.0 0.0
5 7 1 54.615059111433 0.032463570862305 0.017534962509101 1197.2068275301 0.80350815267859 0.47435053439184 0.15464129980307 0.32600637838709
6 8 1 54.715142464828 0.021316777542704 0.011507957212992 1197.2070301932 0.80410557854791 33.237485775959 82.823104447063 47.0922545891 97.909135838696
7 7 1 54.815214029215 0.021467945850059 0.011590002901704 1197.2036573667 0.80351192072479 42.0 1.3187458689108e-06 54.571428571429
8 10 1 54.915322925306 0.019614786478767 1.1624603613391e-05 1262.3053387987 5.0805621536025 1035.7737017424 0.02031648 254.55082090263 0.00499296 1290.3245226451 0.02530944
