1 7 2 0.10091648325958 0.10093317716976 0.10093317716976 0.0014281689980617 2.331984360617e-05 997.77060588041 998.18646820949 1.4208074051412 6.0285680833626 32.88961953254 9.9650417556807 67.11038046746 90.034958244319 9.6123183139535 22.836945812808
2 10 2 0.20128353216313 0.0055181153984467 0.0055181153984467 0.0 1.0159462648545e-05 - 996.97362099564 - 2.8488696977394 0.0 11.273414111186 0.0 6.2208e-05 0.0 1.0554328025904 0.0 5.824e-06 0.0 12.328846913776 0.0 6.8032e-05
3 5 2 0.30159934353422 0.0060802771626049 0.0060802771626049 0.0 9.3379012521267e-06 - 997.64100172561 - 2.6396108052746 - 2.0304518664047
4 6 2 0.40192316399667 0.0053632587745291 0.0053632587745291 0.0 8.7033877370317e-06 - 996.12543638712 - 2.765035971223 0.0 0.0 0.0 0.0
5 7 2 0.50223827971268 0.0043578560318943 0.0043578560318943 0.0 9.1499475699251e-06 - 993.58602127655 - 2.5589613679544 - 0.31120962634579 - 0.119696010133 - 0.38461538461538
6 8 2 0.6026063222798 0.0036597752227766 0.0036597752227766 0.0 8.7251269581056e-06 - 998.61354696351 - 2.5755347593583 - 66.83104074747 - 24.162989878017 - 19.548403841163 - 60.238774980535
7 7 2 0.70293356848117 0.0036253430139981 0.0036253430139981 0.0 8.9583706842112e-06 - 997.3067661986 - 2.8460431654676 0.0 45.0 - 0.0064748201438849 - 38.155555555556
8 10 2 0.80321992501931 0.0026351676899247 0.0026351676899247 0.0 9.3646223780301e-06 - 996.4777729961 - 2.97126023854 563.57703749868 0.0 0.00148512 0.0 84.882643656879 0.0 0.00022368 0.0 648.45968115556 0.0 0.0017088 0.0
9 19 2 0.90360327652707 0.0033745647944943 0.0033745647944943 0.0 1.0843342311496e-05 - 1004.5552521665 - 2.470539675988 0.04974365234375 0.0 14.740760771554 0.0 0.002685546875 0.0 0.7958202134336 0.0 0.0 0.0056303556627506 0.0 0.0 0.0 0.0 0.0 0.0056303556627506 541.99344549082 0.0 0.001828992 0.0 0.20861949403034 0.0 7.04e-07 0.0 542.20206498485 0.0 0.001829696 0.0 0.0 1.0384238693204e-05
10 9 2 1.0039515871279 0.0022588563383295 0.0022588563383295 0.0 8.8551093841101e-06 - 998.39583728808 - 2.7099099099099 0.0 0.0057551247414053 0.0 0.0 0.0 0.0 0.0 0.0057551247414053 - 0.0
11 7 2 1.119304034562 8.1641644743198e-05 8.1641644743198e-05 5.423935657943e-05 5.6042353227249e-05 997.30326724247 997.23694353031 0.68311714979979 0.67204157999642 161588.0 169677.0 223745.0 235002.0 223932.0 235163.0
12 10 2 1.2197609669925 0.0030770490612834 0.0030770490612834 0.0014076322276534 0.0014065941798472 997.66775440349 997.65258017795 0.73010900757161 0.72640080944389 0.0 0.0 0.0 0.0 - - 0.0 0.0 0.0 0.0 - -
13 9 2 1.320162556801 0.0020727785697462 0.0020727785697462 0.00094703836885547 0.00095648632491428 997.63515343677 997.67145640153 0.0 0.0 0.7285517232729 0.7273457090518 0.03936767578125 0.0 18.992706869828 0.0 0.00201416015625 0.0 0.97171988636329 0.0
14 10 2 1.4296887136387 8.3928791960353e-05 8.3928791960353e-05 5.5029214945116e-05 5.7007031162404e-05 997.97530516054 997.9819638898 0.6829904440697 0.67026103070386 3.8127559390008 7.6255118780017 3.2e-07 6.4e-07 2.2876535634005 2.2876535634005 1.92e-07 1.92e-07 6.1004095024013 9.9131654414022 5.12e-07 8.32e-07
15 19 2 1.5301615872589 0.00061351342753832 0.00061351342753832 0.00029571817136809 0.00030390751710682 997.61692533323 997.67890309476 0.72036403072792 0.71700280486176 0.01312255859375 0.0 21.389195418922 0.0 0.00067138671875 0.0 1.09433092841 0.0 0.0 0.0 0.0 0.0 0.0 0.0 0.0 0.0 654.69471729681 0.0 0.000401664 0.0 11.683525866355 0.0 7.168e-06 0.0 666.37824316317 0.0 0.000408832 0.0 0.0 0.0
16 13 2 1.6310149552191 7.8974966958128e-05 7.8974966958128e-05 4.7612970255836e-05 6.0061844623729e-05 997.66132077762 997.42109989179 0.6960433798117 0.66294078243569 203.0 203.0 0.0 0.0 0.0 0.0 0.0003662109375 0.0 4.6370508479499 0.0 0.0 0.0 0.0 0.0 0.0 0.0 0.0 0.0
17 9 2 1.7329263909965 7.8847249034318e-05 7.8847249034318e-05 5.3191797863931e-05 5.4564086194222e-05 997.77566288268 998.0793732986 0.67777957318129 0.67145038678467 0.2016308676031 0.20163519629043 0.0 0.0 0.0 0.0 0.0 0.0 0.0 0.0
18 8 2 1.8342046936995 7.8871705658026e-05 7.8871705658026e-05 5.0585355837256e-05 5.2649223137961e-05 997.24584208287 997.84133316226 0.68095743253954 0.67476781982819 0.091438953311141 0.091438356164384 0.00071331894501957 0.00071395402832598 0.0078010401386852 0.0078080365644639 10.936258167756 10.936329588015
19 5 2 1.9365599519796 7.6949596194738e-05 7.6949596194738e-05 4.9751113228544e-05 5.1711719229148e-05 997.8762330957 997.91863607306 0.68064092396153 0.67361844472894 5.609375 6.2962962962963
20 6 2 2.0383356833869 7.9456853025267e-05 7.9456853025267e-05 5.149840312236e-05 5.2751125736745e-05 997.43443778776 997.27589903925 0.68244317874912 0.67923185929472 0.0 0.0 - -
21 7 2 2.1405201954841 7.8448696647963e-05 7.8448696647963e-05 5.3859373111076e-05 5.5991175477637e-05 997.58549463386 998.001893421 0.67356347880264 0.66408826720813 85.886428805678 86.110751609668 14.113571194322 13.889248390332 1.5536425067111 1.5387579532216
22 7 2 2.242488769181 7.3091790254991e-05 7.3091790254991e-05 4.7376103326218e-05 4.8895131398758e-05 997.82731819582 998.08520684208 0.67705272423658 0.6687604145373 0.0 0.0 0.0 0.0 - -
23 9 2 2.3447193838255 7.5478575568735e-05 7.5478575568735e-05 5.1584907106217e-05 5.2630201319521e-05 997.65131484484 997.48081964392 0.67787743344661 0.66927950239014 0.0 0.0 0.0 0.0 0.0 0.0 0.0 0.0 - -
24 6 2 2.4483068229677 7.8338188940837e-05 7.8338188940837e-05 5.0707638955796e-05 5.2038260445696e-05 997.80051856708 997.68035546658 0.6849546369426 0.67554855247995 0.0 0.0 0.0 0.0
25 13 2 2.5514243036287 7.8233116038979e-05 7.8233116038979e-05 5.426788930709e-05 5.5340810447176e-05 997.82790072473 997.82095026684 0.67411728964602 0.66519682296005 1.4834213798686 1.5033144559382 479292.0 488768.0 162405.0 167822.0 54275.0 47565.0 3568.0 3256.0 11.323994558641 9.7316109074244 1.042370830308 0.98206101872463 33.884354422774 34.335717559251 53.749280188278 54.9506105146
26 7 2 2.6558185106274 7.8297427901323e-05 7.8297427901323e-05 5.3473954837453e-05 5.5403310707763e-05 997.77048778273 997.92921788758 0.67020872003587 0.66576685914565 34.465994748878 34.693860868144 65.534005251122 65.306139131856 2.4432726009662 2.4426404940989
27 12 2 2.7600753656041 7.9327323499701e-05 7.9327323499701e-05 5.4422781257242e-05 5.5997516083784e-05 997.56069722116 997.44390848394 0.67176319320215 0.66283894625109 16657.0 16672.0 0.40823677733085 0.035988483685221 0.32418802905685 0.0 90.430449660803 90.774952015355 13.861773394915 13.484091166432 0.056588856988308 0.0048527199495317 0.044938209961303 0.0 12.535264011984 12.240177286035
1 7 2 2.8678537099009 8.0623524556235e-05 8.0623524556235e-05 5.4749775374228e-05 5.6919621377669e-05 997.68772469715 997.4402857166 0.67411864425683 0.6632679448816 60.659955164741 61.44193892328 39.340044835259 38.55806107672 1.5499462242936 1.545100915091
2 10 2 2.9726854132889 8.0593633127258e-05 8.0593633127258e-05 5.2271051271363e-05 5.3425041590036e-05 997.0930349446 997.91194787099 0.6861630658375 0.67495565600504 0.79410739430177 0.79410739430177 6.4e-08 6.4e-08 0.79410739430177 0.0 6.4e-08 0.0 1.5882147886035 0.79410739430177 1.28e-07 6.4e-08
3 5 2 3.0788702935145 7.7871701488625e-05 7.7871701488625e-05 5.0287800248806e-05 5.2256105556874e-05 997.68958789277 998.24529718034 0.6856424791439 0.67443899530621 1.0078946919706 1.0079090938438
4 6 2 3.1842472056974 7.8477682276061e-05 7.8477682276061e-05 5.0370681029151e-05 5.2343968242048e-05 997.8395779251 997.76562408835 0.68147449173417 0.67783935954957 0.0 0.0 0.0 0.0
5 7 2 3.2904511485024 7.9429678998924e-05 7.9429678998924e-05 5.1170503204495e-05 5.6157389938765e-05 997.28013763682 997.60898170188 0.68536211048631 0.66967492452351 0.0015650306636822 0.00051847891249048 0.0 2.7004110025546e-05 0.0 0.052083333333333
6 8 2 3.3972266770239 7.7952317766774e-05 7.7952317766774e-05 5.3747506702633e-05 5.5628402225966e-05 997.25634624075 997.91323943563 0.67290768881833 0.66379697033566 14.079747880749 13.640323381667 0.016010246557797 0.0056990726794597 0.0 0.0 98.16134957952 98.219446864289
7 7 2 3.5031849485148 7.7952317766774e-05 7.7952317766774e-05 5.0037346306017e-05 5.1834455248128e-05 997.95142815116 997.7437513763 0.68574656139828 0.67434995492549 0.0 0.0 0.0 0.0 - -
8 10 2 3.6087707057713 7.5988541463095e-05 7.5988541463095e-05 4.9969411240161e-05 5.1772860788419e-05 1097.3713052662 1097.4098244591 0.69658438032704 0.69052710424897 875.92153656912 0.0 6.656e-05 0.0 5.0533934802065 0.0 3.84e-07 0.0 880.97493004933 0.0 6.6944e-05 0.0
9 19 2 3.7117265363019 7.8288369892542e-05 7.8288369892542e-05 5.2759277944648e-05 5.899028218496e-05 997.43001898175 997.76155969005 0.68014596409283 0.66059075325097 0.0 0.0 0.0 0.0 0.0 0.0 0.0 0.0 0.0 0.0 0.0 0.0 0.0 0.0 0.0 0.0 1112.60459401 0.0 8.7104e-05 0.0 4.0874525863705 0.0 3.2e-07 0.0 1116.6920465964 0.0 8.7424e-05 0.0 0.0 0.0
10 9 2 3.8181263549236 7.9035655616959e-05 7.9035655616959e-05 5.3013807991388e-05 5.416870411094e-05 997.61515872486 997.38847526163 0.67715679071624 0.67347249046978 0.0 0.0 0.0 0.0 0.0 0.0 0.0 0.0 - -
11 7 2 3.9248964404876 7.8070071880925e-05 7.8070071880925e-05 5.2795057079332e-05 5.3912815362883e-05 997.3947719432 997.87778146692 0.68051582622097 0.66872461504755 157926.0 164125.0 218696.0 227302.0 218844.0 227399.0
12 10 2 4.0321462545011 7.8410653011083e-05 7.8410653011083e-05 5.3911003761126e-05 5.5795975388411e-05 997.49584104052 997.87906590237 0.66981217011603 0.66457901778008 0.0 0.0 0.0 0.0 - - 0.0 0.0 0.0 0.0 - -
13 9 2 4.1391147240445 7.7381663213583e-05 7.7381663213583e-05 4.6727549897513e-05 5.5455394258253e-05 997.64934563821 997.84982937784 0.0 0.0 0.698949279535 0.66822200392927 0.0 0.0 0.0 0.0 0.0 0.0 0.0 0.0
14 10 2 4.2450970536066 7.7784744604329e-05 7.7784744604329e-05 5.2518787811517e-05 5.3460820724721e-05 997.86747807115 997.52541838199 0.67879344861093 0.67024574712122 4.1139172163868 6.5822675462189 3.2e-07 5.12e-07 1.6455668865547 1.6455668865547 1.28e-07 1.28e-07 5.7594841029415 8.2278344327736 4.48e-07 6.4e-07
15 19 2 4.3526390907588 7.79967020098e-05 7.79967020098e-05 5.2548679240494e-05 5.8741186943488e-05 997.36260377369 997.68814793102 0.68190607166576 0.66086478003444 0.0 0.0 0.0 0.0 0.0 0.0 0.0 0.0 0.0 0.0 0.0 0.0 0.0 0.0 0.0 0.0 1110.200787581 0.0 8.6592e-05 0.0 4.923285089051 0.0 3.84e-07 0.0 1115.12407267 0.0 8.6976e-05 0.0 0.0 0.0
16 13 2 4.4586067925426 7.6106295577245e-05 7.6106295577245e-05 4.6132891621053e-05 5.8502508412114e-05 997.00399969806 997.47074462006 0.69698110109069 0.6641217056894 203.0 203.0 0.0 0.0 0.0 0.0 0.000244140625 0.0 3.2078900063163 0.0 0.0 0.0 0.0 0.0 0.0 0.0 0.0 0.0
17 9 2 4.565489018067 7.7815541834184e-05 7.7815541834184e-05 5.2184547287506e-05 5.4296874935188e-05 997.95758577718 997.32270484732 0.675252143439 0.66979719537404 0.20141001072452 0.2015252248729 0.0 0.0 0.0 0.0 0.0 0.0 0.0 0.0
18 8 2 4.6716097485685 7.8216811623174e-05 7.8216811623174e-05 5.0748852895749e-05 5.216869577214e-05 997.87042203904 997.65444738031 0.68717612211231 0.67235974994017 0.091437051936981 0.091443447603593 0.00071138149058953 0.00071795889539397 0.0077800134138162 0.0078513979318269 10.936485580148 10.935720668965
19 5 2 4.778007817183 7.7675142698081e-05 7.7675142698081e-05 5.0484811939789e-05 5.1839437152957e-05 997.49024822268 997.47732259921 0.68591857832037 0.67212970357495 6.3692307692308 5.6716417910448
20 6 2 4.884010991035 7.8763915353535e-05 7.8763915353535e-05 5.0982549522294e-05 5.232902252756e-05 997.65315205376 997.83966832233 0.6852848428768 0.67360038244262 0.0 0.0 - -
21 7 2 4.9850456867439 7.3367153721928e-05 7.3367153721928e-05 5.5396970101617e-05 5.7083571336602e-05 1097.4100038976 1097.5861348996 0.67112562069628 0.66578627647773 86.641158965303 86.905744208188 13.358841034697 13.094255791812 1.5299625468165 1.5325471260098
22 7 2 5.0908324167587 7.6950501995617e-05 7.6950501995617e-05 5.1694509012465e-05 5.3391979857987e-05 997.22336310852 997.64605197982 0.67962916651781 0.66674019025643 0.0 0.0 0.0 0.0 - -
23 9 2 5.1937927998444 7.6133469603587e-05 7.6133469603587e-05 5.540466940908e-05 5.6769711332347e-05 1097.5625266262 1097.5247928233 0.6827532705273 0.67297512053174 0.0 0.0 0.0 0.0 0.0 0.0 0.0 0.0 - -
24 6 2 5.2941192054626 0.0030953960580689 0.0030953960580689 0.0015543905388204 0.0015555313950263 1097.4415978504 1097.4282713308 0.72826023068251 0.72929613538336 0.0 0.0 0.0 0.0
25 13 2 5.3945038649468 0.0025971802126997 0.0025971802126997 0.0013078926813663 0.0013058781802134 1097.4154228524 1097.4106295051 0.72783428712281 0.72676231923364 1.3739391200614 1.3759656679153 11551260.0 11533468.0 3616869.0 3616617.0 1502559.0 1321846.0 62952.0 63060.0 13.007749803917 11.460958663951 0.75300876268043 0.75790733541724 31.311467320448 31.357584726467 54.927774112954 56.423549274165
26 7 2 5.4949344720864 0.0024895402711539 0.0024895402711539 0.0012553684587495 0.0012586008091829 1097.4648712403 1097.4120595794 0.72812282545623 0.72776089665848 31.539532195558 31.546082212208 68.460467804442 68.453917787792 2.5138082098143 2.5147063100315
27 12 2 5.5954107841267 0.0027383529027522 0.0027383529027522 0.0012508815740999 0.0012578970019007 997.66956587722 997.66399372045 0.72823259695385 0.72731907793091 386017.0 389457.0 0.031086713797579 0.041853144249558 0.0020724475865053 0.028244453174548 97.717717095361 97.39894263038 13.97632456955 14.022232823569 0.0043447800183567 0.005868745330657 0.00028965200122378 0.003960502983879 13.657345303202 13.657506503326
1 7 2 5.6992267640768 7.6503036361845e-05 7.6503036361845e-05 5.6822700683715e-05 5.8612563218801e-05 1097.3481943954 1097.5162720718 0.67492226752881 0.66831228117286 60.254734425811 60.751375409532 39.745265574189 39.248624590468 1.6180278399689 1.6160992682151
2 10 2 5.7996087134048 0.0033878175671415 0.0033878175671415 0.0016951732815947 0.0017011397919786 1097.4268335874 1097.42824276 0.73167836175916 0.7264943990258 0.17002096145513 0.13223852557622 5.76e-07 4.48e-07 0.056673653818378 0.018891217939459 1.92e-07 6.4e-08 0.22669461527351 0.15112974351568 7.68e-07 5.12e-07
3 5 2 5.899981140954 0.0026225861157282 0.0026225861157282 0.0013185870194333 0.0013170679913608 1097.4223848754 1097.4508617369 0.7297007714242 0.7275534336621 1.0078890726758 1.0078908135787
4 6 2 6.0003546445946 0.0025598666513281 0.0025598666513281 0.0012867540062745 0.0012896647973963 1097.4377496771 1097.4474821763 0.72983159990876 0.72754290292778 0.0 0.0 0.0 0.0
5 7 2 6.1018390622873 7.638709384945e-05 7.638709384945e-05 5.3535549297162e-05 5.5511553912694e-05 1097.8839673739 1097.2188493509 0.68863747582318 0.67647042590886 0.0014739123342577 0.00011038197683082 5.8257404516114e-06 0.0 0.0039525691699605 0.0
6 8 2 6.207662603144 8.0035659786361e-05 8.0035659786361e-05 5.5402404906885e-05 5.6542808212388e-05 997.57382236676 997.76606968406 0.67762735148789 0.67087240387974 14.649957491335 14.385723210996 0.08583480478713 0.0056069077102991 0.0 0.0 97.857399777647 97.536965541547
7 7 2 6.3088037331735 7.6582746839116e-05 7.6582746839116e-05 5.3945877094932e-05 5.5446336249472e-05 1097.8018744374 1097.5673326556 0.68865595531992 0.67870606497394 0.0 0.0 0.0 0.0 - -
8 10 2 6.4091383652753 0.0025700659692153 0.0025700659692153 0.0012912775758597 0.0012942227874148 1097.4276799659 1097.4139059206 0.73202987758632 0.72642691491398 543.23897391097 0.0 0.00139616 0.0 1.1205938036211 0.0 2.88e-06 0.0 544.35956771459 0.0 0.00139904 0.0
9 19 2 6.5095884797425 0.0027533728929125 0.0027533728929125 0.00138760587604 0.0013959736645517 1097.4180260607 1097.4515557868 0.72932525379098 0.72745456266186 0.0396728515625 0.0 14.408818966956 0.0 0.00201416015625 0.0 0.73152465524545 0.0 0.0 0.0 0.0 0.0 0.0 0.0 0.0 0.0 544.70500667039 0.0 0.001499776 0.0 0.25568639896622 0.0 7.04e-07 0.0 544.96069306936 0.0 0.00150048 0.0 0.0 0.0
10 9 2 6.6099921809728 0.0021406402657311 0.0021406402657311 0.0010835036117444 0.0010859710133363 1097.4319961666 1097.4349910806 0.72880194699264 0.72707805658004 0.0 0.0 0.0 0.0 0.0 0.0 0.0 0.0 - -
11 7 2 6.7103873006456 0.0029150402336324 0.0029150402336324 0.0014674943431836 0.0014705006962979 1097.4430111116 1097.430120034 0.72879569517119 0.72690401787813 4080027.0 4098775.0 5655491.0 5681833.0 5669034.0 5695429.0
12 10 2 6.8108668799096 0.0007999145670351 0.0007999145670351 0.0003794096434983 0.00037769224503346 997.64343631657 997.63236723831 0.72111686505136 0.72045493814362 0.0 0.0 0.0 0.0 - - 0.0 0.0 0.0 0.0 - -
13 9 2 6.9112585729377 0.00053734191429785 0.00053734191429785 0.00028072263783148 0.00029054740705558 1097.5306165186 1097.4809184959 0.0 0.0 0.7244340295228 0.71849796891152 0.0133056640625 0.0 24.762006663646 0.0 0.00067138671875 0.0 1.2494590518354 0.0
14 10 2 7.0116608303214 0.0023985036597032 0.0023985036597032 0.0012042459629916 0.0012111771513106 1097.4371000406 1097.4499324396 0.72922569936955 0.7264403210577 2.4815471829368 1.5743148794975 5.952e-06 3.776e-06 1.5743148794975 0.85386569735458 3.776e-06 2.048e-06 4.2159618806882 2.4281805768521 1.0112e-05 5.824e-06
15 19 2 7.112096468279 0.0029898448933479 0.0029898448933479 0.0015020284545608 0.0015067589996466 1097.4055995767 1097.4271491694 0.72973235823427 0.72694207161589 0.0399169921875 0.0 13.350857188716 0.0 0.00201416015625 0.0 0.67366710585266 0.0 0.0 0.0 0.0 0.0 0.0 0.0 0.0 0.0 543.08636665824 0.0 0.001623744 0.0 0.14984054891836 0.0 4.48e-07 0.0 543.23620720716 0.0 0.001624192 0.0 0.0 0.0
16 13 2 7.2124856712605 0.0024635890759968 0.0024635890759968 0.0012354517090423 0.0012495731447316 1097.4338044047 1097.4316005757 0.73054989434894 0.72685164939095 204.0 204.0 0.04046630859375 0.0 16.42575419254 0.0 0.0037841796875 0.0 1.5360433784879 0.0 0.0 0.0 0.0 0.0 0.00201416015625 0.0 0.81757147564677 0.0
17 9 2 7.3128997728964 0.0033356361901571 0.0033356361901571 0.0016703448266261 0.0016768027339863 1097.4418814577 1097.4395682456 0.73043286409784 0.72728328132323 0.2012235191038 0.20120011519094 1.1883056464719e-06 0.0 5.905401375368e-06 0.0 49.0 0.0 9.7044961128542e-06 0.0
18 8 2 7.4133253184207 0.00057311380257503 0.00057311380257503 0.00026895945472829 0.00027104053224568 1004.551774407 1009.5494563496 0.72427957440373 0.72028293541278 0.091430752794134 0.091430455876494 0.00071469341360015 0.00071371745695128 0.0078167727133272 0.0078061237922228 10.937239051849 10.937274570202
19 5 2 7.5136890810787 0.001034026956183 0.001034026956183 0.00053101353646255 0.0005337902690543 1097.3884516132 1097.4346484099 0.72937304200041 0.72123013808946 6.2739018087855 5.5432203389831
20 6 2 7.6159593299464 7.9551962117465e-05 7.9551962117465e-05 5.1375214202941e-05 5.2813173096893e-05 997.60082411325 997.38144379832 0.68540147308508 0.67480874506672 0.0 0.0 - -
21 7 2 7.7234741215139 8.0441458579741e-05 8.0441458579741e-05 5.4622963251297e-05 5.6562735831706e-05 997.4348488758 997.4534119329 0.67327434616351 0.66731141199226 86.221363602444 86.528945472015 13.778636397556 13.471054527985 1.5474438960797 1.5755759505525
22 7 2 7.8238311803396 0.00021252896582503 0.00021252896582503 0.00012334517007035 0.00012542896499037 1097.607514315 1097.5357145551 0.70896959978341 0.70131553957381 2.0400502668386e-06 0.0 2.0400502668386e-06 0.0 1.0 -
23 9 2 7.9241883234048 0.0004890808435137 0.0004890808435137 0.00026053414786083 0.00026173750432736 1097.3778266274 1097.3873068222 0.72043377036821 0.71642468239564 0.0 0.0 0.0 0.0 0.0 0.0 0.0 0.0 - -
24 6 2 8.0245173141786 0.0013904768119246 0.0013904768119246 0.00070641372429484 0.0007081592025869 1097.4483706485 1097.4253410489 0.72851364542903 0.72499061078577 0.0 0.0 0.0 0.0
25 13 2 8.1248967834238 0.0011750746457143 0.0011750746457143 0.00060361891164593 0.0006045826837802 1097.4270640071 1097.4472791997 0.72824807048699 0.7213012798934 1.3731584614173 1.3863832324653 5331140.0 5339652.0 1668427.0 1687181.0 690854.0 608098.0 33508.0 29468.0 12.9588418237 11.388345158074 0.84013925726955 0.77220388145145 31.295876679284 31.597208956689 54.905142239746 56.242242003786
26 7 2 8.2253514739971 0.0037523698117375 0.0037523698117375 0.0018802927128488 0.0018860132982943 1097.4374738411 1097.4402189387 0.73006493031474 0.7276728517898 31.440897624546 31.542396080974 68.559102375454 68.457603919026 2.52318055739 2.5153482495319
27 12 2 8.3257793293136 0.0039991208405373 0.0039991208405373 0.0020012746484282 0.0019981976428454 1097.4239603495 1097.42873664 0.72946700722138 0.72842997161073 632253.0 630402.0 0.021035882787428 0.037277800514592 0.0026887970480172 0.0071383022261985 97.794553762497 97.739220370494 14.30826406107 14.288343477632 0.0030098696568024 0.0053263801784315 0.00038472018169655 0.0010199451405507 13.992702989683 13.965315518896
1 7 2 8.4262374546839 0.0037279204344364 0.0037279204344364 0.001878741528845 0.0018763271166045 1097.4265689125 1097.4315957553 0.72848253615022 0.72880240807142 57.979665612727 58.118550884366 42.020334387273 41.881449115634 1.4703166766622 1.46060821356
2 10 2 8.5265890959145 0.0040760813063426 0.0040760813063426 0.0020409618610008 0.0020389595881598 1097.4171163102 1097.4317760003 0.73043009619826 0.72883199838368 0.23552032647292 0.26692303666931 9.6e-07 1.088e-06 0.03140271019639 0.078506775490975 1.28e-07 3.2e-07 0.26692303666931 0.34542981216029 1.088e-06 1.408e-06
3 5 2 8.6269634437615 0.0038279090759651 0.0038279090759651 0.0019168372492749 0.0019197290185782 1097.4447366292 1097.4167126859 0.73005881201286 0.72888876355013 1.0078897004257 1.007890836933
4 6 2 8.7273690073184 0.0025068519375358 0.0025068519375358 0.001142960834282 0.0011500736356771 997.64907710068 997.66225054854 0.73040897336268 0.72546882530624 0.0 0.0 0.0 0.0
5 7 2 8.827730947505 0.0020594442750199 0.0020594442750199 0.0010378997078361 0.0010370487079112 1097.4304663748 1097.4284461883 0.72801375418024 0.72703528660944 0.00017980566375134 8.7950607954609e-05 1.9060671069046e-06 5.0801795208438e-06 0.010600706713781 0.057761732851986
6 8 2 8.9282039044589 0.0031332367955516 0.0031332367955516 0.0014678557577339 0.0014706764216682 1026.6477091997 1027.8065949794 0.73027888167926 0.72786268507909 14.087235715264 13.993668469223 0.0064794576508819 0.0065594166122615 0.0 0.0 99.347703741918 99.367185671524
7 7 2 9.0285982922445 0.0027979183684948 0.0027979183684948 0.001402141715631 0.0014077268838452 1097.4163915543 1097.4275979783 0.73009671921572 0.72762872359103 0.0 0.0 0.0 0.0 - -
8 10 2 9.1289255991345 0.0032465108185591 0.0032465108185591 0.0016240357567342 0.0016233767865954 1097.4404822892 1097.4430112931 0.73015882712154 0.72914322237113 844.78141404045 0.0 0.002742592 0.0 35.917945917011 0.0 0.000116608 0.0 880.69935995746 0.0 0.0028592 0.0
9 19 2 9.2360900948575 8.0845445771365e-05 8.0845445771365e-05 5.424886748865e-05 6.0252968609004e-05 997.82437143055 997.78083985225 0.67990940671616 0.66358743634124 0.0 0.0 0.0 0.0 0.0 0.0 0.0 0.0 0.0 0.0 0.0 0.0 0.0 0.0 0.0 0.0 1415.4415119884 0.0 0.000114432 0.0 87.871369032839 0.0 7.104e-06 0.0 1503.3128810213 0.0 0.000121536 0.0 0.0 0.0
10 9 2 9.3364906194441 0.0013588344698506 0.0013588344698506 0.00069495398448581 0.0006969748262448 1097.4697358079 1097.4233251605 0.72860761080453 0.72355060811738 0.0 0.0 0.0 0.0 0.0 0.0 0.0 0.0 - -
11 7 2 9.4369177410619 0.0021963153167024 0.0021963153167024 0.0011104040862216 0.0011131282823624 1097.4512312134 1097.4418512359 0.7279517866241 0.72755182056909 3090099.0 3099472.0 4284324.0 4297243.0 4294638.0 4307539.0
12 10 2 9.5373547775761 0.0020628691081399 0.0020628691081399 0.0010467856144501 0.0010489377973364 1097.4537683258 1097.4087035698 0.7273287697744 0.72701951959258 0.0 0.0 0.0 0.0 - - 0.0 0.0 0.0 0.0 - -
13 9 2 9.6377402703972 0.0025548811232951 0.0025548811232951 0.0012839790852845 0.0012932803016011 1097.4378992207 1097.4400822884 0.0 0.0 0.73024704380198 0.72756654675388 0.04010009765625 0.0 15.695484729454 0.0 0.001953125 0.0 0.76446805379382 0.0
14 10 2 9.7381463022531 0.0015587392888378 0.0015587392888378 0.00079420213379659 0.0007963855668132 1097.447352645 1097.4310764314 0.72796368797529 0.72544263085024 0.32847058110773 0.28741175846926 5.12e-07 4.48e-07 0.1231764679154 0.16423529055386 1.92e-07 2.56e-07 0.45164704902312 0.45164704902312 7.04e-07 7.04e-07
15 19 2 9.8390884423226 7.88934448791e-05 7.88934448791e-05 5.232902252756e-05 5.8962655258179e-05 997.83966832233 997.61269879084 0.67450087565674 0.6623978589818 0.0 0.0 0.0 0.0 0.0 0.0 0.0 0.0 0.0 0.0 0.0 0.0 0.0 0.0 0.0 0.0 1242.7901982256 0.0 9.8048e-05 0.0 26.770284948724 0.0 2.112e-06 0.0 1269.5604831744 0.0 0.00010016 0.0 0.0 0.0
16 13 2 9.9394851027626 0.0013169991504956 0.0013169991504956 0.00066239814222629 0.00068016678515115 1097.4022899942 1097.4028048318 0.73161006647958 0.72086161520211 204.0 204.0 0.02752685546875 0.0 20.901194551562 0.0 0.0020751953125 0.0 1.5756998109825 0.0 0.0 0.0 0.0 0.0 0.0013427734375 0.0 1.0195704659299 0.0
17 9 2 10.039889347473 0.0034126854244484 0.0034126854244484 0.0017121190044218 0.0017113110300385 1097.4170079984 1097.4300880724 0.72785280377925 0.729003024587 0.20117835993445 0.20120323654153 0.0 1.1575889505819e-06 0.0 5.7533316584746e-06 0.0 37.0 0.0 7.1384651952554e-06
18 8 2 10.140258813054 0.0027484399013305 0.0027484399013305 0.0013804980565497 0.0013834921813522 1097.4308879177 1097.4239402299 0.73006459413285 0.72708607699966 0.091429116148485 0.091428859771744 0.0007142263493956 0.00071405738593588 0.0078118041547691 0.0078099780279285 10.937434836141 10.93746550593
19 5 2 10.240633160901 0.0031508908546654 0.0031508908546654 0.0015768928971341 0.0015836094106451 1097.42082891 1097.4398121092 0.73100436112793 0.7268137839976 6.3161893629456 6.0784143518519
20 6 2 10.341002211624 0.0033253680314031 0.0033253680314031 0.0016676582212217 0.0016665377455355 1097.4319790199 1097.4169198379 0.73002619207029 0.72826222269106 0.0 0.0 - -
21 7 2 10.441437942879 0.0027521192644973 0.0027521192644973 0.00138834863276 0.0013912394962624 1097.4485702745 1097.4255141539 0.72859627623265 0.72751205713533 85.761423811949 85.775156550919 14.238576188051 14.224843449081 1.3736781811773 1.3746787178285
22 7 2 10.541851862449 0.0029069985334368 0.0029069985334368 0.0014635672434766 0.0014665464225646 1097.4488274379 1097.4155554791 0.7294802959418 0.72782596304095 0.0 0.0 0.0 0.0 - -
23 9 2 10.642259496667 0.0023562643531565 0.0023562643531565 0.0011906784245392 0.0011925199177244 1097.4346006177 1097.4330708898 0.72791299400145 0.72814747052509 0.0 0.0 0.0 0.0 0.0 0.0 0.0 0.0 - -
24 6 2 10.746568559289 0.0001065439224834 0.0001065439224834 6.2146998245069e-05 6.1133407062497e-05 997.05306359508 997.09279562957 0.68065476190476 0.69236450927892 0.0 0.0 0.0 0.0
25 13 2 10.854661923015 7.9603592767516e-05 7.9603592767516e-05 5.4849866371256e-05 5.6386557560919e-05 997.79604576207 997.66662496952 0.67569769128625 0.66473210710377 1.4799517785778 1.5043654267837 484432.0 498004.0 163757.0 171107.0 54752.0 48383.0 3528.0 3272.0 11.302308683159 9.7153838121782 1.0294530501701 0.97790379193741 33.803918816263 34.358559369001 53.864319450408 54.948153026883
26 7 2 10.955084058199 0.0019763913925087 0.0019763913925087 0.0010014027259561 0.0010037310871132 1097.4457283174 1097.4327734876 0.72906646935504 0.72587611989868 31.491555288618 31.634952886186 68.508444711382 68.365047113814 2.5234968872393 2.5129218123377
27 12 2 11.055527904524 0.0018119541127036 0.0018119541127036 0.00091517002946242 0.00092150248340108 1097.4244936655 1097.4189810652 0.72768643776345 0.72518785777448 282609.0 283148.0 0.033261502641459 0.015892748668541 0.0 0.0 97.687617874873 97.419723960614 13.985788001803 13.91617014856 0.0046518832456486 0.0022116619459971 0.0 0.0 13.662383139991 13.557094544616
1 7 2 11.155966522567 0.0025894156875728 0.0025894156875728 0.0013049058029708 0.0013047074325785 1097.4114311814 1097.4187669085 0.72786883092375 0.72780488199245 57.95458173968 58.097349955672 42.04541826032 41.902650044328 1.4826821468043 1.4714044191231
2 10 2 11.256351618647 0.0014574689390666 0.0014574689390666 0.00074181966901723 0.00074425717918014 1097.4672687714 1097.4579837374 0.72744363406711 0.72484190384949 0.0 0.0 0.0 0.0 0.0 0.0 0.0 0.0 0.0 0.0 0.0 0.0
3 5 2 11.356728897666 0.0025909021068138 0.0025909021068138 0.0012987517918052 0.0013051490105066 1097.4260687554 1097.4417993437 0.72919827228015 0.72765210145568 1.0078909894703 1.00789005244
4 6 2 11.457093212862 0.002735872819948 0.002735872819948 0.0013736040060666 0.0013730306341108 1097.4161215744 1097.4378593714 0.72766993412617 0.72922250140594 0.0 0.0 0.0 0.0
5 7 2 11.557457991829 0.0021266075985279 0.0021266075985279 0.0010743246785463 0.001076823783169 1097.4484556234 1097.4626422406 0.73101001830222 0.72501674088765 7.3652657150579e-05 3.9641446168746e-06 0.0 0.0 0.0 0.0
6 8 2 11.657906946871 0.0022816734624483 0.0022816734624483 0.0011560818129014 0.0011578526536181 1097.443286312 1097.4728778246 0.7290113691957 0.72640543634567 14.366270237066 14.265206561399 0.014573273400094 0.00027380885325723 0.013162956619439 0.0 99.428860879301 99.416239524856
7 7 2 11.758299430663 0.0025752725126625 0.0025752725126625 0.0012976172762054 0.0012999202749379 1097.4473929572 1097.4509430233 0.72837810732284 0.72854972961887 0.0 0.0 0.0 0.0 - -
8 10 2 11.858565559762 0.0023649564183826 0.0023649564183826 0.0011834415284238 0.0011903876624574 1097.4260307438 1097.4147456056 0.7304929306766 0.72782269732734 541.75036378735 0.0 0.001281216 0.0 0.4600507609963 0.0 1.088e-06 0.0 542.21041454834 0.0 0.001282304 0.0
9 19 2 11.958990821771 0.0022270283070755 0.0022270283070755 0.0011234901915072 0.0011283221862913 1097.4284935057 1097.4349926599 0.72881694051283 0.72616783802186 0.02685546875 0.0 12.058880735677 0.0 0.0013427734375 0.0 0.60294403678386 0.0 0.0 0.0 0.0 0.0 0.0 0.0 0.0 0.0 548.11696650726 0.0 0.001220672 0.0 0.11495139023903 0.0 2.56e-07 0.0 548.2319178975 0.0 0.001220928 0.0 0.0 0.0
10 9 2 12.059396590038 0.0030062362660376 0.0030062362660376 0.0015114555771994 0.001513576057055 1097.4239018749 1097.4297893705 0.72853411456258 0.72887709993472 0.0 0.0 0.0 0.0 0.0 0.0 0.0 0.0 - -
11 7 2 12.159798378217 0.0025310024005471 0.0025310024005471 0.0012708966032024 0.0012774170108233 1097.4431079288 1097.4225923452 0.72856598738647 0.72787328691295 3534493.0 3555095.0 4899932.0 4929646.0 4911364.0 4941263.0
12 10 2 12.262822091277 7.8742176132461e-05 7.8742176132461e-05 5.4244791384699e-05 5.6200868380913e-05 997.74939777577 998.04677708125 0.67586463747016 0.66225310470335 0.0 0.0 0.0 0.0 - - 0.0 0.0 0.0 0.0 - -
13 9 2 12.369666892733 7.9522070688489e-05 7.9522070688489e-05 4.7404183153439e-05 5.5964454351734e-05 997.62570547126 997.86125001497 0.0 0.0 0.69567182432073 0.67132620187214 0.0 0.0 0.0 0.0 0.0 0.0 0.0 0.0
14 10 2 12.470072588536 0.0023576339240842 0.0023576339240842 0.0011908686427236 0.0011935928388645 1097.4381316781 1097.4294141406 0.72761065066718 0.72837033810615 0.24431273834157 0.2714585981573 5.76e-07 6.4e-07 0.081437579447191 0.02714585981573 1.92e-07 6.4e-08 0.32575031778877 0.29860445797303 7.68e-07 7.04e-07
15 19 2 12.570532478407 0.0024327538025052 0.0024327538025052 0.0012253909786895 0.0012300880091427 1097.4189595987 1097.4154049066 0.7286661996786 0.72642029209551 0.039794921875 0.0 16.357973352675 0.0 0.00201416015625 0.0 0.8279342341078 0.0 0.0 0.0 0.0 0.0 0.0 0.0 0.0 0.0 547.67235329279 0.0 0.001332352 0.0 0.39461453066537 0.0 9.6e-07 0.0 548.06696782345 0.0 0.001333312 0.0 0.0 0.0
16 13 2 12.670937723122 0.0018321407910725 0.0018321407910725 0.00092234623691901 0.00093607681952938 1097.4126412061 1097.4373712469 0.73025387263339 0.72564963904456 204.0 204.0 0.0267333984375 0.0 14.591345036235 0.0 0.0028076171875 0.0 1.5324243645361 0.0 0.0 0.0 0.0 0.0 0.0013427734375 0.0 0.73289860912597 0.0
17 9 2 12.771401983481 0.0015424810688771 0.0015424810688771 0.00070808402111401 0.00071583043022335 997.64631500833 997.68469641155 0.7288136383321 0.7245519303314 0.20127830228479 0.20124524791958 2.7969563520976e-06 0.0 1.3895965538005e-05 0.0 38.0 0.0 1.7714056896618e-05 0.0
18 8 2 12.876415125126 7.8873517259783e-05 7.8873517259783e-05 5.4663271390372e-05 5.6501141371996e-05 1097.6475644304 1097.5379459191 0.68441556232244 0.67899615202495 0.091438000782539 0.091442473589393 0.00071449228518449 0.00071843381428486 0.0078139534883721 0.0078566751979049 10.936372093023 10.93583715255
19 5 2 12.976806233912 0.0028220579618957 0.0028220579618957 0.0014143881435026 0.0014204049258352 1097.4220170844 1097.4305651428 0.73008395031712 0.72741178432506 6.3249918752031 6.3407550822846
20 6 2 13.077204319177 0.0024266179073571 0.0024266179073571 0.0012235798298337 0.0012265440632072 1097.4290685743 1097.4500802643 0.72983721081011 0.72730519824063 0.0 0.0 - -
21 7 2 13.177633729754 0.0035593074125834 0.0035593074125834 0.0017871310925382 0.0017899590028796 1097.4443315394 1097.4259130999 0.72955258440394 0.72846749905076 85.864435326279 85.884111003127 14.135564673721 14.115888996873 1.3722931048905 1.3733488255306
22 7 2 13.27805206782 0.002421202123907 0.002421202123907 0.0012225259305121 0.0012252270287305 1097.4497110235 1097.4205042787 0.72915540020367 0.72702582640269 0.0 0.0 0.0 0.0 - -
23 9 2 13.378460250953 0.0039859713291902 0.0039859713291902 0.0019972406642177 0.0019988303447587 1097.4377304398 1097.4463754444 0.72976127435081 0.72904254131198 0.0 0.0 0.0 0.0 0.0 0.0 0.0 0.0 - -
24 6 2 13.478813919366 0.003340042005628 0.003340042005628 0.0016711922033475 0.0016779304560795 1097.4407499969 1097.4321699412 0.7298599431576 0.72739004593044 0.0 0.0 0.0 0.0
25 13 2 13.579235178641 0.0023641593136099 0.0023641593136099 0.0011931797936641 0.001192128611745 1097.4304673306 1097.4160098585 0.72851654207318 0.72666565626198 1.3726524275677 1.3761487024777 10538120.0 10528836.0 3296605.0 3302075.0 1370908.0 1206251.0 65720.0 63384.0 13.009037665162 11.45664155088 0.82938892326145 0.81170416178958 31.282667117095 31.362203761176 54.878906294481 56.369450526155
26 7 2 13.679688647289 0.0027689816536436 0.0027689816536436 0.0013954985719911 0.0013972680540065 1097.4525277048 1097.4271718301 0.73122127618575 0.72537743594663 31.390462565817 31.665961677776 68.609537434183 68.334038322224 2.5270482367693 2.5041020165031
27 12 2 13.780192129732 0.00051604381825154 0.00051604381825154 0.00025465776466429 0.00025668494702943 997.68680579215 997.66284929241 0.71853910687701 0.71429309612542 79744.0 79053.0 0.16929173354735 0.016444663706627 0.1479735152488 0.0 96.688152086677 96.506141449407 14.182207504419 13.948281277018 0.024009304939514 0.00229374794886 0.020985910984168 0.0 13.712514361121 13.46094805896
1 7 2 13.886448442321 8.1181497897133e-05 8.1181497897133e-05 5.5354397460347e-05 6.1118914248448e-05 997.72645232391 997.47043307747 0.67753183327513 0.66031550310219 60.692837623341 61.556872915895 39.307162376659 38.443127084105 1.483647818165 1.5388882297105
2 10 2 13.987384691967 7.7196879834455e-05 7.7196879834455e-05 5.3530567392333e-05 5.5363908369567e-05 1097.3571268065 1097.1652085755 0.68847713134043 0.67555857663124 0.0 0.0 0.0 0.0 0.0 0.0 0.0 0.0 0.0 0.0 0.0 0.0
3 5 2 14.087755749945 0.0032190116097015 0.0032190116097015 0.0016153128942783 0.0016174501314501 1097.437717735 1097.4405274668 0.73076474680037 0.72747437106313 1.0078897327109 1.007892777029
4 6 2 14.18812100174 0.002531411822544 0.002531411822544 0.0012690985884594 0.0012759065878591 1097.4284297176 1097.4415766746 0.73010776950323 0.7265838239872 0.0 0.0 0.0 0.0
5 7 2 14.288486398463 0.0034281447280346 0.0034281447280346 0.0017185932161979 0.001717641219475 1097.4384803136 1097.4124317185 0.72906691474598 0.72906941828406 0.00011739193169672 5.8055866660669e-05 5.7639246332271e-07 3.6525214124262e-06 0.0049099836333879 0.062913907284768
6 8 2 14.388914360664 0.002746883735422 0.002746883735422 0.0013832014192703 0.0013853680949707 1097.4232814496 1097.4334989549 0.72922647357497 0.72729970298188 14.401086278886 14.300822523276 0.003929149574866 0.006996024688775 0.0 0.0 99.419762836532 99.422762579768
7 7 2 14.489313451368 0.0032253857304805 0.0032253857304805 0.0016141942301939 0.0016207948011924 1097.4374853106 1097.4335496557 0.72980708096702 0.72810082203553 0.0 0.0 0.0 0.0 - -
8 10 2 14.589637121467 0.0034993053508175 0.0034993053508175 0.0017511594751675 0.0017502663555017 1097.4321660108 1097.4175456821 0.73014138125731 0.72940385534046 536.40817585738 0.0 0.001877056 0.0 0.12802540935598 0.0 4.48e-07 0.0 536.53620126674 0.0 0.001877504 0.0
9 19 2 14.690071793841 0.0027238329146765 0.0027238329146765 0.0013737185898777 0.001381360831886 1097.4414835444 1097.425306557 0.72961051700544 0.72665883154009 0.02593994140625 0.0 9.5233232796625 0.0 0.00128173828125 0.0 0.47056420911273 0.0 0.0 0.0 0.0 0.0 0.0 0.0 0.0 0.0 543.93938483409 0.0 0.0014816 0.0 0.11748150860347 0.0 3.2e-07 0.0 544.05686634269 0.0 0.00148192 0.0 0.0 0.0
10 9 2 14.790486505987 0.0029167304580709 0.0029167304580709 0.0014743503500297 0.0014734422846495 1097.4283943783 1097.4461671358 0.72879084173516 0.72815955759121 0.0 0.0 0.0 0.0 0.0 0.0 0.0 0.0 - -
11 7 2 14.890895564123 0.002478825552567 0.002478825552567 0.0012484576509502 0.00125121173852 1097.4340813814 1097.4338274575 0.72953190683021 0.72727502473905 3466892.0 3485836.0 4806725.0 4832504.0 4818274.0 4843885.0
12 10 2 14.991335654092 0.0032655308253971 0.0032655308253971 0.0016382097288744 0.0016442641019435 1097.4461910294 1097.4232869167 0.72890520700985 0.72806380214261 0.0 0.0 0.0 0.0 - - 0.0 0.0 0.0 0.0 - -
13 9 2 15.091723571742 0.0024572321654345 0.0024572321654345 0.0012333017906582 0.0012389064335913 1097.437256693 1097.4304577215 0.0 0.0 0.7298667562231 0.72762001633724 0.0401611328125 0.0 16.344053027402 0.0 0.00201416015625 0.0 0.81968655000651 0.0
14 10 2 15.192134693293 0.003043328811995 0.003043328811995 0.0015299742232513 0.0015319900831055 1097.4419367716 1097.4321259545 0.72951032611454 0.72800094695951 1.2407466406907 1.2617762447702 3.776e-06 3.84e-06 0.63088812238509 0.56779931014658 1.92e-06 1.728e-06 1.8716347630758 1.8295755549168 5.696e-06 5.568e-06
15 19 2 15.292585952693 0.0010929873469391 0.0010929873469391 0.00056255805204168 0.00057087602150509 1097.4388052837 1097.5043487494 0.7278165380809 0.72124507268875 0.01324462890625 0.0 12.117824550615 0.0 0.00067138671875 0.0 0.61426760394822 0.0 0.0 0.0 0.0 0.0 0.0 0.0 0.0 0.0 567.16484571943 0.0 0.000619904 0.0 0.17566534556662 0.0 1.92e-07 0.0 567.340511065 0.0 0.000620096 0.0 0.0 0.0
16 13 2 15.398498790118 9.1939694926101e-05 9.1939694926101e-05 4.6716227386537e-05 6.3568199822776e-05 997.0059115488 997.50605716612 0.70117395944504 0.65563340807175 203.0 203.0 0.0 0.0 0.0 0.0 0.00030517578125 0.0 3.3193038273109 0.0 0.0 0.0 0.0 0.0 0.0 0.0 0.0 0.0
17 9 2 15.498954092107 0.00038003962800943 0.00038003962800943 0.00020847324239319 0.00021123865247396 1097.3797496069 1097.4377772838 0.71676022453889 0.71327878880563 0.20129397933682 0.20127389509099 0.0 0.0 0.0 0.0 0.0 0.0 0.0 0.0
18 8 2 15.599326468931 0.0023725361601304 0.0023725361601304 0.0011939248148863 0.0011969424905116 1097.4109521031 1097.4245643184 0.72964391256922 0.72797172112374 0.091429439731013 0.091429267138477 0.00071437250498967 0.00071424380642092 0.0078133750692487 0.0078119821888011 10.937396126915 10.937416773618
19 5 2 15.699698012418 0.002981277828643 0.002981277828643 0.0014928341227478 0.0014995375021461 1097.4211856658 1097.4467756937 0.72996736791869 0.72788506373294 5.8475515860795 6.2639951055369
20 6 2 15.800060939928 0.0022897224090509 0.0022897224090509 0.0011526139542397 0.0011519454731917 1097.414688862 1097.4289063298 0.72800886096191 0.72814715444082 0.0 0.0 - -
21 7 2 15.900498586952 0.003087854359958 0.003087854359958 0.0015538488698953 0.0015558275919135 1097.4393267751 1097.4326897579 0.73076127622368 0.72681339810911 85.838314556831 86.024988552517 14.161685443169 13.975011447483 1.3722921103322 1.3698911967219
22 7 2 16.000916518314 0.002797916556893 0.002797916556893 0.0014035968847416 0.0014102110427533 1097.4207076999 1097.4268363861 0.72963533406914 0.72729003305319 1.8463221171111e-07 0.0 0.0 0.0 0.0 -
23 9 2 16.101325061956 0.0034266990698332 0.0034266990698332 0.0017195755572501 0.0017187127819138 1097.4442151434 1097.4222607288 0.72759127260017 0.72948078080872 0.0 0.0 0.0 0.0 0.0 0.0 0.0 0.0 - -
24 6 2 16.201706074686 0.0017660445009989 0.0017660445009989 0.00089546523716067 0.00089757711190791 1097.4374558433 1097.4621524366 0.73077419199843 0.72441332281108 0.0 0.0 0.0 0.0
25 13 2 16.302146361213 0.0030320570258682 0.0030320570258682 0.0015277455001908 0.0015307074690621 1097.4327566124 1097.4331146195 0.72811603412504 0.72735732357035 1.3734074695961 1.3748400787268 13492992.0 13519152.0 4222906.0 4235505.0 1762297.0 1548645.0 73172.0 73492.0 13.060831874798 11.455193343488 0.74741762242207 0.7541227437934 31.297031822149 31.329664760038 54.894718680631 56.461019152681
26 7 2 16.402581971997 0.0031370918840887 0.0031370918840887 0.0015773045836332 0.0015799807723275 1097.419089144 1097.4367288088 0.72935138194972 0.72776833798022 31.470617117766 31.540685716808 68.529382882234 68.459314283192 2.5230644811747 2.5158673056077
27 12 2 16.503023430631 0.003902584206155 0.003902584206155 0.0019558600569035 0.0019608745705645 1097.4362239933 1097.4261895596 0.73001495521802 0.72785388834075 614945.0 612503.0 0.020814869622487 0.008163225322978 0.00081308084462838 0.00048979351937868 97.926806462367 97.758215061804 14.239713086957 14.146895562701 0.0029639777136663 0.0011548429609896 0.00011578037944009 6.9290577659378e-05 13.944496275461 13.829752588754
1 7 2 16.603458680906 0.0036870968946621 0.0036870968946621 0.0018504483855178 0.0018501476596263 1097.4364665183 1097.417781963 0.72909651072426 0.72795024481463 57.808375550967 57.982540979935 42.191624449033 42.017459020065 1.489290712743 1.4781819778918
2 10 2 16.703840041464 0.0031846826622231 0.0031846826622231 0.0015967208783553 0.0016001683564972 1097.4128714647 1097.4337615537 0.7305829668895 0.72780169572526 0.24115432570726 0.040192387617876 7.68e-07 1.28e-07 0.040192387617876 0.0 1.28e-07 0.0 0.28134671332513 0.040192387617876 8.96e-07 1.28e-07
3 5 2 16.804205339454 0.0035994905511368 0.0035994905511368 0.0017998508013687 0.001806445937562 1097.4214513351 1097.4398394807 0.73032258538768 0.72803430067116 1.007892012585 1.0078914938497
4 6 2 16.909143181871 8.1502151407974e-05 8.1502151407974e-05 5.2548226340055e-05 5.3912815362883e-05 998.06895693054 997.87778146692 0.68827933133223 0.67720446012061 0.0 0.0 0.0 0.0
5 7 2 17.011987154146 7.808637629673e-05 7.808637629673e-05 5.4151946794696e-05 5.6016085001784e-05 1097.3598606139 1097.7735294516 0.68913903009764 0.67707324016138 0.0018789408767622 9.8536729565946e-05 0.0 5.4742627536637e-06 0.0 0.055555555555556
6 8 2 17.112422902611 0.0018973222222592 0.0018973222222592 0.00096838492524874 0.00096728800038539 1097.4150690129 1097.4158235092 0.72848870071415 0.72600032428894 14.36349053052 14.311840780087 0.018239768775854 0.00065550344303183 0.010382637610871 0.0 99.407862275715 99.419317592823
7 7 2 17.212813654512 0.00081045356025157 0.00081045356025157 0.00042012131686404 0.00042231697819251 1097.450615061 1097.4516816404 0.72462755997591 0.72365543499012 0.0 0.0 0.0 0.0 - -
8 10 2 17.313128906098 0.00045932075566435 0.00045932075566435 0.00024205671574888 0.00024517357657035 1097.4471696833 1097.4009486113 0.72389707276638 0.72257030278114 591.48208882277 0.0 0.00027168 0.0 1.2540256300129 0.0 5.76e-07 0.0 592.73611445278 0.0 0.000272256 0.0
9 19 2 17.413563020499 0.0016537505545415 0.0016537505545415 0.0008418205388577 0.00084936993627606 1097.4827663943 1097.4431604038 0.72734259410349 0.72483747787303 0.02655029296875 0.0 16.054593539418 0.0 0.00128173828125 0.0 0.77504934328223 0.0 0.0 0.0 0.0 0.0 0.0 0.0 0.0 0.0 555.11152965541 0.0 0.000918016 0.0 0.23219946862329 0.0 3.84e-07 0.0 555.34372912403 0.0 0.0009184 0.0 0.0 0.0
10 9 2 17.513977551484 0.0016141706793729 0.0016141706793729 0.00082229192482673 0.00082419908857553 1097.4293638327 1097.4594542042 0.72802857880664 0.7255156642818 0.0 0.0 0.0 0.0 0.0 0.0 0.0 0.0 - -
11 7 2 17.614388296222 0.001160945963618 0.001160945963618 0.00059694180047316 0.00059892006959089 1097.4872882724 1097.4690574637 0.72476876049245 0.72396319772083 1669064.0 1676681.0 2313717.0 2323937.0 2319081.0 2329347.0
12 10 2 17.714772401356 0.0023944130629378 0.0023944130629378 0.0012048039363325 0.0012111581294922 1097.3982915704 1097.413932068 0.72853240292542 0.72645338160734 0.0 0.0 0.0 0.0 - - 0.0 0.0 0.0 0.0 - -
13 9 2 17.815158091642 0.0017725825717369 0.0017725825717369 0.00089214910014602 0.0008985177861198 1097.408794937 1097.422211233 0.0 0.0 0.73112285611423 0.72464965009754 0.0135498046875 0.0 7.6441035264285 0.0 0.0006103515625 0.0 0.34432898767696 0.0
14 10 2 17.91556758094 0.0065372002633449 0.0065372002633449 0.0032629375174795 0.0032617377842165 1097.432313872 1097.4397601354 0.7311622016047 0.72833770642837 1.2237654772269 1.5664198108504 8e-06 1.024e-05 0.54824693379764 0.84195064833209 3.584e-06 5.504e-06 1.7818025348423 2.4573210782716 1.1648e-05 1.6064e-05
15 19 2 18.016018385627 0.0056378378179053 0.0056378378179053 0.0028125479584735 0.0028240466477203 1097.4331494022 1097.4350418483 0.73030973318636 0.72859874417019 0.06622314453125 0.0 11.746195380245 0.0 0.00323486328125 0.0 0.57377728585529 0.0 0.0 0.0 0.0 0.0 0.0 0.0 0.0 0.0 451.2254666001 0.0 0.002543936 0.0 0.079463087529263 0.0 4.48e-07 0.0 451.30492968763 0.0 0.002544384 0.0 0.0 0.0
16 13 2 18.116434050676 0.0039554494628024 0.0039554494628024 0.0019776767239525 0.0019874059311839 1097.4414476793 1097.4275982799 0.72961089130086 0.72848457642825 203.0 203.0 0.0526123046875 0.0 13.301220299304 0.0 0.00634765625 0.0 1.6047875999161 0.0 0.0 0.0 0.0 0.0 0.00250244140625 0.0 0.63265664996691 0.0
17 9 2 18.216849155939 0.0015167273383115 0.0015167273383115 0.00077297514311923 0.00077553493640068 1097.418813571 1097.465875797 0.72949369934493 0.7233740733794 0.20118840929083 0.20116643939432 0.0 0.0 0.0 0.0 0.0 0.0 0.0 0.0
18 8 2 18.31723080273 0.0022663110795561 0.0022663110795561 0.0011434141876215 0.0011464391096538 1097.4298951427 1097.4311698812 0.72827428008344 0.72792872223746 0.091429194514421 0.09142909233752 0.00071424100210666 0.00071431899001506 0.0078119577220382 0.0078128194402071 10.937425461429 10.937437684587
19 5 2 18.41759142407 0.00011912549667995 0.00011912549667995 6.89350700254e-05 7.0914697844444e-05 997.26365527641 997.57906341719 0.69700286204923 0.68852869913944 6.1882352941176 5.6079545454545
20 6 2 18.525264382964 8.0283849226955e-05 8.0283849226955e-05 5.1945415855693e-05 5.3377939944376e-05 997.705155137 997.73552258088 0.68825121364321 0.67569055072065 0.0 0.0 - -
21 7 2 18.626014648139 7.6709558962047e-05 7.6709558962047e-05 5.6897429256156e-05 5.8696802700462e-05 1097.5913465272 1097.5423540406 0.67529039922166 0.66688621429564 85.961044026459 86.50175151618 14.038955973541 13.49824848382 1.5289986996099 1.5281271837876
22 7 2 18.726440437324 0.0020867306206712 0.0020867306206712 0.0010571004219492 0.0010593395617198 1097.412056833 1097.4361500297 0.7309410482216 0.72427408075104 0.0 0.0 0.0 0.0 - -
23 9 2 18.826838806104 0.0022165681185354 0.0022165681185354 0.0011189081977654 0.0011211337505229 1097.4437103917 1097.4328412392 0.72954558340283 0.72727376890676 0.0 0.0 0.0 0.0 0.0 0.0 0.0 0.0 - -
24 6 2 18.927211012638 0.0019072389302725 0.0019072389302725 0.00095928434382667 0.00096589578443578 1097.4045173529 1097.4104884558 0.72923206692947 0.72620448174026 0.0 0.0 0.0 0.0
25 13 2 19.027646911466 0.0016261526133881 0.0016261526133881 0.00082741649329447 0.00082608134280018 1097.4417237279 1097.3737806296 0.72726056778718 0.72520018766351 1.3750229894117 1.3789295935262 7307712.0 7295920.0 2290179.0 2292966.0 948396.0 832084.0 45752.0 45880.0 12.978015553979 11.404785140188 0.83647248276889 0.83946918277613 31.339207128031 31.428058421693 54.846304835221 56.327687255343
26 7 2 19.128084435301 0.00066357070146371 0.00066357070146371 0.00035060789297799 0.00035360564098399 1097.3515170772 1097.4647928606 0.72184494309732 0.71816159873138 31.83924334002 31.996726258328 68.16075665998 68.003273741672 2.5075155276551 2.4933948219913
27 12 2 19.228523417476 0.0024460310317761 0.0024460310317761 0.0012303330282803 0.0012365305178881 1097.4307624519 1097.4171196505 0.72819533242212 0.72697470198076 390607.0 391812.0 0.02201701454403 0.014292568885078 0.0010240471880944 0.0 97.809051041072 97.714465100609 14.378715171076 14.350784251101 0.0031657638104606 0.0020510957246375 0.00014724482839351 0.0 14.063684860728 14.022792068706
1 7 2 19.328971629761 0.0026506233703074 0.0026506233703074 0.0013363176187213 0.0013346350935903 1097.4421589739 1097.438018802 0.73004213869919 0.72553214747876 57.896709694409 58.213957762528 42.103290305591 41.786042237472 1.4830055247564 1.4681516967401
2 10 2 19.429361930573 0.0034337978313147 0.0034337978313147 0.0017219338098362 0.001724030738869 1097.442517388 1097.4458549551 0.7300414002227 0.72887617156213 0.11182953070157 0.018638255116929 3.84e-07 6.4e-08 0.018638255116929 0.0 6.4e-08 0.0 0.1304677858185 0.018638255116929 4.48e-07 6.4e-08
3 5 2 19.529751157106 0.0033609660059117 0.0033609660059117 0.0016817579176899 0.00168833946687 1097.4296849696 1097.427034323 0.72986864626322 0.72811881509139 1.0078905804771 1.0078900601638
4 6 2 19.630113936064 0.0031700865868737 0.0031700865868737 0.001593112167657 0.0015956139896823 1097.4377455345 1097.4349612604 0.72999797452046 0.7278295188282 0.0 0.0 0.0 0.0
5 7 2 19.730491928854 0.0029043064932272 0.0029043064932272 0.0014616700435375 0.001469270165805 1097.4393665851 1097.4391139037 0.72774728855364 0.72905563582175 6.1108733407626e-05 2.3596688103696e-05 0.0 6.7419108867703e-07 0.0 0.028571428571429
6 8 2 19.830897669947 0.0022025716833673 0.0022025716833673 0.0011128991147403 0.0011118461212195 1097.4405097456 1097.4436706346 0.72779392286531 0.72612332714365 14.278929755814 14.175627488344 0.0059415506063434 0.017923001157663 0.0 0.0027291842671896 99.411420230003 99.404508286537
7 7 2 19.931279405506 0.0024414060124926 0.0024414060124926 0.0012281237799386 0.0012309770527046 1097.436724809 1097.4325710668 0.72960154891466 0.7272968100726 0.0 0.0 0.0 0.0 - -
8 10 2 20.038541150729 9.1550200548526e-05 9.1550200548526e-05 5.0600301551744e-05 5.3048681325194e-05 997.54048371153 997.91703204266 0.70302668009061 0.69575470297177 1112.2203926361 0.0 0.000101824 0.0 5291.9600077031 0.0 0.00048448 0.0 6404.1804003392 0.0 0.000586304 0.0
9 19 2 20.139916652207 7.6725863377852e-05 7.6725863377852e-05 5.5434560838057e-05 6.2171454868777e-05 1097.3342368774 1097.4557840277 0.67857697254624 0.66310816555242 0.0 0.0 0.0 0.0 0.0 0.0 0.0 0.0 0.0 0.0 0.0 0.0 0.0 0.0 0.0 0.0 1118.5797881132 0.0 8.5824e-05 0.0 12.512078166814 0.0 9.6e-07 0.0 1131.09186628 0.0 8.6784e-05 0.0 0.0 0.0
10 9 2 20.240311637821 0.0020875440298598 0.0020875440298598 0.0010543753200075 0.0010535632695203 1097.4640263034 1097.4379183958 0.72817903553423 0.7271490011875 0.0 0.0 0.0 0.0 0.0 0.0 0.0 0.0 - -
11 7 2 20.340740788433 0.0018993059261822 0.0018993059261822 0.00096401579471332 0.00096590574824544 1097.4392362336 1097.4453385478 0.7288063573652 0.72650215220937 2679672.0 2693698.0 3715408.0 3734575.0 3724146.0 3743278.0
12 10 2 20.441210147546 0.0025881856099804 0.0025881856099804 0.0013071449427414 0.0013100833607899 1097.4309578163 1097.4290000984 0.72855001542338 0.72736425594232 0.0 0.0 0.0 0.0 - - 0.0 0.0 0.0 0.0 - -
13 9 2 20.541594738189 0.0026577610812267 0.0026577610812267 0.001334908192555 0.001344626530176 1097.4241775602 1097.44566843 0.0 0.0 0.73084554440519 0.72740282525783 0.040283203125 0.0 15.156818801187 0.0 0.00201416015625 0.0 0.75784094005936 0.0
14 10 2 20.64201381086 0.0031531019146088 0.0031531019146088 0.0015862217403775 0.0015887978380747 1097.4418228217 1097.4188006388 0.72991944833646 0.72769304743793 0.20297472689823 0.18267725420841 6.4e-07 5.76e-07 0.10148736344911 0.10148736344911 3.2e-07 3.2e-07 0.30446209034734 0.28416461765752 9.6e-07 8.96e-07
15 19 2 20.742417921512 0.0001047504367448 0.0001047504367448 6.9533351505372e-05 7.6579576535956e-05 1097.2842874006 1097.6659670752 0.69101179224053 0.67377149779244 0.0142822265625 0.0 136.34526982732 0.0 0.000732421875 0.0 6.99206511935 0.0 0.0 0.0 0.0 0.0 0.0 0.0 0.0 0.0 1184.6824114188 0.0 0.000124096 0.0 36.047582400055 0.0 3.776e-06 0.0 1220.7299938188 0.0 0.000127872 0.0 0.0 0.0
16 13 2 20.842774372546 0.0024201160686542 0.0024201160686542 0.0012147555176795 0.0012283905382972 1097.445915307 1097.4160192138 0.72996843262356 0.72726885143393 204.0 204.0 0.02655029296875 0.0 10.970669263609 0.0 0.003662109375 0.0 1.5131957604977 0.0 0.0 0.0 0.0 0.0 0.00128173828125 0.0 0.5296185161742 0.0
17 9 2 20.94318883469 0.0011762684912716 0.0011762684912716 0.00059768274559143 0.00060423530914346 1097.3646991258 1097.4181889305 0.7277384531564 0.72229067773119 0.20130462403138 0.2012842806902 3.308709184315e-06 1.0827760645854e-06 1.6436329767563e-05 5.3793374270091e-06 47.0 0.0 2.59182219438e-05 0.0
18 8 2 21.04357003945 0.001697402910458 0.001697402910458 0.00085851309033939 0.0008573681580295 1097.4031821094 1097.4485994949 0.72725595099933 0.72757317390014 0.091429678552999 0.091429517995422 0.00071436929669921 0.00071448227515139 0.0078133195698058 0.0078145689796502 10.937367557519 10.937386764415
19 5 2 21.14394027315 0.0010098547539506 0.0010098547539506 0.00051926031716902 0.00052186947659833 1097.4519711665 1097.4078054199 0.72618641952945 0.72452675249026 6.3441330998249 6.3620539599652
20 6 2 21.244308476043 0.0025688340800211 0.0025688340800211 0.0012878971269827 0.0012945176256006 1097.4235869385 1097.435624006 0.72882007966706 0.72818452376403 0.0 0.0 - -
21 7 2 21.34476252531 0.0021271746298776 0.0021271746298776 0.0010783853838828 0.0010811449062578 1097.4289779205 1097.4342137454 0.72835645850393 0.72633784736474 85.726261147848 85.824273047699 14.273738852152 14.175726952301 1.3761190403887 1.3768400751898
22 7 2 21.445181097979 0.0031761663223674 0.0031761663223674 0.0015953440610206 0.0015978273141279 1097.4487235323 1097.447396358 0.72991382573972 0.72807096652369 1.6250507422094e-07 1.6184301648193e-07 0.0 1.6184301648193e-07 0.0 1.0
23 9 2 21.549043471238 7.9806492164206e-05 7.9806492164206e-05 5.3210819682371e-05 5.4859377280476e-05 997.42633301763 997.28434964101 0.67759181507797 0.671219820349 0.0 0.0 0.0 0.0 0.0 0.0 0.0 0.0 - -
24 6 2 21.653014810532 7.5239444136922e-05 7.5239444136922e-05 5.3330385398277e-05 5.4846243167744e-05 1097.4991134072 1097.1641684052 0.68537952469923 0.67770241532917 0.0 0.0 0.0 0.0
25 13 2 21.753434487372 0.0023669310642968 0.0023669310642968 0.0011975561706065 0.0012007024699565 1097.4365753869 1097.4351428675 0.72696408251265 0.72773338530501 1.3755837792476 1.3741296197108 10576772.0 10604560.0 3315546.0 3320742.0 1379909.0 1212910.0 57792.0 66384.0 13.046598716508 11.437626832231 0.75763191264783 0.8280965924093 31.347428118901 31.314283666649 54.848341251943 56.419992908711
26 7 2 21.853877082786 0.0014663385412648 0.0014663385412648 0.00074976897752326 0.00075261545678262 1097.4319507176 1097.4454669621 0.72730056471262 0.72456590829517 31.57586033804 31.691006205439 68.42413966196 68.308993794561 2.5241271121668 2.5118207285392
27 12 2 21.954323934559 0.0020496118064884 0.0020496118064884 0.0010395256204123 0.0010423884040874 1097.4197610182 1097.4249153963 0.72770636116858 0.72565113896114 310447.0 309868.0 0.0028990455697752 0.0019363083635613 0.0 0.0 97.934591089622 97.725805826997 13.525552409462 13.463249657627 0.00039211192791414 0.00026069002912777 0.0 0.0 13.24619444482 13.157069218417
1 7 2 22.054718967275 0.0017440317280598 0.0017440317280598 0.00088489816411699 0.00088775324848469 1097.4310769718 1097.4531763429 0.72730050993193 0.72586947650327 58.07281737004 58.281887466833 41.92718262996 41.718112533167 1.4678905165076 1.4569137383949
2 10 2 22.155101170227 0.0020747957883016 0.0020747957883016 0.0010423458314462 0.0010487896988928 1097.423700647 1097.4487634224 0.7293462443338 0.72661602326961 0.27761768326679 0.12338563700746 5.76e-07 2.56e-07 0.061692818503732 0.030846409251866 1.28e-07 6.4e-08 0.33931050177052 0.15423204625933 7.04e-07 3.2e-07
3 5 2 22.255479054321 0.0024078986264107 0.0024078986264107 0.0012121703619734 0.0012107373849843 1097.4116511954 1097.4267570263 0.72930755509874 0.72714322939759 1.0078877906662 1.0078902144816
4 6 2 22.355851998176 0.0034240568486718 0.0034240568486718 0.0017174206569612 0.0017194582560364 1097.4302903435 1097.4354378419 0.73040279691347 0.72867284183422 0.0 0.0 0.0 0.0
5 7 2 22.456218249975 0.0034647254964959 0.0034647254964959 0.0017329478956132 0.0017393283569984 1097.4271814584 1097.4284080577 0.73112147254081 0.72703658675568 0.00014789304008475 1.7227363717355e-05 2.6750679085096e-06 3.786233784034e-07 0.018087855297158 0.021978021978022
6 8 2 22.556642002014 0.0035590537883375 0.0035590537883375 0.0017869612548736 0.0017863507450818 1097.429058646 1097.4356784756 0.73081280080135 0.72632082153105 14.203057891917 13.953668204265 0.0051449794378236 0.0097357010693552 0.0 0.0020536244443171 99.437828626057 99.464257553915
7 7 2 22.657030906081 0.0034396601745976 0.0034396601745976 0.0017252082800105 0.0017272839227226 1097.4439982147 1097.4338033532 0.7304048703322 0.72802006021041 0.0 0.0 0.0 0.0 - -
8 10 2 22.757368869718 0.0017411241072412 0.0017411241072412 0.00087921743391011 0.00088279308287633 1097.4490446847 1097.4401424691 0.7306155629488 0.72845521223949 1247.89266369 0.0 0.002172736 0.0 94.210400808194 0.0 0.000164032 0.0 1342.1030644982 0.0 0.002336768 0.0
9 19 2 22.86598711335 8.0099971648704e-05 8.0099971648704e-05 5.4105298049475e-05 6.0211301768612e-05 997.6075315978 997.71441423802 0.67942899391458 0.66530881867224 0.0 0.0 0.0 0.0 0.0 0.0 0.0 0.0 0.0 0.0 0.0 0.0 0.0 0.0 0.0 0.0 718.3023765893 0.0 5.7536e-05 0.0 43.146082687233 0.0 3.456e-06 0.0 761.44845927654 0.0 6.0992e-05 0.0 0.0 0.0
10 9 2 22.966383299151 0.0018848076773277 0.0018848076773277 0.00095584864109612 0.00095802845090921 1097.4305884934 1097.4366694834 0.72813571134085 0.72548785582145 0.0 0.0 0.0 0.0 0.0 0.0 0.0 0.0 - -
11 7 2 23.068162325862 8.0940554863563e-05 8.0940554863563e-05 5.332902669696e-05 5.5381571486689e-05 997.87719538271 997.53764915988 0.67936742382719 0.67037629928512 159777.0 167998.0 221250.0 232772.0 221389.0 232972.0
12 10 2 23.173954193579 7.7827317245599e-05 7.7827317245599e-05 5.8695443999145e-05 5.9624342799616e-05 1097.5169483597 1097.4598216109 0.67756388807562 0.66769792564792 0.0 0.0 0.0 0.0 - - 0.0 0.0 0.0 0.0 - -
13 9 2 23.274343427358 0.0027332930990472 0.0027332930990472 0.0013723444899456 0.0013821529547539 1097.4522416067 1097.4294069966 0.0 0.0 0.73044658833932 0.72747432918335 0.03973388671875 0.0 14.537001806576 0.0 0.00201416015625 0.0 0.73689870908908 0.0
14 10 2 23.374703762465 0.0015268804603539 0.0015268804603539 0.0007752903701636 0.00077791175790476 1097.4421600867 1097.4298146002 0.72764609166849 0.72656092695398 2.0538608499011 2.8502558733322 3.136e-06 4.352e-06 0.96405713362706 1.5089589917641 1.472e-06 2.304e-06 3.0179179835282 4.4011303926453 4.608e-06 6.72e-06
15 19 2 23.475145442115 0.0025640242773585 0.0025640242773585 0.0012872069067136 0.001299466468698 1097.4354372234 1097.4349832176 0.72943078989688 0.72504654084109 0.02703857421875 0.0 10.545365914634 0.0 0.0013427734375 0.0 0.52369763007212 0.0 0.0 0.0 0.0 0.0 0.0 0.0 0.0 0.0 545.19296573905 0.0 0.001397888 0.0 0.22464685887975 0.0 5.76e-07 0.0 545.41761259793 0.0 0.001398464 0.0 0.0 0.0
16 13 2 23.575559884332 0.0015089582841802 0.0015089582841802 0.00076108333629135 0.00077162504691045 1097.4120933838 1097.4425914499 0.72848475915719 0.72479661982424 204.0 204.0 0.02801513671875 0.0 18.565878866538 0.0 0.0030517578125 0.0 2.0224268917798 0.0 0.0 0.0 0.0 0.0 0.0013427734375 0.0 0.88986783238311 0.0
17 9 2 23.675977661708 0.0018491970216068 0.0018491970216068 0.00093631640386164 0.00093869141376396 1097.4269027565 1097.44342326 0.72986074459015 0.72523338193598 0.20119397083562 0.20117717082204 0.0 0.0 0.0 0.0 0.0 0.0 0.0 0.0
18 8 2 23.776357395447 0.0025950787546626 0.0025950787546626 0.0013009918373766 0.0013071875153827 1097.4464271718 1097.4493129809 0.73039412242573 0.72690049480726 0.09142938507443 0.091429410444722 0.00071473703347263 0.00071449492864747 0.0078173667348937 0.0078147165684662 10.937402665302 10.937399630337
19 5 2 23.876755989772 0.0020173716358348 0.0020173716358348 0.0010201645795437 0.0010230522727431 1097.4221108333 1097.4318616142 0.72915629453005 0.727071587047 6.3232778027915 6.3118279569892
20 6 2 23.977131370232 0.0028513461274875 0.0028513461274875 0.0014326613175165 0.0014347256377177 1097.4436303953 1097.4385375933 0.73030703202377 0.72800391778894 0.0 0.0 - -
21 7 2 24.077577461131 0.002233510218159 0.002233510218159 0.0011309775415654 0.0011339458510429 1097.4393825128 1097.4259421529 0.7304459538476 0.72437875372606 85.799947781264 86.074563593214 14.200052218736 13.925436406786 1.3721925547558 1.3688229497513
22 7 2 24.1779921769 0.0027940107435068 0.0027940107435068 0.0014083437342432 0.001410425264661 1097.4564186328 1097.432382004 0.72940184127867 0.72789662775225 0.0 0.0 0.0 0.0 - -
23 9 2 24.27839961003 0.0026496641271775 0.0026496641271775 0.0013361568390655 0.0013390875578065 1097.4291725767 1097.4379235687 0.73079582135145 0.72589802688434 0.0 0.0 0.0 0.0 0.0 0.0 0.0 0.0 - -
24 6 2 24.378735209527 0.0028086086304579 0.0028086086304579 0.0014111784380911 0.0014097794286349 1097.4222096501 1097.4293932937 0.72822234993396 0.72846471704529 0.0 0.0 0.0 0.0
25 13 2 24.479171784083 0.0025621510811426 0.0025621510811426 0.0012926068386483 0.0012946453435244 1097.4309537225 1097.456112443 0.72934273740162 0.72700339752232 1.3710974946602 1.375509390201 11416256.0 11434260.0 3567200.0 3584320.0 1489986.0 1310008.0 68744.0 69388.0 13.051441733612 11.456867344279 0.8088728914278 0.8126717426401 31.246671413115 31.347196932727 54.893013961845 56.383263980354
26 7 2 24.579699596338 0.0010888342499131 0.0010888342499131 0.00051283909474431 0.00051541655114289 997.65575226806 997.65226731603 0.72389819662185 0.72308895626781 31.740884395555 31.777757274601 68.259115604445 68.222242725399 2.5039944537674 2.5016207194319
27 12 2 24.687063813908 7.9854499610744e-05 7.9854499610744e-05 5.4723960049203e-05 5.6439094011848e-05 997.90361635342 997.59690799738 0.67195720117007 0.6640785701344 17022.0 17319.0 0.041123252261779 0.034644032565391 0.0 0.0 90.7472682411 91.136901668688 14.087561036167 13.897782806519 0.0057932632624348 0.0048147524013578 0.0 0.0 12.784076802119 12.666008650505
1 7 2 24.788971293148 7.5497597387175e-05 7.5497597387175e-05 5.7257938005632e-05 5.8271982088643e-05 1097.3552800211 1097.3429727123 0.6802565523624 0.66396944989163 59.944631204271 61.068364111173 40.055368795729 38.931635888827 1.625316943223 1.600453703112
2 10 2 24.889360787797 0.0023449182913577 0.0023449182913577 0.0011832902596772 0.0011852621881888 1097.4393923426 1097.4435652186 0.72983643100869 0.7270520925909 0.05458612373478 0.0 1.28e-07 0.0 0.0 0.0 0.0 0.0 0.05458612373478 0.0 1.28e-07 0.0
3 5 2 24.989747193665 0.0022203761054268 0.0022203761054268 0.0011217832097525 0.0011240649221644 1097.440141596 1097.4436989093 0.72934221343818 0.72728527440172 1.0078928003708 1.0078909635844
4 6 2 25.090119229908 0.0025244226629688 0.0025244226629688 0.0012721574780247 0.0012748839386677 1097.4410191718 1097.4348005733 0.72974807704448 0.72790979596312 0.0 0.0 0.0 0.0
5 7 2 25.190483860324 0.0018184378353889 0.0018184378353889 0.00092119088789902 0.00092347803511617 1097.4425140915 1097.4286859521 0.72901342845243 0.72636404926661 8.2435916827178e-05 3.5623001772244e-06 0.0 0.0 0.0 0.0
6 8 2 25.290904490066 0.0022112311397617 0.0022112311397617 0.0011173040244104 0.0011169380808556 1097.434359687 1097.4207219996 0.72800583113608 0.72677161316788 14.180276668354 14.076901648657 0.0055533103607341 0.015651679575247 0.0 0.0013786453511876 99.398053584986 99.405763305245
7 7 2 25.391291503727 0.0014007875433198 0.0014007875433198 0.00071152832895291 0.00071374074759762 1097.4472390716 1097.4418031559 0.72896539724152 0.72563115557991 0.0 0.0 0.0 0.0 - -
8 10 2 25.491621095953 0.0016713339611868 0.0016713339611868 0.00083848311552241 0.00084534138687079 1097.4516941984 1097.4290704751 0.73032416721499 0.72625251405517 545.28898542387 0.0 0.00091136 0.0 0.11487829749098 0.0 1.92e-07 0.0 545.40386372136 0.0 0.000911552 0.0
9 19 2 25.592050114318 0.0015849096878073 0.0015849096878073 0.00080424701263406 0.00080847438533206 1097.4481718916 1097.4235347532 0.72691034143422 0.72529410282893 0.0135498046875 0.0 8.5492598043524 0.0 0.00067138671875 0.0 0.42361197228773 0.0 0.0 0.0 0.0 0.0 0.0 0.0 0.0 0.0 556.93268000726 0.0 0.000882688 0.0 0.16152339907403 0.0 2.56e-07 0.0 557.09420340633 0.0 0.000882944 0.0 0.0 0.0
10 9 2 25.692467168864 0.0016019731647486 0.0016019731647486 0.00081530820005673 0.00081826654572454 1097.4231467232 1097.4467669692 0.72710246400724 0.72642294221546 0.0 0.0 0.0 0.0 0.0 0.0 0.0 0.0 - -
11 7 2 25.792903853928 0.0022237166990652 0.0022237166990652 0.0011243624777528 0.0011273126712127 1097.4309213136 1097.4199490794 0.72945137959455 0.726311811814 3122352.0 3144097.0 4329272.0 4359462.0 4339679.0 4369871.0
12 10 2 25.893345086112 0.0017580625836613 0.0017580625836613 0.00089549014668482 0.00089785519277748 1097.4426028609 1097.4476547761 0.72787371173869 0.72519070286714 0.0 0.0 0.0 0.0 - - 0.0 0.0 0.0 0.0 - -
13 9 2 25.993724924924 0.0023575958804473 0.0023575958804473 0.0011697580474591 0.0011957830653877 1097.411729665 1097.4248419681 0.0 0.0 0.7307184583141 0.72367967718514 0.0264892578125 0.0 11.235707540969 0.0 0.00140380859375 0.0 0.59544072221727 0.0
14 10 2 26.094140535624 0.0019351484669279 0.0019351484669279 0.00098142574049046 0.00098353218043244 1097.4546658683 1097.4479942606 0.72888018096047 0.72631490580546 0.26457918281217 0.29765158066369 5.12e-07 5.76e-07 0.1653619892576 0.13228959140608 3.2e-07 2.56e-07 0.42994117206977 0.42994117206977 8.32e-07 8.32e-07
15 19 2 26.199692959408 8.0758488887069e-05 8.0758488887069e-05 5.3972145320397e-05 6.0197714755441e-05 997.58216785185 997.80128236945 0.67890368192875 0.66499229522304 0.0 0.0 0.0 0.0 0.0 0.0 0.0 0.0 0.0 0.0 0.0 0.0 0.0 0.0 0.0 0.0 1373.3788426266 0.0 0.000110912 0.0 63.398907911213 0.0 5.12e-06 0.0 1436.7777505379 0.0 0.000116032 0.0 0.0 0.0
16 13 2 26.302367479889 7.6686008139217e-05 7.6686008139217e-05 5.0673218522429e-05 6.3355336616428e-05 1097.813901924 1097.514874822 0.69774374197089 0.66486376015323 204.0 204.0 0.013427734375 0.0 175.1001871244 0.0 0.00030517578125 0.0 3.9795497073727 0.0 0.0 0.0 0.0 0.0 0.00067138671875 0.0 8.7550093562199 0.0
17 9 2 26.402735550536 0.0027673059220192 0.0027673059220192 0.0013887181995183 0.0013960891541636 1097.4460327548 1097.4121034777 0.72998773940887 0.72596313606074 0.20118749181635 0.20117588736162 1.4284183837446e-06 0.0 7.0999363372375e-06 0.0 52.0 0.0 1.2379625992453e-05 0.0
18 8 2 26.503108075912 0.0024346378683316 0.0024346378683316 0.0012248348169503 0.0012242007563357 1097.4401937896 1097.4473122444 0.73118151655283 0.72618325446493 0.09142932227072 0.091429233089591 0.00071430425359802 0.0007146246044714 0.007812638613715 0.0078161500465737 10.937410178313 10.937420846789
19 5 2 26.603486363993 0.0024117990049917 0.0024117990049917 0.0012143995379344 0.0012164865031575 1097.4423794215 1097.4381209704 0.73138933213316 0.72619768270246 6.3569533914362 6.0296880871853
20 6 2 26.703862065106 0.0030094935259952 0.0030094935259952 0.0015075810139434 0.0015136421805191 1097.422516182 1097.4477010087 0.73033606791348 0.72756618254529 0.0 0.0 - -
21 7 2 26.804285869681 0.0026645065803658 0.0026645065803658 0.0013427325005399 0.0013416767896165 1097.4379562685 1097.4552909033 0.72987816001459 0.72588606734222 85.842203416757 86.012570846034 14.157796583243 13.987429153966 1.3724190020305 1.3698876954255
22 7 2 26.904702732198 0.0031905667447271 0.0031905667447271 0.0016032435504783 0.0016051525258289 1097.4407256285 1097.4290828399 0.72916177890948 0.72846347068613 1.6153797071155e-07 1.6119134589455e-07 0.0 0.0 0.0 0.0
23 9 2 27.005120234211 0.0027708349222402 0.0027708349222402 0.0013895628588371 0.0013965416017022 1097.4425232989 1097.4421722556 0.72835251579785 0.72748868500721 0.0 0.0 0.0 0.0 0.0 0.0 0.0 0.0 - -
24 6 2 27.105500039508 0.0033391724367851 0.0033391724367851 0.0016743751876331 0.0016732261792192 1097.4637598764 1097.4572340717 0.72918482887355 0.72755437405855 0.0 0.0 0.0 0.0
25 13 2 27.206098412745 7.7425141655731e-05 7.7425141655731e-05 5.8230315248251e-05 5.9520628599076e-05 1096.9481459006 1097.4568021338 0.67801150655747 0.66478997207721 1.4749012226612 1.5042344830735 514288.0 525684.0 173234.0 180578.0 58126.0 51312.0 3740.0 3420.0 11.302227545655 9.7609971009199 1.0153843760694 0.95608768766027 33.684239181159 34.35105500643 53.998148897116 54.93186020499
26 7 2 27.306571617889 0.0036894981727899 0.0036894981727899 0.0018514737521118 0.0018507758325352 1097.4304705689 1097.4464297112 0.72946914469803 0.72790101747712 31.468159412452 31.538339937198 68.531840587549 68.461660062802 2.5225022194291 2.5134292341887
27 12 2 27.407007096425 0.0023185812250266 0.0023185812250266 0.0011707734502434 0.0011738527203285 1097.4705794304 1097.4257197247 0.73023528311742 0.7251652766427 365611.0 360030.0 0.021060635484162 0.020831597366886 0.0 0.0019442824209094 97.748973635914 97.759075632586 14.143247131495 13.890818008408 0.0029786577239883 0.0028936792784784 0.0 0.00027007673265799 13.824878909827 13.579535282824
1 7 2 27.507451087679 0.0030603832309275 0.0030603832309275 0.0015356762397788 0.0015422953796954 1097.4320216721 1097.4263859466 0.72936159009116 0.72745329376251 57.777771879393 57.998769004521 42.222228120607 42.001230995479 1.5011418565392 1.4918310640686
2 10 2 27.60783893377 0.0029403664261836 0.0029403664261836 0.0014768693822717 0.0014752498103017 1097.4381907369 1097.4350537496 0.72932724329397 0.72849827958504 0.087063978734199 0.69651182987359 2.56e-07 2.048e-06 0.02176599468355 0.1741279574684 6.4e-08 5.12e-07 0.10882997341775 0.87063978734199 3.2e-07 2.56e-06
3 5 2 27.709944057856 7.993692749065e-05 7.993692749065e-05 5.146534139031e-05 5.3408737174231e-05 997.88826530995 997.9591677406 0.68451108072454 0.67750201080087 1.0079343956885 1.0079640823061
4 6 2 27.814329411556 7.741608364695e-05 7.741608364695e-05 5.4512908444611e-05 5.6116175998812e-05 1097.5394968668 1097.3002219641 0.68683271990642 0.67571222896034 0.0 0.0 0.0 0.0
5 7 2 27.914653488361 0.0024961453711568 0.0024961453711568 0.0012526832120464 0.0012586343238154 1097.4347842281 1097.4593397429 0.73004140990581 0.72734408267538 0.00021775238887568 2.4078582022774e-05 2.3754806059165e-06 2.6172371763884e-07 0.010909090909091 0.010869565217391
6 8 2 28.01508494333 0.0031963439427275 0.0031963439427275 0.0016067367715646 0.0016062363165795 1097.4361337741 1097.4479443172 0.72842381738874 0.72720906962152 13.837797308649 13.797276511995 0.006229458290817 0.011081175958078 0.0012966293275004 0.0017763717184705 99.47111617235 99.474870684368
7 7 2 28.11546014263 0.0024376741128749 0.0024376741128749 0.0012261215070976 0.0012288162647099 1097.4425993921 1097.444821802 0.72964353650852 0.72811559401796 0.0 0.0 0.0 0.0 - -
8 10 2 28.215776181357 0.002402257298542 0.002402257298542 0.001201385896719 0.0012083967955154 1097.4540693358 1097.4263755469 0.7317071085111 0.72619143527465 401.46240812145 0.0 0.000964416 0.0 0.21313287311511 0.0 5.12e-07 0.0 401.67554099457 0.0 0.000964928 0.0
9 19 2 28.316202562935 0.0018719163192308 0.0018719163192308 0.00094694869456854 0.0009514505249326 1097.4365615811 1097.4217135069 0.72785280960011 0.72606339317406 0.0277099609375 0.0 14.802991273075 0.0 0.00128173828125 0.0 0.68471986064883 0.0 0.0 0.0 0.0 0.0 0.0 0.0 0.0 0.0 298.0987954789 0.0 0.000558016 0.0 0.44446431256173 0.0 8.32e-07 0.0 298.54325979146 0.0 0.000558848 0.0 0.0 0.0
10 9 2 28.416617215298 0.0018037294407306 0.0018037294407306 0.00091537247595867 0.00091821487911409 1097.4189216271 1097.4499205366 0.72850301654504 0.7266892646295 0.0 0.0 0.0 0.0 0.0 0.0 0.0 0.0 - -
11 7 2 28.51702696909 0.0017141095018533 0.0017141095018533 0.00087101450115822 0.0008735896930546 1097.472847693 1097.4557628006 0.7277603981205 0.72646230028556 2424807.0 2436572.0 3361712.0 3377783.0 3369739.0 3385736.0
12 10 2 28.617457177677 0.0017011801001196 0.0017011801001196 0.0008664180146024 0.00086922010961874 1097.3956826566 1097.429904505 0.72748267371443 0.7249218979875 0.0 0.0 0.0 0.0 - - 0.0 0.0 0.0 0.0 - -
13 9 2 28.717846741167 0.0022469704192073 0.0022469704192073 0.0011310151323019 0.0011403584683593 1097.4356675169 1097.4388356414 0.0 0.0 0.7298664784476 0.72687484356998 0.026123046875 0.0 11.625897097576 0.0 0.001220703125 0.0 0.54326621951287 0.0
14 10 2 28.818265958766 0.0021450007911582 0.0021450007911582 0.001085947009613 0.0010877649519753 1097.4316621391 1097.4689120181 0.72929573060938 0.72617517155304 0.17902091299121 0.23869455065494 3.84e-07 5.12e-07 0.059673637663736 0.11934727532747 1.28e-07 2.56e-07 0.23869455065494 0.35804182598241 5.12e-07 7.68e-07
15 19 2 28.918675286832 0.00094286896741473 0.00094286896741473 0.00048580727913977 0.00049368593517731 1097.4373204993 1097.5033319436 0.72618842101486 0.72231245158593 0.01373291015625 0.0 14.565025078622 0.0 0.00067138671875 0.0 0.71206789273264 0.0 0.0 0.0 0.0 0.0 0.0 0.0 0.0 0.0 596.64706278593 0.0 0.00056256 0.0 3.1223850839764 0.0 2.944e-06 0.0 599.76944786991 0.0 0.000565504 0.0 0.0 0.0
16 13 2 29.019069972626 0.0031163218699543 0.0031163218699543 0.0015562388255121 0.001574642887753 1097.459812625 1097.4259235043 0.73035250397573 0.72671983158011 204.0 204.0 0.04034423828125 0.0 12.946107611741 0.0 0.0047607421875 0.0 1.5276798694641 0.0 0.0 0.0 0.0 0.0 0.001953125 0.0 0.62674045926733 0.0
17 9 2 29.119476672963 0.0032881921517649 0.0032881921517649 0.0016500711913729 0.0016501078763084 1097.4289120862 1097.4395368883 0.73077786338043 0.72663679219224 0.20119176013481 0.20122331246082 6.01736973949e-07 9.9718971993129e-07 2.9908629137983e-06 4.9556371363553e-06 0.0 49.0 0.0 9.7724592553266e-06
18 8 2 29.219919083594 0.0013420979870263 0.0013420979870263 0.00062621049134612 0.00062621819065358 997.6510625688 997.63333558194 0.73036146016617 0.7236724275364 0.091430210440187 0.091429666045412 0.00071469056222852 0.00071441693372252 0.0078167878952446 0.0078138416623733 10.937303930348 10.937369053752
19 5 2 29.327340203575 7.9946891300309e-05 7.9946891300309e-05 5.1759726675686e-05 5.3477125140526e-05 997.75502511812 997.82964246567 0.68622329502468 0.67537021042938 6.2045454545455 5.5827338129496
20 6 2 29.429345977608 7.4209548538543e-05 7.4209548538543e-05 5.3125221499392e-05 5.4261548700943e-05 1097.5392835685 1097.4824470571 0.68633818392459 0.67708209710142 0.0 0.0 - -
21 7 2 29.529797113819 0.0031245918319712 0.0031245918319712 0.00157409306662 0.0015768358316788 1097.4468695663 1097.438765552 0.73009378713532 0.72753938512995 85.719920945637 85.835291941525 14.280079054363 14.164708058475 1.3739878136221 1.3718548932228
22 7 2 29.630203010711 0.0025979410854373 0.0025979410854373 0.0013102432346449 0.0013130965074109 1097.4588327206 1097.4375819019 0.72924822275987 0.72721734061595 0.0 0.0 0.0 0.0 - -
23 9 2 29.730625782673 0.0021529736504871 0.0021529736504871 0.0010867355092774 0.0010856263561021 1097.4750422765 1097.4634135527 0.40643782065495 13.675018683645 0.0 0.0 0.0 0.0 0.0 0.0 0.0 0.0 - -
