1 7 1 0.10102187154599 0.10106215321972 0.0014741311256838 2163.4676825378 1.5015790304753 31.433263566228 68.566736433772 10.165342413924
2 10 1 0.20141223867618 0.072153237470006 0.00023428006379414 1108.5676576894 5.7217880310846 26.280068178344 0.001896192 1.1894684564317 8.5824e-05 27.469536634776 0.001982016
3 5 1 0.30182585196278 0.073351664176704 1.2537767270446e-05 1118.5953986849 4.5645214521452 1.9666238767651
4 6 1 0.40201998338616 0.071930783093936 1.4021757366373e-05 1366.1869607709 5.9754684180027 0.0 0.0
5 7 1 0.50220101272715 0.073747330203119 9.591997070864e-06 1488.2030021193 3.4415352089771 0.45909904049439 0.19873150105708 0.43287283032235
6 8 1 0.60238599997942 0.07381314792879 8.9447344389203e-06 1352.094121936 3.8118601506664 73.482314786663 27.896017026452 23.745819397993 57.043680956724
7 7 1 0.70255303249263 0.073270022058171 1.3206333364365e-05 1256.6518707674 5.6279698667182 44.0 0.0084991307707166 66.363636363636
8 10 1 0.80296850688593 0.072940617957272 1.5472205841317e-05 1894.8551027626 6.5935870195094 733.5940042535 0.0535088 197.17781947536 0.014382272 930.77182372885 0.067891072
9 19 1 0.90352294149537 0.077469937036054 1.5925017724588e-05 1910.5079654685 5.3623321123321 0.8916015625 11.509000737732 0.050537109375 0.65234478442238 9.0357631202698e-05 0.0 0.0 9.0357631202698e-05 627.49295868636 0.04861184 61.566282127998 0.004769536 689.05924081436 0.053381376 1.3113187640573e-07
10 9 1 1.0036433366509 0.076711630788468 1.5464953598942e-05 2193.5488336996 6.5904964265018 9.1250830259397e-05 0.0 0.0 9.1250830259397e-05 0.0
11 7 1 1.1037516459446 0.078676116389851 0.078099774796698 2193.1034217131 0.36880527122726 428663277.0 594636187.0 595157560.0
12 10 1 1.2038470997321 0.067178471160088 0.066710743228007 2193.1042134142 0.36873078360465 42.0 1.0522410366538e-07 41.785714285714 3.0 7.5160074046703e-09 65.0
13 9 1 1.3039379691959 0.066837473443223 0.066369190261331 2193.1020170829 0.0 0.36869722140446 1.0331420898438 15.457527590737 0.04388427734375 0.65658193050981
14 10 1 1.4040408918865 0.078930428960142 0.078376266537234 2193.1011862159 0.36873330797232 1.3638339664207 0.000107648 0.52704641984154 4.16e-05 2.4406303441893 0.00019264
15 19 1 1.5041341709078 0.066483253981979 0.06602160252247 2193.1031264706 0.36873718352455 1.0575561523438 15.907105759751 0.04376220703125 0.65824406012245 0.0 0.0 0.0 0.0 501.71792146397 0.03335584 0.18001525622142 1.1968e-05 501.8979367202 0.033367808 0.0
16 13 1 1.6042277472711 0.066466227529944 0.066001616702281 2193.1029378018 0.368738397039 212.0 1.0586547851562 15.927709823448 0.2728271484375 4.1047485102805 0.0 0.0 0.04376220703125 0.65841268050807
17 9 1 1.7043306264482 0.078275505240666 0.077719357516402 2193.1043959186 0.36870749739894 0.19025551297226 1.7030612834066e-06 8.9514424933113e-06 3859.0 8.2981230968008e-06
18 8 1 1.8044179368741 0.066293228007688 0.065829407221176 2193.1010407494 0.36868836502924 0.091172660253352 0.00036070255346859 0.0039562578569745 10.968200305017
19 5 1 1.9045041404264 0.066052658436697 0.065589416016512 2193.1016756726 0.36868910120826 5.8177309317699
20 6 1 2.0046006657327 0.078269309106088 0.077722839046007 2193.1008731266 0.36876631740593 1.0 8.0
21 7 1 2.1046919939009 0.065950386408199 0.065491655789301 2193.1039457451 0.36873917193166 99.698179690553 0.30182030944721 1.648282535075
22 7 1 2.2047815053823 0.065760849053738 0.065298181827024 2193.1034516122 0.36869888860742 2.089424079866e-07 1.0045308076279e-08 0.048076923076923
23 9 1 2.3048797558157 0.077888897264977 0.077345085151723 2193.103310452 0.36873811603572 0.0 0.0 0.0 0.0 -
24 6 1 2.4049665205103 0.065601193657451 0.065144839054457 2193.1031261731 0.36869590178125 0.0 0.0
25 13 1 2.5050550928264 0.0656485580524 0.065189196488412 2193.1074167013 0.36874839534589 2.711876207792 575285320.0 355033471.0 690611.0 3358052.0 0.12004669265678 1.0994377537741 61.714328291916 37.066187261653
26 7 1 2.6051579130791 0.077430269989856 0.076863082539628 2193.1047213314 0.36874047796728 62.240770935474 37.759229064526 1.1594134852459
27 12 1 2.7052531293556 0.065387954161849 0.064918343366322 2193.1059672334 0.36872043813689 421536.0 1.2938396720565 1.031465877173 96.663630152585 0.29431986045333 0.0038080271172865 0.0030358089303193 0.28450026137421
1 7 1 2.8053436153571 0.065122086049864 0.064663693566758 2193.1043480729 0.3687221200531 98.578385556716 1.4216144432842 1.5874468138398
2 10 1 2.9054499647322 0.077378464502983 0.076833747672487 2193.1015593145 0.36876419135599 1.1256878843421 8.7104e-05 0.22414505265004 1.7344e-05 1.3498329369921 0.000104448
3 5 1 3.0055360178006 0.065142126715136 0.064688597313807 2193.1012232549 0.36871175788682 1.0039770955248
4 6 1 3.1056215813425 0.065410271124696 0.064950439978012 2193.0993833291 0.36870247004564 0.0 0.0
5 7 1 3.205717706869 0.077389025580941 0.076846386517886 2193.1038059889 0.36876754151457 3.5734910123427e-05 3.2278657631728e-06 0.090328078397955
6 8 1 3.3058067387959 0.065124812892997 0.064670672036983 2193.1048375363 0.36873768239722 0.3006671962812 0.0071532024626697 0.0040076437077744 99.827939758401
7 7 1 3.4058935270602 0.065256957814366 0.064799667218837 2193.1018509737 0.36867928804057 40.0 1.0315452494454e-07 40.725
8 10 1 3.5059858714488 0.077218389383169 0.076680352321163 2193.1033319678 0.36873190987064 498.36004489868 0.03848256 0.018233998549404 1.408e-06 498.37827889723 0.038483968
9 19 1 3.6060757781774 0.065288717196785 0.064832718860195 2193.1023230845 0.36873281261926 1.001953125 15.346497343179 0.04248046875 0.65065558911138 0.00010721607500575 0.0 0.0 0.00010721607500575 500.29103652857 0.03266336 0.0088223513147593 5.76e-07 500.29985887988 0.032663936 2.1430362831962e-07
10 9 1 3.7061655552722 0.065078030490498 0.064611516402463 2193.1033368048 0.36870504736415 0.00010756318141837 0.0 0.0 0.00010756318141837 0.0
11 7 1 3.806263845593 0.077176606495257 0.076636820283044 2193.103136571 0.36876836074597 420802221.0 583546968.0 584065728.0
12 10 1 3.9063543143704 0.06500522613583 0.064551417523168 2193.1064036376 0.36868383279401 47.0 1.2167419886912e-07 37.468085106383 3.0 7.7664382256882e-09 67.333333333333
13 9 1 4.006443844889 0.065168264703184 0.064710102478774 2193.0981185235 0.0 0.36875020427742 1.0012817382812 15.364560385975 0.04248046875 0.65185821570486
14 10 1 4.106548606023 0.077108885055963 0.076558559522518 2193.1031854264 0.3688298892074 1.5379809980903 0.000118592 0.54862678884926 4.2304e-05 2.6833742940237 0.000206912
15 19 1 4.2066457377981 0.065059291602733 0.064604347560875 2193.1006057901 0.36871887477528 1.001220703125 15.389357591513 0.04254150390625 0.65388821270939 0.0 0.0 0.0 0.0 502.41924242881 0.03268704 0.69745610322775 4.5376e-05 503.11669853204 0.032732416 0.0
16 13 1 4.3067379670574 0.065049718642798 0.064592336940972 2193.1023735922 0.36870765186025 212.0 1.0263061523438 15.777257361856 0.2664794921875 4.0965510343065 0.0 0.0 0.042724609375 0.65679929546829
17 9 1 4.4068272102058 0.059862418117849 0.059440612290939 2193.1023687542 0.36875614217017 0.19034363854826 2.0780345035218e-06 1.0917278451598e-05 3820.0 1.0741666851764e-05
18 8 1 4.5069156039353 0.065026490617002 0.06457114996814 2193.1064372202 0.36870974439288 0.091172634025661 0.00036070239401914 0.0039562572461998 10.968203460246
19 5 1 4.6070011674773 0.064933664634198 0.064476589339611 2193.1005539072 0.3687006792398 5.8113352421548
20 6 1 4.7070963991649 0.077098773617032 0.076554638325719 2193.1024791371 0.36870990947157 1.0 8.0
21 7 1 4.8071900226677 0.065311414902357 0.064845093905277 2193.1030732812 0.36909404166366 99.654306226567 0.34569377343273 1.8190334670938
22 7 1 4.9072859714208 0.065175109006925 0.064715881609417 2193.1029168522 0.36869775826041 1.9865897287493e-07 3.8515515149221e-08 0.19387755102041
23 9 1 5.0073849153499 0.077127526038457 0.076586588986031 2193.1081488732 0.36874783411707 0.0 0.0 0.0 0.0 -
24 6 1 5.1074734060782 0.065314472629048 0.064858279841709 2193.1004057859 0.36873795255186 0.0 0.0
25 13 1 5.2075617553878 0.065285829897789 0.064828732846479 2193.1049055171 0.36869795347886 2.7122472217827 572104280.0 353118600.0 746810.0 3328168.0 0.1305373908407 1.0784776859212 61.722768443543 37.068216479695
26 7 1 5.3076614762134 0.077270942757536 0.076731509185609 2193.104641918 0.36872236393808 62.251745777847 37.748254222153 1.1132030901975
27 12 1 5.40775135212 0.065396160074095 0.064939405691239 2193.1061154383 0.36870201352038 413805.0 0.92604004301543 0.70782131680381 96.942279576129 0.28882830501056 0.0026746657599606 0.0020443883118279 0.27999674293833
1 7 1 5.5078411536911 0.06513710091117 0.064679034778971 2193.1016641256 0.36872308397376 98.588228985346 1.4117710146544 1.6011028286809
2 10 1 5.6079421645093 0.077410591030172 0.076860863806726 2193.1064664521 0.36881573982905 1.3616741404147 0.000105408 0.13889572288383 1.0752e-05 1.5005698632985 0.00011616
3 5 1 5.7080389463637 0.069086370233813 0.068599299211542 2193.1034344017 0.36876881421273 1.0039767687656
4 6 1 5.8081262576961 0.06520245539986 0.064742788788422 2193.1086845847 0.36872820028272 0.0 0.0
5 7 1 5.9082214467767 0.077145854267998 0.076605871791975 2193.1036113501 0.3687149399454 1.6997075658696e-05 2.6834043203948e-06 0.15787447054293
6 8 1 6.0083100136535 0.065241315634094 0.064784404421494 2193.1029746925 0.36870228352289 0.29043309220166 0.0057035601745748 0.0027622246772843 99.849082342505
7 7 1 6.1083969161408 0.065154102886887 0.064697191221021 2193.1058872416 0.36869100169131 47.0 1.2140240692205e-07 37.212765957447
8 10 1 6.2084909983479 0.077002025077633 0.076462193538903 2193.1070752709 0.36875945007433 534.710924271 0.041173824 8.5300613761493 0.000656832 543.24098564715 0.041830656
9 19 1 6.3085828758734 0.064892803687598 0.06443845750247 2193.1091715033 0.36874826033559 1.00390625 15.470224631269 0.04278564453125 0.65932803176798 0.00010787020443282 0.0 0.0 0.00010787020443282 521.21502043321 0.033823104 4.1215047709691 0.000267456 525.33652520418 0.03409056 2.053354359682e-07
10 9 1 6.4086736864127 0.064778826539908 0.064324664380429 2193.106157922 0.3687204346178 0.00010806000006325 0.0 0.0 0.00010806000006325 0.0
11 7 1 6.5087713902084 0.076930402838471 0.076395050012672 2193.103785738 0.36869973024566 419488579.0 581813757.0 582330945.0
12 10 1 6.6088601402044 0.064790849851235 0.064326661013408 2193.1035668795 0.368725738753 42.0 1.0912243867325e-07 41.952380952381 3.0 7.794459905232e-09 61.0
13 9 1 6.708949807609 0.064825978806768 0.064365465949294 2193.103748006 0.0 0.3686966815695 1.0025634765625 15.465458370493 0.04248046875 0.65530007462942
14 10 1 6.8090408357156 0.064776106949018 0.064322092553977 2193.1018577472 0.36878901058574 1.590709983252 0.00010304 0.6234397512 4.0384e-05 2.8919305099245 0.000187328
15 19 1 6.9091340222708 0.065195694496906 0.064739375248589 2193.1025791158 0.36873101295651 1.0015258789062 15.361840787719 0.0426025390625 0.65345632700518 0.0 0.0 0.0 0.0 506.80745492432 0.033041664 1.5942157039976 0.000103936 508.40167062831 0.0331456 0.0
16 13 1 7.0092259750383 0.065077013363505 0.064621093895049 2193.1090301264 0.3687266039102 211.0 1.001220703125 15.385166764375 0.24176025390625 3.714986927194 0.0 0.0 0.04248046875 0.65277225481621
17 9 1 7.1093285505278 0.077288716190536 0.076746571639757 2193.1050750791 0.36877136184386 0.1902042042582 1.4962606942456e-06 7.8666015826572e-06 3634.0 7.9147181410314e-06
18 8 1 7.2094204806321 0.065127575090811 0.064664518962593 2193.1042240735 0.36877792814255 0.091172633504459 0.00036069020857334 0.0039561236163668 10.968203522947
19 5 1 7.309517354046 0.064927984315358 0.064475503769581 2193.1059284059 0.36869223634353 5.8141068890771
20 6 1 7.4096135294316 0.077242049823916 0.076700276044027 2193.1088302833 0.36872615345273 1.0 8.0
21 7 1 7.5097030753612 0.064994313324116 0.064541158773064 2193.1057257969 0.36875912198403 99.689005574907 0.31099442509327 1.6474269068939
22 7 1 7.6097909215465 0.065209946966233 0.064753161761344 2193.1076126287 0.36871094916684 2.2083812322443e-07 6.0781134832412e-09 0.027522935779817
23 9 1 7.709888382392 0.077138069892339 0.076590710526025 2193.1050955472 0.36871593938869 0.0 0.0 0.0 0.0 -
24 6 1 7.8099743629379 0.065054893117732 0.06460034568288 2193.1068804691 0.3687071324262 0.0 0.0
25 13 1 7.9100626950234 0.064904948473985 0.064452379541504 2193.1047336211 0.36870971805458 2.7121606809722 568783016.0 351057283.0 720956.0 3240264.0 0.12675413641395 1.0701673272185 61.720774552804 37.082303983563
26 7 1 8.022182050289 0.077035328281148 0.076509896522918 2193.1068167704 0.36873661057735 62.245396945787 37.754603054213 1.1369319394038
27 12 1 8.1222729832099 0.065001229243751 0.064551263866283 2193.1068165544 0.36873602744479 430112.0 0.87721337698088 0.66424559184584 97.149114649208 0.30201543368859 0.0026493197848632 0.0020061242049706 0.29340531993243
1 7 1 8.2223625572419 0.064987872426357 0.06453361780079 2193.1072502603 0.36871626734567 98.576775247095 1.4232247529048 1.6177642089161
2 10 1 8.3224594125253 0.077307870269178 0.076767567787962 2193.1080470464 0.36870266350174 0.96776692643968 7.4816e-05 0.0877530318243 6.784e-06 1.055519958264 8.16e-05
3 5 1 8.4225452126716 0.065092257576977 0.064638372815772 2193.1073912542 0.36873759734867 1.0039770586783
4 6 1 8.5226309230715 0.06522108550399 0.064763954457793 2193.1081207224 0.36873778521766 0.0 0.0
5 7 1 8.6227285026726 0.077223968170615 0.076680011465772 2193.1030678476 0.36878641216804 5.2602016286077e-05 3.4137901990881e-06 0.064898466639039
6 8 1 8.7228243036612 0.064954509391843 0.064498343347144 2193.1073099632 0.36880298734619 0.31074407950236 0.014266623451937 0.010721225919056 99.833445727237
7 7 1 8.8229139828507 0.064624254965526 0.064170079661356 2193.1101399197 0.36869623779828 39.0 1.0156710225932e-07 44.615384615385
8 10 1 8.9230186605839 0.077321183573117 0.076779144179852 2193.1071799696 0.36871915456552 517.94013166042 0.040047744 108.91421484821 0.008421376 626.85434650863 0.04846912
9 19 1 9.0231186397707 0.065173807229419 0.064718812421866 2193.106713432 0.36873933012039 1.0174560546875 15.611425784993 0.04302978515625 0.6602312644523 0.00010740511100355 0.0 0.0 0.00010740511100355 498.42158040043 0.032484032 0.063829323110684 4.16e-06 498.48540972354 0.032488192 2.1546289802769e-07
10 9 1 9.1232079907962 0.065409392696838 0.064948507255419 2193.1041073984 0.36871570329496 0.00010701826926362 0.0 0.0 0.00010701826926362 0.0
11 7 1 9.2233065567022 0.077400250239076 0.076858047217094 2193.108894604 0.36879926138409 422041174.0 585186736.0 585702455.0
12 10 1 9.3234049966005 0.065195331884787 0.06474655315548 2193.1056112828 0.36872171799468 47.0 1.2131995783724e-07 41.893617021277 4.0 1.0325102794658e-08 53.0
13 9 1 9.4234941119282 0.065342224241025 0.064884426441796 2193.1056741013 0.0 0.36873133708826 1.0155029296875 15.541297246657 0.0430908203125 0.65946362880995
14 10 1 9.5235840231895 0.065134921612337 0.064685767126221 2193.1092687008 0.36871289089516 1.2635925239896 8.2304e-05 0.5001311000861 3.2576e-05 2.3797986727083 0.000155008
15 19 1 9.6236749669888 0.065341432840076 0.064885297617411 2193.1084989423 0.36873041624112 1.016357421875 15.554562820233 0.0430908203125 0.65947161608723 0.0 0.0 0.0 0.0 498.07147755167 0.032544704 0.062686106226428 4.096e-06 498.1341636579 0.0325488 0.0
16 13 1 9.7237668408881 0.065124106705895 0.064667665529253 2193.1083115691 0.36872230669959 211.0 1.000244140625 15.359045846758 0.2410888671875 3.7019911578407 0.0 0.0 0.04241943359375 0.6513630011897
17 9 1 9.8358878333474 0.077263793859616 0.076720409628655 2193.1120301115 0.36878795288438 0.19021833972347 1.4118649144557e-06 7.4223385426887e-06 4265.0 9.2925985496199e-06
18 8 1 9.9359764745597 0.065051039457441 0.064599444591765 2193.1072494012 0.36871602283452 0.091172634560278 0.00036068507532239 0.0039560672680126 10.968203395931
19 5 1 10.036063016248 0.065196054389434 0.064741798857338 2193.1088516984 0.36869713742306 5.7858020985219
20 6 1 10.136148724835 0.065250325638714 0.064799601042125 2193.1094318402 0.36873623300065 1.0 8.0
21 7 1 10.236242078192 0.065027873982235 0.06456907310723 2193.1091094877 0.36879501684926 99.693037443419 0.3069625565813 1.6953819550796
22 7 1 10.336333613955 0.065034690183537 0.064580947294323 2193.105522044 0.36872670267878 2.2143655404221e-07 2.8441392262303e-08 0.12844036697248
23 9 1 10.436422256074 0.064974071409118 0.064524862531183 2193.1083614582 0.36872471066196 0.0 0.0 0.0 0.0 -
24 6 1 10.536508772379 0.065024242421866 0.064572481661146 2193.1080219974 0.36873890969212 0.0 0.0
25 13 1 10.636596671143 0.064981194017661 0.064509176837457 2193.1049792019 0.36874068073302 2.7119329443448 569284244.0 351339117.0 714306.0 3262656.0 0.12547440185258 1.0757005950089 61.715939041517 37.082885961622
26 7 1 10.736687223321 0.064952081703708 0.064502280861489 2193.1072933711 0.36873354887269 62.248331229848 37.751668770152 1.1089490817325
27 12 1 10.836776211735 0.06460493408531 0.064153962912473 2193.1118426096 0.36871269857248 417526.0 0.94892294132581 0.71181195901573 97.042579384278 0.29499344353428 0.0027992604611038 0.0020997986093893 0.28626924662017
1 7 1 10.936865631657 0.064898134992274 0.064445949975373 2193.1088154031 0.36872267720684 98.580013559985 1.4199864400146 1.5663910362442
2 10 1 11.036952391819 0.064792692827329 0.064341614683919 2193.1074405079 0.36872895406486 1.1132119511103 7.2128e-05 0.096801039226982 6.272e-06 1.2100129903373 7.84e-05
3 5 1 11.137037919099 0.065048877382683 0.064596505167277 2193.1073754955 0.36869464114242 1.0039770481946
4 6 1 11.237123484454 0.065126299602683 0.064672501415122 2193.1092399014 0.36872056111053 0.0 0.0
5 7 1 11.337208812299 0.065101840508745 0.064651849295164 2193.107539344 0.36871599786946 1.6078804007271e-05 3.2054207345685e-06 0.19935691318328
6 8 1 11.437297310279 0.065242428853298 0.064789252998787 2193.1085408452 0.3687009830381 0.29028822783799 0.0058948235452853 0.003069841646892 99.839207599154
7 7 1 11.537383894574 0.065071919569767 0.064616477842777 2193.1043069266 0.368710854594 41.0 1.0604222356669e-07 40.853658536585
8 10 1 11.637467672251 0.06524392916094 0.06479165938346 2193.110016035 0.36875705622751 497.90355084023 0.032485184 0.057875116483031 3.776e-06 497.96142595671 0.03248896
9 19 1 11.737561645675 0.06500583804378 0.064547681711815 2193.1104565046 0.36879753245708 1.10009765625 16.923059364439 0.0465087890625 0.71545557233148 0.00010768263606241 0.0 0.0 0.00010768263606241 698.43622305773 0.045402432 174.1460819623 0.011320512 872.58230502003 0.056722944 1.2340685278959e-07
10 9 1 11.837654829511 0.065028900174531 0.064574087579567 2193.1062495429 0.36875816141923 0.00010764444702606 0.0 0.0 0.00010764444702606 0.0
11 7 1 11.93774306913 0.064998942974342 0.064546896656578 2193.1049092792 0.36873833251101 354441830.0 491530091.0 491965265.0
12 10 1 12.037831795556 0.065057028903112 0.064603806815553 2193.1089857136 0.36871520671435 41.0 1.0606427401876e-07 39.926829268293 3.0 7.760800537958e-09 62.0
13 9 1 12.137920673373 0.065129085370286 0.064673240690579 2193.1090068334 0.0 0.36869507940787 1.0044555664062 15.42253450506 0.04241943359375 0.65131320903062
14 10 1 12.238011071441 0.064987139949878 0.064536959724729 2193.1081239949 0.36873484212293 1.3235849441342 8.6016e-05 0.54460005513855 3.5392e-05 2.50338759523 0.000162688
15 19 1 12.338102035184 0.065120540415708 0.064660009880897 2193.1115677218 0.3687594814396 1.0059814453125 15.44798981843 0.04254150390625 0.65327320127688 0.0 0.0 0.0 0.0 507.86998677951 0.033072768 1.7916313233153 0.000116672 509.66161810283 0.03318944 0.0
16 13 1 12.43819397254 0.065027068076801 0.064570872116604 2193.1082634696 0.36870459644172 211.0 1.0029907226562 15.424203371305 0.24237060546875 3.7272264095083 0.0 0.0 0.04241943359375 0.65233501752916
17 9 1 12.538285325185 0.065130308279656 0.064677484158898 2193.1067142471 0.3687076045822 0.1903018139814 1.6873084654573e-06 8.866486504549e-06 3541.0 9.1497079267754e-06
18 8 1 12.638371935769 0.064940960390027 0.064490510018849 2193.1073515782 0.36872986449889 0.091172637052645 0.00036068332088135 0.0039560479168007 10.968203096095
19 5 1 12.738462312081 0.065040128458788 0.064557525271043 2193.1082945719 0.36913323591133 5.8632703933985
20 6 1 12.838554477883 0.064761738443813 0.064307495603137 2193.1087333695 0.36880608762388 1.0 8.0
21 7 1 12.93864337111 0.065140240225588 0.064685391369413 2193.1077723291 0.36875666513424 99.693561399289 0.30643860071081 1.625312654469
22 7 1 13.03873109854 0.064763803519829 0.064310170774043 2193.1094904076 0.36871031075116 2.3051899055734e-07 6.1199732006374e-09 0.026548672566372
23 9 1 13.13881918133 0.065351076509373 0.06489964799201 2193.1073599765 0.36874866714695 0.0 0.0 0.0 0.0 -
24 6 1 13.238908522384 0.065247956875048 0.064786018951953 2193.1071126309 0.36882027946619 0.0 0.0
25 13 1 13.339002464079 0.065068953402636 0.064612743391219 2193.1069947379 0.36873071675191 2.7120062272241 570198204.0 351910660.0 697102.0 3248060.0 0.12225608483327 1.0810532121564 61.717251568193 37.079439134817
26 7 1 13.439092682654 0.065370167130894 0.064915751142938 2193.1080194368 0.3687042208877 62.245288479732 37.754711520268 1.1440139996018
27 12 1 13.539181626647 0.065197097805805 0.06474482757506 2193.1089421968 0.3687151755864 422476.0 0.93188725513402 0.69779111712855 97.10634450241 0.29576671066408 0.0027562122816077 0.0020638338344373 0.28720824098091
1 7 1 13.639271294052 0.065360202549872 0.064904800710217 2193.1091860146 0.36871230766494 98.581984209215 1.4180157907853 1.5869660873487
2 10 1 13.739358738644 0.065221258651276 0.064768513851921 2193.1095108047 0.36870724026603 1.096084336278 7.1488e-05 0.097146239294111 6.336e-06 1.1932305755721 7.7824e-05
3 5 1 13.839444766329 0.065330302461091 0.064875563748349 2193.1073515304 0.36870199917656 1.0039770215837
4 6 1 13.939530799454 0.065234984426501 0.064779722192511 2193.1100562807 0.36870077001834 0.0 0.0
5 7 1 14.039616206166 0.06538404882933 0.064932438552642 2193.1088110107 0.36870512941853 1.373878613727e-05 2.9340982009157e-06 0.21356313225927
6 8 1 14.139704620746 0.06517817579892 0.064726827056221 2193.1086015876 0.36870915558567 0.29168933570355 0.0057191378528887 0.0028641207075199 99.845196026444
7 7 1 14.239790896821 0.065010852062852 0.064555572604784 2193.1081454146 0.3687159729534 41.0 1.0614374301003e-07 37.487804878049
8 10 1 14.339874739768 0.065165317573189 0.06471416600083 2193.1108015913 0.36870037294636 502.39435974865 0.032738688 0.77881919232571 5.0752e-05 503.17317894098 0.03278944
9 19 1 14.439964143373 0.065042920572102 0.064592487425002 2193.1088904158 0.36872428454178 1.0023803710938 15.41106030106 0.0423583984375 0.6512376453106 0.00010762124361006 0.0 0.0 0.00010762124361006 497.89252566082 0.032384384 0.082653115092526 5.376e-06 497.97517877591 0.03238976 2.1611768657749e-07
10 9 1 14.54005447889 0.065190366818351 0.064736027432203 2193.1071254757 0.36872462544532 0.00010737782806937 0.0 0.0 0.00010737782806937 0.0
11 7 1 14.64014244655 0.065143224523325 0.064674757769031 2193.1084415226 0.3687644845636 355165643.0 492475601.0 492906827.0
12 10 1 14.740227108095 0.057225364091293 0.056819333704581 2193.1077737728 0.36875161089943 49.0 1.4414055735253e-07 43.714285714286 5.0 1.4708220138013e-08 67.0
13 9 1 14.840332967037 0.064860957278271 0.064387326020872 2193.1042438416 0.0 0.37145993555056 1.0452270507812 16.114887825305 0.047607421875 0.7339919710212
14 10 1 14.940430572021 0.064898162188183 0.064447232715743 2193.1087373783 0.36869603481835 1.323427306785 8.5888e-05 0.52069271086621 3.3792e-05 2.487096622736 0.000161408
15 19 1 15.040522174868 0.064951015624079 0.064500402077449 2193.1040183617 0.36873892709745 1.004150390625 15.460118382702 0.04248046875 0.65403856031854 0.0 0.0 0.0 0.0 503.90220515453 0.03272896 0.62570230210432 4.064e-05 504.52790745664 0.0327696 0.0
16 13 1 15.140613847517 0.064932005683755 0.064475687341966 2193.107942557 0.36873839606159 210.0 1.0016479492188 15.426105179889 0.2410888671875 3.7129434806265 0.0 0.0 0.0423583984375 0.65235006976071
17 9 1 15.240705046958 0.065004415697744 0.064531246770799 2193.1111969453 0.3687396375648 0.19024292913707 1.6498388585293e-06 8.6722742653978e-06 3453.0 8.9433180196257e-06
18 8 1 15.340792066388 0.065101100780022 0.064647665204579 2193.1062222614 0.36873919968183 0.091172631515669 0.00036071532799681 0.0039563992176185 10.968203762202
19 5 1 15.440878081382 0.065267107327569 0.06481193755967 2193.1130854123 0.36872901740101 5.8646620299624
20 6 1 15.540963247863 0.0650719594571 0.064619583162309 2193.1084044333 0.36869474250732 1.0 8.0
21 7 1 15.641050923621 0.065256015022857 0.064802549531916 2193.105404207 0.36870951621357 99.708065362516 0.2919346374844 1.6079315180374
22 7 1 15.741136533396 0.061079882867311 0.060653412488771 2193.1076812733 0.36874094015986 2.2064235756653e-07 6.489481104898e-09 0.029411764705882
23 9 1 15.841224194649 0.065267144495311 0.064802806533255 2193.1070874873 0.36875738779613 0.0 0.0 0.0 0.0 -
24 6 1 15.941310378258 0.065126012232579 0.064673774636924 2193.1102450388 0.36872048034358 0.0 0.0
25 13 1 16.041398291526 0.065218259849055 0.064760423069022 2193.1064490023 0.36869927130294 2.7122375275278 571501456.0 352745098.0 730685.0 3239048.0 0.12785356753317 1.0674700713273 61.722519566074 37.082156795065
26 7 1 16.141488134798 0.065155227890986 0.06470231674332 2193.1067972938 0.3686942448182 62.247086665516 37.752913334484 1.1544563753432
27 12 1 16.241577581009 0.06508566982131 0.064629972906041 2193.1050863204 0.36872796275208 423085.0 1.7686753252892 1.5424796435704 96.730680596098 0.29671942706532 0.0052480032918439 0.0045768367610014 0.28701872126112
1 7 1 16.341672914228 0.065161738591577 0.064694137573717 2193.1077618879 0.36882144764276 98.527573111147 1.4724268888528 1.628107247138
2 10 1 16.441763030365 0.064994671403584 0.064543544760806 2193.1065136968 0.36872225171633 1.1058137297704 7.1872e-05 0.15952076956617 1.0368e-05 1.2653344993366 8.224e-05
3 5 1 16.541849291029 0.065129090809467 0.064675861469667 2193.1093208237 0.36874589193693 1.0039770433163
4 6 1 16.641934362325 0.064987028446651 0.06453184644059 2193.1048101029 0.36874270505487 0.0 0.0
5 7 1 16.742020116238 0.065138849608113 0.064687471403179 2193.1052124826 0.36871128257362 1.4891640784647e-05 3.051184553551e-06 0.20489243580847
6 8 1 16.842107923443 0.065023009540663 0.064571381133365 2193.1044332319 0.36872864245293 0.29656117537331 0.0059069918546057 0.0030078978130702 99.838848979081
7 7 1 16.942194678165 0.065142087734333 0.064685955684522 2193.1100399321 0.36870886731622 41.0 1.0592775488392e-07 41.0
8 10 1 17.042278733241 0.064942016497822 0.064489644282416 2193.1089234573 0.36872794952759 497.91912453295 0.032335872 0.060115164427192 3.904e-06 497.97923969737 0.032339776
9 19 1 17.142368109649 0.065049598980799 0.064597987797578 2193.1070473554 0.36871766671889 1.017822265625 15.646864570609 0.04241943359375 0.65210907151436 0.00010761019452351 0.0 0.0 0.00010761019452351 497.73318371351 0.032377344 0.023612751255444 1.536e-06 497.75679646476 0.03237888 2.1619030676787e-07
10 9 1 17.242457880398 0.065070832639942 0.064616478749307 2193.1043376945 0.36873131821944 0.00010757507958648 0.0 0.0 0.00010757507958648 0.0
11 7 1 17.342545545278 0.065060954179297 0.064610022440533 2193.106094264 0.36873745838168 354809979.0 492013970.0 492447538.0
12 10 1 17.442634564513 0.065419348212558 0.064964241448516 2193.1049061054 0.36872747966694 43.0 1.1062465164008e-07 39.976744186047 3.0 7.7179989516333e-09 70.0
13 9 1 17.542723378873 0.065214211284749 0.064755915800386 2193.1054199956 0.0 0.36871186081365 1.0042114257812 15.398659371904 0.0423583984375 0.6495271138456
14 10 1 17.642813967312 0.065311284361994 0.064859271585854 2193.1031036975 0.36871460068173 1.2670398508983 8.2752e-05 0.51053964603096 3.3344e-05 2.3812117847509 0.00015552
15 19 1 17.742905326302 0.065270216726487 0.064817754764585 2193.1065401713 0.36874886857771 1.001708984375 15.347106760387 0.0423583984375 0.64896978379897 0.0 0.0 0.0 0.0 497.77558018764 0.03248992 0.0088248519598719 5.76e-07 497.7844050396 0.032490496 0.0
16 13 1 17.843004138784 0.065392672652044 0.064928996457105 2193.1073594302 0.36880333243905 210.0 1.0404052734375 15.910120067634 0.2801513671875 4.2841400393312 0.0 0.0 0.04547119140625 0.69535606302871
17 9 1 17.943101219794 0.065153292448802 0.064699208704197 2193.1040178843 0.36872504843904 0.19028647414446 1.8263138534151e-06 9.5977071498452e-06 3708.0 9.5784607757614e-06
18 8 1 18.043187620063 0.065354370840472 0.064900402678482 2193.1048469889 0.36868686187245 0.091172625318851 0.00036070671912946 0.0039563050627092 10.968204507688
19 5 1 18.143274277787 0.065336378933671 0.064880027050265 2193.1096947317 0.3687507593256 5.9237386670851
20 6 1 18.243360405191 0.065122027125394 0.064671065017867 2193.1027011761 0.36870832791945 1.0 8.0
21 7 1 18.34344842815 0.065204535886891 0.064749229686181 2193.1064093716 0.36870382227255 99.711799039597 0.28820096040292 1.6331673840173
22 7 1 18.443536408502 0.065035056421777 0.06457918363963 2193.1033453097 0.36874774873157 2.3974053345292e-07 6.095098308125e-09 0.025423728813559
23 9 1 18.54362436347 0.064958868896041 0.064508750314952 2193.1059806263 0.36871954138084 0.0 0.0 0.0 0.0 -
24 6 1 18.643710268774 0.064868944716716 0.064403726060472 2193.1093728694 0.36872323748896 0.0 0.0
25 13 1 18.743798097735 0.065007012000514 0.064551182278556 2193.1054529781 0.36873953786281 2.7119413497016 569654936.0 351566978.0 693479.0 3296156.0 0.12173667885149 1.0887218925107 61.715778409405 37.073763019232
26 7 1 18.84388765273 0.064835861800064 0.064383451057118 2193.1049789414 0.36876742931959 62.242934801965 37.757065198035 1.1185755638551
27 12 1 18.943976709134 0.065083009154889 0.06463035138244 2193.1038630433 0.36872026378853 420228.0 0.84930085572594 0.65202699486945 97.136554441874 0.29471402014068 0.0025030086949992 0.0019216149689823 0.28627504462179
1 7 1 19.044065886105 0.064774686416043 0.064322059918886 2193.1063984477 0.36872043018939 98.588671816459 1.4113281835408 1.567120524379
2 10 1 19.144153486621 0.064970957477549 0.064520281380328 2193.1048175006 0.36868793368514 1.1584252860366 7.5264e-05 0.087669940865013 5.696e-06 1.2460952269016 8.096e-05
