1 7 2 0.10089589173525 0.10090977948417 0.10090977948417 0.0014339055468529 2.4137798929476e-05 1328.1962849024 1192.0761967937 1.4255659627197 6.2466010314112 32.609518238511 9.4791353947763 67.390481761489 90.520864605224 9.7654093836247 24.740512820513
2 10 2 0.2012743534097 0.035037202652076 0.035037202652076 0.0001950462414997 1.6700262641202e-05 1357.2934432953 1179.9622428513 4.9910183457531 4.7310751860405 39.586721970163 2.734464875846 0.001387008 9.5808e-05 3.0851778058142 0.21736895138655 0.000108096 7.616e-06 42.671899775977 2.9518338272325 0.001495104 0.000103424
3 5 2 0.30152172477063 0.033328784896286 0.033328784896286 0.0 1.2024968090973e-05 - 1499.343272796 - 3.4000512229479 - 2.0029268292683
4 6 2 0.40176283070243 0.022389400000456 0.022389400000456 1.8412227515741e-05 1.0531301382976e-05 1496.4589563023 1508.2953435854 5.4598442116573 3.3544431621466 0.0 0.0 0.0 0.0
5 7 2 0.50198477712047 0.036254145183834 0.036254145183834 0.0 9.6726015411442e-06 - 1485.6970989678 - 2.7027334851936 - 0.35016451531258 - 0.13680080992154 - 0.3906758221901
6 8 2 0.60225103172571 0.035136187736481 0.035136187736481 0.0 9.6273114650982e-06 - 1136.2260820794 - 2.8487000804074 - 68.415110316602 - 26.17961142212 - 21.447052735569 - 59.679164510514
7 7 2 0.7024864682458 0.032079980796029 0.032079980796029 0.0 9.6472390985585e-06 - 1290.9633982358 - 3.0728505481823 0.0 46.0 - 0.0066358915175995 - 39.673913043478
8 10 2 0.80275593391743 0.03284676442853 0.03284676442853 5.099028501715e-05 1.1757303741542e-05 1326.4854278034 1274.1042129715 3.726039184538 3.7400950871632 524.4834399895 0.0 0.017227584 0.0 258.58741790173 0.0 0.00849376 0.0 783.07085789124 0.0 0.025721344 0.0
9 19 2 0.90303656993341 0.033171527788437 0.033171527788437 0.0 1.2097885113408e-05 - 1289.9091993673 - 2.757225433526 0.411865234375 0.0 12.416227464765 0.0 0.02154541015625 0.0 0.64951515931565 0.0 0.0 0.00057278037120205 0.0 0.0 0.0 0.0 0.0 0.00057278037120205 500.40794339856 0.0 0.016599296 0.0 0.088750811200991 0.0 2.944e-06 0.0 500.49669420976 0.0 0.01660224 0.0 0.0 1.1444238849697e-06
10 9 2 1.0032851822424 0.031641334634102 0.031641334634102 0.0 9.7545765787875e-06 - 1285.8444725104 - 2.9926358204808 0.0 0.00041085498289914 0.0 0.0 0.0 0.0 0.0 0.00041085498289914 - 0.0
11 7 2 1.1036210875498 0.014423781425452 0.014423781425452 0.0097777913659671 0.0097844118692835 1496.5013948572 1496.5032679361 0.56790607988948 0.56789920041521 35662104.0 35685614.0 45626084.0 45660884.0 45659887.0 45691366.0
12 10 2 1.2039603126198 0.034570021024835 0.034570021024835 0.023417083003631 0.023418852486902 1496.5044187022 1496.5038010043 0.56791484216693 0.56797655895769 0.0 0.0 0.0 0.0 - - 0.0 0.0 0.0 0.0 - -
13 9 2 1.3042649614341 0.033882285785265 0.033882285785265 0.022944140478719 0.022957847520235 1496.5044602793 1496.5032981894 0.0 0.0 0.5680055754235 0.56794219611394 0.45947265625 0.0 13.560851802089 0.0 0.021484375 0.0 0.63408871338142 0.0
14 10 2 1.4045907308224 0.034362699361123 0.034362699361123 0.023280260325194 0.023275074158586 1496.506388466 1496.5015897303 0.56796942815061 0.56817204933993 1.0392664331954 1.2925643452287 3.5712e-05 4.4416e-05 0.34642214439846 0.45630873858937 1.1904e-05 1.568e-05 1.3912760315358 1.7563230224073 4.7808e-05 6.0352e-05
15 19 2 1.5049379876345 0.033023838662053 0.033023838662053 0.022367944732636 0.022378728752643 1496.5078773417 1496.5019534299 0.56793937187778 0.56796533603956 0.46197509765625 0.0 13.989139856933 0.0 0.02154541015625 0.0 0.65241991934169 0.0 1393.2585024669 1393.8660030123 0.0 0.0 0.0 0.0 1393.2585024669 1393.8660030123 501.67686953476 0.0 0.016567296 0.0 0.5484522918534 0.0 1.8112e-05 0.0 502.22532182662 0.0 0.016585408 0.0 2.7741701621088 2.7753797796231
16 13 2 1.605191882578 0.032982070342321 0.032982070342321 0.022331159679971 0.022345345890491 1496.5030284719 1496.5036651985 0.56793143692356 0.56795527202338 206.0 206.0 0.46234130859375 0.0 14.017958963616 0.0 0.07586669921875 0.0 2.3002406589802 0.0 0.0 0.0 0.0 0.0 0.02154541015625 0.0 0.65324614048271 0.0
17 9 2 1.7055164472503 0.031995172411228 0.031995172411228 0.02167052647481 0.021672681376628 1496.500768316 1496.5052643254 0.56793168784959 0.56799787077864 0.1378977595724 0.13788162367681 3.5608275638629e-08 7.1217768529386e-08 2.5822229272647e-07 5.1651385173935e-07 152.0 147.0 1.8041526323572e-06 1.7448353289699e-06
18 8 2 1.8058004274855 0.033023809676405 0.033023809676405 0.022362384017099 0.022364351418003 1496.5023864083 1496.4998657522 0.56804048575702 0.56820934117446 0.066931340122721 0.066931331070902 0.00026458985736272 0.00026457618532415 0.0039531534386969 0.0039529497036878 14.940683963095 14.940685983679
19 5 2 1.9060886622705 0.03255291516873 0.03255291516873 0.022050093997037 0.022045692254546 1496.5057229175 1496.5040621372 0.56797879005105 0.5681765241882 6.2440834248079 6.2498901871211
20 6 2 2.006382831867 0.032695155898965 0.032695155898965 0.022142236656753 0.022143954056436 1496.5034035787 1496.5030475733 0.56798082896741 0.56806348995817 0.0 0.0 - -
21 7 2 2.1067257218099 0.032359681436073 0.032359681436073 0.02191927451818 0.021925917213633 1496.5031459253 1496.4997134772 0.5679492148545 0.56797968927953 90.936465714092 90.955649619562 9.0635342859083 9.0443503804383 1.1988800861909 1.195654477197
22 7 2 2.2070524422898 0.03234089601833 0.03234089601833 0.021909443401372 0.021907260419707 1496.5067687469 1496.5023324364 0.56793859327144 0.56798830454293 4.8873156076913e-08 3.9105845239654e-08 0.0 0.0 0.0 0.0
23 9 2 2.3073735413656 0.031778251968799 0.031778251968799 0.021521382178284 0.021526013088559 1496.5042274465 1496.5061541567 0.56795807910877 0.56795719063098 1393.0251432163 1393.326984866 0.0 0.0 0.0 0.0 1393.0251432163 1393.326984866 0.0 0.0
24 6 2 2.4076736222228 0.030901457835781 0.030901457835781 0.020927820405441 0.020932736190295 1496.5059868556 1496.4980496472 0.56796878843962 0.56799784712816 0.0 0.0 0.0 0.0
25 13 2 2.508003846343 0.031107422608815 0.031107422608815 0.021074009524506 0.021073400372983 1496.5071436187 1496.5019893241 0.56793803591454 0.56800029922353 1.7607554640881 1.7605624528139 186124744.0 186119364.0 76535081.0 76524473.0 12828389.0 12085058.0 542976.0 543316.0 6.8923608566521 6.4931760673758 0.46468942356208 0.46398933536008 41.120314986169 41.115804049277 51.522634733617 51.927030547987
26 7 2 2.6083574301787 0.030193895506719 0.030193895506719 0.020451321703758 0.020459192213174 1496.5041588824 1496.5035312525 0.56795367563129 0.5679450038617 41.30241588892 41.302941562692 58.69758411108 58.697058437308 1.5855041431449 1.5855624321786
27 12 2 2.7087024007477 0.030392718940562 0.030392718940562 0.020593193772774 0.020594926571084 1496.5056275015 1496.5002072905 0.56792972640055 0.56795778604634 4119332.0 4112592.0 0.013545885595043 0.011963258207962 0.0043210889532575 0.0084861323467049 98.07099791908 98.041624357583 9.0595398458969 9.0439557423667 0.0012271949029625 0.0010819517776732 0.00039147077549701 0.00076748205367466 8.8847811337478 8.8668411159972
1 7 2 2.8090469374378 0.029307460928114 0.029307460928114 0.019851067416379 0.019852538438049 1496.5060475472 1496.5019795869 0.56793025297943 0.56800794518287 54.247062400642 54.254800778689 45.752937599358 45.745199221311 2.0478027568522 2.0437057864221
2 10 2 2.9093437764314 0.029581452301171 0.029581452301171 0.02003301803239 0.020038119506556 1496.5037187106 1496.4966410505 0.56795875444751 0.56795530169982 0.15577328499918 0.058414981874693 4.608e-06 1.728e-06 0.0086540713888434 0.0064905535416326 2.56e-07 1.92e-07 0.16442735638802 0.064905535416325 4.864e-06 1.92e-06
3 5 2 3.0096394487526 0.029235313836973 0.029235313836973 0.019802301326996 0.019800117439529 1496.5043105988 1496.5014678788 0.56793411895491 0.56800488584716 287.28281744278 287.28594580942
4 6 2 3.1099274742974 0.029752236648934 0.029752236648934 0.020148905826076 0.020150949767208 1496.5049959494 1496.499493325 0.56792141470986 0.56797985224253 0.0 0.0 0.0 0.0
5 7 2 3.2102207462446 0.02930898267467 0.02930898267467 0.019847682436095 0.01985390302804 1496.5042107703 1496.5026617079 0.56798177780813 0.56801798047062 5.1363158527081e-05 1.7311141055181e-05 1.0368540706956e-06 9.3293574548881e-07 0.020186727226848 0.053892215568862
6 8 2 3.3105553680312 0.028490777595628 0.028490777595628 0.019304257683238 0.019301361835775 1496.5003399426 1496.4991515654 0.5679236601196 0.56799276994441 9.0525521862974 9.0432104653335 0.004051746646511 0.0025388810747511 0.00038476343371616 0.0012506687734217 99.443008007326 99.439278024818
7 7 2 3.4108648139704 0.029098190885331 0.029098190885331 0.019707474777374 0.01971201012559 1496.5025415668 1496.5016789941 0.56803647159838 0.56805066254383 0.0 0.0 0.0 0.0 - -
8 10 2 3.511114227008 0.028718859324398 0.028718859324398 0.019451735757866 0.019454675536702 1496.5030310308 1496.5010719828 0.56798647334588 0.5679674286308 501.26336277465 0.0 0.014395712 0.0 1.3259579557064 0.0 3.808e-05 0.0 502.58932073036 0.0 0.014433792 0.0
9 19 2 3.6114380135968 0.029790251327164 0.029790251327164 0.020181821294644 0.020185910082709 1496.504036958 1496.499399015 0.56793868635778 0.56799912220012 0.4339599609375 0.0 14.567180255435 0.0 0.0196533203125 0.0 0.65972321269339 0.0 0.0 0.0 0.0 0.0 0.0 0.0 0.0 0.0 512.83783517695 0.0 0.015277568 0.0 3.991641382749 0.0 0.000118912 0.0 516.8294765597 0.0 0.01539648 0.0 0.0 0.0
10 9 2 3.7117551235226 0.02919004368856 0.02919004368856 0.019772416217417 0.019777550753338 1496.5059413943 1496.5012715528 0.56797871021854 0.56798130511118 0.0 0.0 0.0 0.0 0.0 0.0 0.0 0.0 - -
11 7 2 3.8120798222536 0.029451980654976 0.029451980654976 0.019953565199082 0.019954571997472 1496.5070227716 1496.4999295711 0.56791716380237 0.56808764909366 72772194.0 72755692.0 93109286.0 93087807.0 93176281.0 93153024.0
12 10 2 3.912424416915 0.028345243371063 0.028345243371063 0.019202815612207 0.019200204639323 1496.5023399387 1496.4991370264 0.56837673182062 0.56860254181582 0.0 0.0 0.0 0.0 - - 0.0 0.0 0.0 0.0 - -
13 9 2 4.0127317478076 0.028518770485831 0.028518770485831 0.019311588787847 0.019324164483263 1496.5016451195 1496.5001325892 0.0 0.0 0.567973369584 0.56799320072918 0.40826416015625 0.0 14.315629783517 0.0 0.01898193359375 0.0 0.6655943882006 0.0
14 10 2 4.1130517662621 0.029102663733241 0.029102663733241 0.019713826257639 0.019712684041921 1496.5001990913 1496.5013864361 0.56794958088586 0.56800685490959 1.2029139435788 1.2842810659049 3.5008e-05 3.7376e-05 0.43982228284416 0.46621161981481 1.28e-05 1.3568e-05 1.6471344492514 1.7658864656193 4.7936e-05 5.1392e-05
15 19 2 4.2134017712759 0.028676781220545 0.028676781220545 0.019421798111798 0.019427923594583 1496.500641216 1496.500434481 0.56793856708112 0.56792482353997 0.40814208984375 0.0 14.232493064854 0.0 0.0189208984375 0.0 0.65979854196273 0.0 1393.1332004367 1393.6067542813 0.0 0.0 0.0 0.0 1393.1332004367 1393.6067542813 495.73206597591 0.0 0.014216 0.0 0.11158853482857 0.0 3.2e-06 0.0 495.84365451073 0.0 0.0142192 0.0 2.8096219196579 2.8105769663554
16 13 2 4.3137081501712 0.029329620456522 0.029329620456522 0.019859266731746 0.019875960200876 1496.5088967807 1496.5027664493 0.56794613572449 0.56789215310755 206.0 206.0 0.40692138671875 0.0 13.874076117758 0.0 0.06982421875 0.0 2.3806724281859 0.0 0.0 0.0 0.0 0.0 0.01885986328125 0.0 0.64303127649427 0.0
17 9 2 4.4140247573771 0.028643127976638 0.028643127976638 0.019405577471062 0.019403662606647 1496.501997622 1496.498064552 0.56791333137434 0.56805601807338 0.13789374541648 0.13788811786968 3.9763059878794e-08 5.3035967030509e-08 2.8836014105425e-07 3.846304369796e-07 100.0 137.0 1.3254353292931e-06 1.8164818707949e-06
18 8 2 4.5143214070582 0.02873682861497 0.02873682861497 0.019463695508248 0.019468889827069 1496.5084533641 1496.5017918655 0.56794442575773 0.56797912391176 0.066931325550038 0.066931323954743 0.00026458751967325 0.00026457272627792 0.0039531193727135 0.0039528984434377 14.940687216069 14.940687572177
19 5 2 4.6146074914703 0.028454694086241 0.028454694086241 0.019276424667003 0.019277823677453 1496.5034648884 1496.504647033 0.56796522135052 0.56797907318186 6.2422307150759 6.2447707160097
20 6 2 4.7148900858292 0.029208485807526 0.029208485807526 0.01978677135992 0.019784452960927 1496.50661972 1496.5000088777 0.56793424652121 0.5679969975793 0.0 0.0 - -
21 7 2 4.8152203470873 0.028794268206817 0.028794268206817 0.019505120076303 0.019510113760088 1496.5037889343 1496.505580975 0.56793473935609 0.56797975214171 90.920258262137 90.942569198875 9.0797417378627 9.0574308011252 1.1980671636578 1.1947553225922
22 7 2 4.9155243844856 0.029179536390917 0.029179536390917 0.019765528502652 0.019769822454762 1496.5040278731 1496.5019962777 0.5680009042811 0.56803614543544 3.359164841403e-07 2.7085836674073e-07 2.2755632796601e-07 2.4918969740147e-07 0.67741935483871 0.92
23 9 2 5.0158418177826 0.029084941726484 0.029084941726484 0.019704048583121 0.019702286346262 1496.5039951443 1496.5009896809 0.56795729791118 0.56815960331672 1393.4990615124 1392.8782247864 0.0 0.0 0.0 0.0 1393.4990615124 1392.8782247864 0.0 0.0
24 6 2 5.1161619458391 0.029423437037449 0.029423437037449 0.0199280265781 0.019933822349132 1496.5042118294 1496.5025778446 0.56792123284078 0.56797808997583 0.0 0.0 0.0 0.0
25 13 2 5.2164816545094 0.029278089407997 0.029278089407997 0.019837096786621 0.019838381666078 1496.5066826327 1496.5013520292 0.56788865102301 0.56796234926277 1.7609085833967 1.7606800896187 175200384.0 175211732.0 72049127.0 72044446.0 12062644.0 11373223.0 510944.0 511284.0 6.8850556857227 6.4911309706133 0.46418048946742 0.46472572966746 41.123840801627 41.118505694584 51.526923023182 51.925637605135
26 7 2 5.3168145815414 0.028860991358451 0.028860991358451 0.019554416965377 0.019553431453322 1496.5072732826 1496.5010116382 0.56793166195514 0.56799123772663 41.304168881828 41.299304304378 58.695831118172 58.700695695622 1.5856267665668 1.5856397664195
27 12 2 5.4171614878083 0.029605608216131 0.029605608216131 0.020052229176847 0.020058991438102 1496.5063959905 1496.5031356601 0.56792811954633 0.5679731602962 4012616.0 4005579.0 0.014379646594641 0.0092121513519019 0.0037631310845593 0.0029209260384079 98.054212015304 98.052541218136 9.0629167550723 9.0439730271618 0.0013032154005459 0.00083314448348734 0.00034104943757786 0.00026416776305696 8.886571609789 8.867845380215
1 7 2 5.5174968994538 0.029275940846789 0.029275940846789 0.019828561418889 0.019825488034329 1496.5040431303 1496.5001440258 0.56790251376855 0.56801204535059 54.258172162741 54.262457673953 45.741827837259 45.737542326047 2.0464917412611 2.042707220927
2 10 2 5.6177971152755 0.029932337165339 0.029932337165339 0.0202708914756 0.020271243832392 1496.5040191789 1496.496674421 0.56793960403549 0.56800145633954 0.14539459367842 0.10904594525882 4.352e-06 3.264e-06 0.017105246315109 0.0042763115787771 5.12e-07 1.28e-07 0.16249983999353 0.11332225683759 4.864e-06 3.392e-06
3 5 2 5.7180947504686 0.029301648399755 0.029301648399755 0.019843400259405 0.01984900717082 1496.5113825115 1496.4997588833 0.56799070442168 0.56799302416591 287.28624631604 287.28178821619
4 6 2 5.8183795549832 0.029586878958083 0.029586878958083 0.020040114081505 0.020038653476552 1496.5042932851 1496.5048832195 0.56793753004405 0.56798638952282 0.0 0.0 0.0 0.0
5 7 2 5.9186633830438 0.029085397344649 0.029085397344649 0.019698087050411 0.019705155925481 1496.5059282843 1496.5044481031 0.56792766948111 0.56795283396491 4.2033253043161e-05 1.4058893737111e-05 6.920666080421e-07 3.7855888428619e-07 0.016464740602672 0.026926648096565
6 8 2 6.0189934812576 0.028883785853725 0.028883785853725 0.019569627184516 0.019571976833661 1496.5042401377 1496.5003566202 0.5679468521046 0.56801956024414 9.0721893130695 9.0412214691505 0.0062069646401583 0.0052782947956106 0.0028257657813696 0.0038250860574942 99.45113954733 99.439054485007
7 7 2 6.1192850575444 0.029234403506444 0.029234403506444 0.019803564920118 0.019801634204176 1496.5037644002 1496.5051153518 0.56795589209943 0.56801397766287 0.0 0.0 0.0 0.0 - -
8 10 2 6.2195347513804 0.029124439201804 0.029124439201804 0.019721885173771 0.019728719899147 1496.5031314923 1496.5031722526 0.56793137554949 0.5680166724693 507.90718741406 0.0 0.014792512 0.0 286.18933886575 0.0 0.008335104 0.0 794.0965262798 0.0 0.023127616 0.0
9 19 2 6.3198745860548 0.029399748516074 0.029399748516074 0.01991847988297 0.019925464065597 1496.5062270908 1496.4984023643 0.56797299101126 0.56797653949858 0.41180419921875 0.0 14.007065366345 0.0 0.0189208984375 0.0 0.64357347911175 0.0 0.0 0.0 0.0 0.0 0.0 0.0 0.0 0.0 501.94279695732 0.0 0.014756992 0.0 0.06312979170503 0.0 1.856e-06 0.0 502.00592674903 0.0 0.014758848 0.0 0.0 0.0
10 9 2 6.4201725283146 0.029960498534624 0.029960498534624 0.020295683263228 0.020293228994007 1496.5016906677 1496.5018858862 0.56802279105787 0.56818479784629 0.0 0.0 0.0 0.0 0.0 0.0 0.0 0.0 - -
11 7 2 6.5204838791544 0.030284006453624 0.030284006453624 0.02051329709672 0.020517404453717 1496.5011919041 1496.5000436522 0.56794532824802 0.56803579860474 74810484.0 74812970.0 95715194.0 95723915.0 95785532.0 95789236.0
12 10 2 6.6208249701755 0.030007514162568 0.030007514162568 0.020331980088873 0.020333505005734 1496.5085069748 1496.5001878597 0.56791103299246 0.56798741191757 0.0 0.0 0.0 0.0 - - 0.0 0.0 0.0 0.0 - -
13 9 2 6.7211074159829 0.030441164829107 0.030441164829107 0.020612486439368 0.020621711122057 1496.5059476429 1496.5031754117 0.0 0.0 0.56795628088631 0.56792110092226 0.4246826171875 0.0 13.950931890143 0.0 0.0196533203125 0.0 0.64561656634466 0.0
14 10 2 6.8214247079748 0.029972724137752 0.029972724137752 0.020293652909119 0.020305757587743 1496.503991174 1496.4969750191 0.56795063279146 0.56795994032955 1.4114165868132 1.2640826314575 4.2304e-05 3.7888e-05 0.52741285467906 0.41637856948347 1.5808e-05 1.248e-05 1.9452352656382 1.6954081239481 5.8304e-05 5.0816e-05
15 19 2 6.9217640815962 0.030246816960579 0.030246816960579 0.020490037472366 0.020493681964785 1496.5060819514 1496.5020647332 0.56795526044638 0.56793617302075 0.42205810546875 0.0 13.953802346171 0.0 0.01971435546875 0.0 0.65178281385588 0.0 1393.4265894798 1393.7210006243 0.0 0.0 0.0 0.0 1393.4265894798 1393.7210006243 512.8875550845 0.0 0.015513216 0.0 0.040202577401279 0.0 1.216e-06 0.0 512.9277576619 0.0 0.015514432 0.0 2.7166137310087 2.7171877127052
16 13 2 7.0220737485509 0.029135471864329 0.029135471864329 0.019728144715181 0.019739360802514 1496.5066696795 1496.5027366903 0.5679733981136 0.56798397812317 206.0 206.0 0.4095458984375 0.0 14.056607709824 0.0 0.0701904296875 0.0 2.4091056432635 0.0 0.0 0.0 0.0 0.0 0.01910400390625 0.0 0.65569570986215 0.0
17 9 2 7.1224027896944 0.029170228374488 0.029170228374488 0.019761888086339 0.019763859563349 1496.499947917 1496.5038194963 0.56793012859037 0.56793988287981 0.13789934514719 0.137885224587 3.9047279187539e-08 7.8088109468909e-08 2.8315782896474e-07 5.6632688312184e-07 92.0 90.0 1.1974498950845e-06 1.1713216420336e-06
18 8 2 7.2226927916981 0.029189129734825 0.029189129734825 0.019771028982387 0.019772062501923 1496.5056802152 1496.5048189814 0.56793017160931 0.5679996524594 0.066931329073137 0.066931321594704 0.00026456613437173 0.00026458467050335 0.0039527996535469 0.0039530770377659 14.940686429628 14.940688098995
19 5 2 7.3229791714015 0.028780453827821 0.028780453827821 0.019493433877981 0.019498562979093 1496.5085358104 1496.5012139007 0.56796645530345 0.56798035902145 6.2430510665805 6.2481726418378
20 6 2 7.4232828854287 0.029576254812044 0.029576254812044 0.020036030275348 0.020038301572661 1496.5030101963 1496.5060200587 0.56796428416725 0.5679929155762 0.0 0.0 - -
21 7 2 7.5236174800413 0.028880740549012 0.028880740549012 0.019568846383605 0.019565571005305 1496.5049996893 1496.5028792596 0.56790757564155 0.56798649472154 90.929179873579 90.953357791344 9.0708201264207 9.046642208656 1.1976341291176 1.1948907899082
22 7 2 7.6239308535358 0.029033081872007 0.029033081872007 0.019665797037794 0.019671376775163 1496.5050819293 1496.5041782849 0.56794291893412 0.56794594387287 1.1978878492965e-07 3.2660575200849e-08 0.0 1.0886858400283e-08 0.0 0.33333333333333
23 9 2 7.7242423683256 0.028617705751152 0.028617705751152 0.019387361802477 0.019389816977499 1496.5041316042 1496.5018172975 0.56794791888111 0.56798680554097 1393.5110084216 1393.5921470013 0.0 0.0 0.0 0.0 1393.5110084216 1393.5921470013 0.0 0.0
24 6 2 7.8245394265232 0.028710727038343 0.028710727038343 0.019450050967037 0.019447387004764 1496.5037724207 1496.5008790815 0.56794212229068 0.56801659236881 0.0 0.0 0.0 0.0
25 13 2 7.9248666968247 0.028259263784895 0.028259263784895 0.019142534068089 0.019147187623403 1496.5054683818 1496.5027824013 0.56804010675574 0.56808268688184 1.760439074824 1.7603071226988 169066036.0 169107136.0 69508352.0 69520033.0 11658463.0 10976269.0 493988.0 493856.0 6.895804311636 6.4907189960334 0.46449246612726 0.4652293324866 41.113137590805 41.110052860218 51.526565631432 51.933998811262
26 7 2 8.0251645385406 0.028729220787996 0.028729220787996 0.019461745770474 0.019458937785759 1496.5040226072 1496.5052578378 0.56793857856349 0.5681145853042 41.304942307457 41.290874866534 58.695057692543 58.709125133466 1.586054965242 1.5865926127389
27 12 2 8.1255032771951 0.028725150115961 0.028725150115961 0.019456745293178 0.019458339050954 1496.508219501 1496.5048206466 0.56790653176896 0.56793771226545 3897033.0 3888411.0 0.014677833110471 0.0067636883035255 0.0041826692255365 0.0011315676249244 98.035274528083 98.033129728313 9.0712458977227 9.0504348509372 0.0013314623339082 0.00061214320343104 0.00037942021053678 0.00010241179068808 8.8930208189499 8.8724245383957
1 7 2 8.2258413528029 0.028794211141321 0.028794211141321 0.019508426251854 0.019510536769398 1496.5061119149 1496.5055351009 0.56794041239764 0.56797706693505 54.253103264712 54.268764716403 45.746896735288 45.731235283597 2.0469478140054 2.0415800532142
2 10 2 8.3261488893125 0.029115105822933 0.029115105822933 0.019723642881622 0.019721280551255 1496.505790154 1496.5022532921 0.56793172788806 0.56801489296552 0.087926865715996 0.070341492572797 2.56e-06 2.048e-06 0.015387201500299 0.0043963432857998 4.48e-07 1.28e-07 0.1033140672163 0.074737835858597 3.008e-06 2.176e-06
3 5 2 8.4264319854854 0.028307884493134 0.028307884493134 0.019172220354235 0.019177471738553 1496.505900082 1496.5013874009 0.56796084923264 0.56795946379914 287.29778508756 287.28974873426
4 6 2 8.5267187809517 0.028773599627712 0.028773599627712 0.019491913943029 0.019494340585303 1496.5067556959 1496.5044310257 0.56795135400606 0.56798977042143 0.0 0.0 0.0 0.0
5 7 2 8.627009583684 0.028298876297008 0.028298876297008 0.019169617533565 0.019168313179375 1496.5033289415 1496.5029156701 0.56795688121515 0.567974878005 5.5888180806437e-05 1.5325490538154e-05 7.1118213271096e-07 5.6363450315451e-07 0.012725090036014 0.036777583187391
6 8 2 8.7273385532691 0.028670279377228 0.028670279377228 0.019421707078745 0.019427661365043 1496.5066829149 1496.501988505 0.56792830075583 0.56793094788144 9.059278146171 9.0440505886006 0.0046125590328271 0.0014966407060116 0.00075554556452779 0.00042661253769489 99.441770756282 99.436064849488
7 7 2 8.8276421296144 0.028753462754101 0.028753462754101 0.019477936519759 0.019480048848906 1496.5090507956 1496.5042729161 0.56793662246518 0.56798174238955 0.0 0.0 0.0 0.0 - -
8 10 2 8.9278987854409 0.029535991028637 0.029535991028637 0.020005624782794 0.020003302760595 1496.5079432912 1496.5053593514 0.56796254714982 0.56799356017028 496.27750718735 0.0 0.014658048 0.0 0.15817989636678 0.0 4.672e-06 0.0 496.43568708371 0.0 0.01466272 0.0
9 19 2 9.0282321499751 0.028767251770654 0.028767251770654 0.019485173421011 0.019496281717963 1496.5074439229 1496.506026117 0.56795837400806 0.56798316733109 0.39251708984375 0.0 13.644580753597 0.0 0.018310546875 0.0 0.63650664376912 0.0 0.0 0.0 0.0 0.0 0.0 0.0 0.0 0.0 501.92184206938 0.0 0.014438912 0.0 0.75641566922976 0.0 2.176e-05 0.0 502.67825773861 0.0 0.014460672 0.0 0.0 0.0
10 9 2 9.128541916568 0.029095696307942 0.029095696307942 0.019712607048792 0.019714001077333 1496.5105487709 1496.5048947892 0.56793416000895 0.56804478951456 0.0 0.0 0.0 0.0 0.0 0.0 0.0 0.0 - -
11 7 2 9.2288553987587 0.029002050017701 0.029002050017701 0.019648235810807 0.019646698212725 1496.5097153965 1496.5023017822 0.56792170947066 0.56800881134713 71657851.0 71640741.0 91684081.0 91665552.0 91749806.0 91728541.0
12 10 2 9.3291827161619 0.02875105603946 0.02875105603946 0.019473030698722 0.01947850264571 1496.5074980754 1496.500473111 0.56792388795473 0.56795885224051 0.0 0.0 0.0 0.0 - - 0.0 0.0 0.0 0.0 - -
13 9 2 9.4294767335837 0.029291339472645 0.029291339472645 0.01983647676548 0.019841556047508 1496.5067784558 1496.5064759568 0.0 0.0 0.56795907608838 0.56796204447627 0.42120361328125 0.0 14.379800339094 0.0 0.01959228515625 0.0 0.66887638151704 0.0
14 10 2 9.5297890835226 0.02895543475403 0.02895543475403 0.019602132777896 0.019604110142616 1496.5086143877 1496.5043430025 0.56803617945966 0.56814739826216 1.5427846405857 1.7461316132704 4.4672e-05 5.056e-05 0.50173655216757 0.59014827942176 1.4528e-05 1.7088e-05 2.0644138313855 2.3495416517803 5.9776e-05 6.8032e-05
15 19 2 9.6301371591792 0.029271937204067 0.029271937204067 0.019823837211057 0.019835993067468 1496.5013035323 1496.5065061593 0.56795203558985 0.56790183662917 0.409423828125 0.0 13.986905795497 0.0 0.0189208984375 0.0 0.64638354153313 0.0 1393.0276877724 1394.0046986139 0.0 0.0 0.0 0.0 1393.0276877724 1394.0046986139 496.94995922508 0.0 0.014546688 0.0 0.21645304702006 0.0 6.336e-06 0.0 497.1664122721 0.0 0.014553024 0.0 2.8019344295729 2.8038995881543
16 13 2 9.7304588207576 0.029209284724468 0.029209284724468 0.019783728772611 0.019794013695981 1496.5071785737 1496.5097199023 0.56798473656403 0.56792329774925 206.0 206.0 0.42413330078125 0.0 14.520495958121 0.0 0.0704345703125 0.0 2.4113760736325 0.0 0.0 0.0 0.0 0.0 0.01959228515625 0.0 0.67075538963261 0.0
17 9 2 9.8307759261545 0.029869026168034 0.029869026168034 0.02022203163576 0.020230662565552 1496.5037351072 1496.502947284 0.56792990011932 0.56795826607525 0.13790215882803 0.13788928347984 3.8158759953251e-08 6.3573975835328e-08 2.7670893826135e-07 4.6105088249749e-07 147.0 141.0 1.8697792377093e-06 1.7927861185563e-06
18 8 2 9.931076571326 0.029548274603063 0.029548274603063 0.020016947301806 0.020019368962172 1496.507798522 1496.5072733377 0.56791349683107 0.56798772086557 0.06693132338859 0.06693133109942 0.00026457191499606 0.00026457448513824 0.0039528863557651 0.0039529243000598 14.940687698556 14.940685977313
19 5 2 10.031369407583 0.030038270653211 0.030038270653211 0.020347896833199 0.020347350181981 1496.5035495616 1496.5028080096 0.56790969009782 0.56799166021861 6.2487972181203 6.2485111248749
20 6 2 10.131664139682 0.029954896152218 0.029954896152218 0.020288992107393 0.020294897933309 1496.5039081654 1496.5041713774 0.56795051374827 0.56796090663415 0.0 0.0 - -
21 7 2 10.232017548698 0.029512897618861 0.029512897618861 0.019995823557437 0.01999684983056 1496.5078116493 1496.5043042488 0.56791238686146 0.56801812097133 90.937497218325 90.946448754167 9.0625027816746 9.053551245833 1.1982876582073 1.1956947917539
22 7 2 10.33234297207 0.029579666966373 0.029579666966373 0.020040373593641 0.020038795687391 1496.5068014845 1496.5028495233 0.56791266598339 0.56795371038328 7.480045775743e-08 4.2749574393253e-08 0.0 0.0 0.0 0.0
23 9 2 10.432662522225 0.029256973362941 0.029256973362941 0.019816456287364 0.019822640194347 1496.5069330543 1496.5047431786 0.56792735195914 0.56798176340499 1393.2819192991 1393.5829073709 0.0 0.0 0.0 0.0 1393.2819192991 1393.5829073709 0.0 0.0
24 6 2 10.532956315008 0.029341726493849 0.029341726493849 0.019876340184614 0.01987894617559 1496.5037345391 1496.5043269139 0.56794743675267 0.5680022889616 0.0 0.0 0.0 0.0
25 13 2 10.633286005611 0.028900859306593 0.028900859306593 0.019575806562492 0.019577834652097 1496.5124717643 1496.5055955548 0.56791282680792 0.56792285477442 1.7608336223373 1.7608025308247 172892680.0 172910592.0 71097316.0 71103432.0 11919627.0 11224080.0 504764.0 505016.0 6.8942346199966 6.491262258821 0.46423018024823 0.46399413171866 41.122224492095 41.121501683367 51.51931070766 51.923241926093
26 7 2 10.733627198988 0.029217466829606 0.029217466829606 0.019789617388299 0.019795134172462 1496.5104172298 1496.5026235222 0.56796731637085 0.56796295931965 41.302253777538 41.30176180748 58.697746222462 58.69823819252 1.5856782986641 1.5856611185161
27 12 2 10.833983396967 0.028916447244967 0.028916447244967 0.019587254987915 0.019591049843387 1496.5111524977 1496.5076489309 0.56793273418066 0.56795395270327 3930576.0 3912282.0 0.034625968305918 0.035196849306875 0.026281135385755 0.029752456494701 98.071860205731 98.070461178412 9.0883631246143 9.0443110864327 0.0031469337350556 0.0031833125439367 0.0023885250171289 0.0026909047212363 8.9131267785609 8.8697975928748
1 7 2 10.93431382761 0.029549972980914 0.029549972980914 0.020015144303878 0.020017776110197 1496.5039042161 1496.508533619 0.56793291863589 0.56800362563867 54.273047702359 54.288747577605 45.726952297641 45.711252422395 2.0442414566725 2.0398056221448
2 10 2 11.034612038893 0.02949429154982 0.02949429154982 0.01997922700907 0.019981086166692 1496.51270787 1496.5060087372 0.56802763580494 0.56808953461364 0.23869025598084 0.21265131896475 7.04e-06 6.272e-06 0.023869025598084 0.015189379926053 7.04e-07 4.48e-07 0.26255928157892 0.2278406988908 7.744e-06 6.72e-06
3 5 2 11.13490505631 0.03001486474191 0.03001486474191 0.0203312214801 0.020329491399195 1496.5067143271 1496.50824775 0.56791960857258 0.56799373334487 287.29029150755 287.2832885773
4 6 2 11.235193764829 0.02970245742055 0.02970245742055 0.020117508027956 0.020121690113578 1496.5117161214 1496.5076995677 0.56794887984042 0.56799214392471 0.0 0.0 0.0 0.0
5 7 2 11.335488795843 0.029620344701075 0.029620344701075 0.02006603585653 0.020067719741557 1496.5103898816 1496.5074971583 0.56793478490768 0.56803114207833 3.8199369894984e-05 1.3063253452628e-05 5.5119896157192e-07 4.1022974532296e-07 0.014429530201342 0.031403336604514
6 8 2 11.435820079751 0.029797282158569 0.029797282158569 0.02018913292452 0.020187478930943 1496.5080271329 1496.5089313929 0.56791327239616 0.56797365730374 9.0799644878251 9.0531540815874 0.0048993449324577 0.0021896302342707 0.0013818665194111 0.00088392859867075 99.444599580397 99.443515347244
7 7 2 11.536122875295 0.028263732103798 0.028263732103798 0.019142615137326 0.019147255558517 1496.5118061298 1496.5102992857 0.5679925357218 0.56795985377224 0.0 0.0 0.0 0.0 - -
8 10 2 11.636371555539 0.029172612444091 0.029172612444091 0.019759166152769 0.019760503115814 1496.5098199551 1496.5062737941 0.56797115351894 0.56802013644181 500.96082508922 0.0 0.014614336 0.0 0.10749808595339 0.0 3.136e-06 0.0 501.06832317517 0.0 0.014617472 0.0
9 19 2 11.736697392863 0.028683580166761 0.028683580166761 0.019432802694476 0.019436463944223 1496.5108086992 1496.5078622823 0.56791671317418 0.56795985876434 0.40869140625 0.0 14.248270399788 0.0 0.01904296875 0.0 0.66389790393275 0.0 0.0 0.0 0.0 0.0 0.0 0.0 0.0 0.0 512.09228117978 0.0 0.01468864 0.0 0.044624833879115 0.0 1.28e-06 0.0 512.13690601366 0.0 0.01468992 0.0 0.0 0.0
10 9 2 11.837013652241 0.029200031961931 0.029200031961931 0.019775740056098 0.019782177134606 1496.5117063433 1496.5072989125 0.56798081036795 0.56795538029665 0.0 0.0 0.0 0.0 0.0 0.0 0.0 0.0 - -
11 7 2 11.937324702355 0.028907253359529 0.028907253359529 0.019581980958559 0.019580684303682 1496.5073681407 1496.5075522806 0.56797948113051 0.56800756349484 71409871.0 71399604.0 91364647.0 91359902.0 91431249.0 91420670.0
12 10 2 12.037655511623 0.029151981002849 0.029151981002849 0.019745270251636 0.019747921079787 1496.5075629095 1496.5072763327 0.56795212788998 0.56795694722651 0.0 0.0 0.0 0.0 - - 0.0 0.0 0.0 0.0 - -
13 9 2 12.13794626363 0.029244130908977 0.029244130908977 0.019799304935565 0.019812552282809 1496.5083603214 1496.5085515426 0.0 0.0 0.56800641776873 0.56793925972991 0.40704345703125 0.0 13.918808471285 0.0 0.01904296875 0.0 0.651172326142 0.0
14 10 2 12.238255387104 0.028927976286725 0.028927976286725 0.019599011385855 0.019597057571974 1496.511786965 1496.5049192946 0.56792295617438 0.56800458876371 1.0398238612289 1.2853992837744 3.008e-05 3.7184e-05 0.36504454702716 0.47345171553826 1.056e-05 1.3696e-05 1.4092931906443 1.7610633905068 4.0768e-05 5.0944e-05
15 19 2 12.338593985359 0.028984610621019 0.028984610621019 0.019632753851211 0.019644253001519 1496.5070957359 1496.5053449341 0.56794806180127 0.56789157611306 0.41046142578125 0.0 14.161357250857 0.0 0.01898193359375 0.0 0.65489696728873 0.0 1393.2857863101 1394.2406378471 0.0 0.0 0.0 0.0 1393.2857863101 1394.2406378471 511.98038138344 0.0 0.014839552 0.0 0.019872614731015 0.0 5.76e-07 0.0 512.00025399818 0.0 0.014840128 0.0 2.7212599513966 2.7231248948796
16 13 2 12.438907201244 0.028604812572303 0.028604812572303 0.019374306485156 0.019387648035757 1496.5122219028 1496.5066069746 0.56794449817434 0.56794816587077 206.0 206.0 0.40850830078125 0.0 14.281103913849 0.0 0.06744384765625 0.0 2.3577797437328 0.0 0.0 0.0 0.0 0.0 0.01904296875 0.0 0.66572604528926 0.0
17 9 2 12.539220939777 0.028926733527038 0.028926733527038 0.019595356023817 0.019592234178875 1496.5065323252 1496.5075139749 0.56805764612656 0.56831669989291 0.13790055181884 0.13789631142202 2.6258644099463e-08 1.4451142709659e-07 1.9041725180301e-07 1.0479716651327e-06 95.0 131.0 1.2472855947245e-06 1.7209997226957e-06
18 8 2 12.63951671083 0.02861058162219 0.02861058162219 0.019378023441697 0.019382566036324 1496.5113874604 1496.5045263682 0.56793741442073 0.567959184811 0.066931342842338 0.066931333422516 0.00026459918784748 0.00026457385772466 0.0039532926818869 0.0039529147888702 14.940683356011 14.940685458742
19 5 2 12.739808895816 0.029281096669046 0.029281096669046 0.019836158829146 0.019838292897529 1496.5126201255 1496.5074376906 0.56795815541696 0.56798221844375 6.2451124144673 6.237392494136
20 6 2 12.840102085335 0.029144708322438 0.029144708322438 0.019735266126738 0.019742334548907 1496.5113167466 1496.5055217067 0.56794404909948 0.56798498600014 0.0 0.0 - -
21 7 2 12.940441002432 0.029771329133392 0.029771329133392 0.020167980194503 0.020173504225079 1496.5079850988 1496.5071605778 0.56793351180771 0.56794628651662 90.929660791414 90.946449802976 9.0703392085857 9.0535501970236 1.1974940608317 1.1942226648437
22 7 2 13.040770669485 0.028724949933825 0.028724949933825 0.019461024752463 0.019461517961391 1496.5137268174 1496.5038776301 0.56793911062773 0.56800280524835 1.6506598694401e-07 7.7037475033805e-08 9.9039592166404e-08 4.4021414305032e-08 0.6 0.57142857142857
23 9 2 13.141087212379 0.0290619624477 0.0290619624477 0.01968232746265 0.019685479651943 1496.5144115419 1496.5092994461 0.56793543191401 0.56796892365047 1393.1168300441 1393.2583896517 0.0 0.0 0.0 0.0 1393.1168300441 1393.2583896517 0.0 0.0
24 6 2 13.241377837574 0.029147565220435 0.029147565220435 0.019738805093281 0.019744708201792 1496.5141319433 1496.5077721551 0.56795248196197 0.56799918200807 0.0 0.0 0.0 0.0
25 13 2 13.341713187625 0.028348681793636 0.028348681793636 0.019205245424787 0.019204225492275 1496.5090300605 1496.5065743821 0.56791623221931 0.56798815627855 1.7608230638032 1.7606000916498 169619900.0 169610892.0 69750930.0 69738386.0 11696179.0 11014701.0 495056.0 494884.0 6.8955228720215 6.4941000369245 0.46469134812602 0.46364652100291 41.121902559782 41.116690784222 51.51788322007 51.925562657851
26 7 2 13.442051577546 0.029487248942995 0.029487248942995 0.019973582506892 0.019975020919708 1496.508747515 1496.5107242704 0.56790168717638 0.56793007925797 41.306859376862 41.304422204553 58.693140623138 58.695577795447 1.5855677933683 1.5856461285502
27 12 2 13.542381186627 0.029023532006572 0.029023532006572 0.019664548390397 0.019665924755808 1496.5110677544 1496.5062048141 0.56792167762842 0.56795758699615 3935323.0 3925956.0 0.011358661029857 0.0068263628018246 0.0024902657291409 0.001732062203448 98.047072629108 98.067578954018 9.0635734112566 9.0413671363578 0.0010295005809769 0.00061719652297272 0.00022570706249605 0.00015660210284383 8.8865684053273 8.8666498549703
1 7 2 13.64273885291 0.029705008157633 0.029705008157633 0.020131940163589 0.020125340493707 1496.5118041899 1496.5061462684 0.56792199641905 0.56798420389963 54.269584332287 54.294035302257 45.730415667713 45.705964697743 2.045742105582 2.0413162022145
2 10 2 13.743031715435 0.029396230382966 0.029396230382966 0.019910611638059 0.019915753873293 1496.5112882355 1496.5072279272 0.56794386294547 0.5679506365216 0.18070344159087 0.041365848075017 5.312e-06 1.216e-06 0.013062899392111 0.0043542997973703 3.84e-07 1.28e-07 0.19376634098298 0.045720147872388 5.696e-06 1.344e-06
3 5 2 13.84332468575 0.029737219365518 0.029737219365518 0.020137549339507 0.020146982809447 1496.5089099365 1496.504798078 0.56795953492442 0.5679784212658 287.28123771357 287.29531210138
4 6 2 13.943614443188 0.02930779788628 0.02930779788628 0.019853595961325 0.01985182421355 1496.5093174739 1496.5056181335 0.56796144801275 0.56797463047634 0.0 0.0 0.0 0.0
5 7 2 14.043892438792 0.029979950622286 0.029979950622286 0.020305199161106 0.020310852721299 1496.5120145983 1496.5082536767 0.56800127197571 0.56805921922977 6.3636792657508e-05 1.622623028266e-05 1.5076206104407e-06 1.1780167184133e-06 0.023691021302011 0.072599531615925
6 8 2 14.144228320549 0.029616162615453 0.029616162615453 0.020064370993334 0.020065913120424 1496.5083828372 1496.5075547866 0.567979655361 0.56812807952079 9.092132924728 9.0765488207737 0.013803015061539 0.024304079058677 0.0097761011008215 0.021828078433922 99.436236559977 99.436620703789
7 7 2 14.244532510122 0.029538059879311 0.029538059879311 0.020009559584601 0.020007682310949 1496.5128680721 1496.5118663877 0.56791551397656 0.56802823511368 0.0 0.0 0.0 0.0 - -
8 10 2 14.34478864783 0.029843380209572 0.029843380209572 0.020210241723164 0.020215727710075 1496.51318062 1496.5074495777 0.56793145673528 0.56796282908929 498.18485357873 0.0 0.01486752 0.0 0.5061088889373 0.0 1.5104e-05 0.0 498.69096246767 0.0 0.014882624 0.0
9 19 2 14.445107348343 0.028810979339076 0.028810979339076 0.019516754191038 0.01951984070972 1496.5102120467 1496.5086829338 0.56793844108317 0.56795479796678 0.409912109375 0.0 14.227635393811 0.0 0.01885986328125 0.0 0.65460681010834 0.0 0.0 0.0 0.0 0.0 0.0 0.0 0.0 0.0 495.5222046422 0.0 0.01427648 0.0 0.071084011962839 0.0 2.048e-06 0.0 495.59328865416 0.0 0.014278528 0.0 0.0 0.0
10 9 2 14.545413879413 0.0291066891152 0.0291066891152 0.019713484770466 0.019715467117094 1496.5085767737 1496.5068512689 0.56791991308706 0.56794067490755 0.0 0.0 0.0 0.0 0.0 0.0 0.0 0.0 - -
11 7 2 14.645733173226 0.02876253888534 0.02876253888534 0.01947919920708 0.019486061106501 1496.5149344523 1496.5083831068 0.56795481679787 0.56797772519426 71038989.0 71060187.0 90886161.0 90922248.0 90955296.0 90983674.0
12 10 2 14.746066534137 0.029256697999279 0.029256697999279 0.019820512013674 0.019818644250938 1496.5146384539 1496.5079481879 0.56791439458939 0.56795857174167 0.0 0.0 0.0 0.0 - - 0.0 0.0 0.0 0.0 - -
13 9 2 14.846367999059 0.028698561218116 0.028698561218116 0.019426522772531 0.019445800946301 1496.5099990151 1496.5070453575 0.0 0.0 0.56798656437046 0.56789999665366 0.4091796875 0.0 14.257846739777 0.0 0.01898193359375 0.0 0.66142457280289 0.0
14 10 2 14.946683256621 0.029266120146699 0.029266120146699 0.019824274260291 0.019828016579275 1496.5151093822 1496.5076817603 0.56791603924795 0.56796462660945 1.2027559452212 1.1612061943863 3.52e-05 3.3984e-05 0.45267360120142 0.35863995457504 1.3248e-05 1.0496e-05 1.6576163754139 1.5307802939179 4.8512e-05 4.48e-05
15 19 2 15.047026494391 0.028604059851239 0.028604059851239 0.019379018011767 0.019383422924563 1496.5096814759 1496.5074535797 0.56792816980019 0.56795790519738 0.4095458984375 0.0 14.317754212773 0.0 0.0189208984375 0.0 0.66147597704317 0.0 1393.624548659 1393.8683602032 0.0 0.0 0.0 0.0 1393.624548659 1393.8683602032 495.69690714326 0.0 0.014178944 0.0 0.080548006541112 0.0 2.304e-06 0.0 495.7774551498 0.0 0.014181248 0.0 2.8109881443439 2.811479920526
16 13 2 15.147344352509 0.029013474892285 0.029013474892285 0.019647130280051 0.019664745855129 1496.5115504766 1496.5132002014 0.56795023060685 0.56787200653978 206.0 206.0 0.40887451171875 0.0 14.092572959176 0.0 0.06829833984375 0.0 2.354021367565 0.0 0.0 0.0 0.0 0.0 0.0189208984375 0.0 0.65214175508951 0.0
17 9 2 15.247662376389 0.028344840289386 0.028344840289386 0.019202913891672 0.019205280298146 1496.5099989951 1496.5117474585 0.5679495466927 0.56798347322144 0.13790345445202 0.13789003794508 6.6975455665503e-08 5.3576962784665e-08 4.8566916566117e-07 3.885484664672e-07 90.0 96.0 1.2055582019791e-06 1.285847106832e-06
18 8 2 15.34796945094 0.028320897237783 0.028320897237783 0.019184707281102 0.019182760713633 1496.5128697158 1496.5130285521 0.56794868669827 0.56801516751657 0.06693134434772 0.06693134050136 0.00026458918968535 0.00026459337041396 0.0039531432136005 0.0039532059037213 14.940683019974 14.940683878574
19 5 2 15.448263088831 0.028991996526621 0.028991996526621 0.019635881583863 0.019642132067258 1496.5087171911 1496.511578997 0.56793219702134 0.56797827723814 6.2471372161895 6.2435100187543
20 6 2 15.548548826321 0.028823099869228 0.028823099869228 0.019525693546248 0.019528126529133 1496.5135515876 1496.5073876277 0.56794662441212 0.56795260651746 0.0 0.0 - -
21 7 2 15.64886708118 0.029398240356541 0.029398240356541 0.019913245708882 0.019915355773525 1496.513988856 1496.5070226027 0.56803007246544 0.56816651991181 90.908667876389 90.923305451989 9.0913321236114 9.0766945480114 1.1998291489022 1.1970085620038
22 7 2 15.749171772567 0.029112294215012 0.029112294215012 0.019716324911134 0.01972201560919 1496.5119412366 1496.5066002768 0.56792507006857 0.56799066087972 1.0861617464933e-07 2.1719472895325e-08 0.0 0.0 0.0 0.0
23 9 2 15.849490976706 0.029397030205709 0.029397030205709 0.019903958978788 0.019910501130273 1496.5143229991 1496.5093501141 0.56794532741428 0.56793660931389 1392.7223843192 1393.2016164016 0.0 0.0 0.0 0.0 1392.7223843192 1393.2016164016 0.0 0.0
24 6 2 15.949798964304 0.028610364229825 0.028610364229825 0.019377483131089 0.019383513504715 1496.5132796941 1496.5100862108 0.56794111917281 0.56798642796807 0.0 0.0 0.0 0.0
25 13 2 16.050128338783 0.028687433446431 0.028687433446431 0.019437007878037 0.0194392492839 1496.5127778753 1496.5092300693 0.56793733746144 0.56799201369406 1.7607576294769 1.7605881348512 171666816.0 171686612.0 70589975.0 70591314.0 11838545.0 11149543.0 500668.0 501196.0 6.8962338067714 6.4941248884334 0.46423415926815 0.46345838544475 41.120338015706 41.116376622308 51.519194018255 51.926040103814
26 7 2 16.150473786709 0.028800056278535 0.028800056278535 0.019513743306782 0.019511319834813 1496.5132105103 1496.5071129721 0.56788929433182 0.56799664281594 41.307970649955 41.299078958266 58.692029350045 58.700921041734 1.5854855694453 1.5857760956241
27 12 2 16.250800050665 0.0285911721072 0.0285911721072 0.019367905638708 0.019373710467755 1496.5107950185 1496.5098114894 0.56790550858075 0.56792701125314 3873078.0 3867041.0 0.02654219718787 0.059839034548638 0.017866926511679 0.053658598396035 98.038743345732 98.036845226104 9.0568386909898 9.0400123019541 0.0024038839843498 0.0054094560845674 0.0016181787132004 0.0048507438960577 8.8792108394964 8.8625428688875
1 7 2 16.351147982299 0.028980285418757 0.028980285418757 0.019635603502796 0.019636795537598 1496.5155037856 1496.5116510025 0.56791942259571 0.56798108591333 54.262048052781 54.269893977404 45.737951947219 45.730106022596 2.0451281117257 2.0416450601406
2 10 2 16.451454353948 0.029036020292141 0.029036020292141 0.019669815173341 0.01966767702885 1496.5142839328 1496.5084572436 0.56795835475455 0.56801868378568 0.13445368754811 0.15429111685848 3.904e-06 4.48e-06 0.017633270498112 0.0022041588122641 5.12e-07 6.4e-08 0.15208695804622 0.15649527567075 4.416e-06 4.544e-06
3 5 2 16.55173920013 0.02921617696824 0.02921617696824 0.019789350629751 0.019794050380942 1496.5137361264 1496.5082232331 0.56791877870151 0.5679500777326 287.27197248833 287.28209338554
4 6 2 16.652027371509 0.028932427395399 0.028932427395399 0.019600131409435 0.019601940295073 1496.5110539232 1496.5068554391 0.56793062872735 0.5679728014755 0.0 0.0 0.0 0.0
5 7 2 16.752320475882 0.029321285270927 0.029321285270927 0.019862935680807 0.019860703785859 1496.5087217533 1496.5086545899 0.56792794538058 0.5679886753066 3.3008264303349e-05 1.4467758994128e-05 6.474747803717e-07 3.2380839288558e-07 0.019615535504119 0.022381378692927
6 8 2 16.852649569562 0.028390192865737 0.028390192865737 0.01922981982005 0.019237786797327 1496.5138232442 1496.5118686753 0.56792177947037 0.56791727169484 9.0675632756926 9.0478629453152 0.0042299396114885 0.0015726222105202 0.00041216004009493 0.00030369500772021 99.451009892194 99.442783224905
7 7 2 16.952946519064 0.028858492252055 0.028858492252055 0.019549233969074 0.019551391588297 1496.5147738932 1496.5091561911 0.56794966890314 0.56796284309614 0.0 0.0 0.0 0.0 - -
8 10 2 17.053209562603 0.028183250732862 0.028183250732862 0.019088405633703 0.019091273854219 1496.5127835881 1496.5118175759 0.56792524013093 0.56796940930494 511.46860724593 0.0 0.014414848 0.0 0.043146193869755 0.0 1.216e-06 0.0 511.5117534398 0.0 0.014416064 0.0
9 19 2 17.153536500475 0.028834606265948 0.028834606265948 0.019527912307073 0.019537131102052 1496.514777027 1496.5070693551 0.56804373608279 0.56806759483919 0.43255615234375 0.0 15.001285204112 0.0 0.0203857421875 0.0 0.70698874815483 0.0 0.0 0.0 0.0 0.0 0.0 0.0 0.0 0.0 711.05004212291 0.0 0.020502848 0.0 36.857933491365 0.0 0.001062784 0.0 747.90797561428 0.0 0.021565632 0.0 0.0 0.0
10 9 2 17.253849355851 0.02877629619884 0.02877629619884 0.019494875008201 0.019490698810288 1496.5129377399 1496.5088633183 0.56793035364319 0.56802496892941 0.0 0.0 0.0 0.0 0.0 0.0 0.0 0.0 - -
11 7 2 17.354168495678 0.028610369664634 0.028610369664634 0.019378649350548 0.019385451014168 1496.513924777 1496.5092300589 0.56795612062885 0.56791754644316 70670842.0 70699296.0 90421267.0 90460356.0 90485395.0 90523320.0
12 10 2 17.454503268734 0.029674390254622 0.029674390254622 0.020099073155402 0.020103392922856 1496.5100783807 1496.5121031457 0.56793734914707 0.56794739987868 0.0 0.0 0.0 0.0 - - 0.0 0.0 0.0 0.0 - -
13 9 2 17.554798604097 0.028669171581968 0.028669171581968 0.019418019107853 0.019423351108506 1496.5162778126 1496.5093272033 0.0 0.0 0.56797216957661 0.56798754591431 0.40728759765625 0.0 14.206465523141 0.0 0.01904296875 0.0 0.66423156649484 0.0
14 10 2 17.655118216752 0.029416340082532 0.029416340082532 0.019926423762309 0.019930949146707 1496.5132129991 1496.5094888925 0.56792378031158 0.56793593901754 1.126992681856 1.0943577586362 3.3152e-05 3.2192e-05 0.45253760198077 0.41772701721302 1.3312e-05 1.2288e-05 1.5860572684807 1.5273144066851 4.6656e-05 4.4928e-05
15 19 2 17.755465550557 0.029244056633253 0.029244056633253 0.01981279730212 0.019820279675584 1496.5163931004 1496.5120219773 0.56791731448583 0.5679594331043 0.42242431640625 0.0 14.444792037707 0.0 0.01971435546875 0.0 0.67413203701477 0.0 1393.6643780691 1394.0874383906 0.0 0.0 0.0 0.0 1393.6643780691 1394.0874383906 513.86140399252 0.0 0.015027392 0.0 0.4201879429418 0.0 1.2288e-05 0.0 514.28159193546 0.0 0.01503968 0.0 2.7099246792485 2.7107473031341
16 13 2 17.855780307211 0.029623955225937 0.029623955225937 0.020054212429277 0.020074369683423 1496.511089637 1496.5106027024 0.56797550370637 0.56791221841628 206.0 206.0 0.422607421875 0.0 14.265732534762 0.0 0.06951904296875 0.0 2.3467171226306 0.0 0.0 0.0 0.0 0.0 0.01971435546875 0.0 0.66548694522361 0.0
17 9 2 17.956105574785 0.029103170982093 0.029103170982093 0.019710867456971 0.019719277824093 1496.5135526843 1496.5088606847 0.56792729644584 0.56797949646593 0.13788954013731 0.13788660314943 7.8296311922694e-08 9.1315130157847e-08 5.6781908072741e-07 6.6224802172325e-07 136.0 95.0 1.7747164035811e-06 1.2392767664279e-06
18 8 2 18.056402931897 0.029344743718716 0.029344743718716 0.01987905940078 0.0198815132171 1496.5149765866 1496.5104901592 0.56795492099723 0.5680267550479 0.066931320448073 0.066931316939621 0.00026458908337118 0.00026457694829181 0.0039531430367709 0.003952961937541 14.940688354951 14.940689138122
19 5 2 18.156696072503 0.02962002042413 0.02962002042413 0.020066069824087 0.020063138650365 1496.5108169945 1496.5091467156 0.56791282209694 0.56798022582535 6.2446870170015 6.2444798763106
20 6 2 18.256987329948 0.029442934415187 0.029442934415187 0.019941869489844 0.019947408919045 1496.5130703632 1496.5070342712 0.56794258691041 0.56800438755914 0.0 0.0 - -
21 7 2 18.357314898258 0.029726587973067 0.029726587973067 0.02013920061568 0.020136991818671 1496.5119985294 1496.5094517236 0.56792265261547 0.56799987317103 90.935366697088 90.946144191812 9.0646333029124 9.0538558081875 1.199270521022 1.1964744335652
22 7 2 18.457640222898 0.029010982126499 0.029010982126499 0.019649023405229 0.019650534735067 1496.5180796139 1496.5105864744 0.56794264549062 0.56796136998064 6.5394934286047e-08 3.2696030659373e-08 0.0 0.0 0.0 0.0
23 9 2 18.557952177001 0.029209801031334 0.029209801031334 0.019782598785214 0.019788688035938 1496.5092871821 1496.5127485483 0.56798197635775 0.56796395060062 1393.01325457 1393.4862122592 0.0 0.0 0.0 0.0 1393.01325457 1393.4862122592 0.0 0.0
24 6 2 18.658234802157 0.029661468090125 0.029661468090125 0.020089192219511 0.020085309501292 1496.51242543 1496.5071924458 0.5681079788264 0.56821871084404 0.0 0.0 0.0 0.0
25 13 2 18.758572678489 0.028830796464751 0.028830796464751 0.019529270103553 0.019535442235117 1496.5106209071 1496.5074956073 0.56795146791113 0.56797260988126 1.7607138223938 1.7606482823336 172481672.0 172536184.0 70923309.0 70943084.0 11895563.0 11214473.0 503332.0 503496.0 6.8967113213049 6.4997803591159 0.46468589427867 0.4642585580773 41.119330638214 41.117800542059 51.519272146202 51.918160540748
26 7 2 18.858912364612 0.028588687493628 0.028588687493628 0.019370389799379 0.019372392979443 1496.510716885 1496.5083883999 0.56791242580821 0.56799536627491 41.30573595103 41.299606174634 58.69426404897 58.700393825366 1.5854131032467 1.5856888709814
27 12 2 18.959256177566 0.028921844010428 0.028921844010428 0.019595758652593 0.019593960636574 1496.5135570109 1496.5121168994 0.56786693290446 0.56803833053881 3922393.0 3916893.0 0.01430249340135 0.057417958570735 0.005659810222994 0.052388461977389 98.053484186822 98.063133202771 9.0655064905481 9.0536255086129 0.0012965934676096 0.0051984069436848 0.00051309046311823 0.0047430551571548 8.8890449731649 8.8782688421911
1 7 2 19.059606336567 0.028582775327101 0.028582775327101 0.019363243931181 0.019367103551461 1496.515004898 1496.5099179419 0.5678983838105 0.56793215991148 54.268936442051 54.276024922481 45.731063557949 45.723975077519 2.0452325478857 2.0417397233739
2 10 2 19.159909806027 0.029174447597973 0.029174447597973 0.019763124958316 0.019765368175782 1496.5102080611 1496.5089944518 0.56796337557052 0.56802717697272 0.10529762353456 0.074585816670311 3.072e-06 2.176e-06 0.015355903432123 0.0021937004903033 4.48e-07 6.4e-08 0.12065352696668 0.076779517160614 3.52e-06 2.24e-06
3 5 2 19.260195295328 0.028746487176588 0.028746487176588 0.019473381696812 0.019471393915374 1496.514939645 1496.5075877918 0.56794564747641 0.56801405925241 287.2870766641 287.28057045831
4 6 2 19.360478135159 0.029117921959861 0.029117921959861 0.019719898751035 0.019727480762666 1496.5109760956 1496.509860339 0.5679482602085 0.56797393055968 0.0 0.0 0.0 0.0
5 7 2 19.460771888087 0.029524478291306 0.029524478291306 0.020001443150073 0.020003380206625 1496.5099041253 1496.5111533145 0.56793905477405 0.567989996066 3.3757693040667e-05 1.3078601274843e-05 4.7582272095416e-07 3.2149953969625e-07 0.014095238095238 0.024582104228122
6 8 2 19.561109408438 0.029069445274064 0.029069445274064 0.019690063007638 0.019691131400532 1496.5142294644 1496.5095757817 0.56792126794098 0.56796786466905 9.0689510334419 9.0511167927839 0.0049637212470754 0.0016652174215047 0.00059573855560358 0.00038410401849624 99.45478421418 99.439592237014
7 7 2 19.661407246531 0.029436383658587 0.029436383658587 0.019935197808741 0.019940631712065 1496.5083130559 1496.5091925345 0.56797725474219 0.56800260790946 0.0 0.0 0.0 0.0 - -
8 10 2 19.76166330634 0.028965144946334 0.028965144946334 0.019614966173844 0.019614920430867 1496.5160079422 1496.5038996214 0.5679642729487 0.56797203548842 495.10099212588 0.0 0.014340672 0.0 0.011047761044969 0.0 3.2e-07 0.0 495.11203988692 0.0 0.014340992 0.0
9 19 2 19.861992034076 0.02941422413018 0.02941422413018 0.019914638831621 0.019929063267941 1496.5125678516 1496.5078367703 0.56796216960055 0.56796108403343 0.41168212890625 0.0 13.996022029487 0.0 0.01885986328125 0.0 0.64118173567255 0.0 0.0 0.0 0.0 0.0 0.0 0.0 0.0 0.0 496.30627465783 0.0 0.014598464 0.0 0.065274541715008 0.0 1.92e-06 0.0 496.37154919955 0.0 0.014600384 0.0 0.0 0.0
10 9 2 19.962301625849 0.028940561493057 0.028940561493057 0.019607499651907 0.019609263700369 1496.5108590655 1496.5140164651 0.56789570483397 0.56798223922863 0.0 0.0 0.0 0.0 0.0 0.0 0.0 0.0 - -
11 7 2 20.062617339935 0.029370966672746 0.029370966672746 0.019898256505314 0.019896140552961 1496.5144838965 1496.5061450518 0.56791397692013 0.5679685709966 72570002.0 72556405.0 92850970.0 92837965.0 92918475.0 92899652.0
12 10 2 20.162952254296 0.029410757627759 0.029410757627759 0.019923651556754 0.019929689176792 1496.5149869661 1496.5081834638 0.56790977786753 0.56795194486375 0.0 0.0 0.0 0.0 - - 0.0 0.0 0.0 0.0 - -
13 9 2 20.263252916677 0.029172193963789 0.029172193963789 0.019755340952946 0.019765695623032 1496.5131347728 1496.5102665069 0.0 0.0 0.56806613968409 0.56811686129308 0.43048095703125 0.0 14.756550623707 0.0 0.02001953125 0.0 0.68625387843129 0.0
14 10 2 20.36358424497 0.02929652971536 0.02929652971536 0.01984823316342 0.019845948279083 1496.5116660868 1496.5076034759 0.56791002167209 0.56801268978254 1.0704339491636 1.2102457302788 3.136e-05 3.5456e-05 0.38666695714683 0.46968020218401 1.1328e-05 1.376e-05 1.4614700244702 1.6864796097026 4.2816e-05 4.9408e-05
15 19 2 20.46391736222 0.028545090360624 0.028545090360624 0.019334550856402 0.019344353893363 1496.5127761934 1496.5086804928 0.5679182780507 0.56792176584114 0.41748046875 0.0 14.625298553123 0.0 0.0189208984375 0.0 0.66284247828481 0.0 1393.3234926754 1394.0213710057 0.0 0.0 0.0 0.0 1393.3234926754 1394.0213710057 495.91379186969 0.0 0.014155904 0.0 0.22869081574199 0.0 6.528e-06 0.0 496.14248268543 0.0 0.014162432 0.0 2.8083132190855 2.809719827781
16 13 2 20.564233503844 0.029223661606208 0.029223661606208 0.019793640958655 0.019807272818644 1496.5114309088 1496.5043989333 0.56795839081905 0.56793147824461 206.0 206.0 0.40887451171875 0.0 13.991214284794 0.0 0.06982421875 0.0 2.3893042456791 0.0 0.0 0.0 0.0 0.0 0.0189208984375 0.0 0.64745132531513 0.0
17 9 2 20.664550886416 0.028673765807282 0.028673765807282 0.019426208006503 0.019424920862542 1496.5096816521 1496.5106001519 0.56788237163387 0.56793991624313 0.13789760917063 0.13789067538081 1.3239555443796e-08 3.9725323225092e-08 9.6010043418622e-08 2.8809289036683e-07 94.0 130.0 1.2445182117168e-06 1.7214306730873e-06
18 8 2 20.764841196392 0.029260017761853 0.029260017761853 0.019817935008347 0.019823719456859 1496.5098368697 1496.505205513 0.56796539638598 0.56798084622278 0.06693133167844 0.066931334315433 0.00026457934538444 0.00026457421925172 0.0039529968812747 0.0039529201375971 14.940685848062 14.940685259421
19 5 2 20.865117702859 0.028735045091776 0.028735045091776 0.019452473533205 0.019461359899026 1496.5098198683 1496.5090959232 0.56796091437963 0.5679474350543 6.2448318804483 6.2461285664492
20 6 2 20.965406653227 0.029372009250297 0.029372009250297 0.019890844784369 0.019891891438026 1496.5114060949 1496.507288658 0.56793359273917 0.56799359910779 0.0 0.0 - -
21 7 2 21.065734255052 0.028904238852068 0.028904238852068 0.019577703310877 0.019583842380685 1496.5085080299 1496.513654784 0.56794155638505 0.56796520332988 90.920268594717 90.943884556739 9.0797314052827 9.0561154432609 1.1981736141151 1.1949241887237
22 7 2 21.166060309768 0.029508461003012 0.029508461003012 0.019989484758394 0.019987865185274 1496.5131871325 1496.5061059509 0.56792622272999 0.56801508014513 7.4992502088943e-08 5.3578803693757e-08 1.0713214584135e-08 1.0715760738751e-08 0.14285714285714 0.2
23 9 2 21.266389675188 0.029230437001584 0.029230437001584 0.019798961636789 0.019805272355985 1496.5122959662 1496.5026134509 0.56796311052723 0.5679394417545 1393.2278192691 1393.7296249725 0.0 0.0 0.0 0.0 1393.2278192691 1393.7296249725 0.0 0.0
24 6 2 21.366681900029 0.028586919369059 0.028586919369059 0.019365839505439 0.019367179185888 1496.5104418584 1496.5092157631 0.56794293703972 0.56799420616336 0.0 0.0 0.0 0.0
25 13 2 21.46701535152 0.029607930691231 0.029607930691231 0.02006131934801 0.020059388632068 1496.5103651827 1496.5095925614 0.56789768923296 0.56796943907873 1.76088055817 1.7606581115034 177180708.0 177163656.0 72862344.0 72846112.0 12204739.0 11497001.0 516704.0 517080.0 6.8883001641465 6.4894805512481 0.46376945282327 0.46335745069519 41.12318142447 41.117977380191 51.52474895856 51.929184617865
26 7 2 21.567346138143 0.028801607010739 0.028801607010739 0.019510236043293 0.019516609262794 1496.5149605973 1496.507760942 0.56791153358558 0.56794051117708 41.305558510762 41.30287006338 58.694441489238 58.69712993662 1.5855074110493 1.5855466742624
27 12 2 21.66769207792 0.029245973309271 0.029245973309271 0.019815761990498 0.019817819518653 1496.5142161607 1496.5075134806 0.56795261436171 0.56799249771473 3971227.0 3964937.0 0.012137306681285 0.0075663245090653 0.0033490908477405 0.0027490979049604 98.052868798485 98.062541725127 9.0764701812715 9.0611531747266 0.0011016390217363 0.00068559625346329 0.00030397923213886 0.00024909997209166 8.8997393983757 8.8855971127439
1 7 2 21.768031837413 0.028606887763588 0.028606887763588 0.01938173586923 0.01937915116459 1496.5102036436 1496.5090598316 0.56795945357452 0.56801476932808 54.243150501193 54.259223939485 45.756849498807 45.740776060515 2.0471040647396 2.0429065678211
2 10 2 21.86833142642 0.028795145928491 0.028795145928491 0.019503583836924 0.019508194819566 1496.5115929385 1496.5100221287 0.56795712416414 0.56797797884082 0.12002022870739 0.044451936558291 3.456e-06 1.28e-06 0.015558177795402 0.0022225968279146 4.48e-07 6.4e-08 0.13557840650279 0.046674533386206 3.904e-06 1.344e-06
3 5 2 21.968626237324 0.02857160226534 0.02857160226534 0.019354997514134 0.019356868900076 1496.5128104287 1496.5068406379 0.56796620507712 0.56803536586416 287.29469982416 287.27301172654
4 6 2 22.068910918649 0.02894575082997 0.02894575082997 0.019608081629385 0.019607619217708 1496.5078584643 1496.5048968686 0.56790820279538 0.56796837364729 0.0 0.0 0.0 0.0
5 7 2 22.16919363348 0.0293433053059 0.0293433053059 0.019872112808916 0.019877351512012 1496.5107693002 1496.5097117608 0.56796528952587 0.56796860205774 4.2250412291018e-05 1.5632764820492e-05 9.3199438877245e-07 5.1764121922159e-07 0.022058823529412 0.033112582781457
6 8 2 22.26952052425 0.029250880941911 0.029250880941911 0.01981616190187 0.019814915066076 1496.5102937349 1496.5078398905 0.56789830507287 0.56799530981593 9.0817836647691 9.0697771638709 0.0046373038710723 0.0032136320901872 0.0010170528450602 0.0019062369581907 99.449598426398 99.438432649003
7 7 2 22.369830539033 0.029697583302566 0.029697583302566 0.02011245410837 0.020111988526388 1496.5075990399 1496.5086784911 0.56796199910488 0.56800586375453 0.0 0.0 0.0 0.0 - -
8 10 2 22.47008050008 0.028722659161779 0.028722659161779 0.019453714028388 0.019456998917603 1496.5074866405 1496.5038337807 0.56795924353149 0.56798954464964 514.70220485966 0.0 0.014783616 0.0 0.50134633840456 0.0 1.44e-05 0.0 515.20355119807 0.0 0.014798016 0.0
9 19 2 22.570432013254 0.02920171675276 0.02920171675276 0.019781703400411 0.019787844734723 1496.5056432302 1496.5066375181 0.56790930944374 0.5679445896608 0.421142578125 0.0 14.421843129658 0.0 0.0196533203125 0.0 0.67301934605068 0.0 0.0 0.0 0.0 0.0 0.0 0.0 0.0 0.0 510.01494624771 0.0 0.014893312 0.0 0.043833039366736 0.0 1.28e-06 0.0 510.05877928708 0.0 0.014894592 0.0 0.0 0.0
