1 7 1 0.10068644956034 0.10069787377379 0.0014284057964282 1011.9963209838 1.4550347380825 32.398979321008 67.601020678992 9.7786222776728
2 10 1 0.20083026664708 0.056796775726965 1.1402924962932e-05 1098.4294674553 4.0526400515132 1.390501467542 7.8976e-05 0.047326630175661 2.688e-06 1.4378280977177 8.1664e-05
3 5 1 0.30098231014585 0.059771473860786 9.8887252349848e-06 1033.3583396239 3.5919710431063 1.9743260590501
4 6 1 0.40147125606342 0.058760062725717 1.2700163377782e-05 945.0350418357 5.3973051010587 0.0 0.0
5 7 1 0.50198088441832 0.054774501521939 1.3741034145004e-05 929.77155390199 4.6586302211302 0.49063267813268 0.20162776412776 0.41095461658842
6 8 1 0.60215663422442 0.054249677087962 1.2398954039139e-05 922.62167820573 5.2692974013474 80.313436107255 41.988748447432 38.39044348652 58.639585007672
7 7 1 0.70256225522116 0.053052201017851 1.2608668210254e-05 925.23194134432 5.3584215591915 48.0 0.0092396535129933 57.229166666667
8 10 1 0.80273461064712 0.053552683207801 1.3440277752735e-05 997.30645555566 5.7118383060635 729.66144102202 0.039075328 193.48543115559 0.010361664 923.1468721776 0.049436992
9 19 1 0.90291115401526 0.054745529260079 1.000785013132e-05 998.53862853684 3.3614787768142 0.66241455078125 12.099883949141 0.035888671875 0.65555438699851 0.00012786432234028 0.0 0.0 0.00012786432234028 504.1484185655 0.027599872 0.030395176053461 1.664e-06 504.17881374155 0.027601536 2.5360907450948e-07
10 9 1 1.003085690831 0.054205317331888 9.7347234678588e-06 995.6632041349 4.1370548604427 0.00012913862227096 0.0 0.0 0.00012913862227096 0.0
11 7 1 1.1032014324897 0.016472039882595 0.0029967430338235 997.54884972297 0.43594760492418 13279917.0 17221801.0 16334163.0
12 10 1 1.2033123828816 0.005390815552204 0.00098925163961343 997.36163078956 0.43757359135847 26.0 5.2091211711707e-06 42.0 6087.0 0.0012195354064968 30.006571381633
13 9 1 1.3034377768275 0.017240532253769 0.0031563740184844 997.75811815457 0.0 0.4348686021901 0.21783447265625 12.635020163524 0.01422119140625 0.82486962681451
14 10 1 1.4035537250298 0.017373135022407 0.0031901434353905 997.33510135436 0.43485167604614 2.5565909631574 4.4416e-05 1.8014019898905 3.1296e-05 6.7598622729018 0.00011744
15 19 1 1.503671464182 0.016565815182169 0.0030400578426132 997.98456286085 0.43485308041765 0.205810546875 12.423810395792 0.013427734375 0.81056888703267 0.0 0.0 0.0 0.0 653.5444154691 0.010826496 910.58652013915 0.015084608 1564.1309356082 0.025911104 0.0
16 13 1 1.6037889986024 0.016420431172753 0.0030159728721275 997.60064019445 0.43487093338255 204.0 0.20538330078125 12.507789754148 0.01727294921875 1.051918127912 0.0 0.0 0.0133056640625 0.81031149075908
17 9 1 1.7039061788188 0.015671839453462 0.0028810967656394 997.44397909749 0.43510398890869 0.27708112402405 5.4996880431925e-05 0.00019848656463206 6079.0 0.00041582840316626
18 8 1 1.8040115063344 0.015637926452555 0.0028763607583539 997.68846373028 0.43499281785856 0.25016587082009 9.2473924065893e-06 3.6965043937746e-05 3.9973478265513
19 5 1 1.9041124719765 0.01516296326131 0.0027818063910168 997.77509711906 0.43497580626884 5.9527536043642
20 6 1 2.0042157204683 0.015407537997148 0.002831115945065 997.56464449929 0.43511064216864 1.0 8.0
21 7 1 2.1043256490132 0.015231148902545 0.0027973564929791 997.79991231948 0.43498941599716 71.772423533953 28.227576466047 10.0116580906
22 7 1 2.2044308551393 0.014721361382289 0.0027008549091806 997.92512952831 0.4349383668248 5.8283825967207e-06 2.8464194077008e-06 0.48837209302326
23 9 1 2.3045369644404 0.01472389697609 0.0027043593552755 997.36283842741 0.43501444439182 0.0 0.0 0.0 0.0 -
24 6 1 2.4046352495458 0.014390383502058 0.0028734768487913 1097.5195550949 0.43494086549158 0.0 0.0
25 13 1 2.5047364543436 0.017911328621556 0.0035721724484753 1097.1205817905 0.43475629658773 2.300139199475 31546096.0 14971749.0 1792561.0 942144.0 5.6823544821521 5.8286229776261 47.459910728732 41.02911181149
26 7 1 2.6048514105933 0.015480780331701 0.0028480294156128 997.86333864774 0.43572177271094 52.412860808695 47.587139191305 2.9822996236465
27 12 1 2.7049618736149 0.013421996837153 0.0025745349596955 1048.4154658398 0.43527871064994 1590853.0 0.70226475984896 0.54335630004784 6.665669298169 27.988398255938 0.19655265779764 0.15207672520612 1.8656140695953
1 7 1 2.8050673741561 0.016689130738357 0.0033364455671065 1097.1789044749 0.43494034437672 65.951615605231 34.048384394769 11.167623262876
2 10 1 2.9051723130438 0.016074885631244 0.003210373379288 1097.1520043686 0.43490129401088 20.671251268758 0.000332288 1.9747574401587 3.1744e-05 22.646008708917 0.000364032
3 5 1 3.0052718962935 0.017020503587826 0.003400562391064 1097.1594408475 0.4348313785471 0.0012158322401813
4 6 1 3.1053641635534 0.017580300011332 0.0086867056598028 1097.3241143685 0.40211858994332 0.0 0.0
5 7 1 3.2054518651139 0.029618877232959 0.014136193167576 1059.2350508788 0.39699645033282 0.15538414866317 0.053358257525338 0.34339575808986
6 8 1 3.3055409345724 0.017716506421321 0.0087591023434751 1097.3278611432 0.38820306924446 12.289073937939 32.768454078321 5.8094308962597 99.884078316869
7 7 1 3.4056230739514 0.018031554177581 0.0089087739432667 1097.3186599087 0.39375831532707 52.0 1.0410268480624e-06 43.307692307692
8 10 1 3.505697750586 0.029909323659868 0.014798514002811 1097.3260480856 0.41286930659785 6146.1011318908 0.183825728 1.6626253594201 4.9728e-05 6147.7637572502 0.183875456
9 19 1 3.6057850626125 0.018006029743519 0.0089032919333033 1097.3245751125 0.39232225762974 0.2406005859375 13.362223064421 0.0257568359375 1.4304561474342 0.0003887586602771 0.0 0.0 0.0003887586602771 6449.4768504867 0.116129472 1.2973431862961 2.336e-05 6450.7741936729 0.116152832 6.0265426847277e-08
10 9 1 3.7058746085707 0.017456542379483 0.0086296729171332 1097.3250496168 0.3941350697726 0.00040099578987802 0.0 0.0 0.00040099578987802 0.0
11 7 1 3.8059711280911 0.017868808733653 0.0088420694366751 1097.3273187207 0.42853373038701 42527375.0 54671702.0 54666298.0
12 10 1 3.9060587345329 0.017815588440612 0.0096150210648964 1197.0692197819 0.39957705797886 9358.0 0.00017614898009872 30.826992947211 2.0 3.7646715131165e-08 49.0
13 9 1 4.0061379152661 0.021692122734513 0.011711042186724 1197.0838057518 0.0 0.39934899717652 0.2850341796875 13.139985568771 0.03143310546875 1.4490562243933
14 10 1 4.1062334002571 0.032615703608931 0.015324255200246 1042.158456836 0.398979041738 5645.9674213368 0.1841472 1.9269245500131 6.2848e-05 5649.1207489863 0.184250048
15 19 1 4.2063419581863 0.014844672409013 0.0073356794101062 1097.3240754224 0.39325934913885 0.20111083984375 13.547677867357 0.02178955078125 1.4678364184056 1479.4146610245 0.0 0.0 1479.4146610245 6458.3309997325 0.095871808 12.580405606433 0.000186752 6470.9114053389 0.09605856 0.22862539267713
16 13 1 4.3064289875743 0.019796912669866 0.010681568003216 1197.0845519561 0.38578462005574 204.0 0.27471923828125 13.876872766097 0.034912109375 1.7635128243073 0.0 0.0 0.03057861328125 1.544615253458
17 9 1 4.4065236735679 0.032873721793146 0.016273204124456 1098.0745968035 0.39636435952462 0.13339518661127 6.652511343442e-06 4.9870700078768e-05 4187.0 4.6192479262009e-05
18 8 1 4.506610339693 0.020717459138759 0.011182510839626 1197.0768833661 0.38178926717189 0.066677206124643 1.8711842146529e-06 2.8063326636017e-05 14.997628996792
19 5 1 4.6066826021233 0.020905592226945 0.011287973967432 1197.0784129844 0.38915701815384 6.4033333333333
20 6 1 4.7067773098583 0.017445537594383 0.008629194152816 1097.3247451631 0.39276316272325 1.0 8.0
21 7 1 4.8068610762207 0.021549874019896 0.011632933396331 1197.0792559723 0.39558251288063 86.073752458114 13.926247541886 7.0182016188374
22 7 1 4.9069381127058 0.021991069153074 0.011872916161829 1197.0775538532 0.39616515257901 0.00033893453977842 0.00019533571313775 0.57632282996433
23 9 1 5.0070219859635 0.033290191489665 0.0169756333611 1134.9939361805 0.39639159891706 1514.656712493 0.0 0.0 1514.656712493 0.0
24 6 1 5.1071059262573 0.021520773121266 0.011619445559209 1197.0793722031 0.39993251058293 0.0 0.0
25 13 1 5.2071836729624 0.021527107123358 0.011619426082515 1197.08202121 0.41342095505828 2.4188420731093 102611936.0 57916647.0 45190.0 6672.0 0.044039710935773 0.015125920633639 56.442407440787 43.498426927643
26 7 1 5.30726364454 0.033381083332624 0.018032136666525 1197.0784869821 0.39752012054267 58.710879979817 41.289120020183 2.7079208304099
27 12 1 5.407348217147 0.021689023675423 0.011711858849036 1197.0725913338 0.39856582575161 3613270.0 94.567469356013 42.525496295599 99.613923122269 13.97402039691 13.214877456651 5.9425215262342 13.920069935268
1 7 1 5.5074261885134 0.021476447789116 0.011594498631774 1197.0791133935 0.42061869716694 66.484906017865 33.515093982135 4.3787374041804
2 10 1 5.6075036879098 0.033860852284896 0.018272466841892 1197.0779473863 0.3980416943337 6404.6302844166 0.21686624 6357.1115750096 0.215257216 12761.741859426 0.432123456
3 5 1 5.7076011848885 0.016283863311557 0.0077477777211688 1059.5721365928 0.39153139470596 37100.320063694
4 6 1 5.8076833849623 0.017026491538889 0.0091867783862289 1197.0824862919 0.40472603765615 0.0 0.0
5 7 1 5.90775761318 0.033478363531239 0.018083687399231 1197.0808117691 0.39774835223793 0.15303032346852 0.054540823252499 0.3564053320695
6 8 1 6.0078430481968 0.021621845386924 0.011673517391432 1197.0843131201 0.4021323884775 14.151900065205 34.442905114986 8.8185328454989 99.908052818509
7 7 1 6.1079170300116 0.021585799008596 0.011651214311981 1197.0794510811 0.3954083581563 60.0 9.2230102669628e-07 40.916666666667
8 10 1 6.2079887833302 0.033445879123196 0.016692374287254 1107.379629399 0.39359142318214 6532.8055272575 0.218495424 265.19165387549 0.008869568 6797.997181133 0.227364992
9 19 1 6.3080812571337 0.021391370871706 0.011548892367278 1197.0733510237 0.40555224698958 0.28472900390625 13.310460821511 0.03125 1.460869440646 0.00032723475470471 0.0 0.0 0.00032723475470471 6794.5603333094 0.14534496 4.2753688180391 9.1456e-05 6798.8357021274 0.145436416 4.8130999047721e-08
10 9 1 6.4081624634431 0.021788491605024 0.011763049942322 1197.0763815974 0.38451159034945 0.00032127051871667 0.0 0.0 0.00032127051871667 0.0
11 7 1 6.5082387416961 0.034103119711905 0.018420631942044 1197.0831705138 0.39226904806685 96779083.0 124421895.0 124413520.0
12 10 1 6.6083038729387 0.021579844575565 0.011647376950302 1197.0798331894 0.40563436087588 8170.0 0.00012887700927855 32.988004895961 2.0 3.1548839480672e-08 48.5
13 9 1 6.7083796928099 0.021308084904258 0.011498513859788 1197.0764488103 0.0 0.38175214256678 0.28912353515625 13.568724568883 0.03216552734375 1.5095456719023
14 10 1 6.8084636548451 0.032823136742109 0.017720653598229 1197.0773413766 0.38723772976664 6696.8371038714 0.2198112 3.5331175356932 0.000115968 6701.9378960753 0.219978624
15 19 1 6.9085488135646 0.021485047428971 0.011595859282681 1197.0819596196 0.39580315253503 0.3006591796875 13.99388019419 0.03271484375 1.5226796151209 1605.483120949 0.0 0.0 1605.483120949 6950.7361570277 0.149336896 2.5915697968123 5.568e-05 6953.3277268245 0.149392576 0.23089421123577
16 13 1 7.0086312056877 0.03316155562537 0.017905727939551 1197.0835452492 0.39573365519243 204.0 0.465576171875 14.039636051296 0.05767822265625 1.7393099198315 0.0 0.0 0.0504150390625 1.5202857077046
17 9 1 7.1087137509067 0.033678580322788 0.018188296270176 1197.0805367502 0.40192540554881 0.1333931023884 6.6261035027195e-06 4.9673509230081e-05 3736.0 3.7394445145257e-05
18 8 1 7.2088012513589 0.019790552396883 0.0090794074482959 1018.8125134775 0.38768731072523 0.066679858273329 2.2241737358967e-06 3.3356005748835e-05 14.997032475697
19 5 1 7.3088836253642 0.029637458905002 0.015746075099332 1180.2302083738 0.39560595689751 6.2146226415094
20 6 1 7.4089618014624 0.033854040877325 0.017397919342005 1139.9390657519 0.40186943510741 2.0 8.0
21 7 1 7.5090434335414 0.021117498658511 0.01139394031866 1197.0758119303 0.39585841790703 86.066371898828 13.933628101172 6.9970814110639
22 7 1 7.6091212155763 0.033580034592004 0.018134342656956 1197.0791974493 0.39830506754653 0.00029772661567094 0.0002335437443284 0.78442346782502
23 9 1 7.7091957282443 0.033446631920069 0.018064886501143 1197.0806672024 0.40775931007834 1559.5836712246 0.0 0.0 1559.5836712246 0.0
24 6 1 7.8092690224865 0.021300313250374 0.01149437891234 1197.0834926559 0.39839986704571 0.0 0.0
25 13 1 7.9093456938968 0.033275442649838 0.017969690308794 1197.0773166368 0.39838796864707 2.510115964084 158691548.0 92948665.0 50929.0 8564.0 0.032093076563851 0.012623230570541 58.571906425665 41.3833772672
26 7 1 8.0094300074184 0.033487455976749 0.018084877289355 1197.0818026925 0.4118001974119 56.674545090109 43.325454909891 2.7716655159878
27 12 1 8.1095147195328 0.02139385482962 0.011545134271214 1197.072582294 0.39544109731619 3532160.0 94.707657637253 40.583835386845 99.582748233376 13.857604653622 13.124212772076 5.6239474611857 13.799783553393
1 7 1 8.2095952328344 0.033073762841502 0.017866811692998 1197.0829933446 0.4003382994326 69.458120398507 30.541879601493 4.7199891711333
2 10 1 8.3216958087215 0.03317590315471 0.017929654831752 1197.0804710398 0.39569503927877 6452.76057751 0.21407616 6417.359461389 0.212901696 12870.120038899 0.426977856
3 5 1 8.4217668300788 0.020707283245523 0.011177206837588 1197.0799152295 0.39832401420336 52030.403149606
4 6 1 8.5218392610052 0.033280534672974 0.017978596140398 1197.0790594852 0.40210591296104 0.0 0.0
5 7 1 8.6219202988187 0.020279781587121 0.010953028729914 1197.0879198257 0.3983582228692 0.1530494894618 0.054507179974449 0.35614088074468
6 8 1 8.7220012976787 0.021066972490502 0.010676770395223 1124.8017990091 0.40008340509357 13.703854857198 34.530324769152 7.9508667553036 99.888680636455
7 7 1 8.8221054919225 0.014545391716028 0.0069001175709829 1054.9344565072 0.39031870497577 60.0 1.5373080843804e-06 50.183333333333
8 10 1 8.9221836535265 0.018402279008015 0.0099286918641786 1197.0819785737 0.38510660916436 7119.9668227472 0.131023616 5.4393262897713 0.000100096 7125.4061490369 0.131123712
9 19 1 9.0222645355263 0.021284486398178 0.011489295495186 1197.0788241178 0.40013448193301 0.2861328125 13.44325661175 0.0313720703125 1.4739406779948 0.0003288780320581 0.0 0.0 0.0003288780320581 6876.6765268309 0.146366528 3.4398762850237 7.3216e-05 6880.116403116 0.146439744 4.7801230791553e-08
10 9 1 9.1223625805702 0.033778623494285 0.018250581831944 1197.0770633022 0.39883800667895 0.00020723165350963 0.0 0.0 0.00020723165350963 0.0
11 7 1 9.2224433203449 0.021238969817064 0.011470546232985 1197.0839819837 0.38229272633525 61839662.0 79501065.0 79494354.0
12 10 1 9.3225238508584 0.021020607087884 0.011346691217666 1197.0801609291 0.39873557197173 11107.0 0.00017679065479537 30.8195732421 2.0 3.1834096478864e-08 55.0
13 9 1 9.422602792436 0.033488851051581 0.018087683745088 1197.0851059118 0.0 0.40659883121055 0.4468994140625 13.344722199462 0.04925537109375 1.4707990733359
14 10 1 9.5226903445241 0.021038716789805 0.011357602695814 1197.0847432849 0.39582190689132 6547.6571302462 0.137754304 2.0472731502746 4.3072e-05 6551.4991896649 0.137835136
15 19 1 9.6227727982479 0.021221851161809 0.011458663637812 1197.0747702312 0.40496126192158 0.2855224609375 13.454173189723 0.03076171875 1.4495304163361 1569.8364268973 0.0 0.0 1569.8364268973 6797.1631174 0.144248384 2.575458643229 5.4656e-05 6799.7385760433 0.14430304 0.23086717369225
16 13 1 9.7228563372312 0.017335673639607 0.0093585252334452 1197.0831217351 0.3957059137339 204.0 0.24554443359375 14.164112609547 0.0291748046875 1.6829345829887 0.0 0.0 0.0264892578125 1.5280201025462
17 9 1 9.8229543342627 0.021527436868319 0.011620329710531 1197.0843326187 0.39998217969185 0.13341611019779 1.1194209319709e-05 8.3904479774697e-05 4712.0 7.346394751319e-05
18 8 1 9.9230300399914 0.021349634581029 0.011524607647442 1197.0784952286 0.40753628723397 0.066677587201786 1.8419793763019e-06 2.7625165420692e-05 14.997543282028
19 5 1 10.023102561507 0.033653351209762 0.018179413991784 1197.0773900427 0.39739853073695 5.8555555555556
20 6 1 10.123179850736 0.021515560614395 0.011616794917029 1197.0786430556 0.3898856238414 1.0 8.0
21 7 1 10.223257004082 0.021071346140689 0.011375509024813 1197.081181019 0.42094792190663 85.06348053027 14.93651946973 6.9253397382525
22 7 1 10.323351896619 0.03090910494384 0.015266796235039 1095.9484778906 0.39545164623577 0.00025982646259392 0.00020268145680443 0.78006472004816
23 9 1 10.423445598813 0.018125026003085 0.0097809203744256 1197.0816617186 0.39735667363946 1598.9414853842 0.0 0.0 1598.9414853842 0.0
24 6 1 10.523520578016 0.021460135378406 0.011586277202141 1197.0840919612 0.41840344854823 0.0 0.0
25 13 1 10.62359925779 0.033253583457834 0.017961733399844 1197.0800864526 0.39250545996869 2.5477352597331 158621280.0 94299740.0 49770.0 8336.0 0.031376622354832 0.012705735321263 59.449614830999 40.506302811325
26 7 1 10.723685711936 0.0213617672026 0.011532975378753 1197.0792987535 0.3882198921787 60.119889462469 39.880110537531 2.5476654750842
27 12 1 10.823766315827 0.021019203860018 0.011345148482317 1197.0842640486 0.39609642467744 3503454.0 94.610804080773 40.834445093328 99.584438671094 13.98727207404 13.233470578214 5.7116249351281 13.929146380331
1 7 1 10.923849432664 0.032832310717966 0.017733948027249 1197.0825133921 0.39591346924894 70.126931863195 29.873068136805 4.8425011189146
2 10 1 11.023931799422 0.020808592855081 0.011232911994436 1197.0833336214 0.39136353004267 6517.236842706 0.135614528 6473.934731589 0.134713472 12991.171574295 0.270328
3 5 1 11.124002428528 0.021724712226115 0.011729231154261 1197.0815262914 0.39869962689724 55156.800955414
4 6 1 11.224076127704 0.033589885269743 0.018142601228192 1197.0829411592 0.39851261059435 0.0 0.0
5 7 1 11.324153804656 0.021472135739636 0.011592926907856 1197.0824684257 0.42057377287447 0.15254560919044 0.053723011272116 0.35217671329397
6 8 1 11.424230037614 0.021715357977601 0.011722918440648 1197.0852408152 0.39560610839811 13.86647227277 33.602321135456 7.4830406664289 99.885883611484
7 7 1 11.524303909816 0.033447593978167 0.018067808458201 1197.0811477211 0.39875790531783 54.0 5.3981428769061e-07 45.296296296296
8 10 1 11.624378086398 0.021778711586919 0.011759237039746 1197.086149343 0.40367454777531 6813.667347022 0.148392896 1.3341468747606 2.9056e-05 6815.0014938967 0.148421952
9 19 1 11.724458051634 0.021345431238679 0.011521013517965 1197.0830250282 0.38300360258749 0.28875732421875 13.527828086017 0.03240966796875 1.5183421504281 0.00032793902928116 0.0 0.0 0.00032793902928116 7152.1770768145 0.152666304 1.6490648329567 3.52e-05 7153.8261416475 0.152701504 4.5841067812927e-08
10 9 1 11.824552932394 0.033483899441821 0.016192219577535 1073.4383706829 0.38592083296939 0.00020905569890874 0.0 0.0 0.00020905569890874 0.0
11 7 1 11.924653898037 0.017212831865327 0.0086636130948223 1117.9870714361 0.39119359663707 45647790.0 58682735.0 58676082.0
12 10 1 12.024734075252 0.021295875281803 0.011495747263336 1197.0777536484 0.39522753801093 10902.0 0.00016977078421395 30.861126398826 2.0 3.1144887949725e-08 50.5
13 9 1 12.124814009688 0.033552006270387 0.018122679740775 1197.0834032134 0.0 0.40194847703239 0.4503173828125 13.421474089612 0.04931640625 1.469849696992
14 10 1 12.224891804405 0.021141102599948 0.011411249664338 1197.0807565463 0.38464528232093 6740.1896058322 0.14249504 2.0555219291215 4.3456e-05 6744.1190129957 0.142578112
15 19 1 12.32497164644 0.033517428344203 0.018100613099331 1197.0824605767 0.39856034920974 0.45257568359375 13.502697132551 0.04931640625 1.4713660530143 1595.3598662425 0.0 0.0 1595.3598662425 6891.1482595874 0.230973568 2.8756382801866 9.6384e-05 6894.0238978676 0.231069952 0.23141200115885
16 13 1 12.425055713559 0.033082673202569 0.017867236556697 1197.0857238598 0.41475798125656 204.0 0.4512939453125 13.641399005128 0.0565185546875 1.708403499966 0.0 0.0 0.04815673828125 1.4556483385239
17 9 1 12.5251355565 0.021436407329663 0.011569125028854 1197.0814626199 0.39845527417945 0.13341122643826 9.3756270730607e-06 7.0276147842774e-05 3724.0 5.8094567753874e-05
18 8 1 12.625205784295 0.033207714484442 0.017931992940934 1197.0857213904 0.39860271382415 0.066673576913667 1.339091089406e-06 2.0084284530586e-05 14.99844535557
19 5 1 12.725284503023 0.033529854475025 0.017548404433484 1160.9389750129 0.41757991513045 6.3963782696177
20 6 1 12.825364672085 0.019351550430048 0.010436442484589 1197.0850318076 0.39582080246968 1.0 8.0
21 7 1 12.925443138975 0.03358450064325 0.018138373426738 1197.0857518337 0.38687875907575 87.944632703463 12.055367296537 6.1791405075038
22 7 1 13.025520457193 0.032846333937702 0.017737687099566 1197.0802030698 0.39920925722104 0.00034163752846923 0.00021992326564736 0.64373274983216
23 9 1 13.125594301312 0.020809747868334 0.011230345147335 1197.0794701131 0.3956222709601 1606.0639567314 0.0 0.0 1606.0639567314 0.0
24 6 1 13.225667810251 0.033630859704619 0.018163666405203 1197.0804217788 0.40181088910795 0.0 0.0
25 13 1 13.325743324836 0.033660490550507 0.01818118954157 1197.0827205176 0.38386074214695 2.6051114120369 160559312.0 97601660.0 50023.0 8844.0 0.031155464841553 0.013036303992135 60.788539004203 39.167269226963
26 7 1 13.425838766344 0.017996376550398 0.0088910705342428 1097.3243931114 0.38595160462081 60.481432682825 39.518567317175 2.5049283130974
27 12 1 13.525925793921 0.031099778155291 0.016792270251179 1197.0872864546 0.39915893865036 4930597.0 94.263534415812 42.745533654444 99.657120628597 13.299547940252 12.536623949807 5.6849627406893 13.253946533875
1 7 1 13.626006068972 0.034051024537657 0.018393685709314 1197.0867096906 0.39738117111133 69.906222689224 30.093777310776 4.7893891563644
2 10 1 13.726079218272 0.021762618402254 0.011744392628235 1197.0861813681 0.39966124588773 6379.8411309559 0.138842048 6322.5480250918 0.1375952 12702.389156048 0.276437248
3 5 1 13.826152756199 0.033898293738055 0.018307603250954 1197.0869342438 0.40864851562953 83996.800955414
4 6 1 13.926226055877 0.033749642173497 0.018227033149965 1197.0856272624 0.38782553059262 0.0 0.0
5 7 1 14.026296984833 0.021719572190664 0.011721463576895 1197.0843417567 0.40259239965491 0.15282323301113 0.054346800835824 0.35561870904712
6 8 1 14.126374344722 0.033930751875209 0.018326165899249 1197.0847909436 0.40548560616817 14.306047997842 34.853319713923 9.4919705935027 99.913608292971
7 7 1 14.226450449043 0.033617335631787 0.018156681519171 1197.0891519837 0.39538138917352 55.0 5.4248686077096e-07 39.254545454545
8 10 1 14.326518686592 0.021844995759276 0.011790341773135 1197.083024267 0.40316903309056 6818.3231363986 0.14894624 2.4814836586536 5.4208e-05 6820.8046200572 0.149000448
9 19 1 14.426599814995 0.033675215837123 0.01818424240013 1197.0814030179 0.39753133621734 0.47698974609375 14.164415408674 0.0506591796875 1.5043461022648 0.00020786800695969 0.0 0.0 0.00020786800695969 6921.0876368926 0.23306912 2.3414252303939 7.8848e-05 6923.429062123 0.233147968 3.0023851633998e-08
10 9 1 14.526679874444 0.033855959558165 0.018286187040503 1197.088648433 0.39359626817631 0.00020675828100438 0.0 0.0 0.00020675828100438 0.0
11 7 1 14.626754005731 0.021569867978733 0.011646711572078 1197.081113817 0.42043527531926 57093422.0 73399049.0 73392876.0
12 10 1 14.726849113871 0.025675176427165 0.013869580778863 1197.0859464809 0.38411892924193 8281.0 0.00010388000147522 32.297186330153 2.0 2.508875775274e-08 53.5
13 9 1 14.826931285862 0.021423804549755 0.011570098863558 1197.0840347787 0.0 0.38420853480816 0.2911376953125 13.589448813181 0.0325927734375 1.5213345212241
14 10 1 14.927035523589 0.019307692538556 0.0094630937921628 1088.9074258371 0.40310543712068 5828.2262251323 0.1125296 2.3766692942912 4.5888e-05 5832.7342728871 0.11261664
15 19 1 15.027128925026 0.030122634225193 0.016268183213902 1197.0904500146 0.39741207151434 0.4119873046875 13.677001208046 0.044677734375 1.4831947976726 1600.0477793436 0.0 0.0 1600.0477793436 6920.0322402635 0.2084496 6.9178544758784 0.000208384 6926.9500947393 0.208657984 0.23098878401892
16 13 1 15.127221526561 0.021161778696024 0.011424764225296 1197.0810692213 0.4024164307026 204.0 0.28924560546875 13.668303105499 0.037841796875 1.7882143754821 0.0 0.0 0.031005859375 1.4651821012014
17 9 1 15.227304113451 0.021127668210498 0.011405115411597 1197.0890762609 0.39624464013868 0.13341168684126 9.8983122307559e-06 7.4193741681218e-05 3867.0 6.0853375828828e-05
18 8 1 15.327379004782 0.033474394815111 0.0180811368582 1197.0869708492 0.38195575827733 0.066673218390543 1.20560394567e-06 1.8082282133256e-05 14.998526006986
19 5 1 15.427459289798 0.02159847969528 0.011661566854303 1197.0914814774 0.40386612161151 6.1541095890411
20 6 1 15.527531679054 0.021205911073018 0.011447482203626 1197.0845184062 0.39859302659675 1.0 8.0
21 7 1 15.627609797175 0.03365371990811 0.018178397127175 1197.0848222847 0.39822124564005 86.058279803665 13.941720196335 7.0344789002959
22 7 1 15.727693160415 0.021277632413648 0.011487186123923 1197.0897555212 0.41666606836329 0.00069457028479558 0.00026666745525099 0.38393156328228
23 9 1 15.827768980286 0.021371480184642 0.011527201218379 1197.0803427162 0.39819311627774 1594.8266898468 0.0 0.0 1594.8266898468 0.0
24 6 1 15.927842318011 0.033178121686049 0.017922046691509 1197.0884338791 0.38663643711284 0.0 0.0
25 13 1 16.027926079844 0.021573891954319 0.011647511022428 1197.0866460524 0.41528837110346 2.4079653310371 102859956.0 57795613.0 45973.0 7420.0 0.044694749820815 0.016413578866396 56.188642546182 43.750249125131
26 7 1 16.128004755089 0.021477814781272 0.011594515843736 1197.0832232454 0.39559411369653 59.000418314127 40.999581685873 2.69367113299
27 12 1 16.228083750114 0.033368068371516 0.018021063486522 1197.0858690712 0.40052694668552 5636403.0 94.636845520095 44.098603311367 99.696260185796 14.166690565174 13.406909065473 6.2473126746848 14.123660685572
1 7 1 16.328168597207 0.021380489288019 0.011541224438115 1197.0865407186 0.39540785096236 70.227582975466 29.772417024534 4.8306809339265
2 10 1 16.428245322065 0.021113650426118 0.010904962060716 1146.3686073036 0.38596501859398 6322.7402796657 0.133496128 6261.070223862 0.132194048 12583.810503528 0.265690176
3 5 1 16.528337123696 0.017390306219442 0.0086010063940755 1097.3275048007 0.40634492839442 39684.705414013
4 6 1 16.628418844552 0.019749890495005 0.010658196423269 1197.0911904227 0.39582756315019 0.0 0.0
5 7 1 16.728492835426 0.025238979104277 0.013627104996524 1197.0829100967 0.39777911175259 0.15300432828727 0.054521460643715 0.35633933532488
6 8 1 16.828573338763 0.032823145801036 0.017729582530097 1197.0898218355 0.40159139737112 14.138332262255 34.358452011016 8.7521723352081 99.908039246569
7 7 1 16.928655574166 0.021263569334631 0.01147929443925 1197.0820500507 0.39866750111706 55.0 8.6517729803085e-07 41.709090909091
8 10 1 17.028723181214 0.02108920853389 0.011383596382319 1197.0833976413 0.40026423912505 6866.1467198879 0.1448016 2.3822610468888 5.024e-05 6868.5289809348 0.14485184
9 19 1 17.128803043179 0.03319017187138 0.017926462012762 1197.0845313855 0.39923140277814 0.453857421875 13.674452293703 0.050048828125 1.5079412158199 0.00021090580751213 0.0 0.0 0.00021090580751213 6878.6589260439 0.228303872 2.4971247609437 8.288e-05 6881.1560508048 0.228386752 3.0649763783146e-08
10 9 1 17.228890065319 0.020710057995009 0.011179274537785 1197.0835759643 0.39587294505001 0.0003380000192026 0.0 0.0 0.0003380000192026 0.0
11 7 1 17.328963990969 0.021390513897166 0.011546715959952 1197.0843024503 0.39646473082375 60024678.0 77167929.0 77161799.0
12 10 1 17.429042090066 0.033867112909676 0.018295599719099 1197.0895159645 0.40723791340806 16658.0 0.00016794659318501 31.480790010806 2.0 2.0164076501982e-08 50.0
13 9 1 17.529126585672 0.021495586585198 0.011604865215433 1197.0809976387 0.0 0.39595877767964 0.30181884765625 14.04096819875 0.0323486328125 1.5048964904626
14 10 1 17.629205828912 0.021693553139162 0.011713262529849 1197.0798073681 0.39071379724939 6632.0842453547 0.143873472 2.1123326227863 4.5824e-05 6635.9224363355 0.143956736
15 19 1 17.729286286954 0.025461889415051 0.013749871128759 1197.083728019 0.3957454919491 0.3448486328125 13.543717325575 0.03765869140625 1.479021874315 1606.6291991599 0.0 0.0 1606.6291991599 6948.109667597 0.176912 2.2797993917014 5.8048e-05 6950.3894669887 0.176970048 0.23115671528778
16 13 1 17.829377499755 0.021570536527581 0.011646353744443 1197.08845998 0.39956303658618 203.0 0.2894287109375 13.417779876148 0.03887939453125 1.802430573831 0.0 0.0 0.031494140625 1.4600536516433
17 9 1 17.929468222468 0.02133989623399 0.011515411477212 1197.0855228424 0.39782673090937 0.13341132862128 1.0327738255054e-05 7.7412753188086e-05 3839.0 6.0073010850228e-05
18 8 1 18.029552821346 0.018831781783496 0.0093128043735173 1097.3245740249 0.39470420836772 0.066679754043071 2.0924956406501e-06 3.1381274131552e-05 14.997055918264
19 5 1 18.12963024827 0.018111842545926 0.0097683420536224 1197.0880434877 0.40125977825741 5.9587628865979
20 6 1 18.229702463594 0.033394701618301 0.018035609406374 1197.0885318624 0.41415561175597 1.0 8.0
21 7 1 18.329778398514 0.033715312461926 0.018209140409357 1197.0872614588 0.39093631307472 86.984631955738 13.015368044262 6.6011785885954
22 7 1 18.429852541578 0.021419531453664 0.011560434346778 1197.0893357557 0.39699858407136 0.00026738847859611 0.00023476368822205 0.87798729943284
23 9 1 18.529926433709 0.033771419835154 0.018238364962347 1197.0893721824 0.41096331710136 1547.259968786 0.0 0.0 1547.259968786 0.0
24 6 1 18.629998506808 0.033242987230363 0.01795333849175 1197.0913179711 0.39549729925483 0.0 0.0
25 13 1 18.730074899203 0.021330034685537 0.011488313960394 1197.0895572768 0.40202446074538 2.4874108360121 101454076.0 58886612.0 48537.0 7264.0 0.047841350405675 0.016879558392509 58.042628075387 41.892651015815
26 7 1 18.830177936622 0.030708712409098 0.015193157572409 1097.330652619 0.40272833696998 57.954834026226 42.045165973774 2.7055673164635
27 12 1 18.930259245297 0.020403550089682 0.011018383909258 1197.0891340332 0.39613346679118 3397950.0 94.562721640989 40.793861004429 99.593107609 13.968374526325 13.2088751211 5.6982392888472 13.911538273231
1 7 1 19.030356630851 0.0207268224462 0.011190253051995 1197.0905606354 0.40526351920995 68.713029948428 31.286970051572 4.6138642879442
2 10 1 19.1304289576 0.033304005448177 0.017987361105679 1197.0864628032 0.39579205173567 6446.4712010115 0.214693312 6410.5509570678 0.213497024 12857.022158079 0.428190336
3 5 1 19.230500080417 0.020796718412942 0.011233287486979 1197.0920467089 0.39923161635563 52172.581102362
4 6 1 19.330574235258 0.020485413805516 0.011057864979939 1197.0924472829 0.39165207561488 0.0 0.0
5 7 1 19.430646516712 0.03357061783689 0.018128662256481 1197.0905284479 0.38727950359697 0.15463774198075 0.054133946906043 0.35006943461955
6 8 1 19.530729222274 0.033492182925107 0.016400043603432 1087.6376346955 0.39638249510101 13.383944248194 33.709345029409 7.5916952282199 99.880541235231
7 7 1 19.630823304037 0.016871080202646 0.0083412289661453 1097.3316205606 0.42150475973013 62.0 1.4190931939558e-06 46.387096774194
8 10 1 19.73089367134 0.032917747274797 0.017780601956707 1197.0883282785 0.38608150253292 7107.8594184099 0.23397472 3.0621779539931 0.0001008 7110.9215963639 0.23407552
9 19 1 19.830975568845 0.03334496267109 0.018008144550046 1197.0862171123 0.39541251570624 0.47027587890625 14.103355986479 0.05084228515625 1.5247366043786 0.00020992676072386 0.0 0.0 0.00020992676072386 6957.5534478298 0.23199936 6.6927050481746 0.000223168 6964.2461528779 0.232222528 3.014350097851e-08
10 9 1 19.931055503281 0.021192174115391 0.011436984265518 1197.0854173573 0.41684565440606 0.00033031061192142 0.0 0.0 0.00033031061192142 0.0
11 7 1 20.031130972572 0.033561800782776 0.018124861583458 1197.0902148876 0.39713709146694 94058643.0 120924156.0 120915594.0
12 10 1 20.131208943033 0.033638347814073 0.01816752279063 1197.0903628981 0.38658232808935 10863.0 0.00010469907632052 32.301205928381 2.0 1.9276272911814e-08 54.0
13 9 1 20.231285980424 0.021042959085543 0.011359060277245 1197.090719848 0.0 0.38200346018816 0.2918701171875 13.870203140205 0.03228759765625 1.5343658429879
14 10 1 20.331368834552 0.033412535022935 0.018046959336611 1197.0860227178 0.39629200741256 6543.0179377272 0.218618816 1.9384341821278 6.4768e-05 6546.2378071542 0.2187264
15 19 1 20.431453304793 0.021326500797928 0.011515726274942 1197.085363996 0.3987998658476 0.28924560546875 13.562731561516 0.031494140625 1.4767608115092 1594.1698228949 0.0 0.0 1594.1698228949 6898.0152625082 0.147110528 2.3617564117642 5.0368e-05 6900.3770189199 0.147160896 0.23102648138266
16 13 1 20.531536859177 0.021351420095635 0.011525927986122 1197.0865586812 0.39856507212677 203.0 0.2889404296875 13.532609465474 0.03826904296875 1.7923418113334 0.0 0.0 0.0313720703125 1.4693200813802
17 9 1 20.631619873648 0.033524638344583 0.018110008565965 1197.0896701247 0.39843608462766 0.13338952254609 6.646800274195e-06 4.9830002741771e-05 4907.0 4.8899323756334e-05
18 8 1 20.73169262526 0.021557459965766 0.011641719650092 1197.0952070203 0.42009774427992 0.066677821457842 1.895998500069e-06 2.8435219666975e-05 14.997490591864
19 5 1 20.83177045259 0.021139497357999 0.011320539452877 1188.7300237056 0.39640448956327 6.2377777777778
20 6 1 20.931855306929 0.030998443180736 0.016740404720743 1197.0865272157 0.39912916650724 1.0 8.0
21 7 1 21.031942050055 0.021359632013393 0.011531047186039 1197.0925781424 0.4139356141159 85.19060750737 14.80939249263 6.9803982921871
22 7 1 21.132038144712 0.018548286271642 0.0091654921713875 1097.3307758861 0.39516444685244 0.0002103292405243 0.00019693651596326 0.9363249516441
23 9 1 21.232124414962 0.031310084780265 0.016909368212491 1197.0881397488 0.3910488332875 1626.0778709897 0.0 0.0 1626.0778709897 0.0
24 6 1 21.332208045441 0.020684294405262 0.011164789765694 1197.093095606 0.38337082315912 0.0 0.0
25 13 1 21.432284125303 0.021107494884897 0.011394251945765 1197.0871875218 0.39549881465214 2.5284525843132 100623408.0 59367876.0 45421.0 7108.0 0.045139596146455 0.016174168936914 59.000064875561 40.938621359356
26 7 1 21.532365432167 0.033402698839479 0.01804283978934 1197.0840386276 0.40193806260154 58.065022418823 41.934977581177 2.7332085889089
27 12 1 21.632450709558 0.021576513607931 0.011652076268931 1197.0890816721 0.39564684728047 3567375.0 94.525246154385 40.545022600652 99.580559935527 13.867310282717 13.108109179731 5.6225040882302 13.809145227527
1 7 1 21.732530288884 0.02129268291576 0.011495838305557 1197.089586922 0.39942903975142 69.592233389181 30.407766610819 4.7425956196844
2 10 1 21.832606203874 0.033685510402309 0.018190467695093 1197.0851516655 0.39902894834164 6393.5021743128 0.215368384 6353.4213210357 0.21401824 12746.923495349 0.429386624
3 5 1 21.932686188134 0.02137150917321 0.01153830202811 1197.0904311315 0.39827455973171 54316.834394904
4 6 1 22.032756397812 0.021561083536758 0.011640281545355 1197.0913790943 0.39962188430867 0.0 0.0
5 7 1 22.132828878562 0.033727468636709 0.018220297837385 1197.086974346 0.41146493622863 0.15270855218676 0.05404665145305 0.3539202662792
6 8 1 22.2329131024 0.021422529052766 0.011564551629317 1197.0921957217 0.38154953606057 11.711751690067 31.018539443739 4.9482970945213 99.91255230627
7 7 1 22.332987598762 0.02159687082976 0.011660630614148 1197.0927895818 0.38856315791928 56.0 8.4522901351828e-07 41.803571428571
8 10 1 22.433056722274 0.033521304659271 0.018107685404013 1197.08844746 0.39888568172093 6886.1949839461 0.23083424 1.5407514870014 5.1648e-05 6887.7357354331 0.230885888
9 19 1 22.533141996042 0.021615524973222 0.01167065341151 1197.0941522106 0.39189359886902 0.2889404296875 13.367264040334 0.03167724609375 1.4654858548655 0.00032384131353144 0.0 0.0 0.00032384131353144 7004.3138062832 0.15140192 1.7172842226124 3.712e-05 7006.0310905058 0.15143904 4.6223219587235e-08
10 9 1 22.633240757647 0.019890081927192 0.0095654510666831 1068.0880517894 0.38329261758977 0.00035193419643135 0.0 0.0 0.00035193419643135 0.0
11 7 1 22.733333668091 0.017441063390101 0.0091527670959591 1166.6935798733 0.38150428508443 49449541.0 63570557.0 63563777.0
12 10 1 22.833422575395 0.021078773555328 0.011379769891352 1197.0991947453 0.38711210926377 6857.0 0.00010565357894064 32.110106460551 3.0 4.6224403794943e-08 44.333333333333
13 9 1 22.933501622056 0.0215340969918 0.011625635071408 1197.0885338866 0.0 0.41169046203109 0.3026123046875 14.052704638728 0.0321044921875 1.4908678176626
14 10 1 23.033583841153 0.033286591471886 0.017980239429843 1197.0861738731 0.39768079278058 6519.8913557521 0.21702496 1.9515365535359 6.496e-05 6523.0291958067 0.217129408
15 19 1 23.133670643162 0.021657077367671 0.011691155123232 1197.0857346923 0.39731775998655 0.30322265625 14.00108847109 0.0325927734375 1.5049479153707 1599.6983993656 0.0 0.0 1599.6983993656 6909.1915524744 0.149632896 2.8576339710724 6.1888e-05 6912.0491864455 0.149694784 0.23143620020855
16 13 1 23.233753440219 0.021230400977563 0.011459409187543 1197.0912851769 0.40621236019127 203.0 0.2890625 13.615498845523 0.037841796875 1.7824343927839 0.0 0.0 0.031494140625 1.4834453978653
17 9 1 23.333835610399 0.033045379409928 0.017850423640244 1197.0855591025 0.38656687084733 0.13338925878253 6.3562050254354e-06 4.7651550682939e-05 3499.0 3.4321545345677e-05
18 8 1 23.43391519516 0.020763503855344 0.01120857337398 1197.0877142084 0.3979333863452 0.066677640183746 1.8492884878624e-06 2.7734762099652e-05 14.997531365001
19 5 1 23.533986446614 0.020618386178395 0.011129139262497 1197.0886822077 0.38375542917157 6.3859649122807
20 6 1 23.634065973399 0.033489329362952 0.018086269193562 1197.0856959129 0.38729467384235 1.0 8.0
21 7 1 23.734139712434 0.02517295220546 0.013587895240721 1197.0881737997 0.40365339300015 85.752969983404 14.247030016596 7.0428955616417
22 7 1 23.834216370256 0.033408228408812 0.018043277335537 1197.0845858048 0.39746676357447 0.00027802927587828 0.00023033718202267 0.82846376984958
23 9 1 23.934293038043 0.033244354222519 0.017955651235935 1197.0858307357 0.39832194691681 1596.5370734754 0.0 0.0 1596.5370734754 0.0
24 6 1 24.034365522417 0.021332031273153 0.011510207123376 1197.0847352534 0.42132964221775 0.0 0.0
25 13 1 24.134442683915 0.033361169092349 0.017597111568855 1169.9933916528 0.3974504942402 2.5160366246662 155401280.0 91236795.0 55699.0 9308.0 0.035842047118273 0.013642101274841 58.710452706696 41.240063144911
26 7 1 24.234539504192 0.016128482775668 0.0082000618874702 1129.2904088131 0.39894893216994 58.508050613927 41.491949386073 2.7034383082799
27 12 1 24.334619992129 0.021183118811484 0.011421591788894 1197.089578514 0.42197570624486 3810227.0 93.954008514453 54.471085318539 99.598107934252 15.110227499674 14.196664431597 8.2307049131725 15.049500694236
1 7 1 24.434698187251 0.033057315452773 0.017851663354469 1197.0868734542 0.39734710093409 69.914479260046 30.085520739954 4.7786465323032
2 10 1 24.534771543094 0.033117290988034 0.017884418624444 1197.0833746899 0.39792944324343 6411.3688549199 0.212327168 6368.041639523 0.210892288 12779.410494443 0.423219456
3 5 1 24.634839183659 0.020839274536556 0.011245679646823 1197.0883217579 0.38299572193719 55051.238853503
4 6 1 24.734917183108 0.025288563143828 0.012756134867098 1120.1261695632 0.39676094001834 0.0 0.0
5 7 1 24.83499794553 0.019990383278121 0.010793014552621 1197.0881204563 0.40523185241138 0.15287011891305 0.054254307261205 0.35490459251925
6 8 1 24.935073886791 0.02141099160273 0.011554658374618 1197.0855128356 0.39639733601017 14.0377935046 33.763969820139 7.5369172989157 99.884139516782
7 7 1 25.035147171069 0.033023615336662 0.017833208960357 1197.0842090087 0.39303161633241 69.0 6.8880115536511e-07 39.942028985507
8 10 1 25.135215228345 0.033509138519668 0.018098478816017 1197.0832680277 0.40154814607074 6860.6249565344 0.229893632 3.8294031320645 0.00012832 6864.4543596664 0.230021952
9 19 1 25.235295777882 0.021100658112329 0.011386951809057 1197.0845978918 0.39859084126893 0.28887939453125 13.690539555373 0.03094482421875 1.4665336054456 0.00033174320737939 0.0 0.0 0.00033174320737939 6882.5364226504 0.145226048 2.4567954100782 5.184e-05 6884.9932180605 0.145277888 4.8183519848526e-08
10 9 1 25.335376783083 0.033578637705387 0.018133228861823 1197.0862157744 0.39861786914673 0.000208465872303 0.0 0.0 0.000208465872303 0.0
11 7 1 25.4354529481 0.033393816561087 0.018034953992971 1197.087021132 0.40489023361349 91800658.0 118020700.0 118012178.0
12 10 1 25.535529181058 0.020765901753448 0.011208283488301 1197.0881249717 0.39604091872334 10973.0 0.00017561965465779 30.161578419758 2.0 3.2009414865175e-08 49.0
13 9 1 25.635607977693 0.033118386212366 0.017892538141143 1197.083912193 0.0 0.39900967351078 0.45477294921875 13.731736392667 0.04962158203125 1.4983091782631
14 10 1 25.735705696615 0.019180923719213 0.0094898579404502 1097.3304792293 0.39918229280388 5944.7297569815 0.114025408 2.0286822767051 3.8912e-05 5948.9506173105 0.114106368
15 19 1 25.835799013805 0.019450650567194 0.010495223147315 1197.0863859285 0.39665713863519 0.27642822265625 14.211772593482 0.02947998046875 1.5156295346991 1601.6110048546 0.0 0.0 1601.6110048546 6952.9248665902 0.135238912 7.0545712353412 0.000137216 6959.9794378256 0.135376128 0.23011720352941
16 13 1 25.935884007652 0.033686832099828 0.018191149379385 1197.0868914575 0.4005265828616 204.0 0.46844482421875 13.905873453181 0.0611572265625 1.8154638697182 0.0 0.0 0.05035400390625 1.4947681562051
17 9 1 26.035966241244 0.033936633836821 0.018330676339241 1197.0857115769 0.40619391760695 0.13338998722608 5.9820215561344e-06 4.4846106372255e-05 3442.0 3.4547178181568e-05
18 8 1 26.136038285354 0.021768436045481 0.011748828332074 1197.0892110604 0.39580154856956 0.066677079495663 1.7853179843595e-06 2.6775587621165e-05 14.99765747936
19 5 1 26.236110184521 0.03358747740682 0.018144633598571 1197.0858467529 0.40209106596881 5.934328358209
20 6 1 26.336182956969 0.021756942984189 0.011753161670033 1197.081812322 0.39877481617502 1.0 8.0
21 7 1 26.436259103868 0.02116242369166 0.011423542628926 1197.0880165437 0.40054839060205 85.880286603142 14.119713396858 6.8946746822331
22 7 1 26.536333999728 0.03330610983703 0.017990646325729 1197.0840538519 0.41416349442155 0.00063860934337039 0.00026312494912501 0.41202802911763
23 9 1 26.636414459582 0.021032515048054 0.011354674850453 1197.0881231045 0.3986798552324 1594.3242129335 0.0 0.0 1594.3242129335 0.0
24 6 1 26.736485953815 0.021160807578998 0.011423502769645 1197.086207367 0.39780416170807 0.0 0.0
25 13 1 26.836572932473 0.032808236618193 0.017485576694906 1182.1634536334 0.41203923868613 2.4269533241269 154416308.0 87449252.0 93459.0 10496.0 0.060524047757961 0.016059184629644 56.632134994446 43.291281773166
26 7 1 26.936689887123 0.018621604701185 0.010047449421005 1197.0819982268 0.38224977918356 61.060882159598 38.939117840402 2.5166257748969
27 12 1 27.036768261611 0.021104312483674 0.01139169687527 1197.0846171083 0.38882005019493 3039342.0 94.220064737697 35.080389110538 99.575796340129 12.084757459888 11.3862663021 4.2393799399933 12.033493476456
1 7 1 27.136848722371 0.033653750708464 0.018179967492253 1197.0885440028 0.39233666159424 70.814178791558 29.185821208442 4.353314350865
2 10 1 27.236942314952 0.021415776528224 0.01059873407625 1097.3288766844 0.38754212099501 6034.2684202783 0.129228544 5972.9932198077 0.127916288 12007.261640086 0.257144832
3 5 1 27.337026088562 0.017225228101688 0.0092944614042135 1197.0850036428 0.40748591999401 42764.366242038
4 6 1 27.437100574959 0.033632543759238 0.018167846647287 1197.0804376179 0.39538654109335 0.0 0.0
5 7 1 27.537178224733 0.021440058983329 0.011575381577117 1197.0905856562 0.39965921969931 0.15300647347766 0.05445914983175 0.35592709637676
6 8 1 27.637256284877 0.021373301029065 0.011537745809963 1197.0889844747 0.40498172302905 14.319753030829 34.731042738265 9.2622389980345 99.898801275234
7 7 1 27.73733180218 0.032352230138588 0.017472024992346 1197.0852031954 0.39730114419665 59.0 6.0768060076911e-07 39.118644067797
8 10 1 27.837408328648 0.021150398871326 0.011410101445281 1197.0835578298 0.40067000468684 6848.3701362423 0.14484576 6.3484381933826 0.000134272 6854.7185744357 0.144980032
9 19 1 27.937488845573 0.021192776534068 0.011440089665857 1197.0840917861 0.40642219796742 0.2886962890625 13.622391034908 0.03106689453125 1.4659190352576 0.000330301222624 0.0 0.0 0.000330301222624 6750.2305688937 0.143056128 2.6967679250582 5.7152e-05 6752.9273368188 0.14311328 4.891230219865e-08
10 9 1 28.037570060941 0.033412029534781 0.018048323158143 1197.0835652877 0.3977957836242 0.00020950538166839 0.0 0.0 0.00020950538166839 0.0
11 7 1 28.137651009071 0.021417893599576 0.011564372262553 1197.0829842079 0.38893399030075 61280175.0 78782055.0 78776000.0
12 10 1 28.23772799392 0.021326036074948 0.011512406630968 1197.0855487197 0.38203327955617 6684.0 0.00010046581326039 32.144823459007 2.0 3.006158386008e-08 48.5
13 9 1 28.33780751074 0.033749135779451 0.018221193765313 1197.0820046556 0.0 0.38219457162576 0.4698486328125 13.921797461213 0.052490234375 1.5553060297017
14 10 1 28.437894312749 0.021373099014982 0.0115387404802 1197.0843482263 0.40171429496847 6448.8542304221 0.137832 2.0421933183112 4.3648e-05 6452.7679352125 0.137915648
15 19 1 28.53797440934 0.021608318596414 0.01164233067475 1197.0860130285 0.39845952960152 0.30206298828125 13.979014004884 0.032470703125 1.5026945747824 1592.0365042058 0.0 0.0 1592.0365042058 6867.7787833354 0.148401152 2.283564997426 4.9344e-05 6870.0623483328 0.148450496 0.2317353793146
16 13 1 28.638058170267 0.033638798948661 0.018168557773094 1197.0841195723 0.39832092860155 204.0 0.468017578125 13.913028786767 0.06024169921875 1.7908397773265 0.0 0.0 0.050537109375 1.502345831435
17 9 1 28.738147374703 0.02976387352028 0.016074493379602 1197.0814954724 0.41560250166733 0.13339816058006 7.6588822833306e-06 5.741370233313e-05 3992.0 4.6749630084183e-05
18 8 1 28.838252853503 0.0030228626394364 0.0013533806649481 997.58204436133 0.38617628162502 0.066754191111668 1.5509352333324e-05 0.00023233525977986 14.98033282026
19 5 1 28.938331054966 0.019322390648389 0.010435306495083 1197.0817223315 0.38730049347573 6.1683168316832
20 6 1 29.038412186993 0.021095254462089 0.01138683902541 1197.0869931981 0.40851040443974 1.0 8.0
21 7 1 29.138490296961 0.021505319496881 0.011607427080124 1197.0818921155 0.38223474331229 88.121566224454 11.878433775546 6.1160881480708
22 7 1 29.238568341704 0.03338959781856 0.018036413386187 1197.0849066455 0.39879211250769 0.00031203531128114 0.0002337135301532 0.74899705803691
23 9 1 29.338651077161 0.021110480707394 0.011396340934441 1197.0882666527 0.38191016588166 1664.2748446602 0.0 0.0 1664.2748446602 0.0
24 6 1 29.438687945456 0.021454989001706 0.011579637461246 1197.0867475149 0.38479679137978 0.0 0.0
25 13 1 29.538763723656 0.033222578372648 0.017941320465612 1197.0809259393 0.40198021230793 2.4876846406409 158441012.0 91972858.0 48862.0 8968.0 0.030839237507521 0.01319670944793 58.048643365141 41.907320687904
26 7 1 29.638839853342 0.02155389074834 0.011635633409666 1197.0804142123 0.3848908765468 60.641239053678 39.358760946322 2.5327611555013
27 12 1 29.738918533117 0.03304569013114 0.01784580358723 1197.08787035 0.39321690461541 5195905.0 94.46670021873 39.508131884628 99.627418130239 13.187785673955 12.458065958104 5.2102477567283 13.138650375511
1 7 1 29.838998843498 0.033126924251514 0.017891563853492 1197.0807069069 0.41303056556108 67.560031414364 32.439968585636 4.4962409444763
2 10 1 29.939070848655 0.021402211690219 0.01155050349753 1197.0834351819 0.39861503699576 6397.1108211481 0.13691232 6351.2478975304 0.135930752 12748.358718678 0.272843072
3 5 1 30.039140281077 0.033757460027911 0.018230393106166 1197.0851903062 0.39702278910327 85142.8
4 6 1 30.13921062845 0.033862556269154 0.018289396165563 1197.082776724 0.39887767209446 0.0 0.0
5 7 1 30.239279466605 0.021284330584625 0.01148616337101 1197.0891314705 0.39614910350206 0.15301916332941 0.054584681115291 0.35671794256112
6 8 1 30.339366113707 0.032848864096146 0.015519525817391 1048.6500381369 0.39593819251782 13.239008454917 33.011789953126 8.3327693219854 99.892045455375
7 7 1 30.439450208908 0.017470146170877 0.0094288918114697 1197.0782508281 0.39638310045129 55.0 1.0472827601377e-06 44.909090909091
8 10 1 30.539519092359 0.021414813564233 0.011556765481149 1197.0837731336 0.3968164410554 6947.5376731036 0.148780224 4.9281773891445 0.000105536 6952.4658504927 0.14888576
9 19 1 30.639601154737 0.033165052371376 0.01793870379441 1199.928624882 0.40196698378852 0.45526123046875 13.727137390613 0.0491943359375 1.4833185060777 0.00021106554941072 0.0 0.0 0.00021106554941072 6854.5522393386 0.227331584 2.1516625151356 7.136e-05 6856.7039018537 0.227402944 3.0782363134226e-08
10 9 1 30.739681041161 0.025360059823055 0.013692586547906 1197.0850824692 0.39580707688785 0.00027602458546396 0.0 0.0 0.00027602458546396 0.0
11 7 1 30.839775427304 0.020972990647381 0.011316267715624 1197.0861495827 0.39744965593297 58682210.0 75441424.0 75435004.0
12 10 1 30.939855669743 0.033344209874217 0.018004614738954 1197.0813754958 0.40099420353935 17504.0 0.00017657871575805 30.642595978062 2.0 2.0175813043653e-08 50.0
13 9 1 31.051966427865 0.03307937665886 0.017880124239873 1197.0817682867 0.0 0.39779465274061 0.45379638671875 13.718408040111 0.04974365234375 1.5037663150895
14 10 1 31.152079162865 0.021189495390536 0.01144215283659 1197.0824660704 0.39761366380641 6519.5081550504 0.138145088 2.8965295713184 6.1376e-05 6524.3165753607 0.138246976
15 19 1 31.252155724663 0.034045626322773 0.018452222686891 1202.7594604349 0.40316896846963 0.4677734375 13.739604408074 0.0513916015625 1.5094920291751 1582.8169964949 0.0 0.0 1582.8169964949 6847.439779484 0.233125376 2.1505258650808 7.3216e-05 6849.590305349 0.233198592 0.2310819955551
16 13 1 31.352243564825 0.033805599168529 0.018259821032079 1197.0828593956 0.39567503404199 203.0 0.46832275390625 13.853407879906 0.0604248046875 1.7874200183901 0.0 0.0 0.051025390625 1.5093769044183
17 9 1 31.45232758212 0.02157790777687 0.011643906475185 1197.0761221586 0.39120471153135 0.13341094822204 1.0272021700353e-05 7.6995342865395e-05 3887.0 5.915162718411e-05
18 8 1 31.552400276661 0.033221032013727 0.017946132114942 1197.0793518633 0.38385094372396 0.066673299138803 1.1916360980521e-06 1.7872763361707e-05 14.99850784222
19 5 1 31.65249142152 0.033607249421933 0.018153444764383 1197.081326158 0.39796073217093 6.0775862068966
20 6 1 31.75256209139 0.021103470909311 0.011391915195422 1197.0838156827 0.41180276059069 1.0 8.0
21 7 1 31.852644621209 0.032898982612419 0.017151099803939 1156.164212063 0.38929284324697 87.454816781809 12.545183218191 6.2815382235216
22 7 1 31.952740506605 0.016041275198515 0.007927662655885 1097.3241680796 0.40083689072467 0.00037030815615737 0.00021565049291787 0.58235415378273
23 9 1 32.05281825331 0.021105178517141 0.011392709210416 1197.0817779703 0.42200559771641 1506.035780469 0.0 0.0 1506.035780469 0.0
24 6 1 32.152892475186 0.033681365037095 0.018194725843954 1197.0813726927 0.3975742531885 0.0 0.0
25 13 1 32.25296722248 0.021301206460624 0.011504928939281 1197.0903707807 0.3838955663602 2.6048750952798 101600804.0 61756260.0 43251.0 6768.0 0.04256954502053 0.016160305188136 60.783239471215 39.158030678576
26 7 1 32.353046205729 0.02159906671378 0.011649682900291 1197.0822886755 0.4112903737783 56.748971919826 43.251028080174 2.7750423899738
27 12 1 32.453125583947 0.033287763697101 0.017979932785147 1197.08531411 0.39531153971104 5500740.0 94.731417954675 40.574977184888 99.696095434432 13.857338993085 13.127253718935 5.6226121348767 13.815225907219
1 7 1 32.553210259826 0.021446630329322 0.01157998170049 1197.0802901174 0.40243584986745 69.128428883787 30.871571116213 4.682032010061
2 10 1 32.653282117322 0.021196028689033 0.011432578456139 1197.0830679227 0.39004899613774 6533.552960874 0.138485376 6485.939513336 0.13747616 13019.49247421 0.275961536
3 5 1 32.753353901441 0.033429776879604 0.018057816461193 1197.0823024242 0.39600551971859 84553.431496063
4 6 1 32.853445950381 0.021046205805152 0.011040092723066 1164.529840169 0.39200591635162 0.0 0.0
5 7 1 32.953522345494 0.021169170780846 0.011427042092611 1197.080630398 0.39142327446779 0.15421250778848 0.054171365921616 0.35127738144249
6 8 1 33.05360251365 0.032792455966526 0.017712564881884 1197.0819313032 0.38518290394564 11.969611008905 31.530138154979 5.6878988055148 99.914755612896
7 7 1 33.153683141094 0.021232382165002 0.011463842173705 1197.0823073953 0.42090508820126 57.0 9.4792858645288e-07 43.263157894737
8 10 1 33.253749865802 0.02099563253072 0.011333354664633 1197.0771681385 0.3959673574738 6914.3888752859 0.145171968 1.8289518043248 3.84e-05 6916.2178270902 0.145210368
9 19 1 33.353831575788 0.032860705020253 0.017749216396567 1197.0821350624 0.39172597475846 0.45458984375 13.833843293071 0.0498046875 1.5156305219046 0.00021302038394142 0.0 0.0 0.00021302038394142 7002.8754361226 0.230119424 2.0839479846155 6.848e-05 7004.9593841072 0.230187904 3.0409938482258e-08
10 9 1 33.453936756549 0.01780882957482 0.0088079548746321 1097.3321994885 0.41615433074594 0.00039306345038515 0.0 0.0 0.00039306345038515 0.0
11 7 1 33.554023202542 0.016962855291034 0.0091505766472949 1197.0818163262 0.39634877925081 47584583.0 61173570.0 61167520.0
12 10 1 33.654105187919 0.033094801294677 0.017866270875027 1197.0785490738 0.39078555160225 12941.0 0.00012820920540311 32.010895603122 4.0 3.9628840245148e-08 31.0
13 9 1 33.754191498935 0.020856046234889 0.011256742862006 1197.0778370922 0.0 0.40176117995869 0.2864990234375 13.736976808108 0.03057861328125 1.466174985271
14 10 1 33.854272988788 0.020993092407455 0.011330923701445 1197.0829192115 0.38243309047738 6781.2294271351 0.142358976 2.2437856741522 4.7104e-05 6785.4182335431 0.142446912
15 19 1 33.954355650868 0.032561205101223 0.017586740455731 1197.0792012434 0.38836426060289 0.4552001953125 13.9798325614 0.0504150390625 1.5483161297555 1637.4793818057 0.0 0.0 1637.4793818057 7065.2775683465 0.230053952 2.8048101940972 9.1328e-05 7068.0823785406 0.23014528 0.23167236799295
16 13 1 34.054444722138 0.020640923884068 0.011142036910494 1197.0858292224 0.38200804596901 203.0 0.2896728515625 14.033909198517 0.03729248046875 1.8067253519371 0.0 0.0 0.0321044921875 1.5553805812094
17 9 1 34.154526868764 0.021467470391985 0.011616790840511 1201.6380535389 0.39956513162382 0.13341374230308 1.110804752649e-05 8.3260144980085e-05 4547.0 7.0839119358977e-05
18 8 1 34.254599724554 0.033373705742086 0.018028260804403 1197.0806780578 0.40677748520145 0.066673659855356 1.1957371541217e-06 1.7934176055668e-05 14.998426697581
19 5 1 34.354676955806 0.02152092621714 0.011619047419346 1197.0802543906 0.39842098715328 6.3597122302158
20 6 1 34.454745993258 0.021327952944003 0.011513385901028 1197.0793013912 0.40002694872326 1.0 8.0
21 7 1 34.554822708152 0.033482859476947 0.018087879870868 1197.0816369573 0.41138859412982 85.437331793586 14.562668206414 6.9957198743149
22 7 1 34.654903447926 0.021314687956497 0.011504698842523 1197.0852370261 0.39559784301874 0.0002360687693283 0.00022553010086414 0.95535763373467
23 9 1 34.754977225915 0.021415223933648 0.011560081954499 1197.0785818219 0.40095656593959 1585.1077301445 0.0 0.0 1585.1077301445 0.0
24 6 1 34.855052360026 0.033154894595995 0.017847433288283 1194.1536758088 0.41202188767058 0.0 0.0
25 13 1 34.955147633038 0.021167946919743 0.010474852337095 1097.3262503174 0.39370948250513 2.5399439039088 92504128.0 54825673.0 49335.0 6804.0 0.053332755052834 0.016839248514401 59.268352867453 40.66147512898
26 7 1 35.055239198231 0.017103073900003 0.0092288693339163 1197.0791830408 0.40504168878389 57.628551426656 42.371448573344 2.7537294461419
27 12 1 35.15528539088 0.033284079431296 0.017977247266097 1197.0780077733 0.40402306883666 5675438.0 94.528633737167 45.34291450281 99.699653136903 14.299570030626 13.51718818024 6.4838418132562 14.256621720603
1 7 1 35.255360871041 0.021165227429715 0.011422402562903 1197.070358555 0.38289040876607 72.365165963584 27.634834036416 4.5144272844523
2 10 1 35.355433483146 0.033156843171296 0.01790797274178 1197.0780339203 0.40107790813403 6361.6768010836 0.21093312 6320.8179052894 0.209578368 12682.494706373 0.420511488
3 5 1 35.455503917485 0.033363781687033 0.018019965091565 1197.0789451407 0.3974563517273 85005.256369427
4 6 1 35.555571893231 0.020752466458105 0.01119739375158 1197.0809780317 0.40061974658502 0.0 0.0
5 7 1 35.655642687209 0.03376106638694 0.018232396487978 1197.0802443807 0.40256265344227 0.15433178467314 0.053473975557125 0.34648711974904
6 8 1 35.755719406632 0.033661709882146 0.018182263477422 1197.0805345797 0.38321541051769 11.57142885969 31.382837297977 5.3099980895416 99.908393160026
7 7 1 35.855793770733 0.021660236215683 0.011690737959622 1197.0754093907 0.39807081487891 55.0 8.4825785187953e-07 44.090909090909
8 10 1 35.955861069777 0.033763165340436 0.018235799927032 1197.0796965374 0.41139835924377 6695.1466700687 0.226049344 1.927781336368 6.5088e-05 6697.0744514051 0.226114432
9 19 1 36.05593905292 0.033496125370346 0.018090454418057 1197.0800597574 0.39545835903663 0.46820068359375 13.977756484284 0.0506591796875 1.512389242857 0.00020897939455998 0.0 0.0 0.00020897939455998 6946.5304845675 0.232681856 2.1208423127916 7.104e-05 6948.6513268803 0.232752896 3.0074813763005e-08
10 9 1 36.156017052369 0.020715200748138 0.011178122695156 1197.0836279251 0.40539926211444 0.00033791610736039 0.0 0.0 0.00033791610736039 0.0
11 7 1 36.256091870323 0.033400087150687 0.01803836422622 1197.0824185224 0.39377373319728 94408619.0 121374184.0 121366300.0
12 10 1 36.356168422156 0.034014551483845 0.018364070716549 1197.0827270922 0.38462004106741 10657.0 0.00010109849870105 32.866003565731 3.0 2.8459744403036e-08 44.333333333333
13 9 1 36.45624435164 0.021614008508763 0.011665728525587 1197.0803222575 0.0 0.4111850526865 0.287353515625 13.294781276157 0.03131103515625 1.4486454534131
14 10 1 36.55633904941 0.029998700850151 0.014844461788872 1097.3221271562 0.39527488366549 6006.6067827431 0.1801904 1.9883527722734 5.9648e-05 6009.9349268683 0.18029024
15 19 1 36.656431397294 0.018525097229084 0.0099856367352517 1197.0827452713 0.40103459336523 0.24658203125 13.310701056018 0.02685546875 1.4496803130317 1582.5069978027 0.0 0.0 1582.5069978027 6868.886161646 0.127246784 7.7248717364534 0.000143104 6876.6110333825 0.127389888 0.23012890944688
16 13 1 36.756538975048 0.020995589047868 0.010687041860144 1129.9011202273 0.41531209754507 203.0 0.28460693359375 13.555558405381 0.03338623046875 1.5901545030546 0.0 0.0 0.02978515625 1.418638752268
17 9 1 36.856644298034 0.033148179213056 0.017908258097995 1197.0789845584 0.39782153161001 0.13339108954028 7.0936677675368e-06 5.3179472421918e-05 3940.0 3.964404397744e-05
18 8 1 36.95671921473 0.033574457010356 0.018131824275117 1197.0740368081 0.39881169364246 0.066673508323672 1.2652515867102e-06 1.8976826306603e-05 14.998460785136
19 5 1 37.056790535032 0.021110180856894 0.011394706250978 1197.0731986013 0.42174214053752 6.2752613240418
20 6 1 37.156862555589 0.033584323994165 0.018137573070495 1197.0776658509 0.39716548246945 1.0 8.0
21 7 1 37.256939422672 0.033578419385234 0.018137285449548 1197.0780689996 0.3864041776185 88.018999024496 11.981000975504 6.1653151705969
22 7 1 37.357016190107 0.021326912073236 0.011514040408539 1197.0768758511 0.39566180452312 0.00024001396633553 0.00022848343858237 0.95195893001891
23 9 1 37.457103191412 0.033540397254824 0.018117614894422 1197.0816696504 0.39522926268806 1609.2154958671 0.0 0.0 1609.2154958671 0.0
24 6 1 37.557175458372 0.02105731205024 0.011371146698286 1197.0786376307 0.40370059669593 0.0 0.0
25 13 1 37.657250806273 0.021331546620533 0.011511158763708 1197.0779631882 0.39883186030973 2.5073222566106 101655820.0 59475892.0 44322.0 7128.0 0.043600061462295 0.016567669219529 58.507119415298 41.432712854021
26 7 1 37.757331015195 0.033134124287074 0.017898040080746 1197.0816545801 0.39852338576985 58.562732350239 41.437267649761 2.7218356427256
27 12 1 37.857411619992 0.021332601079692 0.011520230826631 1197.0744776415 0.42084224428821 3804566.0 93.876489460296 54.527796337348 99.647397364115 14.958592409274 14.042601426501 8.1565908038631 14.905848018148
1 7 1 37.957489178271 0.021174990235858 0.011431021679452 1197.0785716986 0.38456541289333 72.110843783486 27.889156216514 4.4127342683692
2 10 1 38.057575068046 0.032470957348008 0.01594900866323 1091.285904756 0.38608485719599 6010.2585183547 0.195158848 5954.2902270437 0.193341504 11964.548745398 0.388500352
3 5 1 38.157671455306 0.01678342964394 0.0090070814242579 1191.5346409348 0.41614070981961 40580.103503185
4 6 1 38.257744556593 0.020835575776467 0.011246429273072 1197.0815324322 0.38226647687922 0.0 0.0
5 7 1 38.357815977449 0.033747891082815 0.01822887618876 1197.0805371646 0.39954283369525 0.15292344635095 0.05443796820694 0.35598182950971
6 8 1 38.457900455843 0.021395358611581 0.011551142604864 1197.0817627676 0.39606563852048 13.987694409469 33.706966018266 7.5523395405029 99.906259178119
7 7 1 38.557973398599 0.021715540967936 0.011723399922643 1197.0767263322 0.39562304001007 50.0 7.6426643544652e-07 45.68
8 10 1 38.658040287274 0.033621711999652 0.018162415820264 1197.0769238963 0.40073250465366 6850.390485838 0.230321856 2.2347464043704 7.5136e-05 6852.6252322423 0.230396992
9 19 1 38.758126354604 0.021668244307574 0.011699202168511 1197.0745159185 0.3962230984326 0.3125 14.422026794795 0.03271484375 1.5098059300801 0.00032305340020342 0.0 0.0 0.00032305340020342 6924.0585379389 0.150032192 3.030425495851 6.5664e-05 6927.0889634347 0.150097856 4.6636242425741e-08
10 9 1 38.858228741591 0.016521854018904 0.0081708758349215 1099.1596324012 0.3931671468779 0.00042368126434181 0.0 0.0 0.00042368126434181 0.0
11 7 1 38.958309613626 0.033625951577712 0.01816425251781 1197.0758658559 0.40189967946388 93146028.0 119750472.0 119742262.0
12 10 1 39.058393864641 0.021402905604063 0.011554819170581 1197.074081616 0.39872935701006 11076.0 0.00017311902336113 30.572318526544 2.0 3.1260206457408e-08 51.5
13 9 1 39.158471595946 0.021755411119553 0.011745216990635 1197.0757833786 0.0 0.40031245139994 0.30218505859375 13.890110232031 0.03228759765625 1.4841180191365
14 10 1 39.258552571253 0.033084408893074 0.017869264397612 1197.0777749932 0.41366836338366 6254.570503852 0.206928768 2.0137582090502 6.6624e-05 6257.7565362923 0.207034176
15 19 1 39.358638942963 0.020768893917194 0.011211050537699 1197.0820072655 0.39830551173591 0.2884521484375 13.888662034077 0.03082275390625 1.4840825914534 1595.6352385509 0.0 0.0 1595.6352385509 6900.7137583457 0.143320192 1.6424562683023 3.4112e-05 6902.356214614 0.143354304 0.23117254296041
16 13 1 39.458720311427 0.020880894872961 0.011271732669303 1197.081258062 0.3965143377745 203.0 0.2886962890625 13.82585807835 0.03692626953125 1.7684237076959 0.0 0.0 0.03094482421875 1.4819682971931
17 9 1 39.558805744632 0.032772669457129 0.017251109457403 1167.1188342627 0.40661415844995 0.13339484896775 6.6298523032251e-06 4.9700961877682e-05 4230.0 4.5159863514722e-05
18 8 1 39.658902495155 0.016861411609349 0.008126278282001 1073.7649892276 0.39201115596428 0.066681537847954 2.403511521593e-06 3.6044632429946e-05 14.996654730432
19 5 1 39.758982907903 0.018317706672865 0.009885764777485 1197.079571482 0.39671819870464 6.1920289855072
20 6 1 39.859058879058 0.033143995800346 0.017903644839177 1197.0817408945 0.39734888659737 1.0 8.0
21 7 1 39.959144409194 0.020733953633911 0.01119137545311 1197.0776914798 0.38201090947406 88.204491931098 11.795508068902 6.1654918552993
22 7 1 40.059220017086 0.021009725504197 0.011341028935046 1197.0811068636 0.39105324834882 0.0003134469809 0.00016287946213102 0.5196395947517
23 9 1 40.15929588044 0.032773309923301 0.017702107256003 1197.0791248989 0.38189897337987 1665.2785491525 0.0 0.0 1665.2785491525 0.0
24 6 1 40.259374391718 0.020634790990165 0.01113897952247 1197.0777813229 0.39921032804479 0.0 0.0
25 13 1 40.359451299567 0.020621571297296 0.011130886276661 1197.0724487405 0.40256791997997 2.4840528774617 98297608.0 56977456.0 44975.0 7264.0 0.045753910919175 0.017261864602036 57.964234490833 41.972749733646
26 7 1 40.459531670643 0.033128820285035 0.017895562011135 1197.0806341158 0.38375567533123 60.816198159676 39.183801840324 2.5259465109274
27 12 1 40.559616006812 0.021289199758144 0.011493808652856 1197.0782245216 0.39919889166663 3542959.0 94.342017505706 43.464770549137 99.603777520429 13.962042351624 13.172072439524 6.0685696721069 13.90672160122
1 7 1 40.659694078733 0.021139117788937 0.011401646295319 1197.0806872799 0.42183055645531 66.306299212817 33.693700787183 4.3891127060347
2 10 1 40.759768065983 0.0333186048157 0.018108806899235 1208.5862413562 0.38352962098308 6694.4114026916 0.223048448 6659.0063187595 0.2218688 13353.417721451 0.444917248
3 5 1 40.859847976866 0.021308363919224 0.011507917479456 1197.0815963347 0.39531010414676 54580.060509554
4 6 1 40.959895505706 0.021394591320424 0.011548902332098 1197.0790678798 0.39329333509959 0.0 0.0
5 7 1 41.059964668172 0.033220891600351 0.017941293741776 1197.0776353175 0.38202889333735 0.15532151055664 0.053999466551007 0.34766251214969
6 8 1 41.160054539345 0.019619676565543 0.0097033107309361 1097.3253975584 0.38863514420972 11.350954373148 32.280234450942 6.0821799433945 99.883170371842
7 7 1 41.260137116271 0.029516478740318 0.015936727928194 1197.0810426331 0.38229805346415 47.0 5.1067849929756e-07 55.468085106383
8 10 1 41.360205890108 0.03352956277756 0.018109272528107 1197.0813425167 0.38452128835325 7135.1615762826 0.239238848 2.8402398394451 9.5232e-05 7138.001816122 0.23933408
9 19 1 41.460284670437 0.021609483574487 0.011661968617737 1197.0863354071 0.41219851981988 0.30181884765625 13.966962542899 0.0322265625 1.4913157174218 0.00032393185037816 0.0 0.0 0.00032393185037816 6692.9784555683 0.144631808 2.1916303477013 4.736e-05 6695.170085916 0.144679168 4.838291577679e-08
10 9 1 41.560363544978 0.033451528270371 0.018065335823946 1197.0804969461 0.39720043556951 0.00020925800290566 0.0 0.0 0.00020925800290566 0.0
11 7 1 41.660436370874 0.033563076279765 0.01811861817064 1197.0792861024 0.39877421372165 93638120.0 120384332.0 120377423.0
12 10 1 41.760512238757 0.021198320597685 0.011440278997442 1197.0849889711 0.42143215963394 11456.0 0.00019114848050557 31.452164804469 2.0 3.3370893943011e-08 53.5
13 9 1 41.860588393809 0.033577922956009 0.018136380009746 1197.0764682677 0.0 0.39753168350203 0.46697998046875 13.907351597672 0.050537109375 1.505069549454
14 10 1 41.960669613707 0.033256113616278 0.017960193835119 1197.0783717233 0.40111265992556 6461.2220922538 0.214875136 2.1207529182086 7.0528e-05 6464.4494086275 0.214982464
15 19 1 42.060749135056 0.021484932380592 0.011595321635335 1197.0777717265 0.39561369522611 0.2890625 13.454196405157 0.0316162109375 1.4715527318141 1606.1861582201 0.0 0.0 1606.1861582201 6938.3307966406 0.149069568 1.4685640820775 3.1552e-05 6939.7993607227 0.14910112 0.23144561891956
16 13 1 42.160830685604 0.033408506517885 0.018042299877262 1197.0796978451 0.39577005688706 203.0 0.4547119140625 13.610662716068 0.059814453125 1.7903959009056 0.0 0.0 0.0496826171875 1.4871247585073
17 9 1 42.272936754825 0.032907872137953 0.017790620224605 1197.0767572287 0.40722538520743 0.13339186009398 6.3969904907233e-06 4.7956378194414e-05 5614.0 5.8205355939904e-05
18 8 1 42.373008607792 0.020746310916884 0.011199001258261 1197.0885751885 0.39839931184357 0.066677658125706 1.9658297538581e-06 2.9482585458416e-05 14.99752732939
19 5 1 42.473081267003 0.032710264317518 0.017667388916443 1197.0782396101 0.39872594075327 6.165191740413
20 6 1 42.573153297525 0.033516854008201 0.01810288417245 1197.0772518273 0.39852879494197 1.0 8.0
21 7 1 42.673241856966 0.020471837190904 0.009707716540315 1053.7909410971 0.39107084754328 86.955779467407 13.044220532593 6.4711866525316
22 7 1 42.773328995967 0.029541569251754 0.01595234008381 1197.0775972873 0.39817990460134 0.00031221820046323 0.00022640059068593 0.72513578756789
23 9 1 42.873409399656 0.021235869852081 0.011471001897037 1197.0796596503 0.41732420340338 1523.9611198139 0.0 0.0 1523.9611198139 0.0
24 6 1 42.973483265516 0.021609382114499 0.011660749739045 1197.0771841123 0.39600073698832 0.0 0.0
25 13 1 43.073559247542 0.033250354856081 0.017961409996133 1197.0841322557 0.40056976324329 2.4964440448608 158618424.0 92399887.0 48971.0 9184.0 0.030873462719564 0.013448626875778 58.25293472844 41.702743181965
26 7 1 43.173643819243 0.033989790717369 0.017646572859938 1152.9673980819 0.40444512480281 57.708129084412 42.291870915588 2.7263852196031
27 12 1 43.273730493521 0.021230227952048 0.01146065750775 1197.0777103914 0.39650197032918 3551339.0 94.612257517517 40.692538786075 99.604430892123 14.035548322179 13.279349122575 5.7114209448409 13.980028028895
1 7 1 43.373813352179 0.033123190161608 0.017890309644983 1197.0754015369 0.4021751280526 69.174165449357 30.825834550643 4.6898556697854
2 10 1 43.473887229816 0.021260080741659 0.011480146884326 1197.0837646948 0.38489378753297 6628.3759555 0.140919808 6580.6711507852 0.1399056 13209.047106285 0.280825408
3 5 1 43.57395855193 0.020855582417802 0.011257513776734 1197.0805268025 0.40050634616661 52118.692913386
4 6 1 43.674031106058 0.033191725477443 0.017914377856453 1197.080269068 0.41396465352859 0.0 0.0
5 7 1 43.774103155603 0.020942521850702 0.011308766923673 1197.0814351472 0.39864791201284 0.15299294083504 0.054496008782059 0.35619949838612
6 8 1 43.874180353337 0.02111922257241 0.01139881311575 1197.0773846743 0.39827151588771 14.12226025337 33.934822654223 7.9678582807338 99.909572158731
7 7 1 43.974253855935 0.033015943330981 0.017833037746628 1197.0818162143 0.41160184060438 50.0 5.227195832846e-07 46.1
8 10 1 44.074327272473 0.021267589686646 0.011481828221266 1197.0823819016 0.39631615401541 6919.707694587 0.147165504 0.99606962105828 2.1184e-05 6920.7037642081 0.147186688
9 19 1 44.174409205308 0.021025881195462 0.011349436072692 1197.0717789187 0.40340198694352 0.30450439453125 14.482360653544 0.03240966796875 1.5414178206117 0.00033292302638478 0.0 0.0 0.00033292302638478 6935.8847148569 0.145833088 11.332319334679 0.000238272 6947.2170341916 0.14607136 4.7921782887487e-08
10 9 1 44.274508314776 0.016535927062741 0.0081797010420706 1097.3265925876 0.38934843087641 0.00042332068673503 0.0 0.0 0.00042332068673503 0.0
11 7 1 44.374600005888 0.025139053698837 0.013569245626722 1197.0853913323 0.39604058184619 70614053.0 90781994.0 90774658.0
12 10 1 44.474679519084 0.020624055255211 0.011130906206301 1197.0770220083 0.40312843907479 10766.0 0.00017660950627653 30.92866431358 2.0 3.2808750933778e-08 50.0
13 9 1 44.574758149035 0.032790919572426 0.017712424468508 1197.0831308617 0.0 0.3899578365842 0.4683837890625 14.283947970046 0.05035400390625 1.5356081672255
14 10 1 44.674844262565 0.02112099631041 0.011402719325279 1197.0794788054 0.39465410330799 6567.0174816344 0.138701952 2.0483882182526 4.3264e-05 6570.9960818276 0.138785984
15 19 1 44.774924995998 0.021388354248855 0.01154460387101 1197.0784984856 0.40039593143673 0.29351806640625 13.723265614135 0.031494140625 1.4724901345173 1587.1933672417 0.0 0.0 1587.1933672417 6853.2966255618 0.146580736 3.4560863888794 7.392e-05 6856.7527119506 0.146654656 0.23147886965143
16 13 1 44.87501415514 0.033051685329345 0.017852601406409 1197.0831106695 0.39372978950255 203.0 0.45916748046875 13.892407479176 0.06353759765625 1.9223708873882 0.0 0.0 0.0498046875 1.5068728569729
17 9 1 44.975105742981 0.021430233670586 0.011569731071102 1197.0833852446 0.38637887453888 0.13340672079786 9.348143515422e-06 7.0072508037929e-05 4608.0 6.9702662328584e-05
18 8 1 45.075178519052 0.020950327928509 0.01130822384097 1197.0813492156 0.40707322842412 0.066677779173318 2.0381443774844e-06 3.0567070510651e-05 14.997500102705
19 5 1 45.175250201711 0.033585488066346 0.018172141031858 1200.0228857577 0.3953192937904 6.2731707317073
20 6 1 45.27532766306 0.021260820856034 0.011476816822585 1197.0805061913 0.39681578108691 1.0 8.0
21 7 1 45.375402635922 0.02099261590787 0.011331578208955 1197.0780674772 0.39565426377678 86.077824056081 13.922175943919 6.978657156024
22 7 1 45.475477765503 0.033312157577014 0.017995494663716 1197.0819177738 0.39555304189249 0.00024139432067593 0.00023023555791441 0.95377371459994
23 9 1 45.575558855858 0.020799793012928 0.011227892895666 1197.0805957917 0.40559817990938 1566.9663145081 0.0 0.0 1566.9663145081 0.0
24 6 1 45.675631328455 0.025108022342761 0.013558401637584 1197.0775411542 0.39543211539238 0.0 0.0
25 13 1 45.775720946885 0.031826862168963 0.015449487172541 1078.4486556115 0.39183519270541 2.5520933765432 136435464.0 81250946.0 64408.0 9508.0 0.047207667355461 0.015688003230597 59.552658537519 40.384445791895
26 7 1 45.875813177003 0.017574749606466 0.0094850009964829 1197.0848230838 0.4072835089598 57.309290614422 42.690709385578 2.7411063806301
27 12 1 45.975892167499 0.020709660308093 0.011177773020555 1197.0824761584 0.39585256821085 3432530.0 94.604562815183 40.920021092314 99.585174783614 13.909318197318 13.158849671145 5.6916959401395 13.851618838008
1 7 1 46.075973015981 0.033150215659953 0.017907194126963 1197.0848908603 0.3985248609265 69.739354408547 30.260645591453 4.7682020198316
2 10 1 46.176053525659 0.020944456837611 0.011304952209312 1197.0794425428 0.40512896961259 6295.3737603367 0.131853184 6251.8483537307 0.130941568 12547.222114067 0.262794752
3 5 1 46.276123910173 0.021045953061075 0.011359674925474 1197.0816792502 0.39824488743219 53479.888535032
4 6 1 46.376196955295 0.033406711038459 0.018046808958415 1197.0820428367 0.39331739595763 0.0 0.0
5 7 1 46.476274898579 0.021228860959891 0.011461369992396 1197.0813292045 0.42117334373016 0.15255910908172 0.053732587299563 0.35220831861819
6 8 1 46.576351426858 0.021196010571178 0.011442233913991 1197.0862206842 0.39580440314916 13.851970476354 33.691000061951 7.4016384827913 99.893000435242
7 7 1 46.676426356237 0.032920486694466 0.017773736648518 1197.0794331074 0.38731335317363 58.0 5.7247761550834e-07 39.224137931034
8 10 1 46.776504126495 0.021682613578339 0.01170459223036 1197.0804234596 0.39571666637494 6943.9422261535 0.150562816 2.3170638455776 5.024e-05 6946.2592899991 0.150613056
9 19 1 46.876583154132 0.033370524246755 0.01802289248398 1197.079788151 0.38184776710816 0.45550537109375 13.64993153016 0.05078125 1.521739653369 0.0002097659583721 0.0 0.0 0.0002097659583721 7172.7069742776 0.239356992 2.6428113429646 8.8192e-05 7175.3497856205 0.239445184 2.9234248453291e-08
10 9 1 46.97666179586 0.033500306065377 0.018095162342668 1197.0821001732 0.39614690000739 0.00020895331482463 0.0 0.0 0.00020895331482463 0.0
11 7 1 47.076733213998 0.02118719895242 0.011432188922257 1197.0777680641 0.39868923979949 59099381.0 75977520.0 75970657.0
12 10 1 47.176808509357 0.033469687796394 0.018075172007402 1197.0824920515 0.39837833331468 17755.0 0.00017724775181617 30.50813855252 2.0 1.9965953457186e-08 51.0
13 9 1 47.276887142025 0.033587978365509 0.017496078256585 1155.2183021139 0.0 0.40124710998242 0.48712158203125 14.502855061127 0.0517578125 1.5409624222323
14 10 1 47.376977463428 0.01692164079458 0.0090657352619997 1190.9526241116 0.39975115802334 6431.2212580981 0.108826816 2.6739723735593 4.5248e-05 6436.1039997307 0.10890944
15 19 1 47.47706117906 0.033741464679663 0.01822388471972 1197.0866012834 0.39888978335021 0.46875 13.892402254919 0.05072021484375 1.5032013377392 1594.2424702275 0.0 0.0 1594.2424702275 6899.5359333147 0.232800448 3.529900113429 0.000119104 6903.0658334281 0.232919552 0.23094701813612
16 13 1 47.57714562303 0.033269735525527 0.017967830058037 1197.0828384152 0.39948243530371 203.0 0.4520263671875 13.586713571578 0.05743408203125 1.7263161586356 0.0 0.0 0.050048828125 1.5043350160268
17 9 1 47.677225362699 0.021517390517745 0.011601211297035 1197.0839904271 0.39537982035087 0.13340927736137 9.8332568310068e-06 7.3707443931141e-05 3393.0 5.2377143528424e-05
18 8 1 47.777296588788 0.033271313590694 0.017968954723883 1197.0809956379 0.39993990103804 0.066673575080015 1.2400060927649e-06 1.8598164134393e-05 14.998445768056
19 5 1 47.877368066716 0.03357319238408 0.018133905110759 1197.0890937786 0.41124357401019 6.1318051575931
20 6 1 47.977436424748 0.021248979026035 0.011467486580229 1197.0830036289 0.39545099951061 1.0 8.0
21 7 1 48.077512667671 0.033506439865172 0.018096117153624 1197.083980918 0.40179657501676 85.850976501607 14.149023498393 7.009248834441
22 7 1 48.177589179645 0.033374550034126 0.018025129586121 1197.0888072689 0.39509276740766 0.00023528082606131 0.00022447605940861 0.95407714757903
23 9 1 48.2776626451 0.020921124663998 0.011295053972203 1197.084040131 0.39920404589884 1592.3014911969 0.0 0.0 1592.3014911969 0.0
24 6 1 48.377734146581 0.021115920593344 0.011395080384683 1197.0792717961 0.40464464534212 0.0 0.0
25 13 1 48.477809739073 0.020947528719919 0.01131041610142 1197.0790194495 0.39514076195024 2.53074371539 99883048.0 58984543.0 44553.0 7052.0 0.044605166634482 0.016828681479564 59.053607374897 40.884958776989
26 7 1 48.577887525637 0.021070048902274 0.011374030607849 1197.080153096 0.39981498898134 58.378597317978 41.621402682022 2.7204535391982
27 12 1 48.677966312307 0.032249781821846 0.017412081616277 1197.0836736742 0.41316657726791 5624141.0 94.250677570139 51.047333272761 99.71211603692 14.630268387158 13.789127085226 7.4683618622918 14.588150190715
1 7 1 48.778064537624 0.018662201378786 0.0097426722237744 1158.9924472581 0.39621350833456 70.127095713843 29.872904286157 4.7724368996433
2 10 1 48.878159797953 0.0011468729012192 0.0005578233890983 1097.3946490821 0.38664877126061 5981.6776494651 0.006860224 5687.3677920771 0.006522688 11669.045441542 0.013382912
3 5 1 48.97823872866 0.019262372536168 0.010392524804175 1197.0753584379 0.40918773221071 47618.0
4 6 1 49.078310008197 0.02108028096086 0.011384421197666 1197.0869730228 0.38502609932775 0.0 0.0
5 7 1 49.178381072131 0.021540874881339 0.01163063378759 1197.0844256711 0.39667432680434 0.15290279608774 0.054507473353655 0.35648447738246
6 8 1 49.278458519892 0.033394306649063 0.018040341790088 1197.0847028075 0.4116872746651 14.64884428428 35.61717255893 10.461150679423 99.91755226592
7 7 1 49.378532539754 0.021131329828984 0.011410779506002 1197.083580997 0.39537796669337 49.0 7.6902421922501e-07 44.387755102041
8 10 1 49.478599180214 0.021416934259156 0.011562570441877 1197.0789011912 0.40284541632133 6826.8250829362 0.146209664 2.6506127960743 5.6768e-05 6829.4756957322 0.146266432
9 19 1 49.578678639962 0.033093071039529 0.017876604846548 1197.0836408233 0.3982159385594 0.454345703125 13.729330305498 0.0491943359375 1.4865448987415 0.00021152464186955 0.0 0.0 0.00021152464186955 6896.4188825931 0.22822368 1.2918716413153 4.2752e-05 6897.7107542344 0.228266432 3.0665919376179e-08
10 9 1 49.678758369667 0.021482442081428 0.011602403451891 1197.0857683458 0.39626882901003 0.00032584749785276 0.0 0.0 0.00032584749785276 0.0
11 7 1 49.778832981077 0.02120225217221 0.011445543593145 1197.0826292509 0.39901793530848 59118122.0 76002213.0 75996330.0
12 10 1 49.878911349224 0.033416173994103 0.018049831922514 1197.0817300071 0.38379482307865 10478.0 0.00010091393274309 32.374594388242 2.0 1.926206007694e-08 49.0
13 9 1 49.978994630934 0.021000266172125 0.011336982312142 1197.0832617755 0.0 0.39999248897837 0.2901611328125 13.817021671737 0.03082275390625 1.467731582715
14 10 1 50.079074992951 0.021167711387629 0.011426378526173 1197.0892269883 0.42083683484633 6140.7519036738 0.129985664 2.2313229396922 4.7232e-05 6144.751958212 0.130070336
15 19 1 50.179155863175 0.033285596801649 0.017980899825656 1197.0850124287 0.39724950273057 0.4683837890625 14.071665647266 0.05047607421875 1.5164539341007 1601.1127671101 0.0 0.0 1601.1127671101 6914.6890581995 0.230159552 1.6016537218092 5.3312e-05 6916.2907119213 0.230212864 0.23149876628962
16 13 1 50.279244641842 0.021341216119723 0.011522673566425 1197.084130287 0.39621455381535 203.0 0.30059814453125 14.085333415158 0.03680419921875 1.724559603927 0.0 0.0 0.032470703125 1.5215020054546
17 9 1 50.379339215505 0.021134587419306 0.010214677675195 1072.8136185085 0.39468875471451 0.13342065680606 9.4683463991555e-06 7.0966120433048e-05 4721.0 8.2624886045126e-05
18 8 1 50.479429762474 0.016418854013479 0.0085608182741048 1159.579514998 0.39003168246677 0.066680729603081 2.3525358313907e-06 3.5280595239348e-05 14.996836506627
19 5 1 50.579510101844 0.021607024075677 0.01166532087385 1197.0802248824 0.40260080375377 6.198606271777
20 6 1 50.679583279226 0.020947830382204 0.011298448352329 1197.0821949561 0.3960611694674 1.0 8.0
21 7 1 50.779660893671 0.032914873783001 0.017777145069981 1197.0822497517 0.39594927460181 86.02590178831 13.97409821169 7.0400076503335
22 7 1 50.879754681019 0.020415412755215 0.011018227189813 1197.089290911 0.40576390222285 0.00045765407148452 0.0002472652476124 0.54028853454822
23 9 1 50.979832385147 0.020888871258606 0.011274860716962 1197.0823187442 0.39585217727361 1605.3900943156 0.0 0.0 1605.3900943156 0.0
24 6 1 51.079907041852 0.032938879034925 0.017791816003032 1197.0842418255 0.39837567331439 0.0 0.0
25 13 1 51.179988519929 0.021404086888206 0.011557781439866 1197.0836901399 0.40834715073742 2.4488967247455 102067548.0 58325180.0 46573.0 6640.0 0.045629586398999 0.015478964969355 57.143706440366 42.795185008265
26 7 1 51.280067491401 0.02131706592496 0.011507192312312 1197.0884253321 0.39869403259416 58.541189090516 41.458810909484 2.711910171955
27 12 1 51.380146861466 0.033215801389001 0.017942846894892 1197.0893031178 0.39860387097005 5559429.0 94.548145142244 42.675174015173 99.685579220456 14.03413416642 13.269013541124 5.9890911770428 13.990007932372
1 7 1 51.480232716817 0.02142891287896 0.011568922108878 1197.086183209 0.42081061145636 66.485759656164 33.514240343836 4.3644338801091
2 10 1 51.580301716222 0.021670472803733 0.011958034750305 1227.5484997799 0.38789067982721 6721.3034675879 0.145653824 6680.2374507981 0.144763904 13401.540918386 0.290417728
3 5 1 51.680369182856 0.035219804643196 0.01992802162126 1256.6731432559 0.39348361102878 94955.47133758
4 6 1 51.780448227705 0.021459285651008 0.011615790281971 1201.8161271694 0.39512279449428 0.0 0.0
5 7 1 51.880519989177 0.02137616093247 0.011539936258627 1197.0888554728 0.3884278056281 0.15481744220664 0.053972834907965 0.34862244291523
6 8 1 51.980615482321 0.018426336801718 0.0091178974723108 1097.3309130619 0.39742479873528 13.297905951419 34.185004296035 7.4214095921191 99.882763164902
7 7 1 52.080703913125 0.017453561992343 0.0094180518988495 1197.09617856 0.39673405186052 49.0 9.3493467163062e-07 46.081632653061
8 10 1 52.180773690692 0.021008842258768 0.011338318050999 1197.0906985687 0.40025850453042 6875.3039420683 0.144442176 3.253487229715 6.8352e-05 6878.557429298 0.144510528
9 19 1 52.280854926896 0.032983931798951 0.017816027798502 1197.0851084347 0.40540013561561 0.4556884765625 13.815468675478 0.04888916015625 1.4822114129464 0.00021222454747565 0.0 0.0 0.00021222454747565 6790.6868521697 0.223983552 2.8503575793529 9.4016e-05 6793.537209749 0.224077568 3.1239182317438e-08
10 9 1 52.380943293381 0.021299966293452 0.011498853116622 1197.085892888 0.39900265003353 0.000328639017713 0.0 0.0 0.000328639017713 0.0
11 7 1 52.481017365786 0.021109560320362 0.011394091602749 1197.0893323512 0.4004163547272 58648392.0 75397588.0 75390697.0
12 10 1 52.581101766273 0.033322275493114 0.017996187671668 1197.0904416761 0.41367137520982 17746.0 0.00018476606981965 31.291220556745 2.0 2.0823404690595e-08 56.5
13 9 1 52.681177489213 0.025086401400549 0.013540474473051 1197.0866724563 0.0 0.39566163664372 0.3436279296875 13.697776903146 0.037109375 1.4792625856328
14 10 1 52.781259027986 0.032851156004798 0.017739146039836 1197.0871716329 0.39505615462742 6561.3647193577 0.215548416 2.8618779803751 9.4016e-05 6565.4617441315 0.215683008
15 19 1 52.881344206635 0.032783801067214 0.017705936464648 1197.0874880204 0.40236828254369 0.45428466796875 13.856985864372 0.04962158203125 1.5136006325049 1580.3942286551 0.0 0.0 1580.3942286551 6837.0078118904 0.224143104 3.9238891102426 0.00012864 6840.9317010006 0.224271744 0.23102031970644
16 13 1 52.981424765231 0.021668463533619 0.011694360171774 1197.0830738248 0.38886931620951 203.0 0.30322265625 13.993731294309 0.0391845703125 1.808368657598 0.0 0.0 0.0333251953125 1.5379583910413
17 9 1 53.081505476923 0.033339634209948 0.018004785499737 1197.0867198849 0.38809902601815 0.13338875824149 6.1704731456322e-06 4.6259319203356e-05 3815.0 3.7247397231941e-05
18 8 1 53.181577412326 0.033705364853663 0.018203978179533 1197.0910198628 0.38353750900747 0.066673206853874 1.1737981904994e-06 1.7605245733447e-05 14.998528602227
19 5 1 53.281645092751 0.021254705174093 0.011470539438789 1197.0879889765 0.39990666314686 5.9337748344371
20 6 1 53.381716646773 0.032855806858166 0.017742950789377 1197.0862432676 0.41377328270293 1.0 8.0
21 7 1 53.481805414569 0.019963354156205 0.0093222519289841 1037.2638925528 0.39249161252369 87.05589253503 12.94410746497 6.6606508483729
22 7 1 53.581891376816 0.017889706773452 0.009649826823106 1197.0929324659 0.40174081284233 0.00036741607425369 0.00024013567901569 0.65357967667436
23 9 1 53.681966819836 0.025039149128931 0.013518589010157 1197.08545291 0.41696713620507 1524.5145433434 0.0 0.0 1524.5145433434 0.0
24 6 1 53.794063234051 0.03282330523816 0.017743450389227 1197.0894617985 0.38234383884306 0.0 0.0
25 13 1 53.894138784872 0.020737860749332 0.011194474059254 1197.0901094269 0.40294863092326 2.4817059130062 98859156.0 57248842.0 45362.0 7032.0 0.045885481765594 0.016356603327667 57.909499045288 42.028258869619
26 7 1 53.994217981912 0.032595202350155 0.017604537624655 1197.0879191547 0.40128621709003 58.159288738449 41.840711261551 2.7366439736434
27 12 1 54.094296161634 0.020715088417438 0.011187081521485 1197.0920946404 0.39243009103529 3311866.0 94.626775358665 38.703588852931 99.587694671222 13.409196068355 12.688689841006 5.1898401147796 13.353909238419
1 7 1 54.194374307837 0.018628204129853 0.010050046162567 1197.0871853393 0.39121395953119 71.013295875516 28.986704124484 4.3972952831543
2 10 1 54.294447998861 0.033338487349729 0.018005055455776 1197.0896458683 0.39776096333185 6414.4654721936 0.213848576 6375.7508182724 0.212557888 12790.216290466 0.426406464
3 5 1 54.394540816903 0.016198362436341 0.008630061545122 1183.3626370386 0.39707753615645 40298.913385827
4 6 1 54.494616066062 0.021101413626881 0.011557659144345 1220.2728760014 0.39802631081225 0.0 0.0
5 7 1 54.594683864253 0.035642708895903 0.020555410326247 1280.0711594765 0.39096227485387 0.1531571470225 0.054151874166148 0.35357066398079
6 8 1 54.694756480887 0.036036354624641 0.020729957287947 1276.9610532532 0.39452569153998 13.400005807689 32.878914074891 8.2056725128042 99.898000548999
7 7 1 54.794827292078 0.023954080760431 0.01364000264452 1266.4197982921 0.39265430798251 60.0 7.8233714302836e-07 51.666666666667
8 10 1 54.894899225669 0.032808332642824 0.017714933791419 1197.0862734716 0.39588260848432 6934.0316216819 0.227494016 2.6705410772883 8.7616e-05 6936.7021627592 0.227581632
9 19 1 54.994987324916 0.020566057283818 0.010353610369408 1117.6501006939 0.39853689143199 0.3076171875 14.957518753098 0.03155517578125 1.5343327768555 0.00034036664895939 0.0 0.0 0.00034036664895939 6814.0796296558 0.140138752 66.287085618139 0.001363264 6880.366715274 0.141502016 4.946925985846e-08
10 9 1 55.09508763288 0.016361165857406 0.0080768627385012 1097.3288163334 0.39371285447632 0.00042784237144271 0.0 0.0 0.00042784237144271 0.0
11 7 1 55.195167762083 0.031940964795905 0.017246454980465 1197.086273036 0.39643305792889 89659460.0 115268340.0 115260032.0
12 10 1 55.295248102359 0.021109643662495 0.011396430164877 1197.0928927581 0.40171580190298 11122.0 0.00017757415628965 30.911796439489 2.0 3.1932054718514e-08 55.0
13 9 1 55.39532718888 0.020989101949901 0.011323899862025 1197.0928008768 0.0 0.39914885708946 0.28826904296875 13.734224725613 0.031005859375 1.4772361127698
14 10 1 55.495409239481 0.033288747496625 0.017975706795479 1197.0867667535 0.39890231671333 6497.4094931606 0.216290624 2.7338967922787 9.1008e-05 6501.4988029195 0.216426752
15 19 1 55.595496961877 0.020789381587578 0.011275117537556 1206.4077593313 0.40886410856671 0.27459716796875 13.208529883969 0.030029296875 1.444453590334 1561.7689666825 0.0 0.0 1561.7689666825 6760.2203272836 0.1405408 1.4468924856319 3.008e-05 6761.6672197693 0.14057088 0.23097394709345
16 13 1 55.695580110421 0.029187727544462 0.015758715020842 1197.0852401668 0.39753403584565 203.0 0.39874267578125 13.661312795724 0.05206298828125 1.7837287333158 0.0 0.0 0.04296875 1.4721512640731
17 9 1 55.795663240846 0.032946522957931 0.017791935127928 1197.0907366464 0.3855843862238 0.13339000351803 7.5879163423683e-06 5.6885194859021e-05 5755.0 5.6492184411811e-05
18 8 1 55.89574488289 0.021210895294917 0.011445395479681 1197.08604349 0.38817558161015 0.066677138344044 1.7819773727278e-06 2.6725462684573e-05 14.997644242621
19 5 1 55.995816925189 0.020882330712966 0.011296123378591 1201.7819013051 0.38249353624417 6.2211221122112
20 6 1 56.095889869756 0.033272075446495 0.018054841962356 1206.0024779132 0.38815350931015 7.0 8.0
21 7 1 56.195973627966 0.021217765585516 0.011451404266277 1197.0811725784 0.39761058694057 86.172574505585 13.827425494415 6.9194139629155
22 7 1 56.296051744275 0.021137229908451 0.011406281295563 1197.0857557899 0.39970835193527 0.00033407921166512 0.0002352892191112 0.70429170955737
23 9 1 56.396128421121 0.028737152797773 0.015710447243453 1214.3486783581 0.41135023593367 1564.8015068314 0.0 0.0 1564.8015068314 0.0
24 6 1 56.496204354228 0.021367274124614 0.012023441565535 1257.1424504984 0.38344519950877 0.0 0.0
25 13 1 56.596290370828 0.019212746825551 0.0096422571833054 1116.4463757361 0.38187920677871 2.6186290906891 85151424.0 52032847.0 73042.0 8824.0 0.085778953033128 0.023473477084775 61.10625583901 38.784491730872
26 7 1 56.696380145977 0.018404327231517 0.0099347074449704 1197.0935205223 0.40664703603898 57.398028898055 42.601971101945 2.6332580714432
27 12 1 56.796467529569 0.021166169558172 0.011421808750207 1197.0910047681 0.38267791596003 2988933.0 94.248214998463 29.824255010065 99.477673136199 11.85299451066 11.171235750162 3.5350673091882 11.791083136166
1 7 1 56.89655739259 0.020833613612775 0.01124037247416 1197.0837854249 0.4033524771492 68.995264449457 31.004735550543 4.6653773601495
2 10 1 56.996635564159 0.033296664999241 0.017981706976094 1197.0845957912 0.40572265181194 6288.4856487811 0.2093856 6253.601194136 0.208224064 12542.086842917 0.417609664
3 5 1 57.096716197038 0.020742632992327 0.011192624679209 1197.0904722623 0.39626109553489 52957.168789809
4 6 1 57.196787711201 0.021787784102788 0.011758803570067 1197.0880250285 0.40546774821816 0.0 0.0
5 7 1 57.296860332365 0.03339747365011 0.018035260184719 1197.0908476347 0.39773928111784 0.15299505865183 0.054548946525043 0.35654057722989
6 8 1 57.396944597874 0.021118647330515 0.01139701944811 1197.0883371432 0.3870380779625 12.032634815997 31.603068155019 6.0234651018072 99.892452742755
7 7 1 57.497018463735 0.021674388978082 0.011725064500568 1201.4912585075 0.40725312174004 54.0 8.4955153433098e-07 51.462962962963
8 10 1 57.597086590765 0.033181663726693 0.01791945719709 1197.0860097663 0.39786296353802 6899.4172771341 0.228934144 1.6587474471849 5.504e-05 6901.0760245813 0.228989184
9 19 1 57.697173371938 0.025245635604187 0.013628758250788 1197.0872170224 0.3973714687614 0.3446044921875 13.650062038063 0.03759765625 1.4892735061011 0.00027727564913592 0.0 0.0 0.00027727564913592 6898.9882738825 0.174169344 2.2866526676169 5.7728e-05 6901.2749265501 0.174227072 4.0177453019471e-08
10 9 1 57.79725331181 0.021144811324857 0.011412450425176 1197.083467092 0.40563081747327 0.00033105048290362 0.0 0.0 0.00033105048290362 0.0
11 7 1 57.897330199728 0.033413798743318 0.018050843351767 1197.0903671406 0.39571972285994 94009407.0 120860920.0 120852920.0
12 10 1 57.997414675405 0.021086115816049 0.011383176953977 1197.089187866 0.391644688204 7130.0 0.00011111305043816 32.676016830295 3.0 4.6751634125451e-08 37.666666666667
13 9 1 58.097506284987 0.020603255051828 0.009753420641227 1050.8781946486 0.0 0.39031662256168 0.30120849609375 14.619461601385 0.0306396484375 1.487126590455
14 10 1 58.197609220945 0.016723573686521 0.0083927081333246 1115.4264373449 0.39392559054101 6113.9812528472 0.102247616 2.1469095465485 3.5904e-05 6118.3745722045 0.102321088
15 19 1 58.29770539985 0.020816823796587 0.011233720503713 1197.0876270979 0.40580896294357 0.2890625 13.886004071735 0.0306396484375 1.471869519428 1565.6833779485 0.0 0.0 1565.6833779485 6809.5906169528 0.141754048 4.5071237051726 9.3824e-05 6814.097740658 0.141847872 0.2297711945936
16 13 1 58.397785909528 0.021172194650838 0.011425807360796 1197.0909346099 0.39586685839463 203.0 0.289306640625 13.664461592013 0.03851318359375 1.8190454144642 0.0 0.0 0.03106689453125 1.4673440823491
17 9 1 58.498405402744 0.033655116794727 0.014658461172216 1197.0866615819 0.39736903534312 0.13400119808198 6.6918921121121e-05 0.00049939046873431 21774.0 0.00026735643825528
18 8 1 58.599235444458 0.019917251462484 9.0829336358167e-06 1253.1801722303 4.0162227117965 0.20208291608252 0.024834768676147 0.12289395441031 4.9484638255699
