1 7 2 0.10067692805365 0.10069393991144 0.10069393991144 0.0014292143528726 2.1970215153533e-05 997.48696793435 996.77599196175 1.4211619004729 5.6976744186047 32.894073879247 10.577200577201 67.105926120753 89.422799422799 9.6074068024989 21.400592007893
2 10 2 0.20102459092486 0.0076120540948219 0.0076120540948219 0.0 1.0292622337233e-05 - 1095.223608671 - 2.902797292119 0.0 7.6930614615358 0.0 5.856e-05 0.0 0.85758717931874 0.0 6.528e-06 0.0 8.5506486408545 0.0 6.5088e-05
3 5 2 0.30134264948596 0.012087754224132 0.012087754224132 0.0 9.5091040478989e-06 - 999.80467917773 - 2.6959424756035 - 2.0029211295034
4 6 2 0.40165748882857 0.0045049774450877 0.0045049774450877 0.0 8.8859126223936e-06 - 999.74037860971 - 2.8414192614048 0.0 0.0 0.0 0.0
5 7 2 0.50198544508255 0.00449342666448 0.00449342666448 0.0 9.9389068551696e-06 - 995.60954242574 - 2.4710055173967 - 0.30424501745299 - 0.11406373156176 - 0.37490747594375
6 8 2 0.60236087439266 0.0034763791638499 0.0034763791638499 0.0 8.9461484215158e-06 - 995.9447539037 - 2.6567585743107 - 68.171923252164 - 20.76140333114 - 15.430567508733 - 57.358375942895
7 7 2 0.70268962231715 0.003238256633201 0.003238256633201 0.0 8.8646262873654e-06 - 995.23246565881 - 2.8346125995655 0.0 38.0 - 0.0055032585083273 - 38.447368421053
8 10 2 0.80298013183172 0.0022171366490693 0.0022171366490693 0.0 9.5389954970874e-06 - 997.01292037518 - 3.0462829042522 334.61536992383 0.0 0.000741888 0.0 1.3567048297464 0.0 3.008e-06 0.0 335.97207475357 0.0 0.000744896 0.0
9 19 2 0.90337032842353 0.0033586448977091 0.0033586448977091 0.0 1.0815722698032e-05 - 1000.246462128 - 2.4739459235471 0.03729248046875 0.0 11.10343058124 0.0 0.00189208984375 0.0 0.56334917842626 0.0 0.0 0.0056570434144317 0.0 0.0 0.0 0.0 0.0 0.0056570434144317 400.59965878433 0.0 0.001345472 0.0 0.15244243306258 0.0 5.12e-07 0.0 400.75210121739 0.0 0.001345984 0.0 0.0 1.4116066758594e-05
Running without Marker API. Activate Marker API with -m on commandline.
10 9 2 1.0037539950924 0.0018339898649717 0.0018339898649717 0.0 9.1449718486938e-06 - 991.01360287403 - 2.8161785216179 0.0 0.0070883706874795 0.0 0.0 0.0 0.0 0.0 0.0070883706874795 - 0.0
11 7 2 1.1217272759783 8.1119958289146e-05 8.1119958289146e-05 5.3736220526727e-05 5.5653802282242e-05 997.74428938842 997.69205329116 0.54638183040607 0.54368438051668 204340.0 212651.0 261232.0 271851.0 261214.0 271864.0
12 10 2 1.2221817799469 0.0032677893849994 0.0032677893849994 0.0014964212002662 0.0014993079896166 997.67977350034 997.68392058894 0.56727199931462 0.56708379556002 0.0 0.0 0.0 0.0 - - 0.0 0.0 0.0 0.0 - -
13 9 2 1.3225405425096 0.002194315886316 0.002194315886316 0.0010022059432003 0.0010075909330617 997.65902089262 997.67818820676 0.0 0.0 0.56706543139548 0.56652127290881 0.02777099609375 0.0 12.655878885503 0.0 0.0013427734375 0.0 0.61193260545289 0.0
14 10 2 1.422971205783 0.002577607598652 0.002577607598652 0.0011802539073907 0.0011830795551405 997.66165163533 997.64714462635 0.5671376803788 0.56692091250709 1.5642411987412 1.5890704241181 4.032e-06 4.096e-06 0.54624295829059 0.24829225376845 1.408e-06 6.4e-07 2.1104841570318 1.8621919032634 5.44e-06 4.8e-06
15 19 2 1.5234387080031 0.0011202925661278 0.0011202925661278 0.00051768502658709 0.00052952204046573 997.66880284181 997.69457892619 0.56598839742676 0.56359502184139 0.01397705078125 0.0 12.476250582971 0.0 0.00067138671875 0.0 0.59929587953136 0.0 953.81334510981 979.75746085134 0.0 0.0 0.0 0.0 953.81334510981 979.75746085134 576.19234431871 0.0 0.000645504 0.0 0.45702347358216 0.0 5.12e-07 0.0 576.6493677923 0.0 0.000646016 0.0 1.6540611997226 1.6990523454527
16 13 2 1.6238627716068 0.0007454438294853 0.0007454438294853 0.00035049309326101 0.00036380565776777 997.69821671404 997.70235387998 0.56605961039949 0.56181253448911 202.0 202.0 0.012939453125 0.0 17.358052495966 0.0 0.00140380859375 0.0 1.8831849406001 0.0 0.0 0.0 0.0 0.0 0.0006103515625 0.0 0.81877606113049 0.0
17 9 2 1.7244953624891 7.9243137600693e-05 7.9243137600693e-05 5.239835172517e-05 5.4328161800808e-05 997.72423479878 997.55025984726 0.54623356389132 0.54258110039623 0.13816482141593 0.13807421613504 0.0 0.0 0.0 0.0 0.0 0.0 0.0 0.0
18 8 2 1.8248820934844 0.00040411065379524 0.00040411065379524 0.00019899145335442 0.00020205985590369 997.71529038606 997.71264593767 0.5634818138797 0.56248116745989 0.066934874695893 0.066933526649226 0.00026547208503315 0.00026475872285435 0.0039661250766401 0.0039555471840271 14.939895003066 14.940195893765
19 5 2 1.9261939494335 7.7454179656824e-05 7.7454179656824e-05 5.0258395703722e-05 5.2030596320002e-05 997.47831270821 997.89310165587 0.54809202532771 0.54487720662866 5.9411764705882 6.0
20 6 2 2.0267623497873 7.7133525929164e-05 7.7133525929164e-05 4.9628410767037e-05 5.179191762724e-05 997.67953592372 997.6483828287 0.55204360771196 0.54840163816502 0.0 0.0 - -
21 7 2 2.1277805376467 7.7850920709692e-05 7.7850920709692e-05 5.3347178786531e-05 5.5422370001404e-05 997.51104509898 997.59299217206 0.54285358760825 0.53972804537576 91.18176415655 91.442486843396 8.8182358434502 8.5575131566045 1.3153096112448 1.304596985175
22 7 2 2.2293733415151 7.7221388673749e-05 7.7221388673749e-05 5.1368002529658e-05 5.3557777633086e-05 998.19098276945 997.92765391495 0.54479866658341 0.54311433623441 0.0 0.0 0.0 0.0 - -
23 9 2 2.3316808073609 7.7900739791673e-05 7.7900739791673e-05 5.2100343034775e-05 5.3342649779078e-05 997.78627465342 997.42635955309 0.54562313836347 0.54233011318114 1431.9247840047 1475.1336162828 0.0 0.0 0.0 0.0 1431.9247840047 1475.1336162828 0.0 0.0
24 6 2 2.4346812484849 7.5162501885692e-05 7.5162501885692e-05 4.865422126394e-05 5.0534665158342e-05 998.16473358182 997.72988971386 0.54835943402005 0.54476835871322 0.0 0.0 0.0 0.0
25 13 2 2.5378155344603 7.679113296573e-05 7.679113296573e-05 5.387118494882e-05 5.49622228442e-05 997.45428625407 998.12538968765 0.54241871494368 0.53945110729812 1.8435942058228 1.8537361152312 475788.0 485424.0 205244.0 210539.0 30011.0 27625.0 1700.0 1752.0 6.3076412183578 5.6909011503346 0.57840887117792 0.59164771416329 43.137699984026 43.372185965259 49.976249926438 50.345265170243
26 7 2 2.6422400504195 7.7849109106711e-05 7.7849109106711e-05 5.4127979671394e-05 5.5532877783252e-05 997.67725263334 998.22582787618 0.54466902130569 0.54109060099113 43.269407768128 43.557121419717 56.730592231872 56.442878580283 1.6599583792386 1.6476526045139
27 12 2 2.7464561006947 9.0794824009883e-05 9.0794824009883e-05 5.2545997368131e-05 5.8837694521561e-05 997.66768453364 998.04638027742 0.54728952035926 0.53454220773877 11077.0 11334.0 1.8958201679155 0.37938944767955 0.62291234088652 0.0 84.499413198519 84.753838009529 9.5474095206902 8.7243001085342 0.18100171520673 0.033099073995674 0.059471992139354 0.0 8.0675050206428 7.3941791814522
1 7 2 2.8522948698835 7.7860884526089e-05 7.7860884526089e-05 5.3076344140854e-05 5.5168745584047e-05 998.08174994816 997.77263961734 0.54341848398151 0.54120145550189 56.505563519694 56.679965849013 43.494436480306 43.320034150987 2.0459179577747 2.0180893376166
2 10 2 2.9570822526372 7.696776425639e-05 7.696776425639e-05 4.9951781899167e-05 5.1333582073016e-05 998.12186035501 997.5221191238 0.54811873512208 0.54556569035643 0.0 0.0 0.0 0.0 0.0 0.0 0.0 0.0 0.0 0.0 0.0 0.0
3 5 2 3.0625323677689 0.00011879677128925 0.00011879677128925 6.8163373767621e-05 6.6813276645941e-05 997.53617713091 997.61477713762 0.5482422109784 0.55562753524389 289.78373015873 284.20724346076
4 6 2 3.1679268277396 7.896777394756e-05 7.896777394756e-05 5.0554139890389e-05 5.2529240040556e-05 997.74265139344 997.34952054326 0.54906908679505 0.54541436048398 0.0 0.0 0.0 0.0
5 7 2 3.2735300767655 7.6859068077522e-05 7.6859068077522e-05 4.9160111396418e-05 5.1297350013394e-05 997.72783490701 997.54966170791 0.54847853988338 0.54543265642231 0.0011672443936898 0.00010112732893831 0.0 0.0 0.0 0.0
6 8 2 3.3796214368522 7.7801101627711e-05 7.7801101627711e-05 5.3163301083948e-05 5.4950447424822e-05 997.94628020744 997.91154562446 0.54399347489596 0.54156233122207 9.1085667552648 8.9499711530537 0.071560008178287 0.032143740212643 0.0 0.0 98.326006951544 98.307920547268
7 7 2 3.4848936272087 7.5259422645182e-05 7.5259422645182e-05 4.8696793933996e-05 5.0588107446285e-05 997.87915541774 997.66989589482 0.54840815660352 0.54411979618281 0.0 0.0 0.0 0.0 - -
8 10 2 3.591106347485 7.8368133360806e-05 7.8368133360806e-05 4.6657834778746e-05 4.9141995366606e-05 997.36507441015 997.36016146838 0.55407055229572 0.5519888488129 886.89109998326 0.0 6.9504e-05 0.0 2.4499754143184 0.0 1.92e-07 0.0 889.34107539758 0.0 6.9696e-05 0.0
9 19 2 3.6966524630818 7.7098199671032e-05 7.7098199671032e-05 5.1979418535786e-05 5.7935063336218e-05 997.99516413635 997.42206749813 0.54561445210364 0.53495705121235 0.013671875 0.0 177.33066476696 0.0 0.0006103515625 0.0 7.9165475342393 0.0 0.0 0.0 0.0 0.0 0.0 0.0 0.0 0.0 1097.4056509881 0.0 8.4608e-05 0.0 0.83011017472626 0.0 6.4e-08 0.0 1098.2357611628 0.0 8.4672e-05 0.0 0.0 0.0
10 9 2 3.8033979585846 7.8259437181938e-05 7.8259437181938e-05 5.2257046692642e-05 5.3617107630718e-05 997.54271676099 997.98041183692 0.54523416863166 0.54297036242054 0.0 0.0 0.0 0.0 0.0 0.0 0.0 0.0 - -
11 7 2 3.9110088169761 7.7926102233409e-05 7.7926102233409e-05 5.1449977564553e-05 5.3527433283153e-05 997.58901901325 997.7130691262 0.5453170827713 0.54215176286021 196044.0 205080.0 250626.0 262183.0 250607.0 262231.0
12 10 2 4.0182816664835 7.7764869568089e-05 7.7764869568089e-05 5.3163301083948e-05 5.494591841737e-05 997.5928997966 997.48745847726 0.54401112269725 0.5399655511592 0.0 0.0 0.0 0.0 - - 0.0 0.0 0.0 0.0 - -
13 9 2 4.125460558108 7.8628098388598e-05 7.8628098388598e-05 4.6945879652744e-05 5.5484417403508e-05 997.88686141204 997.35473304693 0.0 0.0 0.5541827280358 0.53937120541709 0.0 0.0 0.0 0.0 0.0 0.0 0.0 0.0
14 10 2 4.2331387211735 7.815164680456e-05 7.815164680456e-05 5.1693638165514e-05 5.3667379613444e-05 997.20521528846 997.51463331853 0.54526649691631 0.54301622216112 6.5513654661737 18.016255031978 5.12e-07 1.408e-06 1.6378413665434 4.0946034163586 1.28e-07 3.2e-07 8.1892068327171 22.110858448336 6.4e-07 1.728e-06
15 19 2 4.3401484299131 7.8031175206315e-05 7.8031175206315e-05 5.2372083481943e-05 5.829466652797e-05 997.94122696513 997.45593523486 0.54496399487257 0.53657885850783 0.0 0.0 0.0 0.0 0.0 0.0 0.0 0.0 1438.8095489162 1626.4012385364 0.0 0.0 0.0 0.0 1438.8095489162 1626.4012385364 1187.627890455 0.0 9.2672e-05 0.0 21.324810187728 0.0 1.664e-06 0.0 1208.9527006427 0.0 9.4336e-05 0.0 1.1901289009498 1.3452976594301
16 13 2 4.4466034874143 7.5166125091654e-05 7.5166125091654e-05 4.5175943540189e-05 5.7620750218993e-05 997.89095455377 997.52015827076 0.55410630166207 0.53191240289984 202.0 202.0 0.01409912109375 0.0 187.57280725271 0.0 0.0003662109375 0.0 4.8720209676029 0.0 0.0 0.0 0.0 0.0 0.00067138671875 0.0 8.9320384406053 0.0
17 9 2 4.5533785410313 7.4324635506918e-05 7.4324635506918e-05 5.0501150503192e-05 5.2052788456521e-05 997.81171983509 997.9575376906 0.54416795584424 0.54207070897634 0.13834786809883 0.13828151530015 0.0 0.0 0.0 0.0 0.0 0.0 0.0 0.0
18 8 2 4.6595781480193 7.645598641422e-05 7.645598641422e-05 4.9208118875417e-05 5.129100940296e-05 997.93775913322 997.42635955309 0.54805044136192 0.54484835655454 0.066940731399748 0.066940574243707 0.00026229508196721 0.00026460626587638 0.0039183181372918 0.0039528532413397 14.938587898425 14.938622969671
19 5 2 4.7664623742667 8.8768546075487e-05 8.8768546075487e-05 5.3209044059221e-05 5.1633855267137e-05 997.03901601131 997.14094087031 0.54373330988425 0.54925397582467 6.0394736842105 5.987012987013
20 6 2 4.8729284336328 7.6358159853239e-05 7.6358159853239e-05 4.9637921682688e-05 5.091872499034e-05 997.49232243184 997.50792065629 0.54833722739485 0.54575374384117 0.0 0.0 - -
21 7 2 4.9796946384751 7.6739502280768e-05 7.6739502280768e-05 5.2933227505345e-05 5.4625717590457e-05 997.86923091519 997.82763650965 0.54318233574539 0.54035419401374 90.999007495123 91.085538043163 9.000992504877 8.9144619568372 1.3068322981366 1.3131411822179
22 7 2 5.0857454123144 7.6578269615447e-05 7.6578269615447e-05 5.0775155454086e-05 5.2731686673696e-05 997.27611647155 997.97516423326 0.54511727866812 0.54281198716992 0.0 0.0 0.0 0.0 - -
23 9 2 5.1922205949131 7.6686965794315e-05 7.6686965794315e-05 5.1358038713261e-05 5.2851705371195e-05 997.26596283281 997.75220129512 0.5452036616793 0.5416007240155 1435.028741327 1486.5890026966 0.0 0.0 0.0 0.0 1435.028741327 1486.5890026966 0.0 0.0
24 6 2 5.2980660733736 7.4717753353824e-05 7.4717753353824e-05 4.8923244306636e-05 5.0356222264702e-05 997.50497797753 997.55180179871 0.54771502309568 0.54469832062864 0.0 0.0 0.0 0.0
25 13 2 5.4040302978805 7.7236787299088e-05 7.7236787299088e-05 5.383087678249e-05 5.478559155354e-05 997.75382217882 997.65289775359 0.54226508750479 0.53957152224239 1.8441165087752 1.8533224211762 475432.0 483864.0 205147.0 209821.0 30009.0 27422.0 1796.0 1788.0 6.3119436638678 5.6672949423805 0.59503777616988 0.59334854421904 43.149598680779 43.363631102955 49.943419879184 50.375725410446
26 7 2 5.5106666098832 7.4892573041503e-05 7.4892573041503e-05 5.1911030523248e-05 5.369274205518e-05 997.76665599442 997.63611959282 0.54455487880199 0.5412143346268 43.295614165191 43.573760259125 56.704385834809 56.426239740875 1.6561934612542 1.6409910462406
27 12 2 5.6170710339869 7.6802908385107e-05 7.6802908385107e-05 5.2736215681148e-05 5.4720826746965e-05 997.70455504827 997.50187447296 0.54210041155329 0.54085158956821 10336.0 10536.0 0.13544891640867 0.13287775246773 0.0 0.0 90.15092879257 89.569096431283 8.8765984489999 8.7201940027975 0.012023256413119 0.011587197801743 0.0 0.0 8.0023359469603 7.8105989753607
1 7 2 5.7244177307723 7.8972302955013e-05 7.8972302955013e-05 5.3887036474905e-05 5.5729436706704e-05 997.39928857453 997.69786827962 0.54291998247791 0.54076264892397 56.427863038107 56.741162129216 43.572136961893 43.258837870784 2.0522128097538 2.0258030141574
2 10 2 5.8301931581687 7.7251280122938e-05 7.7251280122938e-05 5.0103050748091e-05 5.1521535882308e-05 998.13350933065 998.24598559008 0.54970484178725 0.54445773906385 0.0 0.0 0.0 0.0 0.0 0.0 0.0 0.0 0.0 0.0 0.0 0.0
3 5 2 5.9361843384222 7.6618124881032e-05 7.6618124881032e-05 4.9201778264983e-05 5.1163291392791e-05 997.80917192622 997.87223503013 0.55009139749556 0.54786176393563 283.18867924528 290.22222222222
4 6 2 6.0418195323493 7.4373548787409e-05 7.4373548787409e-05 4.8346248757149e-05 5.0237109368693e-05 997.25168778563 997.80326101825 0.54784143863035 0.54511634764233 0.0 0.0 0.0 0.0
5 7 2 6.1481936157262 7.70148659339e-05 7.70148659339e-05 4.9409659707067e-05 5.1868910753937e-05 997.4443096627 997.68082809143 0.54780543406762 0.54438201713107 0.0011800091387942 0.00014735381075968 0.0 0.0 0.0 0.0
6 8 2 6.2552004693794 7.8024834595881e-05 7.8024834595881e-05 5.3190022227919e-05 5.5094922762567e-05 997.74100607586 997.45878135791 0.5422590162572 0.53980812580983 8.7940532854236 8.7037295826517 0.051088613199595 0.018906854967982 0.0 0.0 98.505658063912 98.54581624181
7 7 2 6.3622487371826 7.7361787904787e-05 7.7361787904787e-05 5.0111655862251e-05 5.1684580150608e-05 997.92977550167 997.75691392469 0.54833610030478 0.54490022966992 0.0 0.0 0.0 0.0 - -
8 10 2 6.4695348494354 7.6819212811937e-05 7.6819212811937e-05 4.5853030154383e-05 4.842867669279e-05 997.87278279917 997.39897580875 0.55390936595561 0.5513162914918 505.70682226469 0.0 3.8848e-05 0.0 7.4981242180926 0.0 5.76e-07 0.0 513.20494648278 0.0 3.9424e-05 0.0
9 19 2 6.576478590464 7.6799285179145e-05 7.6799285179145e-05 5.1601246413477e-05 5.7706348459851e-05 997.60187892055 997.6982650856 0.54527659859583 0.53636225868645 0.0 0.0 0.0 0.0 0.0 0.0 0.0 0.0 0.0 0.0 0.0 0.0 0.0 0.0 0.0 0.0 1110.0103314913 0.0 8.5248e-05 0.0 5.0000465382492 0.0 3.84e-07 0.0 1115.0103780296 0.0 8.5632e-05 0.0 0.0 0.0
10 9 2 6.6828359898833 7.3038397390314e-05 7.3038397390314e-05 5.2788299266856e-05 5.4476260344514e-05 1097.4226933372 1097.2170322658 0.54667485894123 0.54313891058842 0.0 0.0 0.0 0.0 0.0 0.0 0.0 0.0 - -
11 7 2 6.7832001519286 0.002756104840383 0.002756104840383 0.0012766221279714 0.001274501646682 1016.8055100723 1017.9777939651 0.56731600411625 0.56731738845216 4662212.0 4654302.0 5964255.0 5954043.0 5968517.0 5958476.0
12 10 2 6.8892675200513 7.7041134177126e-05 7.7041134177126e-05 5.3238482607664e-05 5.472807315889e-05 997.5906399296 997.97727021067 0.54215228229738 0.5399298496459 0.0 0.0 0.0 0.0 - - 0.0 0.0 0.0 0.0 - -
13 9 2 6.9951127267713 7.6906169755032e-05 7.6906169755032e-05 4.5958103127288e-05 5.4267926001685e-05 997.70102381644 997.82722601881 0.0 0.0 0.55468703024472 0.53842144285425 0.0 0.0 0.0 0.0 0.0 0.0 0.0 0.0
14 10 2 7.1018867052019 7.6771205332937e-05 7.6771205332937e-05 5.1650612594712e-05 5.2994369105958e-05 998.19209972475 997.60227083588 0.54495324289325 0.54217191257489 12.50468838983 17.506563745761 9.6e-07 1.344e-06 0.8336458926553 3.3345835706212 6.4e-08 2.56e-07 13.338334282485 20.841147316383 1.024e-06 1.6e-06
15 19 2 7.2078889824294 7.8654366631825e-05 7.8654366631825e-05 5.2252517685189e-05 5.8625284072024e-05 997.45626184851 997.63678437002 0.54619867537128 0.53748448094738 0.0 0.0 0.0 0.0 0.0 0.0 0.0 0.0 1420.8747051913 1619.973632188 0.0 0.0 0.0 0.0 1420.8747051913 1619.973632188 1697.3501372775 0.0 0.000133504 0.0 112.28874350158 0.0 8.832e-06 0.0 1809.638880779 0.0 0.000142336 0.0 0.78517030125899 0.89519165917266
16 13 2 7.3148117206389 7.7045663184579e-05 7.7045663184579e-05 4.6280115557182e-05 5.8956354516824e-05 997.74292776704 997.82333488273 0.55527118008575 0.53277044725296 202.0 202.0 0.0 0.0 0.0 0.0 0.00030517578125 0.0 3.9609728651292 0.0 0.0 0.0 0.0 0.0 0.0 0.0 0.0 0.0
17 9 2 7.4219418031501 7.6525733128994e-05 7.6525733128994e-05 5.1783765413825e-05 5.3089478262467e-05 997.85407391092 997.62069786575 0.54481171408559 0.54338162011821 0.13823516798734 0.1382779001043 0.0 0.0 0.0 0.0 0.0 0.0 0.0 0.0
18 8 2 7.5290533122017 7.5269386461579e-05 7.5269386461579e-05 4.8652862561704e-05 5.0814557818925e-05 997.75058327814 997.68023420627 0.5476145568362 0.54513475563243 0.066942279361163 0.066938105209968 0.00026507756067472 0.00026236899770184 0.0039597928723728 0.0039195761051027 14.938242461164 14.939173985628
19 5 2 7.6362272735487 7.5101813185824e-05 7.5101813185824e-05 5.2094455325087e-05 5.4195008981695e-05 1096.7670335629 1097.3917019906 0.55091552634982 0.54860878694657 6.1830985915493 5.9041095890411
20 6 2 7.7365407406021 0.0034367720878734 0.0034367720878734 0.0017212583404515 0.001722292312853 1097.4328996912 1097.4319388129 0.56741769052884 0.56741070502679 0.0 0.0 - -
21 7 2 7.8396512021867 7.6904358152051e-05 7.6904358152051e-05 5.2781052854931e-05 5.4563670188353e-05 997.48446760954 997.72601430182 0.5419935727208 0.54005011587615 91.171271666381 91.151764666822 8.8287283336194 8.8482353331784 1.3296717498062 1.3183279742765
22 7 2 7.9454252627287 7.6909792960994e-05 7.6909792960994e-05 5.1672804731231e-05 5.29807820836e-05 997.52959262182 997.34649942871 0.54513789346941 0.5421459490022 0.0 0.0 0.0 0.0 - -
23 9 2 8.0526165022391 7.7404360574843e-05 7.7404360574843e-05 5.18725339599e-05 5.311801100942e-05 997.38849073351 997.09612492204 0.54710645107359 0.54363333812303 1430.8496211 1474.6972800018 0.0 0.0 0.0 0.0 1430.8496211 1474.6972800018 0.0 0.0
24 6 2 8.1591809950532 7.6657074345126e-05 7.6657074345126e-05 4.9137013458408e-05 5.1037384985603e-05 997.64114286328 997.61965876297 0.54815159124324 0.54579886471511 0.0 0.0 0.0 0.0
25 13 2 8.2664952650511 5.5207695048519e-05 5.5207695048519e-05 3.7203531721026e-05 4.2757000659649e-05 997.20305871811 997.69133469709 0.53717278856403 0.5273044119372 1.8615983930854 1.8964377641488 328580.0 377628.0 143448.0 167850.0 20007.0 19505.0 1500.0 1584.0 6.0889281149187 5.1651360598261 0.73224176760606 0.6887730782675 43.656948079615 44.448504877816 49.52188203786 49.69758598409
26 7 2 8.3730621881306 7.7490411716447e-05 7.7490411716447e-05 5.365333969034e-05 5.5010683223945e-05 997.6035870864 997.29657018993 0.54287665143732 0.53976118845848 43.404014653994 43.661855873805 56.595985346006 56.338144126195 1.6479942975125 1.6366114990912
27 12 2 8.479630261578 7.7358164698824e-05 7.7358164698824e-05 5.3160130778731e-05 5.4878436206323e-05 997.53340999988 997.28734863608 0.54363351735892 0.53988869927864 10484.0 10643.0 0.36245707745135 0.056375082213662 0.0 0.0 89.965661961084 89.749130884149 8.9319031837583 8.7834547870365 0.032374315240635 0.0049516798573916 0.0 0.0 8.0356458249913 7.8830743329675
1 7 2 8.5861216009579 7.4932428307088e-05 7.4932428307088e-05 5.2491196377952e-05 5.4013848683583e-05 997.69961320118 997.30805945183 0.54329228562455 0.54184631740594 56.404659188956 56.583823850011 43.595340811044 43.416176149989 2.0498600348899 2.0338190816607
2 10 2 8.6925093927346 7.781559445156e-05 7.781559445156e-05 5.0413287758607e-05 5.180912785556e-05 997.56350080605 997.61725899077 0.54839981081507 0.54585884227956 0.0 0.0 0.0 0.0 0.0 0.0 0.0 0.0 0.0 0.0 0.0 0.0
3 5 2 8.7990779190827 7.9069223714504e-05 7.9069223714504e-05 5.093593521866e-05 5.2482591263792e-05 997.84507244219 997.89398055775 0.54915575347416 0.54628896305934 282.99220779221 287.89285714286
4 6 2 8.9052577986201 7.7172475393258e-05 7.7172475393258e-05 4.9969897928978e-05 5.1531952599449e-05 997.73141258845 997.71821991747 0.5477812310717 0.54554433608546 0.0 0.0 0.0 0.0
5 7 2 9.005575871674 0.0022760581302291 0.0022760581302291 0.0011467686907885 0.0011492148077137 1097.4279903775 1097.4302766356 0.56709625025532 0.56692507002629 6.7190092417732e-05 6.255838316965e-06 0.0 0.0 0.0 0.0
6 8 2 9.105976124474 0.0034241923167725 0.0034241923167725 0.0017209236468008 0.001722825829931 1097.4307698245 1097.4419889942 0.56708874928084 0.56710990612078 9.0139668575636 9.0396613442601 0.0018685287388931 0.0030757251416345 0.0 0.0 99.420808725556 99.408619548836
7 7 2 9.2063404024619 0.00037788317163589 0.00037788317163589 0.00018657789682704 0.00018796467890909 997.68315757555 997.74894675784 0.56277193476161 0.56207905760368 0.0 0.0 0.0 0.0 - -
8 10 2 9.3081741160122 7.7452368053843e-05 7.7452368053843e-05 4.6878397441697e-05 4.8728949886911e-05 997.65299711965 997.38103037985 0.55536657080311 0.55159208239558 932.90885502389 0.0 7.2256e-05 0.0 4.1315715457214 0.0 3.2e-07 0.0 937.04042656961 0.0 7.2576e-05 0.0
9 19 2 9.4157651726773 7.9000382801221e-05 7.9000382801221e-05 5.3041470783467e-05 5.9204544125237e-05 997.42596888165 997.56336972626 0.54477920893863 0.53668920611069 0.0 0.0 0.0 0.0 0.0 0.0 0.0 0.0 0.0 0.0 0.0 0.0 0.0 0.0 0.0 0.0 1283.2342883082 0.0 0.000101376 0.0 23.493557046047 0.0 1.856e-06 0.0 1306.7278453542 0.0 0.000103232 0.0 0.0 0.0
10 9 2 9.5213783456644 7.5619025836937e-05 7.5619025836937e-05 5.112977673764e-05 5.2818643616789e-05 997.58574049432 997.83901516036 0.54519990920901 0.54349426787212 0.0 0.0 0.0 0.0 0.0 0.0 0.0 0.0 - -
11 7 2 9.6269301487888 7.5771200487352e-05 7.5771200487352e-05 5.1254777343338e-05 5.2577247519555e-05 997.82029356562 997.54618672007 0.54518214488732 0.5421776777291 195317.0 201434.0 249715.0 257537.0 249722.0 257567.0
12 10 2 9.7339953206594 7.6670661367485e-05 7.6670661367485e-05 5.268141469097e-05 5.4756153005097e-05 997.3799473961 997.80259285489 0.54197107499627 0.54021653165089 0.0 0.0 0.0 0.0 - - 0.0 0.0 0.0 0.0 - -
13 9 2 9.8410849899313 7.7189685621579e-05 7.7189685621579e-05 4.6586276460991e-05 5.5049179787293e-05 997.84803469568 997.99447991113 0.0 0.0 0.55723975036838 0.54025175123564 0.0 0.0 0.0 0.0 0.0 0.0 0.0 0.0
14 10 2 9.9484986109541 7.683914044473e-05 7.683914044473e-05 5.191374792772e-05 5.3124351619853e-05 997.45709567761 997.56851843615 0.54499248778076 0.54334312263181 9.1619973352823 19.989812367889 7.04e-07 1.536e-06 0.0 4.9974530919722 0.0 3.84e-07 9.1619973352823 24.987265459861 7.04e-07 1.92e-06
15 19 2 10.055505987255 7.6789321362749e-05 7.6789321362749e-05 5.1212204673281e-05 5.780145761636e-05 997.72457721221 997.71503520058 0.54487367908754 0.53542735598525 0.0 0.0 0.0 0.0 0.0 0.0 0.0 0.0 1429.886318194 1642.3637787373 0.0 0.0 0.0 0.0 1429.886318194 1642.3637787373 1097.652622841 0.0 8.4288e-05 0.0 0.83344922007667 0.0 6.4e-08 0.0 1098.4860720611 0.0 8.4352e-05 0.0 1.3016881638847 1.4951157056146
16 13 2 10.162589716281 7.6145296502956e-05 7.6145296502956e-05 4.597803076008e-05 5.8407438813545e-05 997.72489517569 998.09642130452 0.5548335264412 0.53247589752059 201.0 201.0 0.0 0.0 0.0 0.0 0.0001220703125 0.0 1.6031234771705 0.0 0.0 0.0 0.0 0.0 0.0 0.0 0.0 0.0
17 9 2 10.269306959835 7.6347290235352e-05 7.6347290235352e-05 5.1862570143503e-05 5.3295095200824e-05 997.5588686098 997.59318798454 0.54537574594345 0.54251111070131 0.13832518133629 0.13829365445258 0.0 0.0 0.0 0.0 0.0 0.0 0.0 0.0
18 8 2 10.376687073449 7.8050197037617e-05 7.8050197037617e-05 5.0427327681711e-05 5.192914655306e-05 997.46885089717 997.39132509057 0.54926964989566 0.54465952544949 0.066942593149854 0.066940598057146 0.00026638909580634 0.00026601429826853 0.0039793662490789 0.0039738858927051 14.938172439204 14.938617655407
19 5 2 10.479921367155 7.472681136873e-05 7.472681136873e-05 5.2702701025998e-05 5.401611318731e-05 1097.3652130829 1097.1230854907 0.54870423810332 0.54655478974961 6.0579710144928 5.9027777777778
20 6 2 10.580231826042 0.0032966110826277 0.0032966110826277 0.0016513798315615 0.0016530917963787 1097.4162848214 1097.425447908 0.56739103811878 0.5673047975061 0.0 0.0 - -
21 7 2 10.680643709333 0.0029507860373459 0.0029507860373459 0.0014814940446025 0.0014875728784057 1097.4261094296 1097.4189142484 0.56707798355276 0.5667703042313 90.983952605879 91.008861196909 9.0160473941212 8.9911388030914 1.2019790762409 1.2025866457085
22 7 2 10.781125891878 0.0022863416945515 0.0022863416945515 0.0010663493699528 0.0010689372448113 1017.8952730624 1019.3372957403 0.56747969282429 0.56708143361294 0.0 0.0 0.0 0.0 - -
23 9 2 10.885585817429 7.6402544126277e-05 7.6402544126277e-05 5.1585394887392e-05 5.3180964213013e-05 997.29542290825 997.57109539475 0.54479621560346 0.54241210626239 1447.8837225259 1499.1385602382 0.0 0.0 0.0 0.0 1447.8837225259 1499.1385602382 0.0 0.0
24 6 2 10.99160188639 7.6338232220447e-05 7.6338232220447e-05 4.9773339005527e-05 5.1613474733599e-05 997.18836275276 997.47437891368 0.54871856323303 0.5439531853351 0.0 0.0 0.0 0.0
25 13 2 11.097550538357 7.6330985808522e-05 7.6330985808522e-05 5.3262033446419e-05 5.4910139258492e-05 997.67915294226 997.52139200627 0.54276760618634 0.54020299773655 1.8424091427017 1.851155962092 470408.0 484964.0 202800.0 210053.0 29672.0 27337.0 1748.0 1772.0 6.3077158551725 5.6369132554169 0.59692862366286 0.59612672280829 43.111511708985 43.31311190109 49.98384381218 50.453848120685
26 7 2 11.202975964058 7.4811050907352e-05 7.4811050907352e-05 5.2141557002596e-05 5.4003884867187e-05 997.8543197484 997.8194327703 0.54236074470491 0.53956704315088 43.448162045723 43.670748071117 56.551837954277 56.329251928883 1.650074764934 1.6383793540833
27 12 2 11.309034531413 7.4189671084824e-05 7.4189671084824e-05 5.223711905985e-05 5.4046910437989e-05 997.16231514605 997.91850945552 0.54194291084224 0.53904806645557 10227.0 10210.0 0.22489488608585 0.088148873653281 0.0 0.0 89.997066588442 89.784524975514 8.8669053832615 8.5557464281225 0.019941216761026 0.0075417941090208 0.0 0.0 7.979954742108 7.6817362885993
1 7 2 11.414130247183 7.6332797411503e-05 7.6332797411503e-05 5.3425077714719e-05 5.5082694442444e-05 997.55964827627 997.2373953449 0.54334578518031 0.54016050879601 56.407148064631 56.806334380293 43.592851935369 43.193665619707 2.041486363095 2.0217441502463
2 10 2 11.520119339564 7.6923379983353e-05 7.6923379983353e-05 4.9899245412715e-05 5.1425068023563e-05 997.07209168609 997.47100855027 0.54764839796801 0.54757644880185 0.0 2.4959901663389 0.0 1.92e-07 0.0 0.0 0.0 0.0 0.0 2.4959901663389 0.0 1.92e-07
3 5 2 11.625233261943 7.6394391912862e-05 7.6394391912862e-05 4.9779226715215e-05 5.1154233377885e-05 997.68351662982 997.32850070005 0.54883827766487 0.54457966095157 287.17520215633 286.6
4 6 2 11.731963107008 7.6604537858673e-05 7.6604537858673e-05 4.9784208623413e-05 5.1360303216988e-05 997.78336486007 997.67551759138 0.54829908220271 0.54545585724249 0.0 0.0 0.0 0.0
5 7 2 11.838599724266 7.669602380922e-05 7.669602380922e-05 5.0031945331082e-05 5.1781500910098e-05 997.46694999156 997.81043775873 0.54787930487224 0.54603676446007 0.0025541580701476 0.00019580967299785 0.0 4.7758456828743e-06 0.0 0.024390243902439
6 8 2 11.94465553255 7.5644388278673e-05 7.5644388278673e-05 5.298938719776e-05 5.4393379508128e-05 997.50848798658 997.71063799687 0.54218626183426 0.54005198168949 8.9264957264957 8.6236469608659 0.04957264957265 0.01165695253955 0.0 0.0 98.545299145299 98.572023313905
7 7 2 12.04498566635 0.00055087042289975 0.00055087042289975 0.00028944479020174 0.00029053129908967 1097.3821047428 1097.4185899923 0.5642998292331 0.56382977788364 0.0 0.0 0.0 0.0 - -
8 10 2 12.145240021704 0.004237592997286 0.004237592997286 0.0021112018060309 0.0021171859835783 1097.4233098312 1097.4443403748 0.56773239095947 0.56749739026836 537.16532037359 0.0 0.002276288 0.0 1.6009088188377 0.0 6.784e-06 0.0 538.76622919242 0.0 0.002283072 0.0
9 19 2 12.245668713048 0.0036168907142725 0.0036168907142725 0.0018139231916381 0.0018184802789371 1097.4389897129 1097.4270639778 0.56714395923146 0.56691570274259 0.0523681640625 0.0 14.478779758496 0.0 0.00262451171875 0.0 0.72562649139314 0.0 0.0 0.0 0.0 0.0 0.0 0.0 0.0 0.0 543.17593623924 0.0 0.001964608 0.0 1.1501591639428 0.0 4.16e-06 0.0 544.32609540318 0.0 0.001968768 0.0 0.0 0.0
10 9 2 12.3490517457 7.6354536647277e-05 7.6354536647277e-05 5.1413292604186e-05 5.3195909937608e-05 997.60776213217 997.49835125707 0.54509572307293 0.54303111000153 0.0 0.0 0.0 0.0 0.0 0.0 0.0 0.0 - -
11 7 2 12.454984473677 7.5040218684465e-05 7.5040218684465e-05 5.0301874175268e-05 5.2420996762434e-05 997.96745929119 998.15542207343 0.54455596032497 0.54229879025835 191924.0 200774.0 245385.0 256727.0 245367.0 256745.0
12 10 2 12.56012161356 7.546413378205e-05 7.546413378205e-05 5.2089020516143e-05 5.4364846761175e-05 997.56943435972 997.53256249981 0.54287049405501 0.53936123367812 0.0 0.0 0.0 0.0 - - 0.0 0.0 0.0 0.0 - -
13 9 2 12.664202790899 7.608732520756e-05 7.608732520756e-05 4.5837631529044e-05 5.465606194039e-05 997.94750619144 997.69409773436 0.0 0.0 0.55420545394809 0.53856246485599 0.0 0.0 0.0 0.0 0.0 0.0 0.0 0.0
14 10 2 12.771048175473 7.5777541097786e-05 7.5777541097786e-05 5.1355774209535e-05 5.2954060939628e-05 997.9533601585 997.55222280594 0.54440486249808 0.54230228707393 8.4457741796361 16.046970941309 6.4e-07 1.216e-06 0.84457741796361 1.6891548359272 6.4e-08 1.28e-07 9.2903515975998 17.736125777236 7.04e-07 1.344e-06
15 19 2 12.877204912688 7.5237683409409e-05 7.5237683409409e-05 5.0956315752198e-05 5.6908790247413e-05 997.50680300071 997.90912881532 0.54484481915342 0.53552737005404 0.0 0.0 0.0 0.0 0.0 0.0 0.0 0.0 1452.1180750009 1650.0640952015 0.0 0.0 0.0 0.0 1452.1180750009 1650.0640952015 1139.0037028876 0.0 8.5696e-05 0.0 2.5519127025114 0.0 1.92e-07 0.0 1141.5556155901 0.0 8.5888e-05 0.0 1.2720519746647 1.4454522168405
16 13 2 12.983728170701 7.6284789932503e-05 7.6284789932503e-05 4.6378395018908e-05 5.8735338953127e-05 997.83194933648 997.90731589258 0.55497867405171 0.53209507280627 202.0 202.0 0.01470947265625 0.0 192.823139046 0.0 0.00030517578125 0.0 4.000480063195 0.0 0.0 0.0 0.0 0.0 0.000732421875 0.0 9.601152151668 0.0
17 9 2 13.090002637653 7.6275731917598e-05 7.6275731917598e-05 5.1462658785421e-05 5.3026072158128e-05 997.83490146615 997.84459668412 0.54562173478795 0.5426697566628 0.13828173017824 0.138516801854 0.0 0.0 0.0 0.0 0.0 0.0 0.0 0.0
18 8 2 13.196142961745 7.6874466702862e-05 7.6874466702862e-05 5.000522418711e-05 5.142823832878e-05 997.68492467578 997.89776438861 0.54752695210608 0.54514685690693 0.066941394666111 0.066942553457066 0.00026282642546143 0.00026404478199503 0.0039262167567968 0.0039443488238669 14.938439884436 14.938181296615
19 5 2 13.301364176311 7.2750352516314e-05 7.2750352516314e-05 5.1709489691599e-05 5.2973535671675e-05 1097.3819472676 1097.828078902 0.5485073551313 0.54567551049923 6.231884057971 5.9577464788732
20 6 2 13.403363919652 7.8379908780183e-05 7.8379908780183e-05 5.0905137967981e-05 5.2465833936216e-05 997.61055061541 997.21754953992 0.54923672328532 0.54696028253603 0.0 0.0 - -
21 7 2 13.50645984584 7.5359966610635e-05 7.5359966610635e-05 5.2866651095789e-05 5.7702272353144e-05 997.67892635246 997.95338888186 0.54253445190676 0.54651367292225 91.100754739611 90.565593457137 8.8992452603894 9.434406542863 1.3386597938144 1.3685528862575
22 7 2 13.606802837493 0.003137387485013 0.003137387485013 0.0015696978234481 0.0015754727608511 1097.442060054 1097.4399066558 0.56732902708757 0.56678027927553 2.7254658672875e-07 0.0 0.0 0.0 0.0 -
23 9 2 13.707201309487 0.00289960281832 0.00289960281832 0.0014583662151441 0.0014564164774357 1097.4140317363 1097.4273245961 0.56696314910409 0.56719134148099 1036.3567661798 1034.5520362468 0.0 0.0 0.0 0.0 1036.3567661798 1034.5520362468 0.0 0.0
24 6 2 13.807608013405 0.00034343916415562 0.00034343916415562 0.00017266795623725 0.00017448454112657 997.81152271431 997.6473022052 0.56222957608147 0.56139972517264 0.0 0.0 0.0 0.0
25 13 2 13.914889136503 7.5042936088937e-05 7.5042936088937e-05 5.2219455930784e-05 5.476068201255e-05 997.54383250932 997.54208967311 0.54197612108677 0.54066465743134 1.8450997398092 1.8495753074576 461200.0 483644.0 199124.0 209299.0 29270.0 27209.0 1704.0 1812.0 6.346487424111 5.6258322237017 0.59236773633998 0.59775371967811 43.175195143105 43.275425726361 49.885949696444 50.500988330259
26 7 2 14.020608872506 7.4642571830107e-05 7.4642571830107e-05 5.206728128037e-05 5.4555970875684e-05 997.51360464766 997.92957936612 0.54175404204385 0.54027664403161 43.531888243276 43.640574801385 56.468111756724 56.359425198615 1.6445761767239 1.6404098004156
27 12 2 14.127196155286 7.60547163539e-05 7.60547163539e-05 5.2565472100178e-05 5.4633416903126e-05 998.03744268462 997.96827698638 0.54325887925708 0.54112612370135 10483.0 10544.0 0.24802060478871 0.17071320182094 0.0 0.0 88.88676905466 89.871016691958 9.0320857457954 8.7407775843488 0.022401433691756 0.014921661278289 0.0 0.0 8.028329197684 7.855425681837
1 7 2 14.232147227239 7.5940585366088e-05 7.5940585366088e-05 5.3073173835637e-05 5.471267453355e-05 997.66809938559 998.0399143498 0.54133771879172 0.54084848810451 56.419336945855 56.506767104011 43.580663054145 43.493232895989 2.0348234919117 2.0350917964211
2 10 2 14.338010831693 7.6698741213692e-05 7.6698741213692e-05 4.9727143129508e-05 5.1637478473099e-05 998.14970884204 997.93827163303 0.54860646154154 0.54689748460254 0.0 0.83443351204015 0.0 6.4e-08 0.0 0.0 0.0 0.0 0.0 0.83443351204015 0.0 6.4e-08
3 5 2 14.443419834307 7.5529351489371e-05 7.5529351489371e-05 4.8737102100326e-05 5.1107584601122e-05 997.54788936275 997.88757438502 0.54807658027024 0.5449185362603 286.97252747253 291.47619047619
4 6 2 14.549069229389 7.4526629239314e-05 7.4526629239314e-05 4.8310469598272e-05 5.0533759356852e-05 998.06767840486 997.34041870562 0.54877942122186 0.54581386816681 0.0 0.0 0.0 0.0
5 7 2 14.654286457523 7.6202361996862e-05 7.6202361996862e-05 4.9352141312416e-05 5.158177168143e-05 997.42308452854 997.58932668681 0.54960457562491 0.54738137234641 0.0011348276070773 0.00011534746019311 0.0 0.0 0.0 0.0
6 8 2 14.760172685275 7.4453259318579e-05 7.4453259318579e-05 5.5658331289695e-05 5.7726276092644e-05 1097.2536117432 1097.2027178517 0.5441475348137 0.5410364924464 9.0802568087686 8.8036152802078 0.05858755177268 0.030598074674994 0.0 0.0 98.502762565809 98.539922641791
7 7 2 14.865551294626 7.637537008156e-05 7.637537008156e-05 4.9844897323281e-05 5.1384759857233e-05 997.8674730286 997.78483170005 0.54854064076238 0.54503398746187 0.0 0.0 0.0 0.0 - -
8 10 2 14.971125415793 7.8545670452957e-05 7.8545670452957e-05 4.7045517816705e-05 4.9473971612897e-05 998.00317050268 997.60247197524 0.55511259792867 0.55272878148497 1152.9597936813 0.0 9.056e-05 0.0 99.407134154854 0.0 7.808e-06 0.0 1252.3669278362 0.0 9.8368e-05 0.0
9 19 2 15.075913480615 7.5397104471749e-05 7.5397104471749e-05 5.4774721935654e-05 6.13526523601e-05 1097.3890114382 1097.2555674012 0.54621822172643 0.53710098843456 0.0 0.0 0.0 0.0 0.0 0.0 0.0 0.0 0.0 0.0 0.0 0.0 0.0 0.0 0.0 0.0 1242.7002423562 0.0 9.3696e-05 0.0 35.651236461039 0.0 2.688e-06 0.0 1278.3514788173 0.0 9.6384e-05 0.0 0.0 0.0
10 9 2 15.176257439664 0.0033281683007575 0.0033281683007575 0.0016691561858138 0.0016706770265164 1097.4350157998 1097.4273479388 0.56737507747473 0.56734553762018 0.0 0.0 0.0 0.0 0.0 0.0 0.0 0.0 - -
11 7 2 15.276652274865 0.002527633624616 0.002527633624616 0.001173587661321 0.0011797797203104 1020.6820064458 1019.7243644942 0.56780774461077 0.56693758409039 4282291.0 4311179.0 5478891.0 5515920.0 5482319.0 5519409.0
12 10 2 15.382055245747 7.9774843075655e-05 7.9774843075655e-05 5.5210412452613e-05 5.6183243253475e-05 997.50488352534 997.39818210445 0.54336285552549 0.54085209535934 0.0 0.0 0.0 0.0 - - 0.0 0.0 0.0 0.0 - -
13 9 2 15.488307860238 7.7352729889881e-05 7.7352729889881e-05 4.6557743714039e-05 5.523849229882e-05 997.64013148548 997.67205731753 0.0 0.0 0.55482154326085 0.54025585145024 0.0 0.0 0.0 0.0 0.0 0.0 0.0 0.0
14 10 2 15.59442317968 7.4394382221692e-05 7.4394382221692e-05 5.0701332632605e-05 5.2005233878267e-05 997.67507656742 997.40667621701 0.54491291946145 0.5419844806102 12.043920162277 18.926160255007 8.96e-07 1.408e-06 3.441120046365 4.3014000579562 2.56e-07 3.2e-07 15.485040208642 23.227560312963 1.152e-06 1.728e-06
15 19 2 15.700982349099 7.3674270036692e-05 7.3674270036692e-05 5.4593108736796e-05 6.0723573224907e-05 1097.484818622 1097.4871786294 0.54656957209771 0.53719329454942 0.0 0.0 0.0 0.0 0.0 0.0 0.0 0.0 1583.917966773 1792.4439554573 0.0 0.0 0.0 0.0 1583.917966773 1792.4439554573 1114.5275000228 0.0 8.2112e-05 0.0 2.606065861316 0.0 1.92e-07 0.0 1117.1335658841 0.0 8.2304e-05 0.0 1.4178411741835 1.604502818818
16 13 2 15.805890430807 7.6760335715051e-05 7.6760335715051e-05 4.6286456167616e-05 5.8564595372157e-05 997.47381652025 997.56507943154 0.554702213924 0.53314697308909 202.0 202.0 0.0 0.0 0.0 0.0 0.0003662109375 0.0 4.7708355375027 0.0 0.0 0.0 0.0 0.0 0.0 0.0 0.0 0.0
17 9 2 15.910847756413 7.4249453983201e-05 7.4249453983201e-05 5.0067271589213e-05 5.1920541438899e-05 998.17123551794 997.58762441423 0.54370364541323 0.54211255550459 0.13838995888336 0.13819046763355 0.0 0.0 0.0 0.0 0.0 0.0 0.0 0.0
18 8 2 16.017484418055 7.6387145500937e-05 7.6387145500937e-05 4.9734389541433e-05 5.1229867802347e-05 997.16202401902 997.701891026 0.54747185689643 0.54687726626635 0.066940204006342 0.066941277714927 0.00026423108753527 0.00027074328701689 0.0039472704252625 0.0040444893832154 14.938705593208 14.938465982955
19 5 2 16.122785835003 7.4067387883597e-05 7.4067387883597e-05 4.8141990521028e-05 5.0098521740638e-05 997.69872443081 998.04328420393 0.54733866441477 0.54506706349597 6.0757575757576 5.75
20 6 2 16.228392209044 7.4482244966277e-05 7.4482244966277e-05 5.2523352330867e-05 5.372535090884e-05 1097.5120320773 1097.5274497709 0.5483806902813 0.54605254072666 0.0 0.0 - -
21 7 2 16.331234791613 7.6394391912862e-05 7.6394391912862e-05 5.3259768942692e-05 5.4526985227986e-05 997.63673533232 997.74378413896 0.54264685524434 0.54014706608103 91.20045579394 91.326051746335 8.7995442060597 8.673948253665 1.321752458807 1.3152392947103
22 7 2 16.436220290363 7.493514571156e-05 7.493514571156e-05 5.4173269745922e-05 5.5689128540374e-05 1097.3708293928 1097.0444983114 0.5460903865557 0.54434739493641 0.0 3.6804622660606e-06 0.0 3.6804622660606e-06 - 1.0
23 9 2 16.542011533053 7.7306534013862e-05 7.7306534013862e-05 5.2151973719737e-05 5.3548719618181e-05 997.69336054461 997.75887836146 0.54559711923432 0.54565131111378 1444.4574630649 1483.0829174083 0.0 0.0 0.0 0.0 1444.4574630649 1483.0829174083 0.0 0.0
24 6 2 16.648423923681 7.6796567774673e-05 7.6796567774673e-05 4.9728954732489e-05 5.146854649511e-05 997.808114683 997.58404688924 0.54772332741385 0.5451658399455 0.0 0.0 0.0 0.0
25 13 2 16.753103843957 7.6593668240786e-05 7.6593668240786e-05 5.263340721197e-05 5.4450445002033e-05 997.54023071845 997.72130654219 0.54211370887989 0.54029057931611 1.8446314557626 1.8508558880775 464856.0 480904.0 200645.0 208263.0 29222.0 27389.0 1772.0 1728.0 6.2862477842601 5.6953154891621 0.60126146591633 0.5849400296109 43.162828919063 43.306564303894 49.94966183076 50.413180177333
26 7 2 16.857773621069 7.6861785481994e-05 7.6861785481994e-05 5.2725346063262e-05 5.4531514235438e-05 997.85516481473 997.13802543254 0.54272394582877 0.54035193221647 43.418057500193 43.613637307421 56.581942499807 56.386362692579 1.6432420296363 1.6425616335616
27 12 2 16.963135821825 7.5426090119447e-05 7.5426090119447e-05 5.2781958656422e-05 5.3964482502348e-05 997.85745520677 997.43918496782 0.54192726376534 0.53910261920813 10193.0 10290.0 0.24526635926616 0.10689990281827 0.0 0.0 90.091239085647 90.19436345967 8.7462030855829 8.6359554522337 0.021451493882034 0.0092318279858669 0.0 0.0 7.8795627327487 7.7891450488028
1 7 2 17.066399603899 7.6852727467088e-05 7.6852727467088e-05 5.3417831302795e-05 5.4730790563362e-05 997.424342378 998.02682262025 0.54424976812651 0.53984087771886 56.344428806403 56.742107658571 43.655571193597 43.257892341429 2.047153307888 2.0231046093115
2 10 2 17.171020424252 7.6600914652711e-05 7.6600914652711e-05 4.998031464612e-05 5.135622711028e-05 997.93939952337 997.59633908941 0.54941476941766 0.54499315117872 0.0 0.0 0.0 0.0 0.0 0.0 0.0 0.0 0.0 0.0 0.0 0.0
3 5 2 17.275943479764 8.0033902301957e-05 8.0033902301957e-05 5.1376607643818e-05 5.279554567878e-05 998.35819868087 998.11432160391 0.54881252449214 0.54579761308356 285.62337662338 289.875
4 6 2 17.381430105037 7.4482244966277e-05 7.4482244966277e-05 4.8284654255791e-05 5.0420534170532e-05 997.92340161357 997.70689070124 0.54854543770645 0.54474281687935 0.0 0.0 0.0 0.0
5 7 2 17.486978372818 7.471231854488e-05 7.471231854488e-05 5.193775166722e-05 5.3827253576528e-05 1097.3918116887 1097.4937200999 0.548861384717 0.54567158697 0.0011630244378715 8.723399370997e-05 0.0 0.0 0.0 0.0
6 8 2 17.591935422154 7.6269391307164e-05 7.6269391307164e-05 5.2627066601536e-05 5.446991973408e-05 997.77691832447 997.73315365344 0.54273703876693 0.54102844392862 8.8838209982788 8.7853062717741 0.036144578313253 0.12305747948349 0.0 0.08896723178874 98.469879518072 98.493377345783
7 7 2 17.695998321325 7.6306529168277e-05 7.6306529168277e-05 4.9319079558011e-05 5.1088109869075e-05 997.89665373167 997.50732567486 0.54867738197209 0.54620904715327 0.0 0.0 0.0 0.0 - -
8 10 2 17.797811103615 7.6655262742145e-05 7.6655262742145e-05 4.5903755037854e-05 4.8311375399763e-05 997.33834075077 998.08639176447 0.55487731438394 0.551847406595 882.4964859563 0.0 6.7648e-05 0.0 0.0 0.0 0.0 0.0 882.4964859563 0.0 6.7648e-05 0.0
9 19 2 17.900670299489 7.4422462067899e-05 7.4422462067899e-05 5.3667379613444e-05 6.036532873539e-05 1097.6125895759 1097.3751285521 0.5466560869505 0.53717279596977 0.0147705078125 0.0 198.46841131141 0.0 0.00067138671875 0.0 9.0212914232461 0.0 0.0 0.0 0.0 0.0 0.0 0.0 0.0 0.0 1090.4234789486 0.0 8.1152e-05 0.0 6.0196879752684 0.0 4.48e-07 0.0 1096.4431669239 0.0 8.16e-05 0.0 0.0 0.0
10 9 2 18.002044926575 7.6828270826843e-05 7.6828270826843e-05 5.1693185264769e-05 5.291737597926e-05 997.19647852701 997.57040632261 0.54457750846892 0.54234920045489 0.0 0.0 0.0 0.0 0.0 0.0 0.0 0.0 - -
11 7 2 18.108750823154 7.9083716538353e-05 7.9083716538353e-05 5.2187299977869e-05 5.4410136835703e-05 997.64884546814 997.67267434952 0.54662972784501 0.54503427531859 198460.0 207559.0 253663.0 265289.0 253622.0 265173.0
12 10 2 18.209123631075 0.0035217163400558 0.0035217163400558 0.0017661154418671 0.0017641186024811 1097.4458249602 1097.4533002221 0.56697493196267 0.56716659793959 0.0 0.0 0.0 0.0 - - 0.0 0.0 0.0 0.0 - -
13 9 2 18.309654926177 7.6176093753635e-05 7.6176093753635e-05 4.5779207332902e-05 5.4575898508476e-05 997.49516655913 997.26137458854 0.0 0.0 0.55437942192727 0.53888121207243 0.0 0.0 0.0 0.0 0.0 0.0 0.0 0.0
14 10 2 18.414258771809 7.4390759015729e-05 7.4390759015729e-05 5.0677328893106e-05 5.1998440367087e-05 997.94388233356 997.99878599493 0.54482997039576 0.54222335567173 7.7428972041838 14.625472496792 5.76e-07 1.088e-06 1.7206438231519 1.7206438231519 1.28e-07 1.28e-07 9.4635410273357 16.346116319944 7.04e-07 1.216e-06
15 19 2 18.519059940862 7.6237688254994e-05 7.6237688254994e-05 5.0802782399548e-05 5.7600822586201e-05 997.44903858702 997.50104888356 0.54607236047825 0.53651972157773 0.0 0.0 0.0 0.0 0.0 0.0 0.0 0.0 1425.6728199373 1645.3017250531 0.0 0.0 0.0 0.0 1425.6728199373 1645.3017250531 15.110636567925 0.0 1.152e-06 0.0 1.6789596186584 0.0 1.28e-07 0.0 16.789596186584 0.0 1.28e-06 0.0 84.9140625 97.9953125
16 13 2 18.623982929345 7.6801096782126e-05 7.6801096782126e-05 4.628509746538e-05 5.8810520476844e-05 997.85033164042 997.90486678331 0.55466485753053 0.53308674108224 202.0 202.0 0.0 0.0 0.0 0.0 0.0003662109375 0.0 4.7683034858068 0.0 0.0 0.0 0.0 0.0 0.0 0.0 0.0 0.0
17 9 2 18.726918982476 7.3306514631522e-05 7.3306514631522e-05 5.3401526875965e-05 5.526159023683e-05 1097.6828114256 1097.1876396548 0.54586699381959 0.54359757999127 0.13833939029189 0.13814810524721 0.0 0.0 0.0 0.0 0.0 0.0 0.0 0.0
18 8 2 18.8300956817 7.63427612279e-05 7.63427612279e-05 4.9693175573612e-05 5.0968091171575e-05 997.8458658829 998.10602834416 0.54764614278869 0.5452321198438 0.066942181760102 0.066942180792822 0.00026453441942182 0.00026647028614064 0.0039516850581569 0.0039806036042556 14.938264240978 14.938264456829
19 5 2 18.932605356859 7.6755806707598e-05 7.6755806707598e-05 4.9175510021757e-05 5.1018363154301e-05 997.65825918386 997.61583018108 0.54891661526951 0.54474851176803 6.0149253731343 5.8382352941176
20 6 2 19.038204747171 7.4329164514371e-05 7.4329164514371e-05 4.890558117757e-05 5.0272888527571e-05 997.52865369478 997.39239655917 0.54821219151863 0.5453250275114 0.0 0.0 - -
21 7 2 19.142465352009 7.6467761833598e-05 7.6467761833598e-05 5.2718552552083e-05 5.3687760146982e-05 997.37039029833 997.54355342144 0.54312496792165 0.54632181471274 91.128159309977 90.658163351386 8.8718406900225 9.341836648614 1.3265253692999 1.3777058969893
22 7 2 19.24485162802 7.8351828933975e-05 7.8351828933975e-05 5.6559150872057e-05 5.7821838149898e-05 1097.456417817 1097.4445389801 0.54752875049872 0.54579655002886 0.0 3.554279174412e-06 0.0 3.554279174412e-06 - 1.0
23 9 2 19.34519275191 0.0033223113883195 0.0033223113883195 0.0016617163852711 0.0016672096184106 1097.4180123851 1097.448739839 0.56732220908952 0.56709780515749 1029.9630588603 1033.7778728613 0.0 0.0 0.0 0.0 1029.9630588603 1033.7778728613 0.0 0.0
24 6 2 19.445512596712 0.002302761158171 0.002302761158171 0.0011597846053071 0.0011614947585212 1097.4181775443 1097.4490720685 0.56723209895139 0.5670424517695 0.0 0.0 0.0 0.0
25 13 2 19.545982366153 0.0012957707714907 0.0012957707714907 0.00060655185212369 0.00060841146258381 997.70561997194 997.66764994169 0.56589399174437 0.56543232844562 1.7671154219494 1.7685582335715 5357040.0 5373464.0 2211129.0 2219715.0 366920.0 346069.0 16004.0 16036.0 6.8493048399863 6.4403334608737 0.47739049923092 0.47276765974425 41.275200483849 41.30882797391 51.398104176934 51.778070905472
26 7 2 19.654089174411 7.8350923132485e-05 7.8350923132485e-05 5.4117562954252e-05 5.6012952573249e-05 997.48525356368 997.71751842288 0.543126096561 0.54085398918957 43.380673021399 43.575956531583 56.619326978601 56.424043468417 1.6450663813646 1.6411034288133
27 12 2 19.754547691986 0.0013082581508397 0.0013082581508397 0.00066901728161495 0.00066747379587503 1097.4220774955 1097.4380580149 0.56533822900748 0.56590975241316 133098.0 132812.0 0.051841500247938 0.09712977742975 0.0 0.069270849019667 97.133690964552 97.24046019938 9.0102580384421 9.011687672813 0.0046710529433388 0.0087530321792675 0.0 0.0062424725619582 8.7519961981691 8.7630065647741
1 7 2 19.85609661883 7.7106351884447e-05 7.7106351884447e-05 5.3664662208972e-05 5.5368021911971e-05 997.81411238207 997.63134406996 0.54386101803828 0.54102902257902 56.514840789596 56.808886562183 43.485159210404 43.191113437817 2.0351528556758 2.0233752299203
2 10 2 19.95705951385 7.6209608408786e-05 7.6209608408786e-05 4.9598972218594e-05 5.1501608249515e-05 997.84482317919 997.49516655913 0.54807422829003 0.54597701149425 0.0 0.83978912024722 0.0 6.4e-08 0.0 0.0 0.0 0.0 0.0 0.83978912024722 0.0 6.4e-08
3 5 2 20.058947874404 7.3355427912012e-05 7.3355427912012e-05 5.1474434204798e-05 5.3421907409502e-05 1097.2271853111 1097.2504971404 0.54849622608729 0.546964118449 286.33506493506 287.54636591479
4 6 2 20.159350280294 0.0014182532490451 0.0014182532490451 0.00067275733596947 0.00067847837818385 1040.3411711551 1042.1931063866 0.56793854779361 0.56644388130516 0.0 0.0 0.0 0.0
5 7 2 20.262975072269 7.3505790959446e-05 7.3505790959446e-05 5.154236931659e-05 5.3576346563643e-05 1096.9103474857 1097.020959415 0.55006960153123 0.54700064273593 0.0011890261585755 0.00012022398653491 9.6668793380121e-06 0.0 0.008130081300813 0.0
6 8 2 20.366300049386 7.4898913651937e-05 7.4898913651937e-05 5.5592207780884e-05 5.821314439382e-05 1097.5833551954 1097.4034337798 0.54542101755166 0.54308916982153 9.1154977311054 8.908926820919 0.057027870334917 0.13770675463302 0.0 0.093360511615604 98.307901618777 98.352186969985
7 7 2 20.466632673235 0.0022432699278736 0.0022432699278736 0.0011299366345901 0.0011315652656702 1097.452746723 1097.4655998209 0.56735099772981 0.56734883695582 0.0 0.0 0.0 0.0 - -
8 10 2 20.566956016242 0.0019120817288779 0.0019120817288779 0.00095798697893489 0.00096410883830884 1097.4825755248 1097.4022219211 0.56758492944583 0.56700771160022 542.90566366595 0.0 0.00103808 0.0 0.10041411781738 0.0 1.92e-07 0.0 543.00607778377 0.0 0.001038272 0.0
9 19 2 20.667390723919 0.00091983960206698 0.00091983960206698 0.00047361868987283 0.00047780303985848 1097.4576232825 1097.4121581317 0.56453489282288 0.56436718767553 0.014404296875 0.0 15.659574606955 0.0 0.00067138671875 0.0 0.72989542659537 0.0 0.0 0.0 0.0 0.0 0.0 0.0 0.0 0.0 576.44832730455 0.0 0.00053024 0.0 0.27830939157733 0.0 2.56e-07 0.0 576.72663669613 0.0 0.000530496 0.0 0.0 0.0
10 9 2 20.767802058294 0.0030729768468203 0.0030729768468203 0.0015441782251538 0.0015460582161474 1097.4236829378 1097.4498414242 0.56728930693293 0.56730931742503 0.0 0.0 0.0 0.0 0.0 0.0 0.0 0.0 - -
11 7 2 20.868212006794 0.0024941823755694 0.0024941823755694 0.0012526668488513 0.0012583185972517 1097.4371079278 1097.4173054427 0.56718922480431 0.56675817686232 4575073.0 4599587.0 5853639.0 5884390.0 5857514.0 5888422.0
12 10 2 20.968668879433 0.0027600677219042 0.0027600677219042 0.0013901462287833 0.0013883305496955 1097.4274505563 1097.4327920324 0.56667887007177 0.56706153913318 0.0 0.0 0.0 0.0 - - 0.0 0.0 0.0 0.0 - -
13 9 2 21.069060592337 0.0019914951571588 0.0019914951571588 0.0010037698094738 0.0010131172279556 1097.45098328 1097.4139501939 0.0 0.0 0.56729334855458 0.56632943561035 0.0269775390625 0.0 13.546374424022 0.0 0.00128173828125 0.0 0.64360602467073 0.0
14 10 2 21.174600525838 0.00013043450884004 0.00013043450884004 7.5350002793724e-05 7.7659343693907e-05 997.47905372189 997.64462038039 0.55549731052651 0.55266516685898 34.346738756797 34.837406453323 4.48e-06 4.544e-06 10.304021627039 8.3413508409364 1.344e-06 1.088e-06 45.141428080362 43.178757294259 5.888e-06 5.632e-06
15 19 2 21.281861565506 7.7329179051126e-05 7.7329179051126e-05 5.2585852633716e-05 5.8825013300693e-05 997.70945123508 997.83127248492 0.54653160552985 0.53792854953739 0.0 0.0 0.0 0.0 0.0 0.0 0.0 0.0 1453.6298119198 1652.0284007611 0.0 0.0 0.0 0.0 1453.6298119198 1652.0284007611 1285.310425115 0.0 9.9392e-05 0.0 32.277595994518 0.0 2.496e-06 0.0 1317.5880211096 0.0 0.000101888 0.0 1.1032506281407 1.2538277324121
16 13 2 21.388900320582 7.7914326814032e-05 7.7914326814032e-05 4.736934184958e-05 5.975889463746e-05 997.68355992288 997.70405023505 0.55474169937414 0.53369061823771 203.0 203.0 0.0 0.0 0.0 0.0 0.000244140625 0.0 3.1334497130768 0.0 0.0 0.0 0.0 0.0 0.0 0.0 0.0 0.0
17 9 2 21.489823544213 7.6092760016503e-05 7.6092760016503e-05 5.5709961974657e-05 5.6623915678632e-05 1097.4549052447 1097.5074836973 0.5463214230197 0.54354678132486 0.13822033710111 0.1381158783916 0.0 0.0 0.0 0.0 0.0 0.0 0.0 0.0
18 8 2 21.590222483601 0.0016377977911225 0.0016377977911225 0.00081604471505892 0.00081890251876164 1085.1004331179 1086.6917518544 0.56753319239114 0.56701800687837 0.06693189921709 0.066931611744344 0.0002645815957042 0.00026435970229899 0.0039529969834868 0.003949698735909 14.940559160835 14.940623330866
19 5 2 21.690609585975 0.0024196457825137 0.0024196457825137 0.0012175475663601 0.0012194175935373 1097.4410260918 1097.4279216872 0.56717456418081 0.5672345414498 6.2325216025137 6.247454972592
20 6 2 21.790991251728 0.0034534786905654 0.0034534786905654 0.0017272479528079 0.0017336569512543 1097.4357815301 1097.4419299657 0.56745537425396 0.56716905756848 0.0 0.0 - -
21 7 2 21.891429535509 0.003145689155674 0.003145689155674 0.0015816539502227 0.0015805968798832 1097.4322584129 1097.417267969 0.56689251301421 0.56722594356543 90.925170555011 90.985721535121 9.0748294449893 9.0142784648795 1.2047274026655 1.1998665090202
22 7 2 21.991858179751 0.0035212888017522 0.0035212888017522 0.0017670715153403 0.0017689732455698 1097.4479491507 1097.4457282856 0.56735214098028 0.56736533100066 1.2106146205686e-07 0.0 0.0 0.0 0.0 -
23 9 2 22.092275291329 0.0025400141193891 0.0025400141193891 0.0012756483913691 0.0012814604666332 1097.4673990772 1097.4432334109 0.56716066878862 0.56677663866287 1034.4824384803 1039.9052429816 0.0 0.0 0.0 0.0 1034.4824384803 1039.9052429816 0.0 0.0
24 6 2 22.192660324852 0.0028518761377821 0.0028518761377821 0.0014319018658951 0.0014306138161756 1097.43149351 1097.4601559832 0.56708262454522 0.567305143422 0.0 0.0 0.0 0.0
25 13 2 22.293107349618 0.0032668382934343 0.0032668382934343 0.0016415174649323 0.0016443911201611 1097.4546504043 1097.423645989 0.56728134812025 0.56711555790266 1.7627937236322 1.7633090576782 14497812.0 14523192.0 5968927.0 5981121.0 996469.0 938568.0 42876.0 42828.0 6.8732371477848 6.4625462501632 0.47251267984438 0.46772087017785 41.171226389196 41.183239882803 51.483023783175 51.886492996856
26 7 2 22.393556321856 0.0022073404059488 0.0022073404059488 0.0011182988970394 0.001120376352758 1097.4336719102 1097.4603186077 0.56675025334222 0.56654459143195 41.397793286225 41.413198187874 58.602206713775 58.586801812126 1.5881511058331 1.5871834521186
27 12 2 22.494019803224 0.0031062052687003 0.0031062052687003 0.0015651112976006 0.0015665909243354 1097.4207624148 1097.4417574138 0.56699222412783 0.56705533575455 312575.0 313035.0 0.0095976965528273 0.0038334371555896 0.0 0.0 97.860033591938 97.850719568099 9.0450724285821 9.0498280435823 0.00086811860467875 0.00034691947073966 0.0 0.0 8.8515109170255 8.855321860321
1 7 2 22.594477900507 0.0022631432125766 0.0022631432125766 0.0011455494819822 0.0011523131017122 1097.4503715556 1097.4422479018 0.56672167272181 0.5663936019191 54.319094822764 54.35171629076 45.680905177236 45.64828370924 2.0501339626324 2.0438123058784
2 10 2 22.698669387257 7.8213241305919e-05 7.8213241305919e-05 5.0412381957117e-05 5.2376159588651e-05 997.1732196309 997.66015497605 0.54890106367765 0.54632722187841 0.81827576675507 0.0 6.4e-08 0.0 0.0 0.0 0.0 0.0 0.81827576675507 0.0 6.4e-08 0.0
3 5 2 22.803866550982 7.6952365631051e-05 7.6952365631051e-05 5.3488030918313e-05 5.5445467939413e-05 1097.3326618828 1097.5486600761 0.54961885348896 0.54726419311578 286.51127819549 283.35238095238
4 6 2 22.904236584433 0.0034109676150102 0.0034109676150102 0.0017100060214351 0.0017130046772696 1097.4284060292 1097.4522347397 0.56744369259699 0.56734062718483 0.0 0.0 0.0 0.0
5 7 2 23.004615596188 0.0026989098168642 0.0026989098168642 0.0013524313721209 0.0013582928135663 1097.4419442952 1097.4424081782 0.56737593234096 0.5670138215357 0.0001409816579443 3.5354515036256e-05 2.4700290475416e-06 5.6718473320197e-07 0.017520215633423 0.016042780748663
6 8 2 23.105049200598 0.0029624681591698 0.0029624681591698 0.0014906344874438 0.001489195621776 1097.4469239234 1097.439639716 0.56678399092954 0.56723852365705 9.0664645178736 9.0744338419916 0.0051043583016463 0.018946950970279 0.0 0.01465879673784 99.395042392 99.394397055102
7 7 2 23.205477749731 0.0028824469380887 0.0028824469380887 0.0014506610147646 0.0014526003357559 1097.4443374791 1097.423098991 0.56722085785708 0.56711064305614 0.0 0.0 0.0 0.0 - -
8 10 2 23.305806437873 0.0015085227081904 0.0015085227081904 0.00076337734029105 0.00076659701168925 1097.4336014825 1097.4178122894 0.56714505002433 0.56694211498893 546.56916698925 0.0 0.000824512 0.0 0.5091073510728 0.0 7.68e-07 0.0 547.07827434032 0.0 0.00082528 0.0
9 19 2 23.406244236145 0.0020580697551125 0.0020580697551125 0.0010418515157399 0.0010500780048771 1097.4687011332 1097.4517664653 0.56688340875689 0.56616011910416 0.0267333984375 0.0 12.989549246857 0.0 0.00128173828125 0.0 0.62278660772602 0.0 0.0 0.0 0.0 0.0 0.0 0.0 0.0 0.0 548.77051528231 0.0 0.001129408 0.0 0.15548549761498 0.0 3.2e-07 0.0 548.92600077992 0.0 0.001129728 0.0 0.0 0.0
10 9 2 23.506598287634 0.0016448829703817 0.0016448829703817 0.00083083826500274 0.00083643475951217 1097.4463996712 1097.4255669854 0.56662784092752 0.56605593500241 0.0 0.0 0.0 0.0 0.0 0.0 0.0 0.0 - -
11 7 2 23.607008406423 0.0014219217450819 0.0014219217450819 0.00072294100305022 0.0007217435334797 1097.4481026487 1097.4222454088 0.56574074566323 0.56655965471759 2647498.0 2639301.0 3387352.0 3376634.0 3389416.0 3378902.0
12 10 2 23.707453592412 0.0022338985056522 0.0022338985056522 0.0011285702330416 0.0011310951546966 1097.4531913984 1097.4515446706 0.56689696341801 0.56687151655879 0.0 0.0 0.0 0.0 - - 0.0 0.0 0.0 0.0 - -
13 9 2 23.807843207479 0.0035994757748149 0.0035994757748149 0.0017962202073066 0.0018094566844881 1097.4413288673 1097.4431096674 0.0 0.0 0.56766943552171 0.56691404924153 0.05328369140625 0.0 14.80318100182 0.0 0.002685546875 0.0 0.74609388783512 0.0
14 10 2 23.908254998379 0.0025648584426723 0.0025648584426723 0.0012909885925124 0.0012902942956699 1097.4446076517 1097.4529747438 0.56681165276195 0.56718159747004 1.9213535990959 2.7697434999954 4.928e-06 7.104e-06 0.54895817117026 1.1727742747728 1.408e-06 3.008e-06 2.4952644144103 4.0922336396329 6.4e-06 1.0496e-05
15 19 2 24.008713405446 0.003195818021765 0.003195818021765 0.0016048986280735 0.0016128538296643 1097.4522402138 1097.4258071448 0.56726537224599 0.56694760139353 0.03961181640625 0.0 12.394891115976 0.0 0.001953125 0.0 0.61115025533317 0.0 1034.22096549 1039.9303018401 0.0 0.0 0.0 0.0 1034.22096549 1039.9303018401 541.40754830728 0.0 0.00173024 0.0 0.060078514700272 0.0 1.92e-07 0.0 541.46762682199 0.0 0.001730432 0.0 1.9100328704046 1.9205770582144
16 13 2 24.109119812261 0.0033483196665182 0.0033483196665182 0.0016717218685358 0.0016891236738717 1097.4334969975 1097.4372167957 0.56771860466332 0.56643307575608 203.0 203.0 0.0391845703125 0.0 11.702756670556 0.0 0.005126953125 0.0 1.5312018073625 0.0 0.0 0.0 0.0 0.0 0.001953125 0.0 0.58331497423333 0.0
17 9 2 24.210435220764 7.9212340350013e-05 7.9212340350013e-05 5.2830419036167e-05 5.4539213548108e-05 997.70578563834 997.27881149983 0.54692379103722 0.54245854599019 0.13827702290864 0.13822057452262 0.0 0.0 0.0 0.0 0.0 0.0 0.0 0.0
18 8 2 24.316447375757 7.8166139628409e-05 7.8166139628409e-05 5.0828597742029e-05 5.2058223265464e-05 997.95589052154 997.70077134947 0.54865487184251 0.54616122931891 0.066936197464716 0.066939721939769 0.00026399026169257 0.00026133480314362 0.0039439088518843 0.0039040318001136 14.939599766287 14.938813174333
19 5 2 24.421580693158 7.5277538674994e-05 7.5277538674994e-05 5.2664204462649e-05 5.4829522925833e-05 1097.4260625957 1097.242417365 0.55000993292908 0.54758329337905 6.1267605633803 6.1756756756757
20 6 2 24.521973073637 0.0033759167205312 0.0033759167205312 0.0016957301370431 0.0016983818709067 1097.4372635889 1097.4244592004 0.56735004482245 0.56733733343016 0.0 0.0 - -
21 7 2 24.622419168144 0.0030872685827385 0.0030872685827385 0.0015553494749368 0.0015574713149285 1097.4299378997 1097.4220152813 0.56701332207516 0.56688635172248 90.984757708866 90.991485599963 9.0152422911337 9.0085144000372 1.1998225074504 1.1997072297975
22 7 2 24.72278122239 0.0028674975902884 0.0028674975902884 0.0014413249188014 0.0014404417623481 1097.4474094009 1097.4372448952 0.56690690747395 0.56725991672169 0.0 1.4848548517261e-07 0.0 1.4848548517261e-07 - 1.0
23 9 2 24.823201236155 0.0021579017605937 0.0021579017605937 0.0010890745706487 0.0010914835497129 1097.4514681107 1097.4164829707 0.56697149068257 0.56686965909973 1039.9189810117 1042.4042656053 0.0 0.0 0.0 0.0 1039.9189810117 1042.4042656053 0.0 0.0
24 6 2 24.923584103001 0.0025819889604619 0.0025819889604619 0.0012942318147494 0.0013001036729119 1097.4551977727 1097.4294524621 0.56745172445633 0.56687863122018 0.0 0.0 0.0 0.0
25 13 2 25.02402388679 0.0017817876192689 0.0017817876192689 0.00090424622940071 0.00090242285100021 1097.4360857642 1097.4349576803 0.56611166023875 0.56654905619229 1.7664359705615 1.7650722193783 7986264.0 7970160.0 3295129.0 3285939.0 546973.0 515055.0 23720.0 23900.0 6.8489220992444 6.4622918485953 0.47633035922679 0.47561153101067 41.259955844184 41.228018007167 51.414791697344 51.834078613227
26 7 2 25.124469121692 0.0030649342353856 0.0030649342353856 0.0015413901681658 0.0015442040404963 1097.4439217831 1097.4567478232 0.56713639010175 0.56706225586128 41.367108453878 41.374700623477 58.632891546122 58.625299376523 1.5872605283985 1.5875189219154
27 12 2 25.224919671837 0.0026024781901785 0.0026024781901785 0.0013077586013087 0.001314084266018 1097.4230727985 1097.4308319041 0.56701453826535 0.56642018516762 260355.0 261038.0 0.018052274778668 0.026816019123652 0.0 0.0 97.626317912082 97.598433944483 9.0165702920537 8.996706512943 0.0016276960447332 0.0024125585390097 0.0 0.0 8.8025455780866 8.7806446632137
1 7 2 25.325378441225 0.0023424896115473 0.0023424896115473 0.0011856601835871 0.0011878381832712 1097.4270864393 1097.4303222548 0.56670354602498 0.56665088755862 54.380358490026 54.425992113573 45.619641509974 45.574007886427 2.0465871877522 2.0421435515258
2 10 2 25.425797134331 0.0030042881081877 0.0030042881081877 0.0015104815039035 0.0015127659352626 1097.4369330239 1097.4415513573 0.56722432246912 0.56720818123649 0.0 0.0 0.0 0.0 0.0 0.0 0.0 0.0 0.0 0.0 0.0 0.0
3 5 2 25.526171781935 0.0026668045888326 0.0026668045888326 0.0013429489892169 0.0013453443812587 1097.4272235429 1097.4215869035 0.56711685883477 0.56713343789467 287.33219708708 287.42104177411
4 6 2 25.626556869806 0.0034061632439042 0.0034061632439042 0.001707516878939 0.0017102451530286 1097.4391455839 1097.4356742733 0.5673292265864 0.56745771870818 0.0 0.0 0.0 0.0
5 7 2 25.726938715814 0.0019170944343267 0.0019170944343267 0.0008764449171517 0.0008828063610199 997.68256898496 997.65885389375 0.56705410274352 0.56631012749065 0.00028364704462049 4.997126652175e-05 3.5162856771136e-06 2.6147755738125e-06 0.012396694214876 0.052325581395349
6 8 2 25.833399680047 7.6715951442013e-05 7.6715951442013e-05 5.3330421458956e-05 5.5193202224292e-05 997.90194424907 997.87438683008 0.54294330018121 0.54126822681868 8.7683540971355 8.8630134738155 0.072184997409832 0.30032987051351 0.0 0.24781317184448 98.509592112303 98.573843401769
7 7 2 25.934745165688 7.3851807128843e-05 7.3851807128843e-05 5.2000704870814e-05 5.3767923578896e-05 1097.8464731277 1097.5509221009 0.54786421850247 0.54728888724979 0.0 0.0 0.0 0.0 - -
8 10 2 26.035069367395 0.0039156059298315 0.0039156059298315 0.0019572024185141 0.0019606290655529 1097.4558535584 1097.4379812475 0.56786452875918 0.56782077681586 547.61792642711 0.0 0.002144256 0.0 13.043192015545 0.0 5.1072e-05 0.0 560.66111844266 0.0 0.002195328 0.0
9 19 2 26.135515560635 0.0036208436319774 0.0036208436319774 0.0018123434738385 0.0018241175345136 1097.4354904082 1097.4296342381 0.56741117936012 0.56683182007216 0.0400390625 0.0 11.057937477994 0.0 0.00201416015625 0.0 0.55626819630155 0.0 0.0 0.0 0.0 0.0 0.0 0.0 0.0 0.0 423.13232929181 0.0 0.001532096 0.0 0.19442982673503 0.0 7.04e-07 0.0 423.32675911855 0.0 0.0015328 0.0 0.0 0.0
10 9 2 26.235917644965 0.0029466936262116 0.0029466936262116 0.0014797530941377 0.0014795343430777 1097.4558233936 1097.4471814989 0.56704761075011 0.56724455601356 0.0 0.0 0.0 0.0 0.0 0.0 0.0 0.0 - -
11 7 2 26.337395312406 7.5470474392484e-05 7.5470474392484e-05 5.1211751772536e-05 5.2597628053093e-05 997.71575372555 997.21878149408 0.54489249125377 0.54413115184227 195257.0 200898.0 249621.0 256793.0 249644.0 256750.0
12 10 2 26.437833743833 0.0020171999918581 0.0020171999918581 0.0010233844878511 0.0010259569640843 1097.4313020291 1097.4361033614 0.56644836373071 0.56655736360105 0.0 0.0 0.0 0.0 - - 0.0 0.0 0.0 0.0 - -
13 9 2 26.538241019312 0.0036068127668885 0.0036068127668885 0.0018064308546089 0.0018162302680345 1097.4291922778 1097.4440032221 0.0 0.0 0.56792283523719 0.56716496224668 0.05340576171875 0.0 14.806912687298 0.0 0.0025634765625 0.0 0.71073180899031 0.0
14 10 2 26.638623755723 0.002756922779129 0.002756922779129 0.0013829002697596 0.0013891756624862 1097.4457642324 1097.4296470618 0.56729320256025 0.56679272798768 2.4607145515129 2.0660716517419 6.784e-06 5.696e-06 1.0446429699819 0.51071434088003 2.88e-06 1.408e-06 3.5285718097166 2.6000002808438 9.728e-06 7.168e-06
15 19 2 26.739073113833 0.0031320921694991 0.0031320921694991 0.0015732127861322 0.001577382643294 1097.4236374067 1097.443097557 0.5669929583672 0.56695671255212 0.0401611328125 0.0 12.82246199636 0.0 0.00189208984375 0.0 0.60409775362791 0.0 1034.9318680869 1037.7382989083 0.0 0.0 0.0 0.0 1034.9318680869 1037.7382989083 440.5285430092 0.0 0.001379776 0.0 0.22476988603837 0.0 7.04e-07 0.0 440.75331289524 0.0 0.00138048 0.0 2.3480977630969 2.3544651135837
16 13 2 26.83947857318 0.0020893534211921 0.0020893534211921 0.0010496645064967 0.0010634408413666 1097.4308468587 1097.4354612585 0.56757897170319 0.56593295088139 203.0 203.0 0.02703857421875 0.0 12.941120417685 0.0 0.00323486328125 0.0 1.5482604562919 0.0 0.0 0.0 0.0 0.0 0.0013427734375 0.0 0.64267415166834 0.0
17 9 2 26.939895239103 0.0027737109039551 0.0027737109039551 0.0013917155298657 0.0013971924585784 1097.4401369487 1097.4313763489 0.56712969413979 0.56683397991286 0.13791716074617 0.13789893074599 1.8455888120406e-07 1.8373956313347e-07 1.3381864896692e-06 1.3324219567149e-06 52.0 0.0 9.5970618226112e-06 0.0
18 8 2 27.040282557058 0.0025135085561721 0.0025135085561721 0.0012641601110643 0.0012627121873816 1097.4545534322 1097.4380989281 0.56691697315197 0.5672505148999 0.066931596705151 0.066931798830242 0.00026444258671158 0.00026469812105026 0.0039509379684532 0.0039547438687791 14.940626687949 14.940581569252
19 5 2 27.14069506354 0.0020130948995029 0.0020130948995029 0.0010183106408017 0.0010203731507957 1097.4313014562 1097.4444894318 0.56677454718792 0.56673746987049 6.2210724365005 6.2413145539906
20 6 2 27.241069669477 0.0034731943658091 0.0034731943658091 0.0017370238153947 0.0017432924146102 1097.4363514368 1097.4192656975 0.56745556176966 0.5671085467373 0.0 0.0 - -
21 7 2 27.347078951267 7.994241635141e-05 7.994241635141e-05 5.5190937720566e-05 5.6298732943521e-05 997.15302706459 997.44351184453 0.54480547930507 0.54136906835761 90.780479398659 91.057623464487 9.2195206013409 8.9423765355129 1.3479304139172 1.3336532693461
22 7 2 27.452579369179 7.7982261925824e-05 7.7982261925824e-05 5.1556409239694e-05 5.3877072658509e-05 997.46285565326 997.91197684283 0.54530387004987 0.54322115165076 0.0 0.0 0.0 0.0 - -
23 9 2 27.554633009519 7.3817386672201e-05 7.3817386672201e-05 5.9542860981962e-05 5.5555522820516e-05 1097.8652438824 1097.2678847426 0.54256943584664 0.5438262820257 1736.582745326 1616.8819485579 0.0 0.0 0.0 0.0 1736.582745326 1616.8819485579 0.0 0.0
24 6 2 27.655015028535 0.0031143067572319 0.0031143067572319 0.0015632050383637 0.0015658667360437 1097.4346017458 1097.4277013334 0.56748915880552 0.56744083374364 0.0 0.0 0.0 0.0
25 13 2 27.755456933711 0.0026039256609604 0.0026039256609604 0.0013095851500144 0.0013151531117769 1097.4265249552 1097.44139428 0.56689144574326 0.56671572351764 1.764006155868 1.7645531233772 11566200.0 11615376.0 4765309.0 4787057.0 794429.0 749743.0 34204.0 34420.0 6.8685393647006 6.4547458472287 0.46994691428473 0.47303677470277 41.200299147516 41.213104078594 51.461214573499 51.859113299475
26 7 2 27.855877168492 0.0001536556358522 0.0001536556358522 8.7717363445085e-05 8.9966921446891e-05 997.48357863244 997.79843005406 0.55221208155491 0.55069000504544 42.60658099226 42.709140883783 57.39341900774 57.290859116217 1.6199213057418 1.618838992333
27 12 2 27.956914797569 7.3873546364616e-05 7.3873546364616e-05 5.5572280148092e-05 5.7609880601107e-05 1097.5988559305 1097.3519796038 0.54235048156186 0.54156625993069 10805.0 11155.0 0.16658954187876 0.12550425818019 0.0 0.0 90.485886163813 89.914836396235 8.8058156687286 8.7695162025754 0.014669567981223 0.011006116256034 0.0 0.0 7.9680203418009 7.885096146287
1 7 2 28.058805702519 7.4659782058428e-05 7.4659782058428e-05 5.5630704344233e-05 5.7383883129212e-05 1097.5255828219 1097.7824062412 0.5416302881181 0.54177837641374 56.554480917025 56.59771276134 43.445519082975 43.40228723866 2.0275455927052 2.0245931816508
2 10 2 28.159197563974 0.0029320160188584 0.0029320160188584 0.0014721683653565 0.001474779338153 1097.4367665203 1097.4225115418 0.56735703589979 0.56736594762728 0.1091399221361 0.13096790656332 3.2e-07 3.84e-07 0.043655968854439 0.0 1.28e-07 0.0 0.15279589099054 0.13096790656332 4.48e-07 3.84e-07
3 5 2 28.259573829339 0.0027238972567829 0.0027238972567829 0.0013648508163579 0.0013706619858206 1097.4201280822 1097.4467552445 0.56728015836383 0.56705242655869 287.36298932384 287.27063941724
4 6 2 28.359948424406 0.0031170169152917 0.0031170169152917 0.0015635270507936 0.0015624355599975 1097.4425808481 1097.4468851937 0.56703800685192 0.5673399410926 0.0 0.0 0.0 0.0
5 7 2 28.460343298557 0.0016155467775068 0.0016155467775068 0.00082008549550831 0.00082288668661786 1097.4405773642 1097.4201259285 0.56663147268357 0.56656086477533 8.4177665568706e-05 8.1074246235582e-06 0.0 0.0 0.0 0.0
6 8 2 28.560779994468 0.0034136886426879 0.0034136886426879 0.0017114358290879 0.0017170373055055 1097.4289514412 1097.4352805305 0.56729151072587 0.56683865297773 9.0689398205583 9.0656784131673 0.0048163030269671 0.0034289934585356 0.0 0.0 99.406694978766 99.417730533868
7 7 2 28.661181630427 0.0029189217525108 0.0029189217525108 0.0014657675191234 0.0014638576366806 1097.4356023628 1097.4321584331 0.56708790005344 0.56732587086726 0.0 0.0 0.0 0.0 - -
8 10 2 28.761544701887 0.0027977925423833 0.0027977925423833 0.0014045942154585 0.0014074588126724 1097.4217878063 1097.4431600568 0.56739824185579 0.56749277589648 537.52091236862 0.0 0.001503872 0.0 0.091500708548577 0.0 2.56e-07 0.0 537.61241307716 0.0 0.001504128 0.0
9 19 2 28.864810790132 8.0353650228127e-05 8.0353650228127e-05 5.3111670398986e-05 5.9663332580206e-05 997.68392849452 997.99516413635 0.54632105621139 0.53712794585338 0.014404296875 0.0 179.26126360291 0.0 0.000732421875 0.0 9.1149795052326 0.0 0.0 0.0 0.0 0.0 0.0 0.0 0.0 0.0 1346.8460946422 0.0 0.000108224 0.0 56.550013435599 0.0 4.544e-06 0.0 1403.3961080778 0.0 0.000112768 0.0 0.0 0.0
10 9 2 28.971578902592 7.6301094359334e-05 7.6301094359334e-05 5.5427804810348e-05 5.6953627421196e-05 1097.6090312253 1097.4754093698 0.54490730021906 0.5447720459547 0.0 0.0 0.0 0.0 0.0 0.0 0.0 0.0 - -
11 7 2 29.071991122841 0.0021844127586196 0.0021844127586196 0.0011022032574529 0.0011046625084998 1097.4500475832 1097.444850974 0.56700554388687 0.56705664142781 4026991.0 4035843.0 5152402.0 5163259.0 5155685.0 5166719.0
12 10 2 29.1724340715 0.0020320261506557 0.0020320261506557 0.0010245330441411 0.00103044521047 1097.4415096956 1097.4520340875 0.56669115810606 0.56628247669623 0.0 0.0 0.0 0.0 - - 0.0 0.0 0.0 0.0 - -
13 9 2 29.272828260865 0.0024422672689391 0.0024422672689391 0.0012250661716325 0.001230075706776 1097.4418878584 1097.4398974351 0.0 0.0 0.56709437753404 0.56671178531508 0.03997802734375 0.0 16.369227009752 0.0 0.001953125 0.0 0.79971796078176 0.0
14 10 2 29.373259548235 0.0014195159363229 0.0014195159363229 0.00072494644755032 0.00072717743662157 1097.4429325044 1097.4031235249 0.56617796606273 0.56609301681109 0.72137266923015 0.81154425288392 1.024e-06 1.152e-06 0.090171583653769 0.22542895913442 1.28e-07 3.2e-07 0.81154425288392 1.0369732120183 1.152e-06 1.472e-06
15 19 2 29.473708042211 0.0024312654040347 0.0024312654040347 0.0012276223434388 0.0012353166742004 1097.4313029795 1097.4227460572 0.56700771928591 0.5663193187141 0.02716064453125 0.0 11.171402548721 0.0 0.0013427734375 0.0 0.55229405858845 0.0 1040.345902098 1048.1348501777 0.0 0.0 0.0 0.0 1040.345902098 1048.1348501777 545.48055419995 0.0 0.001326208 0.0 0.0 0.0 0.0 0.0 545.48055419995 0.0 0.001326208 0.0 1.9072098795966 1.9214889368787
16 13 2 29.574124858497 0.0018338467483362 0.0018338467483362 0.00092536589695461 0.00093943072959928 1097.4311122739 1097.4346540771 0.56728711441819 0.56563095745496 203.0 203.0 0.0274658203125 0.0 14.97716226147 0.0 0.00311279296875 0.0 1.6974117229666 0.0 0.0 0.0 0.0 0.0 0.0013427734375 0.0 0.73221682167185 0.0
17 9 2 29.674565561674 0.0026345553383639 0.0026345553383639 0.0013213709861088 0.0013284901329239 1097.4455003725 1097.4242291813 0.56720308706286 0.56671096734482 0.13790242951256 0.137933532754 1.9440921857409e-07 1.9319964304434e-07 1.4097591990312e-06 1.400672042446e-06 56.0 0.0 1.0886916240149e-05 0.0
18 8 2 29.774939896776 0.0026375943023648 0.0026375943023648 0.0013259552474525 0.0013244593162909 1097.4344723807 1097.447624236 0.56686213959699 0.56728287365138 0.066931746212151 0.066931764086962 0.00026487301681653 0.0002647870471996 0.0039573600242996 0.0039560745307052 14.940593314723 14.940589324685
19 5 2 29.875346116091 0.0034024086967258 0.0034024086967258 0.0015513739121948 0.0015535759156183 997.66522228713 997.67683513277 0.56752755777141 0.5674088973396 6.2343846629561 6.2513897467573
20 6 2 29.975720250105 0.0020018013665185 0.0020018013665185 0.0010053033313973 0.0010118237434271 1097.4294514935 1097.42609582 0.56716936951854 0.56643885005177 0.0 0.0 - -
21 7 2 30.07614946953 0.002726000527844 0.002726000527844 0.0013721302900368 0.0013717666107383 1097.4450784405 1097.4357886026 0.56674441130881 0.56701200183385 90.947037099017 90.985081446861 9.0529629009829 9.0149185531387 1.2047536007801 1.2004801076285
22 7 2 30.176580315776 0.0026111267828104 0.0026111267828104 0.0013142423283781 0.0013165634446977 1097.4244738694 1097.4258559486 0.56711538198455 0.56711250117784 0.0 0.0 0.0 0.0 - -
23 9 2 30.277007702765 0.0025291454073038 0.0025291454073038 0.0012696818769507 0.0012749427720079 1097.4657050289 1097.4304797905 0.56713565787736 0.56664156588613 1034.1137336142 1039.3075828733 0.0 0.0 0.0 0.0 1034.1137336142 1039.3075828733 0.0 0.0
24 6 2 30.377881466917 7.882284570907e-05 7.882284570907e-05 5.063566202454e-05 5.2751614306488e-05 997.8650048563 997.28378691981 0.5496651950325 0.54694910637978 0.0 0.0 0.0 0.0
25 13 2 30.484506514373 7.7393490956956e-05 7.7393490956956e-05 5.7852635400577e-05 5.932139251752e-05 1097.6359272913 1097.6008267407 0.5465639186859 0.5449390287029 1.8296121749205 1.8350676815721 510952.0 523924.0 218787.0 224998.0 33416.0 30885.0 2000.0 1924.0 6.5399489580235 5.8949389606126 0.64409181292959 0.62814454004779 42.819482064851 42.944778250281 49.996477164195 50.532138249059
26 7 2 30.584964807309 0.0039486232999641 0.0039486232999641 0.0019809076964228 0.001983697112113 1097.4286303854 1097.4365631447 0.56728684670041 0.567179003206 41.353022287367 41.364302410375 58.646977712633 58.635697589625 1.5868002694656 1.5859457690336
27 12 2 30.685445705427 0.0026087988729797 0.0026087988729797 0.0013173234121482 0.0013199026818926 1097.43787428 1097.4472421318 0.5668066939498 0.56668375210149 262531.0 264461.0 0.0057136109640385 0.0034031482902961 0.0 0.0 97.850158647931 97.863201001282 9.0259145523881 9.0745011462322 0.00051570564347 0.0003088187306109 0.0 0.0 8.8318717089385 8.8805972966008
1 7 2 30.785906614318 0.0025414941990247 0.0025414941990247 0.0012846185435301 0.0012867449125292 1097.434243799 1097.446172614 0.56682578447973 0.56679321392805 54.421764870132 54.46104158256 45.578235129868 45.53895841744 2.0386474953559 2.032713429914
2 10 2 30.886303200434 0.0017313036789937 0.0017313036789937 0.00087806313151458 0.00088048977370779 1097.4284897255 1097.4330114021 0.56676218167106 0.56677551589198 0.0 0.036966362849295 0.0 6.4e-08 0.0 0.0 0.0 0.0 0.0 0.036966362849295 0.0 6.4e-08
3 5 2 30.986633954709 0.0022928661826881 0.0022928661826881 0.0011542234370558 0.0011530146449666 1097.4470354185 1097.4397833024 0.56694209434037 0.56698821723616 287.33521566743 287.2524050024
4 6 2 31.087014372268 0.0019303408753247 0.0019303408753247 0.00097411794477953 0.00097656677910925 1097.4330393404 1097.4154984023 0.56717779706306 0.56721616621408 0.0 0.0 0.0 0.0
5 7 2 31.187382005344 0.0018904484718787 0.0018904484718787 0.00095067172609713 0.00095690228164994 1097.4296458304 1097.4024345228 0.5671432052987 0.5667134093089 0.0003053118314549 5.6863658114229e-05 5.6739366907548e-06 3.2186976291073e-06 0.01858407079646 0.056603773584906
6 8 2 31.288731617817 7.8072842074881e-05 7.8072842074881e-05 5.7429626104485e-05 5.9583169148292e-05 1097.0732709238 1097.0815498846 0.5449646085017 0.54165139881014 8.9508217406391 8.7337240325633 0.16087820573483 0.031924839805715 0.12065865430113 0.0 98.593892937131 98.620390851253
7 7 2 31.389134376064 0.0017508436287482 0.0017508436287482 0.00088810982874713 0.00089017777355008 1097.4316751268 1097.4534914999 0.56682310446356 0.56672494895014 0.0 0.0 0.0 0.0 - -
8 10 2 31.489492815255 0.0028403217339684 0.0028403217339684 0.001425387341575 0.0014286174296904 1097.4384180195 1097.4379364137 0.56751385136707 0.56743157760295 537.71936528687 0.0 0.001527296 0.0 0.067597975857384 0.0 1.92e-07 0.0 537.78696326273 0.0 0.001527488 0.0
9 19 2 31.589934733112 0.0025544181746921 0.0025544181746921 0.0012886960089398 0.0012966113552651 1097.4322576352 1097.4358808383 0.56697398886547 0.56642982524173 0.04022216796875 0.0 15.746117204791 0.0 0.001953125 0.0 0.76460660175011 0.0 0.0 0.0 0.0 0.0 0.0 0.0 0.0 0.0 544.43709091119 0.0 0.00139072 0.0 0.025054629126147 0.0 6.4e-08 0.0 544.46214554031 0.0 0.001390784 0.0 0.0 0.0
10 9 2 31.693380841251 7.8265777792372e-05 7.8265777792372e-05 5.2604421564272e-05 5.4433687674458e-05 997.70454278151 997.41425408812 0.54717016685981 0.54261889497874 0.0 0.0 0.0 0.0 0.0 0.0 0.0 0.0 - -
11 7 2 31.796753124756 7.3641661183031e-05 7.3641661183031e-05 5.3911040214405e-05 5.5865306930288e-05 1097.5129300904 1097.6587523988 0.54678205428546 0.54504160167556 204978.0 212968.0 261977.0 272216.0 261907.0 272251.0
12 10 2 31.89719879082 0.0029536266308203 0.0029536266308203 0.0014124366447637 0.0014181078678961 1050.1910666822 1049.0792364615 0.56816900315343 0.56743643139034 0.0 0.0 0.0 0.0 - - 0.0 0.0 0.0 0.0 - -
13 9 2 32.005165700755 8.0394411295202e-05 8.0394411295202e-05 4.8077225714453e-05 5.6538317437774e-05 997.91760869546 998.01781559221 0.0 0.0 0.55523068795799 0.53999013764047 0.0 0.0 0.0 0.0 0.0 0.0 0.0 0.0
14 10 2 32.11170672063 7.8442409083032e-05 7.8442409083032e-05 5.2574077214338e-05 5.3947272274027e-05 997.48603663559 997.46899780945 0.54529782036828 0.54384699323815 17.949474225219 16.317703841109 1.408e-06 1.28e-06 0.81588519205543 4.0794259602771 6.4e-08 3.2e-07 18.765359417275 20.397129801386 1.472e-06 1.6e-06
15 19 2 32.212693647468 7.5157972878239e-05 7.5157972878239e-05 5.4455426910231e-05 6.1128919391932e-05 1097.6318057211 1097.6998656926 0.54558448512129 0.53748436989782 0.0 0.0 0.0 0.0 0.0 0.0 0.0 0.0 1551.5053897065 1767.9029238224 0.0 0.0 0.0 0.0 1551.5053897065 1767.9029238224 1112.9624282911 0.0 8.3648e-05 0.0 12.773095963555 0.0 9.6e-07 0.0 1125.7355242546 0.0 8.4608e-05 0.0 1.3782148260212 1.5704425113464
