--------------------------------------------------------------------------------
CPU name:	Intel(R) Core(TM) i7-8750H CPU @ 2.20GHz
CPU type:	Intel Coffeelake processor
CPU clock:	2.21 GHz
--------------------------------------------------------------------------------
Allocate: Process running on core 0 (Domain S0) - Vector length 125000000/500000000 Offset 0 Alignment 1024
Allocate: Process running on core 0 (Domain S0) - Vector length 125000000/500000000 Offset 0 Alignment 1024
--------------------------------------------------------------------------------
LIKWID MICRO BENCHMARK
Test: ddot_sp
--------------------------------------------------------------------------------
Using 1 work groups
Using 1 threads
--------------------------------------------------------------------------------
--------------------------------------------------------------------------------
=========== Threads started
Group: 0 Thread 0 Global Thread 0 running on core 0 - Vector length 125000000 Offset 0
=========== Threads finished
--------------------------------------------------------------------------------
Cycles:			50480549558
CPU Clock:		2207980818
Cycle Clock:		2207980818
Time:			2.286277e+01 sec
Iterations:		200
Iterations per thread:	200
Inner loop executions:	31250000
Size (Byte):		1000000000
Size per thread:	1000000000
Number of Flops:	50000000000
MFlops/s:		2186.96
Data volume (Byte):	200000000000
MByte/s:		8747.85
Cycles per update:	2.019222
Cycles per cacheline:	32.307552
Loads per update:	2
Stores per update:	0
Load bytes per element:	8
Store bytes per elem.:	0
Instructions:		93750000020
UOPs:			112500000000
--------------------------------------------------------------------------------
--------------------------------------------------------------------------------
