1 7 2 0.1006716438327 0.10068274459804 0.10068274459804 0.0014472833504903 0.0 1894.4080775866 - 1.4385784607347 - 32.468253734698 - 67.531746265302 - 9.8075964791038 -
2 10 2 0.20097868959752 0.053394177464893 0.053394177464893 0.0 0.00014881051690376 - 2196.5482388107 - 1.835139046427 0.0 22.06203102903 0.0 0.001177984 0.0 2.3121622218297 0.0 0.000123456 0.0 24.374193250859 0.0 0.00130144
3 5 2 0.30126118500033 0.057300959071555 0.057300959071555 0.0 0.0 - - - - - -
4 6 2 0.40154442709952 0.05222686900914 0.05222686900914 0.0 0.0 - - - - 0.0 0.0 0.0 0.0
5 7 2 0.5018264612542 0.056648202352866 0.056648202352866 0.0 0.0 - - - - - - - - - -
6 8 2 0.60214232147979 0.056397045951139 0.056397045951139 0.0 0.0 - - - - - - - - - - - -
7 7 2 0.70243114386576 0.056310985568715 0.056310985568715 0.0 0.0 - - - - 0.0 0.0 - - - -
8 10 2 0.80270153535651 0.05616300285174 0.05616300285174 0.0 0.00015962900564305 - 2094.1083454776 - 2.3095480022289 548.97349561936 0.0 0.030832 0.0 93.906089991707 0.0 0.005274048 0.0 642.87958561107 0.0 0.036106048 0.0
9 19 2 0.90303055973052 0.050124167474825 0.050124167474825 0.0 0.0 - - - - 0.62994384765625 0.0 12.5676670435 0.0 0.03338623046875 0.0 0.66607052347589 0.0 0.0 0.0 0.0 0.0 0.0 0.0 0.0 0.0 504.09343981005 0.0 0.025267264 0.0 0.57968045084426 0.0 2.9056e-05 0.0 504.6731202609 0.0 0.02529632 0.0 0.0 0.0
10 9 2 1.0033380468074 0.049653507710837 0.049653507710837 0.0 0.0 - - - - 0.0 0.0 0.0 0.0 0.0 0.0 0.0 0.0 - -
11 7 2 1.1036565503744 0.050407715456733 0.050407715456733 0.020184211256194 0.0 2193.9819072157 - 0.43334582692846 - 89878810.0 0.0 116600027.0 0.0 110629009.0 0.0
12 10 2 1.2039951150634 0.056977121201651 0.056977121201651 0.022870760488852 0.0 2194.2427761796 - 0.4333773309924 - 0.0 0.0 0.0 - - - 142149.0 0.0 0.0012204394332344 - 29.843664042659 -
13 9 2 1.3042673587961 0.056083969027232 0.056083969027232 0.022549579100061 0.0 2193.4766578407 - 0.0 0.0 0.43347882803203 - 0.912841796875 0.0 16.276340863675 0.0 0.05621337890625 0.0 1.0023074308267 0.0
14 10 2 1.4045609250601 0.056499177523227 0.056499177523227 0.022732921152848 0.00025581827007776 2194.3066349165 2193.832315363 0.43480314135098 3.5962560032612 3.2589500957656 7.1193956732315 0.000184128 0.00040224 2.923653179413 3.9748543225727 0.000165184 0.000224576 6.3140034180736 30.539205624554 0.000356736 0.00172544
Running without Marker API. Activate Marker API with -m on commandline.
15 19 2 1.5048878534284 0.055573475186265 0.055573475186265 0.02128215216204 0.0 2193.7096151281 - 0.43412507932084 - 0.8643798828125 0.0 15.553820953528 0.0 0.05487060546875 0.0 0.98735242460258 0.0 0.0 0.0 0.0 0.0 0.0 0.0 0.0 0.0 901.47063562405 0.0 0.050097856 0.0 2084.9727970339 0.0 0.115869184 0.0 2986.4434326579 0.0 0.16596704 0.0 0.0 0.0
16 13 2 1.6051686035191 0.056038914418895 0.056038914418895 0.024150875828207 1.5169082569112e-05 2193.9300536234 2200.4167773455 10.670214976489 5.1387567152724 206.0 206.0 0.84967041015625 0.0 15.162149712696 0.0 0.18096923828125 0.0 3.229349464704 0.0 0.0 0.0 0.0 0.0 0.06011962890625 0.0 1.0728192994042 0.0
17 9 2 1.7054697373334 0.055661936052559 0.055661936052559 0.04578377728699 0.01592039958509 2193.9699811043 2193.9580425938 2.0110840442902 0.64691558492368 0.14290179531186 0.14865937686493 0.00039623687023783 0.001436031461384 0.0027727914080652 0.0096598781164588 53874.0 277226.0 0.0010722218668538 0.0051040444359295
18 8 2 1.8057202951547 0.055083892468651 0.055083892468651 0.054679297663296 0.054682022108276 2193.9498043331 2193.9543748223 0.65809860519777 0.63737691769222 0.066666751010164 0.066666753279541 3.2719460271999e-08 5.2812728273116e-08 4.9079128315418e-07 7.9218989488908e-07 14.999981022737 14.999980512129
19 5 2 1.9059609356882 0.054972981777 0.054972981777 0.054578259403322 0.054571724450728 2193.9458747729 2193.9530239956 0.6534002597844 0.63951440830602 6.4098360655738 6.8122448979592
20 6 2 2.0062087495815 0.055079244646166 0.055079244646166 0.054677382441455 0.054687672624382 2193.9544264083 2193.954979554 0.65446801464439 0.638009719609 0.0 0.0 - -
21 7 2 2.1064814246582 0.054674430997457 0.054674430997457 0.054279083356182 0.054281691809491 2193.950837862 2193.9507538644 0.65795226245935 0.63975510188737 83.432842566141 84.749626763361 16.567157433859 15.250373236639 1.8459708948356 1.7802657055693
22 7 2 2.2067463581972 0.054980439678942 0.054980439678942 0.0545886968413 0.054585603125963 2193.9473526727 2193.9462521315 0.64927946193559 0.6371453700363 0.00023689382371757 0.00011470851118687 5.3170989608085e-05 5.1126995477136e-05 0.22445072131334 0.44571230982019
23 9 2 2.3069996372918 0.054794213239534 0.054794213239534 0.054377430246925 0.054405515636337 2193.949846643 2193.9478171777 0.65657643211702 0.63921722581341 1779.1414500987 1828.4017066188 0.0 0.0 0.0 0.0 1779.1414500987 1828.4017066188 0.0 0.0
24 6 2 2.4072549743324 0.054656926223241 0.054656926223241 0.054259669250327 0.054263595296519 2193.9533160076 2193.947866465 0.648624881892 0.63705963768371 0.0 0.0 0.0 0.0
25 13 2 2.5075253549489 0.054537911519797 0.054537911519797 0.054156211929693 0.05415541494005 2193.9436898615 2193.9516908195 0.65416409606808 0.63797594418669 1.5286684274032 1.567457220154 478102960.0 478095924.0 170539796.0 174864353.0 39180498.0 35602860.0 5996.0 6336.0 8.1949917231217 7.4468026629736 0.0023844236396277 0.0024403052639286 35.670098340324 36.575160803923 56.132525512915 55.97559622784
26 7 2 2.6078106024353 0.053777173805323 0.053777173805323 0.053394857103289 0.053404167247219 2193.9473534387 2193.9502170885 0.65215569272851 0.63849960561119 35.782708781102 36.547984482981 64.217291218898 63.452015517019 2.0709986066476 2.018362357359
27 12 2 2.7081009970521 0.053813699401136 0.053813699401136 0.053431048769957 0.053432487791619 2193.9463588823 2193.9510003362 0.65193090526449 0.63668779863188 19069174.0 17791731.0 47.643857043834 43.326885956178 16.266672064558 12.113885939485 99.852237962693 99.839565919696 16.170558531287 15.086887309907 7.7042777898358 6.5366784591005 2.6304117272919 1.8276083205408 16.146664584557 15.062682801005
1 7 2 2.8083875965665 0.053365288289452 0.053365288289452 0.052988452646945 0.052995737920658 2193.9511606435 2193.9508443223 0.65581994342175 0.63950707147208 58.654835651451 60.595886735216 41.345164348549 39.404113264784 2.5910934053064 2.4489936155042
2 10 2 2.908641924117 0.051154817806625 0.051154817806625 0.050763364041996 0.050766657118018 2193.9492058469 2193.9518416908 0.65600378293679 0.64361733501235 7145.0527569402 7280.785035887 0.365503872 0.372447232 7042.3396162178 7178.9927077492 0.3602496 0.367240064 14187.392373158 14459.777743636 0.725753472 0.739687296
3 5 2 3.0089039016807 0.052660164050073 0.052660164050073 0.052255851521336 0.0522539059423 2193.9479034336 2193.9462458498 0.65660759315408 0.6404682268304 inf 13719392.571429
4 6 2 3.1091490178615 0.053428772886814 0.053428772886814 0.053024201642277 0.053040425977192 2193.9524138825 2193.9464866669 0.64716585876096 0.6346714709275 0.0 0.0 0.0 0.0
5 7 2 3.2094002091061 0.053220362134233 0.053220362134233 0.052818398436821 0.052825376966936 2193.9478552468 2193.957171219 0.65644512911684 0.64018012072571 0.15642482868349 0.15479502779012 0.056215233607363 0.056209310719563 0.35937538868021 0.3631209058974
6 8 2 3.3096778926669 0.052704331503368 0.052704331503368 0.052305754219027 0.052317029878062 2193.9449560787 2193.9555844642 0.64956787005824 0.6359008213465 16.015815362628 15.2392514252 12.819332026688 11.130072251912 3.7379948687163 2.9356169288973 99.948599153245 99.946414790692
7 7 2 3.4099335106248 0.053006640231799 0.053006640231799 0.052615328285102 0.052623929339327 2193.9500980956 2193.951081854 0.65318258265202 0.63854608158446 0.0 0.0 0.0 0.0 - -
8 10 2 3.5101603644608 0.052474252056835 0.052474252056835 0.052094123338312 0.052092287860745 2193.946168633 2193.9508881237 0.65480697865682 0.6353097807612 15022.916136969 0.0 0.788316288 0.0 4.4602446119004 0.0 0.000234048 0.0 15027.376381581 0.0 0.788550336 0.0
9 19 2 3.6104349361826 0.052640725477225 0.052640725477225 0.052264009904225 0.052275290094184 2193.9442273779 2193.9480982473 0.64950239333987 0.6382050878968 0.93109130859375 0.0 17.687661029607 0.0 0.12835693359375 0.0 2.4383579905122 0.0 0.0 0.0 0.0 0.0 0.0 0.0 0.0 0.0 15045.387783317 0.0 0.792000128 0.0 3.3969136705261 0.0 0.000178816 0.0 15048.784696988 0.0 0.792178944 0.0 0.0 0.0
10 9 2 3.7106982739299 0.052014490072767 0.052014490072767 0.051638187720097 0.051644995887446 2193.9512299899 2193.9500005672 0.65853796848267 0.63570650525884 0.0 0.0 0.0 0.0 0.0 0.0 0.0 0.0 - -
11 7 2 3.8109630497927 0.052500944640016 0.052500944640016 0.052125804016418 0.05212430699892 2193.9506193818 2193.950396918 0.64846031388778 0.63964484117229 165597035.0 167874363.0 212905762.0 215833831.0 212900400.0 215828288.0
12 10 2 3.9112474083117 0.051909120701939 0.051909120701939 0.051537538213456 0.051542568445981 2193.94421691 2193.9537326798 0.65630529413405 0.63694215964671 7552.0 7874.0 4.3574363996903e-05 4.4087572633772e-05 38.814088983051 39.260096520193 0.0 0.0 0.0 0.0 - -
13 9 2 4.011500681063 0.052195307494351 0.052195307494351 0.051810212882435 0.051828061100738 2193.9485721557 2193.9428394631 0.0 0.0 0.64918368670552 0.63798834254461 0.9381103515625 0.0 17.973078358893 0.0 0.12860107421875 0.0 2.4638435980604 0.0
14 10 2 4.1117682597557 0.051505881096446 0.051505881096446 0.051135982752651 0.051135032164664 2193.9463970424 2193.9482804947 0.65641225526301 0.63788612613899 7253.9158644891 7479.903261505 0.373619328 0.385259008 1.4302056082113 1.4401462206054 7.3664e-05 7.4176e-05 7255.3510404035 7481.3719869863 0.373693248 0.385334656
15 19 2 4.2120586108757 0.05155464925061 0.05155464925061 0.051186586384383 0.051198203222042 2193.9432369732 2193.9545129518 0.65635221877522 0.63819691364646 0.907470703125 0.0 17.602111862186 0.0 0.12335205078125 0.0 2.3926464940461 0.0 1780.586801275 1831.6565309361 0.0 0.0 0.0 0.0 1780.586801275 1831.6565309361 14991.624368211 0.0 0.772887936 0.0 8.2391793208635 0.0 0.000424768 0.0 14999.863547531 0.0 0.773312704 0.0 0.118706866608 0.12211154622387
16 13 2 4.3123243926037 0.051424847321807 0.051424847321807 0.051033857523859 0.051068268537147 2193.9471188673 2193.9550281242 0.65268136246849 0.63901812195759 211.0 211.0 0.89483642578125 0.0 17.400857219498 0.0 0.26446533203125 0.0 5.1427538593606 0.0 0.0 0.0 0.0 0.0 0.1234130859375 0.0 2.3998726756582 0.0
17 9 2 4.4125975253038 0.051826169439995 0.051826169439995 0.05143425895816 0.051448782837062 2193.9487285295 2193.9478544641 0.66283386036507 0.64019284892633 0.13336394841772 0.13336053464618 4.0873052846446e-08 6.7655607474343e-08 3.0647752508365e-07 5.0731355909632e-07 0.0 0.0 0.0 0.0
18 8 2 4.5128503793977 0.050793420383907 0.050793420383907 0.050424804744879 0.050429793292896 2193.946568048 2193.9544800807 0.64865563197937 0.64034610748346 0.066666745157134 0.066666747595936 1.1657000138159e-08 1.1506531202039e-08 1.7485479620586e-07 1.7259775850743e-07 14.999982339666 14.999981790936
19 5 2 4.6130985666392 0.051768529735406 0.051768529735406 0.051386210314828 0.051398140692471 2193.9477381443 2193.9528965487 0.65832000843023 0.63710270072941 6.3291139240506 6.7445887445887
20 6 2 4.7133067131936 0.052038888195715 0.052038888195715 0.051662981845858 0.051660808361313 2193.9500983918 2193.9493016504 0.65133776561363 0.64132671173853 0.0 0.0 - -
21 7 2 4.8135841403041 0.051649959062575 0.051649959062575 0.0512857764802 0.051288928644465 2193.9516826232 2193.9518088306 0.65740108737312 0.63733849465854 83.417123469453 84.827998126602 16.582876530547 15.172001873398 1.8372417030586 1.7759228750752
22 7 2 4.9138479229882 0.051746391637663 0.051746391637663 0.051375468398715 0.051372424523548 2193.9473219467 2193.9518203579 0.65428530456161 0.63972198335052 0.00032156091517235 0.00012563446497963 6.0442334894225e-05 5.646756949236e-05 0.18796542752041 0.44945922682534
23 9 2 5.0141113078571 0.051189302673985 0.051189302673985 0.050821691994037 0.050827611647066 2193.9467559968 2193.9518702482 0.6536909069009 0.63730699760862 1787.7601025909 1833.933499698 0.0 0.0 0.0 0.0 1787.7601025909 1833.933499698 0.0 0.0
24 6 2 5.1143621755936 0.051395566674477 0.051395566674477 0.051019283804786 0.051029138112764 2193.9458565898 2193.9508711218 0.65786086989615 0.63976889542654 0.0 0.0 0.0 0.0
25 13 2 5.2146372837769 0.051302407239342 0.051302407239342 0.050934951063923 0.050936307169665 2193.9454852993 2193.9467828413 0.64864554967244 0.63641596186505 1.5416740321505 1.5712993700998 449664960.0 449676932.0 161760607.0 164873338.0 36110293.0 33121878.0 5548.0 6208.0 8.0304885219431 7.365705386017 0.0023735449611195 0.0024933456003921 35.973585088774 36.664842305053 55.993552844322 55.96695896333
26 7 2 5.3149209807809 0.051103350127566 0.051103350127566 0.050724901022812 0.050742810408597 2193.9470025601 2193.9491672603 0.65714979736609 0.63987246062298 35.50986127635 36.468672922907 64.49013872365 63.531327077093 2.0943426301847 2.027404740341
27 12 2 5.415205442605 0.051431891097237 0.051431891097237 0.051058941628796 0.051070034238475 2193.9424114806 2193.9507765101 0.64794238483305 0.63666464528359 17876509.0 17145617.0 45.92337911166 44.653744452591 15.675224955834 13.729112227341 99.8259615454 99.83774862112 15.863453558666 15.211561833071 7.2850339179483 6.7925319481873 2.4866320310852 2.0884123955936 15.835845049246 15.186880864248
1 7 2 5.5154903484597 0.050963167850435 0.050963167850435 0.050600832526035 0.050599895077729 2193.9449323508 2193.9474054126 0.65579162658944 0.63814143149822 52.753651896507 59.961416499994 47.246348103493 40.038583500006 2.5542902371221 2.4369484187366
2 10 2 5.6157507093895 0.051332274188319 0.051332274188319 0.050963821209481 0.050969071644943 2193.9485630923 2193.9462603696 0.65269924576013 0.63830890242281 7185.8392762178 7345.7399260485 0.368865472 0.377073536 7152.9667018641 7312.3748740012 0.367178048 0.375360832 14338.805978082 14658.11480005 0.73604352 0.752434368
3 5 2 5.7160013152386 0.050619955746813 0.050619955746813 0.050251732938951 0.050259105659509 2193.9470152007 2193.948690717 0.65102782196213 0.63688279389301 12979713.857143 inf
4 6 2 5.8162444967146 0.0514454494361 0.0514454494361 0.0510776674872 0.051076454558676 2193.9529360448 2193.950672735 0.65470793901977 0.63758560473425 0.0 0.0 0.0 0.0
5 7 2 5.9164887402393 0.051635654027333 0.051635654027333 0.051265416770374 0.051270920937615 2193.9493045486 2193.9490071044 0.64725150439775 0.63586382943994 0.15610990217164 0.15479193607668 0.056390494188808 0.056530011452127 0.36122304481883 0.36519997672311
6 8 2 6.0167670853151 0.051763533031723 0.051763533031723 0.051393024372379 0.051403635797863 2193.9432167657 2193.9469070253 0.65397119614123 0.6383587036366 16.351470021313 15.142826017934 14.43637878392 10.659161212585 4.5087770059594 2.8117978307273 99.950058730605 99.952455099575
7 7 2 6.1170213575884 0.051548779890845 0.051548779890845 0.051179438850779 0.051176550386327 2193.9459153871 2193.9464349578 0.64692607670569 0.63453007397813 0.0 0.0 0.0 0.0 - -
8 10 2 6.2172470007614 0.051558196964596 0.051558196964596 0.051181450581314 0.051189596730707 2193.946890958 2193.9408376477 0.65591084688467 0.640512822955 15400.636615459 0.0 0.794029056 0.0 224.99343815234 0.0 0.011600256 0.0 15625.630053611 0.0 0.805629312 0.0
9 19 2 6.3175292397138 0.051346998787182 0.051346998787182 0.050963326432512 0.050987196702741 2193.9451015986 2193.945214151 0.65031860151044 0.63609891046456 0.928955078125 0.0 18.091711298946 0.0 0.1270751953125 0.0 2.474831992405 0.0 0.0 0.0 0.0 0.0 0.0 0.0 0.0 0.0 15097.424237257 0.0 0.775207424 0.0 174.07147858915 0.0 0.008938048 0.0 15271.495715846 0.0 0.784145472 0.0 0.0 0.0
10 9 2 6.4177947586482 0.051142373169036 0.051142373169036 0.050780972121294 0.0507838633043 2193.943721215 2193.946895481 0.65422625523713 0.63896388556612 0.0 0.0 0.0 0.0 0.0 0.0 0.0 0.0 - -
11 7 2 6.5180683199738 0.051680432249267 0.051680432249267 0.051327774073689 0.051319121820015 2193.9419911395 2193.9458780587 0.65614358061292 0.63588443859667 161150502.0 166256012.0 207189623.0 213753987.0 207185450.0 213749887.0
12 10 2 6.6183449813581 0.051456515766416 0.051456515766416 0.051097494813381 0.051099596709317 2193.9449168866 2193.9497652917 0.6492196111408 0.63858322831799 8760.0 8747.0 5.0429303044926e-05 4.9527453621874e-05 39.364269406393 37.946953241111 0.0 0.0 0.0 0.0 - -
13 9 2 6.7185811426195 0.051577247690296 0.051577247690296 0.051205286869608 0.051216119404214 2193.9419953924 2193.946295915 0.0 0.0 0.65886746321306 0.63568548206594 0.90716552734375 0.0 17.588482673426 0.0 0.12567138671875 0.0 2.43656636107 0.0
14 10 2 6.8188501331483 0.051469255820291 0.051469255820291 0.051097920720296 0.051106311086526 2193.9454122811 2193.9462756364 0.64820211872734 0.63940980224195 7361.0688548295 7468.329780056 0.378868736 0.384389376 1.3503983862265 1.4871790699143 6.9504e-05 7.6544e-05 7362.422983598 7469.8244198904 0.378938432 0.384466304
15 19 2 6.9191316698075 0.052050631446172 0.052050631446172 0.05167988627256 0.051684522314642 2193.9447418067 2193.944534233 0.65755649729443 0.63625338113503 0.912841796875 0.0 17.537573925861 0.0 0.12591552734375 0.0 2.4190970185245 0.0 1777.3552871433 1837.0297024904 0.0 0.0 0.0 0.0 1777.3552871433 1837.0297024904 15007.209294047 0.0 0.78113472 0.0 6.9003581708982 0.0 0.000359168 0.0 15014.109652218 0.0 0.781493888 0.0 0.11837900004152 0.12235355575807
16 13 2 7.0193958503067 0.051669539000272 0.051669539000272 0.051296429137098 0.051311168234919 2193.9394197622 2193.9495200085 0.64975292937947 0.63873677876369 211.0 211.0 0.8890380859375 0.0 17.206232204488 0.0 0.26153564453125 0.0 5.0616988189091 0.0 0.0 0.0 0.0 0.0 0.12347412109375 0.0 2.3896888472936 0.0
17 9 2 7.1196653609857 0.051939986266704 0.051939986266704 0.051565959797476 0.051576073274343 2193.9475676844 2193.9459267749 0.6582340435913 0.6378121224623 0.13334853322351 0.1333479593917 6.3620453054896e-08 8.9650210931538e-08 4.7709900901765e-07 6.723028334329e-07 479.0 521.0 2.7703815466632e-06 2.9192349934582e-06
18 8 2 7.2199170687557 0.051853891449252 0.051853891449252 0.051484828607957 0.05148268049659 2193.9441363836 2193.9426520811 0.65654703874245 0.63826553382343 0.066666751409862 0.0666667471812 1.1555890265497e-08 0.0 1.7333813364405e-07 0.0 14.999980932805 14.999981884252
19 5 2 7.3201691489676 0.052034518572002 0.052034518572002 0.051662946504645 0.051666790994194 2193.9450782047 2193.9464495497 0.65207593685983 0.63882644028599 6.3347457627119 6.7310924369748
20 6 2 7.4204139035806 0.052325716567056 0.052325716567056 0.051945470497586 0.051954774751313 2193.9453827387 2193.9463280925 0.660724597938 0.63906303422659 0.0 0.0 - -
21 7 2 7.5206962249959 0.051404412851725 0.051404412851725 0.051038898630602 0.051035492734558 2193.9429460901 2193.9497242856 0.64938326676874 0.63983940606563 83.917513269797 84.629635355932 16.082486730203 15.370364644068 1.8379153329618 1.8055827089331
22 7 2 7.6209626899874 0.051681040299353 0.051681040299353 0.051313367545735 0.051316949241655 2193.9425680377 2193.9539723057 0.65712038179507 0.63698571472641 0.00038906405377851 0.0001164869280319 5.2935068982765e-05 4.5484032852529e-05 0.13605746526483 0.39046469523235
23 9 2 7.7212236698415 0.051560129857043 0.051560129857043 0.051181676674453 0.051197166546486 2193.949477719 2193.9438266939 0.64862750995472 0.63981984135215 1801.4280463902 1826.7789522864 0.0 0.0 0.0 0.0 1801.4280463902 1826.7789522864 0.0 0.0
24 6 2 7.8214771564525 0.051527527135774 0.051527527135774 0.05115085188801 0.051149942984529 2193.9461087847 2193.9444476397 0.65905879270382 0.63816803839769 0.0 0.0 0.0 0.0
25 13 2 7.9217570429489 0.05097621147626 0.05097621147626 0.050614295262389 0.050615593372295 2193.9447479046 2193.9417437554 0.65316825019702 0.63932490699816 1.5309990951005 1.5641499166603 446834140.0 446845600.0 159629225.0 163089742.0 35791337.0 32847676.0 5704.0 6140.0 8.009982630244 7.3510125197607 0.0023984290904898 0.0024724423827828 35.724491642469 36.49800781299 56.263127298196 56.148507224867
26 7 2 8.0220438989135 0.05167867968762 0.05167867968762 0.051305784137181 0.051316017683551 2193.9407762466 2193.9460333464 0.65249871882632 0.63721019558593 35.764110236572 36.622118976463 64.235889763428 63.377881023537 2.0655152626039 2.0066966524705
27 12 2 8.1223325319069 0.051425172642195 0.051425172642195 0.051059018201422 0.051052102651159 2193.9474822125 2193.9494528835 0.65695162896834 0.63920613696165 18613661.0 17118492.0 49.011997156282 43.54691406229 19.093197195329 13.87261214364 99.847456123758 99.849163115536 16.51757085272 15.192831050066 8.0955913566221 6.6160090810013 3.153732374788 2.1076425252142 16.49237430988 15.169914657048
1 7 2 8.2226147636099 0.051558882946585 0.051558882946585 0.05119194646822 0.051199436992818 2193.9403164531 2193.9470101759 0.64858212688995 0.6359263210424 58.889456926888 53.362177292517 41.110543073112 46.637822707483 2.3937082948903 2.2985535581096
2 10 2 8.3228681260735 0.051837220365168 0.051837220365168 0.051446885738919 0.051470657688084 2193.9429371247 2193.947689942 0.65453616720757 0.63888391113713 7164.3310614229 7340.0170248262 0.371379008 0.38048608 7129.9736636409 7305.1571309648 0.369598016 0.37867904 14294.304725064 14645.174155791 0.740977024 0.75916512
3 5 2 8.423116455586 0.046391467617193 0.046391467617193 0.046059409743567 0.046050480650399 2193.9419228422 2193.9468842066 0.64503108404242 0.63549119317188 12007463.857143 12185358.428571
4 6 2 8.5233478919992 0.051782269311254 0.051782269311254 0.051401138352207 0.051411897032741 2193.9481963612 2193.9475592942 0.6551272989673 0.63872706587341 0.0 0.0 0.0 0.0
5 7 2 8.6235935310487 0.051685213280937 0.051685213280937 0.051310172790778 0.051307024251253 2193.9459355422 2193.9495078086 0.65176533928652 0.63744880344779 0.15656116614202 0.15515979840781 0.056269405945981 0.056370939822818 0.35940844931455 0.36330892667608
6 8 2 8.7238622551591 0.051348175015216 0.051348175015216 0.05095722418322 0.050963465078805 2193.9464109745 2193.943934905 0.65566412924118 0.64185287855645 16.647113986117 15.64599444242 14.493467581914 11.450195419291 4.4499926990878 3.0155805200984 99.855847218004 99.853475094927
7 7 2 8.8241145936338 0.050502856718302 0.050502856718302 0.050097951091543 0.050112913110856 2193.9484192232 2193.9449344112 0.66271150294905 0.64301228156726 0.0 0.0 0.0 0.0 - -
8 10 2 8.9243469144834 0.05118807116867 0.05118807116867 0.050790956466809 0.050789917525791 2193.9472171493 2193.9488767357 0.6507771150576 0.64035235032366 15729.844817689 0.0 0.805180416 0.0 188.93401878989 0.0 0.009671168 0.0 15918.778836479 0.0 0.814851584 0.0
9 19 2 9.0246321075988 0.050748572385733 0.050748572385733 0.050372303561912 0.050382556138165 2193.9429325858 2193.9455065255 0.65566703821612 0.63927621036611 0.91900634765625 0.0 18.109008873609 0.0 0.12451171875 0.0 2.4535018995924 0.0 0.0 0.0 0.0 0.0 0.0 0.0 0.0 0.0 15153.299567816 0.0 0.76900832 0.0 43.454384947781 0.0 0.002205248 0.0 15196.753952764 0.0 0.771213568 0.0 0.0 0.0
10 9 2 9.1249030437067 0.051730556962265 0.051730556962265 0.051340104985069 0.051352913908999 2193.9447947298 2193.9414644759 0.64782258042615 0.63570925638405 0.0 0.0 0.0 0.0 0.0 0.0 0.0 0.0 - -
11 7 2 9.2251808876622 0.051931407414009 0.051931407414009 0.051555510579094 0.051552013158372 2193.9419751715 2193.9465537425 0.65638212360591 0.63975212565748 161808835.0 166003320.0 208035225.0 213428300.0 208029882.0 213422850.0
12 10 2 9.325461065044 0.051296101098442 0.051296101098442 0.05090816061277 0.050931015955882 2193.942742412 2193.947330499 0.65198088966808 0.63604330946536 8230.0 8839.0 4.7756680698311e-05 5.0014314539306e-05 39.491373025516 39.523588641249 0.0 0.0 0.0 0.0 - -
13 9 2 9.4257120224928 0.052056025965036 0.052056025965036 0.051659559638484 0.051682832279755 2193.9455436521 2193.9413930871 0.0 0.0 0.65549217954313 0.64152057334522 1.028564453125 0.0 19.758797066373 0.0 0.1319580078125 0.0 2.5349228137609 0.0
14 10 2 9.525981911051 0.048046638851571 0.048046638851571 0.047682247393591 0.047691006577086 2193.9383508718 2193.9429005045 0.66075362636161 0.63902947117773 7209.0860105748 7463.8890996695 0.346372352 0.358614784 1.3786604345963 1.3533516923187 6.624e-05 6.5024e-05 7210.5778943301 7465.2890727292 0.346444032 0.358682048
15 19 2 9.6262772063158 0.050893017356757 0.050893017356757 0.050514063053907 0.050526687569203 2193.9395067726 2193.9425100853 0.64892607687418 0.6392092529722 0.9183349609375 0.0 18.044419620476 0.0 0.1243896484375 0.0 2.4441397837652 0.0 1800.4068290487 1828.2321786458 0.0 0.0 0.0 0.0 1800.4068290487 1828.2321786458 15165.039608278 0.0 0.771794624 0.0 26.3618089412 0.0 0.001341632 0.0 15191.401417219 0.0 0.773136256 0.0 0.11851486111136 0.12034651237466
16 13 2 9.7265499185462 0.048487724364314 0.048487724364314 0.04811323347533 0.048131354455296 2193.9422305924 2193.9484931208 0.66187027427757 0.63775300868582 212.0 212.0 0.9395751953125 0.0 19.377589021357 0.0 0.3463134765625 0.0 7.1422918089631 0.0 0.0 0.0 0.0 0.0 0.119384765625 0.0 2.4621647476792 0.0
17 9 2 9.8268269967755 0.051673451906782 0.051673451906782 0.051292890031869 0.051289569317208 2193.9422383102 2193.9419916246 0.64881494255028 0.63982442640484 0.13335294877984 0.13335260173109 7.4506448793916e-08 1.7521863611848e-07 5.587161699508e-07 1.3139498880705e-06 624.0 704.0 3.576309542108e-06 3.9791587041101e-06
18 8 2 9.9270805866915 0.051355084675276 0.051355084675276 0.050981488643892 0.050985317728296 2193.9403049533 2193.9428151478 0.65721040215361 0.63708581693128 0.066666755058746 0.066666752723078 1.1681772649189e-08 1.1323212046276e-08 1.752263574085e-07 1.6984796144655e-07 14.999980111808 14.999980637332
19 5 2 10.02732800277 0.05192790500927 0.05192790500927 0.051546744599212 0.051557983557757 2193.9427681241 2193.9431753783 0.65188850290718 0.63811841201759 6.1330472103004 6.6755555555556
20 6 2 10.127581967846 0.052063049804398 0.052063049804398 0.051688239938301 0.051687615123794 2193.9370025226 2193.9438993412 0.65606418584168 0.63872919814391 0.0 0.0 - -
21 7 2 10.227875554046 0.051866497387758 0.051866497387758 0.051500824131178 0.051503588448295 2193.9371133093 2193.9471951961 0.65868710696175 0.63816402790408 83.393639561634 84.794061478375 16.606360438366 15.205938521625 1.843614572213 1.7873496438336
22 7 2 10.32815189736 0.052073122956036 0.052073122956036 0.051703429863123 0.051702131753216 2193.9397824071 2193.9462399848 0.64987013766859 0.63955042734264 0.00025409034872115 0.00011469281409377 5.9402119776295e-05 5.5975623118208e-05 0.23378345566949 0.48804821435843
23 9 2 10.42840845775 0.051690198204215 0.051690198204215 0.051322995307481 0.051326885106276 2193.9378701317 2193.9394166164 0.65810161856465 0.63786054493124 1775.9171214111 1832.4107333811 0.0 0.0 0.0 0.0 1775.9171214111 1832.4107333811 0.0 0.0
24 6 2 10.528655505011 0.050660949740496 0.050660949740496 0.05027687458663 0.050288427991345 2193.9393210805 2193.9426111637 0.64910800977611 0.64080250321294 0.0 0.0 0.0 0.0
25 13 2 10.628934117411 0.051589106026238 0.051589106026238 0.051215649094237 0.051214684460384 2193.940349472 2193.9416281731 0.65817333819156 0.63716216121379 1.5193565919088 1.5694591751886 452143024.0 452134508.0 160297621.0 165580342.0 37022974.0 33923304.0 5648.0 6084.0 8.1883324600403 7.5029230018426 0.0023771239252825 0.0024963810105819 35.452857279957 36.621920926239 56.356433136078 55.872659690908
26 7 2 10.729218388936 0.051671362244343 0.051671362244343 0.051299809206872 0.051304668170445 2193.9439771583 2193.9408971531 0.65135212510103 0.63962472577328 35.826009444743 36.482778321429 64.173990555257 63.517221678571 2.0742540864875 2.0285041042523
27 12 2 10.829501857582 0.051304216890639 0.051304216890639 0.050927344094562 0.050940684042858 2193.9444507229 2193.9407639102 0.65544314132433 0.63772022672161 18509222.0 17170587.0 48.658630816573 44.530853837437 17.209902177412 12.92958708983 99.827496801324 99.821735855623 16.467359791642 15.272397105253 8.0127918062518 6.8009288324132 2.834016511344 1.9746578844283 16.438953069264 15.245171897228
1 7 2 10.929791576185 0.051683883907651 0.051683883907651 0.051314571412409 0.051311144221019 2193.9391187702 2193.9378627746 0.65709599419075 0.6396981320568 56.40576684551 58.984896480571 43.59423315449 41.015103519429 2.3688193041199 2.2162392441378
2 10 2 11.030050890471 0.051595898788443 0.051595898788443 0.051224921631493 0.051228621131453 2193.9364013695 2193.9475470294 0.64977321863554 0.63615405473597 7217.033770975 7369.832272118 0.372369344 0.38025312 7185.3214830137 7337.6697158108 0.37073312 0.378593664 14402.355253989 14707.501987929 0.743102464 0.758846784
3 5 2 11.130304043606 0.052011459790374 0.052011459790374 0.051632863883656 0.051642454491821 2193.9380595491 2193.9423753637 0.65556206841968 0.63902720144613 inf 13589428.142857
4 6 2 11.230550434789 0.052034193251614 0.052034193251614 0.051662438134902 0.051658165926068 2193.9428459818 2193.9426670752 0.64813977542019 0.6355441741617 0.0 0.0 0.0 0.0
5 7 2 11.330799078748 0.051466947767285 0.051466947767285 0.051097700064267 0.051101201109728 2193.9430547207 2193.9474864255 0.65451228367829 0.63907913602437 0.15629199595597 0.15482989551021 0.056277264480853 0.056265118312426 0.36007771310763 0.36339957556012
6 8 2 11.431078628143 0.05173687669594 0.05173687669594 0.051353133205751 0.051368142799773 2193.9402116678 2193.9406161149 0.6482921583842 0.63621184284271 15.881777380959 15.187021226822 12.570584697397 11.011102375097 3.7680602466979 3.0625341893424 99.950799013556 99.946862690062
7 7 2 11.53133379754 0.051094950699487 0.051094950699487 0.050728885064839 0.05072589601386 2193.9400978941 2193.9434400097 0.65342819849439 0.63798832174583 0.0 0.0 0.0 0.0 - -
8 10 2 11.631553135478 0.051429555858682 0.051429555858682 0.05106045269216 0.051064736681398 2193.9361205938 2193.9421491293 0.65238878110319 0.63626125037082 15029.335779681 0.0 0.772952064 0.0 4.5832011586429 0.0 0.000235712 0.0 15033.91898084 0.0 0.773187776 0.0
9 19 2 11.731845531857 0.051086631921866 0.051086631921866 0.050726835274536 0.050735878547005 2193.9428437067 2193.939694097 0.64963953587164 0.63688609680781 0.90045166015625 0.0 17.625974277056 0.0 0.12384033203125 0.0 2.4241240295633 0.0 0.0 0.0 0.0 0.0 0.0 0.0 0.0 0.0 15072.607823857 0.0 0.770008768 0.0 5.9669621686202 0.0 0.000304832 0.0 15078.574786025 0.0 0.7703136 0.0 0.0 0.0
10 9 2 11.832112105591 0.051581521258407 0.051581521258407 0.05120888532995 0.051214203276188 2193.9417149905 2193.9423160668 0.65415120171158 0.6366852510553 0.0 0.0 0.0 0.0 0.0 0.0 0.0 0.0 - -
11 7 2 11.932389188351 0.051674743220302 0.051674743220302 0.051313170450513 0.051316803345882 2193.9412277335 2193.9441917197 0.64604350503892 0.63600966024354 163622802.0 166215763.0 210368508.0 213702411.0 210364335.0 213698170.0
12 10 2 12.032685555633 0.051946821619601 0.051946821619601 0.051590479802297 0.051588954693066 2193.9471140288 2193.9421700813 0.65560833108973 0.63829269147934 7470.0 7624.0 4.3011276963759e-05 4.2739837747265e-05 39.586211512718 35.935073452256 0.0 0.0 0.0 0.0 - -
13 9 2 12.132934109879 0.051988231552166 0.051988231552166 0.051616436563318 0.051625613951156 2193.9390403967 2193.9381233694 0.0 0.0 0.64727275743793 0.63523107228425 0.91259765625 0.0 17.553927667924 0.0 0.1263427734375 0.0 2.4302187180713 0.0
14 10 2 12.233191516646 0.052149975593427 0.052149975593427 0.051775582572395 0.051784727790668 2193.9367470467 2193.943247998 0.65591649495133 0.63827317155523 7259.4798308538 7477.2848800556 0.378581696 0.389940224 1.3622249903594 1.3609977606384 7.104e-05 7.0976e-05 7260.846964763 7478.6655134918 0.378652992 0.390012224
15 19 2 12.333442664394 0.052406189413226 0.052406189413226 0.052022511168349 0.052040295047522 2193.9387917847 2193.9443487248 0.65440683137849 0.63717521243978 1.001708984375 0.0 19.114325914377 0.0 0.1285400390625 0.0 2.4527644635437 0.0 1785.5527571784 1834.4677236872 0.0 0.0 0.0 0.0 1785.5527571784 1834.4677236872 15375.175661916 0.0 0.805754368 0.0 66.983233074261 0.0 0.003510336 0.0 15442.15889499 0.0 0.809264704 0.0 0.11562844090133 0.11879606576787
16 13 2 12.433709290686 0.051336188907199 0.051336188907199 0.050961816275333 0.050978201458072 2193.9300372078 2193.945066239 0.65321718932177 0.64013448686587 211.0 211.0 0.916015625 0.0 17.843467629743 0.0 0.28497314453125 0.0 5.5511160956338 0.0 0.0 0.0 0.0 0.0 0.12451171875 0.0 2.4254180413564 0.0
17 9 2 12.533985903136 0.052316224279955 0.052316224279955 0.051938449376779 0.051949406058719 2193.942860065 2193.9400929132 0.6574312324165 0.63542479552566 0.13334812478364 0.13334764364437 4.0146365159282e-08 5.5420496114416e-08 3.0106433985794e-07 4.1560911464037e-07 0.0 529.0 0.0 2.9317442444526e-06
18 8 2 12.634236992888 0.051873625438386 0.051873625438386 0.051499663761381 0.051500856300743 2193.9388725587 2193.9402489437 0.64756663272232 0.63849851823584 0.066666752125737 0.066666747931146 1.1394542766055e-08 1.1234720625472e-08 1.7091792239352e-07 1.6852060396099e-07 14.999980771734 14.999981715514
19 5 2 12.734483970373 0.052138956384726 0.052138956384726 0.051766730051853 0.051772143600601 2193.9338680459 2193.9420266999 0.65790836544963 0.63581805355824 6.5063829787234 6.6942148760331
20 6 2 12.834733029364 0.051726716550549 0.051726716550549 0.051348460010087 0.051362185540069 2193.9388327483 2193.9392579855 0.64745641828999 0.639141312997 0.0 0.0 - -
21 7 2 12.935013483132 0.051419071299088 0.051419071299088 0.051053227679745 0.051053902334422 2193.9372557582 2193.9395377707 0.65725231134053 0.63672539657891 83.40882873436 84.9062838562 16.59117126564 15.0937161438 1.8343343546167 1.7620090993998
22 7 2 13.035281679843 0.051165552473259 0.051165552473259 0.050798260770405 0.050806227948275 2193.9351822059 2193.9356714195 0.6508780080912 0.63983413245928 0.00025863670224707 0.00011467008717894 5.9586776805529e-05 5.6816755336752e-05 0.23038793909693 0.49548017913418
23 9 2 13.135547804109 0.051557570790812 0.051557570790812 0.051184589605898 0.05119736590717 2193.9357977877 2193.9417157488 0.65664240650973 0.63801489479816 1779.6296177777 1832.0449654861 0.0 0.0 0.0 0.0 1779.6296177777 1832.0449654861 0.0 0.0
24 6 2 13.235798837677 0.051376447984908 0.051376447984908 0.051008644740662 0.051007707745449 2193.9356028149 2193.9452045187 0.65817290166258 0.63926615077789 0.0 0.0 0.0 0.0
25 13 2 13.336074201405 0.051690723791472 0.051690723791472 0.051324999335445 0.051328451446921 2193.9420565467 2193.9426059479 0.64979245287803 0.63873832534137 1.5389529311565 1.5655863447141 453108392.0 453138868.0 162711771.0 165538691.0 36222241.0 33128525.0 6036.0 6140.0 7.9941668791692 7.3108990067919 0.0025265477757914 0.0025259364862076 35.910120817184 36.531558577315 56.093185755871 56.155016479407
26 7 2 13.436362307905 0.051877570061369 0.051877570061369 0.051504723444915 0.051516124157469 2193.9372947419 2193.942827531 0.65979235145962 0.63872098756527 35.367794954331 36.534480393178 64.632205045669 63.465519606822 2.1091458852571 2.0273053600771
27 12 2 13.536655743678 0.051444053005129 0.051444053005129 0.051081105099716 0.05107873995706 2193.940406553 2193.9438268027 0.64752598924739 0.63902645829365 17943275.0 17310343.0 46.320852798611 44.477668640073 17.126160079473 14.85275595059 99.837916991185 99.839489026878 15.915792440953 15.355088931347 7.3723307883062 6.8295855742729 2.7257640913542 2.280653884969 15.889995645688 15.330442328679
1 7 2 13.636941575654 0.051962186891207 0.051962186891207 0.051597598791075 0.05160048589625 2193.9361954473 2193.9409082997 0.65848876024791 0.63748498362874 52.157885659782 54.940633504404 47.842114340218 45.059366495596 2.5049688106492 2.3652090940965
2 10 2 13.73721334364 0.051632633712974 0.051632633712974 0.051267168878929 0.051274685229798 2193.9409412869 2193.9345461635 0.64901072085335 0.63947747380803 7226.1809086498 7332.9152664328 0.373106752 0.378617728 7196.15214799 7303.1988663644 0.371556288 0.377083392 14422.33305664 14636.114132797 0.74466304 0.75570112
3 5 2 13.837470241131 0.051870275272715 0.051870275272715 0.051501266349422 0.051513009146786 2193.9347693607 2193.9425189068 0.6555554320696 0.63716803793757 13210581.0 13594917.571429
4 6 2 13.937721759508 0.050187895835933 0.050187895835933 0.049819526226115 0.049826656089113 2193.9333844422 2193.9426283115 0.65539506544561 0.63999092595898 0.0 0.0 0.0 0.0
5 7 2 14.037964040236 0.051564859236172 0.051564859236172 0.051194225523309 0.051195170221094 2193.9367662 2193.9346327383 0.64968527184811 0.63610675314989 0.15644871400598 0.15521550212482 0.056338766843314 0.056454395399111 0.3601101306666 0.36371621794396
6 8 2 14.138237626029 0.051870622341541 0.051870622341541 0.051501009899088 0.0515073273673 2193.9397314018 2193.9440738728 0.65748301097535 0.63952925446688 16.564997790932 15.232227522171 14.792976479604 10.772378796227 4.938442085577 3.101739375961 99.951822699369 99.951716890818
7 7 2 14.238489774204 0.051741799092458 0.051741799092458 0.051364108917575 0.051377050144503 2193.9399962955 2193.9387795822 0.64768329789303 0.63609457797981 0.0 0.0 0.0 0.0 - -
8 10 2 14.338711238959 0.051895928461786 0.051895928461786 0.051520721686692 0.051522476060708 2193.937450394 2193.9398123017 0.65465006542783 0.63883175653197 14972.900553695 0.0 0.777032576 0.0 3.0090992613224 0.0 0.00015616 0.0 14975.909652957 0.0 0.777188736 0.0
9 19 2 14.438996526317 0.051727216764628 0.051727216764628 0.051346553850095 0.051351927073614 2193.9370593295 2193.9435615852 0.65007520013799 0.63713249374156 0.95001220703125 0.0 18.365809460695 0.0 0.12921142578125 0.0 2.4979388775003 0.0 0.0 0.0 0.0 0.0 0.0 0.0 0.0 0.0 15510.388885811 0.0 0.802309248 0.0 47.195270743223 0.0 0.00244128 0.0 15557.584156554 0.0 0.804750528 0.0 0.0 0.0
10 9 2 14.539260460334 0.051663682327095 0.051663682327095 0.051288119874418 0.051298252381169 2193.9384827762 2193.9376486592 0.65457579380274 0.63890801858497 0.0 0.0 0.0 0.0 0.0 0.0 0.0 0.0 - -
11 7 2 14.639524558371 0.051282728527488 0.051282728527488 0.050915676057454 0.050915565049801 2193.934477382 2193.9421925804 0.65252540591716 0.63554208951299 160743736.0 165038595.0 206666419.0 212188403.0 206661893.0 212183790.0
12 10 2 14.739801964639 0.051568181310111 0.051568181310111 0.051202121112569 0.051206826024705 2193.9395104336 2193.9387014217 0.64866791917712 0.63749040214563 7626.0 7832.0 4.3774188740755e-05 4.4177924605825e-05 38.787044322056 38.827885597549 0.0 0.0 0.0 0.0 - -
13 9 2 14.84005488126 0.051546883245794 0.051546883245794 0.0511678111389 0.051185717353038 2193.9377205407 2193.939733795 0.0 0.0 0.65571073638298 0.6362359024468 0.91510009765625 0.0 17.752772622405 0.0 0.12567138671875 0.0 2.438001656075 0.0
14 10 2 14.940323421414 0.052159639149478 0.052159639149478 0.051786265133395 0.051787464016053 2193.9381585806 2193.9362852166 0.64624309308202 0.63646892331481 7381.3516787693 7499.8837871353 0.38500864 0.391191232 1.4871268525786 1.3202545324873 7.7568e-05 6.8864e-05 7382.8633456689 7501.2126306843 0.385087488 0.391260544
15 19 2 15.040611556006 0.051189039880356 0.051189039880356 0.050824440452918 0.050835750093887 2193.9366117532 2193.9400766241 0.65477568326436 0.63771905658482 0.89971923828125 0.0 17.576403862705 0.0 0.12347412109375 0.0 2.4121202777459 0.0 1784.9042922773 1833.0513566832 0.0 0.0 0.0 0.0 1784.9042922773 1833.0513566832 15004.436922341 0.0 0.76806272 0.0 7.2590539081901 0.0 0.000371584 0.0 15011.695976249 0.0 0.768434304 0.0 0.11890090867156 0.12210821212896
16 13 2 15.140877577873 0.051168907169855 0.051168907169855 0.050791256867112 0.050814033825227 2193.9369246079 2193.9417196451 0.64611742555238 0.63603100107969 211.0 211.0 0.89691162109375 0.0 17.528449808718 0.0 0.2657470703125 0.0 5.1935264013037 0.0 0.0 0.0 0.0 0.0 0.12384033203125 0.0 2.4202262444293 0.0
17 9 2 15.241153795227 0.051325157918095 0.051325157918095 0.050957230526514 0.050958004861534 2193.939547893 2193.9425577719 0.65545533362038 0.63857033823956 0.13334858731287 0.1333482043538 5.2452553168822e-08 5.110056159574e-08 3.9334914771729e-07 3.8321147137578e-07 660.0 625.0 3.8465205657136e-06 3.5486501108153e-06
18 8 2 15.341412208765 0.051172657869264 0.051172657869264 0.05081170175832 0.050813273536074 2193.9376403036 2193.9464640848 0.65126715358523 0.6355073896581 0.066666745647404 0.066666743733795 1.1614814244915e-08 0.0 1.7422200727098e-07 0.0 14.999982229355 14.999982659916
19 5 2 15.441660266422 0.050450596127433 0.050450596127433 0.050093798499119 0.050094776272654 2193.9407704008 2193.9364090598 0.48567950400598 13.656314020576 6.1226053639847 6.4
20 6 2 15.541906750942 0.051125432041844 0.051125432041844 0.050765238938608 0.050767259277901 2193.9406940853 2193.9384684138 0.48444129411462 13.656651646472 0.0 0.0 - -
