1 7 2 0.10067274978223 0.10069160678586 0.10069160678586 2.3147338807152e-05 0.0014606827223903 957.53959561335 997.54513465222 6.6126277655583 1.4525901381218 10.099982390577 32.521013640534 89.900017609423 67.478986359466 20.989949748744 9.5119691254693
2 10 2 0.20104877485684 0.0030433870518397 0.0030433870518397 1.0517276835385e-05 0.0 1002.3821330246 - 3.223039555864 - 20.377296394986 0.0 6.2016e-05 0.0 1.9346865514331 0.0 5.888e-06 0.0 22.311982946419 0.0 6.7904e-05 0.0
3 5 2 0.30137019451272 0.0042185566413096 0.0042185566413096 9.32206998117e-06 0.0 991.9455172243 - 2.8731155778894 - 2.0196292257361 -
4 6 2 0.40169111235383 0.0035705878586053 0.0035705878586053 9.0525936347289e-06 0.0 997.31592126348 - 3.1822958127687 - 0.0 0.0 0.0 0.0
5 7 2 0.50201376933641 0.0037572738249958 0.0037572738249958 9.7631959667726e-06 0.0 993.02249395314 - 2.9832549128148 - 0.3156656518129 - 0.11929144755051 - 0.37790442788251 -
6 8 2 0.60239903450583 0.0034443642321303 0.0034443642321303 8.7926282181623e-06 0.0 999.85632077657 - 2.9428528118842 - 70.24312351911 - 24.01359843412 - 18.795714432883 - 58.102400329659 -
7 7 2 0.70273298232087 0.0036114930092906 0.0036114930092906 8.8927194325546e-06 0.0 998.38349968011 - 3.1260945709282 - 50.0 0.0 0.0079605158414265 - 33.68 -
8 10 2 0.80302774057581 0.0010238208036753 0.0010238208036753 8.5987864092937e-06 0.0 994.89325462233 - 3.1139904871248 - 557.59757757477 0.0 0.00057088 0.0 2.3129047500299 0.0 2.368e-06 0.0 559.9104823248 0.0 0.000573248 0.0
9 19 2 0.90343141165906 0.0014310788208943 0.0014310788208943 1.0041277440243e-05 0.0 996.44311967799 - 2.8475468790136 - 0.012939453125 0.0 9.0417473419907 0.0 0.00067138671875 0.0 0.4691472677448 0.0 0.0048914147130105 0.0 0.0 0.0 0.0 0.0 0.0048914147130105 0.0 567.20285993245 0.0 0.000811712 0.0 1.3416451784257 0.0 1.92e-06 0.0 568.54450511088 0.0 0.000813632 0.0 8.6033980964367e-06 0.0
10 9 2 1.0037796566662 0.0020919598231565 0.0020919598231565 8.8564873187474e-06 0.0 994.315728864 - 3.0369622612207 - 0.0033461445686074 0.0 0.0 0.0 0.0 0.0 0.0033461445686074 0.0 0.0 -
11 7 2 1.1513704340296 8.8772302038497e-05 8.8772302038497e-05 2.4287744589234e-05 1.1055323725422e-05 998.47931635304 999.72062315017 0.65445869589095 3.3748098990737 70908.0 12192.0 91837.0 11658.0 88469.0 9713.0
12 10 2 1.3118540531108 8.8543133918668e-05 8.8543133918668e-05 2.2285014498541e-05 1.0459758354716e-05 997.39232410541 995.11038651557 0.61871290614626 3.0801547079221 0.0 6.0 0.0 0.0008002133902374 - 24.833333333333 99.0 1.0 0.0012448445830399 0.0001333688983729 29.161616161616 9.0
13 9 2 1.4169281876864 8.5380070383318e-05 8.5380070383318e-05 2.3996981875931e-05 0.0 1001.2849893557 - 0.0 0.0 0.48560640082118 - 0.0 0.0 0.0 0.0 0.0 0.0 0.0 0.0
14 10 2 1.5174810472156 0.000760106269134 0.000760106269134 0.00015267171085082 0.0 997.32207826906 - 0.44475126823186 - 5.0519251793239 0.0 3.84e-06 0.0 3.6205463785155 0.0 2.752e-06 0.0 8.7566703108281 0.0 6.656e-06 0.0
15 19 2 1.6189531770668 8.5399092243066e-05 8.5399092243066e-05 2.8535959933128e-05 0.0 998.12436388414 - 0.51492293359049 - 0.0 0.0 0.0 0.0 0.0 0.0 0.0 0.0 0.0 0.0 0.0 0.0 0.0 0.0 0.0 0.0 2022.6912893682 0.0 0.000172736 0.0 2072.1531734357 0.0 0.00017696 0.0 4094.8444628039 0.0 0.000349696 0.0 0.0 0.0
16 13 2 1.7198819185085 8.3379151898327e-05 8.3379151898327e-05 2.304905919845e-05 0.0 998.6919501266 - 0.49686603010954 - 204.0 204.0 0.0 0.0 0.0 0.0 0.0003662109375 0.0 4.3921163643708 0.0 0.0 0.0 0.0 0.0 0.0 0.0 0.0 0.0
17 9 2 1.8227959777928 8.5042205922068e-05 8.5042205922068e-05 2.751149691523e-05 0.0 995.81335760026 - 0.5112612991735 - 0.27370511892538 - 8.4165165721211e-06 - 3.0750307503075e-05 - 91.0 0.0 0.00076590300806302 -
18 8 2 1.9247377111652 8.2427153108048e-05 8.2427153108048e-05 2.5610669644619e-05 0.0 999.3692152039 - 0.51119146628096 - 0.25018983908877 - 3.6159826432833e-05 - 0.00014452955629426 - 3.9969648793178 -
19 5 2 2.0281174563734 9.3030481213663e-05 9.3030481213663e-05 2.6674987987706e-05 0.0 999.67682928736 - 0.5134199813454 - 5.6023166023166 -
Running without Marker API. Activate Marker API with -m on commandline.
20 6 2 2.130367609274 8.082569367778e-05 8.082569367778e-05 2.5621539278761e-05 0.0 996.85711497391 - 0.51141304839133 - 0.0 0.0 - -
21 7 2 2.233768305702 8.5073909021649e-05 8.5073909021649e-05 0.0 0.0 - - - - - - - - - -
22 7 2 2.3406361201297 8.199327354521e-05 8.199327354521e-05 5.9830995332675e-05 0.0 997.6475441971 - 13.571604684611 - 0.0 - 0.0 - - -
23 9 2 2.4462536431147 8.2722444835575e-05 8.2722444835575e-05 6.0092772354932e-05 0.0 997.93036900517 - 13.564097321611 - 0.0 0.0 0.0 0.0 0.0 0.0 0.0 0.0 - -
24 6 2 2.550225699144 7.9717896798131e-05 7.9717896798131e-05 5.1070523115516e-05 5.3466371641017e-05 997.89632712809 997.97605992009 0.61268256107102 0.59885558334306 0.0 0.0 0.0 0.0
25 13 2 2.6550261182159 8.5687137547832e-05 8.5687137547832e-05 5.7744931380225e-05 5.9899383447486e-05 997.38611356654 997.21893574567 0.60815645122824 0.60715416997581 1.6443137254902 1.6470281346167 510000.0 529028.0 196070.0 203706.0 36888.0 34448.0 336.0 352.0 7.2329411764706 6.5115646052761 0.093725490196078 0.095458085394346 38.445098039216 38.505712363051 54.228235294118 54.887264946279
26 7 2 2.76305713386 8.6601998421458e-05 8.6601998421458e-05 6.628619930885e-05 3.6026043659922e-05 997.6125323393 997.42314234598 0.5546359560866 0.61866133648581 42.224940044685 38.333019045823 57.775059955315 61.666980954177 2.2557488128901 2.0352252925068
27 12 2 2.871244230204 8.5988769895275e-05 8.5988769895275e-05 5.7979081415704e-05 5.9971394773677e-05 997.85271768189 997.47766738263 0.60267684804203 0.59380171033691 17392.0 16658.0 38.115225390984 33.107215752191 20.319687212512 18.195461640053 95.239190432383 94.471124984992 13.585695649797 12.580050749154 5.1782185178531 4.1649045432576 2.7605708616824 2.2889983083615 12.938906551474 11.884515466409
1 7 2 2.9799009436563 8.5808515129085e-05 8.5808515129085e-05 5.7985874937043e-05 6.0084167227902e-05 997.64562190252 997.78746799969 0.59632420750622 0.60991476410714 52.081510872282 72.773527305619 47.918489127718 27.226472694381 2.4063934104726 2.4986164914222
2 10 2 3.0859912413783 8.3288571613809e-05 8.3288571613809e-05 7.4243677303756e-05 3.8714466504416e-05 997.53322831581 997.34126936339 0.54233716221581 0.62624360796495 7765.5792081415 3549.2984724328 0.000646784 0.000295616 7506.6241128373 3394.8475105451 0.000625216 0.000282752 15272.203320979 6944.1459829779 0.001272 0.000578368
3 5 2 3.193183014382 8.3248716288622e-05 8.3248716288622e-05 5.2925154441022e-05 5.5433775420748e-05 998.06911600503 997.45649338602 0.6214727123818 0.59182449845996 inf inf
4 6 2 3.299992483331 8.2255050567465e-05 8.2255050567465e-05 5.2953234329223e-05 5.5056961437153e-05 997.53366745064 998.13256915487 0.59853693247263 0.61889706855648 0.0 0.0 0.0 0.0
5 7 2 3.4071749247537 8.0110109430092e-05 8.0110109430092e-05 5.1351774898945e-05 5.3414740878842e-05 997.8726603097 997.715210244 0.59963297706371 0.61646177005582 0.15762947606683 0.15454535950992 0.054186123994521 0.05429760187334 0.34375629067973 0.35133763993642
6 8 2 3.5141659202161 8.1235116563798e-05 8.1235116563798e-05 5.5963670085179e-05 5.7421106863073e-05 997.84293235715 997.31914298079 0.60285113503862 0.59175919832346 12.488771273884 12.660803722838 6.9201323978085 9.3686161612178 2.3897966285497 3.3939346137161 98.888052635412 99.123713373033
7 7 2 3.6248272550754 9.4265090491636e-05 9.4265090491636e-05 6.1073756836261e-05 6.3819698161425e-05 997.95851923002 997.60783338223 0.61906357739328 0.60749883598614 0.0 0.0 0.0 0.0 - -
8 10 2 3.7352388682425 8.4322092660154e-05 8.4322092660154e-05 5.0094520549835e-05 5.2526601189143e-05 997.5855569823 998.01159910249 0.60047122181084 0.62306531070533 11422.866411559 0.0 0.0009632 0.0 65.273522351763 0.0 5.504e-06 0.0 11488.13993391 0.0 0.000968704 0.0
9 19 2 3.8430069999733 8.3967017944845e-05 8.3967017944845e-05 6.3151668563104e-05 3.8073158090028e-05 997.76111497869 997.30460038277 0.52921663883407 0.61996209355664 0.0 0.0 0.0 0.0 0.0 0.0 0.0 0.0 0.0 0.0 0.0 0.0 0.0 0.0 0.0 0.0 13016.158329189 0.0 0.001092928 0.0 101.37313683798 0.0 8.512e-06 0.0 13117.531466027 0.0 0.00110144 0.0 0.0 0.0
10 9 2 3.951200644366 8.380850244694e-05 8.380850244694e-05 5.5398902011209e-05 5.7374458016546e-05 997.50641683319 997.81710564799 0.6155115760659 0.59661665112511 0.0 0.0 0.0 0.0 0.0 0.0 0.0 0.0 - -
11 7 2 4.058465034678 8.3448898717405e-05 8.3448898717405e-05 5.4974080476819e-05 5.7115851304247e-05 997.99572712899 997.57574416843 0.61451150734587 0.61284977014064 184922.0 192619.0 237559.0 247463.0 237430.0 247340.0
12 10 2 4.1660673782198 8.3336579164604e-05 8.3336579164604e-05 5.6642569317641e-05 5.898905158808e-05 997.86069376339 997.73641186408 0.59443992908509 0.60562535454892 19.0 18.0 9.0307187026184e-05 8.3696794412774e-05 30.578947368421 31.222222222222 0.0 0.0 0.0 0.0 - -
13 9 2 4.272453599014 7.8774050233459e-05 7.8774050233459e-05 4.7335445083416e-05 5.6239487051536e-05 998.15682222064 997.72517652656 0.0 0.0 0.61054058158962 0.59350460031067 0.0 0.0 0.0 0.0 0.0 0.0 0.0 0.0
14 10 2 4.3785348088161 8.3473355394225e-05 8.3473355394225e-05 5.4795637316319e-05 5.6537949089023e-05 997.83284792109 997.67599134032 0.61728256488487 0.60084132706349 5130.8348391807 5421.418581567 0.000428288 0.000452544 14.567522705384 14.567522705384 1.216e-06 1.216e-06 5145.4023618861 5435.9861042724 0.000429504 0.00045376
15 19 2 4.4863373963813 8.2181680537006e-05 8.2181680537006e-05 5.4113114872476e-05 6.1532998878768e-05 997.74732665034 997.77090683826 0.60015370396416 0.60114420222204 0.0 0.0 0.0 0.0 0.0 0.0 0.0 0.0 1291.9789338232 1466.7137397576 0.0 0.0 0.0 0.0 1291.9789338232 1466.7137397576 13594.075865812 0.0 0.001117184 0.0 20.247821523322 0.0 1.664e-06 0.0 13614.323687336 0.0 0.001118848 0.0 0.094898502745681 0.10773313265073
16 13 2 4.5935261811413 8.1911751289144e-05 8.1911751289144e-05 4.9289714721892e-05 6.203707816211e-05 997.29951796965 997.7017159835 0.62869934432859 0.58413861335471 206.0 206.0 0.0 0.0 0.0 0.0 0.0003662109375 0.0 4.4707985330126 0.0 0.0 0.0 0.0 0.0 0.0 0.0 0.0 0.0
17 9 2 4.7015718454291 8.1627329195759e-05 8.1627329195759e-05 5.3701427479341e-05 5.5573721960329e-05 997.79451442116 997.60343021568 0.61571855121381 0.59217612879563 0.13380760742568 0.13373260235894 0.0 0.0 0.0 0.0 0.0 0.0 0.0 0.0
18 8 2 4.8104283527207 8.4383687253626e-05 8.4383687253626e-05 5.3436933048549e-05 5.5272995415729e-05 997.77802819068 997.95210461583 0.61470652592971 0.61180068177261 0.066676391826698 0.066673350711851 0.0 0.0 0.0 0.0 14.99781215815 14.998496240602
19 5 2 4.9166849540335 7.8322054613717e-05 7.8322054613717e-05 5.4201883551303e-05 5.6572369597139e-05 1097.5276220729 1097.7096266675 0.61996922869709 0.63304412167162 6.1538461538462 6.3571428571429
20 6 2 5.0203359020484 8.0303951238959e-05 8.0303951238959e-05 5.1374419970074e-05 5.3366733328047e-05 997.94675111998 997.87370063296 0.60124559404235 0.59673155613175 0.0 0.0 - -
21 7 2 5.1282297329459 7.8281293485684e-05 7.8281293485684e-05 5.1696432881536e-05 5.6210954261913e-05 998.34643908594 997.88713965578 0.62205037657086 0.58728085740649 85.565727802357 87.956942463723 14.434272197643 12.043057536277 1.7133943427621 1.5745286000211
22 7 2 5.235472859536 8.2549436492147e-05 8.2549436492147e-05 5.4112661971053e-05 5.6176533753796e-05 998.08625720336 997.6102960585 0.61349189233597 0.61731755993411 0.00011958708288666 0.00019871415382959 7.2606443181187e-05 9.1077320505231e-05 0.60714285714286 0.45833333333333
23 9 2 5.3430089834551 8.2199796593909e-05 8.2199796593909e-05 5.4079147265782e-05 5.5966387493714e-05 997.8153997935 997.89138427064 0.60385965267172 0.60538795426265 1282.9472136165 1324.3828392644 0.0 0.0 0.0 0.0 1282.9472136165 1324.3828392644 0.0 0.0
24 6 2 5.4493927694512 7.9606483048174e-05 7.9606483048174e-05 5.072677093577e-05 5.31171846442e-05 997.80213610978 997.43095373767 0.60205227992281 0.59883278614865 0.0 0.0 0.0 0.0
25 13 2 5.5563037816165 7.8473323688861e-05 7.8473323688861e-05 5.4065107321681e-05 5.6164305415386e-05 997.90380805457 997.72749833977 0.61234906076555 0.58893648547249 1.6330554973822 1.6979759696799 477500.0 496040.0 182347.0 196925.0 35563.0 33448.0 340.0 284.0 7.4477486910995 6.7430045964035 0.10534031413613 0.088702523990001 38.187853403141 39.699419401661 54.259057591623 53.468873477945
26 7 2 5.664211583617 8.0757758464391e-05 8.0757758464391e-05 5.8721839748752e-05 5.7600002924996e-05 997.35521415361 997.80995263855 0.62060894413624 0.60310324550921 37.802046939232 38.833936153483 62.197953060768 61.166063846517 2.0899266592376 2.0388153584065
27 12 2 5.77094698235 8.2231499693491e-05 8.2231499693491e-05 5.6065120003839e-05 5.7981345922817e-05 997.30284017323 997.56770031871 0.59115024808149 0.60946604714933 15720.0 17284.0 33.447837150127 32.266836380467 11.125954198473 14.319601943994 92.703562340967 93.346447581578 12.698823016213 13.500804549218 4.2474816424457 4.3562825139429 1.412865232529 1.9332614706847 11.772261311404 12.602521441627
1 7 2 5.8783853719536 8.13474361166e-05 8.13474361166e-05 5.5647544892211e-05 5.7688318702401e-05 997.57689485472 998.03480752376 0.59714716174184 0.59419127011154 52.197055400467 52.137389597645 47.802944599533 47.862610402355 2.3661523586996 2.367572815534
2 10 2 5.9848098058524 8.0242356645487e-05 8.0242356645487e-05 5.1521612932416e-05 5.3349070172566e-05 997.15072592958 997.89554307414 0.61279687996596 0.59452584401229 4972.9347028399 5300.7416255131 0.00039904 0.000425344 4881.2125711917 5177.1161437264 0.00039168 0.000415424 9854.1472740316 10477.857769239 0.00079072 0.000840768
3 5 2 6.0925112895157 7.9675324064408e-05 7.9675324064408e-05 5.100122919786e-05 5.3273888536417e-05 996.90994557568 997.54561794761 0.60026332482236 0.61182051295388 inf inf
4 6 2 6.200627309322 8.2519544998256e-05 8.2519544998256e-05 5.2739917759183e-05 2.6944464334147e-05 997.77160950295 997.77983652152 0.55080765319395 0.64414248592464 0.0 0.0 0.0 0.0
5 7 2 6.3129659790927 8.4842023493284e-05 8.4842023493284e-05 5.3596807250723e-05 5.5651621005014e-05 997.59957509093 997.31258025731 0.614978875545 0.60130853286747 0.15817098076713 0.15516929205142 0.054814452972754 0.055375310128162 0.34655189407629 0.35687028919234
6 8 2 6.421016602651 8.1495081980364e-05 8.1495081980364e-05 5.5469554633133e-05 5.781920721353e-05 997.76149388975 997.36867560672 0.61935079317721 0.60807727664601 14.441196642608 13.268423361323 9.4067409125053 8.6101015164808 4.1379535582481 3.4285311442537 98.9197883667 98.951936332874
7 7 2 6.5288649124265 8.2016824419184e-05 8.2016824419184e-05 5.2511655442198e-05 5.4590020070463e-05 997.72762815309 997.86052312602 0.5988276004545 0.61565729054403 0.0 0.0 0.0 0.0 - -
8 10 2 6.6367639752411 8.3388209926779e-05 8.3388209926779e-05 4.9668340311178e-05 5.2184207713665e-05 997.72225562392 997.58674781698 0.65484564399594 0.60243332409639 11257.610648128 0.0 0.000938752 0.0 84.424404915055 0.0 7.04e-06 0.0 11342.035053043 0.0 0.000945792 0.0
9 19 2 6.7450496872467 8.4469738523917e-05 8.4469738523917e-05 6.2854565229885e-05 3.7165090737735e-05 997.8271058933 998.1893115586 0.550508135725 0.64868026845213 0.0 0.0 0.0 0.0 0.0 0.0 0.0 0.0 0.0 0.0 0.0 0.0 0.0 0.0 0.0 0.0 16528.522810624 0.0 0.00139616 0.0 325.03948135492 0.0 2.7456e-05 0.0 16853.562291979 0.0 0.001423616 0.0 0.0 0.0
10 9 2 6.8538948837782 8.4155424936642e-05 8.4155424936642e-05 5.5447362463426e-05 5.738215734073e-05 997.36231108495 997.62359525009 0.61181074030764 0.60625882240352 0.0 0.0 0.0 0.0 0.0 0.0 0.0 0.0 - -
11 7 2 6.9608728537957 8.2820271542854e-05 8.2820271542854e-05 5.4342282992306e-05 5.7174728489184e-05 997.80656264293 997.61764505202 0.60363224751604 0.59514796079522 186074.0 198528.0 239053.0 255063.0 238931.0 254941.0
12 10 2 7.0679321413577 7.9411735436462e-05 7.9411735436462e-05 6.1975936470061e-05 3.6720794442175e-05 997.62672378815 997.88905692232 0.55951850382915 0.61744368460332 36.0 16.0 0.00014719651962007 0.00012184534779231 36.361111111111 39.5 0.0 0.0 0.0 0.0 - -
13 9 2 7.1752333117942 8.0746888830249e-05 8.0746888830249e-05 4.8317788269014e-05 5.7323733057216e-05 997.43816289496 997.58973331827 0.0 0.0 0.61740791110854 0.60597500837842 0.0 0.0 0.0 0.0 0.0 0.0 0.0 0.0
14 10 2 7.2831631075936 8.038819090356e-05 8.038819090356e-05 5.2995807062946e-05 5.5660679033466e-05 997.98087854772 997.81234667699 0.61881392323395 0.59812529201059 5125.5289535537 5575.3462661908 0.000412032 0.000448192 16.718873567044 15.126599893992 1.344e-06 1.216e-06 5142.2478271207 5590.4728660848 0.000413376 0.000449408
15 19 2 7.3912104775081 8.3760494896145e-05 8.3760494896145e-05 6.3102755209465e-05 3.8325424182411e-05 997.58317305325 997.01282366585 0.53371690365286 0.6255507259233 0.0 0.0 0.0 0.0 0.0 0.0 0.0 0.0 1662.2394623221 861.31296250639 0.0 0.0 0.0 0.0 1662.2394623221 861.31296250639 15373.357112999 0.0 0.00128768 0.0 196.36942236783 0.0 1.6448e-05 0.0 15569.726535367 0.0 0.001304128 0.0 0.10676099278598 0.055319723217353
16 13 2 7.5002620023407 8.1818453596091e-05 8.1818453596091e-05 4.8944603837879e-05 6.8390379318203e-05 997.93749654768 997.54941351927 0.61624127548926 0.5747207368361 206.0 206.0 0.0 0.0 0.0 0.0 0.0006103515625 0.0 7.4598276510222 0.0 0.0 0.0 0.0 0.0 0.0 0.0 0.0 0.0
17 9 2 7.6084568867776 8.3105599439084e-05 8.3105599439084e-05 5.4611759338747e-05 5.6742207630611e-05 997.56968260512 997.29516861014 0.6105232246109 0.59565546062672 0.13378327747005 0.1337926050596 0.0 0.0 0.0 0.0 0.0 0.0 0.0 0.0
18 8 2 7.7165408484096 8.1792185313581e-05 8.1792185313581e-05 5.2042449568394e-05 5.4277518088876e-05 997.75633595606 997.65444382585 0.61331575548285 0.59532656426968 0.066674850686123 0.06667395235162 0.0 0.0 0.0 0.0 14.998158821646 14.998360900015
19 5 2 7.8244530580468 8.1479683331996e-05 8.1479683331996e-05 6.0909353619861e-05 3.2538249804556e-05 997.42507203526 997.82700603374 0.5294013446913 0.64101214322041 5.4285714285714 6.4705882352941
20 6 2 7.9309572669079 8.1700699226218e-05 8.1700699226218e-05 5.2037920554168e-05 5.4672901030797e-05 997.30868502871 997.65483081698 0.62169737304872 0.60164469585586 0.0 0.0 - -
21 7 2 8.0382879828216 7.8934377337055e-05 7.8934377337055e-05 5.8350007680805e-05 6.076397226321e-05 1097.2478328968 1097.4654335233 0.63576564173168 0.62290956700993 84.082088857152 83.883398178376 15.917911142848 16.116601821624 1.9359954687057 2.1190709525676
22 7 2 8.143277636789 7.7744152398495e-05 7.7744152398495e-05 5.595687656384e-05 5.8342761258044e-05 1097.4201322162 1097.1115669049 0.62585226984915 0.62382264492666 0.00017699189629961 0.00013295622114246 6.7425484304611e-05 7.2521575168613e-05 0.38095238095238 0.54545454545455
23 9 2 8.2502675778969 7.8785825670446e-05 7.8785825670446e-05 4.2949547707055e-05 4.7216784910698e-05 997.78762297206 997.63960690307 0.52727798412028 0.55355322402515 1217.490572495 1274.9120688301 0.0 0.0 0.0 0.0 1217.490572495 1274.9120688301 0.0 0.0
24 6 2 8.3579270241559 8.3698900302674e-05 8.3698900302674e-05 5.3725884156161e-05 5.5621729511123e-05 997.54938574323 997.78920442284 0.60584672270968 0.60155959168479 0.0 0.0 0.0 0.0
25 13 2 8.467195318479 8.1462473077937e-05 8.1462473077937e-05 5.6045645242667e-05 5.8043393417712e-05 997.62618992946 997.98718239205 0.61468919818397 0.60499445323011 1.6268384135501 1.6529077161963 494992.0 512636.0 188329.0 198111.0 34724.0 31972.0 388.0 300.0 7.0150628697029 6.2367839948814 0.12141610369461 0.088366794372615 38.046877525293 38.645549668771 54.816643501309 55.029299541975
26 7 2 8.5752659593744 8.0202501320299e-05 8.0202501320299e-05 5.4921543911799e-05 5.7045651583746e-05 998.06774524793 997.66496085666 0.62028644501279 0.59750005929651 37.767387396302 39.211311886691 62.232612603698 60.788688113309 2.0959562295173 2.0076301851172
27 12 2 8.6829542672295 7.9039450467095e-05 7.9039450467095e-05 6.5727771854796e-05 3.2089877396192e-05 997.70894128063 997.35203348351 0.52474842983335 0.62153176782252 16183.0 10722.0 48.10603719953 28.567431449356 30.476425879009 12.973325872039 94.253228696781 79.817198283902 11.150999820845 15.132526039461 5.3643041219354 4.3229740028792 3.3984261951683 1.9631919157705 10.510177363119 12.07835831428
1 7 2 8.7914468428656 8.0332031127159e-05 8.0332031127159e-05 5.512987856619e-05 5.7566035318302e-05 997.40712705289 997.87394718194 0.60026234293942 0.59884005804421 51.560882638056 73.626529247473 48.439117361944 26.373470752527 2.4576108702901 2.4321265326852
2 10 2 8.8998437159021 8.0435292651509e-05 8.0435292651509e-05 5.199625362329e-05 5.428521741306e-05 997.23146149309 997.79596217926 0.62004882316724 0.59955681386182 4939.5232727178 5315.8754808357 0.000397312 0.000427584 4800.2809124205 5215.6209814216 0.000386112 0.00041952 9739.8041851384 10531.496462257 0.000783424 0.000847104
3 5 2 9.0084145039907 7.9498692509599e-05 7.9498692509599e-05 5.0909290209074e-05 5.3347258566876e-05 997.68893984808 998.21400922944 0.61505589328022 0.59913834760095 inf inf
4 6 2 9.1168149377382 8.1320262031245e-05 8.1320262031245e-05 5.4696904806194e-05 3.058579177177e-05 997.74926699714 998.63322396519 0.50136373260047 0.60460348439542 0.0 0.0 0.0 0.0
5 7 2 9.2244859692156 7.8472417886016e-05 7.8472417886016e-05 5.4607683225944e-05 5.6745377940569e-05 1097.774526027 1097.4499752899 0.64887336601747 0.63110679044371 0.15623805961715 0.15343854046512 0.055866192369994 0.057145303708778 0.35757095618628 0.37243122578951
6 8 2 9.3277189526237 8.238186296579e-05 8.238186296579e-05 5.6489035735383e-05 5.7983157528507e-05 997.80967281032 997.59886895224 0.60213574328597 0.59488871334975 12.686106456501 13.419930326652 7.119549095224 9.15751487979 2.2064188187 2.8353615671817 99.102840603879 99.018949275928
7 7 2 9.4295182593683 7.8793072093208e-05 7.8793072093208e-05 5.4417011727034e-05 5.6691482671281e-05 1097.2715809273 1097.6094082588 0.62927892068547 0.62862021343377 0.0 0.0 0.0 0.0 - -
8 10 2 9.5297940175027 0.0024711451985978 0.0024711451985978 0.001235728850297 0.0012388484352958 1097.4360684391 1097.4476958733 0.62776211839506 0.63651436157402 8047.0544633653 0.0 0.01988544 0.0 3.23736541444 0.0 8e-06 0.0 8050.2918287797 0.0 0.01989344 0.0
9 19 2 9.6302119169371 0.0017781734131368 0.0017781734131368 0.00090146314374874 0.00090935902715018 1097.4482881912 1097.4547913912 0.62984782085194 0.62871117234469 0.01446533203125 0.0 8.1349388785049 0.0 0.00335693359375 0.0 1.887855013999 0.0 0.0 0.0 0.0 0.0 0.0 0.0 0.0 0.0 8243.9653476433 0.0 0.0146592 0.0 5.5427664856453 0.0 9.856e-06 0.0 8249.5081141289 0.0 0.014669056 0.0 0.0 0.0
10 9 2 9.7306678691489 0.0022893886112907 0.0022893886112907 0.0011575082456015 0.0011609964923583 1097.4361098467 1097.4446286019 0.63656388872146 0.62651550571277 0.0 0.0 0.0 0.0 0.0 0.0 0.0 0.0 - -
11 7 2 9.8311050132705 0.001318025567788 0.001318025567788 0.00067479549267232 0.00067819497075028 1097.4529433676 1097.4913611264 0.63710669878842 0.63890059834865 2183446.0 2188282.0 2807014.0 2813254.0 2806793.0 2813016.0
12 10 2 9.9315750452818 0.0020975902936421 0.0020975902936421 0.0010636552954038 0.0010674410983953 1097.43977002 1097.4355647928 0.62869885291323 0.63776310252965 146.0 140.0 3.9083936769686e-05 3.788324654011e-05 38.77397260274 32.4 0.0 0.0 0.0 0.0 - -
13 9 2 10.031993703779 0.0020500954272582 0.0020500954272582 0.0010338937842212 0.0010441895922609 1097.4381465207 1097.441355199 0.0 0.0 0.6352427619703 0.63418427398736 0.01348876953125 0.0 6.5795812974862 0.0 0.0032958984375 0.0 1.6076804980283 0.0
14 10 2 10.132364099289 0.0010210291193065 0.0010210291193065 0.00051736831688431 0.00052617860825795 1097.4315168029 1097.4064543575 0.64505640577373 0.63535609461586 3774.9520822854 3896.0534276456 0.003854336 0.003977984 4.5757754716863 10.09177878002 4.672e-06 1.0304e-05 3779.5278577571 3906.2078882814 0.003859008 0.003988352
15 19 2 10.232833999053 0.0025918126304206 0.0025918126304206 0.0013035245700473 0.0013069471460978 1097.4293882851 1097.4339994417 0.63219392618821 0.63963769865098 0.0205078125 0.0 7.9125366777274 0.0 0.0050048828125 0.0 1.9310357368263 0.0 936.82813776781 928.35723221611 0.0 0.0 0.0 0.0 936.82813776781 928.35723221611 7884.4958775758 0.0 0.020435136 0.0 4.6176177473361 0.0 1.1968e-05 0.0 7889.1134953232 0.0 0.020447104 0.0 0.11874948158918 0.11767573539999
16 13 2 10.333276291758 0.00090428743701468 0.00090428743701468 0.00046382948101567 0.0004790691609844 1097.4210895658 1097.4628662517 0.63176852548131 0.62838906753749 207.0 207.0 0.0072021484375 0.0 7.9644459744752 0.0 0.0020751953125 0.0 2.2948403655267 0.0 0.0 0.0 0.0 0.0 0.00164794921875 0.0 1.8223732314477 0.0
17 9 2 10.433732713176 0.0013133932920378 0.0013133932920378 0.00067213152650465 0.00067593318104587 1097.4654017655 1097.4507283368 0.63736982521964 0.62637334504001 0.13337181456171 0.1333662933345 0.0 0.0 0.0 0.0 0.0 0.0 0.0 0.0
18 8 2 10.534127413187 0.0010041132511728 0.0010041132511728 0.00051693489022289 0.00052018672243708 1097.4346499904 1097.4355126094 0.63930315376524 0.63861107033721 0.066667301459987 0.066668112286882 0.0 1.1120155504255e-06 0.0 1.6679871564989e-05 14.999857172863 14.999674742504
19 5 2 10.634522470086 0.0014635935198247 0.0014635935198247 0.00074499204286381 0.00074878509227801 1097.4069513023 1097.4420951322 0.62741110323265 0.63790111243495 6.0 6.0
20 6 2 10.734913142898 0.00063863629599039 0.00063863629599039 0.00033449532756949 0.00033778384479892 1097.4090887909 1097.4625688005 0.6794351908241 0.62593324918425 0.0 0.0 - -
21 7 2 10.835376819797 0.0011461802752129 0.0011461802752129 0.0005918352745894 0.00059501645418167 1097.3839927996 1097.4074920393 0.6396643970062 0.62585294560394 85.69573388921 86.092124452347 14.30426611079 13.907875547653 1.5641437596753 1.6255215422527
22 7 2 10.936050781543 7.953039560918e-05 7.953039560918e-05 5.7320109845836e-05 5.9069668041301e-05 1097.3514231111 1097.5386224689 0.63076631713249 0.62316645484343 0.00015341111691586 0.00015901095187931 5.8047449643837e-05 6.7579654548707e-05 0.37837837837838 0.425
23 9 2 11.045953559962 8.3469732182844e-05 8.3469732182844e-05 5.4445091615234e-05 5.6441481086011e-05 997.62023002819 997.63476798211 0.59573223913733 0.61698640988192 1289.3296430406 1290.5875840601 0.0 0.0 0.0 0.0 1289.3296430406 1290.5875840601 0.0 0.0
24 6 2 11.156525202223 8.272335063842e-05 8.272335063842e-05 5.2428321580441e-05 5.4492646264606e-05 997.57500284416 997.45688748259 0.62746490324679 0.60505591986161 0.0 0.0 0.0 0.0
25 13 2 11.264681535691 8.1568452010823e-05 8.1568452010823e-05 5.5776168896226e-05 5.7873555384241e-05 997.52050555856 997.98130595563 0.6148979938287 0.62098592644429 1.626286001965 1.6103424528893 492612.0 511136.0 187329.0 192457.0 33552.0 31204.0 344.0 304.0 6.8110399259458 6.1048331559507 0.099875764293196 0.091169473486508 38.027697254634 37.652796907281 55.061387055127 56.151200463282
26 7 2 11.365447157439 7.9331118983241e-05 7.9331118983241e-05 4.2943207087139e-05 5.054651616958e-05 1098.2710280549 1096.8579096025 0.55691429376938 0.57721369722735 42.18397350714 40.70480081716 57.81602649286 59.29519918284 2.4830147658302 2.251914111682
27 12 2 11.465940125284 0.00048577391364156 0.00048577391364156 0.0002398353070368 0.00024311069012497 997.66005259571 997.65804301211 0.6104301055437 0.6105636838675 65839.0 67062.0 29.105849116785 29.238615012973 11.239538875135 11.786108377322 97.683743677759 97.967552414184 12.432938723792 12.493270117459 3.6187123857291 3.6528591521745 1.3974049811822 1.4724703559153 12.144959994561 12.239350950567
1 7 2 11.575130019654 8.0675330405481e-05 8.0675330405481e-05 5.5210495019411e-05 5.7842305186082e-05 997.84360438233 997.76711058021 0.59789981705553 0.60629005459293 51.957277857987 51.286066632737 48.042722142013 48.713933367263 2.4029048537316 2.4519192874596
2 10 2 11.684831679949 8.2368275923112e-05 8.2368275923112e-05 5.2263012561196e-05 5.4587302661928e-05 997.653616163 997.46677843291 0.61398813482668 0.60645154797905 4888.0955135669 5177.13883435 0.000402624 0.000426432 4794.8557326691 5075.3520735366 0.000394944 0.000418048 9682.9512462359 10252.490907887 0.000797568 0.00084448
3 5 2 11.794164323412 8.287552551641e-05 8.287552551641e-05 5.2696892124037e-05 5.4846815177072e-05 997.669986665 997.73620674682 0.62285674519691 0.60591096034343 inf inf
4 6 2 11.903553183717 8.4013213889949e-05 8.4013213889949e-05 5.3147529039514e-05 5.5429246406522e-05 997.64723388286 997.71378211402 0.60372475884244 0.60049555958981 0.0 0.0 0.0 0.0
5 7 2 12.014264133928 8.4450716664168e-05 8.4450716664168e-05 5.3836392103273e-05 5.6107692737562e-05 997.50416425806 997.72521697002 0.66475782503901 0.64045100654487 0.16312207452312 0.15166930322487 0.0534121476146 0.052669127454326 0.32743666220988 0.34726293544209
6 8 2 12.126964066859 8.2945272335488e-05 8.2945272335488e-05 5.7403896609015e-05 5.9728639611169e-05 997.67422466953 997.51022056482 0.62753495464808 0.62325436320588 15.505692442425 16.536245071277 10.842071212731 14.360782529572 2.8545054320812 3.4781619654231 98.340789131104 98.550955414013
7 7 2 12.239382777898 8.4527709906008e-05 8.4527709906008e-05 3.8576331570526e-05 5.6282512686682e-05 998.14992065278 997.82037063475 0.65229977484722 0.59859348281592 0.0 0.0 0.0 0.0 - -
8 10 2 12.348996498324 8.228041304713e-05 8.228041304713e-05 5.2427415777596e-05 2.8904621691116e-05 997.19970682891 999.14826314804 0.5334835727486 0.64952472063343 9071.0288434318 0.0 0.000746368 0.0 17.11221356161 0.0 1.408e-06 0.0 9088.1410569934 0.0 0.000747776 0.0
9 19 2 12.458176597342 8.3169005638246e-05 8.3169005638246e-05 5.5376709841502e-05 4.5408802431719e-05 997.78490044105 998.03929557658 0.5672591128617 0.62745711585759 0.0 0.0 0.0 0.0 0.0 0.0 0.0 0.0 0.0 0.0 0.0 0.0 0.0 0.0 0.0 0.0 12310.739946242 0.0 0.001023872 0.0 51.557668233418 0.0 4.288e-06 0.0 12362.297614476 0.0 0.00102816 0.0 0.0 0.0
10 9 2 12.566355732585 8.2375522345873e-05 8.2375522345873e-05 5.4080505970049e-05 5.6462767452873e-05 997.49315271506 997.34567575256 0.60991730471603 0.59372693199731 0.0 0.0 0.0 0.0 0.0 0.0 0.0 0.0 - -
11 7 2 12.676759640993 8.2082948026882e-05 8.2082948026882e-05 5.3917914359339e-05 5.6692841375548e-05 997.61937234105 997.75122881027 0.6161083481258 0.61505087877046 180910.0 190509.0 232410.0 244750.0 232277.0 244630.0
12 10 2 12.801836647878 9.3897334536495e-05 9.3897334536495e-05 6.4409375813637e-05 6.8052061955528e-05 997.99367164357 997.8331856662 0.63545008534329 0.61989158147479 23.0 20.0 0.00010276941224833 8.2510293159072e-05 41.652173913043 36.3 0.0 0.0 0.0 0.0 - -
13 9 2 12.915000129038 8.596340741561e-05 8.596340741561e-05 3.8234843897893e-05 6.0350020362963e-05 998.08628189376 997.82456195147 0.0 0.0 0.62451084102056 0.59139002307829 0.0 0.0 0.0 0.0 0.0 0.0 0.0 0.0
14 10 2 13.025169089399 8.4121004428525e-05 8.4121004428525e-05 3.2873396857273e-05 5.7654351095707e-05 997.71188648881 997.7729023054 0.62512595705833 0.58289680940694 3032.5838562324 5655.091772046 0.000255104 0.000475712 27.389116614242 124.77264235377 2.304e-06 1.0496e-05 3059.9729728467 5779.8644143998 0.000257408 0.000486208
15 19 2 13.132916373171 8.3022265577328e-05 8.3022265577328e-05 5.4614476747283e-05 6.1823761592071e-05 997.9633270084 997.60146950205 0.61519467798547 0.60071818973939 0.0 0.0 0.0 0.0 0.0 0.0 0.0 0.0 1259.2043745497 1459.7529850245 0.0 0.0 0.0 0.0 1259.2043745497 1459.7529850245 13484.189960551 0.0 0.001119488 0.0 42.398264797067 0.0 3.52e-06 0.0 13526.588225348 0.0 0.001123008 0.0 0.093091055451074 0.1079173078019
16 13 2 13.241560465167 8.2450703982023e-05 8.2450703982023e-05 4.9599499294944e-05 6.2091879234244e-05 997.85244247077 997.37227515952 0.61408673417892 0.58482919837559 207.0 207.0 0.0 0.0 0.0 0.0 0.000244140625 0.0 2.9610496115743 0.0 0.0 0.0 0.0 0.0 0.0 0.0 0.0 0.0
17 9 2 13.349776179446 8.1974251685461e-05 8.1974251685461e-05 5.4068730533062e-05 5.5707327879993e-05 997.97068328359 997.63612068338 0.59634251118926 0.59736191581636 0.13374660326087 0.13373513285124 0.0 0.0 0.0 0.0 0.0 0.0 0.0 0.0
18 8 2 13.451730732646 7.8385460812879e-05 7.8385460812879e-05 5.4491740461761e-05 5.7001720145755e-05 1097.5255376535 1096.803502599 0.61803714890382 0.62940199833972 0.066674885450698 0.066676334976946 0.0 0.0 0.0 0.0 14.998151001541 14.997824945624
19 5 2 13.552060432246 0.0024883590758675 0.0024883590758675 0.0012524314018607 0.001255173267073 1097.4452774745 1097.4343029623 0.63799189795456 0.63767073203842 6.3846153846154 6.8846153846154
20 6 2 13.653761700325 7.8680752540406e-05 7.8680752540406e-05 5.4459584460757e-05 5.6393926436639e-05 1097.2949431071 1097.8651911792 0.6268329936246 0.61316071973763 0.0 0.0 - -
21 7 2 13.754157219183 0.0031817330377918 0.0031817330377918 0.0015962175492132 0.0015988031634347 1097.4180058318 1097.4301209398 0.63021764378232 0.63030032394055 86.225728671846 86.208176174566 13.774271328154 13.791823825434 1.5545393995286 1.5574856046065
22 7 2 13.854888827128 7.8932565731365e-05 7.8932565731365e-05 5.6828258900903e-05 5.8965500714105e-05 1097.0509670107 1097.5272870684 0.62382420204832 0.62983460159738 0.00018199265411469 0.00020925890155174 4.5498163528672e-05 5.6338935033159e-05 0.25 0.26923076923077
23 9 2 13.955343250345 0.0010484423366128 0.0010484423366128 0.00050980939214128 0.00051375642803915 1046.5841511152 1049.685200742 0.6310631768437 0.61930751718377 907.37083650533 931.753674843 0.0 0.0 0.0 0.0 907.37083650533 931.753674843 0.0 0.0
24 6 2 14.05574412612 0.00061946860198365 0.00061946860198365 0.00032553286131786 0.00032866422175365 1097.4945039915 1097.5771087428 0.63106362243577 0.62967722454235 0.0 0.0 0.0 0.0
25 13 2 14.156208455197 0.0007320046416653 0.0007320046416653 0.00038058801114932 0.00037855538956474 1097.3916701483 1097.3825381287 0.66077577360728 0.63732277844962 1.5133726748801 1.5690636421825 3361332.0 3343380.0 1187595.0 1224691.0 285392.0 261579.0 528.0 564.0 8.4904436693549 7.8237890996536 0.024514091437561 0.025812202023102 35.33108303494 36.630326196843 56.153959204268 55.520072501481
26 7 2 14.256676405673 0.0010041395194553 0.0010041395194553 0.00051571930280466 0.00051888281924145 1097.4480245311 1097.3934244837 0.63670568421618 0.63586165940997 36.671171800148 36.719397810569 63.328828199852 63.280602189431 2.0245884149765 2.0231251133652
27 12 2 14.360391954641 7.8308467571039e-05 7.8308467571039e-05 5.3714561620597e-05 5.6797914505589e-05 997.68873141108 997.61250070959 0.60944477274479 0.59325609888784 15894.0 16438.0 32.345539197181 37.443727947439 14.275827356235 18.505900961187 93.966276582358 94.676968000973 13.401236077267 13.107512220016 4.3347020682794 4.9079412163401 1.9131373259922 2.4256632299117 12.59264255782 12.409795150268
1 7 2 14.460850280057 0.0021349274869202 0.0021349274869202 0.0010770041119332 0.0010816680907831 1097.4305951875 1097.4349710038 0.63084751805787 0.63010722049853 49.694071934096 49.73684298675 50.305928065904 50.26315701325 2.4424245393963 2.4349724847312
2 10 2 14.561267085281 0.0011808978866627 0.0011808978866627 0.00059460340808427 0.00060352239579933 1097.4095918106 1097.3974265892 0.62995349515663 0.6369196385256 3778.8195324923 3792.2059566519 0.0044624 0.004478208 3737.1427706352 3742.2913953119 0.004413184 0.004419264 7515.9623031275 7534.4973519638 0.008875584 0.008897472
3 5 2 14.661685930374 0.001197693283018 0.001197693283018 0.00061266647552143 0.00061642419862465 1097.4178654162 1097.3975968486 0.63860656055003 0.63999157371262 inf inf
4 6 2 14.762101481967 0.0017227690763088 0.0017227690763088 0.0008743062686474 0.00087778681608001 1097.4406095578 1097.4422329635 0.63805189607036 0.62567037575907 0.0 0.0 0.0 0.0
5 7 2 14.867850424263 8.0961564104556e-05 8.0961564104556e-05 5.6459144241492e-05 5.8258974494865e-05 1097.5220207172 1097.4832647324 0.61714282885389 0.61615653590075 0.15876473412971 0.15544857977679 0.058025614241796 0.058461464769842 0.36548175865295 0.3760823344529
6 8 2 14.968253473966 0.0010756200451795 0.0010756200451795 0.00054341513059888 0.00055245459009235 1097.4195655664 1097.3985966564 0.62635361157977 0.6366221675733 13.850363336175 14.123569861585 11.171785210355 10.09106321302 2.7930088102459 2.666722412962 99.789057492876 99.768734854223
7 7 2 15.068611162874 0.001072317488006 0.001072317488006 0.00054557728199032 0.0005421565175455 1097.4364057824 1097.387082635 0.63852657702617 0.6376939599146 0.0 0.0 0.0 0.0 - -
8 10 2 15.168898771627 0.0017431840608333 0.0017431840608333 0.00087509703453124 0.00087845122246694 1097.4453661812 1097.3926028644 0.63144537179649 0.63158964166 8119.2114579305 0.0 0.01415328 0.0 3.8917290218664 0.0 6.784e-06 0.0 8123.1031869524 0.0 0.014160064 0.0
9 19 2 15.269290299517 0.0011524085755763 0.0011524085755763 0.00058089362912105 0.00059588466620878 1097.4482087367 1097.4427334492 0.63019871376286 0.62579579738125 0.00775146484375 0.0 6.7263165235243 0.0 0.00164794921875 0.0 1.4300043002768 0.0 0.0 0.0 0.0 0.0 0.0 0.0 0.0 0.0 8374.1410854861 0.0 0.009650432 0.0 11.551458642472 0.0 1.3312e-05 0.0 8385.6925441286 0.0 0.009663744 0.0 0.0 0.0
10 9 2 15.369666528397 0.0016097910048387 0.0016097910048387 0.00081501150859907 0.00081182172387977 1097.4092780601 1097.464507 0.63066306861989 0.63931661792856 0.0 0.0 0.0 0.0 0.0 0.0 0.0 0.0 - -
11 7 2 15.470039373198 0.0014910973174156 0.0014910973174156 0.00076004059843221 0.00076256597676457 1097.4566230551 1097.4548154835 0.63696724522206 0.62672338835272 2459515.0 2508024.0 3162044.0 3224410.0 3161931.0 3224284.0
12 10 2 15.570521450576 0.002102862066201 0.002102862066201 0.0010666109300877 0.0010706494520729 1097.4337338615 1097.4550987105 0.63014760852569 0.63029372108295 114.0 109.0 3.0503157611956e-05 2.9062024492621e-05 36.175438596491 42.449541284404 0.0 0.0 0.0 0.0 - -
13 9 2 15.670889089727 0.00097929968803213 0.00097929968803213 0.00048906514828239 0.00049916666161184 1088.1392141438 1084.1224750576 0.0 0.0 0.65731345209645 0.63822814936635 0.00830078125 0.0 8.4762421059075 0.0 0.00189208984375 0.0 1.9320845976701 0.0
14 10 2 15.786876654918 8.6030436826153e-05 8.6030436826153e-05 4.180506581217e-05 5.1368985153003e-05 997.88556422098 997.84117994191 0.5282087083908 0.5685740782515 4421.8768849068 5083.224218467 0.000380416 0.000437312 50.5867476739 235.07959213165 4.352e-06 2.0224e-05 4472.4636325807 5318.3038105987 0.000384768 0.000457536
15 19 2 15.90040675978 8.3544008016149e-05 8.3544008016149e-05 5.5013029999162e-05 6.2749039198422e-05 998.01900527272 997.64623910319 0.60926222231139 0.58934199948105 0.0 0.0 0.0 0.0 0.0 0.0 0.0 0.0 1272.7304150819 1500.7898588701 0.0 0.0 0.0 0.0 1272.7304150819 1500.7898588701 13799.864614793 0.0 0.001152896 0.0 157.80904355764 0.0 1.3184e-05 0.0 13957.67365835 0.0 0.00116608 0.0 0.091184995883644 0.10752435510428
16 13 2 16.007304050844 8.3066649916742e-05 8.3066649916742e-05 3.4365254143284e-05 6.3197411606786e-05 997.29488089393 997.29445034778 0.61791411842309 0.58189741451209 207.0 207.0 0.0 0.0 0.0 0.0 0.00030517578125 0.0 3.6738664861997 0.0 0.0 0.0 0.0 0.0 0.0 0.0 0.0 0.0
17 9 2 16.111898694155 9.6458944982649e-05 9.6458944982649e-05 5.3757587255743e-05 5.5513486071124e-05 1025.4449014608 1000.9300259399 0.62148081826702 0.6222769386978 0.13395535868558 0.13394085543851 0.0 0.0 0.0 0.0 0.0 0.0 0.0 0.0
18 8 2 16.216924015015 8.0606489389247e-05 8.0606489389247e-05 5.2827780635165e-05 5.366972437976e-05 1008.0713895189 997.20545784786 0.61607326773463 0.60397341542476 0.066676173725658 0.066675501009154 0.0 0.0 0.0 0.0 14.99786121673 14.998012536309
19 5 2 16.321631686216 7.8456113434803e-05 7.8456113434803e-05 5.4506686208706e-05 5.6746736644837e-05 1097.8265619705 1097.4762524955 0.63840396356827 0.61440690432992 6.3076923076923 6.7142857142857
20 6 2 16.426091944617 8.0818447255018e-05 8.0818447255018e-05 5.5839122193966e-05 5.8103629306916e-05 1097.5479365046 1097.6786010309 0.60726898392825 0.62206404313505 0.0 0.0 - -
21 7 2 16.528977443031 7.8284010894219e-05 7.8284010894219e-05 5.7955983443152e-05 6.0037518381376e-05 1097.628493747 1097.4362973653 0.66394790774898 0.6053418696087 82.510979478924 86.620600171995 17.489020521076 13.379399828005 1.9197117858981 1.6708431464908
22 7 2 16.629350016091 0.00021717257275054 0.00021717257275054 0.00012528204441827 0.0001274940149662 1097.3325458602 1097.3001720291 0.63569552358169 0.62457290178294 0.00016265576681669 0.00020322875058659 3.4444750620006e-05 2.5865477347384e-05 0.21176470588235 0.12727272727273
23 9 2 16.730862770294 7.8591983861579e-05 7.8591983861579e-05 5.662671776785e-05 5.8737691298542e-05 1097.5585121312 1097.5275962034 0.62185296077827 0.62795719750157 1364.4139609564 1401.5297055486 0.0 0.0 0.0 0.0 1364.4139609564 1401.5297055486 0.0 0.0
24 6 2 16.836696573636 7.9756846320473e-05 7.9756846320473e-05 5.678749777287e-05 2.8153711132462e-05 1097.0634043533 1096.9871615651 0.53386868089056 0.66180838718607 0.0 0.0 0.0 0.0
25 13 2 16.943806331627 7.9430757296211e-05 7.9430757296211e-05 5.8185151562982e-05 6.0693772542708e-05 1097.6534170518 1097.6940633263 0.60770271420868 0.61642594296228 1.6455414409365 1.622254889524 513888.0 536044.0 197708.0 203304.0 39559.0 35656.0 304.0 360.0 7.697980882994 6.6516927714889 0.090292048072732 0.097193513965272 38.472974655956 37.926737357381 53.738752412977 55.324376357165
26 7 2 17.050841687878 8.4274990912205e-05 8.4274990912205e-05 5.7206431588765e-05 5.9191045622555e-05 997.5139116058 997.96758208581 0.61359507223566 0.59342251039794 38.170863978593 39.462710321134 61.829136021407 60.537289678866 2.03541921864 1.9696283203465
27 12 2 17.163469565098 8.3113751664691e-05 8.3113751664691e-05 5.7050633499395e-05 5.8604085378878e-05 997.42290653964 997.59341719478 0.61980348066543 0.61671949098015 18506.0 18622.0 38.603696098563 34.239072065299 16.346049929753 16.630866716787 92.764508807954 90.688433036194 14.691149269253 14.391369197122 5.6713266172887 4.9274712705859 2.4014225948066 2.393409429894 13.628172457866 13.051307217323
1 7 2 17.274877776976 8.5031336287925e-05 8.5031336287925e-05 5.7490400780729e-05 5.9650740566484e-05 997.54180810415 997.46669486526 0.59804480459824 0.60006925207756 51.930076100143 51.73565766696 48.069923899857 48.26434233304 2.373541310098 2.40842615746
2 10 2 17.38719863504 8.5209779448425e-05 8.5209779448425e-05 5.4720455680169e-05 2.916051099488e-05 997.8353794608 998.87149413152 0.5683681677698 0.66199876619371 5365.0179939346 2465.0691664698 0.000457152 0.000210048 5000.7405576952 2336.6332044142 0.000426112 0.000199104 10365.75855163 4801.7023708839 0.000883264 0.000409152
3 5 2 17.497645719446 8.5072097415958e-05 8.5072097415958e-05 6.1841424747552e-05 3.7307301784429e-05 997.58271534536 997.45886171496 0.55083788515689 0.62276689523781 inf inf
4 6 2 17.622668222363 8.3660856583176e-05 8.3660856583176e-05 6.1337345464209e-05 3.9007493724832e-05 997.34501052204 997.13405336075 0.5523102646711 0.63317772468296 0.0 0.0 0.0 0.0
5 7 2 17.739511566531 8.5960690007075e-05 8.5960690007075e-05 7.5109624823748e-05 2.1526404615703e-05 998.03379175024 997.99892095411 0.5141782622715 0.67279109928375 0.1538649949153 0.15767347054327 0.051281097303867 0.054780171559607 0.33328631591674 0.34742795583086
6 8 2 17.850334721257 8.1887294612324e-05 8.1887294612324e-05 5.5749447712293e-05 5.796957048583e-05 998.05313072599 997.68902921027 0.60064898626394 0.5964426674868 13.02663005508 12.77774305447 9.0304970185387 8.6760523766368 2.7361203632996 3.1118159942498 99.103124441484 99.019500609394
7 7 2 17.958118686422 8.266719086202e-05 8.266719086202e-05 5.2562380401528e-05 5.4895275629289e-05 997.61831585754 997.59038201979 0.59399743068742 0.60534990111273 0.0 0.0 0.0 0.0 - -
8 10 2 18.065224240582 8.3017736563102e-05 8.3017736563102e-05 4.9717253664817e-05 5.1964550523709e-05 997.57034982959 997.70671694143 0.61521346828519 0.60139423958907 10478.339159955 0.0 0.000869888 0.0 17.731150726822 0.0 1.472e-06 0.0 10496.070310682 0.0 0.00087136 0.0
9 19 2 18.171788698013 8.1528596685635e-05 8.1528596685635e-05 5.3962751600176e-05 6.1029372496848e-05 997.40420904027 997.54086760552 0.61999937557239 0.58758993590023 0.007568359375 0.0 92.830732806339 0.0 0.00164794921875 0.0 20.213143433638 0.0 0.0 0.0 0.0 0.0 0.0 0.0 0.0 0.0 13491.02087751 0.0 0.001099904 0.0 25.905020886642 0.0 2.112e-06 0.0 13516.925898397 0.0 0.001102016 0.0 0.0 0.0
10 9 2 18.279347850158 8.326592654268e-05 8.326592654268e-05 5.4878518276653e-05 5.680153771697e-05 997.62797927977 997.67613968291 0.59697205580955 0.61207388789927 0.0 0.0 0.0 0.0 0.0 0.0 0.0 0.0 - -
11 7 2 18.389311899799 8.42007150789e-05 8.42007150789e-05 5.5704610471457e-05 5.7441034525667e-05 997.58745590241 997.66525681358 0.5964550700742 0.59596453224192 193009.0 199190.0 247956.0 255901.0 247853.0 255775.0
12 10 2 18.497618940744 8.360197939824e-05 8.360197939824e-05 5.7719115999137e-05 5.9212331989417e-05 997.59054308438 997.69160678633 0.61638727401116 0.59733269978481 18.0 14.0 8.7058300041595e-05 6.3964033937489e-05 33.055555555556 32.5 0.0 0.0 0.0 0.0 - -
13 9 2 18.607128655982 8.1790373707891e-05 8.1790373707891e-05 4.9088626490262e-05 3.2645134540287e-05 997.80264868915 998.79274278906 0.0 0.0 0.56197502955389 0.64955662893807 0.0 0.0 0.0 0.0 0.0 0.0 0.0 0.0
14 10 2 18.715111019144 7.9960651960638e-05 7.9960651960638e-05 5.3893910583942e-05 5.5738125176729e-05 997.87207912319 997.51343152771 0.60180038941007 0.59743103054899 5378.6454894304 5625.1667410293 0.00043008 0.000449792 16.80826715447 16.007873480448 1.344e-06 1.28e-06 5395.4537565849 5641.1746145098 0.000431424 0.000451072
15 19 2 18.824678077137 8.2898170587539e-05 8.2898170587539e-05 5.4691017087701e-05 6.1989523512738e-05 997.64186664547 997.54241425601 0.59904951359503 0.59262209906477 0.0 0.0 0.0 0.0 0.0 0.0 0.0 0.0 1296.8681846419 1485.8952752151 0.0 0.0 0.0 0.0 1296.8681846419 1485.8952752151 13843.29704584 0.0 0.001147584 0.0 84.923466345568 0.0 7.04e-06 0.0 13928.220512185 0.0 0.001154624 0.0 0.093110830885206 0.10668234853944
16 13 2 18.933966204013 8.2606502071393e-05 8.2606502071393e-05 4.9575042618124e-05 6.2590976601938e-05 997.73921066692 997.82760771464 0.62540208541637 0.60021715526602 207.0 207.0 0.0 0.0 0.0 0.0 0.0006103515625 0.0 7.388662480497 0.0 0.0 0.0 0.0 0.0 0.0 0.0 0.0 0.0
17 9 2 19.042388334456 8.3050345465528e-05 8.3050345465528e-05 5.5074171691212e-05 5.7030705836801e-05 997.42087965026 997.73286114816 0.61502318924141 0.6093068042155 0.13380470460902 0.13371817328443 0.0 0.0 0.0 0.0 0.0 0.0 0.0 0.0
18 8 2 19.149936730192 8.0746888830249e-05 8.0746888830249e-05 5.1984931087725e-05 2.7162309918413e-05 997.01430760406 997.48224037516 0.52724608522699 0.6212025480346 0.066674016196526 0.066715003366306 0.0 0.0 0.0 0.0 14.998346538064 14.989132122341
19 5 2 19.258343130463 8.1678959957934e-05 8.1678959957934e-05 5.2502144512323e-05 5.4518461645694e-05 997.5469193671 997.92942334631 0.60066738517659 0.60633657381756 5.2857142857143 5.8571428571429
20 6 2 19.359419539508 8.1626423392914e-05 8.1626423392914e-05 5.6227258713126e-05 5.846096852934e-05 1097.4427647859 1097.3873028047 0.62523733021761 0.62245508115772 0.0 0.0 - -
21 7 2 19.459883910251 0.0015367063022758 0.0015367063022758 0.00077225127368666 0.00063903303764035 1097.4742680337 1097.4238996249 0.59911197124184 0.62822454756823 86.666979450127 85.399326423695 13.333020549873 14.600673576305 1.680593749076 1.714894573424
22 7 2 19.560258646368 0.0016447260089714 0.0016447260089714 0.0008208842813458 0.00082845951054004 1097.4254040232 1097.4469319608 0.62602767783407 0.63580172677474 0.0001548307481203 0.00017374569364059 3.2808002389804e-05 3.5328291040253e-05 0.21189591078067 0.20333333333333
23 9 2 19.660716760732 0.0011210813841759 0.0011210813841759 0.00050551316924659 0.00052472117148005 997.64679663185 997.69184363283 0.61264114448057 0.61815268663796 866.72833365639 891.64088719105 0.0 0.0 0.0 0.0 866.72833365639 891.64088719105 0.0 0.0
24 6 2 19.769580437453 8.2218818453658e-05 8.2218818453658e-05 5.2611293755167e-05 5.491293878477e-05 997.47489139115 997.91136763871 0.61314704655938 0.59471536341073 0.0 0.0 0.0 0.0
25 13 2 19.877220133587 8.2388203585706e-05 8.2388203585706e-05 6.3673863903351e-05 3.6137910311301e-05 997.68261507076 996.87446999507 0.55165310334544 0.64921687482202 1.8127333897618 1.5403173250451 562364.0 319168.0 238262.0 115704.0 24339.0 19643.0 320.0 852.0 4.3279797426578 6.1544390415079 0.084287045401199 0.37159113695609 42.367932513461 36.251754561861 53.21980069848 57.222215259675
26 7 2 19.98421931026 6.8773986822731e-05 6.8773986822731e-05 4.0278788018042e-05 4.7627113599564e-05 997.39554459522 997.55889179184 0.58975855277555 0.59078983589795 39.862821161522 39.77938379612 60.137178838478 60.22061620388 2.0125305738476 2.0579747822696
27 12 2 20.093219114656 8.4890031044078e-05 8.4890031044078e-05 5.7192391644665e-05 5.950852951979e-05 997.92584197819 997.60708757167 0.60112437105197 0.6028796388063 16171.0 17771.0 32.465524704718 31.71459118789 10.926968029188 12.199651116988 93.309009956094 88.852625063305 12.805669939816 13.524970698814 4.1574279379157 4.2893891654109 1.3992714602471 1.6499992389302 11.948843839088 12.017291504939
1 7 2 20.204619547499 8.3998721044426e-05 8.3998721044426e-05 5.7560600501231e-05 5.9333256669248e-05 997.45345270158 997.82547213889 0.62107166418257 0.61250280520646 63.448026248495 64.23168227652 36.551973751505 35.76831772348 1.9770609013917 1.871216356521
2 10 2 20.325263567942 9.2377397362292e-05 9.2377397362292e-05 5.8533885658377e-05 3.1873390516194e-05 997.68038961596 997.05625137767 0.56450373010465 0.66909422804499 5322.8605052767 2447.0055062655 0.000491712 0.000226048 5027.7233745664 2284.8879274245 0.000464448 0.000211072 10350.583879843 4731.89343369 0.00095616 0.00043712
3 5 2 20.442145219418 8.5174453137463e-05 8.5174453137463e-05 5.8057886263235e-05 3.2555007157192e-05 997.91258231021 997.76348224145 0.53947672975032 0.64580207537846 inf inf
4 6 2 20.554143934135 8.4428977395884e-05 8.4428977395884e-05 5.361718781474e-05 5.556692843899e-05 997.27833746422 997.48147976946 0.60358215347279 0.59898648153844 0.0 0.0 0.0 0.0
5 7 2 20.662509669293 8.4336585505676e-05 8.4336585505676e-05 5.3262566000852e-05 5.5749900613716e-05 997.68614443137 997.7241698064 0.61089611394792 0.61621137259025 0.15704200842558 0.15454468089367 0.053607883267795 0.053348751758351 0.34136014818735 0.34519953355792
6 8 2 20.770570522082 8.1188920618695e-05 8.1188920618695e-05 5.5244915527528e-05 5.7612684164829e-05 997.44512316284 997.70347740528 0.60636790694206 0.60667105426312 13.005410723069 13.44255078297 7.8258730939498 7.9366077605182 2.5618953926873 3.369284950632 99.077717658633 98.849128985598
7 7 2 20.877678810861 8.1533125699861e-05 8.1533125699861e-05 5.183185040689e-05 5.4060578307455e-05 997.32700920426 998.16788656673 0.59809352593181 0.59611562240933 0.0 0.0 0.0 0.0 - -
8 10 2 20.984704965967 7.9857390436288e-05 7.9857390436288e-05 4.7968148370775e-05 5.0346333740795e-05 997.60434915154 997.7259096915 0.64441997152488 0.60029592508991 11192.752419241 0.0 0.000893824 0.0 14.425715562533 0.0 1.152e-06 0.0 11207.178134803 0.0 0.000894976 0.0
9 19 2 21.094715595613 8.3963394733465e-05 8.3963394733465e-05 5.5907057407355e-05 6.281335120043e-05 997.50478585474 998.06983307966 0.61502971964386 0.60853407046641 0.0 0.0 0.0 0.0 0.0 0.0 0.0 0.0 0.0 0.0 0.0 0.0 0.0 0.0 0.0 0.0 13698.92205587 0.0 0.001150208 0.0 103.66422210095 0.0 8.704e-06 0.0 13802.586277971 0.0 0.001158912 0.0 0.0 0.0
10 9 2 21.208223873344 6.3235002424488e-05 6.3235002424488e-05 4.1343559262551e-05 4.3435963834917e-05 998.10938844966 998.14805054321 0.61305270509859 0.60095997192771 0.0 0.0 0.0 0.0 0.0 0.0 0.0 0.0 - -
11 7 2 21.320535736785 8.3717922162422e-05 8.3717922162422e-05 5.5146183017404e-05 5.7809696283655e-05 997.70210640466 997.52933072605 0.60722211417144 0.60438457349843 187808.0 197767.0 241240.0 254041.0 241066.0 253869.0
12 10 2 21.434269743302 8.5009597019641e-05 8.5009597019641e-05 3.7580854243673e-05 6.0173841709575e-05 997.72513627222 998.02559632376 0.58196686818813 0.58606635112901 19.0 37.0 0.00013325665231235 0.00016320913265374 32.736842105263 30.702702702703 0.0 0.0 0.0 0.0 - -
13 9 2 21.552020037968 9.547886630417e-05 9.547886630417e-05 5.7121286121319e-05 6.6974156569764e-05 997.670667759 997.76482856277 0.0 0.0 0.6319199146237 0.61397361056906 0.0 0.0 0.0 0.0 0.0 0.0 0.0 0.0
14 10 2 21.669069315507 8.4421730973123e-05 8.4421730973123e-05 6.2702390351895e-05 3.5146056195829e-05 997.80268186366 997.55553837467 0.54725848976801 0.63007047513884 6530.2617423885 3231.7745307409 0.000551296 0.000272832 84.148949780024 43.211622860012 7.104e-06 3.648e-06 6614.4106921685 3274.9861536009 0.0005584 0.00027648
15 19 2 21.780085047541 8.5836595017286e-05 8.5836595017286e-05 5.6305157757811e-05 6.3976854955063e-05 997.55435647544 997.41644670715 0.60738312414807 0.60499378988394 0.0 0.0 0.0 0.0 0.0 0.0 0.0 0.0 1271.7652648968 1450.7448714027 0.0 0.0 0.0 0.0 1271.7652648968 1450.7448714027 13549.838501466 0.0 0.001163072 0.0 62.630629732195 0.0 5.376e-06 0.0 13612.469131199 0.0 0.001168448 0.0 0.093426493947527 0.10657470422304
16 13 2 21.887809261421 8.3058497691135e-05 8.3058497691135e-05 4.9783377272515e-05 6.3087809462519e-05 997.7637184875 997.94232868555 0.61188920185703 0.60331244288332 208.0 208.0 0.00714111328125 0.0 85.976913618222 0.0 0.00030517578125 0.0 3.6742270777018 0.0 0.0 0.0 0.0 0.0 0.0015869140625 0.0 19.105980804049 0.0
17 9 2 21.996511826613 8.0973339541543e-05 8.0973339541543e-05 5.3665648266957e-05 5.5801984277314e-05 997.82946215852 997.64549571373 0.59942431631239 0.59398923963978 0.13373769463471 0.13378618122915 0.0 0.0 0.0 0.0 0.0 0.0 0.0 0.0
18 8 2 22.103713202033 8.0512285893349e-05 8.0512285893349e-05 5.179335378597e-05 5.3784308439675e-05 997.67306298955 997.58555382545 0.61248547235597 0.59608183670806 0.06667987767322 0.066678044030398 0.0 0.0 0.0 0.0 14.99702811245 14.997440529961
19 5 2 22.21563060464 8.6951638319696e-05 8.6951638319696e-05 5.4940112870125e-05 5.7723192111941e-05 997.72088379143 997.6609927355 0.6251488056894 0.63031705761042 5.76 6.375
20 6 2 22.332346350173 8.3403608575147e-05 8.3403608575147e-05 5.304200300805e-05 5.5324626177904e-05 997.78707018474 997.86433277685 0.59840379329021 0.59704498022981 0.0 0.0 - -
21 7 2 22.444322014924 8.2917192447288e-05 8.2917192447288e-05 5.3755775650052e-05 5.8652092929673e-05 997.40544007947 997.7695960179 0.60746199907877 0.58813404604143 86.177669935632 87.97016285337 13.822330064368 12.02983714663 1.719886780585 1.5239166585151
22 7 2 22.550892925295 7.9620070090852e-05 7.9620070090852e-05 5.3006223795666e-05 5.4936036757322e-05 997.4681067944 997.64686095718 0.61346898767684 0.60303161369546 0.000122091603586 0.00027297656123981 4.3604144137859e-05 6.2040127554502e-05 0.35714285714286 0.22727272727273
23 9 2 22.65785245679 8.1121891208152e-05 8.1121891208152e-05 5.3963657403021e-05 5.5810589404343e-05 997.76896964902 997.79934089203 0.60934024066564 0.6095315823317 1285.5716064657 1329.1356795829 0.0 0.0 0.0 0.0 1285.5716064657 1329.1356795829 0.0 0.0
24 6 2 22.775872813857 8.8664511499921e-05 8.8664511499921e-05 5.6056514876809e-05 5.987039775644e-05 997.484608384 997.67669252148 0.61186636742039 0.60830691214976 0.0 0.0 0.0 0.0
25 13 2 22.891890574891 8.2865561685113e-05 8.2865561685113e-05 5.6879889663078e-05 5.8661150958125e-05 997.72952237516 997.9236881387 0.60085734242984 0.59611375236447 1.6642885580062 1.6775321757526 502360.0 518092.0 195481.0 203190.0 37999.0 33833.0 348.0 316.0 7.5640974599889 6.5303073585386 0.099928338243491 0.091682558310107 38.912532844972 39.21890320638 53.423441356796 54.159106876771
26 7 2 23.000544781987 8.1202507661372e-05 8.1202507661372e-05 5.5415206462422e-05 5.8429265429758e-05 997.46106632521 997.50140672382 0.5959892644387 0.60335135438491 39.298440615908 38.814519692119 60.701559384092 61.185480307881 1.984661838976 2.0142900888027
27 12 2 23.106956798235 7.9284923038137e-05 7.9284923038137e-05 5.4575980126363e-05 5.6609960415214e-05 997.60388453262 997.94975974637 0.61141413270147 0.60823146994706 16748.0 16990.0 35.102698829711 33.613890523838 19.196321948889 17.680988816951 94.871029376642 94.52030606239 13.898409168236 13.592652447317 4.878716712447 4.569019312927 2.6679833697086 2.4033153591372 13.185563844884 12.847816695201
1 7 2 23.215202026288 8.383477072945e-05 8.383477072945e-05 5.7348642635459e-05 5.9370847487323e-05 997.69557767038 997.50794232032 0.60035748828918 0.6116897176027 51.774925962488 50.815470287589 48.225074037512 49.184529712411 2.4006368675551 2.4985855454369
2 10 2 23.327451026106 8.4937132792027e-05 8.4937132792027e-05 3.9339923369013e-05 4.3976728133489e-05 997.45204828378 997.59641388864 0.57304015674788 0.60194656251937 3858.6656886864 4072.6592554873 0.000327744 0.00034592 3460.0649955962 3827.0187527511 0.000293888 0.000325056 7318.7306842826 7899.6780082384 0.000621632 0.000670976
3 5 2 23.437738157505 8.2950707152559e-05 8.2950707152559e-05 5.2827780635165e-05 3.1002461080553e-05 998.00864481065 998.09330649173 0.55228170187782 0.63815525744171 inf inf
4 6 2 23.545897481028 8.3324803727616e-05 8.3324803727616e-05 5.2955951737758e-05 5.5013935802007e-05 997.23035025783 997.35255357415 0.62011614648246 0.59858669084601 0.0 0.0 0.0 0.0
5 7 2 23.654306292546 8.1231493352418e-05 8.1231493352418e-05 5.1891180493249e-05 5.4168368846032e-05 997.74403607123 997.72464310966 0.61496967419892 0.58950548827673 0.15489238366164 0.15343516341609 0.05546132789437 0.055420012124976 0.35806362187262 0.36119498875683
6 8 2 23.763795860012 8.3618283849453e-05 8.3618283849453e-05 5.6872190338894e-05 5.8851369555612e-05 997.59446861387 997.3176286007 0.59661150624534 0.61063152898718 13.072077596299 13.326612437761 9.2185422025435 8.8808169735961 2.7338679493203 2.9536027335062 99.074641841797 99.041118028674
7 7 2 23.874328670505 8.2575704774657e-05 8.2575704774657e-05 5.3182855350476e-05 5.4968192758326e-05 997.60358562156 997.20559036903 0.60376262262715 0.6061055512275 0.0 0.0 0.0 0.0 - -
8 10 2 23.983448929469 8.0770439704224e-05 8.0770439704224e-05 4.8864893187503e-05 5.1382119294258e-05 998.23268323515 997.73057327525 0.61989301986199 0.60606432932855 11555.910843348 0.0 0.000933376 0.0 16.639750940092 0.0 1.344e-06 0.0 11572.550594288 0.0 0.00093472 0.0
9 19 2 24.091113165614 7.9743259277796e-05 7.9743259277796e-05 5.3362657215244e-05 3.5927311149797e-05 997.44552697125 997.29488089393 0.5602103451391 0.63855460480242 0.0 0.0 0.0 0.0 0.0 0.0 0.0 0.0 0.0 0.0 0.0 0.0 0.0 0.0 0.0 0.0 11647.780745508 0.0 0.000928832 0.0 17.656664810941 0.0 1.408e-06 0.0 11665.437410319 0.0 0.00093024 0.0 0.0 0.0
10 9 2 24.199859119668 8.0753229450166e-05 8.0753229450166e-05 5.3805141905115e-05 5.5545642072128e-05 997.27384409892 997.43725361984 0.59385356734033 0.60541020831277 0.0 0.0 0.0 0.0 0.0 0.0 0.0 0.0 - -
11 7 2 24.309229770619 8.3943467070871e-05 8.3943467070871e-05 5.4862666726862e-05 5.7776181578384e-05 997.68207444304 997.60071225852 0.60283762061878 0.60483320373988 188101.0 197405.0 241651.0 253612.0 241534.0 253500.0
12 10 2 24.417282801801 7.9903586381392e-05 7.9903586381392e-05 5.4801977936235e-05 5.6928803016718e-05 997.60549134998 997.59684876303 0.6025365873091 0.59424373363085 9.0 16.0 4.4816030196045e-05 7.564081956828e-05 38.0 49.0625 0.0 0.0 0.0 0.0 - -
13 9 2 24.524935192762 8.1229681746727e-05 8.1229681746727e-05 4.8487173401063e-05 4.102698116816e-05 997.82512902299 997.7394281892 0.0 0.0 0.59374965337474 0.62663945766464 0.0072021484375 0.0 88.663999201131 0.0 0.00152587890625 0.0 18.78474559346 0.0
14 10 2 24.633484644664 8.2237840313407e-05 8.2237840313407e-05 5.5032504760333e-05 5.6470013875634e-05 997.68919187741 997.47367494091 0.59872677372148 0.59699312920447 5382.2425092046 5529.3280838489 0.000442624 0.00045472 7.7823055367331 18.677533288159 6.4e-07 1.536e-06 5390.0248147414 5548.005617137 0.000443264 0.000456256
15 19 2 24.740802538939 8.1246892000786e-05 8.1246892000786e-05 5.4187390705781e-05 6.1122670189901e-05 998.07500585149 997.83470777172 0.60034120273966 0.59321154792883 0.00750732421875 0.0 92.401371103247 0.0 0.00152587890625 0.0 18.7807664844 0.0 1308.2346583666 1493.3986643923 0.0 0.0 0.0 0.0 1308.2346583666 1493.3986643923 13878.093945909 0.0 0.001127552 0.0 37.81067711452 0.0 3.072e-06 0.0 13915.904623023 0.0 0.001130624 0.0 0.094010033397487 0.10731596003623
16 13 2 24.848076929314 8.0898157905393e-05 8.0898157905393e-05 4.9095872913024e-05 6.2412080540015e-05 997.56729397916 997.37606397965 0.62696209413425 0.61247483299777 208.0 208.0 0.0 0.0 0.0 0.0 0.0008544921875 0.0 10.562566684142 0.0 0.0 0.0 0.0 0.0 0.0 0.0 0.0 0.0
17 9 2 24.953066056104 8.1602872518939e-05 8.1602872518939e-05 5.8652998732518e-05 6.0509441663714e-05 1097.4930407102 1097.3564912681 0.61192330227372 0.6155334617192 0.13374378650135 0.13372709095432 0.0 0.0 0.0 0.0 0.0 0.0 0.0 0.0
18 8 2 25.053403522057 0.0023125119463224 0.0023125119463224 0.0011616676922665 0.0011582147718207 1097.4330781717 1097.4187568463 0.62987064173751 0.62987171643431 0.066667256031722 0.066667356310288 0.0 0.0 0.0 0.0 14.999867394035 14.99984483179
19 5 2 25.153768231843 0.00057219475149398 0.00057219475149398 0.00027396641114461 0.00027611497549337 997.65282718587 997.59318328516 0.62210589644835 0.62010869178261 6.4 6.25
20 6 2 25.260026446391 8.2705234581517e-05 8.2705234581517e-05 7.097780514546e-05 2.8493387199405e-05 997.66794426606 997.95269371438 0.52560301574951 0.64203490152056 0.0 0.0 - -
21 7 2 25.366009225315 8.1573886827894e-05 8.1573886827894e-05 5.9654363777864e-05 6.1755826378682e-05 1096.8646616275 1097.4256367111 0.61251860119048 0.61235982808872 86.008533511494 85.504121564141 13.991466488506 14.495878435859 1.7032347504621 1.7836130662335
22 7 2 25.46646448187 0.0022125040657923 0.0022125040657923 0.0011234550405383 0.0011229265045782 1097.4298498412 1097.439538781 0.66505169716574 0.63124451665892 0.00053947360778951 0.00012728376238922 4.4453518819922e-05 2.9487404953502e-05 0.0824016563147 0.23166666666667
23 9 2 25.566916526448 0.0015304472046156 0.0015304472046156 0.0007803536801368 0.00078411819676136 1097.4516396989 1097.4160663152 0.64592399209451 0.64300363149634 929.57927311011 938.30548069161 0.0 0.0 0.0 0.0 929.57927311011 938.30548069161 0.0 0.0
24 6 2 25.667330913179 0.0015659293136668 0.0015659293136668 0.00079639454272209 0.00079979356789863 1097.4386788134 1097.4422758647 0.63808953577403 0.62680061163295 0.0 0.0 0.0 0.0
25 13 2 25.767806510443 0.0019629680631865 0.0019629680631865 0.00099733467558686 0.0010010511846606 1097.408353027 1097.4642424817 0.630303378981 0.63071725705207 1.5865375838801 1.5854964943784 8808404.0 8841228.0 3261306.0 3271311.0 748290.0 672627.0 504.0 544.0 8.4951825552052 7.6078458784232 0.0092865858559621 0.010145649450506 37.024936640054 37.000640634989 54.470594218885 55.381367837138
26 7 2 25.871383462518 8.0236921828416e-05 8.0236921828416e-05 5.5035222168869e-05 5.6889400592952e-05 997.73845601935 997.56614291842 0.58585279072795 0.60171204659986 39.980414263025 38.923342700878 60.019585736975 61.076657299122 1.9127219322861 1.9733268172231
27 12 2 25.972967628406 8.0407212763309e-05 8.0407212763309e-05 5.5062849155647e-05 5.7483607259391e-05 997.55675133719 997.75063355154 0.61545392878476 0.61656206280118 17175.0 18039.0 36.949053857351 38.910139142968 21.117903930131 21.897000942403 95.307132459971 95.210377515383 14.126733455066 14.212554068215 5.2196943525967 5.5301245637119 2.9832699995065 3.1121230982564 13.463784566287 13.531826382925
1 7 2 26.076424815228 7.6280375000693e-05 7.6280375000693e-05 5.7259873956631e-05 5.9422931150921e-05 1096.9908746971 1097.5601368341 0.62525469328005 0.61027284482358 70.904618402423 50.934796692199 29.095381597577 49.065203307801 2.6766353780106 2.5437015963332
2 10 2 26.176831642129 0.0036854717392617 0.0036854717392617 0.0018406027039413 0.0018496897180842 1097.438920706 1097.4484903064 0.63112407102338 0.62926470080687 3737.7467457557 3767.6501089605 0.01377536 0.013885568 3716.8039722221 3745.2833657504 0.013698176 0.013803136 7454.5507179778 7512.9334747108 0.027473536 0.027688704
3 5 2 26.278842683911 8.0117355852853e-05 8.0117355852853e-05 5.1567355976097e-05 5.3829145680512e-05 997.30754460749 997.7187520857 0.60233506673509 0.61247584447708 inf inf
4 6 2 26.386346996035 8.142442935844e-05 8.142442935844e-05 5.2068264949482e-05 5.3913385345114e-05 997.52946634418 997.88399717311 0.61174905549939 0.62289712046131 0.0 0.0 0.0 0.0
5 7 2 26.493212345773 8.0292175801972e-05 8.0292175801972e-05 5.1778860940447e-05 5.3435121442859e-05 997.75658223788 997.39275963857 0.6132238408891 0.59672867417231 0.15557081250402 0.15356720177222 0.05511811023622 0.055341445897693 0.35429595917804 0.3603728221849
6 8 2 26.601753787661 7.9981485426077e-05 7.9981485426077e-05 5.5295640486858e-05 5.8101817701226e-05 998.02091942719 997.37365613879 0.5997985802363 0.59309668888868 12.984470726993 12.591980543777 8.6041673492121 8.2158892491893 2.504668610556 2.4195559990022 98.958162696983 98.887659017211
7 7 2 26.703238864152 7.8561186564843e-05 7.8561186564843e-05 5.4438750995318e-05 5.6585956639817e-05 1097.7099343121 1097.5713711067 0.62053762719214 0.62551191036437 0.0 0.0 0.0 0.0 - -
8 10 2 26.803526766385 0.002117119402984 0.002117119402984 0.001064584649123 0.0010677898324907 1097.4371029266 1097.432141174 0.63922998310136 0.63859942127846 8008.9804930704 0.0 0.016955968 0.0 4.2623953978603 0.0 9.024e-06 0.0 8013.2428884682 0.0 0.016964992 0.0
9 19 2 26.908989547447 8.1667184520947e-05 8.1667184520947e-05 5.3949617458921e-05 6.1008086129986e-05 997.50937604041 997.50061707182 0.59562680320614 0.59092544175192 0.0 0.0 0.0 0.0 0.0 0.0 0.0 0.0 0.0 0.0 0.0 0.0 0.0 0.0 0.0 0.0 13709.496740552 0.0 0.001119616 0.0 18.80804400213 0.0 1.536e-06 0.0 13728.304784554 0.0 0.001121152 0.0 0.0 0.0
10 9 2 27.017294361929 8.0497793047826e-05 8.0497793047826e-05 5.3796083876663e-05 5.5046544704434e-05 997.80396336105 997.60242925442 0.62249951523219 0.60142213161398 0.0 0.0 0.0 0.0 0.0 0.0 0.0 0.0 - -
11 7 2 27.117832790207 7.7999588800835e-05 7.7999588800835e-05 5.6067837412374e-05 5.8340496750931e-05 1097.5652604222 1097.4584296411 0.61693984441576 0.62349649808084 187847.0 193385.0 241321.0 248446.0 241194.0 248323.0
12 10 2 27.218229560884 0.0011685463590659 0.0011685463590659 0.00060016775496221 0.00060294766389407 1097.4735612106 1097.4444389713 0.63698074390256 0.63865929999333 146.0 160.0 7.0179486439977e-05 7.6756169157164e-05 41.376712328767 34.3375 0.0 0.0 0.0 0.0 - -
13 9 2 27.318577334874 0.000632524844194 0.000632524844194 0.00032664292270463 0.00033602386987073 1097.4665382153 1097.4638575363 0.0 0.0 0.6282364644272 0.62883179756311 0.0 0.0 0.0 0.0 0.0 0.0 0.0 0.0
14 10 2 27.41904064764 0.0025832111266028 0.0025832111266028 0.0013041776538987 0.0013076446142886 1097.438717048 1097.428409021 0.63113891229804 0.63089176038506 3839.5622788462 3850.3147875026 0.0099184 0.009946176 0.44595658021766 0.86713779486768 1.152e-06 2.24e-06 3840.0082354265 3851.1819252975 0.009919552 0.009948416
15 19 2 27.519517099981 0.0024495363659233 0.0024495363659233 0.0012377111998237 0.0012466831770052 1097.4309395396 1097.4533130687 0.63728815061259 0.63656554280699 0.012939453125 0.0 5.2824090734096 0.0 0.0032958984375 0.0 1.3455192922836 0.0 933.67219683548 941.50796537805 0.0 0.0 0.0 0.0 933.67219683548 941.50796537805 8105.893129909 0.0 0.01985568 0.0 7.0543961871277 0.0 1.728e-05 0.0 8112.9475260961 0.0 0.01987296 0.0 0.11508421493326 0.11605004991707
16 13 2 27.619954722367 0.00098519193553999 0.00098519193553999 0.0005044968584543 0.00052022748356512 1097.4981927774 1097.4341238864 0.63776484982563 0.62636154588181 208.0 208.0 0.006591796875 0.0 6.6908757950673 0.0 0.00225830078125 0.0 2.2922444853471 0.0 0.0 0.0 0.0 0.0 0.00164794921875 0.0 1.6727189487668 0.0
17 9 2 27.720320579805 0.0018320849868759 0.0018320849868759 0.00092648096543119 0.00092924547571468 1097.4485130956 1097.4115074972 0.63080769566412 0.63081574099353 0.13338053363685 0.13338203355396 0.0 0.0 0.0 0.0 0.0 0.0 0.0 0.0
18 8 2 27.820741579802 0.00080487285734822 0.00080487285734822 0.00037167672275844 0.00038024018285677 997.6518644705 997.6448101631 0.61181740986459 0.62103331350915 0.066668257112461 0.066669181675351 0.0 0.0 0.0 0.0 14.999642158233 14.999434144393
19 5 2 27.928261463582 8.0171704023563e-05 8.0171704023563e-05 4.2198184246978e-05 4.9642977831512e-05 996.94062437541 997.9693925866 0.62659215322331 0.59611692726037 6.0952380952381 6.047619047619
20 6 2 28.033108795089 7.8626404369695e-05 7.8626404369695e-05 5.5612671482671e-05 5.7375816720814e-05 1097.5751630945 1097.2286973847 0.63093855655695 0.60803060191118 0.0 0.0 - -
21 7 2 28.13723299067 7.9332024786087e-05 7.9332024786087e-05 5.4795637316319e-05 5.6809689942577e-05 997.83284792109 997.8193273729 0.59999900816774 0.59221646223431 86.601977055576 87.546538047594 13.398022944424 12.453461952406 1.7349887616397 1.5608513189448
22 7 2 28.238083719842 7.8095603902423e-05 7.8095603902423e-05 5.6211860064758e-05 5.8638958788418e-05 1097.1422142056 1097.6179074564 0.6225953218193 0.62124956215902 0.00017110424839329 0.00016367918878997 7.5118938319005e-05 7.1859156054134e-05 0.4390243902439 0.4390243902439
23 9 2 28.338529262567 0.0029919401676423 0.0029919401676423 0.0014976575945306 0.0015068456056907 1097.4606202562 1097.4251270111 0.63806476223995 0.63683192438012 923.82462386541 931.29201918355 0.0 0.0 0.0 0.0 923.82462386541 931.29201918355 0.0 0.0
24 6 2 28.438935997076 0.0030966310488819 0.0030966310488819 0.0015536846708149 0.0015507285832297 1097.4356045891 1097.4540842544 0.63030852010851 0.63004822536969 0.0 0.0 0.0 0.0
25 13 2 28.539388751803 0.0024897214033466 0.0024897214033466 0.0012588902290482 0.001262264797548 1097.4249026939 1097.4419663827 0.66967661668768 0.62911554042783 1.4932580518432 1.5895331393657 11118448.0 11148252.0 3874470.0 4135292.0 964501.0 887692.0 508.0 476.0 8.6747808686968 7.9626115376653 0.0074920528476636 0.0074182033201259 34.847219683898 37.093635845333 56.470507394557 54.936334413682
26 7 2 28.639890178941 0.003341444195453 0.003341444195453 0.0016826827714055 0.0016858200195598 1097.4203045004 1097.4268949188 0.63846902436941 0.6382251617567 36.55369360543 36.567822781117 63.44630639457 63.432177218883 2.0417877507252 2.0413851000844
27 12 2 28.740398023692 0.0010099312228474 0.0010099312228474 0.00047414612252085 0.00047768690584266 997.7219821461 997.68498685967 0.62647199448034 0.6269171261786 142505.0 143839.0 34.095645766815 33.627875610926 13.242342373952 13.081292278172 98.603557769903 98.533777348285 13.611988828054 13.637570326322 4.6410954926316 4.586025185688 1.8025461645149 1.7839704340274 13.421905267703 13.437613181054
1 7 2 28.847999569222 8.2419000882442e-05 8.2419000882442e-05 5.6017112453044e-05 5.8518487010009e-05 997.45335248913 997.7388470046 0.60113047619973 0.59559050617449 51.571330395763 52.086558107857 48.428669604237 47.913441892143 2.41732919004 2.3829099307159
2 10 2 28.954754879313 7.9758657926164e-05 7.9758657926164e-05 5.1642537612247e-05 5.3667459872647e-05 997.6692114334 997.51314154438 0.59771139219273 0.60270077819033 5149.1337828201 5280.7307814772 0.000410688 0.000421184 5055.2505581684 5163.5773558434 0.0004032 0.00041184 10204.384340988 10444.308137321 0.000813888 0.000833024
3 5 2 29.056407479511 7.7073858293066e-05 7.7073858293066e-05 5.4010306249548e-05 5.6292023616556e-05 1097.4224890104 1097.494144456 0.62963432276322 0.63091104749142 inf inf
4 6 2 29.156797828046 0.00328631522269 0.00328631522269 0.0016470231249965 0.0016450665908509 1097.4354331589 1097.4288817415 0.63759376033332 0.62794525132788 0.0 0.0 0.0 0.0
5 7 2 29.262090464913 8.209834667525e-05 8.209834667525e-05 5.2438285411738e-05 5.4925620024602e-05 998.12298116843 997.79963790652 0.59793841053105 0.60230642013201 0.15928773942996 0.15684054213786 0.055433620640683 0.056061305878789 0.34800933731034 0.35744141861938
6 8 2 29.369535681553 8.189363523224e-05 8.189363523224e-05 5.6193291106432e-05 5.8153448463401e-05 997.90788130285 997.61361578224 0.59753807033259 0.61203555852141 13.35654528749 13.823772215386 9.3444234892081 8.8697995358328 3.182778019569 2.7935701936107 98.953044151071 99.002351988287
7 7 2 29.47800473983 8.0818447255018e-05 8.0818447255018e-05 5.1774331926221e-05 5.4364928063436e-05 997.669310064 997.53107069884 0.62461479619714 0.60861430816813 0.0 0.0 0.0 0.0 - -
8 10 2 29.582963421681 7.667892825257e-05 7.667892825257e-05 4.9859011810088e-05 5.2816911001023e-05 1098.1277000275 1097.1533721467 0.62285639925996 0.62341765385109 11402.14163036 0.0 0.000874304 0.0 21.700877123882 0.0 1.664e-06 0.0 11423.842507484 0.0 0.000875968 0.0
9 19 2 29.689850041481 7.9877318098882e-05 7.9877318098882e-05 5.7261685562321e-05 6.5504491453459e-05 1097.4223359145 1091.2197387733 0.6143906776943 0.61735893835076 0.00750732421875 0.0 93.985682011213 0.0 0.00164794921875 0.0 20.631003368315 0.0 0.0 0.0 0.0 0.0 0.0 0.0 0.0 0.0 14227.418083731 0.0 0.001136448 0.0 20.831946284677 0.0 1.664e-06 0.0 14248.250030016 0.0 0.001138112 0.0 0.0 0.0
10 9 2 29.790221176126 0.00096498709727552 0.00096498709727552 0.00049776130849754 0.00050013451195191 1097.4425937657 1097.4695409214 0.63788961587327 0.63581398803441 0.0 0.0 0.0 0.0 0.0 0.0 0.0 0.0 - -
11 7 2 29.890654410803 0.00065303222060875 0.00065303222060875 0.00034450444900873 0.00034769015761523 1097.4959864653 1097.4187365772 0.63742025553424 0.63887855569398 1114327.0 1122078.0 1432514.0 1442480.0 1432412.0 1442356.0
12 10 2 29.99111620182 0.0017612928713141 0.0017612928713141 0.00089710985527481 0.00090082727015143 1097.4178201526 1097.4305324855 0.63033971669167 0.63046330326846 103.0 106.0 3.277705682396e-05 3.3599115011989e-05 38.543689320388 29.77358490566 0.0 0.0 0.0 0.0 - -
13 9 2 30.091536321377 0.0013822850332304 0.0013822850332304 0.00070143424854622 0.00071201991349642 1097.4293564374 1097.4659902709 0.0 0.0 0.65352367401226 0.62650036821786 0.0069580078125 0.0 5.0336997400884 0.0 0.00164794921875 0.0 1.1921920437051 0.0
14 10 2 30.192727457598 7.8977855873623e-05 7.8977855873623e-05 5.6646645430444e-05 5.8946478854356e-05 1097.5433146145 1097.558746548 0.62797481573715 0.62912316318639 5486.0947439915 5672.476101616 0.00043328 0.000448 18.638135762453 13.776013389639 1.472e-06 1.088e-06 5504.7328797539 5686.2521150056 0.000434752 0.000449088
15 19 2 30.293196329276 0.0029178762922038 0.0029178762922038 0.0014607964006474 0.0014753309131012 1097.4317186726 1097.428996141 0.63757714919171 0.63750069963408 0.02056884765625 0.0 7.0492528114394 0.0 0.00506591796875 0.0 1.7361661226987 0.0 924.66565741971 933.97825236165 0.0 0.0 0.0 0.0 924.66565741971 933.97825236165 8038.8987232505 0.0 0.023456512 0.0 5.4834401454065 0.0 1.6e-05 0.0 8044.3821633959 0.0 0.023472512 0.0 0.11494551584424 0.11610316782456
16 13 2 30.393633591152 0.0019122539734909 0.0019122539734909 0.00096037293758787 0.00097036801908301 1097.4604781633 1097.4514979153 0.62952982316972 0.62746502033751 208.0 208.0 0.0147705078125 0.0 7.7241349827272 0.0 0.00445556640625 0.0 2.3300076600789 0.0 0.0 0.0 0.0 0.0 0.00341796875 0.0 1.7874031364988 0.0
17 9 2 30.494101205576 0.0016338301065468 0.0016338301065468 0.00083266968216443 0.00083534904698048 1097.4276171939 1097.4379042094 0.62946237361694 0.62831935280796 0.1333803298636 0.13338354603899 0.0 0.0 0.0 0.0 0.0 0.0 0.0 0.0
18 8 2 30.594512901166 0.00056185410621347 0.00056185410621347 0.00029719436640498 0.0003001980086396 1097.4720652335 1097.3229721191 0.63494249047636 0.64064800039434 0.066667892297972 0.066668341985388 0.0 0.0 0.0 0.0 14.999724238026 14.99962306276
19 5 2 30.694897173576 0.0013376869243454 0.0013376869243454 0.00068314699490488 0.00068653107433447 1097.4615426986 1097.4086244858 0.63737331268447 0.63656421426775 6.5294117647059 6.8333333333333
20 6 2 30.795292889898 0.00069809591215619 0.00069809591215619 0.00036462685921441 0.00036787189790726 1097.3456086601 1097.4509028251 0.63035032555284 0.6310534260762 0.0 0.0 - -
21 7 2 30.903008985067 8.1901787457847e-05 8.1901787457847e-05 5.5610406975558e-05 5.804656372767e-05 997.24849870379 997.71796791015 0.59614600326264 0.59009917401033 87.382214729572 88.112291871479 12.617785270428 11.887708128521 1.6128461378305 1.5382130237254
22 7 2 31.007233007368 7.8519519633965e-05 7.8519519633965e-05 5.6583239231282e-05 5.8794303976366e-05 1097.5186628025 1097.4245311059 0.63352856164905 0.6199889199851 0.00022358246607242 0.0001668871961759 8.0152204818413e-05 4.7682056050257e-05 0.35849056603774 0.28571428571429
23 9 2 31.110816662384 7.6591971179433e-05 7.6591971179433e-05 5.1477228593002e-05 5.3835486300428e-05 997.38453473833 997.4873811477 13.803862035463 0.48374008554209 0.0 1711.0409613689 0.0 0.0 0.0 0.0 0.0 1711.0409613689 - 0.0
24 6 2 31.218421918988 7.5898126200029e-05 7.5898126200029e-05 5.3333218622776e-05 5.5973633916476e-05 1097.5526519827 1097.7487755801 13.837720329025 0.49832063900392 0.0 0.0 0.0 0.0
25 13 2 31.318803300075 0.00014177444972105 0.00014177444972105 8.9349751352823e-05 9.1770509456567e-05 1097.5340696573 1097.751955547 13.744113139195 0.48977559485251 0.072758423178885 2.0417513867777 789132.0 810512.0 24319.0 386531.0 14095.0 15568.0 364.0 316.0 1.7861397079323 1.9207611978601 0.055123857605572 0.058975067611584 3.0817404439308 47.689731922538 95.076995990531 50.33053181199
26 7 2 31.419279658213 0.002959050466334 0.002959050466334 0.0014928894483535 0.0014962409188807 1097.4418660493 1097.4240920962 13.661294065963 0.48122227768728 4.2751538932232 48.506225937811 95.724846106777 51.493774062189 26.406658242043 2.7850905340362
27 12 2 31.519753621409 0.0016641763134658 0.0016641763134658 0.00084799405469919 0.00085178665121196 1097.4535010792 1097.4302402332 13.668649895607 0.48140910865239 1719939.0 176629.0 0.047676109443416 73.476043005395 0.039768852267435 53.459511178799 10.100823343153 99.31098517231 91.859467121423 9.3914978893867 0.043795020078949 6.9005010280566 0.036531455773172 5.0206488640333 9.278562497897 9.3267890763867
1 7 2 31.620224191467 0.0021606323600605 0.0021606323600605 0.0010956822195023 0.0011028534606276 1097.4286167515 1097.454920318 13.665150984534 0.48207591470464 4.5061467371513 80.264467154124 95.493853262849 19.735532845876 42.783732730842 3.4146682866867
2 10 2 31.720611420417 0.0019545259806695 0.0019545259806695 0.0009793617355328 0.00098769557460988 1097.4577367407 1097.4670296781 13.671041567884 0.48270078243451 0.75312378272699 4946.1568153157 1.472e-06 0.009667392 0.62214573355708 4887.7406053859 1.216e-06 0.009553216 1.3752695162841 9833.8974207016 2.688e-06 0.019220608
3 5 2 31.821016769047 0.0013728338863439 0.0013728338863439 0.00062641248659845 0.00062842653922471 997.66859556111 997.63801182574 13.670471954534 0.47370474811891 inf inf
4 6 2 31.927658659035 7.8816622967182e-05 7.8816622967182e-05 5.0715901301628e-05 5.3344088256918e-05 997.58832900229 997.45027353672 13.821278696618 0.48968519257633 0.0 0.0 0.0 0.0
5 7 2 32.034639367294 7.9284017235292e-05 7.9284017235292e-05 0.0 0.0 - - - - - - - - - -
