1 7 1 0.10065776476917 0.10066725666674 0.0014596566522708 1462.9265349987 1.4870139667163 31.690788279518 68.309211720482 10.06174961038
2 10 1 0.20102761045718 0.066509331301161 1.3761394573917e-05 1121.9018134754 5.0024695423115 1.2047632780605 8.0128e-05 0.061585343287439 4.096e-06 1.266348621348 8.4224e-05
3 5 1 0.30139538638796 0.066872611284471 1.3459309657649e-05 1110.9474495973 4.8582638548308 1.996138996139
4 6 1 0.40176981996233 0.066839960751062 1.257434125227e-05 1017.3015395084 5.2984732824427 0.0 0.0
5 7 1 0.50212584583154 0.066135970649085 1.3022713166971e-05 1025.3973014485 4.5331861895002 0.47185874192023 0.19911713700142 0.42198463080521
6 8 1 0.60239807868921 0.066745100652543 1.4782233256478e-05 1494.9081971264 6.2288167938931 82.640399522044 41.435092986917 39.036122430222 55.164067526579
7 7 1 0.70266536496299 0.067185595714376 1.4107410879807e-05 1182.8672194269 5.944465648855 35.0 0.0066793893129771 75.4
8 10 1 0.8027975735362 0.06814740600792 1.4046269255075e-05 1497.6500999105 5.9187022900763 544.80301122078 0.037126912 7.1881826278622 0.000489856 551.99119384864 0.037616768
9 19 1 0.90292739894475 0.06994933936316 1.0328405570452e-05 1495.4020000701 3.4800854570426 0.8720703125 12.467170103958 0.0457763671875 0.65442172298212 0.00010007242475383 0.0 0.0 0.00010007242475383 504.5040928376 0.035289728 0.021043801319663 1.472e-06 504.52513663892 0.0352912 1.9834973024437e-07
Running without Marker API. Activate Marker API with -m on commandline.
10 9 1 1.0032797771499 0.069676918551607 1.3684401416847e-05 1501.3585924189 5.7662213740458 0.00010046368504106 0.0 0.0 0.00010046368504106 0.0
11 7 1 1.1033429817384 0.057165496107242 0.038677457653002 1496.4962712042 0.28483089138486 281127465.0 360150946.0 359952745.0
12 10 1 1.2034031908401 0.057155891890249 0.038666703520563 1496.4942956556 0.28488597953382 50.0 1.668426728953e-07 42.14 2.0 6.673706915812e-09 42.5
13 9 1 1.3034633745794 0.04462778185844 0.030194722985809 1496.495522453 0.0 0.28449753130231 0.62664794921875 14.041655738268 0.02947998046875 0.66057462954939
14 10 1 1.4035182367328 0.04491833772879 0.030390989412802 1496.4967249894 0.28448358828534 1.624280943799 7.296e-05 0.43029196932219 1.9328e-05 2.9963708989555 0.000134592
15 19 1 1.5035731622923 0.05652469836538 0.038246363455649 1496.4960580233 0.28446782828336 0.78057861328125 13.809513997501 0.03656005859375 0.6467979423335 2789.7986819967 0.0 0.0 2789.7986819967 501.77852903628 0.02836288 0.18682098808806 1.056e-05 501.96535002437 0.02837344 5.5577515098627
16 13 1 1.6036333650535 0.048222348701347 0.032625187261375 1496.4937271798 0.28449296245779 205.0 0.66864013671875 13.865772919104 0.1094970703125 2.2706706176972 0.0 0.0 0.031494140625 0.65310258569219
17 9 1 1.7036909926199 0.043773756549983 0.029614980364606 1496.4970997352 0.28450739219345 0.13566310217567 3.406803420368e-06 2.5112232919135e-05 3395.0 1.477151674604e-05
18 8 1 1.8037420866377 0.055804237162601 0.037760160273871 1496.4964795617 0.28447961446763 0.066801950136591 0.00013327625088078 0.0019950952121648 14.969622862136
19 5 1 1.9037944632708 0.04343002829956 0.029382601882443 1496.4933644946 0.28450122831409 6.2074650790016
20 6 1 2.0038428009335 0.043494792225881 0.029424672302168 1496.4958504309 0.28449824549886 1.0 8.0
21 7 1 2.1038949447756 0.055376658835119 0.03746946581584 1496.4969434428 0.28449743161676 97.939658208072 2.0603417919276 2.8219405999603
22 7 1 2.2039509237827 0.043204897590881 0.029230287678514 1496.4955208976 0.2844982663319 3.4881492058393e-07 2.5702152043026e-08 0.073684210526316
23 9 1 2.3040013493187 0.043202654825506 0.029228034949319 1496.497299457 0.28450250754591 2789.0407773937 0.0 0.0 2789.0407773937 0.0
24 6 1 2.4040500429615 0.054849610783513 0.037113054527943 1496.4962147742 0.28448010824139 0.0 0.0
25 13 1 2.5041053743203 0.042787912616009 0.028947046610989 1496.4989254218 0.28449016396523 3.5150600149474 255658976.0 209779246.0 175716.0 747212.0 0.068730620277537 0.62732434631984 82.054324585889 17.249620447514
26 7 1 2.6041589991484 0.038772372552695 0.026235014736811 1496.4992385325 0.28450436308536 82.395120004349 17.604879995651 1.4419469141668
27 12 1 2.7042192535402 0.042921585417909 0.029037369095151 1496.496515787 0.28458700534378 1335068.0 0.88137832679684 0.81022090260571 97.877486390206 2.0823289077649 0.018353195685665 0.016871464071713 2.038131193297
1 7 1 2.8042818014223 0.042470452619174 0.028735771953178 1496.4999628506 0.28450230517337 93.792216687073 6.2077833129272 4.7963102776425
2 10 1 2.9043317631877 0.04270039041826 0.028887777731577 1496.4978610263 0.28449058989524 1.690663698689 7.2192e-05 0.20533770099326 8.768e-06 1.8960013996823 8.096e-05
3 5 1 3.0043791189612 0.04246534299095 0.028732257894909 1496.5007958149 0.28449444326668 571.26375729827
4 6 1 3.1044303379796 0.042589015740449 0.028815312677945 1496.4993135863 0.28447937845804 0.0 0.0
5 7 1 3.2044777571593 0.042383996550199 0.02867555877534 1496.4997212147 0.28449867550917 2.7953215169732e-05 5.4504500885525e-06 0.19498472914322
6 8 1 3.3045290685694 0.04222034442454 0.028567920077252 1496.4960016882 0.28448844803514 2.0488085183026 0.0095675746382192 0.0066346810042995 99.57561187652
7 7 1 3.404581740494 0.042514867706983 0.028763251716738 1496.4956510971 0.28448915324335 47.0 2.1053717696155e-07 41.36170212766
8 10 1 3.504626296434 0.042149033362462 0.02851610685285 1496.5023383704 0.28449473790389 494.30694699052 0.02083456 0.17765531976989 7.488e-06 494.48460231029 0.020842048
9 19 1 3.6046796567679 0.038416436810767 0.025991125777666 1496.4940771047 0.28450161357996 0.531982421875 13.847781471651 0.02484130859375 0.64663229221685 0.00018221367157191 0.0 0.0 0.00018221367157191 500.03263172539 0.019209472 1.7925660398754 6.8864e-05 501.82519776526 0.019278336 3.6310187767243e-07
10 9 1 3.7047365633161 0.042062102653319 0.028456820310303 1496.4973658486 0.28449204052665 0.00016642059142157 0.0 0.0 0.00016642059142157 0.0
11 7 1 3.8047865042481 0.042166396678084 0.028527342418972 1496.4976771799 0.28449741220129 207576160.0 265942069.0 265801770.0
12 10 1 3.904839042114 0.041906321039916 0.028352478730941 1496.4977112177 0.28450080413063 48.0 2.1814080374452e-07 36.791666666667 1.0 4.5446000780108e-09 63.0
13 9 1 4.0048958526472 0.042278831144056 0.028604070629001 1496.4961547958 0.0 0.28452013663553 0.585205078125 13.841562367962 0.02740478515625 0.64819164614258
14 10 1 4.1049503905236 0.042013375948714 0.028422764878228 1496.4960074064 0.28449679859629 1.6924133896499 7.1104e-05 0.45242734178761 1.9008e-05 3.1212916610196 0.000131136
15 19 1 4.2050090887478 0.04179581140287 0.028276635942218 1496.4967898162 0.28461351208495 0.62957763671875 15.063175365834 0.03033447265625 0.72577781452442 2787.9903772366 0.0 0.0 2787.9903772366 783.91166244352 0.032764224 56.783489070797 0.002373312 840.69515151432 0.035137536 3.3162917285947
16 13 1 4.3050778232565 0.041918956975694 0.028357599681688 1496.498209641 0.2845053200186 206.0 0.58538818359375 13.964760238027 0.09490966796875 2.2641228412191 0.0 0.0 0.02740478515625 0.65375637022983
17 9 1 4.4051351736476 0.041790738912522 0.028271505933453 1496.4958102411 0.28449820498781 0.1356616706305 2.8849447789438e-06 2.1265732358563e-05 3388.0 1.544106305065e-05
18 8 1 4.505184212401 0.041933072991691 0.02837264912649 1496.4980685771 0.2844807764134 0.066802626599388 0.00013339787254642 0.0019968956212816 14.969471275388
19 5 1 4.6052370138552 0.041499364197302 0.028075615414226 1496.4979892796 0.28448565043172 6.1815566893812
20 6 1 4.7052518767048 0.041924640882289 0.028362343365965 1496.4966827227 0.28450399101232 1.0 8.0
21 7 1 4.8053029589471 0.042206869716251 0.028553764205973 1496.4941303913 0.28449429628167 97.94227839977 2.0577216002295 2.8297630083651
22 7 1 4.9053538844857 0.042376429481562 0.028668552398047 1496.4951548365 0.28450017622428 3.369334522963e-07 1.1231115076543e-08 0.033333333333333
23 9 1 5.0054036678082 0.054149761101783 0.036639614094202 1496.4988812198 0.28448201755458 2789.6751698693 0.0 0.0 2789.6751698693 0.0
24 6 1 5.1054516340921 0.042325469975402 0.028636730673329 1496.4983735282 0.28449101680098 0.0 0.0
25 13 1 5.2055033195985 0.042347993644151 0.028646396484848 1496.4958201191 0.28453040822597 3.5145628414022 253003648.0 207571362.0 184109.0 737876.0 0.072769306472609 0.6266107277631 82.042833627442 17.257786338322
26 7 1 5.3055574217841 0.054105874096451 0.036608764747768 1496.4949746897 0.28448676723308 82.398927777482 17.601072222518 1.4434435672424
27 12 1 5.4056097069313 0.042349760863557 0.028653579493501 1496.4963405705 0.28449683486406 1296840.0 0.29101508281669 0.2304833287067 98.086888128065 2.0497963765245 0.0059652166227163 0.004724438920323 2.0105814786947
1 7 1 5.5056632393676 0.042044101653196 0.028443586998206 1496.4935090607 0.28452884490957 93.782530932265 6.2174690677346 4.7724707737248
2 10 1 5.605718403153 0.054375282211058 0.036780933675301 1496.4979228976 0.28838451641949 3.469811876427 0.000188672 0.8756920068052 4.7616e-05 4.3455038832322 0.000236288
3 5 1 5.7057842744221 0.041547378035853 0.028099713819488 1496.4954803151 0.28465714434326 571.23342009319
4 6 1 5.8058399209999 0.042116791345687 0.028487236230553 1496.4959377284 0.2845398355597 0.0 0.0
5 7 1 5.9058899362077 0.054014396262031 0.036547827834253 1496.4986763401 0.28448220608985 2.0101291259782e-05 4.1563350395095e-06 0.20676955454227
6 8 1 6.0059417005188 0.042332162945256 0.028641622456208 1496.4972218175 0.28449985289006 2.051493341176 0.0099635721618395 0.0068263356646026 99.576163144267
7 7 1 6.1059910717014 0.042096978741868 0.028477618426532 1496.4950921235 0.28449929336293 41.0 1.855088310642e-07 45.487804878049
8 10 1 6.2060357952147 0.054007677929725 0.036541589576927 1496.4976372273 0.28448222335147 505.38355001146 0.027294592 2.5774113114274 0.0001392 507.96096132288 0.027433792
9 19 1 6.3060902597212 0.042246614489733 0.028583337277604 1496.4973744145 0.28452362685892 0.59906005859375 14.180072553254 0.02801513671875 0.66313329617356 0.00016569375048269 0.0 0.0 0.00016569375048269 494.17110109672 0.020877056 0.13179754324109 5.568e-06 494.30289863997 0.020882624 3.3520691652543e-07
10 9 1 6.4061436128087 0.042024474738756 0.028429854136391 1496.4975431313 0.28449425975281 0.00016656960125059 0.0 0.0 0.00016656960125059 0.0
11 7 1 6.5061937430533 0.054174787501038 0.036657361922708 1496.4982535663 0.28447678683454 266753313.0 341756733.0 341577505.0
12 10 1 6.6062462066434 0.049805563519189 0.03369792386081 1496.4950243845 0.28448688959447 52.0 1.9882256056112e-07 36.269230769231 1.0 3.8235107800216e-09 63.0
13 9 1 6.7062984474063 0.041765264141352 0.028252153024072 1496.496867299 0.0 0.28450127131702 0.5863037109375 14.038070223935 0.02752685546875 0.6590849126582
14 10 1 6.8063527407161 0.054169223160286 0.036653329745782 1496.4973535563 0.28447455188642 1.3575236215297 7.3536e-05 0.39225225617741 2.1248e-05 2.4941099782847 0.000135104
15 19 1 6.9064070621058 0.042467235211011 0.028732336246769 1496.5004640694 0.28449945478835 0.59979248046875 14.123652681615 0.02801513671875 0.65968826507186 2789.2503811807 0.0 0.0 2789.2503811807 494.57422635685 0.0210032 0.1642678164787 6.976e-06 494.73849417333 0.021010176 5.6378276888304
16 13 1 7.0064639315162 0.042205351592354 0.028552496536287 1496.4987355652 0.28452264019842 205.0 0.5853271484375 13.868552834033 0.0960693359375 2.2762358874628 0.0 0.0 0.02734375 0.64787400100592
17 9 1 7.1065192565343 0.054374346517749 0.036789033808325 1496.5000230157 0.2844739399654 0.13567195717726 2.2588480997461e-06 1.6649336729144e-05 3298.0 1.1549893074361e-05
18 8 1 7.2065671775282 0.042530949312991 0.028776346441152 1496.4996000231 0.28448844029189 0.066802587870761 0.00013337919809448 0.0019966172321425 14.9694799539
19 5 1 7.3066194925668 0.042338351383481 0.028641096185335 1496.5007109021 0.2845553765728 6.1989268947015
20 6 1 7.406668737843 0.054544471503413 0.036906380890619 1496.498064758 0.28447487695155 1.0 8.0
21 7 1 7.5067201950873 0.042380312654084 0.028671976781933 1496.4955361436 0.28450318263237 97.945246300065 2.0547536999352 2.8184144386185
22 7 1 7.6067709430887 0.042445146327148 0.028712646832002 1496.4972156852 0.28449954067444 3.4762911077871e-07 1.8689737138641e-08 0.053763440860215
23 9 1 7.7068205452508 0.054286210186346 0.03673162589881 1496.4990696566 0.28448230150521 2789.6485586332 0.0 0.0 2789.6485586332 0.0
24 6 1 7.8068723032213 0.04239533990674 0.028684192425653 1496.4948883662 0.28449878616153 0.0 0.0
25 13 1 7.9069236599215 0.042175278971004 0.028531515900986 1496.5003201167 0.28449865904299 3.5149550559003 251989028.0 206761973.0 173228.0 735012.0 0.068744262944655 0.62786463861434 82.051974501049 17.251416597392
26 7 1 8.0069763608317 0.054508129827474 0.036881040631024 1496.4988597994 0.28448165496211 82.400388462105 17.599611537895 1.4439017844109
27 12 1 8.1070302909151 0.042177354163038 0.028536260491065 1496.5018116223 0.28449846464412 1291218.0 0.30304720039529 0.243878260681 98.055866631351 2.0493008374067 0.0062103488154383 0.0049977992383887 2.0094596960027
1 7 1 8.207084008135 0.042049266535332 0.028446125960786 1496.4963402957 0.28449614922452 93.792775611067 6.2072243889331 4.7643918146879
2 10 1 8.3071327543143 0.054182103662563 0.036661818920701 1496.4992029822 0.28449991280896 1.2709731690905 6.8864e-05 0.099220953720823 5.376e-06 1.3701941228114 7.424e-05
3 5 1 8.4071798129848 0.04203018763101 0.028434903981693 1496.4957842898 0.28449283314487 571.25901825763
4 6 1 8.5072276388695 0.042272317522968 0.028596417509188 1496.4991111011 0.28449548522413 0.0 0.0
5 7 1 8.6192858528702 0.053984806433066 0.036536337284912 1496.4999676533 0.28448311390804 2.6635090490066e-05 3.5899009822438e-06 0.13478088176883
6 8 1 8.7193402077745 0.041989567852944 0.028400497551402 1496.4982487272 0.28450000941407 2.0497569926119 0.0095171315544101 0.0067742585192919 99.576763527826
7 7 1 8.819394502896 0.041771461637596 0.028260099170782 1496.4989245337 0.28459227937077 47.0 2.1436333107791e-07 41.276595744681
8 10 1 8.9314526217875 0.054148358920522 0.036646384057213 1496.4997187961 0.28448122002849 513.93262057759 0.027828608 3.3909799606209 0.000183616 517.32360053821 0.028012224
9 19 1 9.0315108979081 0.041819935623485 0.028292107490681 1496.4995572058 0.28448864778253 0.58465576171875 13.980312331959 0.02752685546875 0.65822328653446 0.00016738428444804 0.0 0.0 0.00016738428444804 506.17007617086 0.021168 0.40401783857629 1.6896e-05 506.57409400944 0.021184896 3.3042409082395e-07
10 9 1 9.131564838861 0.042363263651703 0.028659553709589 1496.5015740034 0.28449921912831 0.00016523750524869 0.0 0.0 0.00016523750524869 0.0
11 7 1 9.2316158912119 0.054656463938083 0.036975612231654 1496.4974961575 0.28452045814326 269028332.0 344671340.0 344490314.0
12 10 1 9.3316724019247 0.042313686399163 0.028629511432601 1496.5003878613 0.28451134000184 48.0 2.1603797029356e-07 36.416666666667 1.0 4.5007910477826e-09 65.0
13 9 1 9.4317241626126 0.042550092529244 0.028783646298244 1496.500319264 0.0 0.28451237843651 0.584716796875 13.741845484193 0.0274658203125 0.64549378579196
14 10 1 9.5317786506698 0.042010654919963 0.028414909311702 1496.4987316341 0.2845090930706 1.870763503919 7.8592e-05 0.52101068268753 2.1888e-05 3.3561009764931 0.000140992
15 19 1 9.6318369295078 0.042325921064722 0.028636584839231 1496.5010830481 0.28450569454392 0.585205078125 13.826162866725 0.027587890625 0.65179658070085 2789.175451598 0.0 0.0 2789.175451598 514.40061910778 0.02177248 1.4273995339077 6.0416e-05 515.82801864168 0.021832896 5.4071809804801
16 13 1 9.7318943795371 0.042039581701975 0.02844152992221 1496.4996876284 0.28450859482221 205.0 0.58441162109375 13.901461371256 0.0943603515625 2.2445597159229 0.0 0.0 0.02752685546875 0.6547842379568
17 9 1 9.8319508712281 0.042145123921686 0.028517525338544 1496.4997136117 0.28450313697383 0.13568035505149 2.810404386331e-06 2.0713421521225e-05 3017.0 1.3631816774213e-05
18 8 1 9.9320031119909 0.041978007103959 0.028399115750683 1496.5028173532 0.28451022258506 0.06680262375344 0.00013340985377349 0.001997075058996 14.969471913122
19 5 1 10.032050812875 0.042178944751083 0.028536006866547 1496.5018399129 0.28451118746512 6.1993060000674
20 6 1 10.132099213038 0.041744159864099 0.028244273453797 1496.5013289967 0.28453591826861 1.0 8.0
21 7 1 10.232154370483 0.04146474626228 0.028051584038301 1496.5025718839 0.284507691044 97.934295875623 2.065704124377 2.8397321507839
22 7 1 10.332208522488 0.041661913962113 0.028183939351412 1496.5006632575 0.28459606629607 8.2663133093271e-07 5.1426373122542e-07 0.6221198156682
23 9 1 10.432264438994 0.041448675525895 0.028041522844276 1496.5006596227 0.28452067584609 2788.8736740884 0.0 0.0 2788.8736740884 0.0
24 6 1 10.532317264905 0.041749627284052 0.028235429204554 1496.5010643217 0.28450741888102 0.0 0.0
25 13 1 10.632369142442 0.042357327026392 0.028657341288576 1496.5025439241 0.28450449898741 3.5148829053992 253100312.0 207669295.0 170398.0 740544.0 0.067324294724694 0.63002095390542 82.050193205609 17.252461545761
26 7 1 10.732422426688 0.042094900832429 0.028481721708903 1496.5014706778 0.2845074360909 82.394393005699 17.605606994301 1.4414572088724
27 12 1 10.83247843921 0.04160353684462 0.028145338152764 1496.4993454464 0.28450837189555 1285068.0 0.308154899196 0.24574575041943 97.946100906722 2.0678681541034 0.0063722370257835 0.0050816981129859 2.0253962288361
1 7 1 10.932531375629 0.042172496347728 0.028529452937277 1496.4958019688 0.28451145516656 93.789412303667 6.2105876963335 4.7931676645753
2 10 1 11.032580240468 0.041921404452287 0.028349501360267 1496.5015429989 0.28453852545387 1.6976530469298 7.1168e-05 0.15877330654739 6.656e-06 1.8564263534772 7.7824e-05
3 5 1 11.132631291007 0.042382758319073 0.028675537941898 1496.5015815576 0.28450055894035 571.27774136651
4 6 1 11.232678765441 0.042425456006579 0.028703002759727 1496.5023694884 0.28454392542796 0.0 0.0
5 7 1 11.332725684618 0.042314209952631 0.02862945708449 1496.4975470175 0.28450007080377 2.2507607220192e-05 5.2252213522581e-06 0.23215356928614
6 8 1 11.43278054496 0.042503037029048 0.028756860378899 1496.5010599597 0.28449104777388 2.055367828066 0.0095472362585827 0.0068462283101384 99.577039479523
7 7 1 11.532835908021 0.042229837227906 0.028562773311152 1496.5059908751 0.28490078842584 48.0 2.1683916289837e-07 69.645833333333
8 10 1 11.632892371633 0.046301496244706 0.031328028743208 1496.5019497188 0.28449028064792 518.74124916095 0.024018496 1.1265294694653 5.216e-05 519.86777863042 0.024070656
9 19 1 11.732951692143 0.042295163657176 0.028613266782261 1496.5015295233 0.28452290917714 0.5877685546875 13.896826584043 0.027587890625 0.65227057279207 0.00016550355631057 0.0 0.0 0.00016550355631057 516.14109303243 0.021830272 0.87007583888984 3.68e-05 517.01116887132 0.021867072 3.2011601736163e-07
10 9 1 11.833007142162 0.042469956239762 0.028728539578324 1496.5027575486 0.2845977350416 0.00016482239728437 0.0 0.0 0.00016482239728437 0.0
11 7 1 11.933063816824 0.042172130403781 0.028530086092769 1496.4964244982 0.28458049473279 207542422.0 265890780.0 265749868.0
12 10 1 12.033122001459 0.042384969381384 0.028676408870374 1496.5013454124 0.28455669175075 47.0 2.1122489541559e-07 37.829787234043 2.0 8.9882934219399e-09 43.0
13 9 1 12.13317497411 0.042583341797674 0.028810145984205 1496.4993810346 0.0 0.28452790337938 0.5977783203125 14.037844262029 0.0281982421875 0.66218950878675
14 10 1 12.233229706734 0.042306497955698 0.028625728351184 1496.4989707992 0.28453696888158 1.5263849082385 6.4576e-05 0.42055005400426 1.7792e-05 2.8757757290004 0.000121664
15 19 1 12.333287712925 0.04251838040655 0.028765858161555 1496.5019613537 0.28452424966651 0.5985107421875 14.076517883906 0.02813720703125 0.66176572960234 2788.9025138346 0.0 0.0 2788.9025138346 505.51539815212 0.021493696 0.17611207031881 7.488e-06 505.69151022243 0.021501184 5.5150273584934
16 13 1 12.433343427438 0.042346063380414 0.028647218047124 1496.5018565468 0.28452733317843 205.0 0.59942626953125 14.155418985381 0.09619140625 2.2715548641646 0.0 0.0 0.02813720703125 0.66445862460652
17 9 1 12.533405943617 0.042458312157007 0.028707649070306 1496.5031449807 0.2860052916488 0.13568651493624 3.8172447768822e-06 2.8132823506271e-05 6791.0 3.0641736737361e-05
18 8 1 12.633464535863 0.041964430945863 0.02838661976129 1496.5006060137 0.28453533467108 0.066802629026091 0.00013343496538313 0.0019974508088748 14.9694707316
19 5 1 12.733514601795 0.05460074806642 0.03693675333238 1496.5032103719 0.28499284218473 6.2337282739183
20 6 1 12.833561677676 0.041865694921237 0.028325178316147 1496.5041029073 0.2845556075503 1.0 8.0
21 7 1 12.933613522603 0.042204974778785 0.028551799068864 1496.5021436505 0.28456756484066 97.901370326805 2.0986296731949 2.845612163473
22 7 1 13.033663989806 0.05407164927943 0.036586612457776 1496.503729486 0.28452452450013 2.581697290002e-07 8.8012407613706e-09 0.034090909090909
23 9 1 13.133713601932 0.04242166250844 0.028701209272068 1496.5016218345 0.2845535794412 2788.691366739 0.0 0.0 2788.691366739 0.0
24 6 1 13.233761502093 0.042509612244662 0.028748004354233 1496.5031271021 0.28458712549816 0.0 0.0
25 13 1 13.333812010057 0.054392501504186 0.036753921305494 1496.5030786375 0.28448439992002 3.5151312348978 324608932.0 266360965.0 214829.0 944744.0 0.066180865288081 0.62609799042745 82.055956796654 17.25176434763
26 7 1 13.433870844151 0.042538802615012 0.028778097356124 1496.4996005517 0.28452295857281 82.388282115057 17.611717884943 1.4451960485769
27 12 1 13.533933790586 0.042204701226627 0.028519941564973 1496.5035059357 0.3027995201654 1504846.0 1.8934163362896 1.0780505114809 96.305336227096 2.3897178829583 0.045247308787165 0.025762365860182 2.301425842062
1 7 1 13.6339963747 0.054160437788164 0.036644190658038 1496.5001007279 0.28452605798959 93.784580188031 6.215419811969 4.7705713328951
2 10 1 13.73405375136 0.042306737993188 0.028609067031994 1496.5034291253 0.28687578251249 4.2221170544692 0.000178624 0.55064514791358 2.3296e-05 4.7727622023828 0.00020192
3 5 1 13.834112290163 0.042114539522293 0.028490063691021 1496.5035346873 0.28453935122869 571.26310632043
4 6 1 13.934160684891 0.054209451631954 0.03667958305364 1496.5038495221 0.28449002947536 0.0 0.0
5 7 1 14.03420819918 0.042438457886303 0.028710598814024 1496.5038087842 0.2845108860662 2.4477946308383e-05 5.2555326599041e-06 0.21470480381371
6 8 1 14.134259642837 0.042088232319225 0.028470939496607 1496.5017668165 0.28450316903291 2.0526854173976 0.0092279296230778 0.0064186685104497 99.574470115849
7 7 1 14.234309699712 0.053942837916048 0.036499233376718 1496.5024468771 0.2844919107898 49.0 1.7297584713889e-07 41.30612244898
8 10 1 14.334354018332 0.041966278781633 0.028393110284431 1496.5018428861 0.28451225309293 505.63873224059 0.021219776 0.094552105051941 3.968e-06 505.73328434564 0.021223744
9 19 1 14.434408652223 0.041938512331788 0.028370187157067 1496.5037604423 0.28452243703373 0.595947265625 14.21002397296 0.027587890625 0.65781757842873 0.00016691102308592 0.0 0.0 0.00016691102308592 514.80471765889 0.021590144 1.0117669330831 4.2432e-05 515.81648459197 0.021632576 3.2358605835939e-07
10 9 1 14.534462039731 0.054148287362176 0.036628214125045 1496.5038701591 0.28448956680817 0.00012927463343725 0.0 0.0 0.00012927463343725 0.0
11 7 1 14.634513075777 0.042238657020499 0.028577137516856 1496.5024979676 0.28451010357337 207932271.0 266396923.0 266254032.0
12 10 1 14.734565198786 0.042397247525432 0.028681738608447 1496.5038904152 0.28450929235693 47.0 2.1115046711223e-07 36.936170212766 1.0 4.4925631300474e-09 62.0
13 9 1 14.834617089909 0.054188615472048 0.03666611242146 1496.5027000459 0.0 0.28449586640106 0.74981689453125 13.837166497048 0.0352783203125 0.65102826498119
14 10 1 14.934674258234 0.0419544490095 0.028378524610176 1496.502614616 0.28461025667359 1.888524384674 7.9232e-05 0.42712990929621 1.792e-05 3.3285623645869 0.000139648
15 19 1 15.034736569702 0.04184920208119 0.028292732493956 1496.5072223745 0.28455549350686 0.58929443359375 14.081378002154 0.02880859375 0.68839051445018 2786.5863194657 0.0 0.0 2786.5863194657 520.82923726273 0.021796288 142.83818335181 0.005977664 663.66742061454 0.027773952 4.1987691920833
16 13 1 15.13479288295 0.054228232527468 0.036692310022504 1496.5034625619 0.28448270280106 205.0 0.750732421875 13.843940451032 0.1207275390625 2.2262857083042 0.0 0.0 0.03533935546875 0.65167817245103
17 9 1 15.234848253258 0.042133090344137 0.028506349555345 1496.5045505656 0.28449861209628 0.13566250381129 2.8928220983837e-06 2.1323667314939e-05 3120.0 1.4102507729621e-05
18 8 1 15.334897274801 0.041952383781286 0.028380569004947 1496.5046880783 0.28450649196937 0.066802625159414 0.00013336816145445 0.0019964509049785 14.969471598065
19 5 1 15.434945260107 0.054248578648576 0.036704507097287 1496.5056508362 0.2844827353198 6.2065257304726
20 6 1 15.534993026209 0.041896130769127 0.028345196536985 1496.5068587349 0.28451349619976 1.0 8.0
21 7 1 15.635045161899 0.042118550412875 0.02849386217107 1496.5028002455 0.28451875719198 97.939915489239 2.0600845107612 2.8178434458948
22 7 1 15.735107851086 0.053999434227108 0.03653667922511 1496.5047195876 0.2845352716989 2.644080360324e-07 8.2260277876746e-08 0.31111111111111
23 9 1 15.835158396188 0.042301482530866 0.028618321156573 1496.5029715532 0.28455299530596 2788.5430236145 0.0 0.0 2788.5430236145 0.0
24 6 1 15.935206849793 0.042040321742084 0.028438960162367 1496.5041519374 0.28453055323262 0.0 0.0
25 13 1 16.035257710114 0.054280993673504 0.036728284848695 1496.5056198028 0.2845143662609 3.5147610053652 324382512.0 266147177.0 215596.0 951792.0 0.06646350898226 0.62970503169419 82.04732596682 17.256505492503
26 7 1 16.135314933693 0.042060265687171 0.028454769122018 1496.5053367376 0.28453931737095 82.387398852301 17.612601147699 1.4427712928722
27 12 1 16.235381119275 0.042076369032423 0.028472463961117 1496.5091610922 0.28454030730127 1316989.0 0.29893947481718 0.23773926737429 98.093985598969 2.0948855558598 0.0062624398787081 0.0049803655728309 2.05495673548
1 7 1 16.347447575167 0.05412310878821 0.036631854542672 1496.5037637634 0.28453680487558 93.781776182057 6.218223817943 4.7544784740197
2 10 1 16.447503066853 0.042116882831673 0.028488005709223 1496.505205874 0.28464553398544 2.0043268714207 8.4416e-05 0.17019303229653 7.168e-06 2.1745199037172 9.1584e-05
3 5 1 16.547557172661 0.042112948028446 0.02848239154937 1496.5055054035 0.28455592117982 571.25059443512
4 6 1 16.647606017573 0.041986493561472 0.028409801947983 1496.5063879246 0.28453403021887 0.0 0.0
5 7 1 16.747657009235 0.042155559664776 0.028521815216096 1496.5055008165 0.28453349372119 2.3566605072405e-05 5.0422414227e-06 0.21395705521472
6 8 1 16.847708660321 0.042054406055017 0.028450832507188 1496.504748454 0.28454857318473 2.0964130516401 0.0092885749143624 0.0068673371346289 99.576681356624
7 7 1 16.947757382044 0.042304334900885 0.028624683508752 1496.5063555908 0.2845131717939 51.0 2.2958053650784e-07 41.039215686275
8 10 1 17.04780536735 0.041719937816884 0.02822572625516 1496.5031849902 0.28454128925416 505.63603648188 0.021095104 0.28993331804787 1.2096e-05 505.92596979993 0.0211072
9 19 1 17.147859319172 0.04228431305684 0.028608381792896 1496.5089475397 0.28454021910204 0.5797119140625 13.709857678975 0.02752685546875 0.65099450549776 0.00016554602626725 0.0 0.0 0.00016554602626725 507.51303376155 0.02145984 0.54034222973629 2.2848e-05 508.05337599129 0.021482688 3.2584376778176e-07
10 9 1 17.247913247444 0.054843435932316 0.037098059431253 1496.5019317726 0.28455747244613 0.00012763605855474 0.0 0.0 0.00012763605855474 0.0
11 7 1 17.347968062496 0.042718165873722 0.028898155956249 1496.5058987444 0.28450889395813 210273754.0 269391174.0 269246082.0
12 10 1 17.448019989851 0.042956161686047 0.029061597482978 1496.5051470732 0.28450310748569 46.0 2.0395228220675e-07 37.717391304348 1.0 4.4337452653642e-09 65.0
13 9 1 17.548072051265 0.042640523256727 0.028847957776543 1496.5065971493 0.0 0.2844985079518 0.58673095703125 13.759938017146 0.02813720703125 0.65987011608285
14 10 1 17.648143072924 0.042659088571402 0.028860043437698 1496.5036016744 0.2845141912871 1.6382909794949 6.9888e-05 0.40357167901476 1.7216e-05 3.0770465191795 0.000131264
15 19 1 17.748199685086 0.042450113744482 0.028718005555734 1496.5042119131 0.28450226957204 0.58819580078125 13.856165482188 0.02813720703125 0.66282995613663 2788.9560134663 0.0 0.0 2788.9560134663 507.35053690638 0.021537088 0.32716048968904 1.3888e-05 507.67769739607 0.021550976 5.493556301116
16 13 1 17.848256364278 0.042837501643974 0.028986997001489 1496.5027955392 0.28449634449516 205.0 0.591796875 13.814925060721 0.0894775390625 2.0887665159877 0.0 0.0 0.0281982421875 0.65826066192791
17 9 1 17.948316280806 0.042454488767407 0.028723561291368 1496.506756526 0.28449053288653 0.13566282017907 3.0996366539525e-06 2.2848092424006e-05 3508.0 1.5735926746839e-05
18 8 1 18.048370849479 0.042756748503433 0.02892468508077 1496.5050210958 0.2845291954333 0.066802563895926 0.00013339136124113 0.0019968000247558 14.969485326311
19 5 1 18.148420135517 0.042472281433105 0.0287381845564 1496.503537681 0.28449664151491 6.2194934252351
20 6 1 18.24847165979 0.04224594147896 0.028579878926149 1496.504085883 0.28449310723215 1.0 8.0
21 7 1 18.348523386058 0.042202594331529 0.028552297712782 1496.5016360786 0.28448961857801 97.943114923696 2.056885076304 2.8230915598439
22 7 1 18.448574902179 0.041988203715361 0.02840972676643 1496.5054028607 0.28449765124518 3.5133362181727e-07 1.1333342639267e-08 0.032258064516129
23 9 1 18.548628634798 0.041923213338577 0.028352655815202 1496.5055674736 0.28449546484797 2788.1472027441 0.0 0.0 2788.1472027441 0.0
24 6 1 18.648676859235 0.041799381167953 0.028276598804342 1496.5052864454 0.28449428830618 0.0 0.0
25 13 1 18.748728181515 0.042238547418475 0.028578113971248 1496.5048292436 0.28449836747682 3.5149586581774 252400580.0 207099626.0 176272.0 738068.0 0.069838191338546 0.62810236014513 82.051961211817 17.2500982367
26 7 1 18.84878501107 0.042086831043766 0.028474801382785 1496.5028802644 0.28448654896318 82.40030956849 17.59969043151 1.4427043920196
27 12 1 18.948838010895 0.042407254824247 0.02869104345793 1496.5001876252 0.28449786458502 1301314.0 0.30838060606433 0.25182238875475 98.041979107272 2.0541822182252 0.0063346995742286 0.00517289073131 2.0139609012176
1 7 1 19.048891825941 0.042150411992874 0.028503904796158 1496.5022238373 0.28452073428902 93.787597146651 6.2124028533489 4.7925532501695
2 10 1 19.148944679932 0.042018572533915 0.028426497234742 1496.5051715183 0.28449389836663 1.6602182271588 6.976e-05 0.15535987079835 6.528e-06 1.8155780979572 7.6288e-05
3 5 1 19.248992343678 0.041813224537594 0.028288664537857 1496.502670792 0.28448850313998 571.24451586747
4 6 1 19.349039868837 0.042347986397737 0.028654708122604 1496.5036634729 0.2844925753746 0.0 0.0
5 7 1 19.449090350532 0.042555831689752 0.028792613736538 1496.5040463059 0.28449512111206 2.2146973825011e-05 5.3566230892177e-06 0.24186704384724
6 8 1 19.549146905629 0.042257334654602 0.02857814929752 1496.509636779 0.28458109706825 2.079613886626 0.038736788616421 0.033984032037415 99.571792321558
7 7 1 19.649199033167 0.042212567209874 0.028560162337326 1496.5023582641 0.28449616572547 48.0 2.1655099820671e-07 38.645833333333
8 10 1 19.749252034803 0.041959728022669 0.028381310403759 1496.5065539538 0.28471701437458 827.28315067358 0.034712576 246.81952167099 0.01035648 1074.1026723446 0.045069056
9 19 1 19.849316341753 0.042142653800047 0.028509174298408 1496.5045869797 0.28451539270151 0.601318359375 14.268640086788 0.02783203125 0.66042426711079 0.00016610249637369 0.0 0.0 0.00016610249637369 541.60727770719 0.022824768 3.1755000678161 0.000133824 544.782777775 0.022958592 3.0489674628131e-07
10 9 1 19.949369799913 0.042159710954645 0.028524203815569 1496.501916193 0.28449437451895 0.0001660352939215 0.0 0.0 0.0001660352939215 0.0
11 7 1 20.049419812404 0.042385635145742 0.028673325067983 1496.506949045 0.28449442373967 208642023.0 267306813.0 267164969.0
12 10 1 20.149471509685 0.054358677051582 0.036778925059703 1496.5035238582 0.28447736744833 51.0 1.786578367845e-07 35.098039215686 2.0 7.0061896778235e-09 43.5
13 9 1 20.249524240487 0.042291186281261 0.02861342801499 1496.5070081358 0.0 0.28449451500931 0.59063720703125 13.965964518072 0.02752685546875 0.65088870493441
14 10 1 20.349577546473 0.042342751768858 0.028646227099902 1496.5031995919 0.2844948371598 1.6641336960019 7.0464e-05 0.4579768482185 1.9392e-05 3.1166609274804 0.000131968
15 19 1 20.449631154091 0.054238014281624 0.036698693661027 1496.5000604599 0.28448239025747 0.74951171875 13.818937302134 0.0352783203125 0.65043532252715 2789.6235141349 0.0 0.0 2789.6235141349 501.33516796563 0.027191424 0.055459257493856 3.008e-06 501.39062722312 0.027194432 5.5637727605416
16 13 1 20.549687985457 0.042181720127945 0.028528934365719 1496.5026713455 0.28450296458176 205.0 0.58544921875 13.879216328168 0.095458984375 2.2630415280708 0.0 0.0 0.0274658203125 0.65113087444493
17 9 1 20.649743159207 0.042008913968811 0.028419680170035 1496.5060739378 0.28450058884743 0.13566433032517 3.2553046186208e-06 2.3995287566143e-05 3498.0 1.5859408852278e-05
18 8 1 20.749791072048 0.054256491733519 0.036702889788087 1496.5041894988 0.28447404070293 0.066801919415561 0.00013324438298998 0.0019946190791479 14.969629746403
19 5 1 20.849838425104 0.041789782385771 0.028273799423731 1496.5050974688 0.28449650365804 6.2080854102207
20 6 1 20.949885046273 0.042041626096745 0.028440217868233 1496.5034617828 0.28449765211192 1.0 8.0
21 7 1 21.049938353164 0.053837151673843 0.036419347994348 1496.5050496788 0.28458328284657 97.92271320018 2.0772867998195 2.847419981147
22 7 1 21.149993803183 0.04190329837915 0.028349117753185 1496.5051452758 0.28450525078784 3.6723770792545e-07 4.9217424773514e-08 0.1340206185567
23 9 1 21.25004502039 0.041780910962473 0.028256823338399 1496.5019185799 0.28459002279977 2787.260864288 0.0 0.0 2787.260864288 0.0
24 6 1 21.350092779245 0.053606050825185 0.036269512064276 1496.5065523607 0.28450381289577 0.0 0.0
25 13 1 21.450143274528 0.042125067657171 0.028499570534316 1496.5059650694 0.28453392678395 3.5145193801768 251706888.0 206504880.0 175654.0 739516.0 0.069785138339162 0.63057869119577 82.041807294523 17.257828875942
26 7 1 21.550196411129 0.041760583863204 0.02823928475012 1496.5018511386 0.28454451402937 82.386434221676 17.613565778324 1.4429231825363
27 12 1 21.650249140119 0.054127882363949 0.036625508947827 1496.5041115956 0.2845242366387 1689686.0 0.22749789014054 0.18133546706311 98.178123035878 2.0894190212035 0.004753384189433 0.0037888577410049 2.0513523773722
1 7 1 21.750302177987 0.041814130339442 0.028290688099185 1496.5021549555 0.28454794641656 93.778133124083 6.2218668759171 4.7737395995313
2 10 1 21.850351618917 0.042107324810574 0.028485478522067 1496.5029981878 0.28456033718982 1.7220756798539 7.2512e-05 0.17479144146796 7.36e-06 1.8968671213219 7.9872e-05
3 5 1 21.950398567985 0.054014301152837 0.036546293405923 1496.5040714364 0.28451981551755 571.64140141367
4 6 1 22.050446267058 0.041930380042798 0.02836881124406 1496.4997064309 0.28454624681871 0.0 0.0
5 7 1 22.150494075732 0.042154149331299 0.028517664832029 1496.5025878602 0.28454258669092 2.3756064648327e-05 5.1922614192368e-06 0.21856572189462
6 8 1 22.250544403441 0.054049991557247 0.03657180576787 1496.5010631546 0.2845265175594 2.0896562338406 0.0075306385907222 0.0051516948754159 99.578897241074
7 7 1 22.350593213933 0.04215011579567 0.028516332397511 1496.5023184834 0.28453835308533 56.0 2.5306866773365e-07 37.428571428571
8 10 1 22.450638001758 0.041919749552311 0.028356860094479 1496.5009086682 0.28454685573857 504.88851259927 0.0211648 0.090076874034946 3.776e-06 504.9785894733 0.021168576
9 19 1 22.550691749775 0.054268904842042 0.036713371727071 1496.5032306963 0.28453922828806 0.77410888671875 14.26431745715 0.0367431640625 0.67705740827913 0.00012898730903774 0.0 0.0 0.00012898730903774 627.8848651761 0.034074624 18.081219859809 0.000981248 645.9660850359 0.035055872 1.9968124027838e-07
10 9 1 22.65075082753 0.04242665257082 0.028702009548001 1496.5006469989 0.28455218771537 0.00016499062678385 0.0 0.0 0.00016499062678385 0.0
11 7 1 22.750802651624 0.042602723239813 0.028820863431669 1496.5030582184 0.28454260325971 209685910.0 268636081.0 268494132.0
12 10 1 22.850854517385 0.054512133471641 0.036883673796996 1496.5048651844 0.28452785515936 48.0 1.6770077193189e-07 36.375 1.0 3.4937660819145e-09 62.0
13 9 1 22.950906802532 0.042850309682103 0.028992211249827 1496.4993517491 0.0 0.28454127730418 0.59942626953125 13.988843347417 0.02813720703125 0.65663952582826
14 10 1 23.050961230807 0.04241349126997 0.028677217751425 1496.5022925024 0.28455382013636 1.7654759784658 7.488e-05 0.47230254808529 2.0032e-05 3.1854015303771 0.000135104
15 19 1 23.151016073938 0.054447096898963 0.036841395948647 1496.5013498346 0.28452591662349 0.75164794921875 13.805106094335 0.0352783203125 0.6479375820159 2789.2900200321 0.0 0.0 2789.2900200321 502.96808387816 0.027385152 0.30914412261934 1.6832e-05 503.27722800078 0.027401984 5.5422535828063
16 13 1 23.251072604579 0.042274431664481 0.02859926172699 1496.5031224344 0.28453529793125 205.0 0.597412109375 14.131759691448 0.1075439453125 2.5439477499317 0.0 0.0 0.027587890625 0.65259045571461
17 9 1 23.35112812525 0.041896500336281 0.02834125765765 1496.503166446 0.28453830001263 0.13565378767053 3.0055660764767e-06 2.2156153013409e-05 3344.0 1.5205163327894e-05
18 8 1 23.451176853313 0.053876471626258 0.036453928791495 1496.5033230564 0.2845216704776 0.066801939547013 0.00013332139299265 0.0019957712889282 14.969625235151
19 5 1 23.55122440474 0.042020160404554 0.028418515308859 1496.50124395 0.28452727960696 6.2380130612797
20 6 1 23.651272140045 0.042509325105476 0.028758123519576 1496.5006603863 0.28453438942264 1.0 8.0
21 7 1 23.751323964139 0.054285316159922 0.036730085582768 1496.5030472809 0.28447860224815 97.942968994029 2.0570310059714 2.8303241502635
22 7 1 23.851378729371 0.042469635585907 0.028732158256706 1496.5014897627 0.28449862246351 3.69804271004e-07 1.1206190030424e-08 0.03030303030303
23 9 1 23.951429836976 0.042297633778815 0.028615029019756 1496.4991682606 0.28450656039518 2788.9311874246 0.0 0.0 2788.9311874246 0.0
24 6 1 24.05147784221 0.054426171064674 0.036826448406553 1496.5021579942 0.28448541972362 0.0 0.0
25 13 1 24.151537510548 0.042455964318617 0.028718054921934 1496.5008979319 0.28451165739751 3.5147944697493 253636532.0 208104240.0 180530.0 740852.0 0.071176655261948 0.62694438670215 82.048212203122 17.253666754914
26 7 1 24.2515949642 0.042279468828557 0.028600349142109 1496.5068248476 0.28450336740031 82.393933798728 17.606066201272 1.4429647774566
27 12 1 24.351648351708 0.054525455099418 0.036895233187277 1496.5017949108 0.28448814697035 1674893.0 0.24604556828406 0.20007248224215 98.166509741219 2.0559853446385 0.005058660825053 0.0041134609135531 2.0182890536226
1 7 1 24.451713834388 0.042334635784301 0.028645615230754 1496.5036917714 0.28449598147522 93.794037226123 6.2059627738772 4.7976613176264
2 10 1 24.551763306115 0.042458459802708 0.028716612432492 1496.5007818359 0.28449110538319 1.7334590171664 7.36e-05 0.16731647904823 7.104e-06 1.9007754962146 8.0704e-05
3 5 1 24.651810522395 0.042378030033427 0.028676167474182 1496.5049592436 0.28449207961211 571.26877409406
4 6 1 24.751861057533 0.042409846323334 0.028693926172311 1496.5032476708 0.28449111140191 0.0 0.0
5 7 1 24.851908190479 0.042134250676304 0.028506735879833 1496.5040758701 0.28449796689351 2.3924164277369e-05 5.3335563663887e-06 0.22293595314566
6 8 1 24.951959303519 0.042409117152847 0.028697129540546 1496.5053563228 0.28449295834812 2.0601067532704 0.0092483096977996 0.0066852969078292 99.576937177621
7 7 1 25.052011405694 0.042085882669231 0.028473153276323 1496.5023462891 0.28449361342574 46.0 2.0816034247264e-07 40.782608695652
8 10 1 25.152055743336 0.042287525935994 0.02860791349334 1496.5036551454 0.28449238323708 505.81119435492 0.021389504 0.13923727788928 5.888e-06 505.95043163281 0.021395392
9 19 1 25.252111189731 0.042094004088599 0.028476842607249 1496.5018119304 0.28457203940568 0.6021728515625 14.30543053816 0.027587890625 0.65538765490052 0.00016629446762219 0.0 0.0 0.00016629446762219 514.99515119473 0.021678208 1.5599371317062 6.5664e-05 516.55508832644 0.021743872 3.2192978325112e-07
10 9 1 25.352168354433 0.042043880637545 0.028444837910558 1496.4998907758 0.2845084251307 0.00016649271888925 0.0 0.0 0.00016649271888925 0.0
11 7 1 25.452219281783 0.042323623951236 0.028634579846841 1496.4981353268 0.28451293540317 208352891.0 266930465.0 266786400.0
12 10 1 25.552271518017 0.041971724462342 0.028389030100008 1496.4996393796 0.2845154948631 49.0 2.2241017647294e-07 36.102040816327 1.0 4.5389831933254e-09 65.0
13 9 1 25.652335565907 0.042627188041923 0.028832829979881 1496.5041394237 0.0 0.28480063207993 0.66473388671875 15.594129410202 0.03399658203125 0.7975328327502
14 10 1 25.752405342088 0.04135275382761 0.027974402927348 1496.5025748726 0.284525781995 1.7705229573155 7.3216e-05 0.45965499853384 1.9008e-05 3.3831846020033 0.000139904
15 19 1 25.852461263124 0.042736329012376 0.028917692743405 1496.5012218804 0.28450908812796 0.59814453125 13.996160762352 0.0283203125 0.66267536670729 2789.4740787277 0.0 0.0 2789.4740787277 526.00119194819 0.02247936 2.5353604884646 0.000108352 528.53655243666 0.022587712 5.2777316268244
16 13 1 25.952521032006 0.042473043212459 0.028736248857851 1496.5042091745 0.28450291903641 206.0 0.6004638671875 14.137528695174 0.096923828125 2.2820080878162 0.0 0.0 0.0281982421875 0.66390915401203
17 9 1 26.052577786379 0.042706394978709 0.02889209251868 1496.4990135563 0.28450189693408 0.13567898889241 2.7249001100008e-06 2.00834346736e-05 3330.0 1.485092858642e-05
18 8 1 26.152626147593 0.042442225116189 0.02871860655526 1496.4987398056 0.28451030300283 0.066802591036826 0.00013341983188347 0.0019972254041752 14.969479244431
19 5 1 26.252677895599 0.042384002890812 0.028675439209496 1496.5052717617 0.28450856148725 6.2037825693303
20 6 1 26.352724198831 0.042590772090232 0.028815342569406 1496.499399333 0.28451124263791 1.0 8.0
21 7 1 26.452775988505 0.042522119556578 0.028770576483381 1496.5006051736 0.28450132509335 97.937120917559 2.0628790824414 2.832398527654
22 7 1 26.552831129645 0.042544955726965 0.028770143962999 1496.5001415004 0.28450830170121 3.6559830249873e-07 1.1191784770369e-08 0.030612244897959
23 9 1 26.652882341417 0.042400650622975 0.028685340982396 1496.5032431138 0.28450882448597 2788.9691139769 0.0 0.0 2788.9691139769 0.0
24 6 1 26.752930665493 0.042596914332563 0.028822894239412 1496.4955968398 0.28450273463309 0.0 0.0
25 13 1 26.852986101924 0.042313071359708 0.028627741948691 1496.5008929498 0.28450085950827 3.5149278695621 252838892.0 207457444.0 170187.0 740300.0 0.067310451589861 0.62969070438736 82.051239174075 17.251759669948
26 7 1 26.953039371678 0.042523394019778 0.028768383537107 1496.4996462571 0.28450319793822 82.395217916149 17.604782083851 1.441143816258
27 12 1 27.053091675847 0.042226280144049 0.028554785497557 1496.5032537409 0.28453833396679 1307682.0 0.3110848050214 0.24340780097914 97.680322891957 2.0740845210355 0.0064521617882423 0.0050484835231011 2.0259724571996
1 7 1 27.153150494543 0.042389232990682 0.028674904333505 1496.4994648347 0.28458124337752 93.766849490784 6.2331505092163 4.8137864072933
2 10 1 27.253205753438 0.042243169725305 0.028576700920365 1496.4973810611 0.28454476062691 1.7741092935814 7.4944e-05 0.31967298116625 1.3504e-05 2.0937822747476 8.8448e-05
3 5 1 27.353255237846 0.042135714452091 0.028508112698642 1496.5007453499 0.28450854795744 571.2601565719
4 6 1 27.453307343644 0.042385949458983 0.028671301053754 1496.5015386264 0.28469794326663 0.0 0.0
5 7 1 27.553350030915 0.041816912962719 0.028281609247264 1496.4984430832 0.28451543423773 2.7173310705918e-05 5.4720231652929e-06 0.20137491616365
6 8 1 27.65340133055 0.042104931682092 0.028487380705948 1496.5020438009 0.28451290930627 2.0599745242462 0.0095834952243971 0.0068410384788621 99.574213319923
7 7 1 27.753453894684 0.042052489378307 0.028447947075401 1496.5000338728 0.28449852761784 42.0 1.9023113050651e-07 42.952380952381
8 10 1 27.853498270369 0.054294861499795 0.036735252729409 1496.4995609769 0.28447497444474 497.50269645871 0.02701184 0.086048658582869 4.672e-06 497.58874511729 0.027016512
9 19 1 27.953551939581 0.042109687141794 0.028488239859 1496.4997040307 0.28449572461321 0.5833740234375 13.853677456048 0.0274658203125 0.65224470132053 0.00016623253401122 0.0 0.0 0.00016623253401122 502.5731948266 0.0211632 0.49394810106191 2.08e-05 503.06714292767 0.021184 3.3043806646526e-07
10 9 1 28.053604982885 0.042246677895862 0.028579896589285 1496.5035320307 0.28449425910807 0.00016569350180043 0.0 0.0 0.00016569350180043 0.0
11 7 1 28.153655952808 0.054120211128099 0.036619302846466 1496.4986192746 0.28448800181704 266464780.0 341387037.0 341209393.0
12 10 1 28.253707343023 0.041829710131226 0.028301085345696 1496.5039000326 0.28452624586482 43.0 1.9579017965998e-07 38.604651162791 1.0 4.5532599920926e-09 62.0
13 9 1 28.353758867296 0.042215907807089 0.028557580349158 1496.498764061 0.0 0.28449798341951 0.58551025390625 13.86942231781 0.02752685546875 0.65204935529368
14 10 1 28.453812727633 0.053919133081689 0.036482640445568 1496.4994825767 0.28448491846094 1.3911202890885 7.5008e-05 0.40831517017614 2.2016e-05 2.5472219627849 0.000137344
15 19 1 28.55386706895 0.042122256048235 0.028489356712679 1496.5005170652 0.28456092294515 0.58673095703125 13.9292386514 0.0274658203125 0.6520500773047 2787.7105125978 0.0 0.0 2787.7105125978 496.31073834366 0.020905728 0.20055905814556 8.448e-06 496.5112974018 0.020914176 5.614596338866
16 13 1 28.65392373999 0.041764095656969 0.028252459637997 1496.4996455557 0.28453229538567 205.0 0.57293701171875 13.718410579858 0.095947265625 2.2973624620791 0.0 0.0 0.02685546875 0.64302766114173
17 9 1 28.753992674681 0.05419449412604 0.036662267292615 1496.5002138952 0.28461204739923 0.13565310818385 2.4962927503626e-06 1.840203135618e-05 5638.0 1.9822673981048e-05
18 8 1 28.854043696234 0.041805268879964 0.028282366044708 1496.5011304213 0.28455239878736 0.066802642622811 0.00013341995544958 0.0019972257116072 14.969467684779
19 5 1 28.954091801106 0.04206522585809 0.02845774060498 1496.4997240262 0.28453925980659 6.24446020808
20 6 1 29.054138551804 0.053860602883684 0.036443165601037 1496.4985377518 0.28452783450273 1.0 8.0
21 7 1 29.154190028976 0.042036244727967 0.028440850117923 1496.4951227259 0.28454984122941 97.904145779545 2.095854220455 2.8492766047727
22 7 1 29.254260871285 0.041977236266587 0.028398993920334 1496.4934211879 0.28455090564475 4.0823055546363e-07 1.8899562752946e-08 0.046296296296296
23 9 1 29.354311218017 0.053967104347553 0.036515681379573 1496.4948395686 0.28451422449696 2789.3331654513 0.0 0.0 2789.3331654513 0.0
24 6 1 29.454360133581 0.042114275933955 0.028493583637002 1496.498553915 0.28454668967108 0.0 0.0
25 13 1 29.554411798254 0.041739604586606 0.028227904708604 1496.4989022375 0.28454407229849 3.5143940688069 249307548.0 204529148.0 176623.0 732972.0 0.070845428233886 0.6314185080349 82.038891177093 17.258844886638
26 7 1 29.65447462784 0.053814169669358 0.036404385053623 1496.4982703235 0.28501920219874 82.246887088642 17.753112911358 1.4445409943966
27 12 1 29.754531170256 0.041804989892995 0.028282038144439 1496.5032059719 0.28450701046406 1287022.0 0.35011056532056 0.29424516441832 98.026218666037 2.0610022868727 0.0072157867578399 0.0060643995676741 2.0203226084419
1 7 1 29.854584555953 0.042314219916451 0.028626457974572 1496.4957763037 0.28450197255636 93.791887048766 6.208112951234 4.7842316062839
2 10 1 29.95463402315 0.054068237123869 0.036584137354227 1496.4983649591 0.28448316165637 1.2996909782542 7.0272e-05 0.13020583570852 7.04e-06 1.4298968139627 7.7312e-05
3 5 1 30.054682038347 0.042146253456591 0.028514955125801 1496.5011780631 0.2845137948949 571.27041684235
4 6 1 30.154728929445 0.042437063857259 0.028707355137606 1496.4995997086 0.28452356897867 0.0 0.0
5 7 1 30.254778803347 0.054357820163034 0.036775288718185 1496.4991989079 0.28457843104593 9.3915066980259e-05 4.9626351772231e-06 0.052841736015226
6 8 1 30.354834725289 0.042401207691111 0.028686094609534 1496.5013073619 0.28453438208716 2.0693395879746 0.012190045669648 0.0090703033767816 99.57465408318
7 7 1 30.454884613684 0.042173410301792 0.028530649954419 1496.4963749227 0.28449803769914 50.0 2.2580877817173e-07 39.44
8 10 1 30.554928963101 0.05445456070619 0.036838124192372 1496.4980760853 0.28448510904166 493.33344446476 0.026864256 0.27971945421035 1.5232e-05 493.61316391897 0.026879488
9 19 1 30.654982826155 0.042412452315251 0.028694153075673 1496.4974074159 0.28449803545194 0.58428955078125 13.776367997734 0.0274658203125 0.64758859281108 0.00016504586784959 0.0 0.0 0.00016504586784959 503.24088410057 0.02134368 2.2649951784433 9.6064e-05 505.50587927901 0.021439744 3.2649643577834e-07
10 9 1 30.755036416563 0.042518049788875 0.028764389403859 1496.49607116 0.28448959143539 0.00016463596130958 0.0 0.0 0.00016463596130958 0.0
11 7 1 30.855086654598 0.054229118401676 0.036692666908432 1496.4972860302 0.28447719074447 267008360.0 342083421.0 341905953.0
12 10 1 30.955139267646 0.04239303101783 0.028682672037252 1496.5024948764 0.28449746633725 46.0 2.0664258891179e-07 38.652173913043 1.0 4.4922301937346e-09 62.0
13 9 1 31.055191823627 0.042157381232292 0.028502593195082 1496.5015654159 0.0 0.28452335772287 0.598876953125 14.205743706544 0.02813720703125 0.66743251617577
14 10 1 31.155246175814 0.05432327469216 0.036755491512997 1496.4991708144 0.28447277856824 1.4031554693996 7.6224e-05 0.39820868904875 2.1632e-05 2.5753970244396 0.000139904
15 19 1 31.255301508079 0.042417287485515 0.028700947042433 1496.5012012799 0.28449111175808 0.60028076171875 14.1517951124 0.028076171875 0.66190399102224 2789.5659768534 0.0 0.0 2789.5659768534 504.15067223011 0.021384704 1.8784793824266 7.968e-05 506.02915161254 0.021464384 5.5126586441987
16 13 1 31.355356806829 0.042175192919829 0.028531118706875 1496.4942992333 0.28450234061558 205.0 0.59539794921875 14.117254907418 0.10589599609375 2.5108597913245 0.0 0.0 0.02728271484375 0.64689010185708
17 9 1 31.455412889097 0.054346197819524 0.036771115236171 1496.4971483701 0.28447227964162 0.13566120743414 2.2108827800216e-06 1.629708906354e-05 3341.0 1.1706116272666e-05
18 8 1 31.555464891634 0.042051014732899 0.028444708833795 1496.5005286963 0.28449455330866 0.066802618503125 0.00013338345971264 0.0019966801107715 14.96947308964
19 5 1 31.655512964803 0.042424563791759 0.028701357370671 1496.4990364827 0.28449540509654 6.2195579370395
20 6 1 31.755566400319 0.042019231051858 0.02842454024985 1496.5017561728 0.28464418232252 1.0 8.0
21 7 1 31.855629380268 0.041688972074913 0.028203664545353 1496.4983763429 0.28450972960189 97.939557305118 2.0604426948825 2.8302727908398
22 7 1 31.95569461657 0.042303670042329 0.028623514118566 1496.5013234184 0.28449506977122 3.6745400210802e-07 1.1248591901266e-08 0.030612244897959
23 9 1 32.055744655329 0.05452818156298 0.036894781645056 1496.4926435703 0.28447597462823 2789.6677945203 0.0 0.0 2789.6677945203 0.0
24 6 1 32.155804548306 0.042399947720741 0.028689442453164 1496.4991682887 0.28449452412566 0.0 0.0
25 13 1 32.255854808986 0.04227602406413 0.028604154415672 1496.4961059139 0.28449157619443 3.5150425660287 252630568.0 207293282.0 171739.0 738224.0 0.067980292867805 0.62737776055667 82.0539191441 17.250722802476
26 7 1 32.367919004902 0.054509551936375 0.036893264879862 1496.4975585923 0.28448414748073 82.399107231924 17.600892768076 1.4415306516305
27 12 1 32.467975654202 0.042280729704729 0.02860444291356 1496.499379663 0.28452141718321 1304603.0 0.29924812375872 0.23968977535695 98.04691542178 2.0656088491582 0.0061812957252999 0.0049510532103004 2.0252657612789
1 7 1 32.568029308922 0.042459491511013 0.028706192993835 1496.5008484195 0.28449698803356 93.793397914537 6.2066020854633 4.7857585154384
2 10 1 32.668078476299 0.042257248603427 0.028593303815336 1496.4942975401 0.28449802542944 1.6281230386216 6.88e-05 0.11207544637953 4.736e-06 1.7401984850011 7.3536e-05
3 5 1 32.768128865603 0.042600720511928 0.028824258829896 1496.4975331331 0.28449263616676 571.28876615656
4 6 1 32.868175774816 0.042513317880022 0.028763835053128 1496.4995536791 0.28448420938809 0.0 0.0
5 7 1 32.968223020082 0.042633926301869 0.028847802884427 1496.4970970333 0.28448585706253 2.2072620000655e-05 5.1139518212768e-06 0.23168757588021
6 8 1 33.06827685415 0.04222258447251 0.028566314996377 1496.499202458 0.28449130122018 2.0511432483064 0.0096077481447097 0.0069426285685947 99.575478635896
7 7 1 33.168326207217 0.042018640469054 0.028427525772741 1496.5013369351 0.28449427437105 43.0 1.9489743821459e-07 44.488372093023
8 10 1 33.26837190809 0.04089516809651 0.027668723336447 1496.4962005914 0.28454655212633 648.44511550651 0.026518272 20.745335928143 0.000848384 669.19045143466 0.027366656
9 19 1 33.368436676998 0.041633906568976 0.028165175666134 1496.4970222144 0.2845216688401 0.58544921875 14.061837261898 0.02874755859375 0.6904842942404 0.00016813219264935 0.0 0.0 0.00016813219264935 519.22910390803 0.021617536 202.83621442079 0.008444864 722.06531832882 0.0300624 2.3284900739795e-07
