1 7 1 0.10089692013785 0.1009070107719 0.0014630336936006 1548.7683589229 1.4905228566669 31.689027944555 68.310972055445 10.077779198597
2 10 1 0.20118450094371 0.075215195791974 1.3812121479221e-05 1402.1533689547 5.0735318582599 1.0142631312294 7.6288e-05 0.037439243099072 2.816e-06 1.0517023743285 7.9104e-05
3 5 1 0.3015326454815 0.073669151234696 1.4228337488645e-05 1404.0594782562 5.189296333003 1.967824967825
4 6 1 0.40164673803429 0.07347156774318 7.1035255710675e-05 2193.6245509843 2.0402601626016 0.0 0.0
5 7 1 0.50209706247014 0.080190764251896 1.5640029873166e-05 2198.375429669 5.616035127663 0.4965034965035 0.21109123434705 0.42515558467082
6 8 1 0.6025053785276 0.080037467230745 1.6125086833006e-05 2196.6359860414 6.8773420900135 84.425907201438 44.129873047972 41.989664082687 56.021795303898
7 7 1 0.70266182819254 0.079736001839249 1.3491920479588e-05 1544.1817493875 5.7542978559011 39.0 0.0075333204558625 63.717948717949
8 10 1 0.80276792341966 0.079435112537812 1.454672688432e-05 1563.5940141348 6.2041723005602 852.61559826911 0.067727616 177.3007370424 0.014083904 1029.9163353115 0.08181152
9 19 1 0.90313403635131 0.073549839903803 1.455714360708e-05 1234.2461535935 4.9848014888337 0.289794921875 3.9401162837884 0.04620361328125 0.62819461390644 9.5173558625762e-05 0.0 0.0 9.5173558625762e-05 551.51326030151 0.040563712 12.492861999452 0.000918848 564.00612230096 0.04148256 1.6874561261407e-07
10 9 1 1.0035104301354 0.072687005547326 1.3185306509643e-05 1208.8377810749 5.6235271392698 9.6303320618186e-05 0.0 0.0 9.6303320618186e-05 0.0
11 7 1 1.1035636591358 0.045993674304704 0.018370938147848 2195.574286688 0.43411814009802 81701893.0 105987074.0 100555300.0
12 10 1 1.2036184298112 0.066983671393049 0.026833872760299 2194.5297013044 0.43400289693842 38.0 2.7835314879345e-07 72.289473684211 166611.0 0.0012204393808849 30.309661426917
13 9 1 1.303670289239 0.066604143081187 0.026675854699232 2194.4388403981 0.0 0.43398692288423 0.56597900390625 8.4976546161152 0.06597900390625 0.9906141097833
14 10 1 1.4037217664184 0.078846926399436 0.031598903854601 2195.0661336353 0.43425559831181 4.4448657164461 0.000350464 3.9830087784151 0.000314048 9.7623082490316 0.000769728
15 19 1 1.5037776050343 0.06616335356987 0.026564641238033 2194.2726368791 0.43359121877131 0.55206298828125 8.3439390311172 0.06488037109375 0.98060886568022 0.0 0.0 0.0 0.0 800.40441033684 0.05295744 2075.7042167606 0.137335552 2876.1086270974 0.190292992 0.0
16 13 1 1.6038338095942 0.066048982482972 0.026521639647775 2195.628475948 0.43351955720014 210.0 0.5498046875 8.3241961773105 0.261962890625 3.9661911626351 0.0 0.0 0.064453125 0.9758382730062
Running without Marker API. Activate Marker API with -m on commandline.
17 9 1 1.7038864724684 0.077975239640217 0.062145508111447 2194.9041394676 0.41506348967701 0.15621521539972 1.3805549429167e-05 8.8375190559005e-05 21891.0 6.621763421426e-05
18 8 1 1.8039263744043 0.065864305763857 0.065362789929146 2194.8744132394 0.40561048723115 0.066668673543058 3.5131110385999e-07 5.269507929134e-06 14.999548466405
19 5 1 1.9039598994942 0.065765401245752 0.065258389004632 2194.8722136539 0.41339997887866 6.1769480519481
20 6 1 2.0039972434453 0.077984149108484 0.077373834227748 2194.8788737376 0.414089116998 1.0 8.0
21 7 1 2.1040391037251 0.065721484342595 0.065220939527605 2194.8719997443 0.4045421581737 83.7259276297 16.2740723703 9.5974034058031
22 7 1 2.2040762520229 0.065652858067247 0.065147031068017 2194.8714508971 0.40964157784781 0.00050483445054764 0.00032931425199854 0.6523212741153
23 9 1 2.3041157345725 0.077830830348086 0.077218367357956 2194.871256696 0.41538089558045 2812.6286077248 0.0 0.0 2812.6286077248 0.0
24 6 1 2.4041648512319 0.065152091783683 0.064633041434259 2194.873696558 0.42037501246207 0.0 0.0
25 13 1 2.5042075783642 0.065254537081724 0.064747653917385 2194.8696530881 0.40870170164499 2.4467722937661 571848200.0 326483154.0 72135.0 14536.0 0.012614361643527 0.0058762098053295 57.092625980111 42.88888344844
26 7 1 2.6042504504248 0.077203833312309 0.076610651223108 2194.8733080433 0.41238010136215 56.58886150769 43.41113849231 2.9052517069157
27 12 1 2.7042951259371 0.06525799996269 0.064760657157697 2194.8667631564 0.41309155365622 24596372.0 95.529308143494 56.39751667441 99.859471144769 17.201371492806 16.432351178269 9.7011463558824 17.177198602363
1 7 1 2.8043331718847 0.064989460473136 0.064487442371228 2194.869132461 0.41770165365493 66.622052499466 33.377947500534 4.9219436477851
2 10 1 2.9043669297658 0.07721370564808 0.076624778563676 2194.8722168373 0.40710352000438 11514.507904234 0.889077824 11459.448663594 0.884826496 22973.956567827 1.77390432
3 5 1 3.004401953958 0.065011660773844 0.064513961988673 2194.8723335352 0.40317252539057 296743.62992126
4 6 1 3.1044343712521 0.065261359582231 0.064760878626281 2194.8714615962 0.40698073646857 0.0 0.0
5 7 1 3.2044707813214 0.077208406706502 0.07661465215045 2194.8740146449 0.40823646519368 0.15374412086415 0.052018854877834 0.33834695327177
6 8 1 3.3045130156974 0.064959569913626 0.064452254681744 2194.8782335181 0.40790185034424 16.595809289664 33.323492128568 11.205032018453 99.957352202812
7 7 1 3.4045466041934 0.065174975059082 0.064674138122955 2194.8753952673 0.40815622539696 49.0 1.4005387352314e-07 54.020408163265
8 10 1 3.5045781356132 0.064994518471388 0.064505418464406 2194.8747734697 0.41065138913098 11900.594483833 0.773473408 3.6542158567504 0.000237504 11904.24869969 0.773710912
9 19 1 3.6046269252781 0.065132207618636 0.064639118459738 2194.8789274616 0.42103422577102 0.65679931640625 10.084094189651 0.12841796875 1.9716507922151 0.0001074737101034 0.0 0.0 0.0001074737101034 11729.7342733 0.763983488 8.817020349786 0.000574272 11738.55129365 0.76455776 9.1556195832739e-09
10 9 1 3.7046682493231 0.064731235350719 0.064233527507529 2194.8757165111 0.41335220796279 0.00010813944708568 0.0 0.0 0.00010813944708568 0.0
11 7 1 3.8047085987252 0.06503198878186 0.064533077127839 2194.8716323516 0.4111143171692 323514660.0 415933087.0 415916180.0
12 10 1 3.9047557615697 0.064726757971536 0.064225498025885 2194.8773333293 0.41469311972403 81053.0 0.00023702366702941 32.085326884878 2.0 5.8486093550986e-09 36.0
13 9 1 4.0047997432377 0.064943298086872 0.064447412264363 2194.8783582862 0.0 0.41787499630026 0.5926513671875 9.1256740055722 0.126708984375 1.9510709820358
14 10 1 4.1048388670897 0.065086930200906 0.064594024919809 2194.8723084842 0.41250592354466 11541.711825726 0.751214592 1.7846901004771 0.00011616 11544.204492065 0.751376832
15 19 1 4.2048775516278 0.064903113993671 0.064409500375426 2194.8736792787 0.40853555289226 0.59588623046875 9.181165491179 0.12774658203125 1.9682658376562 2860.5117162499 0.0 0.0 2860.5117162499 11938.763247563 0.774862912 1.7236769257467 0.000111872 11940.486924488 0.774974784 0.23956407593257
16 13 1 4.3049169952278 0.064999340961125 0.064490465485334 2194.867705899 0.41228748744419 211.0 0.5948486328125 9.1516102166062 0.2911376953125 4.4790868800751 0.0 0.0 0.1275634765625 1.962534922297
17 9 1 4.404959585584 0.064862482434292 0.06436709434997 2194.8725209216 0.41805992442776 0.13336124973055 2.4179633853276e-06 1.8130929263282e-05 7822.0 2.300889245746e-05
18 8 1 4.5050059196197 0.064623563575259 0.064119155967729 2194.8767083213 0.41066265754763 0.066668662918621 3.3647955056264e-07 5.0470421309238e-06 14.999550856759
19 5 1 4.6050465942047 0.064621247439598 0.064126826298889 2194.8741375595 0.41002355933293 6.3140350877193
20 6 1 4.7050802669404 0.06510047012889 0.064605837030518 2194.8739733773 0.41000683507982 1.0 8.0
21 7 1 4.8051160574411 0.064897323201618 0.064402603146256 2194.8729428915 0.4124596797612 83.177621390105 16.822378609895 9.8345143352363
22 7 1 4.9051513080838 0.065044532327667 0.064549517433761 2194.8715240833 0.41247895048621 0.00056299723148974 0.0003325905107994 0.59074981580165
23 9 1 5.0051904101965 0.064905079583966 0.064410615870564 2194.8778171451 0.40937821031494 2854.586593031 0.0 0.0 2854.586593031 0.0
24 6 1 5.1052313719207 0.064985761177853 0.064491451450788 2194.8730688899 0.41386560213681 0.0 0.0
25 13 1 5.2052678055409 0.065029334782061 0.06453023970314 2194.8737388247 0.41649600572409 2.4009834098204 569928008.0 319297583.0 61785.0 14116.0 0.010840842901688 0.0057509017875816 56.024195778776 43.959212476534
26 7 1 5.3053053705076 0.064943385949664 0.064442785880755 2194.8745552817 0.41037559129841 56.864228451263 43.135771548737 2.8906457723869
27 12 1 5.4053507471107 0.06501512365481 0.064516442527393 2194.8778126374 0.41137395792658 24371669.0 95.453150951623 60.090172732938 99.840708488204 17.108744027741 16.330835262726 10.280673838706 17.08149125073
1 7 1 5.5053950675486 0.064661793853591 0.064166060205814 2194.8758867916 0.41687180675151 66.741537201519 33.258462798481 4.9627499048418
2 10 1 5.6054336261802 0.065082660250376 0.064585944260353 2194.8806221816 0.41830184372456 11206.512290588 0.729349632 11145.508269168 0.725379328 22352.020559756 1.45472896
3 5 1 5.7054718342664 0.064775202978788 0.064281685828454 2194.871047079 0.41060041130339 290326.33070866
4 6 1 5.8055053720375 0.065093226430463 0.064597279919221 2194.8745410617 0.4019863018042 0.0 0.0
5 7 1 5.9055391163316 0.064906729955172 0.064414768066836 2194.8753436583 0.4098972553279 0.15306120175735 0.052584089931513 0.34354943857606
6 8 1 6.0055782954375 0.06501257925705 0.06450499953099 2194.8774309282 0.41595930948749 17.140902908699 34.921138706769 13.652460130389 99.953159624932
7 7 1 6.1056133341225 0.065024803054759 0.064527355629638 2194.8784853523 0.40835443687826 53.0 1.5190516825177e-07 54.735849056604
8 10 1 6.2056480367551 0.064873604776794 0.064377065418157 2194.8749700567 0.40625906986528 12088.607603944 0.784231552 138.64449233161 0.008994368 12227.252096275 0.79322592
9 19 1 6.3056934287567 0.064918950129673 0.064415100949064 2194.8753956791 0.4097614410428 0.594970703125 9.1648232440077 0.12994384765625 2.0016319949213 0.00010782675915149 0.0 0.0 0.00010782675915149 11924.938626605 0.774154496 2.2575842601775 0.00014656 11927.196210866 0.774301056 9.0404112789948e-09
10 9 1 6.4057321449978 0.064810213131084 0.064314619429713 2194.878292539 0.41261929064127 0.00010800766826429 0.0 0.0 0.00010800766826429 0.0
11 7 1 6.505768518835 0.064789947623405 0.06429684216007 2194.8723533307 0.41233531497489 321372008.0 413179836.0 413165789.0
12 10 1 6.6058098238582 0.064762808890307 0.064267202054807 2194.8785639822 0.40775841922745 80025.0 0.00022995480911712 30.941568259919 1.0 2.8735371336098e-09 54.0
13 9 1 6.7058458897227 0.065193053054982 0.064695193037059 2194.8814856062 0.0 0.41351247440236 0.5914306640625 9.0719890593819 0.12744140625 1.9548310790495
14 10 1 6.8058873414857 0.06500086270845 0.064503807042685 2194.870679265 0.41655259874916 11424.291448727 0.7425888 1.9938196909985 0.0001296 11427.060150441 0.742768768
15 19 1 6.9059376347819 0.065154897958214 0.064646845856422 2194.8755020556 0.41116698027268 0.67901611328125 10.421566675106 0.131103515625 2.0121820420789 2841.654147302 0.0 0.0 2841.654147302 12142.744763523 0.791159296 190.57207346044 0.012416704 12333.316836984 0.803576 0.23040469849772
16 13 1 7.0059837450846 0.064926951984356 0.064429237347651 2194.8786390818 0.40424207587696 211.0 0.59747314453125 9.2022361480207 0.29241943359375 4.5038219823442 0.0 0.0 0.1304931640625 2.0098458355775
17 9 1 7.1060245464818 0.065288133277131 0.064792058594909 2194.8781785451 0.41321242232523 0.13335660696503 2.0420871563376e-06 1.5312980757474e-05 3757.0 1.0851656925545e-05
18 8 1 7.2060616458664 0.065245659316526 0.064747730910554 2194.8792834316 0.41745229880733 0.066668672329904 3.3580210465984e-07 5.0368800356208e-06 14.999548739348
19 5 1 7.3060949843611 0.065117226559703 0.064609185327534 2194.8751536805 0.41213082357298 6.3061594202899
20 6 1 7.4061312449731 0.065212920915593 0.064715694959056 2194.8800551118 0.40904705056525 1.0 8.0
21 7 1 7.5061777945897 0.064956703956164 0.06445602417668 2194.874013162 0.41374824414524 83.170131480433 16.829868519567 9.1669211762707
22 7 1 7.6062156367318 0.065212837581811 0.064716029652887 2194.8745492568 0.41595728311819 0.0006413380787008 0.00033845487659106 0.527732389252
23 9 1 7.7062516772339 0.064974675067431 0.064482064171977 2194.8792163289 0.4054936887348 2882.039730182 0.0 0.0 2882.039730182 0.0
24 6 1 7.8062890637577 0.065147334511688 0.06465257958295 2194.8817323895 0.41009158031588 0.0 0.0
25 13 1 7.9063249711068 0.064944630521584 0.0644480241336 2194.87944797 0.41620612670355 2.4026556454616 569201884.0 319112848.0 62495.0 13720.0 0.010979408494017 0.0056970999062962 56.063210078904 43.920113412696
26 7 1 8.0063665052979 0.065156021152668 0.064659100451398 2194.8781253088 0.41788230241852 55.843578177728 44.156421822272 2.9228471083812
27 12 1 8.1064133538292 0.065003913449516 0.064508197464878 2194.8763154082 0.4114246220658 24175786.0 95.419449857804 60.520667249454 99.869025974998 16.973404673469 16.195929361563 10.272417763334 16.951173922189
1 7 1 8.2064520293092 0.065027524083905 0.064531554927613 2194.8804359024 0.40858833078757 67.926844826637 32.073155173363 5.1328141373694
2 10 1 8.3064863361062 0.065063495292101 0.064562174204816 2194.8807840178 0.41433079530573 11312.692696504 0.736043328 11256.791611208 0.732406208 22569.484307713 1.468449536
3 5 1 8.4065289346146 0.064937181206107 0.064433029487637 2194.8737776546 0.41560589599204 287504.92283465
4 6 1 8.5065715766015 0.06480412885919 0.064308363961245 2194.8782541567 0.41018912075891 0.0 0.0
5 7 1 8.6066103462849 0.064717524226161 0.064223658794966 2194.8810066762 0.4114194861558 0.15249609655796 0.053169020128207 0.34865823669131
6 8 1 8.7066561830353 0.064682453385132 0.064188118295611 2194.8710060364 0.41777086653164 17.210234109754 35.227490319707 13.93376453067 99.957851243763
7 7 1 8.8066917615784 0.064709668205596 0.064214935016105 2194.8787134077 0.41440964013506 54.0 1.5783046338559e-07 49.666666666667
8 10 1 8.90672449228 0.064956395983491 0.064460285522091 2194.8780788743 0.40858766593706 11948.498377238 0.776131392 3.9519433939229 0.000256704 11952.450320632 0.776388096
9 19 1 9.0067667085399 0.064839086474972 0.064345345138648 2194.8808604763 0.41111750931847 0.59271240234375 9.1412824357502 0.12750244140625 1.9664441363693 0.00010795957161892 0.0 0.0 0.00010795957161892 11865.713874562 0.769362048 2.6334732532962 0.000170752 11868.347347815 0.7695328 9.0964283783615e-09
10 9 1 9.1068053396356 0.065063165580181 0.064567554668572 2194.8778294406 0.41746157444793 0.00010758775626085 0.0 0.0 0.00010758775626085 0.0
11 7 1 9.2068446518944 0.065037486094071 0.064541136048048 2194.8766593428 0.41343711116987 321735848.0 413646617.0 413630976.0
12 10 1 9.3068903953473 0.064879329445302 0.06436849471983 2194.8821383381 0.41011046647442 82006.0 0.00023663359324141 31.423920200961 1.0 2.8855643884766e-09 53.0
13 9 1 9.4069276188267 0.065074637562247 0.064576545659017 2194.8751145135 0.0 0.41366522071216 0.57879638671875 8.8943466825321 0.127197265625 1.9546365587258
14 10 1 9.5069667924978 0.064833256733434 0.064341133159445 2194.8869494408 0.41023286707275 11612.997987987 0.75290848 1.7896987726079 0.000116032 11615.409589808 0.753064832
15 19 1 9.6070089218008 0.065087700132588 0.064590445190387 2194.8759307579 0.40705830430488 0.5869140625 9.0172807044098 0.13018798828125 2.000193400843 2870.7935849533 0.0 0.0 2870.7935849533 11982.771036789 0.779931008 2.2861462257367 0.0001488 11985.057183015 0.780079808 0.23953107115932
16 13 1 9.7070477775354 0.064902895695394 0.06440531874059 2194.8779726947 0.40734731074687 212.0 0.58453369140625 9.0062806157312 0.279541015625 4.3070653879136 0.0 0.0 0.1280517578125 1.9729744942888
17 9 1 9.8070897519462 0.064976195003152 0.064479748036316 2194.8779206915 0.41091164418959 0.13335873239301 2.1357976574623e-06 1.6015431604195e-05 7361.0 2.1245414265649e-05
18 8 1 9.9071370098999 0.064711956261395 0.064212866164384 2194.8787859909 0.41880472780128 0.066668699329685 3.5741943205503e-07 5.3611280203255e-06 14.999542664765
19 5 1 10.007177598434 0.064740816018253 0.064230316892414 2194.8792342012 0.41343683617367 6.4408783783784
20 6 1 10.107215867209 0.064859144553999 0.064365188089705 2194.8837872643 0.41010515810473 1.0 8.0
21 7 1 10.207256011899 0.064853966989886 0.064356187135438 2194.8791094006 0.4090135345176 83.30776665091 16.69223334909 9.9901523249712
22 7 1 10.30729251889 0.064945712954949 0.064436894091781 2194.8812610479 0.41737058475012 0.00066543337240339 0.00033676366829271 0.50608172396945
23 9 1 10.407333070285 0.064825034768869 0.064323777993525 2194.8841115469 0.41548595149172 2812.2991780877 0.0 0.0 2812.2991780877 0.0
24 6 1 10.507383398002 0.064720116631425 0.064207136966866 2194.8797470403 0.40362896068686 0.0 0.0
25 13 1 10.607427018255 0.064755944722909 0.064260007722588 2194.8832406431 0.41353582754402 2.4181701642128 567541332.0 320236556.0 71795.0 14656.0 0.012650179987244 0.0059348981476472 56.425239527753 43.556175394112
26 7 1 10.70746697001 0.064814625292525 0.064320296543618 2194.8840363704 0.41772513017602 55.864015555725 44.135984444275 2.9169731762449
27 12 1 10.807508406375 0.064658455973298 0.064161581920829 2194.879966993 0.41153057414751 24047096.0 95.436259746291 60.731574407155 99.867717914878 16.97425974996 16.199598624982 10.308735190111 16.951805845229
1 7 1 10.90752169766 0.064889434572182 0.064393968135989 2194.8821513414 0.40932741553064 67.813637079625 32.186362920375 5.1343270956076
2 10 1 11.00752154775 0.06498537983522 0.064491643480808 2194.8767850502 0.40813980785072 11485.393451459 0.746382656 11434.566019067 0.743079616 22919.959470526 1.489462272
3 5 1 11.107524910539 0.065207599328966 0.064709427262261 2194.881007275 0.41742014342527 290687.77070064
4 6 1 11.207523135621 0.077172560498978 0.076563096619202 2194.8779105389 0.41059278002813 0.0 0.0
5 7 1 11.307522782811 0.065064504355506 0.064559136144978 2194.8760687848 0.40852120877701 0.15212507365671 0.053484497144012 0.35158239111001
6 8 1 11.407528686375 0.06511682710103 0.064618070792049 2194.8801116137 0.41393383247881 17.073207554025 34.667937546748 13.271050509066 99.955213189005
7 7 1 11.507528945887 0.07703991032814 0.076441477304866 2194.8751961631 0.41550575786536 55.0 1.3539852518757e-07 100.18181818182
8 10 1 11.607524237076 0.065166976827606 0.064669473695663 2194.8801545984 0.41052441315273 11901.060901623 0.77555616 2.7979815679091 0.000182336 11903.858883191 0.775738496
9 19 1 11.707529166903 0.065172048412888 0.064672955598471 2194.8802449483 0.4097720832363 0.591552734375 9.0767859654696 0.12713623046875 1.9507784942296 0.00010740800957571 0.0 0.0 0.00010740800957571 11910.366405585 0.776222976 1.5240889678766 9.9328e-05 11911.890494553 0.776322304 9.016873486608e-09
10 9 1 11.807525390162 0.077284379941702 0.07669885006762 2194.8785339191 0.41479288158042 9.0574576716283e-05 0.0 0.0 9.0574576716283e-05 0.0
11 7 1 11.907525219418 0.064941115104103 0.064449899596598 2194.8812530614 0.4172841051909 318316100.0 409251144.0 409237655.0
12 10 1 12.007528881122 0.064990395260779 0.064492328267104 2194.8775363258 0.41253784989586 82239.0 0.00023825215376236 31.05047483554 1.0 2.897070170629e-09 53.0
13 9 1 12.107526578121 0.077040241851665 0.076454168949297 2194.881638162 0.0 0.41170148279474 0.69329833984375 8.9991713834264 0.150146484375 1.9489357868852
14 10 1 12.207526926402 0.065007725064244 0.064515169875612 2194.8767897193 0.41360925566884 11509.66718587 0.74821728 1.8026165334073 0.000117184 11512.118586836 0.74837664
15 19 1 12.307529980313 0.065044935409548 0.064538232952705 2194.8793496621 0.41589871073506 0.58221435546875 8.9509560091482 0.1260986328125 1.9386387582451 2809.3451834403 0.0 0.0 2809.3451834403 11734.880251537 0.763294528 1.8419266503325 0.000119808 11736.722178187 0.763414336 0.23936369463201
16 13 1 12.40752742731 0.076948102768543 0.076362606409134 2194.8773390057 0.40964348456595 212.0 0.72039794921875 9.3621275028143 0.36004638671875 4.6790807539694 0.0 0.0 0.1505126953125 1.9560286725358
17 9 1 12.507528350775 0.065118793597127 0.064620681766254 2194.8759435401 0.41107762839587 0.13335562964059 1.8410112163508e-06 1.3805275572636e-05 4115.0 1.1855651260224e-05
18 8 1 12.607531458129 0.064978300086951 0.0644815256727 2194.8792147766 0.41715875453145 0.066668679193909 3.1644124364257e-07 4.7464753684737e-06 14.99954719504
19 5 1 12.707529559115 0.077140323912342 0.076552254622412 2194.8805697855 0.41426405832056 6.3031746031746
20 6 1 12.807529496162 0.06475780342857 0.064266290365115 2194.877133655 0.41046779089362 1.0 8.0
21 7 1 12.907532750256 0.06501721968059 0.0645211137482 2194.8746823011 0.4087652886768 83.147171216053 16.852828783947 9.9833929274612
22 7 1 13.007535488948 0.077045911266252 0.076453746845575 2194.8790329367 0.41487501379116 0.00059962388210399 0.00032186393912072 0.53677638387475
23 9 1 13.107531299161 0.065152864432771 0.06465831874429 2194.8783039742 0.41515558742702 2814.9398740442 0.0 0.0 2814.9398740442 0.0
24 6 1 13.207534106694 0.065202043139625 0.064704292723742 2194.8810576602 0.40990103117576 0.0 0.0
25 13 1 13.307531904237 0.077186547893141 0.076586553720155 2194.8806763815 0.41200597970536 2.4271492387444 676408800.0 383081871.0 61148.0 15548.0 0.0090400952796593 0.0053361221793685 56.634666935143 43.350956847398
26 7 1 13.407531688203 0.065196046730523 0.064698821226887 2194.8823231517 0.41724457443306 55.928296360959 44.071703639041 2.9199836001555
27 12 1 13.507535022007 0.065073184655872 0.064575234510652 2194.8713762024 0.41010817393767 23660209.0 95.430978652809 53.194872454423 99.877498968838 16.594182198443 15.835990471405 8.8272540553165 16.573854154137
1 7 1 13.60753307408 0.077078112526611 0.076493709017291 2194.8764363302 0.40512548506995 68.439192005551 31.560807994449 5.0679128558118
2 10 1 13.707532639748 0.064840456047564 0.064348437999506 2194.8733324852 0.40844773488061 11476.947285104 0.744170496 11413.324783791 0.740045184 22890.272068895 1.48421568
3 5 1 13.807536189133 0.064916701023358 0.064419696535405 2194.8767397253 0.41453699524331 288186.67716535
4 6 1 13.907534903347 0.07705392399056 0.076467293567074 2194.8743503638 0.41184364698146 0.0 0.0
5 7 1 14.007533843106 0.065037056743933 0.064533131475958 2194.8791157881 0.4096897368888 0.1521411374435 0.053461461451284 0.35139385934418
6 8 1 14.107538129814 0.065009250434777 0.064511223296389 2194.8763906343 0.40445661626659 16.457061707394 32.811854399284 10.69162138667 99.954050832935
7 7 1 14.207535822283 0.077000052323651 0.076413502969442 2194.8782995644 0.41050657537959 47.0 1.1435394097512e-07 49.36170212766
8 10 1 14.307535643387 0.06509716123426 0.064591578801564 2194.8778576579 0.41499156399992 11760.760584397 0.765592128 2.0134825776553 0.000131072 11762.774066974 0.7657232
9 19 1 14.407541292421 0.064644763870581 0.064139564592122 2194.8763259986 0.40745236722837 0.585693359375 9.060182516059 0.1279296875 1.978964417847 0.00010828409883303 0.0 0.0 0.00010828409883303 12004.753881593 0.77604448 10.626939582846 0.000686976 12015.380821176 0.776731456 9.0121237474384e-09
10 9 1 14.507542040161 0.077000371165948 0.076406073581609 2194.8766702702 0.41403521483904 9.090865269875e-05 0.0 0.0 9.090865269875e-05 0.0
11 7 1 14.607537586785 0.064714868414758 0.06422030143993 2194.8752631876 0.41075777519353 322223698.0 414274239.0 414258994.0
12 10 1 14.707540931459 0.064944654978237 0.064445363340286 2194.8776986274 0.41563616383664 81343.0 0.00023759927239235 31.500989636478 1.0 2.9209553666862e-09 55.0
13 9 1 14.807538266137 0.077036609585728 0.076449161675956 2194.8793888293 0.0 0.4089311318297 0.70123291015625 9.102593090833 0.1512451171875 1.963288857088
14 10 1 14.907540135259 0.065032253276038 0.064537884218943 2194.8773500221 0.40727173124064 11700.059242455 0.760881216 1.8039048947305 0.000117312 11702.527433113 0.761041728
15 19 1 15.007541915613 0.064923470987351 0.064426577913041 2194.8741133416 0.41722425890167 0.5748291015625 8.8539490082793 0.125 1.9253437639579 2800.8050591662 0.0 0.0 2800.8050591662 11704.96038556 0.759926656 3.3605104083623 0.000218176 11708.320895968 0.760144832 0.23921492108493
16 13 1 15.107539341777 0.077340441837796 0.076752688672757 2194.8795254818 0.41467112288372 213.0 0.6990966796875 9.0392123845594 0.34039306640625 4.401229916945 0.0 0.0 0.150146484375 1.9413709154894
17 9 1 15.207539245309 0.065401026095199 0.064903399774187 2194.8811686632 0.408968613912 0.13335750933121 1.9491555831369e-06 1.4616016697611e-05 4477.0 1.2776529349493e-05
18 8 1 15.307543683286 0.06519994892545 0.064689520452165 2194.8745231822 0.40861893550993 0.066668634326397 3.2899224913714e-07 4.9347380887759e-06 14.999557289627
19 5 1 15.407540359445 0.077308460687318 0.076722717043969 2194.8788012328 0.41379354472742 6.2866344605475
20 6 1 15.507541165156 0.065237503475506 0.064741753523293 2194.8746308679 0.41570753601347 1.0 8.0
21 7 1 15.607544109465 0.065464833504017 0.06496379502695 2194.8743590959 0.40982863143737 83.081027863726 16.918972136274 9.8884223925314
22 7 1 15.70754142965 0.077217610560412 0.076631165826332 2194.8760244031 0.41470740921929 0.00060997590761727 0.0003344288617653 0.54826568982317
23 9 1 15.807541919236 0.065346831962786 0.064848569315884 2194.870259049 0.41678814690635 2803.8169027741 0.0 0.0 2803.8169027741 0.0
24 6 1 15.907545642535 0.064993698720597 0.06449794650388 2194.8784417588 0.41738632751214 0.0 0.0
25 13 1 16.007547141185 0.077163948133761 0.076570833073906 2194.876465577 0.40956767248084 2.4415989522385 676269956.0 385284066.0 90650.0 17424.0 0.013404410353548 0.0060057377441739 56.971932965776 43.008656886127
26 7 1 16.107544391623 0.06494124191638 0.064445531366553 2194.8749572908 0.4038887265424 57.777910022636 42.222089977364 2.8310570729813
27 12 1 16.207546776146 0.064982633443619 0.064484248966351 2194.8760413591 0.41419757641839 24278834.0 95.331435603538 61.651552129727 99.876839225475 17.05208344783 16.25599595113 10.512874116044 17.031081969783
1 7 1 16.307544908836 0.07700758950192 0.076415821369608 2194.87826821 0.4131280117399 67.271398215649 32.728601784351 5.0293521982363
2 10 1 16.407544515265 0.064893630246949 0.064401022521802 2194.8797731376 0.40302575878039 11631.436569778 0.754806144 11576.762975675 0.751258176 23208.199545452 1.50606432
3 5 1 16.507552010323 0.065192212470746 0.064688375971364 2194.8708249855 0.4105450217078 295459.60350318
4 6 1 16.607546498065 0.076874290776865 0.076288441154685 2194.8754456512 0.41525011511924 0.0 0.0
5 7 1 16.707545949602 0.065079343203528 0.064584009920226 2194.8754123131 0.41751830182597 0.1520547828772 0.053273764100661 0.35035901595865
6 8 1 16.807549572357 0.064934609634288 0.064438578430561 2194.8709131914 0.41020377737926 16.898210611548 34.132449683674 12.745449163606 99.956204548347
7 7 1 16.907547731315 0.077081781930429 0.076497737571593 2194.8743712988 0.41365276662869 45.0 1.1020546356418e-07 56.533333333333
8 10 1 17.007547047887 0.064750391250975 0.064257728724808 2194.873305724 0.41532077928146 11756.240685087 0.761221184 2.4838768831004 0.000160832 11758.72456197 0.761382016
9 19 1 17.107550253067 0.064725574994152 0.064228728115742 2194.8744809825 0.41469633231561 0.582275390625 8.9960636221094 0.1251220703125 1.9331163967845 0.00010814890405582 0.0 0.0 0.00010814890405582 11769.729292769 0.761802496 2.4462664103688 0.000158336 11772.17555918 0.761960832 9.1868239232538e-09
10 9 1 17.207548534308 0.076984979778718 0.076400988862199 2194.8769539582 0.41109550446282 9.0926827806157e-05 0.0 0.0 9.0926827806157e-05 0.0
11 7 1 17.307547770264 0.064816660629572 0.064316652955157 2194.8784280245 0.41220585215348 321569881.0 413435148.0 413422457.0
12 10 1 17.40755119646 0.064963854356987 0.064469445444605 2194.8782904584 0.4175332862034 81106.0 0.00023789944126776 31.069538628462 1.0 2.9331916414046e-09 54.0
13 9 1 17.507553284786 0.076800534039108 0.076197195192314 2194.8754764422 0.0 0.4122369610345 0.75543212890625 9.8362874471885 0.15179443359375 1.9764762770589
14 10 1 17.607550598631 0.064802285552163 0.064307156980108 2194.8709872032 0.40892959936747 11647.612882302 0.754791936 1.7954922269885 0.000116352 11650.075017683 0.754951488
15 19 1 17.707553238591 0.064761606891081 0.064267895899123 2194.8725544311 0.412550208626 0.5740966796875 8.864768915525 0.12554931640625 1.9386380671098 2832.62295064 0.0 0.0 2832.62295064 11838.814828815 0.766700672 3.0645317422989 0.000198464 11841.879360557 0.766899136 0.23920383449226
16 13 1 17.807550755334 0.077018316914759 0.076433778440944 2194.8753440927 0.41298904357468 213.0 0.6944580078125 9.0167902342127 0.334716796875 4.3459375676237 0.0 0.0 0.15057373046875 1.9550379247498
17 9 1 17.907551071912 0.064989020253374 0.064491782974312 2194.8758939067 0.40631663504285 0.13335632417231 2.0030906375972e-06 1.5020589762274e-05 5460.0 1.5579593847978e-05
18 8 1 18.007553925641 0.065224371158412 0.064713533715533 2194.8783983581 0.40307952563696 0.06666861069303 3.5826354096265e-07 5.3737964124112e-06 14.999562606823
19 5 1 18.107553385331 0.07720160956845 0.076614872260331 2194.8708276739 0.41607676020971 6.3430894308943
20 6 1 18.207552064218 0.06484368523162 0.064350993719791 2194.8700881023 0.41021725014081 1.0 8.0
21 7 1 18.307555100014 0.065047207160912 0.064541078076721 2194.8732793219 0.41462003969928 82.944949386774 17.055050613226 9.6468354063609
22 7 1 18.407553129441 0.077010395676451 0.07642585448523 2194.8749752657 0.40970288824484 0.0005044077474832 0.00032744855537272 0.64917431781444
23 9 1 18.507553728629 0.065063268841606 0.064567582295532 2194.8717286287 0.40392849441227 2893.099937205 0.0 0.0 2893.099937205 0.0
24 6 1 18.607556902107 0.064992955962974 0.064495990424506 2194.8767135712 0.40947869541136 0.0 0.0
25 13 1 18.707554517583 0.077149415446807 0.076565146901982 2194.8737552902 0.41117572330995 2.4320501997298 676219736.0 383748347.0 68519.0 16088.0 0.010132653093698 0.0055010225256129 56.749060485865 43.235305838515
26 7 1 18.807554696479 0.064995690579149 0.064500598239174 2194.8756530462 0.40988894918123 56.931943459326 43.068056540674 2.8941812633128
27 12 1 18.907558402568 0.06512865778068 0.064629970312649 2194.8734898966 0.41170902682668 24200016.0 95.400808825912 60.694542516005 99.882161234935 16.958403572262 16.1784541719 10.292825466202 16.938419998917
1 7 1 19.007555747209 0.076850508945902 0.076265970924988 2194.8712683457 0.41498335435883 67.006476351224 32.993523648776 4.9881742006556
2 10 1 19.107560036634 0.064887651953887 0.064386047350582 2194.8719387226 0.41565227775482 11276.735618666 0.731720896 11231.270204043 0.728770752 22508.005822709 1.460491648
3 5 1 19.20755997821 0.064772799886137 0.064275748296481 2194.8705497653 0.40886545127914 291531.36377953
4 6 1 19.307557491331 0.077057956620971 0.076461103316348 2194.8726229577 0.41513682081376 0.0 0.0
5 7 1 19.407557284355 0.065137407827798 0.064641196369478 2194.8763501366 0.4175610926135 0.15205496987979 0.053270935271477 0.35033998108441
6 8 1 19.507561089176 0.064981112602096 0.064484977231142 2194.8754530168 0.41331804723156 17.047976050185 34.589422264517 13.242742521577 99.956537362434
7 7 1 19.607557977294 0.077221378696645 0.076636912234087 2194.8721535913 0.41139852752815 52.0 1.2642453002708e-07 49.096153846154
8 10 1 19.707558712352 0.065101755461899 0.064605505959895 2194.8725758885 0.4132935427666 11808.610605745 0.76876128 1.5306499693133 9.9648e-05 11810.141255714 0.768860928
9 19 1 19.807562024417 0.065246021637318 0.064744378084528 2194.8737398892 0.41732866497982 0.59625244140625 9.1385256364079 0.1259765625 1.9307930098829 0.00010728623484372 0.0 0.0 0.00010728623484372 11688.333799709 0.76261728 1.4566405370782 9.504e-05 11689.790440246 0.76271232 9.1777722955885e-09
10 9 1 19.907559921598 0.077143849293645 0.076557655466713 2194.8691624479 0.41082420817882 9.0739573719672e-05 0.0 0.0 9.0739573719672e-05 0.0
11 7 1 20.007559973681 0.065233988058024 0.064739931955513 2194.8634270713 0.40842895764938 326681803.0 420006314.0 419991770.0
12 10 1 20.107563273065 0.065179968745393 0.064682635451321 2194.8727995327 0.41240002323117 82296.0 0.00023763640346451 30.545141926704 1.0 2.8875814555326e-09 54.0
13 9 1 20.20756115213 0.077129341063345 0.0765435992316 2194.8675422191 0.0 0.40815801005076 0.75030517578125 9.7278826116904 0.1533203125 1.9878338176658
14 10 1 20.307560965081 0.065138413267995 0.064637851242769 2194.8752781311 0.41042978282258 11602.796845703 0.755787776 1.7989999160384 0.000117184 11605.242345862 0.755947072
15 19 1 20.407572671213 0.065078841389232 0.064572603608804 2194.8734617718 0.41371618000219 0.63897705078125 9.818506862462 0.1307373046875 2.0089064571013 2824.1977895816 0.0 0.0 2824.1977895816 12255.275093634 0.797559104 38.102706610421 0.00247968 12293.377800244 0.800038784 0.22973326253143
16 13 1 20.507619981704 0.076797433478933 0.076210352418962 2194.8714900802 0.41528584307394 213.0 0.705810546875 9.1905486277561 0.34466552734375 4.487982367774 0.0 0.0 0.15093994140625 1.9654295015947
17 9 1 20.607665556677 0.065033506000175 0.064529001018933 2194.8710537573 0.41186712956978 0.1333599152035 2.063971388292e-06 1.5476699914982e-05 7833.0 2.264298023038e-05
18 8 1 20.707705837238 0.064949618773083 0.064447634638749 2194.8661831065 0.41300866317208 0.066668664670468 3.4538415510832e-07 5.1806070635357e-06 14.999550462617
19 5 1 20.807739079718 0.077120113658583 0.076530969634605 2194.8723880441 0.41158035694665 6.2803889789303
20 6 1 20.907773151912 0.065133386067011 0.064636990730888 2194.8685614373 0.41280365049707 1.0 8.0
21 7 1 21.007811265795 0.064872564916122 0.064373600725586 2194.8698168879 0.41352912498809 83.096730954677 16.903269045323 9.8630884644626
22 7 1 21.107845380562 0.076950091003887 0.076363665291648 2194.868487515 0.40940064669252 0.00045195967086133 0.00029604229505165 0.65501927304147
23 9 1 21.207880522509 0.064891318640298 0.064395385716086 2194.8711747746 0.40899788850287 2857.1712192771 0.0 0.0 2857.1712192771 0.0
24 6 1 21.307913216073 0.064847281265477 0.0643306774872 2194.8651404635 0.41377332114071 0.0 0.0
25 13 1 21.407946170507 0.077117757667635 0.076531728696663 2194.869211965 0.41233084518238 2.4252369466991 675924588.0 382506376.0 66007.0 15372.0 0.0097654385077644 0.0053068050248233 56.590096408802 43.394831347665
26 7 1 21.507983400327 0.06511352726442 0.064618261463365 2194.8682985915 0.4124907716997 56.572661343537 43.427338656463 2.8971348914945
27 12 1 21.608020357501 0.065171983195145 0.064669071519584 2194.869316295 0.40863358492873 24053202.0 95.448077973153 59.817071340439 99.876989350524 16.845330746814 16.078544426054 10.076383510355 16.824609196056
1 7 1 21.708055521187 0.077064041798667 0.076475318519708 2194.8669189389 0.41472984788839 67.046187725426 32.953812274574 4.9821110356734
2 10 1 21.808089109683 0.065183551192221 0.064685986918644 2194.8754914784 0.41730948581311 11232.728297371 0.73218912 11167.843216355 0.72795968 22400.571513727 1.4601488
3 5 1 21.908122361221 0.065174158931499 0.064674230967658 2194.871517841 0.41194031427449 291149.15748031
4 6 1 22.008154850979 0.077405327150969 0.076804669478034 2194.8688528075 0.41289826990977 0.0 0.0
5 7 1 22.108194042766 0.065458634195272 0.0649490354366 2194.8668780772 0.41595132953996 0.15223283963009 0.053266037678627 0.34989847005453
6 8 1 22.20823721193 0.065057536926682 0.064554036932736 2194.8660537638 0.41765625058421 17.207826234631 35.211650374219 13.912977980791 99.957838291357
7 7 1 22.308272987032 0.077328179996404 0.076730571252931 2194.870064335 0.41057672030169 45.0 1.0905401842974e-07 54.111111111111
8 10 1 22.408304114464 0.065182425280361 0.064685358744972 2194.8654200209 0.40861436813507 11960.331157468 0.779603392 2.2739871884555 0.000148224 11962.605144656 0.779751616
9 19 1 22.508346338876 0.065212549536782 0.064702308111606 2194.8713418622 0.41440183834832 0.60845947265625 9.3304046073687 0.12799072265625 1.9626701235482 0.00010734130239843 0.0 0.0 0.00010734130239843 11911.098301131 0.776753088 15.506217855041 0.0010112 11926.604518986 0.777764288 9.0001560987074e-09
10 9 1 22.608388315098 0.077004632058458 0.076414896092886 2194.8635884183 0.41501098293603 9.0903622455932e-05 0.0 0.0 9.0903622455932e-05 0.0
11 7 1 22.708424305781 0.0653513691249 0.064854013185778 2194.8708660541 0.41139892940986 324894339.0 417708537.0 417694673.0
12 10 1 22.808460516574 0.065119171316552 0.064618530486553 2194.8675882846 0.40967497323611 82163.0 0.00023591845447883 30.928215863588 1.0 2.871346646043e-09 53.0
13 9 1 22.908495792579 0.077265303752021 0.076675618964261 2194.8703842656 0.0 0.41129652619957 0.70379638671875 9.1088283167507 0.15191650390625 1.9661671737397
14 10 1 23.008535170962 0.064990342724264 0.064494399383329 2194.8719028158 0.41397683053795 11500.196747246 0.747401728 1.878925312305 0.000122112 11502.671453383 0.74756256
15 19 1 23.108574209668 0.065238614894534 0.064735097237449 2194.8666198905 0.40631382573357 0.62933349609375 9.6466409826625 0.12957763671875 1.9862107270093 2875.826813664 0.0 0.0 2875.826813664 12012.047546792 0.783649344 2.3416806173302 0.000152768 12014.389227409 0.783802112 0.23936521110063
16 13 1 23.220629009637 0.077031618616823 0.07645778128759 2194.8723795902 0.41042554812358 213.0 0.71661376953125 9.3028522884335 0.34686279296875 4.5028625802885 0.0 0.0 0.1536865234375 1.9951096211801
17 9 1 23.320668794725 0.06484925047898 0.064349163999793 2194.8698401662 0.40327125319513 0.13335692467878 1.8420538504206e-06 1.3812959880843e-05 5591.0 1.5868910751466e-05
18 8 1 23.42070268757 0.064943655878654 0.064447986995719 2194.8697195749 0.40550198694861 0.066668627394971 3.53352838562e-07 5.3001366965094e-06 14.999558849106
19 5 1 23.520736559582 0.06507170095223 0.064579190147895 2194.8664521376 0.41054209519498 6.3704379562044
20 6 1 23.620773572916 0.06507716565557 0.064577378996838 2194.8710594042 0.41462559343736 1.0 8.0
21 7 1 23.720817095342 0.064825308321067 0.064327917508569 2194.8684824992 0.41027690411946 83.000330967074 16.999669032926 9.8862186376846
22 7 1 23.820855084224 0.0650687580016 0.064578119037055 2194.8680566852 0.41324571877731 0.00057506301994904 0.00033242849683292 0.57807315946411
23 9 1 23.920889662762 0.065030581165584 0.064537051786924 2194.8701692703 0.4103244951164 2848.0870181431 0.0 0.0 2848.0870181431 0.0
24 6 1 24.020924162495 0.065256346874078 0.064758682509383 2194.8672199343 0.41427095734547 0.0 0.0
25 13 1 24.120960211149 0.06532605105378 0.06483537766876 2194.8681698164 0.40796540576187 2.4511882279148 572622972.0 327515465.0 63676.0 14364.0 0.01112005684606 0.0058130745058548 57.195655957722 42.787410910927
26 7 1 24.220997270678 0.065184581089071 0.064692741484003 2194.8671683503 0.41048282517657 56.849488189663 43.150511810337 2.8838498844687
27 12 1 24.321034455208 0.065272399496753 0.064763279454427 2194.8686034676 0.40997904168127 23703989.0 95.422205098053 53.540338716829 99.869009389095 16.576615893344 15.817772416063 8.8751762970843 16.554902082918
1 7 1 24.421071895174 0.065202157270675 0.064708294103985 2194.8678598895 0.41438765360791 67.101512772579 32.898487227421 4.9908023686789
2 10 1 24.521661656955 0.065829958658609 0.058215696188683 2194.8585460534 0.4110472984012 10165.535777873 0.6691968 10120.75324937 0.666248768 20286.289027243 1.335445568
