1 7 1 0.10098876352407 0.10101105444279 0.0017034150715786 1751.3006075866 1.6698141110076 28.18512230176 71.81487769824 11.580845488427
2 10 1 0.2014421825744 0.072598525015834 1.5382654765596e-05 1397.3969604471 5.6003628566716 1.119581974734 8.128e-05 0.11372131869345 8.256e-06 1.2333032934274 8.9536e-05
3 5 1 0.30190915086456 0.074969666451303 1.4340231304673e-05 1209.3543428139 5.190031152648 1.988416988417
4 6 1 0.40206721116459 0.073773947394608 1.5297031978062e-05 1643.3017247708 6.4661049406358 0.0 0.0
5 7 1 0.5022123483131 0.076390030708527 1.0318678474333e-05 1740.409671212 3.4966226588885 0.47850782929076 0.20110531163648 0.42027590632018
6 8 1 0.60249570601041 0.076535727168643 5.942447970131e-05 1030.850389551 4.2485910474833 78.320665390978 43.213820127925 39.398952512369 60.853389849891
7 7 1 0.70288123932811 0.074161812279707 6.0598282042575e-05 1196.6264395665 4.5212776744972 331.0 0.011188102078756 45.755287009063
8 10 1 0.80333653120703 0.074252064134135 1.5111289423096e-05 1372.7454870468 6.3875909613175 541.99037386085 0.040243904 20.653540314107 0.001533568 562.64391417496 0.041777472
9 19 1 0.90370984719492 0.073467534697137 1.4566746615608e-05 1226.5040205886 4.9090076335878 0.28790283203125 3.9187762760531 0.04571533203125 0.62225215831329 9.5280180951448e-05 0.0 0.0 9.5280180951448e-05 531.77883484257 0.03906848 6.874982290915 0.000505088 538.65381713349 0.039573568 1.7688574353467e-07
10 9 1 1.0041657597258 0.071789293631148 1.4617486045257e-05 1377.5057745956 6.1788586748372 9.7507575934176e-05 0.0 0.0 9.7507575934176e-05 0.0
11 7 1 1.1042084965507 0.048650824385757 0.048302297961477 2194.2470542426 0.28446682498248 351410965.0 450212484.0 449971677.0
12 10 1 1.2042459890932 0.066927399803301 0.066467268832217 2194.2429933633 0.28444336345616 51.0 9.8874820057521e-08 34.156862745098 1.0 1.9387219619122e-09 59.0
13 9 1 1.3042863629104 0.066567616474329 0.066083356639295 2194.2453941357 0.0 0.28446951036483 0.56805419921875 8.5334916481171 0.0452880859375 0.68033209443461
14 10 1 1.404324909202 0.06668378983488 0.06620882256396 2194.2444210608 0.2844459355927 1.3359768576531 8.9088e-05 0.43572808432076 2.9056e-05 2.4396933708004 0.000162688
15 19 1 1.5043759953813 0.066435943124082 0.065957395552159 2194.2423029229 0.28856026617898 0.59197998046875 8.9105377696394 0.04888916015625 0.73588418945058 4034.1942538458 0.0 0.0 4034.1942538458 864.3167132098 0.057421696 28.651478559503 0.001903488 892.96819176931 0.059325184 4.5177356719197
16 13 1 1.6044298196777 0.066065621396784 0.065598922387747 2194.2419547429 0.28447379779619 209.0 0.5611572265625 8.4939370083608 0.28466796875 4.3088668922118 0.0 0.0 0.04437255859375 0.67164370296697
17 9 1 1.7044733121577 0.065942089006812 0.065480010004058 2194.2459571732 0.2844595184615 0.13567078235497 1.6984395237544e-06 1.2518830467938e-05 3443.0 6.776045515975e-06
18 8 1 1.8045076208009 0.066051359992808 0.065593602902185 2194.2483395365 0.28445386459114 0.066800891530647 0.00013308315952104 0.0019922362781638 14.969860088487
19 5 1 1.9045436264969 0.065796290161775 0.065332589309395 2194.2428976196 0.28449043163248 6.2126157527064
20 6 1 2.0045791556046 0.065821430643105 0.065358068204599 2194.2442449105 0.28445917289326 1.0 8.0
21 7 1 2.1046195421067 0.065836936069169 0.065371481082221 2194.2466622844 0.28456917465552 97.914423033737 2.0855769662634 2.8672505749842
22 7 1 2.2046627355865 0.065514918278898 0.065058159667768 2194.2418615201 0.2844549380648 1.3859328554338e-07 2.1448960857904e-08 0.1547619047619
23 9 1 2.3046985147671 0.065684220352598 0.065224074431508 2194.2426778796 0.28445961993346 4093.1646376673 0.0 0.0 4093.1646376673 0.0
24 6 1 2.4047321139644 0.065425017976232 0.064954706501019 2194.2432787648 0.28445598409291 0.0 0.0
25 13 1 2.5047704681711 0.065283580910023 0.064822764503614 2194.2452376334 0.28447213467422 3.5152827926194 572347752.0 469663487.0 341726.0 1670860.0 0.059706008944017 0.62819325968105 82.059112726278 17.252988005097
26 7 1 2.604810186906 0.065187732315292 0.064714067960448 2194.2444796028 0.28445817435884 82.4049465902 17.5950534098 1.4402026138862
27 12 1 2.7048475118271 0.065219777889361 0.064767078432604 2194.2437505826 0.2844540211565 2927933.0 0.12025548398819 0.087399540904795 98.252214104626 2.0480209079741 0.0024628574550636 0.0017899608712035 2.0122258874102
1 7 1 2.8048870846862 0.064925231876 0.064470131809979 2194.2434440739 0.28445199099731 93.807839461398 6.1921605386021 4.7842462536776
2 10 1 2.9049205842167 0.065119948061525 0.064663624359794 2194.2423346977 0.284459328905 1.1488952652314 7.4816e-05 0.10221138373316 6.656e-06 1.2511066489645 8.1472e-05
3 5 1 3.0049525090128 0.064911736093774 0.06445892066118 2194.2482440744 0.28446541181829 572.23213043067
4 6 1 3.1049874899535 0.065093787355235 0.06462837631226 2194.2454843269 0.28450754326978 0.0 0.0
5 7 1 3.2050209568659 0.065010826575635 0.064557693568574 2194.2482663582 0.28443994953042 1.1724763394913e-05 2.3832767268517e-06 0.20326864147089
6 8 1 3.3050557058549 0.065034858038003 0.064582162658523 2194.2462873221 0.2844393393916 2.0389567473642 0.0046669430121714 0.0027757543212329 99.583284709114
7 7 1 3.4050919688722 0.065155291698521 0.064692857066732 2194.2445441311 0.28445679877755 48.0 9.5615606140195e-08 38.583333333333
8 10 1 3.5051230347222 0.064950621524172 0.064497468583764 2194.2445870925 0.28443633043068 500.47422545299 0.032506112 0.47100396088766 3.0592e-05 500.94522941387 0.032536704
9 19 1 3.6051638072064 0.065047723201603 0.064589986044332 2194.2446377564 0.28452326345276 0.61517333984375 9.4572616775093 0.0460205078125 0.7074883723427 0.00010761329767538 0.0 0.0 0.00010761329767538 749.47853053831 0.048751872 39.145167189146 0.002546304 788.62369772746 0.051298176 1.3645709352317e-07
10 9 1 3.7052105279826 0.064695437529423 0.064239108844357 2194.2419446583 0.28446178120794 0.00010819928371018 0.0 0.0 0.00010819928371018 0.0
11 7 1 3.8052473464155 0.0648784048188 0.064422241942941 2194.246423991 0.28443937299934 468712620.0 600506577.0 600198537.0
12 10 1 3.9052834363751 0.06474149081032 0.064289288781188 2194.2407613058 0.28444333572539 48.0 9.6211267821516e-08 36.625 1.0 2.0044014129483e-09 59.0
13 9 1 4.0053223133792 0.064899147278854 0.064445542666916 2194.2455698522 0.0 0.28444338231445 0.5379638671875 8.2892285914947 0.04254150390625 0.65550173908235
14 10 1 4.1053594579941 0.065023741572603 0.064569642251226 2194.241786143 0.2844409287718 1.2746113649498 8.288e-05 0.42027726087535 2.7328e-05 2.3435132509232 0.000152384
15 19 1 4.205396854494 0.065045578554639 0.064592733222023 2194.246477147 0.28444300430627 0.52764892578125 8.1119875863357 0.04241943359375 0.65214937796452 4093.5841899897 0.0 0.0 4093.5841899897 498.17129342282 0.03240384 0.084617588501832 5.504e-06 498.25591101132 0.032409344 8.2158266455501
16 13 1 4.3054383527333 0.065044874545052 0.064588232815825 2194.2455996991 0.28448692105292 209.0 0.55596923828125 8.5474719133506 0.28240966796875 4.3417666640766 0.0 0.0 0.04296875 0.66060162773069
17 9 1 4.4054779772378 0.06494707973077 0.064482796734044 2194.2415908435 0.28444629011996 0.1356538752804 1.3848961297627e-06 1.0209042144208e-05 3414.0 6.822561886017e-06
18 8 1 4.5055109748104 0.064990589697756 0.064538904123532 2194.2433245112 0.28444422952447 0.066800865065293 0.00013306110375653 0.0019919068956139 14.969866019288
19 5 1 4.6055462465968 0.064764054453473 0.064310630147723 2194.2423220629 0.28445112014126 6.1982187645495
20 6 1 4.7055784857961 0.065033427367299 0.064576949635157 2194.245128178 0.28443890290795 1.0 8.0
21 7 1 4.8056141245373 0.065072719619195 0.064618618032665 2194.2447395469 0.28444186717181 97.954478829283 2.0455211707167 2.8138285406775
22 7 1 4.9056521262861 0.065305465913304 0.064848321320086 2194.2408198438 0.28446659200822 2.2181363635416e-07 7.9455630932832e-08 0.35820895522388
23 9 1 5.0056879498638 0.065113028471807 0.064658009951297 2194.2444274112 0.28443812886141 4093.5464108448 0.0 0.0 4093.5464108448 0.0
24 6 1 5.1057213669427 0.065372470954402 0.064916032182892 2194.2468381679 0.2844762036575 0.0 0.0
25 13 1 5.2057626015181 0.065318116340389 0.06485920085047 2194.2430524817 0.28448519757457 3.515121378988 572669464.0 469905675.0 360286.0 1664048.0 0.062913429587019 0.62457948692022 82.055304942888 17.257202140605
26 7 1 5.3058019116194 0.065176263392069 0.06470264660544 2194.2421330284 0.28445911192954 82.404927063128 17.595072936872 1.4411216429301
27 12 1 5.4058381066822 0.065317742137096 0.064855633234323 2194.240095707 0.28444621712 2928115.0 0.13240600181345 0.099722859245624 98.376464039151 2.0453516421066 0.0027081683323392 0.0020396831391361 2.0121446226712
1 7 1 5.5058772111076 0.065074454726477 0.064618978192009 2194.242900689 0.28445308046575 93.806355118989 6.1936448810106 4.7795613234955
2 10 1 5.6059124593363 0.065170969276222 0.064713132452213 2194.2436651205 0.28444711265352 1.1234450064672 7.3216e-05 0.15516111103306 1.0112e-05 1.2786061175003 8.3328e-05
3 5 1 5.705944748369 0.064995588437638 0.064541861507432 2194.2452691005 0.28445268370962 572.22837979576
4 6 1 5.805979762834 0.065109031835661 0.064654417871497 2194.2392251713 0.28444345382925 0.0 0.0
5 7 1 5.9060129968886 0.064949766202358 0.064490598827414 2194.2406245166 0.28448018479764 3.4104753235174e-05 2.6079164989981e-06 0.07646783077464
6 8 1 6.0060502321096 0.065046012557974 0.064592504441559 2194.2443351209 0.2844520343716 2.0436387568542 0.0054643516387921 0.0040496940524176 99.584303183859
7 7 1 6.1060865014694 0.065108632262652 0.064651680660479 2194.2391316494 0.28446111380322 45.0 8.9698082533059e-08 38.244444444444
8 10 1 6.2061183157261 0.064938834573452 0.064483156893389 2194.2397481352 0.28444977007494 498.48852712909 0.032371264 0.035479540326428 2.304e-06 498.52400666942 0.032373568
9 19 1 6.3061555301077 0.065095674680805 0.064643620339655 2194.2425808053 0.28444239482226 0.55914306640625 8.5895578953286 0.04241943359375 0.65164749888149 0.00010753402640535 0.0 0.0 0.00010753402640535 499.40915674365 0.032509376 0.16812176928288 1.0944e-05 499.57727851293 0.03252032 2.1525003444001e-07
10 9 1 6.4061949344394 0.064952243373798 0.064488081789279 2194.2494320665 0.28444529260251 0.00010777148927274 0.0 0.0 0.00010777148927274 0.0
11 7 1 6.5062294985919 0.065090588959044 0.064634533451442 2194.2421240649 0.28443428912474 470264703.0 602496645.0 602187148.0
12 10 1 6.6062657570789 0.064900728355724 0.064447625248685 2194.2403025811 0.28444290138379 44.0 8.7976851530825e-08 36.886363636364 1.0 1.9994738984278e-09 59.0
13 9 1 6.7063090792194 0.064843016784804 0.064385695509644 2194.2392263318 0.0 0.28451026634869 0.55780029296875 8.6023186555298 0.04473876953125 0.68995509076522
14 10 1 6.8063509715952 0.064537845391237 0.064086193341281 2194.2393484696 0.28445167556754 1.3615576948271 8.7872e-05 0.44525812452831 2.8736e-05 2.4652821772325 0.000159104
15 19 1 6.9063891572745 0.065204780763654 0.064751914138599 2194.2409268994 0.28444904427685 0.53692626953125 8.2344616950317 0.04241943359375 0.65055710788303 4093.5660065708 0.0 0.0 4093.5660065708 498.13279976711 0.03248064 0.040242448011767 2.624e-06 498.17304221513 0.032483264 8.2171568103501
16 13 1 7.0064308050139 0.065115458528062 0.064659080462657 2194.2413880279 0.28444551838057 210.0 0.53619384765625 8.2345092820804 0.263916015625 4.0530470274007 0.0 0.0 0.04248046875 0.65238684807376
17 9 1 7.1064697155422 0.065326202030928 0.064860127751122 2194.2421723066 0.28450667215797 0.13564606127689 1.4009780515923e-06 1.0328188215745e-05 3480.0 6.9154661270086e-06
18 8 1 7.2065032150727 0.065106470400524 0.064655207503871 2194.2435262237 0.28447672003048 0.066800859823762 0.00013306814346114 0.001992012435352 14.969867193899
19 5 1 7.3065387287774 0.065100900842059 0.064645425666683 2194.2419818496 0.28450538243982 6.2417879666438
20 6 1 7.4065720244442 0.065214922307156 0.064751670408124 2194.2424954544 0.28447677046177 1.0 8.0
21 7 1 7.5066067399089 0.065065522774736 0.064612710966386 2194.2397093122 0.28448184686464 97.920227957183 2.079772042817 2.8390631655014
22 7 1 7.606645352343 0.06522263288834 0.064765613331573 2194.2432421145 0.28454021489507 3.3986283391335e-07 2.1220703776053e-07 0.62439024390244
23 9 1 7.7066818645272 0.064952992686447 0.064499439266969 2194.238336299 0.28449036246463 4092.8168049672 0.0 0.0 4092.8168049672 0.0
24 6 1 7.8067142006751 0.065043501862268 0.064592747265972 2194.2413244773 0.28448515513876 0.0 0.0
25 13 1 7.9067525113909 0.064920738718292 0.064463786663089 2194.2390033178 0.28451247279108 3.5147843965854 569178184.0 466996421.0 353281.0 1667556.0 0.062068612243227 0.62887441940326 82.047491300194 17.26156566816
26 7 1 8.0067910232522 0.064977187239838 0.064521701644759 2194.2430346913 0.28448876644744 82.398743708722 17.601256291278 1.4416262550834
27 12 1 8.1068283798855 0.064997704996703 0.064546202899881 2194.2407415476 0.28448965256651 2963057.0 0.11980869757146 0.089434661567429 98.415049052381 2.0796816776789 0.0024916395316594 0.0018599562701119 2.046719743221
1 7 1 8.2068718180018 0.064862123804312 0.064397688589297 2194.2398900523 0.28460146207382 93.75867349111 6.2413265088902 4.8074627625909
2 10 1 8.306911747849 0.06486802316907 0.06441246463606 2194.2422060426 0.28449532867832 1.1573036502798 7.5072e-05 0.2259356657409 1.4656e-05 1.3832393160207 8.9728e-05
3 5 1 8.4069448015974 0.064770719439982 0.064308676679682 2194.242110463 0.28447639608452 572.22699608394
4 6 1 8.5069800262686 0.064926122534202 0.064471750941422 2194.2421467774 0.28450144069409 0.0 0.0
5 7 1 8.607014855897 0.064753320345918 0.064299102330519 2194.2391550288 0.28448552452716 1.673667940364e-05 2.3812185786257e-06 0.1422754491018
6 8 1 8.7070510174355 0.064917599216082 0.064466886751635 2194.2387566576 0.28448131585738 2.0763093183862 0.00412083117474 0.0025734112827247 99.584684306911
7 7 1 8.8070876727774 0.064637088997448 0.064183226611088 2194.2450663192 0.28450123751846 52.0 1.044223627695e-07 37.673076923077
8 10 1 8.9071190702458 0.064598980967597 0.06414496772204 2194.2402042102 0.28447905576712 502.55554365918 0.032464576 0.087184037822903 5.632e-06 502.642727697 0.032470208
9 19 1 9.0071555099451 0.064768590196059 0.06431837878348 2194.2423562127 0.28448386355007 0.53570556640625 8.2710703565514 0.04248046875 0.65588070732139 0.00010807707839264 0.0 0.0 0.00010807707839264 507.00822575567 0.032838208 1.0118484870771 6.5536e-05 508.02007424275 0.032903744 2.1274174756526e-07
10 9 1 9.10719513898 0.06511060475798 0.064654855046047 2194.2400010939 0.28450736329398 0.00010750936849718 0.0 0.0 0.00010750936849718 0.0
11 7 1 9.2072313068609 0.065060946259394 0.064604434549955 2194.238635463 0.28448532489381 469974932.0 602111134.0 601798747.0
12 10 1 9.3072664536108 0.06494363397986 0.064475903420102 2194.2396453088 0.28449572332468 49.0 9.7949437129262e-08 36.428571428571 1.0 1.9989681046788e-09 59.0
13 9 1 9.4073050343328 0.065187071796645 0.064723546267118 2194.2427547105 0.0 0.28448510471975 0.541015625 8.2994313149658 0.04241943359375 0.65073384069282
14 10 1 9.5073414377896 0.064992461620285 0.064538288454917 2194.2407044508 0.28447754226608 1.2781790061337 8.3072e-05 0.41161696807696 2.6752e-05 2.3416869619306 0.000152192
15 19 1 9.6073785090136 0.065111787167903 0.064659509029625 2194.2432777625 0.28448261026475 0.541259765625 8.3127769819812 0.04254150390625 0.65336102350484 4093.0792655523 0.0 0.0 4093.0792655523 509.90214589543 0.03320064 1.7702478309 0.000115264 511.67239372633 0.033315904 7.9994139135471
16 13 1 9.7074240872466 0.064794653953796 0.064330112276586 2194.2412316908 0.28458681931671 211.0 0.62591552734375 9.6599871926174 0.350830078125 5.4144911148869 0.0 0.0 0.046630859375 0.71967140079568
17 9 1 9.8074685890788 0.064805914482934 0.064352387339233 2194.2393105137 0.28448569008839 0.13564529173454 1.4099248999697e-06 1.0394204486868e-05 3660.0 7.330007292456e-06
18 8 1 9.9075018983365 0.064812416378419 0.064361806751923 2194.2412187928 0.28449571728828 0.06680086699145 0.00013305288557332 0.0019917838130805 14.969865587643
19 5 1 10.007537271602 0.064999005194588 0.064545273734076 2194.2443659192 0.28448076300762 6.2404746939631
20 6 1 10.107569916716 0.065095610350457 0.064641283154677 2194.2434088511 0.28448721074604 1.0 8.0
21 7 1 10.207605022694 0.065062672306063 0.064609474062593 2194.2409372704 0.28449261504695 97.91715986123 2.0828401387697 2.8384497042551
22 7 1 10.307642430066 0.065123145551654 0.064666575401265 2194.2370312413 0.28448065103935 1.4110518866073e-07 6.6402441722698e-09 0.047058823529412
23 9 1 10.407676146145 0.06495570543381 0.064490642771384 2194.2435293388 0.2844854714158 4092.1578208531 0.0 0.0 4092.1578208531 0.0
24 6 1 10.507709571379 0.065130565287179 0.064678167548818 2194.2395519475 0.2844821375583 0.0 0.0
25 13 1 10.607747300403 0.064984970305922 0.064528707310295 2194.2417547401 0.28447686200842 3.515224376914 569751396.0 467524801.0 349539.0 1666732.0 0.061349388953494 0.62780714976958 82.057684155284 17.253159305993
26 7 1 10.707784066285 0.065130785460062 0.06467362365168 2194.2371996281 0.28448189432976 82.400128648724 17.599871351276 1.4420196811199
27 12 1 10.807819871741 0.064961340228685 0.064509820010639 2194.23911733 0.28448366317377 2960788.0 0.12162302738325 0.089739623370535 98.440111213636 2.0792611553466 0.0025288603643365 0.0018659211296979 2.0468269937452
1 7 1 10.907858654515 0.064968610464105 0.064514363454746 2194.2358235214 0.28448935852357 93.795614371727 6.2043856282733 4.7608221947537
2 10 1 11.00789135943 0.064566294808229 0.06411562356957 2194.236995717 0.28448919926016 1.0715188196177 6.9184e-05 0.12092996854149 7.808e-06 1.1924487881592 7.6992e-05
3 5 1 11.107923645744 0.064978877950119 0.064519251655155 2194.2372098707 0.28448573890381 572.22780374333
4 6 1 11.20796169642 0.065046268067245 0.064585374645632 2194.2399892568 0.28449777145903 0.0 0.0
5 7 1 11.307998773081 0.064801362431245 0.064347055168813 2194.2411477736 0.28445320519761 1.4807752950125e-05 2.3511363218078e-06 0.1587773870706
6 8 1 11.408034550449 0.064982489510237 0.064524209622281 2194.2423774609 0.2844381502651 2.0438422323106 0.0046002216096379 0.0028491604535883 99.585072929626
7 7 1 11.50809003918 0.064734139029388 0.06426335549627 2194.239436425 0.28783452638502 48.0 9.7397606565826e-08 96.645833333333
8 10 1 11.608130886867 0.064753811431112 0.064297601893099 2194.2402646404 0.28445282019456 519.16511564364 0.03361792 1.8393357451508 0.000119104 521.0044513888 0.033737024
9 19 1 11.708168055946 0.064741625813445 0.064289509407101 2194.2398069758 0.28444947572586 0.52947998046875 8.1783547109933 0.04180908203125 0.64578362847612 0.00010812209165353 0.0 0.0 0.00010812209165353 503.70214819702 0.032610496 0.11467120120512 7.424e-06 503.81681939823 0.03261792 2.14605958933e-07
10 9 1 11.808207061611 0.064973908204197 0.064519792120687 2194.2372731665 0.28444726506632 0.00010773555406273 0.0 0.0 0.00010773555406273 0.0
11 7 1 11.908241054039 0.064762279479496 0.064309340822573 2194.2393256281 0.28443849011494 467890804.0 599458074.0 599148574.0
12 10 1 12.008276175419 0.064892577428775 0.064439604341525 2194.2394617722 0.2844433089469 46.0 9.1987379515505e-08 37.847826086957 1.0 1.9997256416414e-09 59.0
13 9 1 12.108314639259 0.065105062381352 0.064648282930815 2194.2377126647 0.0 0.28444456013439 0.5628662109375 8.6455060535926 0.04254150390625 0.65342851001454
14 10 1 12.208351284634 0.064950330678513 0.064497367557935 2194.2383311039 0.28444146826025 1.3085691652701 8.4992e-05 0.40203028571552 2.6112e-05 2.3727669803994 0.000154112
15 19 1 12.308388663919 0.065008621222568 0.064557635127624 2194.2378308105 0.28444721782158 0.53863525390625 8.2855972604333 0.04241943359375 0.65252012419276 4093.6248299882 0.0 0.0 4093.6248299882 503.66045893977 0.032742272 0.38788701445719 2.5216e-05 504.04834595423 0.032767488 8.1214924378701
16 13 1 12.408430135882 0.064899070263648 0.064435352649138 2194.2399969493 0.28443728028868 211.0 0.52899169921875 8.1509904081793 0.2642822265625 4.072203584564 0.0 0.0 0.04180908203125 0.6442169643017
17 9 1 12.508467741682 0.064966748508249 0.064510536252052 2194.2367040546 0.2844431973756 0.13564713610711 1.3842855733916e-06 1.0205048282764e-05 3517.0 7.0252992231146e-06
18 8 1 12.608500780934 0.064892746862228 0.06443960071728 2194.2351060425 0.28443881365233 0.066800866941003 0.00013306964726359 0.0019920347348353 14.969865598948
19 5 1 12.708536252054 0.064878778116033 0.064425579872563 2194.2387553651 0.284436615252 6.1961736835792
20 6 1 12.808572784171 0.064763954786736 0.064309580022742 2194.236178102 0.28449321155946 1.0 8.0
21 7 1 12.908611011529 0.064642866043938 0.064191421028976 2194.2390947522 0.28444270481251 97.950941066827 2.049058933173 2.8175872847662
22 7 1 13.008647987617 0.064726073272196 0.064270928809176 2194.2377287814 0.28444161611155 1.5364469687229e-07 1.1690357370718e-08 0.076086956521739
23 9 1 13.10868280003 0.065327774953248 0.064868863087573 2194.2321374192 0.28444615787786 4093.2801123469 0.0 0.0 4093.2801123469 0.0
24 6 1 13.208716189927 0.065275641095344 0.064822618627754 2194.2388973069 0.28444433778606 0.0 0.0
25 13 1 13.30875330736 0.065241092074059 0.064770108301404 2194.2411259886 0.28445937666514 3.5154404531272 571882828.0 469304600.0 348451.0 1667452.0 0.060930488369201 0.62573272439647 82.063069045325 17.250267741909
26 7 1 13.408789946393 0.065384640262966 0.064917345518664 2194.2380144442 0.28444235900955 82.408958615593 17.591041384407 1.4404923886603
27 12 1 13.508825640404 0.065183582554796 0.06472954303346 2194.2395810735 0.2844310606601 2899341.0 0.13358207951393 0.10040212586239 98.371250570388 2.0291974802977 0.002710644191626 0.002037357408165 1.9961469379117
1 7 1 13.608870299891 0.065371970808595 0.064906552064098 2194.2344909921 0.28459209887353 93.762145395628 6.2378546043719 4.8178315614584
2 10 1 13.708914411211 0.065111547061673 0.064653822589259 2194.2358955425 0.28444462875832 1.1077605010933 7.2128e-05 0.19363692876254 1.2608e-05 1.3013974298559 8.4736e-05
3 5 1 13.808946170197 0.065337965424056 0.064882227037888 2194.2385254264 0.28443534014789 572.23110107872
4 6 1 13.908977773342 0.065157348457544 0.064699416044075 2194.2379540528 0.28444537815804 0.0 0.0
5 7 1 14.009005802981 0.077061092283848 0.076523289212602 2194.2347265733 0.28444243284675 1.4183882162092e-05 2.0897777232763e-06 0.14733467885551
6 8 1 14.109033153074 0.064997820066481 0.064546540407694 2194.236722188 0.28443912924692 2.0354061810572 0.0042020754574979 0.0026312979606079 99.582863822582
7 7 1 14.209064718163 0.06479948688447 0.064345696076948 2194.2357739181 0.28444347681964 42.0 8.4111102186656e-08 40.952380952381
8 10 1 14.309096572287 0.07693072184967 0.076381081541305 2194.2366393457 0.28455679188201 794.5658968266 0.061126528 167.04067882154 0.01285056 961.60657564814 0.073977088
9 19 1 14.409120802811 0.064639884196385 0.064176859265697 2194.2355972368 0.28446819089205 0.540283203125 8.3583566066354 0.04254150390625 0.65813088057217 0.0001082922732153 0.0 0.0 0.0001082922732153 508.20487085336 0.032850304 0.8415856661303 5.44e-05 509.04645651949 0.032904704 2.1273554079076e-07
10 9 1 14.509151891312 0.06490157824117 0.064447412324292 2194.2358743685 0.28444117507372 0.00010785562061355 0.0 0.0 0.00010785562061355 0.0
11 7 1 14.609178694144 0.064792793810063 0.06432602865856 2194.237608242 0.28444429601598 468004391.0 599600694.0 599291805.0
12 10 1 14.709207627126 0.064795434978588 0.064342943009859 2194.2365519652 0.28444703810254 47.0 9.4129534476279e-08 33.617021276596 1.0 2.0027560526868e-09 59.0
13 9 1 14.809238873282 0.064674736748187 0.064220105568861 2194.2353328151 0.0 0.2844416792861 0.53765869140625 8.3132722054926 0.04241943359375 0.65588877089537
14 10 1 14.909265930717 0.076907768600182 0.076371307405638 2194.2331717686 0.28443697019658 1.2257799402566 9.4272e-05 0.41025764463443 3.1552e-05 2.2584974595088 0.000173696
15 19 1 15.009294841954 0.06462701540854 0.0641765915246 2194.2349423282 0.28444620297282 0.5576171875 8.6282367207432 0.0426025390625 0.65920635191317 4093.5063197277 0.0 0.0 4093.5063197277 516.11060466197 0.033354688 2.3499770032693 0.000151872 518.46058166524 0.03350656 7.8955015376094
16 13 1 15.109326518489 0.064757981124956 0.064296734339458 2194.2361082558 0.28448288061554 211.0 0.53857421875 8.3167234276618 0.26531982421875 4.0970984519544 0.0 0.0 0.04248046875 0.65598815793887
17 9 1 15.209352992421 0.076987714007962 0.07645121747703 2194.2352519787 0.28444888012904 0.13564893915913 1.2034986088871e-06 8.8721564381369e-06 3436.0 5.7916263587339e-06
18 8 1 15.309381871945 0.064775751704129 0.064323898508576 2194.2384360762 0.28444558414832 0.066800866591465 0.00013306777127989 0.0019920066620347 14.969865677278
19 5 1 15.40941322411 0.065003143176288 0.064541915871106 2194.2372575122 0.28444210606169 6.2050468464693
20 6 1 15.509440356749 0.076876583784295 0.07634265004759 2194.2394969952 0.28442930908215 1.0 8.0
21 7 1 15.609469070464 0.065099808132199 0.064645546625859 2194.2376498241 0.28444703831182 97.951412780289 2.0485872197109 2.8191961099731
22 7 1 15.709500759684 0.064933191624026 0.064477065896678 2194.2383171757 0.28444218319838 1.4150078152713e-07 6.658860307159e-09 0.047058823529412
23 9 1 15.809532052049 0.077061034295928 0.076513158541836 2194.234110214 0.2845273150618 4091.7689320017 0.0 0.0 4091.7689320017 0.0
24 6 1 15.909556632313 0.064700167169115 0.064248641061671 2194.2420485678 0.28446924835856 0.0 0.0
25 13 1 16.00958771719 0.065074219150553 0.064619075140562 2194.239158425 0.2844382842379 3.5157011394556 570549292.0 468243024.0 350807.0 1656612.0 0.061485835653267 0.62399902163054 82.068811681218 17.245703461499
26 7 1 16.109614154879 0.07715517134097 0.07661853165236 2194.2356964855 0.28443326772315 82.410978441969 17.589021558031 1.4409686717856
27 12 1 16.209643318001 0.064960149664211 0.064506493859813 2194.2330834875 0.28444677943518 2911993.0 0.13440966375949 0.098283203290667 98.388492005304 2.0450995252324 0.0027488113954118 0.0020099893238806 2.0121425828838
1 7 1 16.309674849566 0.065147099092755 0.064690782186483 2194.2374050842 0.28444286835405 93.810030821257 6.1899691787435 4.7798914777477
2 10 1 16.409701526456 0.076943598792066 0.076398006765338 2194.2348722877 0.28443307168377 1.0022926040724 7.712e-05 0.084841365655919 6.528e-06 1.0871339697283 8.3648e-05
3 5 1 16.509730503835 0.065034266380011 0.064582139553961 2194.2356486726 0.28445147822827 572.22708477577
4 6 1 16.609761961103 0.064865850434207 0.064408850810789 2194.2348316026 0.28444882876733 0.0 0.0
5 7 1 16.709788767559 0.076831155685656 0.076295668053919 2194.2371406141 0.28443549167804 1.0339625049222e-05 2.0537380038963e-06 0.19862789937929
6 8 1 16.809817669735 0.064718018387739 0.064267676955372 2194.237038194 0.28444851581983 2.0460122622841 0.0044571591160408 0.002802730451586 99.584782109771
7 7 1 16.90984934174 0.064922489228615 0.06444877277525 2194.2356437162 0.2844445621454 54.0 1.079702984506e-07 37.37037037037
8 10 1 17.009875925305 0.076647750768697 0.076111700925959 2194.2379595056 0.28443736230488 506.30370246753 0.03880704 0.56278233304162 4.3136e-05 506.86648480057 0.038850176
9 19 1 17.109904976075 0.064824567565758 0.064370885938616 2194.2385905043 0.28450559205903 0.53680419921875 8.2808758990056 0.04241943359375 0.65437279702205 0.00010798375157534 0.0 0.0 0.00010798375157534 503.471341585 0.032637312 0.10860080158435 7.04e-06 503.57994238659 0.032644352 2.1443219335461e-07
10 9 1 17.20993804432 0.064886881927797 0.064431613787416 2194.2354215916 0.28449679885132 0.00010788004897183 0.0 0.0 0.00010788004897183 0.0
11 7 1 17.309966015065 0.076794344229445 0.076239022464052 2194.2392586556 0.28455923577434 554475268.0 710365529.0 709994434.0
12 10 1 17.40999206496 0.064933465254522 0.064475468510705 2194.2375343286 0.28448423920314 47.0 9.3948342128287e-08 35.808510638298 2.0 3.9978017926931e-09 38.0
13 9 1 17.510023354607 0.064874133646097 0.064418576019149 2194.2386875239 0.0 0.28449133253452 0.5386962890625 8.303714574459 0.04241943359375 0.65387283358815
14 10 1 17.610050252576 0.077113331244856 0.076575797273799 2194.2375281845 0.28448797188863 1.2416011402229 9.5744e-05 0.39837469739772 3.072e-05 2.2184490961336 0.000171072
15 19 1 17.710078976257 0.064927076616692 0.064475138704412 2194.2390002272 0.28448150795192 0.5377197265625 8.2819026295766 0.04248046875 0.65427970830707 4093.0352612192 0.0 0.0 4093.0352612192 502.6143436683 0.03263328 0.13800097689438 8.96e-06 502.75234464519 0.03264224 8.1412554408031
16 13 1 17.810114843326 0.065009179356294 0.064548612569759 2194.2353344416 0.28462721976782 211.0 0.5897216796875 9.0713601606233 0.31591796875 4.8595901667757 0.0 0.0 0.045654296875 0.70227462224656
17 9 1 17.910138380713 0.076962832660148 0.076424127151903 2194.2377916591 0.28449342687031 0.13564301881513 1.1265378039973e-06 8.305166117931e-06 4281.0 7.2196232618447e-06
18 8 1 18.010166444782 0.065142539792577 0.064686121860476 2194.2339144516 0.28450700004512 0.066800860977211 0.00013305855659442 0.0019918688868368 14.969866935415
19 5 1 18.110197954602 0.065156066380885 0.064697910623319 2194.2374826171 0.28449238975262 6.24184664985
20 6 1 18.210224436689 0.077096616227032 0.076561393165177 2194.2367396668 0.28448473015309 1.0 8.0
21 7 1 18.310253470243 0.065254499968344 0.064799883285995 2194.2336361484 0.28448276775927 97.918323339597 2.0816766604027 2.8420227758428
22 7 1 18.410285052548 0.064959725627549 0.064491702410009 2194.2330639913 0.284487017713 1.5813696333281e-07 6.6583984561185e-09 0.042105263157895
23 9 1 18.510311709504 0.0770609554686 0.076523827412981 2194.2359029964 0.2844693310199 4093.1776420619 0.0 0.0 4093.1776420619 0.0
24 6 1 18.610340456744 0.064907248372434 0.064452311850468 2194.2376477324 0.28448673422579 0.0 0.0
25 13 1 18.710371768136 0.065008941062187 0.064553832388584 2194.2367258582 0.28448233323681 3.515156771326 569973236.0 467697812.0 348150.0 1668508.0 0.061081815427558 0.62844915756711 82.056100613117 17.254368413888
26 7 1 18.810400154763 0.076869655133964 0.07633119018498 2194.2387822007 0.28449619200571 82.39581315782 17.60418684218 1.4422651562034
27 12 1 18.91042942933 0.064967898299968 0.064509473442213 2194.2400123072 0.28454620999612 2983359.0 0.84361285383355 0.78927812576361 98.302316281748 2.0951232600622 0.017674729125541 0.016536349599456 2.0595546935988
1 7 1 19.010459204043 0.064626939299396 0.064172758885539 2194.2370581976 0.28449097667628 93.794813299826 6.2051867001745 4.7751961736629
2 10 1 19.110486121039 0.076939546886184 0.076396331458098 2194.2367333808 0.28447285223844 1.0522547022504 8.096e-05 0.16802802360046 1.2928e-05 1.2202827258508 9.3888e-05
3 5 1 19.21051474596 0.064750427292367 0.064299684927899 2194.2364147487 0.28444283287518 572.22310060496
4 6 1 19.310546154301 0.064668368949766 0.064213994185772 2194.2360304183 0.28444270716321 0.0 0.0
5 7 1 19.410573226233 0.077082217101746 0.076535779719877 2194.2364808479 0.28443849052479 1.2757004241429e-05 2.1567536535925e-06 0.16906427345915
6 8 1 19.510602016963 0.06488391185904 0.064432257090899 2194.2375761968 0.28444519725867 2.0471225480981 0.0043114798374791 0.0026999482348206 99.584738821035
7 7 1 19.610633320201 0.065092977336483 0.064637469542902 2194.2349042744 0.28444604449996 43.0 8.5725803958619e-08 40.604651162791
8 10 1 19.71066022723 0.07694555407223 0.07640935835363 2194.2408061446 0.28444443574226 502.99836639903 0.038703488 0.14056692593112 1.0816e-05 503.13893332496 0.038714304
9 19 1 19.810689017054 0.065056772035244 0.064603441959863 2194.2358807506 0.2844398229936 0.537353515625 8.2597629549449 0.04241943359375 0.65203717102302 0.00010759832959754 0.0 0.0 0.00010759832959754 500.90404089441 0.0325872 0.025577660064329 1.664e-06 500.92961855447 0.032588864 2.1479730008386e-07
10 9 1 19.910720827687 0.06494286926417 0.064485367682823 2194.237436892 0.28444422453233 0.00010778704543413 0.0 0.0 0.00010778704543413 0.0
11 7 1 20.010747566188 0.077080261821582 0.0765451212113 2194.2346643943 0.28443740103582 556916843.0 713515925.0 713147795.0
