1 7 2 0.10063312040823 0.10064612408408 0.10064612408408 0.0014386666053273 2.5326642423434e-05 1516.6753521614 1593.9412882653 1.4303005169962 4.160479131017 32.622869434669 11.562740294344 67.377130565331 88.437259705656 9.7370295894599 17.668810289389
2 10 2 0.2008660997032 0.053539173345692 0.053539173345692 0.0 0.0001320933791574 - 2087.0112259409 - 3.4893522838753 0.0 14.033836405142 0.0 0.00075136 0.0 3.5479068526799 0.0 0.000189952 0.0 17.581743257822 0.0 0.000941312
3 5 2 0.30113163347784 0.055815977856193 0.055815977856193 0.0 8.8428800149773e-06 - 2179.5260569954 - 7.4608330149026 - 1.728
4 6 2 0.40138610923668 0.057246533468525 0.057246533468525 0.0 0.0 - - - - 0.0 0.0 0.0 0.0
5 7 2 0.50163504330641 0.057444220863326 0.057444220863326 0.0 0.0 - - - - - - - - - -
6 8 2 0.60192280996095 0.057336247599966 0.057336247599966 0.0 0.0 - - - - - - - - - - - -
7 7 2 0.70218370060084 0.056977818612162 0.056977818612162 0.0 0.0 - - - - 0.0 0.0 - - - -
8 10 2 0.80239562365112 0.056801308839359 0.056801308839359 0.0 7.213344430143e-06 - 2196.818689449 - 6.0859763087505 542.63200320206 0.0 0.030822208 0.0 9.5535826742074 0.0 0.000542656 0.0 552.18558587627 0.0 0.031364864 0.0
9 19 2 0.90270114400074 0.056820250945056 0.056820250945056 0.0 0.0 - - - - 0.70269775390625 0.0 12.367030103154 0.0 0.03662109375 0.0 0.64450777919675 0.0 0.0 0.0 0.0 0.0 0.0 0.0 0.0 0.0 506.65767083355 0.0 0.028788416 0.0 0.78507221031345 0.0 4.4608e-05 0.0 507.44274304386 0.0 0.028833024 0.0 0.0 0.0
10 9 2 1.0029906008795 0.051109992312297 0.051109992312297 0.0 0.0 - - - - 0.0 0.0 0.0 0.0 0.0 0.0 0.0 0.0 - -
11 7 2 1.103257808574 0.048982357789965 0.048982357789965 0.04736881049461 0.023560191881945 2194.8603716447 2194.8683084412 1.0882891032762 0.56817273723989 93605445.0 85887596.0 115777438.0 109893753.0 117551541.0 109968260.0
12 10 2 1.2034982263049 0.056268842009051 0.056268842009051 0.055889552882524 0.055901922497836 2194.8740126414 2194.8669282949 0.56795637785281 0.56798437711179 0.0 0.0 0.0 0.0 - - 0.0 0.0 0.0 0.0 - -
13 9 2 1.3037183577217 0.050521765292403 0.050521765292403 0.050174851749879 0.050178558286629 2194.8723392024 2194.867788532 0.0 0.0 0.56821709518009 0.56833702044628 0.83599853515625 0.0 16.547294622778 0.0 0.038330078125 0.0 0.75868445813717 0.0
14 10 2 1.4039432373462 0.055606092948226 0.055606092948226 0.055233513088 0.055241184767619 2194.8723894234 2194.8678144742 0.56801327874244 0.56803972256654 1.2188592365787 1.2476330618048 6.7776e-05 6.9376e-05 0.42815451936476 0.41089022422909 2.3808e-05 2.2848e-05 1.684995205242 1.6942028293143 9.3696e-05 9.4208e-05
15 19 2 1.5041846795378 0.05501485142337 0.05501485142337 0.054648345863105 0.054657921083042 2194.8742247911 2194.8678673194 0.5679768435884 0.56800592904502 0.8717041015625 0.0 15.84488695342 0.0 0.03607177734375 0.0 0.65567344835956 0.0 2043.1578581388 2043.4112079097 0.0 0.0 0.0 0.0 2043.1578581388 2043.4112079097 508.99419475856 0.0 0.02800224 0.0 1.6833272762536 0.0 9.2608e-05 0.0 510.67752203481 0.0 0.028094848 0.0 4.0008768155642 4.0013729207576
16 13 2 1.6044000328556 0.054770462752481 0.054770462752481 0.054404687267635 0.054413283316941 2194.8730055255 2194.8655496752 0.56795760340201 0.56801048220647 210.0 210.0 0.8731689453125 0.0 15.942332809174 0.0 0.22747802734375 0.0 4.1532975241011 0.0 0.0 0.0 0.0 0.0 0.035888671875 0.0 0.65525595496953 0.0
17 9 2 1.7046238825846 0.054472028572862 0.054472028572862 0.054107502640178 0.054117014454061 2194.869594346 2194.8740415497 0.56799355059086 0.56801317388733 0.13789287596539 0.13788343273574 1.6640127485817e-07 1.5687047397487e-07 1.2067430872929e-06 1.1377035722306e-06 231.0 183.0 1.0982484140639e-06 8.6991808295154e-07
18 8 2 1.8048415148971 0.04177243094614 0.04177243094614 0.041488850540522 0.041497565702629 2194.8719752742 2194.868499122 0.56805934525629 0.56806119415523 0.066931288062799 0.066931293280168 0.00026457385477521 0.0002645749487977 0.0039529174237162 0.0039529334610376 14.94069558413 14.940694419486
19 5 2 1.9050477920912 0.054409852596423 0.054409852596423 0.054049939001258 0.054049442622437 2194.8699630118 2194.8699894852 0.56795951227769 0.56801818774834 6.2480116339611 6.2444520252801
20 6 2 2.0052535366744 0.05446100044849 0.05446100044849 0.054095803770336 0.054102988582042 2194.8705182013 2194.8696201872 0.56802467701722 0.5680307227813 0.0 0.0 - -
21 7 2 2.1054834000147 0.054289451746503 0.054289451746503 0.053928477458636 0.053932280010268 2194.8691341418 2194.8704935483 0.56796978493904 0.56799490492099 90.932038367263 90.94652027655 9.0679616327368 9.0534797234497 1.1978692610419 1.1947485014479
22 7 2 2.2057077325356 0.053980715894729 0.053980715894729 0.053612786868552 0.053630360309286 2194.8677106357 2194.8681897137 0.56799457937561 0.56798571148617 4.7939151984925e-08 2.3961344696128e-08 1.1984787996231e-08 1.1980672348064e-08 0.25 0.5
23 9 2 2.3059279500035 0.054116336009183 0.054116336009183 0.053756630295295 0.053765300620263 2194.8674899439 2194.8646681579 0.56799526723246 0.56799829334443 2043.1222465105 2043.4414107643 0.0 0.0 0.0 0.0 2043.1222465105 2043.4414107643 0.0 0.0
24 6 2 2.406130769756 0.053742570908546 0.053742570908546 0.053388408695368 0.053389208970348 2194.8757952738 2194.8678284664 0.56797386952059 0.56801695744344 0.0 0.0 0.0 0.0
25 13 2 2.5063580361656 0.053666930203664 0.053666930203664 0.053316782499497 0.0533205506307 2194.8684743212 2194.8667275345 0.56795829442851 0.56796951734046 1.7606926596718 1.7606578688986 470891916.0 470925196.0 193623258.0 193633112.0 32453174.0 30584519.0 1372716.0 1371880.0 6.8918520147201 6.494559913078 0.46350190475557 0.46315657317261 41.118407732444 41.117594396032 51.52623834808 51.924689117717
26 7 2 2.6065980236411 0.053050683142758 0.053050683142758 0.052698448473616 0.052706930844925 2194.8690246172 2194.8721175049 0.5680738322696 0.56804801520584 41.294025888428 41.295511620428 58.705974111572 58.704488379572 1.5859561013153 1.5858324261328
27 12 2 2.7068309839142 0.053246085202216 0.053246085202216 0.052898206981878 0.052897111415847 2194.8721985548 2194.8731427034 0.5679564066686 0.56801272610045 10586966.0 10567800.0 0.014055018217684 0.0072484339219137 0.0110418792315 0.0027725732886694 98.090444420054 98.091381366036 9.0642788286945 9.048056801844 0.0012739860406747 0.00065584241849889 0.0010008667214709 0.00025086400603156 8.8911913865393 8.8753639037124
1 7 2 2.8070662041603 0.05295101969566 0.05295101969566 0.052602492016169 0.05260816414059 2194.8729756889 2194.8694228802 0.56798210239085 0.56800977647853 54.253691169908 54.269570585176 45.746308830092 45.730429414824 2.0457984137914 2.0413000015025
2 10 2 2.9072743645142 0.053090062831224 0.053090062831224 0.052736344913322 0.05274422673872 2194.8758310746 2194.8728895116 0.56796298049007 0.56799785342751 0.091617898729239 0.088001402726769 4.864e-06 4.672e-06 0.01084948800741 0.0084384906724299 5.76e-07 4.48e-07 0.10246738673665 0.096439893399199 5.44e-06 5.12e-06
3 5 2 3.0074746924088 0.052903076566717 0.052903076566717 0.052553184751266 0.052554893997319 2194.8704808727 2194.8674830514 0.56797097750908 0.56799814396379 287.28488697877 287.28580944099
4 6 2 3.1076719903999 0.053178792357229 0.053178792357229 0.05282013601353 0.052828731157035 2194.8689373333 2194.8681042383 0.56799759024807 0.56801516795636 0.0 0.0 0.0 0.0
5 7 2 3.2078666697209 0.052973456380728 0.052973456380728 0.052610399203989 0.052621537836055 2194.8728131658 2194.8726815779 0.56802125368128 0.56805716381305 3.4879311421269e-05 1.3396204164038e-05 7.7259655188007e-07 7.5781446913353e-07 0.022150567783541 0.056569343065693
6 8 2 3.3081293040273 0.040850417248384 0.040850417248384 0.040583297507253 0.040582956020363 2194.8762598357 2194.8712316423 0.56801486004388 0.56805042773834 9.0856945348293 9.058091169059 0.017162614787471 0.013823727046442 0.015152739682963 0.012137471167926 99.452431233535 99.443778845187
7 7 2 3.4083470685867 0.052118234620133 0.052118234620133 0.051769391721973 0.051774994552634 2194.8732811746 2194.8667336348 0.56797118984925 0.56801505630333 0.0 0.0 0.0 0.0 - -
8 10 2 3.5085270413265 0.052501548672486 0.052501548672486 0.052151318540447 0.052150138282044 2194.8732617244 2194.8723981603 0.56798455767801 0.56804533523852 508.45707745741 0.0 0.026694784 0.0 1.0751682841231 0.0 5.6448e-05 0.0 509.53224574153 0.0 0.026751232 0.0
9 19 2 3.6087575459737 0.051967844518327 0.051967844518327 0.051623483975275 0.051635525690709 2194.8738090164 2194.8698074231 0.56796978001622 0.56802058013034 0.848876953125 0.0 16.334657729082 0.0 0.03411865234375 0.0 0.65653391361494 0.0 0.0 0.0 0.0 0.0 0.0 0.0 0.0 0.0 511.92271387392 0.0 0.02660352 0.0 1.5160143879398 0.0 7.8784e-05 0.0 513.43872826186 0.0 0.026682304 0.0 0.0 0.0
10 9 2 3.7089759301009 0.05209961588531 0.05209961588531 0.051752845006411 0.051761702832138 2194.8724152114 2194.8721650733 0.56797447183572 0.56799784588041 0.0 0.0 0.0 0.0 0.0 0.0 0.0 0.0 - -
11 7 2 3.8091944999172 0.052328411195948 0.052328411195948 0.051981226818997 0.051983049743046 2194.8722434905 2194.8687659201 0.56802180900457 0.56806322462755 189543828.0 189534512.0 242506338.0 242512574.0 242688338.0 242679138.0
12 10 2 3.9094298967944 0.052083515276628 0.052083515276628 0.05174308907922 0.051746699148188 2194.8714651319 2194.8682311588 0.56796701754632 0.56800291676538 0.0 0.0 0.0 0.0 - - 0.0 0.0 0.0 0.0 - -
13 9 2 4.0096359366687 0.052472141850495 0.052472141850495 0.052119351925481 0.052133739212007 2194.8684111981 2194.8672915426 0.0 0.0 0.56797365717914 0.5679948962047 0.827392578125 0.0 15.768225746958 0.0 0.033935546875 0.0 0.64673454671796 0.0
14 10 2 4.1098566142834 0.052137098826965 0.052137098826965 0.051791802138818 0.051793834302845 2194.8733905336 2194.868235827 0.56795587710167 0.56800237491473 1.1121447357944 1.2140299599345 5.7984e-05 6.3296e-05 0.42718142169585 0.43822921708454 2.2272e-05 2.2848e-05 1.5528290185209 1.6571693083029 8.096e-05 8.64e-05
15 19 2 4.2100899450291 0.05173436712351 0.05173436712351 0.0513919386535 0.051401922389585 2194.8733208398 2194.8751614816 0.5679833297234 0.56802019314431 0.83251953125 0.0 16.092195141045 0.0 0.0340576171875 0.0 0.65831707395185 0.0 2043.2230232495 2043.487141683 0.0 0.0 0.0 0.0 2043.2230232495 2043.487141683 513.57118057651 0.0 0.02656928 0.0 1.3212107115724 0.0 6.8352e-05 0.0 514.89239128809 0.0 0.026637632 0.0 3.9682525083311 3.9687654668403
16 13 2 4.3103113635889 0.052192407927768 0.052192407927768 0.051828167322322 0.051859355854427 2194.873350063 2194.8698357964 0.5679893148484 0.56801307176703 210.0 210.0 0.82763671875 0.0 15.857415888828 0.0 0.220947265625 0.0 4.2333219408229 0.0 0.0 0.0 0.0 0.0 0.03411865234375 0.0 0.65370910633149 0.0
17 9 2 4.4105327015323 0.05206620904712 0.05206620904712 0.051721505658477 0.051722707656099 2194.8730535752 2194.869573868 0.56804615426467 0.56805858416106 0.13789495488079 0.13788605300491 4.47669662288e-08 2.4870503021343e-08 3.2464542497222e-07 1.8036996838583e-07 135.0 232.0 6.7150449343201e-07 1.1539913401903e-06
18 8 2 4.5107381888682 0.052254591150613 0.052254591150613 0.051908318009237 0.051913467486613 2194.8700315658 2194.8670996822 0.56798575495988 0.56800508855618 0.066931283081667 0.066931287643363 0.00026456884048076 0.00026457142313469 0.0039528428008461 0.0039528811180869 14.94069669604 14.940695677758
19 5 2 4.6109423383362 0.052361105168932 0.052361105168932 0.052010970145974 0.052018695267839 2194.872424539 2194.8698211029 0.56798483776006 0.5679975329451 6.2474809673086 6.2451911416258
20 6 2 4.7111428546374 0.052606967577674 0.052606967577674 0.05225804859225 0.052260382840833 2194.8746880515 2194.8700895619 0.56798107927275 0.56801763670286 0.0 0.0 - -
21 7 2 4.8113747161742 0.052147361549686 0.052147361549686 0.051800687591469 0.051807371948249 2194.8760660125 2194.8732276493 0.56808355902489 0.56811727261508 90.917174493426 90.930713705982 9.0828255065739 9.0692862940181 1.2009755990414 1.1979765161694
22 7 2 4.9115916446796 0.052234110089408 0.052234110089408 0.051883965555541 0.051887499084344 2194.8701184252 2194.8689117994 0.56794490263776 0.56800973715107 8.2553551405281e-08 4.5406543233134e-08 4.1276775702641e-08 4.1278675666486e-08 0.5 0.90909090909091
23 9 2 5.0118143576286 0.051728251156713 0.051728251156713 0.051385242068409 0.051391778326764 2194.8738906519 2194.8682424755 0.5680083029686 0.56803886432602 2043.1081205475 2043.2583092708 0.0 0.0 0.0 0.0 2043.1081205475 2043.2583092708 0.0 0.0
24 6 2 5.1120140070785 0.05194033716055 0.05194033716055 0.051592812202509 0.051601775101126 2194.8693706448 2194.8700659923 0.56798385735042 0.56801338968287 0.0 0.0 0.0 0.0
25 13 2 5.2122444274863 0.052061324063569 0.052061324063569 0.051716882904249 0.051720428661362 2194.8684678401 2194.8677763655 0.56794919414251 0.56799973861663 1.7607208713621 1.7605641904616 456761660.0 456792976.0 187816220.0 187812378.0 31491805.0 29660735.0 1330908.0 1331924.0 6.8945815198237 6.4932554917394 0.46371733564503 0.46379390912526 41.119086045882 41.115425995517 51.522615098649 51.927524603618
26 7 2 5.3124753578599 0.051876997230122 0.051876997230122 0.051537117230578 0.051541012173888 2194.8770174479 2194.8717907943 0.5679597418698 0.56803443063869 41.30157652071 41.295716403953 58.69842347929 58.704283596047 1.5854818917614 1.5857496617446
27 12 2 5.4127119685102 0.052270328533187 0.052270328533187 0.051923746060848 0.051932666839729 2194.8708811394 2194.8662905989 0.56796534942315 0.56800939100199 10383569.0 10358303.0 0.0074733456290414 0.0064778950760564 0.0042470946165042 0.0030700009451355 98.083587637353 98.090459412126 9.056978267941 9.0333882332389 0.0006768592895104 0.00058517341156204 0.00038465843643568 0.00027732510413819 8.8834092167319 8.8608920184649
1 7 2 5.5129473056045 0.052040125608154 0.052040125608154 0.051699359282557 0.051700159104636 2194.8736030377 2194.867115177 0.5679547332332 0.56798815683117 54.243529902742 54.25370747976 45.756470097258 45.74629252024 2.0471491637196 2.0422363793391
2 10 2 5.6131606924289 0.052396485747 0.052396485747 0.052048318576214 0.052053830373898 2194.8754221085 2194.866817429 0.56805608643646 0.56810049726492 0.22108352945528 0.21619770559991 1.1584e-05 1.1328e-05 0.014657471566096 0.012214559638413 7.68e-07 6.4e-07 0.23574100102138 0.22841226523833 1.2352e-05 1.1968e-05
3 5 2 5.7133626100038 0.051990518523196 0.051990518523196 0.05164347046926 0.051650521222452 2194.8730003046 2194.869882732 0.56796723615099 0.56800401067682 287.28358136695 287.28798962917
4 6 2 5.8135680919048 0.052382449458271 0.052382449458271 0.052036278672382 0.052037519166536 2194.8742285169 2194.8706465515 0.56797756465732 0.5680396476115 0.0 0.0 0.0 0.0
5 7 2 5.9137754895745 0.05115805319534 0.05115805319534 0.050818677273923 0.050823860265928 2194.8761046419 2194.8691904488 0.56796538957534 0.56800741405012 1.9811712902323e-05 1.121147561089e-05 4.2012574626797e-07 3.7455945607488e-07 0.021205927439959 0.033408577878104
6 8 2 6.0140014797107 0.052132334314916 0.052132334314916 0.051787021775255 0.051796281323624 2194.874419349 2194.8718854503 0.56796664472144 0.56798387332357 9.0805461398971 9.0472848482595 0.00084568422198377 0.00087701100240469 0.00020551788228147 0.0 99.46045259183 99.450525063777
7 7 2 6.1142094398826 0.052040871082187 0.052040871082187 0.051696045863341 0.051696931736494 2194.8753668774 2194.8725319934 0.56796704835558 0.56799858592458 0.0 0.0 0.0 0.0 - -
8 10 2 6.2143862713053 0.051416486307165 0.051416486307165 0.051062831795314 0.051074153852036 2194.8720061088 2194.870853439 0.56807522973242 0.56804429577168 540.52950709172 0.0 0.027792128 0.0 168.51871106549 0.0 0.00866464 0.0 709.04821815721 0.0 0.036456768 0.0
9 19 2 6.3146231609422 0.051571063020129 0.051571063020129 0.051223930726721 0.051240176716428 2194.8799365529 2194.8679274695 0.56809261879189 0.56814601141599 0.8807373046875 0.0 17.078129732244 0.0 0.036865234375 0.0 0.71484340667189 0.0 0.0 0.0 0.0 0.0 0.0 0.0 0.0 0.0 824.99970930197 0.0 0.042546112 0.0 54.939336792304 0.0 0.00283328 0.0 879.93904609427 0.0 0.045379392 0.0 0.0 0.0
10 9 2 6.4148465016111 0.050951755258422 0.050951755258422 0.050613001169233 0.050621485352143 2194.8730481952 2194.8709587458 0.56803824440305 0.56801896503538 0.0 0.0 0.0 0.0 0.0 0.0 0.0 0.0 - -
11 7 2 6.5150655505961 0.051592775064581 0.051592775064581 0.051252973416803 0.051255901417791 2194.8749441307 2194.8690763108 0.56797822253319 0.56802410937267 186906038.0 186895127.0 239115600.0 239138114.0 239306421.0 239300801.0
12 10 2 6.6152979954686 0.051559322030551 0.051559322030551 0.05122507067699 0.051227691611518 2194.873764279 2194.8707085467 0.56794738395184 0.56800794576384 0.0 0.0 0.0 0.0 - - 0.0 0.0 0.0 0.0 - -
13 9 2 6.7155078406119 0.051789822964038 0.051789822964038 0.05144592573808 0.051460311213006 2194.8687767303 2194.8728648554 0.0 0.0 0.56800607244485 0.56799729914124 0.8270263671875 0.0 15.968897359656 0.0 0.033935546875 0.0 0.65525512413055 0.0
14 10 2 6.8156791865051 0.051543210552259 0.051543210552259 0.051197906164805 0.051207465533229 2194.8704937012 2194.8665797754 0.56802642169976 0.56806166831069 1.2454016603199 1.1870428586897 6.4192e-05 6.1184e-05 0.460662029889 0.42962011412829 2.3744e-05 2.2144e-05 1.7159971032523 1.6216296793397 8.8448e-05 8.3584e-05
15 19 2 6.9159253732811 0.052233565703145 0.052233565703145 0.051888189757431 0.051895180727772 2194.8771029057 2194.8714709903 0.56796629339123 0.5680044476262 0.84954833984375 0.0 16.26441404885 0.0 0.0347900390625 0.0 0.66604756145157 0.0 2043.2981467619 2043.4362571876 0.0 0.0 0.0 0.0 2043.2981467619 2043.4362571876 513.00284863353 0.0 0.026795968 0.0 2.4456304730563 0.0 0.000127744 0.0 515.44847910658 0.0 0.026923712 0.0 3.9641171321399 3.9643850743909
16 13 2 7.0161375218758 0.051835284198873 0.051835284198873 0.051490128362745 0.051504875252178 2194.8761942289 2194.8709672782 0.56797915527275 0.56799617282623 210.0 210.0 0.82769775390625 0.0 15.967844426794 0.0 0.2177734375 0.0 4.2012586767053 0.0 0.0 0.0 0.0 0.0 0.03399658203125 0.0 0.65585792682871 0.0
17 9 2 7.116358606195 0.052284447249786 0.052284447249786 0.051937778726374 0.051945547779576 2194.8775251443 2194.8680230069 0.56795757345971 0.5680002302996 0.13789381364723 0.13788355005583 2.9715734087466e-08 2.9713521244811e-08 2.15497224288e-07 2.1549721654816e-07 229.0 189.0 1.1341505176716e-06 9.3597591921155e-07
18 8 2 7.216560501125 0.05205526516222 0.05205526516222 0.051710127895008 0.051708970734525 2194.8700697202 2194.8666629401 0.56796777552742 0.56801669214567 0.066931292974185 0.066931286862329 0.00026457457255892 0.00026457343014412 0.0039529278578403 0.0039529111503313 14.940694487789 14.940695852104
19 5 2 7.3167646152668 0.05173932094792 0.05173932094792 0.051396894742412 0.051388743441285 2194.8762508994 2194.8677605157 0.56800338143644 0.56804263877533 6.2458137471447 6.2449912192911
20 6 2 7.4169666243277 0.052445097356911 0.052445097356911 0.052092556074209 0.052101966438406 2194.8789820669 2194.874091287 0.56804520359777 0.56805776995064 0.0 0.0 - -
21 7 2 7.5172003481909 0.052239617358088 0.052239617358088 0.051896840607683 0.051897183453274 2194.8786095029 2194.8773437245 0.56794599527473 0.56800700739075 90.949346596879 90.954831015048 9.0506534031209 9.0451689849516 1.1987386068038 1.1964344729563
22 7 2 7.6174214352276 0.052432160710318 0.052432160710318 0.052088023900057 0.052092018028551 2194.867774454 2194.8720184501 0.5679597637781 0.56800126188362 3.2892952615827e-08 0.0 8.2232381539567e-09 0.0 0.25 -
23 9 2 7.717639627325 0.051540591882234 0.051540591882234 0.051197133063848 0.05120388988469 2194.8764151528 2194.8713231273 0.5679844809839 0.56799361097354 2043.1264398479 2043.3632628946 0.0 0.0 0.0 0.0 2043.1264398479 2043.3632628946 0.0 0.0
24 6 2 7.8178076090741 0.052307701872948 0.052307701872948 0.051960359886664 0.05196382683911 2194.8760967011 2194.8738288408 0.56799942661411 0.56806003234124 0.0 0.0 0.0 0.0
25 13 2 7.9180468882134 0.04094107794163 0.04094107794163 0.040676000781235 0.040678925611921 2194.8743904471 2194.871295545 0.56802205127764 0.56803883205408 1.7604950331606 1.7604430253191 359248984.0 359274816.0 147701559.0 147707792.0 24771022.0 23338969.0 1047956.0 1047976.0 6.8952239542033 6.4961327542646 0.46461425761471 0.46395987855714 41.113980993193 41.112759765494 51.526180794989 51.927147601684
26 7 2 8.0182905622981 0.052082728135759 0.052082728135759 0.051736706806996 0.051744299681949 2194.8748222143 2194.8718657365 0.56801122555504 0.56803138987423 41.298504985189 41.295544227024 58.701495014811 58.704455772976 1.5857518802451 1.5859419602135
27 12 2 8.1185271937818 0.052349258200664 0.052349258200664 0.052007249116412 0.052005051190844 2194.8709594931 2194.8708453086 0.56794646357125 0.5679998229123 10417794.0 10389514.0 0.011557149239081 0.018383920556823 0.0090134245311435 0.0148803880528 98.096151642085 98.101662888177 9.0722408750049 9.0479958805395 0.0010484924172532 0.001663376374663 0.00081771958455212 0.0013463768980257 8.89951916608 8.8762344168631
1 7 2 8.2187625245355 0.052225976904296 0.052225976904296 0.051883886297974 0.051887887672874 2194.8737742728 2194.8765889979 0.56794587650139 0.56800133835895 54.258046783637 54.269795528929 45.741953216363 45.730204471071 2.0458389040728 2.041909314387
2 10 2 8.3189699403212 0.052465656316983 0.052465656316983 0.052115116853981 0.052122487354845 2194.8784433046 2194.8713760973 0.56797300735955 0.56800238994761 0.13662270717997 0.097587647985691 7.168e-06 5.12e-06 0.014638147197854 0.01097861039839 7.68e-07 5.76e-07 0.15126085437782 0.10856625838408 7.936e-06 5.696e-06
3 5 2 8.4191703243755 0.052199261216392 0.052199261216392 0.05185375755277 0.051854280652714 2194.8748115367 2194.8689022112 0.56798653651348 0.56800695849749 287.28604646802 287.28401851683
4 6 2 8.5193721740154 0.052614268331878 0.052614268331878 0.05226689781287 0.052270814495399 2194.8758179326 2194.8715771841 0.56796984700799 0.56801190811453 0.0 0.0 0.0 0.0
5 7 2 8.6195757202201 0.052091027082411 0.052091027082411 0.051738142501216 0.051743797868322 2194.877743308 2194.8734198001 0.56805769101481 0.56807932950099 3.9054870153248e-05 1.2221802282157e-05 9.4479568743533e-07 7.9556076694266e-07 0.02419149477973 0.065093572009764
6 8 2 8.7198166162139 0.052214111820013 0.052214111820013 0.051870412511523 0.051875417513677 2194.871492115 2194.8712074525 0.56795380552344 0.56802403833999 9.0749688418451 9.0484455719568 0.0011324602422852 0.0020150085308721 0.00043744223699683 0.00097432821510108 99.457245072438 99.445916306708
7 7 2 8.8200176361403 0.051592007851329 0.051592007851329 0.051246624206307 0.051254683115756 2194.8726538809 2194.8683421183 0.56797028743495 0.56801484447136 0.0 0.0 0.0 0.0 - -
8 10 2 8.9201944476353 0.051967619879736 0.051967619879736 0.051620703619812 0.05161966511923 2194.8753463857 2194.873456934 0.56798989927465 0.56803721267613 504.99137849169 0.0 0.0262432 0.0 0.8645383433756 0.0 4.4928e-05 0.0 505.85591683507 0.0 0.026288128 0.0
9 19 2 9.0204246144189 0.051496956741751 0.051496956741751 0.051159094413421 0.051167703143937 2194.8775191402 2194.8701335407 0.56796240809922 0.56800597418213 0.80950927734375 0.0 15.719555650702 0.0 0.0333251953125 0.0 0.64712941154213 0.0 0.0 0.0 0.0 0.0 0.0 0.0 0.0 0.0 497.21369222661 0.0 0.025604992 0.0 0.024855837722974 0.0 1.28e-06 0.0 497.23854806433 0.0 0.025606272 0.0 0.0 0.0
10 9 2 9.1206423753551 0.051969830939415 0.051969830939415 0.051624232619611 0.051631990803205 2194.87217969 2194.8744837036 0.56799623792295 0.56801021144112 0.0 0.0 0.0 0.0 0.0 0.0 0.0 0.0 - -
11 7 2 9.2208597495144 0.05177192705823 0.05177192705823 0.051423345936491 0.051429504928825 2194.8755778581 2194.8750448839 0.56801879212833 0.56803586342983 187510016.0 187527484.0 239915537.0 239942054.0 240085080.0 240106626.0
12 10 2 9.3210930349701 0.051972827328361 0.051972827328361 0.051632604030326 0.05163443238918 2194.8741409676 2194.8761528137 0.5679642717803 0.56799182040193 0.0 0.0 0.0 0.0 - - 0.0 0.0 0.0 0.0 - -
13 9 2 9.42130214098 0.039000580952534 0.039000580952534 0.038735843467424 0.038752026503977 2194.8747353626 2194.8740604027 0.0 0.0 0.56802839411549 0.56800502024237 0.70806884765625 0.0 18.155341032433 0.0 0.026611328125 0.0 0.68233158263431 0.0
14 10 2 9.5215303630093 0.052321060622701 0.052321060622701 0.051976602706067 0.051976532959408 2194.8781175702 2194.8699251171 0.56796514031188 0.56801442975175 1.0593057430482 1.1804042055907 5.5424e-05 6.176e-05 0.40855440898164 0.44280447919567 2.1376e-05 2.3168e-05 1.4739762359966 1.6329944191332 7.712e-05 8.544e-05
15 19 2 9.6217667109773 0.052433637165572 0.052433637165572 0.052088811040926 0.052099415703438 2194.8782536226 2194.8730735751 0.56798160818537 0.56802823759208 0.82611083984375 0.0 15.755360194356 0.0 0.03387451171875 0.0 0.64604543094699 0.0 2043.3166530425 2043.5650432115 0.0 0.0 0.0 0.0 2043.3166530425 2043.5650432115 493.74595010927 0.0 0.025888896 0.0 0.2136033394867 0.0 1.12e-05 0.0 493.95955344875 0.0 0.025900096 0.0 4.1366072156644 4.1371100709434
16 13 2 9.7219884927632 0.051847924648615 0.051847924648615 0.051498433197103 0.051517489886598 2194.8806183859 2194.8737196328 0.56798867568005 0.56799633818384 211.0 211.0 0.8251953125 0.0 15.915686463683 0.0 0.216552734375 0.0 4.1766905009723 0.0 0.0 0.0 0.0 0.0 0.0338134765625 0.0 0.65216644237279 0.0
17 9 2 9.822212552638 0.052348378668117 0.052348378668117 0.052002362321259 0.05200378759877 2194.8762326013 2194.8717065015 0.5680376384561 0.56807805374853 0.13789582514113 0.13788285377488 2.4735844066031e-08 3.4631696410792e-08 1.7938065957192e-07 2.5116753434285e-07 166.0 258.0 8.2123002299221e-07 1.2764253819978e-06
18 8 2 9.9224199593656 0.052125767259335 0.052125767259335 0.051781518582678 0.051785541696797 2194.8799226602 2194.8766417988 0.56795945048444 0.56802338307519 0.066931292195374 0.066931291155821 0.00026457353465965 0.0002645728244772 0.0039529123969003 0.0039529018476762 14.940694661639 14.940694893692
19 5 2 10.022621014618 0.052530454586651 0.052530454586651 0.052179710412675 0.052186884354772 2194.8775731327 2194.8726999913 0.567963941148 0.56800091421844 6.244867217139 6.2465598036299
20 6 2 10.122821647768 0.052477244226231 0.052477244226231 0.052129966551801 0.052131441648355 2194.8810948566 2194.8734456004 0.56797659505644 0.56800430978732 0.0 0.0 - -
21 7 2 10.223047256562 0.052522517054505 0.052522517054505 0.05217862164015 0.052182344481314 2194.8823007622 2194.87338338 0.56796832966048 0.56799188715909 90.927271633617 90.954552733228 9.072728366383 9.0454472667718 1.1971786366388 1.1933192650928
22 7 2 10.323268762984 0.052570317972728 0.052570317972728 0.052221174801613 0.052228542585074 2194.8759834757 2194.8740386394 0.56797739015867 0.56803463379151 9.432904873432e-08 8.2021949992464e-08 4.5113892872936e-08 8.2021949992464e-08 0.47826086956522 1.0
23 9 2 10.423488905271 0.052310729964922 0.052310729964922 0.05196556778819 0.051967199135376 2194.875634804 2194.8710621604 0.56796567235239 0.56802096026652 2043.3289512816 2043.1942943957 0.0 0.0 0.0 0.0 2043.3289512816 2043.1942943957 0.0 0.0
24 6 2 10.52369293155 0.052323464617944 0.052323464617944 0.051971158390541 0.051978797461333 2194.8720937532 2194.8798466332 0.56797411917125 0.56800970860525 0.0 0.0 0.0 0.0
25 13 2 10.623922871883 0.052131054418428 0.052131054418428 0.05178926317926 0.051790155393018 2194.8763765189 2194.8720600791 0.56796378008634 0.56801319497828 1.7606756540848 1.7605224822959 457400920.0 457408800.0 188074251.0 188061119.0 31534359.0 29721215.0 1333020.0 1332352.0 6.8942491414315 6.4977357234929 0.46382984975194 0.4632914801814 41.118030763908 41.114451449119 51.523890244908 51.924521347206
26 7 2 10.724152175439 0.052183974922601 0.052183974922601 0.051842743468309 0.051846846745796 2194.8819721236 2194.8733213916 0.56796327740567 0.56801069408857 41.301200609978 41.297281155314 58.698799390022 58.702718844686 1.5854066338806 1.5855705695995
27 12 2 10.824387878477 0.052148504670258 0.052148504670258 0.051804009615792 0.051812437639054 2194.8764251671 2194.8772679663 0.56795391687253 0.56799493720131 10374361.0 10348420.0 0.0065642597168153 0.014717222532522 0.0035375672776376 0.010822908231402 98.099969723436 98.097564652382 9.069861820996 9.0457110581314 0.00059536928588645 0.0013312774260741 0.0003208524639065 0.0009790090066993 8.8975317003546 8.8736222535181
1 7 2 10.92462130886 0.052482035912303 0.052482035912303 0.052132251887143 0.052136419929386 2194.881400781 2194.8772683485 0.5681223807993 0.56816835256335 54.246069149976 54.25474967157 45.753930850024 45.74525032843 2.0469570291679 2.0429368074087
2 10 2 11.024833645862 0.05186919285069 0.05186919285069 0.051524123971436 0.051530323271904 2194.8793109675 2194.8734386238 0.56800158993786 0.5680301242676 0.099943718324722 0.098709845258985 5.184e-06 5.12e-06 0.01850809598606 0.0098709845258985 9.6e-07 5.12e-07 0.11845181431078 0.10858082978488 6.144e-06 5.632e-06
3 5 2 11.125037366886 0.052422930600473 0.052422930600473 0.05207288298729 0.052081047422528 2194.8860129389 2194.8687591353 0.56799739062916 0.56799714324243 287.28245176917 287.28469540169
4 6 2 11.225237538077 0.052496170027515 0.052496170027515 0.052148985197664 0.052150367902539 2194.8796513956 2194.8750893738 0.56795670774154 0.56799225252908 0.0 0.0 0.0 0.0
5 7 2 11.325441784466 0.052143744687212 0.052143744687212 0.051794650429338 0.051799422187793 2194.876492405 2194.8750989273 0.56812319300961 0.5682242689313 7.9851718428951e-05 1.6106848120595e-05 1.6592306803079e-06 1.8382275769957e-06 0.020778897598606 0.11412708204812
6 8 2 11.425678406891 0.052149419529035 0.052149419529035 0.051803858347063 0.0518127265895 2194.8823003498 2194.8772262351 0.56797304614118 0.56802444550965 9.0630472211578 9.0445015415241 0.0020903555349432 0.0017080115452839 0.001185496489077 0.00074736431485044 99.456170970835 99.441777422197
7 7 2 11.525888934103 0.052045785051363 0.052045785051363 0.051701152768081 0.051700560827278 2194.8741318233 2194.8753777857 0.56795118241151 0.56802774647718 0.0 0.0 0.0 0.0 - -
8 10 2 11.626069066263 0.052028006899655 0.052028006899655 0.051681626420887 0.051685704335952 2194.8768916818 2194.8759318917 0.56796522763316 0.56804624907885 500.74445577451 0.0 0.026052736 0.0 0.12670099034764 0.0 6.592e-06 0.0 500.87115676486 0.0 0.026059328 0.0
9 19 2 11.726298447718 0.051802893669146 0.051802893669146 0.051459195719358 0.051472058996089 2194.8800520323 2194.8757451271 0.56799124754708 0.56800661733354 0.82781982421875 0.0 15.980184997113 0.0 0.033935546875 0.0 0.65508979270036 0.0 0.0 0.0 0.0 0.0 0.0 0.0 0.0 0.0 501.81474737738 0.0 0.025995456 0.0 0.26438677513796 0.0 1.3696e-05 0.0 502.07913415252 0.0 0.026009152 0.0 0.0 0.0
10 9 2 11.826521063746 0.052273891953416 0.052273891953416 0.051929888295868 0.051929487931928 2194.8801493994 2194.877232649 0.56796490833342 0.56801198765507 0.0 0.0 0.0 0.0 0.0 0.0 0.0 0.0 - -
11 7 2 11.926742448791 0.052013850139424 0.052013850139424 0.051670918949987 0.051676474226108 2194.8724690942 2194.8726854196 0.567941645177 0.5680144463132 188440860.0 188432163.0 241089101.0 241102771.0 241273419.0 241268427.0
12 10 2 12.02697418261 0.052423677886109 0.052423677886109 0.05207534223638 0.052084923344022 2194.874445828 2194.873258613 0.56795232369048 0.56799102763886 0.0 0.0 0.0 0.0 - - 0.0 0.0 0.0 0.0 - -
13 9 2 12.127180714334 0.052401167831179 0.052401167831179 0.05205059666515 0.052058390174973 2194.875423193 2194.8809436007 0.0 0.0 0.56796859270593 0.56799923386824 0.8426513671875 0.0 16.080774571709 0.0 0.03460693359375 0.0 0.66042294525274 0.0
14 10 2 12.227397745195 0.052102001764538 0.052102001764538 0.051759874020384 0.051763032094768 2194.8771643645 2194.8811095527 0.56796928139414 0.56802022085237 1.0907834262652 1.1337760162644 5.6832e-05 5.9072e-05 0.45694981370571 0.38939002942126 2.3808e-05 2.0288e-05 1.5551033982565 1.5305362039713 8.1024e-05 7.9744e-05
15 19 2 12.327622757972 0.052242281318152 0.052242281318152 0.051891369571033 0.051900515441406 2194.8767020375 2194.8781235005 0.56798640691547 0.56801002354704 0.828125 0.0 15.851623993156 0.0 0.0340576171875 0.0 0.65191672967134 0.0 2043.0100735841 2043.2852721328 0.0 0.0 0.0 0.0 2043.0100735841 2043.2852721328 510.27113149321 0.0 0.026657728 0.0 1.7812392118425 0.0 9.3056e-05 0.0 512.05237070505 0.0 0.026750784 0.0 3.9898459424591 3.9903833846515
16 13 2 12.42783665748 0.051720537357357 0.051720537357357 0.05136928638785 0.051386334917038 2194.8805744292 2194.8781100976 0.56804507146616 0.56809893407929 211.0 211.0 0.8944091796875 0.0 17.293114599867 0.0 0.284423828125 0.0 5.4992434854225 0.0 0.0 0.0 0.0 0.0 0.0372314453125 0.0 0.71985805281282 0.0
17 9 2 12.52807004982 0.051657053404607 0.051657053404607 0.051311514414753 0.051320743165896 2194.8809221772 2194.8752750669 0.5679825239517 0.5680320028383 0.13789223179079 0.13788136533677 3.509303021939e-08 3.508977613956e-08 2.5449606380027e-07 2.5449252010127e-07 214.0 200.0 1.0728440667071e-06 1.0025650325589e-06
18 8 2 12.628269370464 0.051731496640871 0.051731496640871 0.051388341718643 0.051388735741978 2194.87713849 2194.8780460644 0.56798577260828 0.56802677964058 0.066931290855843 0.066931289575967 0.00026457279605375 0.00026457485029269 0.0039529014407265 0.0039529322080728 14.940694960655 14.940695246354
19 5 2 12.728466594179 0.052234574765203 0.052234574765203 0.051884845540989 0.05189021195765 2194.8758055876 2194.8802960294 0.568077856822 0.56809023361309 6.2481817331962 6.2473078073587
20 6 2 12.828672122276 0.052326977313329 0.052326977313329 0.051972243992763 0.051981802908287 2194.8829564916 2194.8773305189 0.56801033018834 0.56801985625962 0.0 0.0 - -
21 7 2 12.928898808973 0.052232734178039 0.052232734178039 0.051886158499205 0.05188965941918 2194.8787827075 2194.8814522076 0.56798307416579 0.56805126427483 90.933957242165 90.942036714341 9.0660427578346 9.0579632856586 1.1991866056053 1.1969166068951
22 7 2 13.029132260191 0.051782610072509 0.051782610072509 0.051441531245646 0.051445801190474 2194.8774398982 2194.872298558 0.56795542924794 0.56802183308186 7.0775381271558e-08 4.1633988842724e-08 2.4979546331138e-08 3.3307191074179e-08 0.35294117647059 0.8
23 9 2 13.129353576395 0.05230457414289 0.05230457414289 0.051958122558762 0.051965712263412 2194.8725684716 2194.8764887189 0.56797115369925 0.56799444237842 2043.2569378739 2043.4716992056 0.0 0.0 0.0 0.0 2043.2569378739 2043.4716992056 0.0 0.0
24 6 2 13.229562417005 0.052310404782445 0.052310404782445 0.051961788334478 0.051960806899344 2194.8769495361 2194.8827318212 0.56814268271688 0.56823010159333 0.0 0.0 0.0 0.0
25 13 2 13.329799664433 0.052260501500636 0.052260501500636 0.051915559886391 0.051908602430679 2194.8820150992 2194.8768038481 0.56798928451459 0.56800428404317 1.7605965944492 1.7605501016327 458516368.0 458454920.0 188524518.0 188494248.0 31615802.0 29780906.0 1336188.0 1336072.0 6.8952395610008 6.4959289781425 0.46486301226219 0.4632385666185 41.116202420935 41.11511072888 51.523695005802 51.925721726359
26 7 2 13.430035622907 0.052227883614916 0.052227883614916 0.051881891271778 0.051890710600973 2194.8857482035 2194.8786121767 0.56797171252298 0.56798721029401 41.300328597455 41.299029515583 58.699671402545 58.700970484417 1.5855526987596 1.585521298949
27 12 2 13.530270108549 0.051749686026129 0.051749686026129 0.05141075349419 0.051409414720652 2194.8773049855 2194.8749664983 0.56795279502541 0.56801134474173 10288035.0 10262985.0 0.013919081729407 0.015307437358624 0.010419871238774 0.011799685958812 98.091277877651 98.105482956469 9.0631914426004 9.0413592177175 0.0012615130241882 0.0013840003986203 0.00094437287844254 0.0010668519940988 8.8902003025447 8.870069126371
1 7 2 13.630506219197 0.051958477632567 0.051958477632567 0.051617673716238 0.051622844479932 2194.8803624997 2194.8730349504 0.56797565475231 0.56803664182573 54.255361096764 54.27094473631 45.744638903236 45.72905526369 2.0459056860171 2.041530253264
2 10 2 13.730717202026 0.051760565599175 0.051760565599175 0.051414912025524 0.051422358613652 2194.8797815785 2194.8776335094 0.56797655281186 0.56800285952198 0.086552377242018 0.093971152434191 4.48e-06 4.864e-06 0.007418775192173 0.0049458501281153 3.84e-07 2.56e-07 0.093971152434191 0.098917002562307 4.864e-06 5.12e-06
3 5 2 13.830920551672 0.052019441647576 0.052019441647576 0.051674390884338 0.051676895423466 2194.8739189592 2194.876501333 0.56796324999789 0.56802560804952 287.28993462506 287.28310940499
4 6 2 13.931086757146 0.051709476624158 0.051709476624158 0.051366975690086 0.051371790926978 2194.8791802036 2194.870784239 0.56802452074002 0.56811067361369 0.0 0.0 0.0 0.0
5 7 2 14.031298310629 0.04545207628282 0.04545207628282 0.04514988121849 0.045158950548697 2194.87914173 2194.8770547936 0.56802852747174 0.56804321739265 4.170306473196e-05 1.0077853956947e-05 8.4329192243886e-07 6.5514596102259e-07 0.020221341713349 0.065008479366874
6 8 2 14.131552983853 0.051905199337089 0.051905199337089 0.051564708827826 0.051568207483299 2194.8808117987 2194.8745868284 0.56796871958152 0.56801156598662 9.0608325635784 9.0442089965619 0.0010004003709439 0.0009880369279197 0.00021079551275376 0.00019321611034874 99.455337771 99.448420700257
7 7 2 14.231758446732 0.051956988496101 0.051956988496101 0.051609542342727 0.051618198627784 2194.874518043 2194.8727418895 0.56796937150165 0.56799318323585 0.0 0.0 0.0 0.0 - -
8 10 2 14.331929838821 0.05203509660228 0.05203509660228 0.051686275896238 0.051688510959637 2194.8790967624 2194.8737530555 0.56798085671364 0.56804876349698 524.95768786183 0.0 0.027316224 0.0 6.0881985560899 0.0 0.0003168 0.0 531.04588641792 0.0 0.027633024 0.0
9 19 2 14.432157643276 0.051930134220679 0.051930134220679 0.051589048147411 0.051598771465774 2194.8801605562 2194.8744391247 0.56797629429736 0.56801199417127 0.82781982421875 0.0 15.941029936508 0.0 0.033935546875 0.0 0.65348467482848 0.0 0.0 0.0 0.0 0.0 0.0 0.0 0.0 0.0 500.56546916547 0.0 0.025994432 0.0 0.081340055507077 0.0 4.224e-06 0.0 500.64680922097 0.0 0.025998656 0.0 0.0 0.0
10 9 2 14.532375083559 0.05215933261266 0.05215933261266 0.051812665447948 0.051821061768184 2194.8834091791 2194.8793992834 0.56796642397196 0.56799802733387 0.0 0.0 0.0 0.0 0.0 0.0 0.0 0.0 - -
11 7 2 14.632592144311 0.052316026182023 0.052316026182023 0.051972359935262 0.051973361298013 2194.8756084555 2194.872418349 0.5679320109086 0.56800814351765 189539462.0 189517193.0 242514559.0 242488125.0 242684998.0 242657145.0
12 10 2 14.73282482288 0.052440641722925 0.052440641722925 0.052097237252587 0.052101614987707 2194.880760215 2194.8749895594 0.56796358515029 0.56801983437714 0.0 0.0 0.0 0.0 - - 0.0 0.0 0.0 0.0 - -
13 9 2 14.83303193794 0.052225296647918 0.052225296647918 0.051873921583706 0.051888629070805 2194.8797654126 2194.8729093845 0.0 0.0 0.56797951097158 0.56799200083026 0.845458984375 0.0 16.188687066246 0.0 0.03466796875 0.0 0.66381564060263 0.0
14 10 2 14.933247290352 0.052426961413899 0.052426961413899 0.05208209724562 0.052082138912456 2194.8850732768 2194.8746105539 0.56797464984625 0.56800468439682 1.0596074710764 1.1816820645183 5.5552e-05 6.1952e-05 0.40406690429295 0.456558979473 2.1184e-05 2.3936e-05 1.4697781050414 1.6467862655323 7.7056e-05 8.6336e-05
15 19 2 15.033485469849 0.052276026020029 0.052276026020029 0.051933602531924 0.051942395592897 2194.8760773214 2194.8730907349 0.56796531982392 0.56800325570753 0.8250732421875 0.0 15.783013840252 0.0 0.033935546875 0.0 0.64916080005771 0.0 2043.4290081475 2043.6383201559 0.0 0.0 0.0 0.0 2043.4290081475 2043.6383201559 500.4046786184 0.0 0.026159168 0.0 0.019588329067088 0.0 1.024e-06 0.0 500.42426694747 0.0 0.026160192 0.0 4.0833931188273 4.0838113879287
16 13 2 15.133700204505 0.052424813760274 0.052424813760274 0.052071094030769 0.05209115706492 2194.8804415381 2194.8776266098 0.56799203878003 0.56799509418775 210.0 210.0 0.8245849609375 0.0 15.728905870951 0.0 0.21759033203125 0.0 4.150521793482 0.0 0.0 0.0 0.0 0.0 0.033935546875 0.0 0.64731840593996 0.0
17 9 2 15.233922508032 0.052138203903904 0.052138203903904 0.051795075249899 0.051794609215403 2194.8786979338 2194.8747459023 0.56794771036146 0.56800813089476 0.13789451729507 0.13788497331663 2.4830906739594e-08 3.4767280514295e-08 1.8007174778719e-07 2.5214698656435e-07 185.0 230.0 9.1874354936497e-07 1.1423535026125e-06
18 8 2 15.33412839392 0.052051928192184 0.052051928192184 0.051708065839556 0.051712287324043 2194.8827547863 2194.8808566493 0.56798814710058 0.56801750942448 0.066931293451112 0.066931289175543 0.00026457471390776 0.00026457176649578 0.0039529299415229 0.0039528861576517 14.940694381327 14.940695335739
19 5 2 15.434340759001 0.051573607414492 0.051573607414492 0.051228663535744 0.051236054417125 2194.8804076547 2194.8776396352 0.56795865940314 0.56803289921426 6.2462779861348 6.2470924726295
20 6 2 15.534547025326 0.039086601228437 0.039086601228437 0.038829544933855 0.038830401368483 2194.8823791871 2194.8722583511 0.56797538129298 0.56801689865461 0.0 0.0 - -
21 7 2 15.634781493757 0.052349285374687 0.052349285374687 0.052002448372332 0.052008853289575 2194.8798645797 2194.8827236343 0.56796565510844 0.5680070009712 90.937310816848 90.948092927316 9.0626891831517 9.0519070726844 1.1973441076524 1.1947652810716
22 7 2 15.735003466667 0.052026252363564 0.052026252363564 0.051679396339391 0.051688708877106 2194.8824478387 2194.8733632835 0.5679735828845 0.56799641529059 4.5586515591573e-08 1.6574593144291e-08 4.144228690143e-09 0.0 0.090909090909091 0.0
