1 7 1 0.10093848505896 0.10095010458086 0.0014451380645642 997.63375206237 1.4720605760576 32.080142216517 67.919857783483 9.8832473650846
2 10 1 0.20126776366681 0.055620178307184 6.7883661951387e-05 997.99029014751 4.0817015713936 9.1765257777693 0.0005104 0.53390695434294 2.9696e-05 9.7104327321122 0.000540096
3 5 1 0.3016723032958 0.05477034077024 3.2804518296145e-05 938.00268539038 5.1261235756246 1.6553173602354
4 6 1 0.40185417784643 0.053519446290349 2.5247797967361e-05 877.20176884265 5.6249243188698 0.0 0.0
5 7 1 0.50225756702771 0.05318825866399 1.2604649366444e-05 859.51920779086 4.3873561406275 0.49487624152609 0.206842188239 0.41796750557502
6 8 1 0.60242936383754 0.05293071871438 1.2858744313965e-05 997.52478048115 5.4179389312977 80.204297287777 43.547023599859 40.82071151814 59.760479041916
7 7 1 0.7028292047482 0.055266855885663 2.0645554185247e-05 995.34740549874 5.6378478664193 87.0 0.010760667903525 76.494252873563
8 10 1 0.80323268904523 0.054817769109518 1.3290388672233e-05 997.42171014355 5.5998091603053 534.93428273988 0.029323904 9.4801377079348 0.00051968 544.41442044781 0.029843584
9 19 1 0.90365000407902 0.054914852402622 1.4144165813192e-05 999.22182580923 4.7487834549878 0.21551513671875 3.9245327500591 0.0345458984375 0.62908114883416 0.00012747006854681 0.0 0.0 0.00012747006854681 534.85100505519 0.029371264 10.894538978519 0.000598272 545.74554403371 0.029969536 2.3357051640706e-07
10 9 1 1.0038250330128 0.053449453776213 9.5142931686916e-06 996.25806162552 4.0087786259542 0.00013096485568044 0.0 0.0 0.00013096485568044 0.0
11 7 1 1.1039101286408 0.029472787298033 0.013268170990484 997.5954811019 0.28496330713834 96396609.0 123490673.0 123415862.0
12 10 1 1.203997853087 0.017050164123867 0.0076744550641925 997.59901541198 0.2847879316444 48.0 8.067675833188e-07 36.770833333333 3.0 5.0422973957425e-08 28.0
13 9 1 1.3040805065047 0.016885179957388 0.007594348121762 997.59997458486 0.0 0.28477361916162 0.09075927734375 5.3750849900795 0.0111083984375 0.65787859327133
14 10 1 1.404165733483 0.029245235987417 0.01317094366495 997.59701793828 0.28465142157025 1.9870586794035 5.8112e-05 0.52083696662779 1.5232e-05 3.9653637963426 0.000115968
15 19 1 1.5042519215833 0.016379339874443 0.0073727587573043 997.60260812789 0.28476489280697 0.08453369140625 5.1609950128789 0.0103759765625 0.63347953226672 1853.6993696171 0.0 0.0 1853.6993696171 501.37307504153 0.00821216 0.18755334607796 3.072e-06 501.56062838761 0.008215232 3.6958630017996
16 13 1 1.6043403607565 0.016113201460513 0.0072483319490808 997.60393036986 0.28478433397333 209.0 0.08489990234375 5.2689654847178 0.01812744140625 1.1250055707845 0.0 0.0 0.01043701171875 0.64773048014863
17 9 1 1.7044314667944 0.015537689539409 0.0069929814735833 997.60119274104 0.28480940107918 0.13573395229569 1.307890382774e-05 9.6356907071034e-05 3871.0 7.1408232323244e-05
18 8 1 1.8045125557843 0.015199495052375 0.0068373730030297 997.59953026818 0.28477212833026 0.066813003559699 0.0001352761077606 0.0020246972977307 14.967146314661
19 5 1 1.9045886742967 0.014989692341783 0.0067407023311325 997.59301933081 0.28479521264936 6.2149037119732
20 6 1 2.0046640083305 0.015127605658309 0.0068038736867844 997.6044907099 0.28475649550181 1.0 8.0
21 7 1 2.1047446371413 0.015153731691755 0.0068175975315435 997.60419340646 0.28474964177246 97.882958553795 2.1170414462052 2.8968037525908
22 7 1 2.2048323815166 0.014543811419539 0.0065399165941874 997.59552767185 0.28482285749815 1.4458843206776e-06 2.4645755466096e-07 0.17045454545455
23 9 1 2.3049179780875 0.011328655197445 0.0050919943555725 997.60359334933 0.2848669790038 1850.2965828396 0.0 0.0 1850.2965828396 0.0
24 6 1 2.40499607229 0.0012447817073205 0.00054663975990933 997.56265077093 0.28838343024242 0.0 0.0
25 13 1 2.5050761005128 0.013815460255169 0.0062314616334545 1004.9540085996 0.28492578834641 3.5096858231176 55032184.0 45089265.0 72811.0 165332.0 0.13230621557742 0.64812619466456 81.932537876382 17.287029713376
26 7 1 2.6118799774607 0.0084112583958157 0.0038801634636431 1034.4265207552 0.2854393198901 82.145695376602 17.854304623398 1.4648678247517
27 12 1 2.711957117788 0.016742339644714 0.0082859855102721 1097.3668796088 0.28476966174234 390471.0 1.1189051171534 0.9096706285486 96.621772167459 2.1344096877583 0.023882019217345 0.019416098022433 2.062304465626
1 7 1 2.8120325016444 0.017376486352854 0.0086050445189754 1097.3539825138 0.28468334390989 93.737641147777 6.2623588522227 4.8370750428921
2 10 1 2.9121024485029 0.017692504374967 0.0087589282238246 1097.3593013179 0.28469307655323 3.8922697737148 6.8864e-05 0.33641365144561 5.952e-06 4.2286834251604 7.4816e-05
3 5 1 3.0121759689963 0.028656617115169 0.014197434712805 1097.364209046 0.28460647121436 569.50849432094
4 6 1 3.1122438224024 0.017542217857414 0.0086871466276159 1097.3649192158 0.28469832218132 0.0 0.0
5 7 1 3.2123115163764 0.017600990335828 0.0087899531716237 1108.6783362391 0.28478223673224 6.2747611672699e-05 1.6699434537776e-05 0.26613657623948
6 8 1 3.3123794023936 0.029584776588861 0.014994228457422 1127.3711603581 0.28480183891655 2.2722204113065 0.018710278228845 0.013052488251024 99.511372958344
7 7 1 3.4124489017552 0.017799610151135 0.0088424067933305 1102.6450403853 0.28476338238759 46.0 6.709723937598e-07 41.478260869565
8 10 1 3.512511221236 0.017746968562578 0.0089566711624498 1129.0318951825 0.2851021557348 535.53889874134 0.009504192 5.4887120387084 9.7408e-05 541.02761078004 0.0096016
9 19 1 3.6125865951278 0.029471860598812 0.014657941267758 1103.0321471544 0.28469300618541 0.16143798828125 5.477699235852 0.0189208984375 0.64199877622462 0.00023751469563758 0.0 0.0 0.00023751469563758 508.20870130621 0.014977856 0.056460636220133 1.664e-06 508.26516194243 0.01497952 4.6730469334131e-07
10 9 1 3.7126705638605 0.019384849194612 0.0091073612425664 1041.6775005838 0.28480344556805 0.00036110675557618 0.0 0.0 0.00036110675557618 0.0
11 7 1 3.8127727767011 0.01477259742325 0.007414348347975 1116.6239522383 0.28620421218323 53631903.0 68706982.0 68668342.0
12 10 1 3.9128498382182 0.031660360905738 0.017079779999632 1195.0402083907 0.28476302802565 42.0 3.1716392860809e-07 45.619047619048 2.0 1.5103044219433e-08 37.0
13 9 1 4.0129204925568 0.033101968816972 0.017899337662195 1197.124137648 0.0 0.28469108749452 0.19171142578125 5.7915414893074 0.02227783203125 0.67300625393097
14 10 1 4.113002621479 0.020974594913184 0.011337425775955 1197.1192799208 0.28480204532631 3.4052624279817 7.1424e-05 0.90929050496285 1.9072e-05 6.383341397256 0.000133888
15 19 1 4.2130781919434 0.032478804808097 0.017563790563697 1197.1208239822 0.28469751336454 0.186767578125 5.750444920265 0.02154541015625 0.66336831923319 2227.6671948828 0.0 0.0 2227.6671948828 499.08437504939 0.016209664 0.11231940404071 3.648e-06 499.19669445343 0.016213312 4.4625038980314
16 13 1 4.3251684069296 0.033125723297574 0.017920558893168 1197.1245019767 0.28467842621471 209.0 0.18682861328125 5.6399859288487 0.04925537109375 1.4869221315194 0.0 0.0 0.021484375 0.64857074385976
17 9 1 4.4252418622008 0.020956250254423 0.011323821958221 1197.12142768 0.28488712689825 0.13571181178619 7.4637014843023e-06 5.4996697679207e-05 3961.0 4.5135452792857e-05
18 8 1 4.5253063575677 0.033239411989905 0.017968948807444 1197.1210601827 0.2845412531231 0.066804443777297 0.00013369800999825 0.0020013340795704 14.969064084025
19 5 1 4.6253858332133 0.019117962536737 0.0098348169600336 1142.3988778025 0.28507580266347 6.1996155694378
20 6 1 4.7254567565936 0.017223358138864 0.0093082651948079 1197.1250124749 0.28469048114285 1.0 8.0
21 7 1 4.8255300732676 0.032267461222262 0.017448560090259 1197.12383287 0.2845848729316 97.908046454999 2.0919535450007 2.8680660097014
22 7 1 4.9255967726025 0.021247468428485 0.011490147709787 1197.1202829961 0.28462923802361 7.6633732105369e-07 3.7382308344083e-08 0.048780487804878
23 9 1 5.0256609219293 0.020995434322338 0.011349057527019 1197.1236120789 0.2846628729429 2226.953311952 0.0 0.0 2226.953311952 0.0
24 6 1 5.125723208799 0.033461096923051 0.018099484311848 1197.1232314464 0.28455021866549 0.0 0.0
25 13 1 5.2257893211338 0.021301970662398 0.011518696930344 1197.116945618 0.28463147114949 3.5133149400574 101725580.0 83429784.0 93782.0 299620.0 0.092191167649278 0.6342475511076 82.014557203803 17.25900407744
26 7 1 5.3258683764583 0.017517596464638 0.0094622385802268 1197.12724883 0.28500862396753 82.259440779296 17.740559220704 1.450985589167
27 12 1 5.4259400960934 0.032798200798336 0.018767342308486 1266.9459148202 0.28459880003441 877677.0 0.53231427962679 0.4435572539784 97.505802248435 2.1181909610414 0.011275432955388 0.0093953896608141 2.0653590897173
1 7 1 5.5260036131269 0.036369837285042 0.021306495001781 1296.8777859185 0.28457637255362 93.76941075693 6.2305892430705 4.7813242762223
2 10 1 5.6260617529496 0.024818059547742 0.01454162556884 1296.8739881395 0.28461609477159 2.6509727673687 6.5792e-05 0.17793494255685 4.416e-06 2.8289077099255 7.0208e-05
3 5 1 5.7261236792853 0.034181608737418 0.018485635257069 1197.1244991591 0.28459479375568 570.33094164377
4 6 1 5.8261895207667 0.021371095358497 0.011553911047786 1197.1206189018 0.28465772161157 0.0 0.0
5 7 1 5.9262504542751 0.020955407800587 0.011881849338755 1259.1166102521 0.28473647134199 5.0862126061617e-05 1.2015444632994e-05 0.23623559539052
6 8 1 6.0263219003392 0.032798889255235 0.017932853283998 1212.3861081042 0.28463794196035 2.1199257915599 0.016667171388051 0.012487118554709 99.545632045583
7 7 1 6.1263882074348 0.021213590008013 0.012211352963305 1278.8108496651 0.28473768913783 47.0 4.9637762618616e-07 40.957446808511
8 10 1 6.2264399283029 0.023195076760652 0.013585672365454 1296.8652877693 0.28462718695808 507.06208569017 0.011761344 0.030351268386154 7.04e-07 507.09243695856 0.011762048
9 19 1 6.3265038267052 0.036483865676501 0.021384217709268 1296.8753703042 0.28457729891255 0.2110595703125 5.7850111658657 0.02349853515625 0.6440801905316 0.00019186563348491 0.0 0.0 0.00019186563348491 503.3063152578 0.01836256 0.3034766134207 1.1072e-05 503.60979187122 0.018373632 3.8098074458006e-07
10 9 1 6.4265718322965 0.036296012964745 0.021271303078016 1296.8736503866 0.28456861402738 0.0001928586483259 0.0 0.0 0.0001928586483259 0.0
11 7 1 6.5266311515547 0.023990097728758 0.014054529630831 1296.8730062006 0.28458184979196 102233487.0 130975425.0 130904949.0
12 10 1 6.6267017089658 0.032538057394612 0.019015765186439 1294.2238332044 0.28483681910797 41.0 2.7816299017399e-07 44.536585365854 2.0 1.3568926349951e-08 36.0
13 9 1 6.7267747357631 0.021713404281365 0.011738579193452 1197.1214174092 0.0 0.28461335712456 0.11859130859375 5.4616635446486 0.01373291015625 0.63246232503651
14 10 1 6.8268551544135 0.019058061351355 0.0095095586687158 1106.4778801452 0.28476814922412 2.8577932978544 5.4464e-05 0.61118493561634 1.1648e-05 5.4771573076388 0.000104384
15 19 1 6.9269315872607 0.015571455632702 0.0085329916163966 1215.2959035835 0.28475903448739 0.084716796875 5.4405187847103 0.00982666015625 0.63106882156943 2256.8021146461 0.0 0.0 2256.8021146461 504.75126959187 0.007859712 1.6152632479122 2.5152e-05 506.36653283979 0.007884864 4.4568548043441
16 13 1 7.0270028603047 0.035609394970544 0.020868861974359 1296.8723678844 0.28454143224666 209.0 0.2076416015625 5.8310904112317 0.06231689453125 1.7500127307077 0.0 0.0 0.02294921875 0.64447089789039
17 9 1 7.1270683575576 0.024432317147338 0.014312257094358 1296.8675333304 0.28459989420334 0.13569975623969 5.8092422630643e-06 4.2809526148324e-05 3693.0 3.3261289422475e-05
18 8 1 7.2271288798036 0.03360490651057 0.01969533147968 1296.8724291646 0.28454719968806 0.066804005225625 0.00013366186520258 0.0020008061605161 14.969162352206
19 5 1 7.327189018869 0.036171689425056 0.021198986115982 1296.8743547798 0.2845367392811 6.2176784583371
20 6 1 7.427244459216 0.024358914053959 0.014272968852044 1296.8738947666 0.284589176917 1.0 8.0
21 7 1 7.5273053003262 0.036271089919144 0.021246920380494 1296.8763965548 0.2845431121528 97.922946371155 2.0770536288451 2.8474487112046
22 7 1 7.6273690764369 0.022631277665471 0.013258731884056 1296.871679136 0.28460366864873 7.0454864949321e-07 2.4294781017007e-08 0.03448275862069
23 9 1 7.7274321776787 0.021742559525166 0.012617207816729 1285.6688880549 0.28464190686626 2390.9102302253 0.0 0.0 2390.9102302253 0.0
24 6 1 7.8274970761553 0.032522269990885 0.018994847872952 1293.1922239056 0.28457343987805 0.0 0.0
25 13 1 7.9275605234372 0.036083465485202 0.021146696908653 1296.8769232443 0.28454506794041 3.5143817717109 186753764.0 153210605.0 137693.0 546660.0 0.073729705388963 0.62975116260575 82.038831088834 17.257688043171
26 7 1 8.0276214352048 0.024348550060039 0.01426325934511 1296.8723713354 0.28459040338804 82.376330537492 17.623669462508 1.4429786644334
27 12 1 8.1276837039573 0.036624536444079 0.021466551266247 1296.8750093401 0.28453869463726 984804.0 0.41165551723998 0.32067294608876 97.751430741549 2.0778811066495 0.0085537122172098 0.0066632025609148 2.0311585108582
1 7 1 8.2277494802164 0.036438195619908 0.021355511321248 1296.8726859794 0.28453896404889 93.781590626185 6.218409373815 4.794892006679
2 10 1 8.3278153361916 0.024749948513841 0.013292271058332 1190.9648804058 0.28510860610913 4.0313619215895 9.9776e-05 0.32064713167229 7.936e-06 4.3520090532617 0.000107712
3 5 1 8.4278924185436 0.01431899128991 0.0077371286473893 1197.1191029646 0.28519468439006 566.68773868097
4 6 1 8.5279523465426 0.023379522516623 0.013688647853161 1296.8725211833 0.28458388834912 0.0 0.0
5 7 1 8.6280085568743 0.024080201337118 0.014106915765644 1296.8758215461 0.28457572596429 4.0933319147989e-05 1.0233329786997e-05 0.25
6 8 1 8.7280707404755 0.035062179533844 0.019625761098326 1240.2009713181 0.28460159182475 2.0930839789761 0.014504806595194 0.010387610896574 99.553798916162
7 7 1 8.8281330182865 0.023294536135922 0.013648931137015 1296.8733610081 0.28458533137502 51.0 4.8163408358576e-07 39.960784313725
8 10 1 8.9281989920241 0.024962669919338 0.014623210881874 1296.8722293554 0.28516996461835 514.85518342105 0.01285216 1.4895842520112 3.7184e-05 516.34476767306 0.012889344
9 19 1 9.028266279265 0.034390245600603 0.020153726464855 1296.875377932 0.28468142001887 0.29510498046875 8.58106638423 0.02294921875 0.66731767538169 0.00020354608923983 0.0 0.0 0.00020354608923983 505.95742182472 0.0174 1.2747800788963 4.384e-05 507.23220190361 0.01744384 4.0128778984444e-07
10 9 1 9.1283400171658 0.036934588443645 0.021642201079471 1296.8738571173 0.28461067013495 0.00018952424529329 0.0 0.0 0.00018952424529329 0.0
11 7 1 9.2283542406853 0.024965592237701 0.014624542955387 1296.8688049011 0.28460224997879 106373128.0 136278311.0 136204333.0
12 10 1 9.3284155256691 0.0367267279062 0.021524031982112 1296.872632243 0.28458511115681 50.0 2.9942752391817e-07 38.24 2.0 1.1977100956727e-08 40.5
13 9 1 9.4284765687871 0.037092669923849 0.021734143592443 1296.8728878095 0.0 0.2846510462525 0.304931640625 8.2208059234081 0.024169921875 0.65160911642706
14 10 1 9.5285407117728 0.036483087539032 0.021374245048743 1296.8747238678 0.28462040378777 2.5769748763565 9.4016e-05 0.68766109702637 2.5088e-05 4.3627886436342 0.000159168
15 19 1 9.6286129658678 0.033759431567372 0.019711589026999 1292.716860297 0.28456012725656 0.28759765625 8.5190313609414 0.022216796875 0.65809155674505 2406.4120226039 0.0 0.0 2406.4120226039 500.70795671622 0.016903616 0.22559621552872 7.616e-06 500.93355293174 0.016911232 4.8038547398557
16 13 1 9.7286845568702 0.022991286271689 0.013100210606715 1263.8995647183 0.28467611169786 209.0 0.1920166015625 8.3517120048626 0.0390625 1.6990132495588 0.0 0.0 0.01507568359375 0.65571292600161
17 9 1 9.8287486500334 0.036593946311163 0.021446302480643 1296.8731312177 0.28454110477141 0.13568810810359 3.5635302354453e-06 2.626265695093e-05 3598.0 2.1621554447103e-05
18 8 1 9.9288260675552 0.03264576828816 0.017221945896304 1169.2022685866 0.31008632608943 0.066805124229206 0.00013403038703335 0.0020062890171943 14.968911614759
19 5 1 10.028886694881 0.021696827869798 0.012706893368696 1296.8753008631 0.28461987486429 6.2045181627139
20 6 1 10.128941454924 0.036367749267737 0.021317904363151 1296.8720250439 0.28452440459837 1.0 8.0
21 7 1 10.22900267378 0.037326933689228 0.02084384336007 1236.2847847221 0.28456369406419 97.909694327372 2.0903056726277 2.8594146637259
22 7 1 10.329062604497 0.02339884097955 0.013705900945391 1296.8745604196 0.28457867639844 6.8933498279706e-07 2.3500056231718e-08 0.034090909090909
23 9 1 10.429120623839 0.036439056191031 0.02135700192102 1296.8725357336 0.28452952429877 2415.8196507204 0.0 0.0 2415.8196507204 0.0
24 6 1 10.52917761412 0.036493362758247 0.021375421766521 1296.8778054512 0.28460316394821 0.0 0.0
25 13 1 10.629237530343 0.024338427026034 0.014258643060431 1296.8688098641 0.2849593978701 3.5092718733771 125922988.0 103156058.0 130889.0 369824.0 0.10394368977331 0.63195450857631 81.919957299616 17.344144502035
26 7 1 10.729307180078 0.034604488858192 0.020238096857804 1294.9161197851 0.28455129347341 82.382861121857 17.617138878143 1.4447991028616
27 12 1 10.829369594675 0.035894550194574 0.021036300127336 1296.8704651532 0.28452886445094 955092.0 0.43074384457204 0.34918102130475 97.865545936936 2.0564067338314 0.0088578454253438 0.0071805820353723 2.012513676748
1 7 1 10.929431290921 0.036986303332983 0.021674624681812 1296.8748457854 0.2845200820745 93.785044470351 6.2149555296495 4.7842514618472
2 10 1 11.029489469696 0.036642789610541 0.021478301232608 1296.8736018294 0.28452519740394 1.9142647365424 7.0144e-05 0.14846031259681 5.44e-06 2.0627250491392 7.5584e-05
3 5 1 11.129556432637 0.037033002451466 0.021709041185702 1296.8749840185 0.28453729402556 570.73761378021
4 6 1 11.241629879169 0.037104477865528 0.021755862595871 1296.8748377623 0.28452592835426 0.0 0.0
5 7 1 11.341685886587 0.036814850389248 0.021578017420418 1296.8749739468 0.28451854453639 2.8087118465714e-05 6.4559164493807e-06 0.22985328513715
6 8 1 11.441763151017 0.036390301666359 0.018038101132404 1097.3569484708 0.28466592008391 2.1064592541235 0.050576054023723 0.043128502825512 99.561222223001
7 7 1 11.541833689405 0.014073523794367 0.007597609233388 1197.1152313253 0.28474102471133 52.0 8.8269283783031e-07 42.096153846154
8 10 1 11.641888259217 0.035090937103199 0.020085856843801 1267.2216142813 0.28460130728249 537.55281440689 0.018863232 10.012841747904 0.00035136 547.5656561548 0.019214592
9 19 1 11.741957601864 0.033982235242979 0.01927905510995 1257.2436078253 0.28461132842311 0.45611572265625 13.422181307231 0.022216796875 0.65377679590956 0.00020598998123427 0.0 0.0 0.00020598998123427 500.45913337951 0.01700672 0.25425049112345 8.64e-06 500.71338387063 0.01701536 4.1139300020687e-07
10 9 1 11.84201991138 0.024556782907728 0.014388274059291 1296.8690972374 0.28456989626391 0.00028505362556253 0.0 0.0 0.00028505362556253 0.0
11 7 1 11.94207873513 0.03669560059573 0.021508874154102 1296.8722223172 0.28452951784246 156483232.0 200478632.0 200371662.0
12 10 1 12.042139655957 0.036756805319899 0.021543699202809 1296.8748577094 0.28452729935279 47.0 2.811478010919e-07 39.595744680851 2.0 1.1963736216677e-08 37.5
13 9 1 12.142200703604 0.024709161066044 0.014477410657468 1296.8706611658 0.0 0.28457533698634 0.32421875 13.121398542565 0.01568603515625 0.63482669906612
14 10 1 12.242263395395 0.036387411053248 0.021326084771078 1296.8738309338 0.28452289134695 1.8678987603855 6.7968e-05 0.48192491557968 1.7536e-05 3.4367930111048 0.000125056
15 19 1 12.342327792023 0.036758974864995 0.021545966581254 1296.8757921953 0.28452375465375 0.48553466796875 13.20860197413 0.0235595703125 0.64092022149768 2416.0326376396 0.0 0.0 2416.0326376396 502.34088594197 0.018465536 0.19499999731565 7.168e-06 502.53588593928 0.018472704 4.8076818098747
16 13 1 12.442393364463 0.024453839578205 0.014327391369895 1296.8704532999 0.28457170757615 209.0 0.3245849609375 13.273374101415 0.04437255859375 1.8145436201069 0.0 0.0 0.0157470703125 0.64395083079448
17 9 1 12.542458798305 0.036734896084959 0.021524195037693 1296.8721333111 0.28453639188497 0.13568940747863 3.478725831223e-06 2.5637416330902e-05 3768.0 2.2560824323663e-05
18 8 1 12.642520757252 0.036278253494349 0.020343459750981 1243.5859240193 0.2846315349398 0.066803874431575 0.00013363701364544 0.002000438070135 14.969191660048
19 5 1 12.74258744934 0.023334406849007 0.013420651058538 1274.294052228 0.28462759315552 6.1709274250817
20 6 1 12.842644926976 0.036200401701194 0.021217166813296 1296.8710290014 0.28452963680527 1.0 8.0
21 7 1 12.942711836471 0.036451217419803 0.021026256809392 1277.2349844373 0.28458541263136 97.925831787342 2.0741682126581 2.8378759924787
22 7 1 13.042791516842 0.017803262596156 0.008814953215694 1097.3569080288 0.28483222740059 1.8163779188568e-06 9.3866509900655e-07 0.51677852348993
23 9 1 13.142858452608 0.031345556741841 0.017992701023385 1271.3052772667 0.28468930731872 2364.6420323765 0.0 0.0 2364.6420323765 0.0
24 6 1 13.242920133454 0.036749141707578 0.021536273379878 1296.8742920446 0.28457133197242 0.0 0.0
25 13 1 13.342979128413 0.024679965058348 0.014459787519655 1296.8750520182 0.28461372078008 3.5135340533098 127699364.0 104738157.0 107884.0 377784.0 0.084482801339559 0.63442132726675 82.019325483876 17.261770387517
26 7 1 13.443042387275 0.036822869100391 0.021583275057051 1296.8702705491 0.28456996525646 82.380483188924 17.619516811076 1.443477745103
27 12 1 13.543109242418 0.03640633818278 0.021321154604404 1296.8732007186 0.28456762816117 991093.0 0.4440551996634 0.35193468221448 97.896262005685 2.1054108548919 0.009349186375425 0.0074096710014729 2.0611185268011
1 7 1 13.643173155315 0.024502182840467 0.014091023734586 1274.0734688366 0.28459923409969 93.759347450033 6.2406525499667 4.7926163993345
2 10 1 13.743231684659 0.03479787458934 0.020394161883986 1296.8738880619 0.28453454917497 1.9660970909114 6.8416e-05 0.15449219423438 5.376e-06 2.1205892851458 7.3792e-05
3 5 1 13.843291465002 0.036786191559106 0.021559223452945 1296.8722765957 0.28452017149359 570.69531275016
4 6 1 13.943346786681 0.025001963596838 0.014648851824965 1296.8734623512 0.28456995163635 0.0 0.0
5 7 1 14.043425221488 0.036708425823064 0.019884614551228 1199.3391505421 0.2849761536294 5.934248500648e-05 1.324852460055e-05 0.22325530518486
6 8 1 14.143491001371 0.035602312923129 0.020862695755793 1296.875528363 0.28464307906487 2.0620861109927 0.01603294280182 0.011350064315222 99.567345013927
7 7 1 14.243551375055 0.033409017876249 0.018443815123923 1222.3605183217 0.28460165559494 50.0 3.4945385394763e-07 41.34
8 10 1 14.34360437138 0.035567780468604 0.02084501418973 1296.8734204023 0.28456552234401 501.26985055303 0.017829056 0.1007653542836 3.584e-06 501.37061590732 0.01783264
9 19 1 14.443671351533 0.036249934363335 0.021241506482262 1296.876118823 0.28456779558311 0.4969482421875 13.708941848186 0.02423095703125 0.66844140429006 0.00019310379792247 0.0 0.0 0.00019310379792247 510.42078627085 0.01850272 1.1970228570645 4.3392e-05 511.61780912792 0.018546112 3.774375998592e-07
10 9 1 14.543753859107 0.021000757181203 0.01070188131914 1130.6001799707 0.28483423685346 0.00033332131501742 0.0 0.0 0.00033332131501742 0.0
11 7 1 14.64384535376 0.016581466290613 0.0077688764749322 1042.3237222087 0.28830482322956 55788408.0 71469578.0 71427820.0
12 10 1 14.743923842014 0.018551675938076 0.010026258706306 1197.1250697177 0.28466101259983 45.0 5.7867506018124e-07 41.711111111111 3.0 3.8578337345416e-08 33.0
13 9 1 14.844001072927 0.023231861193929 0.01361646088266 1296.8789989638 0.0 0.2846307702147 0.31011962890625 13.348892984403 0.01507568359375 0.64892276464228
14 10 1 14.94406507641 0.036268523605467 0.021256483137405 1296.8759310265 0.28458812380515 1.8722570772019 6.7904e-05 0.49938619495584 1.8112e-05 3.4621756696231 0.000125568
15 19 1 15.044133014967 0.035865512713138 0.021019265348412 1296.8750525985 0.28457476513507 0.482666015625 13.45766389806 0.0235595703125 0.65688647757347 2415.2524931915 0.0 0.0 2415.2524931915 506.60009088185 0.018169472 0.7191309435973 2.5792e-05 507.31922182545 0.018195264 4.7608140777732
16 13 1 15.144198639947 0.024718894578383 0.014482786962329 1296.8764714384 0.28462853585238 208.0 0.33685302734375 13.627349972127 0.04449462890625 1.800025028027 0.0 0.0 0.01641845703125 0.66420676617182
17 9 1 15.244263661621 0.036702649126164 0.021513270766678 1296.8760955814 0.28458279487997 0.13565682678478 3.4151534396386e-06 2.5174947111632e-05 3670.0 2.1988794953463e-05
18 8 1 15.344324188397 0.036508796874881 0.021397071471328 1296.8726158778 0.28456104743309 0.066803651182418 0.00013359083391232 0.0019997534797541 14.969241685149
19 5 1 15.444379952137 0.024807424700385 0.014533188348372 1296.8746326969 0.28462668187365 6.2355917723599
20 6 1 15.544436104494 0.03655730228686 0.020979330771891 1270.3603543536 0.28455829956936 2.0 8.0
21 7 1 15.644499539094 0.023392299733147 0.013707447708753 1296.8773240596 0.28457068670109 97.927996347319 2.072003652681 2.8373944009303
22 7 1 15.744558498723 0.023941380344523 0.01402610677835 1296.8747621401 0.28456842513849 6.5061112017332e-07 2.2962745417882e-08 0.035294117647059
23 9 1 15.844617221923 0.036681847763312 0.021498917346202 1296.8740109421 0.28452952999177 2415.7765053654 0.0 0.0 2415.7765053654 0.0
24 6 1 15.944678125538 0.036576787428825 0.021437130151263 1296.8764803682 0.28452808448839 0.0 0.0
25 13 1 16.044745890169 0.024356114933147 0.012256726802258 1115.1040198518 0.28470797316645 3.5123709001833 108243376.0 88751800.0 99080.0 320616.0 0.091534469508785 0.63467532646062 81.992823283708 17.280966920322
26 7 1 16.144828333426 0.016976809947163 0.0084077930117549 1097.3620898273 0.28477261403286 82.329160828225 17.670839171775 1.4483690276865
27 12 1 16.244872409705 0.020418330797587 0.011890275688851 1290.5231039286 0.28470379906849 571137.0 0.68670038887342 0.54943034683447 97.13886510592 2.1756124727542 0.014939939310782 0.011953475154828 2.1133652651363
1 7 1 16.34493324538 0.024379300530943 0.014279185346081 1296.8738426231 0.28463157302851 93.752497335462 6.2475026645382 4.7920479400895
2 10 1 16.444990620653 0.036307920551501 0.021280011604854 1296.8763194443 0.28458741181242 1.8649374288443 6.7712e-05 0.13925336188913 5.056e-06 2.0041907907334 7.2768e-05
3 5 1 16.545051317731 0.027456613188065 0.01593279133013 1285.157317298 0.28458313455778 569.89157210494
4 6 1 16.645107981901 0.036340428399226 0.021297775604572 1296.8744588493 0.28467011816032 0.0 0.0
5 7 1 16.745164956782 0.036581682719721 0.021437763803369 1296.8763144931 0.28456852281718 3.077094455184e-05 7.0103402398292e-06 0.22782336850332
6 8 1 16.845225000732 0.024260281732832 0.014216668930348 1296.8780287897 0.2845935261964 2.107418183498 0.017994094891133 0.012488819400361 99.562282809634
7 7 1 16.94528774144 0.03618183510567 0.020610461453627 1261.9503121479 0.2845933414789 47.0 2.9394633226681e-07 40.36170212766
8 10 1 17.045339869947 0.03593113624356 0.02105960846975 1296.8738884416 0.28453898244357 505.86365754736 0.018176256 0.83003219819816 2.9824e-05 506.69368974556 0.01820608
9 19 1 17.145402327119 0.036753188203587 0.02153916444592 1296.8744618909 0.28452708964284 0.497802734375 13.544477600624 0.02410888671875 0.65596722072663 0.00019045966736885 0.0 0.0 0.00019045966736885 503.48568122843 0.018504704 0.27339124824603 1.0048e-05 503.75907247668 0.018514752 3.780768978164e-07
10 9 1 17.24546565845 0.037057002421305 0.021717514640743 1296.8752544292 0.28452759535133 0.00018889817153628 0.0 0.0 0.00018889817153628 0.0
11 7 1 17.345525427923 0.036805372330653 0.021570565327421 1296.8743013978 0.28453179576795 156931666.0 201053115.0 200944974.0
12 10 1 17.445587045359 0.037151228618279 0.021772068961856 1296.8764633806 0.2845325800943 48.0 2.8412320590846e-07 38.479166666667 3.0 1.7757700369278e-08 28.0
13 9 1 17.545649222619 0.027747340383655 0.016259489039885 1296.8735417359 0.0 0.28455637138087 0.36187744140625 13.041878479259 0.01763916015625 0.63570633842228
14 10 1 17.645730859657 0.020531666202825 0.01017549578002 1097.358325031 0.28471586067247 2.4594204630627 5.0496e-05 0.55173310768326 1.1328e-05 4.812858295271 9.8816e-05
15 19 1 17.745803501462 0.01921119500053 0.010379109172504 1197.1276190829 0.28466199840162 0.25079345703125 13.05454746695 0.012451171875 0.64812063355019 2225.7730452905 0.0 0.0 2225.7730452905 504.96889963025 0.009701056 0.4030982976221 7.744e-06 505.37199792787 0.0097088 4.4042270929466
16 13 1 17.845869451647 0.035716710907239 0.020933634898165 1296.8773998486 0.28456721049986 208.0 0.4842529296875 13.558161358843 0.0633544921875 1.7738053302847 0.0 0.0 0.02349853515625 0.65791430843895
17 9 1 17.945935255082 0.037072193766296 0.021727530329825 1296.8769977374 0.28459091042844 0.13565733969686 3.9273699957475e-06 2.8950663521219e-05 3602.0 2.1369164236681e-05
18 8 1 18.045991825948 0.037175561946195 0.021785976244144 1296.8738183327 0.28455869443016 0.066803577053629 0.00013351223783892 0.0019985791738628 14.969258295813
19 5 1 18.146047502725 0.036852696495532 0.02160002494164 1296.876623533 0.28458784199048 6.2391091749644
20 6 1 18.246104092614 0.031525162464641 0.018476834332068 1296.8739984707 0.28484583519483 1.0 8.0
21 7 1 18.346163942709 0.025035149936954 0.014671057730477 1296.876120566 0.28489710351584 97.675152867479 2.3248471325209 3.1270030437545
22 7 1 18.44622528748 0.036750751428511 0.021203323847377 1277.1004693416 0.2848107046344 4.8142545801032e-07 4.0541091200869e-08 0.084210526315789
23 9 1 18.546284477199 0.035328043470879 0.020705412795006 1296.8788555118 0.2845340865977 2415.7293927231 0.0 0.0 2415.7293927231 0.0
24 6 1 18.646341083393 0.024572005052107 0.014395185351277 1296.8765146926 0.28458988971324 0.0 0.0
25 13 1 18.746401409973 0.036110582534236 0.021165686542824 1296.8751607756 0.28453566354663 3.5144979280818 186921468.0 153353283.0 136511.0 548324.0 0.07303120474102 0.63084621184336 82.041557152761 17.254565430655
26 7 1 18.84646400393 0.036538073504503 0.021416335582394 1296.8756413891 0.2845491377655 82.383522003824 17.616477996176 1.4421070673302
27 12 1 18.946525095059 0.025004811634324 0.014652142830114 1296.8787808933 0.28457258327555 672185.0 0.58123879586721 0.46386039557562 97.457842706993 2.077881811575 0.012077455221142 0.0096384707907657 2.025058787562
1 7 1 19.046588261523 0.036266125782557 0.021254478006687 1296.8775439482 0.28454835625926 93.778379012379 6.2216209876214 4.7962974523423
2 10 1 19.146683108781 0.035059943860652 0.017372471109111 1097.3623304516 0.28513609837327 3.4227094166764 0.00012 0.61334952746842 2.1504e-05 4.0360589441448 0.000141504
3 5 1 19.246751656079 0.018866139496981 0.010193927401757 1197.1222288766 0.28469531216746 568.16110316539
4 6 1 19.34680826952 0.034748318374726 0.020362521854299 1296.8759739181 0.28458457818602 0.0 0.0
5 7 1 19.446887211612 0.036831014632541 0.020405771441374 1226.5365059881 0.28470084078651 3.8737302458873e-05 7.6589903067136e-06 0.19771615008157
6 8 1 19.546948645157 0.040562976425422 0.023772601059316 1296.8766204699 0.28455626666782 2.0658782444624 0.013117782040459 0.0090805154981593 99.571893514399
7 7 1 19.647007631057 0.036045962701503 0.021001370904229 1291.3664059052 0.28463268393657 47.0 2.8851483520263e-07 43.468085106383
8 10 1 19.747060542231 0.036285026642023 0.021265409524616 1296.8814382616 0.28459839311833 502.04995519839 0.018216896 0.22929568392171 8.32e-06 502.27925088231 0.018225216
9 19 1 19.847124000383 0.024804895527146 0.014533336910124 1296.8769687213 0.2845804393979 0.33648681640625 13.56533898875 0.016357421875 0.65944328840647 0.00028220235768941 0.0 0.0 0.00028220235768941 508.51123263938 0.012613568 0.020641086733854 5.12e-07 508.53187372612 0.01261408 5.549354372257e-07
10 9 1 19.947187463971 0.036754953733187 0.021541759294324 1296.874481322 0.28454072143895 0.00019045051861076 0.0 0.0 0.00019045051861076 0.0
11 7 1 20.047250328782 0.036794041779482 0.021562397148662 1296.8732516857 0.28454532570722 156866779.0 200968028.0 200859103.0
12 10 1 20.147311112823 0.024682961657587 0.014460664849268 1296.8769036355 0.28458607729304 47.0 4.189444244193e-07 41.191489361702 2.0 1.7827422315715e-08 36.5
13 9 1 20.247372916867 0.036620650286058 0.021464969627109 1296.8740950665 0.0 0.28453633623913 0.499267578125 13.633498428483 0.024169921875 0.66000799238133
14 10 1 20.34744113896 0.03672703680594 0.021524471779249 1296.8770093661 0.28454838316752 1.8575960908713 6.8224e-05 0.48095358450326 1.7664e-05 3.3056846007343 0.000121408
15 19 1 20.4475043018 0.023323387009304 0.013661153964562 1296.8765376794 0.28458810702531 0.3109130859375 13.330528958486 0.01513671875 0.64899316484187 2413.7386640089 0.0 0.0 2413.7386640089 515.51483475378 0.012023552 1.4214059041586 3.3152e-05 516.93624065794 0.012056704 4.6693160087533
16 13 1 20.547571186837 0.036709837159706 0.021511342181497 1296.8778770854 0.28452355856688 207.0 0.4976806640625 13.557147145528 0.0648193359375 1.7657211514043 0.0 0.0 0.02423095703125 0.66006713475282
17 9 1 20.647645333283 0.036394657062108 0.020807862881396 1266.6392283393 0.28459889895388 0.13567346593476 3.7975139776082e-06 2.7990100727834e-05 4090.0 2.5337409736407e-05
18 8 1 20.747715779273 0.017715919156441 0.0095737885268496 1197.1248013017 0.28468633904086 0.066808752886076 0.00013441461948353 0.0020119312766208 14.96809859189
19 5 1 20.847772410832 0.03509083926985 0.020565123396315 1296.8795665108 0.28453934042246 6.2001398601399
20 6 1 20.947832885973 0.037197221162577 0.021798398361846 1296.8789282143 0.28452673042028 1.0 8.0
21 7 1 21.047892343828 0.024536669095911 0.014375423920688 1296.8779346376 0.28457297381366 97.919547755445 2.0804522445554 2.8503852712007
22 7 1 21.147951573405 0.03633622609455 0.021298157426391 1296.879823521 0.28453015802662 4.1832930304131e-07 2.5200560424175e-08 0.060240963855422
23 9 1 21.248014921948 0.036433871023546 0.021352979883348 1296.8765174074 0.28452770161307 2415.7238999699 0.0 0.0 2415.7238999699 0.0
24 6 1 21.348070473717 0.024664690373838 0.014451133344677 1296.8803933897 0.28457286052222 0.0 0.0
25 13 1 21.448129626296 0.036102549329264 0.021160518586761 1296.8794540621 0.28455904018968 3.5142092106209 186875828.0 153303216.0 140549.0 550352.0 0.075209833986662 0.63205124634953 82.034802275231 17.257936644433
26 7 1 21.548195600033 0.031546430347628 0.018486541121409 1296.8784173761 0.2845536817982 82.383720615428 17.616279384572 1.4448173082391
27 12 1 21.648257389583 0.024950204320148 0.014618523939776 1296.8798586357 0.28456723459196 667881.0 0.57345545089619 0.46235781523954 97.512580834011 2.0693251388329 0.011866657805403 0.0095676865021105 2.017852348723
1 7 1 21.748325454962 0.035503478594254 0.020423572128598 1273.4601056829 0.28457432879024 93.768386447859 6.2316135521406 4.78925570535
2 10 1 21.848387099574 0.036926885879158 0.021640481748953 1296.8793670093 0.28456145223582 1.8804726785584 6.944e-05 0.13171974522621 4.864e-06 2.0121924237846 7.4304e-05
3 5 1 21.948441884075 0.024755564872753 0.014503957917832 1296.8807247416 0.28462303863683 569.57839661645
4 6 1 22.048496668576 0.036939662189817 0.021651709031589 1296.8759828841 0.28455865979998 0.0 0.0
5 7 1 22.148556855652 0.036681612238584 0.021498516954164 1296.8823413756 0.28456826642253 2.9772674538587e-05 6.5228896290743e-06 0.21908981071285
6 8 1 22.24863750258 0.02100718247697 0.010555104120042 1116.2401236539 0.28486823215104 2.1617074194321 0.063886192635237 0.051587843085761 99.511026890732
7 7 1 22.348704921172 0.031415595455059 0.017467396180424 1232.1892092734 0.28459112312295 50.0 3.6897449884408e-07 43.82
8 10 1 22.448761897865 0.035968303857453 0.021079322795393 1296.8790598456 0.28452864282235 512.17716779222 0.018422144 2.469730025415 8.8832e-05 514.64689781763 0.018510976
9 19 1 22.548824943849 0.024531788298844 0.014372435021296 1296.8776874658 0.28459068329437 0.3240966796875 13.211294494286 0.0157470703125 0.64190470424213 0.00028534405705473 0.0 0.0 0.00028534405705473 508.41723595779 0.012472384 0.04435061915365 1.088e-06 508.46158657694 0.012473472 5.6119098194953e-07
10 9 1 22.648910993352 0.034217306133486 0.018726623706379 1214.5820388571 0.28493207848675 0.00020457484211914 0.0 0.0 0.00020457484211914 0.0
11 7 1 22.748973975019 0.022547002388277 0.013208382585212 1296.8739917218 0.2845965671959 96073203.0 123084630.0 123017463.0
12 10 1 22.849034505418 0.024089085148706 0.014112661663156 1296.8752588842 0.28458803482286 45.0 4.1101094672855e-07 42.577777777778 2.0 1.8267153187936e-08 37.0
13 9 1 22.949095524984 0.036414430268934 0.021344316649728 1296.8810711752 0.0 0.28451712538836 0.48614501953125 13.350339849914 0.0235595703125 0.64698445474786
14 10 1 23.049162855706 0.035969801251208 0.021080557488489 1296.8752102752 0.28451356769514 1.6867482690904 6.0672e-05 0.46083101444558 1.6576e-05 3.1920109649242 0.000114816
15 19 1 23.149226776755 0.024422059139546 0.014308300731851 1296.8794266445 0.284571315851 0.3236083984375 13.250659847658 0.01580810546875 0.64728798576827 2414.4975107573 0.0 0.0 2414.4975107573 511.41961161562 0.01248992 0.35639910419781 8.704e-06 511.77601071981 0.012498624 4.717879424167
16 13 1 23.24929331394 0.036409948052177 0.021338718408103 1296.8800054461 0.28452658108768 208.0 0.49761962890625 13.667133723815 0.0635986328125 1.7467378069686 0.0 0.0 0.02423095703125 0.6655037517913
17 9 1 23.34936779012 0.023502271664089 0.013608279568869 1282.331423342 0.28460534175 0.13569717500445 5.3710111184193e-06 3.9580861710961e-05 3914.0 3.7076080277766e-05
18 8 1 23.449398199624 0.024614324316504 0.014422501690466 1296.8787468279 0.28457513305627 0.066805642853459 0.00013391131712299 0.0020044911088833 14.968795408399
19 5 1 23.549454101056 0.0364492843053 0.021362362826188 1296.878511383 0.28454518201727 6.1849041354227
20 6 1 23.649509526909 0.036791412055301 0.021558053529149 1296.8799368695 0.28460983552878 1.0 8.0
21 7 1 23.749574027711 0.036620554264438 0.019068313018038 1153.7407025958 0.28466841621519 97.890072718568 2.1099272814318 2.884350627001
22 7 1 23.849647599839 0.017489026409201 0.0094522147383666 1197.1253910462 0.28471257632308 9.8865121587395e-07 1.7045710618516e-07 0.17241379310345
23 9 1 23.949707018742 0.023150479247439 0.013561518398678 1296.8774044896 0.28463359720257 2413.6435104764 0.0 0.0 2413.6435104764 0.0
24 6 1 24.049762752589 0.036654969862464 0.02148295556359 1296.881217389 0.28455732167733 0.0 0.0
25 13 1 24.149822626236 0.036711971376093 0.021514958844877 1296.880472783 0.2845669148411 3.5141119639941 190006012.0 155866886.0 144219.0 559220.0 0.075902335132427 0.63257682604275 82.032607473494 17.258913365331
26 7 1 24.249884702946 0.036700065601065 0.021507401671616 1296.8793676213 0.28457922126469 82.378508853082 17.621491146918 1.4431608158591
27 12 1 24.34996317127 0.035825574060228 0.020998094845841 1296.8796998876 0.28490672543583 966665.0 0.64707008115531 0.51093191539985 97.382857556651 2.0851114331487 0.013492132242654 0.010653499783608 2.0305410968407
1 7 1 24.450027731859 0.036625979485974 0.021463615812852 1296.881030625 0.28463124261534 93.756476566946 6.2435234330543 4.7691960507757
2 10 1 24.550085595393 0.036820129766625 0.021564367403603 1296.8769248734 0.28463832652192 2.315255284007 8.5248e-05 0.2033670181898 7.488e-06 2.5186223021968 9.2736e-05
3 5 1 24.650142256845 0.036593119257021 0.021447515432995 1296.8783935431 0.28457913527776 570.69067073603
4 6 1 24.750210718087 0.035007394670257 0.018932376750435 1197.1238644965 0.28459864503146 0.0 0.0
5 7 1 24.850266973711 0.023165108956539 0.013568973209268 1296.8834108812 0.284692805026 5.4290882203173e-05 1.1812281914676e-05 0.21757395413968
6 8 1 24.950328839354 0.036873470682453 0.021609329527214 1296.8841748557 0.2846578004199 2.0926786241954 0.01530710906748 0.010102733904595 99.569141455001
7 7 1 25.050387511825 0.036584355019526 0.021442068470715 1296.8805603774 0.28452663877863 43.0 2.5843889695803e-07 43.790697674419
8 10 1 25.150440493656 0.037009196336597 0.021688649726464 1296.8777679403 0.28452587803387 506.90795415757 0.018760256 0.5862326704605 2.1696e-05 507.49418682803 0.018781952
9 19 1 25.250505120374 0.036665188012225 0.021345269166082 1288.6075495926 0.28454090636255 0.50177001953125 13.685188778084 0.0242919921875 0.66253559587367 0.00019091678999889 0.0 0.0 0.00019091678999889 510.4613126151 0.01871616 0.94956556580021 3.4816e-05 511.4108781809 0.018750976 3.733139011004e-07
10 9 1 25.35059037634 0.01797099424918 0.0088988040954439 1097.3610107744 0.28475924799712 0.00038951656780589 0.0 0.0 0.00038951656780589 0.0
11 7 1 25.450654103534 0.020710336167761 0.011781399400829 1260.5609037012 0.28463953108285 85684678.0 109772322.0 109711101.0
12 10 1 25.550720876244 0.033681493717105 0.019707642629 1295.610831939 0.28456222799244 47.0 3.0737858031055e-07 40.340425531915 1.0 6.5399697938415e-09 63.0
13 9 1 25.650782441139 0.036806812654955 0.021574234530932 1296.8785775145 0.0 0.28454382526527 0.4998779296875 13.581125167604 0.02435302734375 0.66164455944739
14 10 1 25.75084498618 0.024260000009022 0.014213128812505 1296.8810840388 0.28490567312241 2.4112118704965 5.8496e-05 0.564550700532 1.3696e-05 4.6773289347815 0.000113472
15 19 1 25.850909201635 0.036874938182685 0.021614572670017 1296.8800749448 0.28480989567432 0.4986572265625 13.522930508848 0.024169921875 0.65545660728319 2413.6765615459 0.0 0.0 2413.6765615459 501.75389876824 0.018502144 0.019091557428849 7.04e-07 501.77299032567 0.018502848 4.8102959068788
16 13 1 25.950975736103 0.036444365461931 0.021358871625019 1296.8805423255 0.28481803676696 207.0 0.4830322265625 13.253961769949 0.06365966796875 1.7467629676595 0.0 0.0 0.02349853515625 0.64477827665283
17 9 1 26.051040078379 0.024606948769043 0.014417096397946 1296.8813144225 0.28487130922698 0.13568405144089 5.1460253608122e-06 3.792653083516e-05 3429.0 3.0688210369087e-05
18 8 1 26.151097170117 0.036693762596983 0.021507738653151 1296.8790243458 0.28483192089424 0.066803634699014 0.00013361179210471 0.002000067701506 14.969245378721
19 5 1 26.251152780766 0.03641052055844 0.020039308098798 1219.9712462993 0.28462054282998 6.2279973272241
20 6 1 26.351207894096 0.02474411927681 0.014497403989328 1296.8834374155 0.28458092441261 1.0 8.0
21 7 1 26.451268689007 0.036487170269615 0.021384475427673 1296.8791245847 0.28453036364995 97.932445770659 2.0675542293412 2.8297860621521
22 7 1 26.551328481127 0.028569735666267 0.016742085096783 1296.8784670166 0.28457191100083 5.8996161459643e-07 1.923787873684e-08 0.032608695652174
23 9 1 26.651387774115 0.02430431670429 0.014239193247175 1296.8830093117 0.28457976279906 2414.4044333343 0.0 0.0 2414.4044333343 0.0
24 6 1 26.751444891217 0.035744722950242 0.020950037836711 1296.8806494496 0.28452420243137 0.0 0.0
25 13 1 26.851522343161 0.034832283846315 0.017260695602267 1097.3638105161 0.28468729246805 3.5126260513094 152435148.0 124994140.0 129153.0 447032.0 0.084726522520908 0.63080727287384 81.99824098311 17.286225221495
26 7 1 26.951604921392 0.017010836929387 0.0090031954491155 1173.7712611535 0.28473941538574 82.335988937506 17.664011062494 1.4499302352758
27 12 1 27.051672593625 0.03277965684942 0.019125017408162 1291.7370119641 0.28455217995971 870047.0 0.45123999048327 0.35434867311766 97.490710271974 2.0605067568656 0.0092978304935874 0.0073013783524529 2.0088026724703
1 7 1 27.151738719548 0.036767735479032 0.021548945516137 1296.8783038106 0.284526488762 93.784886416709 6.2151135832913 4.795254265874
2 10 1 27.251801211143 0.023487472558357 0.013692978337641 1291.4404680973 0.2846077014965 3.0109667962055 7.072e-05 0.25068682828136 5.888e-06 3.2616536244868 7.6608e-05
3 5 1 27.351856539163 0.036185593536819 0.021207728612732 1296.8791099551 0.28452525791488 570.66724607112
4 6 1 27.451915861139 0.036603553908359 0.021453837460228 1296.8817777714 0.28452735252971 0.0 0.0
5 7 1 27.551970978092 0.032636497672498 0.019126455014871 1296.8796851808 0.28454170222561 3.2404056987935e-05 7.3244354223093e-06 0.22603451861094
6 8 1 27.652031168792 0.037091301162831 0.02174190866157 1296.8820044378 0.28453619199279 2.0576502037776 0.013343035313671 0.0096890643628234 99.568035637091
7 7 1 27.752094760106 0.036483067610017 0.021379406210823 1296.8804558416 0.28456884074308 45.0 2.7129225017334e-07 41.444444444444
8 10 1 27.852146645842 0.025091984771544 0.014699688025892 1296.8819434386 0.28462508771288 505.87118219501 0.012693312 0.017854307025886 4.48e-07 505.88903650204 0.01269376
9 19 1 27.952209294151 0.036882659770324 0.021618948900646 1296.8797684093 0.28457151004264 0.49835205078125 13.511825174339 0.02410888671875 0.65366453690925 0.00018979108457987 0.0 0.0 0.00018979108457987 500.50707066558 0.018460032 0.22210979498261 8.192e-06 500.72918046056 0.018468224 3.790294074839e-07
10 9 1 28.05227623354 0.036908828379393 0.021631125076179 1296.8789740429 0.28457254498199 0.00018965652141665 0.0 0.0 0.00018965652141665 0.0
11 7 1 28.152335059102 0.024450147275153 0.01432488167274 1296.8781323728 0.28462806682285 104185127.0 133472503.0 133401359.0
12 10 1 28.252407186376 0.034621945769899 0.02029156459464 1296.8791442909 0.28454810475998 46.0 2.9216700080303e-07 41.369565217391 1.0 6.3514565391964e-09 65.0
13 9 1 28.352476891369 0.036372274060118 0.020547674184455 1251.3542382071 0.0 0.28462049541997 0.4962158203125 13.64269441862 0.02490234375 0.68465182322228
14 10 1 28.452554567062 0.016963590668841 0.0091662274779399 1197.1264411554 0.28469188629317 3.1012302187078 5.2608e-05 0.72060215544183 1.2224e-05 6.1232319281785 0.000103872
15 19 1 28.552618566015 0.018709791841125 0.010962532006894 1296.8773926072 0.28461638189613 0.24249267578125 12.960736166409 0.01171875 0.62634315226541 2414.2834609582 0.0 0.0 2414.2834609582 488.65279088269 0.009142592 0.41390091700423 7.744e-06 489.06669179969 0.009150336 4.9365117302796
16 13 1 28.652691242243 0.03611284357163 0.02116143260388 1296.8829675941 0.28469221377012 206.0 0.49951171875 13.831968611367 0.0653076171875 1.8084318687882 0.0 0.0 0.02423095703125 0.67097892701769
17 9 1 28.752757700618 0.024310326208326 0.014240441528236 1296.8830059719 0.28458255362665 0.13568708353164 5.8019771617524e-06 4.2759981353713e-05 3932.0 3.5590287363511e-05
18 8 1 28.85281456589 0.035990760234455 0.021094756006163 1296.8783457975 0.28455852281717 0.066803711325714 0.00013361011098364 0.0020000402422584 14.96922820836
19 5 1 28.952875032878 0.03641314394157 0.021340865759522 1296.8796041466 0.2845740943777 6.2417187289316
20 6 1 29.052940139704 0.022684995420865 0.012266906905717 1197.1271090972 0.2846549094777 1.0 8.0
21 7 1 29.153002352292 0.034217209206001 0.019399170909776 1255.2630039812 0.28455514790168 97.938766146386 2.0612338536144 2.8294532401769
22 7 1 29.265084159046 0.035244547237018 0.020648134539821 1296.8802242989 0.28456643601472 5.3034354344484e-07 1.5598339513083e-08 0.029411764705882
23 9 1 29.365142683861 0.024345990993277 0.01426354106892 1296.8779570961 0.28462146859567 2414.0392155829 0.0 0.0 2414.0392155829 0.0
24 6 1 29.465215127282 0.036357844547037 0.021308880595522 1296.879966486 0.28501096658629 0.0 0.0
25 13 1 29.565280195155 0.035878757355661 0.021025789836324 1296.8834459426 0.28459845300167 3.5137225429477 185685992.0 152306114.0 143989.0 546736.0 0.077544352403277 0.63289696080036 82.023480801934 17.266077884863
26 7 1 29.665342041774 0.025096691642657 0.014702908373623 1296.8810093721 0.28456991361558 82.379688969235 17.620311030765 1.4449885761809
27 12 1 29.765404310527 0.036852843245555 0.021599907632208 1296.8813370054 0.28458536064882 994378.0 0.43585035067148 0.34363189853356 97.827586692385 2.0851282944246 0.0090880389831998 0.0071651659449917 2.0398306898757
1 7 1 29.865471306079 0.036969962446144 0.021665720035344 1296.8795320736 0.28456184345814 93.77511257128 6.2248874287204 4.7915315631351
2 10 1 29.965564038144 0.019636857030694 0.0097310896049235 1097.3643558371 0.28514013787098 4.2141163359621 8.2752e-05 0.69420477924202 1.3632e-05 4.9083211152041 9.6384e-05
3 5 1 30.065626275191 0.032681278170309 0.018335350098312 1242.3210487902 0.28464000100577 570.28367096517
4 6 1 30.165691420063 0.036389445624557 0.020869359293882 1270.7929674134 0.28457705964065 0.0 0.0
5 7 1 30.265748032598 0.041978549795509 0.024607925290726 1296.8796202933 0.28452424686426 2.8211386225456e-05 5.9020293811192e-06 0.20920735103026
6 8 1 30.365808679853 0.03683614001298 0.021591340873139 1296.8784036069 0.28454166952904 2.0804888728882 0.012659916137863 0.0085273503066133 99.56929643717
7 7 1 30.465869608832 0.036586407708121 0.021442567601967 1296.8796603538 0.28453700207276 45.0 2.7046286582116e-07 41.666666666667
8 10 1 30.565918532391 0.024640297258876 0.014436106414064 1296.8805555907 0.28459741371441 509.56787850751 0.012555904 0.22597129983869 5.568e-06 509.79384980735 0.012561472
9 19 1 30.665983535042 0.036320836365269 0.021285399233019 1296.8749960424 0.28455481312239 0.4974365234375 13.695624143533 0.0242919921875 0.66881698271488 0.00019272683948142 0.0 0.0 0.00019272683948142 516.19428064515 0.018748608 2.5021450245816 9.088e-05 518.69642566973 0.018839488 3.7155999143926e-07
10 9 1 30.76605511608 0.022471396232822 0.012826787684692 1264.7175868175 0.28462988690675 0.00031150712343257 0.0 0.0 0.00031150712343257 0.0
11 7 1 30.866114168108 0.03641409147567 0.021279683681962 1294.1293417456 0.28456795427027 154796583.0 198317068.0 198210794.0
12 10 1 30.966175720322 0.036629386441758 0.021468221227159 1296.8812589411 0.28452891051626 47.0 2.8213785820027e-07 37.148936170213 3.0 1.8008799459592e-08 27.666666666667
13 9 1 31.066236094912 0.036366404059191 0.021308388258253 1296.8797959464 0.0 0.28452940949174 0.48577880859375 13.357900544774 0.02349853515625 0.64616053646665
14 10 1 31.166300687207 0.035061775518348 0.020549482289679 1296.8779926735 0.28455226688833 1.9275692403151 6.7584e-05 0.53847814951983 1.888e-05 3.5466543881933 0.000124352
15 19 1 31.266364710618 0.036473386637809 0.02137618541016 1296.8766156425 0.2845406888012 0.48309326171875 13.245089262371 0.02349853515625 0.64426523891507 2415.6189518378 0.0 0.0 2415.6189518378 501.461083985 0.018289984 0.012282928493829 4.48e-07 501.4733669135 0.018290432 4.8170433590634
16 13 1 31.378444122266 0.036428455766518 0.021359472213077 1296.8783681785 0.28454336593363 207.0 0.4835205078125 13.273154121919 0.06378173828125 1.7508768060345 0.0 0.0 0.0235595703125 0.6467353561046
17 9 1 31.478529372797 0.035967660693771 0.017829218327051 1097.3664149982 0.28466731171697 0.13568298752113 4.8235223936438e-06 3.554994241922e-05 3906.0 2.8246894257231e-05
18 8 1 31.578598221748 0.026055938568788 0.014087393936173 1197.1284006026 0.28464875353944 0.066805812323863 0.00013392906783804 0.0020047517301155 14.968757436137
19 5 1 31.67865405524 0.024224212932385 0.014130080528561 1292.7875436331 0.28463269398086 6.1951400607492
20 6 1 31.778710153245 0.034895584740568 0.020390140299246 1294.0818924006 0.28460221812787 3.0 8.0
21 7 1 31.878770287781 0.037348905428808 0.021578089436633 1283.3928138237 0.28467156189483 97.879846109509 2.1201538904914 2.8972032303951
22 7 1 31.978829203929 0.024595994151573 0.014350157552502 1292.8133210131 0.28461794369807 6.3602667759276e-07 2.2448000385627e-08 0.035294117647059
23 9 1 32.078889441734 0.036609557071344 0.020366090959801 1231.6236620971 0.2845512005864 2292.8242435826 0.0 0.0 2292.8242435826 0.0
24 6 1 32.178946543436 0.035722734905104 0.020936671355434 1296.8805154799 0.2845265080087 0.0 0.0
25 13 1 32.279005308305 0.024377693527603 0.01428357607054 1296.8791412668 0.28457654579509 3.5139930355331 126143180.0 103475337.0 103954.0 369840.0 0.082409528600754 0.62905501510268 82.030068530062 17.258466926234
26 7 1 32.379068347042 0.036572953810936 0.021437364317195 1296.8788005404 0.28452005932734 82.392262680052 17.607737319948 1.4445452298387
27 12 1 32.479130710911 0.036510901197744 0.021398482355038 1296.8795021137 0.28453047310208 972981.0 0.40041891876614 0.3164501670639 97.799237600734 2.0594656604594 0.0082464901299715 0.0065171825231474 2.0141417145782
1 7 1 32.5791920122 0.024727077250971 0.014488486207827 1296.8761291114 0.28457019537904 93.771238102997 6.2287618970031 4.7779427069595
2 10 1 32.679252968355 0.036223722272777 0.02116793353932 1294.0886299427 0.2848047867783 2.4664500055298 8.9344e-05 0.33215802366734 1.2032e-05 2.7986080291971 0.000101376
3 5 1 32.779310044693 0.036052971373906 0.021005039654808 1291.2922795682 0.28458474838388 570.66018881321
4 6 1 32.879364411591 0.024192903543183 0.014113129089156 1292.8037596587 0.28464286111007 0.0 0.0
5 7 1 32.979423278822 0.03701906844618 0.020483074733671 1227.4817233429 0.28467377197586 8.970163084741e-05 7.6356546117831e-06 0.085122807017544
6 8 1 33.07950358424 0.017060872346237 0.0084631019178631 1100.0258113599 0.28477069914813 2.142402771143 0.042857581708504 0.032994129774342 99.528732508428
7 7 1 33.179561729498 0.021637231054833 0.012672609121 1296.883590303 0.28461950514268 48.0 4.8828459781717e-07 40.5625
8 10 1 33.279613936815 0.036350704524305 0.021306894035023 1296.8767468663 0.28453910979317 501.41399564383 0.018226752 0.047536905339609 1.728e-06 501.46153254917 0.01822848
9 19 1 33.379677567987 0.036319271937553 0.02128570632103 1296.8758105159 0.28454569834873 0.48406982421875 13.328180836088 0.02349853515625 0.646999069713 0.00019273514105778 0.0 0.0 0.00019273514105778 501.43031587508 0.018211584 0.031718697499794 1.152e-06 501.46203457258 0.018212736 3.8434642658851e-07
10 9 1 33.479739651038 0.024373804651989 0.014280538254474 1296.8833417976 0.28458551966413 0.00028719357112878 0.0 0.0 0.00028719357112878 0.0
11 7 1 33.579799937759 0.03579739805578 0.020981103548406 1296.8794261316 0.28454178284002 152638298.0 195551853.0 195446712.0
12 10 1 33.679866339064 0.035823245988873 0.020750999965011 1285.4185419331 0.28465580333366 42.0 2.6095370739014e-07 40.428571428571 2.0 1.2426367018578e-08 36.0
13 9 1 33.77992586486 0.024135559612833 0.014015706096924 1288.5287487661 0.0 0.28469387538241 0.322509765625 13.362431648509 0.0157470703125 0.6524427262141
14 10 1 33.879990324898 0.036477967593779 0.021100751469301 1283.6011305507 0.28463573982245 1.9141417300866 6.9824e-05 0.49827337428469 1.8176e-05 3.437033592337 0.000125376
15 19 1 33.980059851435 0.036565517570564 0.020929803092004 1273.2049206812 0.28471481898009 0.49591064453125 13.562248738152 0.024169921875 0.66100313849946 2357.7711660617 0.0 0.0 2357.7711660617 502.29618559496 0.01836672 0.19078083570232 6.976e-06 502.48696643067 0.018373696 4.6922036263145
16 13 1 34.080125511744 0.022749267401691 0.013326130455653 1296.8778523013 0.28466455903449 206.0 0.30975341796875 13.615973319023 0.0406494140625 1.7868449715211 0.0 0.0 0.01507568359375 0.66268875069927
17 9 1 34.180191480952 0.036642676377499 0.021477033928396 1296.8783668266 0.28461651074247 0.13567709621331 3.6854228680609e-06 2.7163190921088e-05 3686.0 2.2124541843115e-05
18 8 1 34.280252838405 0.036589013879829 0.0214420485417 1296.8763941633 0.28454450727648 0.066803637993708 0.00013360339314632 0.0019999418768017 14.969244640452
19 5 1 34.380308007899 0.024945395086364 0.014614583882827 1296.8755768021 0.28458138173493 6.214519293656
20 6 1 34.480363608584 0.036710849916039 0.021517681873085 1296.8793656106 0.28453849765877 1.0 8.0
21 7 1 34.580478717309 0.021301284923093 0.010439643104129 1088.0396942314 0.28809191904966 97.522544301962 2.4774556980383 3.0996775839422
22 7 1 34.680566205325 0.016170932194936 0.0083303112641834 1143.0037418343 0.28477852540037 1.1091567740093e-06 3.3532646656094e-07 0.30232558139535
23 9 1 34.780631804034 0.033366006531496 0.018760943735717 1247.8938986181 0.28470066937952 2316.2143161199 0.0 0.0 2316.2143161199 0.0
24 6 1 34.88069861932 0.035250064856716 0.020148873296651 1271.9818993117 0.28478650274092 0.0 0.0
25 13 1 34.980759041015 0.023111299708846 0.012937390550147 1246.926103661 0.2849625006784 3.5092336627428 114254552.0 93599677.0 123668.0 339680.0 0.10823901353182 0.63693742372733 81.922055061754 17.332768500987
26 7 1 35.080822480144 0.034358573865665 0.020137216181385 1296.8761167306 0.28457723302408 82.375234743629 17.624765256371 1.4450091033265
27 12 1 35.180888800828 0.036957868251333 0.021658543778039 1296.8792585032 0.28451695267954 982362.0 0.39058921253061 0.31179951993257 97.743398054892 2.0543548874322 0.0080240885774056 0.0064054686767249 2.007996275083
1 7 1 35.280951155637 0.024949704283032 0.014616720363874 1296.8761987731 0.28458124427047 93.768947743481 6.2310522565189 4.8021507482005
2 10 1 35.381009221179 0.036761877254342 0.021548169190398 1296.8772477364 0.28455301465448 1.8123122369147 6.6624e-05 0.12186537616141 4.48e-06 1.9341776130761 7.1104e-05
3 5 1 35.48106886836 0.036950777145275 0.021655720198889 1296.8802001288 0.28453925256086 570.70400362169
4 6 1 35.581123820446 0.024496872663702 0.014352404096066 1296.8790886483 0.2845796711612 0.0 0.0
5 7 1 35.681179720066 0.036241693715429 0.020623837899411 1266.4031032116 0.28475503319746 3.5108113948531e-05 7.1792153211459e-06 0.20448877805486
6 8 1 35.781261964939 0.035582452753327 0.019991245654482 1253.181201805 0.28481767011456 2.1482464506174 0.013426257109788 0.009511209474669 99.478535139614
7 7 1 35.881324841527 0.023342681919758 0.013303748359527 1269.8251844083 0.28483498662582 46.0 4.4607749320275e-07 42.565217391304
8 10 1 35.98138238982 0.034839692004892 0.018917204428596 1203.1556623077 0.28463293069936 501.93601015601 0.017487296 0.23513411079666 8.192e-06 502.17114426681 0.017495488
9 19 1 36.081461019388 0.03521309472125 0.01789312162109 1125.6658572279 0.28468389342431 0.497802734375 14.136864093192 0.02655029296875 0.75398919575017 0.00019878968478666 0.0 0.0 0.00019878968478666 842.8737160125 0.029680192 60.037665440527 0.002114112 902.91138145302 0.031794304 2.2016522204732e-07
10 9 1 36.181543796909 0.017722560953786 0.0091871543030029 1149.6176624209 0.28474394990046 0.00039497677667767 0.0 0.0 0.00039497677667767 0.0
11 7 1 36.281603397891 0.033789119459405 0.019803428724368 1296.8793972595 0.28454640263317 144068192.0 184571964.0 184473227.0
12 10 1 36.381668932285 0.03661445236224 0.021459389049839 1296.8770594909 0.28453532629635 48.0 2.8826588319042e-07 37.5625 1.0 6.0055392331338e-09 63.0
13 9 1 36.481729501636 0.024559591993048 0.014388918128837 1296.8764075884 0.0 0.28458589775723 0.33551025390625 13.661067903783 0.01641845703125 0.66851505659773
14 10 1 36.581792541279 0.028648353820654 0.01678630984682 1296.876212436 0.28456126447052 2.1312219327584 6.1056e-05 0.56296428412485 1.6128e-05 4.1038309124498 0.000117568
15 19 1 36.681871303103 0.03606026629944 0.02018752833979 1249.1547052834 0.28510284416971 0.4776611328125 13.246189832489 0.02362060546875 0.65503136534287 2302.8756446341 0.0 0.0 2302.8756446341 528.12388688032 0.019044288 5.5764424569189 0.000201088 533.70032933724 0.019245376 4.3149226598639
16 13 1 36.781947469626 0.021179749633844 0.011506645764089 1206.4472151171 0.28473346293363 205.0 0.2774658203125 13.100524090669 0.03240966796875 1.5302195979202 0.0 0.0 0.0137939453125 0.65127990419954
17 9 1 36.882019887683 0.033222532113783 0.018142339847934 1211.278593017 0.284630519714 0.13570018347529 4.3630451497008e-06 3.2152094698497e-05 3577.0 2.5417935668534e-05
18 8 1 36.982085446534 0.021612794458383 0.012143655456475 1246.5921556697 0.28468360491156 0.066806802025799 0.00013413826485608 0.0020078534039735 14.968535683145
19 5 1 37.082140616934 0.02363888597115 0.013849402086102 1296.8786284957 0.28456726570874 6.1888720143587
20 6 1 37.18219704105 0.036984063130469 0.02167842251806 1296.8765465614 0.28452835412401 1.0 8.0
21 7 1 37.282261409596 0.036968636260749 0.021667665379016 1296.8758361448 0.28452653244717 97.934663880802 2.0653361191977 2.8321241741075
22 7 1 37.38232052594 0.024607957901919 0.014418110060143 1296.8756192587 0.28457288965034 6.180398658648e-07 2.2338790332463e-08 0.036144578313253
23 9 1 37.482385539461 0.034573538191269 0.018756309333751 1202.7167348579 0.28461494971595 2235.4379980559 0.0 0.0 2235.4379980559 0.0
24 6 1 37.582439732433 0.021470114483697 0.01174818724358 1220.220692138 0.28487113126078 0.0 0.0
25 13 1 37.682521371283 0.018556213412558 0.0091798670773154 1097.3600908754 0.2847727462666 3.51157199244 81070568.0 66457050.0 87862.0 240324.0 0.10837718566373 0.63674032726649 81.974323900136 17.280558586934
26 7 1 37.782591492067 0.019766094884431 0.010686738890823 1197.1238288709 0.28463430824611 82.366309906585 17.633690093415 1.4462653435225
27 12 1 37.882659101796 0.021034864785353 0.011423650926141 1206.2382204674 0.2847495465992 540022.0 0.74163645184826 0.58960560866039 95.785542070508 2.1411135374754 0.015879278469376 0.012624125504742 2.0508772082159
1 7 1 37.982726939802 0.033334226998701 0.019389566936038 1287.9931529316 0.28458360155081 93.765608013503 6.2343919864965 4.7904063610583
2 10 1 38.082784943745 0.036640905412713 0.021475538799302 1296.876765005 0.28458656759194 1.9038830840626 6.976e-05 0.18514826322076 6.784e-06 2.0890313472833 7.6544e-05
3 5 1 38.182840692992 0.03647370821965 0.021374750973977 1296.8772035051 0.2845661727986 570.68378889973
4 6 1 38.282896788279 0.036205623103253 0.021222173978439 1296.8763681446 0.2845740065158 0.0 0.0
5 7 1 38.382952566514 0.036507166319068 0.021395006100631 1296.875017403 0.28457590436052 3.0893484452676e-05 6.8618718392352e-06 0.22211388455538
6 8 1 38.48301231334 0.024154654327268 0.014150354678366 1296.8751617589 0.28459799172154 2.1044109558313 0.018228862585552 0.012841825582658 99.561268567513
7 7 1 38.583069876127 0.032327149529525 0.018945521747881 1296.8729085852 0.28457989465281 43.0 2.9254943799756e-07 44.744186046512
8 10 1 38.683128265968 0.035573044446286 0.019325333907379 1205.3127372342 0.28464624207648 504.36751420282 0.017941888 0.69086018311164 2.4576e-05 505.05837438593 0.017966464
9 19 1 38.783196533354 0.021534433569469 0.011839415935451 1223.3077300601 0.28480619415656 0.2764892578125 12.839402388763 0.01373291015625 0.63771866169354 0.0003250607905436 0.0 0.0 0.0003250607905436 506.06949864012 0.01089792 0.18426303098243 3.968e-06 506.25376167111 0.010901888 6.4209061769851e-07
10 9 1 38.883264595109 0.033448947470516 0.018141955761454 1202.8182407947 0.28462600875793 0.00020927414849661 0.0 0.0 0.00020927414849661 0.0
11 7 1 38.9833228536 0.03401450847184 0.019934754595409 1296.8735552039 0.28452619427665 145030588.0 185807925.0 185709901.0
12 10 1 39.083384012669 0.024118072807604 0.014130892635942 1296.8771245789 0.2845592694394 47.0 4.2868093244451e-07 38.68085106383 2.0 1.8241741806149e-08 37.5
13 9 1 39.183463805367 0.035456386330647 0.01760701886296 1099.9717459311 0.0 0.28466600250918 0.49078369140625 13.841898236032 0.025390625 0.71610865143506
14 10 1 39.283538655669 0.019352280653977 0.010517484026911 1207.1672252356 0.28477702571861 2.734974804591 5.2928e-05 0.65480654329989 1.2672e-05 5.3707364965607 0.000103936
15 19 1 39.383602334852 0.023598861261128 0.013823362562701 1296.8789778103 0.28458943972673 0.3206787109375 13.588736650854 0.0157470703125 0.66728093945951 2413.877490514 0.0 0.0 2413.877490514 508.43402430456 0.011998464 0.2684875312368 6.336e-06 508.70251183579 0.0120048 4.7451652672264
16 13 1 39.483674280953 0.035386397439968 0.019242225383456 1205.4504694519 0.28460095652875 205.0 0.473876953125 13.391500333678 0.0521240234375 1.4729960439157 0.0 0.0 0.02362060546875 0.66750523301564
17 9 1 39.583746534143 0.021051568923793 0.011486466277107 1211.0801258383 0.28474017761312 0.13569850076142 5.9170616361448e-06 4.3604473173568e-05 3607.0 4.0498750135815e-05
18 8 1 39.68380836808 0.021662211169888 0.011708603236559 1197.1243643237 0.28464590602258 0.066807089036802 0.00013420400179861 0.0020088287595449 14.96847137658
19 5 1 39.783878983467 0.033889024519931 0.01985741099215 1296.8753221785 0.28492728542059 6.2069514844316
20 6 1 39.883941681599 0.035279297098986 0.01907958740562 1197.1245359682 0.28458019865987 1.0 8.0
21 7 1 39.984001357767 0.023240911684555 0.013614990211903 1296.8718076852 0.28459905003079 97.910735338485 2.0892646615147 2.8522910488094
22 7 1 40.084061901754 0.03678422855108 0.021559951767875 1296.8748613097 0.28459504236173 4.5816430971342e-07 1.4940140534133e-08 0.032608695652174
23 9 1 40.184145881357 0.020781323320943 0.010496387352285 1119.3853576938 0.28470024499208 2080.577128427 0.0 0.0 2080.577128427 0.0
24 6 1 40.284202634302 0.02332147654141 0.013657410027242 1296.876632371 0.28468019115183 0.0 0.0
25 13 1 40.384262158285 0.036992185110146 0.02328616096709 1393.1827388907 0.28456366732612 3.5141520679587 205648108.0 168700420.0 158259.0 601268.0 0.07695621493391 0.62819250445037 82.033538572599 17.261312708017
26 7 1 40.484324661656 0.037418126146526 0.023539399872809 1392.176472152 0.28454749755149 82.383017050178 17.616982949822 1.4425351835294
27 12 1 40.584380352022 0.02483037839691 0.015607364095113 1392.6493706178 0.28464487743994 732061.0 0.54271433664681 0.43357042650817 97.15474530128 2.12447134237 0.011529810552995 0.0092110794601576 2.0640247216783
1 7 1 40.684448623032 0.038092701580185 0.021050435234505 1224.3301658974 0.28491587394581 93.672736409519 6.3272635904806 4.7095839645878
2 10 1 40.784528182017 0.01742759159549 0.0086301220144467 1097.3588023982 0.28474987162349 4.0175373410816 7.0016e-05 0.77119089728257 1.344e-05 4.7887282383641 8.3456e-05
3 5 1 40.884583702986 0.020998808667006 0.012299398900816 1296.8720010487 0.28463989198486 568.97880440259
4 6 1 40.984640108078 0.036935800490133 0.021650041335338 1296.8757863091 0.28456458503021 0.0 0.0
5 7 1 41.084700331389 0.036658992806 0.021484350141742 1296.8752712184 0.28457326199005 2.8556961196645e-05 6.9712581744751e-06 0.24411764705882
6 8 1 41.184759357147 0.024962971572163 0.014624357253197 1296.8762131488 0.28461160838526 2.1118778312215 0.018056140909009 0.013057408245691 99.564704537115
7 7 1 41.284817336632 0.036914471008371 0.021637877841906 1296.875871269 0.28456342859415 48.0 2.8591624128981e-07 41.333333333333
8 10 1 41.384873392967 0.036783878887445 0.021558639170446 1296.8768836943 0.28457197534905 501.57624910779 0.01844992 0.020878711632071 7.68e-07 501.59712781942 0.018450688
9 19 1 41.484935493228 0.02504452382115 0.014674786721035 1296.879037868 0.28460165008663 0.33740234375 13.472100574141 0.0164794921875 0.65800780662412 0.00027950221972632 0.0 0.0 0.00027950221972632 523.40959219716 0.013108544 2.8288818947386 7.0848e-05 526.2384740919 0.013179392 5.311322403947e-07
10 9 1 41.584998939604 0.036665594745314 0.021491496505525 1296.8737444538 0.28455719342254 0.00019091467215037 0.0 0.0 0.00019091467215037 0.0
11 7 1 41.685068430813 0.036287823045242 0.019625549579003 1197.1190409159 0.28454904925576 142773843.0 182913054.0 182814731.0
12 10 1 41.785134671781 0.021186392337053 0.011452968772591 1197.1237616402 0.28464587756228 44.0 4.9530494811219e-07 39.840909090909 1.0 1.1256930638913e-08 65.0
13 9 1 41.885201675486 0.033056033342127 0.019295632880314 1292.3023876873 0.0 0.2845601702429 0.44488525390625 13.458519033476 0.02154541015625 0.65178449976913
14 10 1 41.985269198252 0.036284943302504 0.021265956666678 1296.8774878782 0.28452829143155 1.6562241671149 6.0096e-05 0.4162608130342 1.5104e-05 3.1413580848047 0.000113984
15 19 1 42.085333177276 0.024737438527299 0.014494237540525 1296.8716873521 0.28458254423558 0.3360595703125 13.585059339982 0.016357421875 0.66124153707139 2414.5975313525 0.0 0.0 2414.5975313525 508.38440633705 0.012576128 0.012935858320451 3.2e-07 508.39734219537 0.012576448 4.7494298867216
16 13 1 42.185400021549 0.036849151848367 0.021599240463121 1296.8721411041 0.2845282237008 206.0 0.4993896484375 13.552269818651 0.06695556640625 1.8170178429552 0.0 0.0 0.024169921875 0.6559152833275
17 9 1 42.285483636089 0.020754854870776 0.011068107325258 1183.5795465995 0.28478272325913 0.13571403415528 7.248761819415e-06 5.3412028199833e-05 3690.0 4.3003104684311e-05
18 8 1 42.385546721931 0.019535688289414 0.010974845420874 1248.0499369234 0.28476490829145 0.066807588746364 0.0001343400331101 0.0020108498994047 14.968359414924
19 5 1 42.485603194963 0.036109615976984 0.021164816913057 1296.8728676847 0.28453518910595 6.2162370316676
20 6 1 42.585663536036 0.036783782865825 0.021557123659404 1296.8740616616 0.28453551220456 1.0 8.0
21 7 1 42.685731076919 0.023559120992508 0.012735839357834 1197.1200397174 0.28473908694522 97.857439508289 2.1425604917107 2.9132728556369
22 7 1 42.785798949348 0.033534798045798 0.01813844463127 1197.1237774281 0.28459311406651 5.0314918112767e-07 2.9597010654569e-08 0.058823529411765
23 9 1 42.885861397462 0.022538424758836 0.013205995632675 1296.8727428044 0.28458305476118 2414.6211007344 0.0 0.0 2414.6211007344 0.0
24 6 1 42.985916594132 0.024804588439134 0.014533646262796 1296.8718112779 0.28457476084318 0.0 0.0
25 13 1 43.085975849979 0.036443915247354 0.021358950435217 1296.8734380743 0.28452543281271 3.5146242995376 188628248.0 154759056.0 142439.0 550944.0 0.075513080098162 0.62753167277469 82.044475120185 17.252480126943
26 7 1 43.186041749436 0.036596679303879 0.021449125153928 1296.8736064924 0.28451982079154 82.391240690518 17.608759309482 1.4432114467904
27 12 1 43.286102982785 0.02449267307662 0.014349973209108 1296.8739695783 0.28458248708315 663369.0 0.60675129528211 0.48042642933269 97.526565154537 2.0938099080849 0.01270421873805 0.010059216178426 2.0420208842206
1 7 1 43.386164715266 0.036226919973899 0.021233439307378 1296.8752427073 0.28452893402939 93.784225982816 6.2157740171844 4.7931099143674
2 10 1 43.486226960466 0.036588805531031 0.021441578398107 1296.870164734 0.2845267588153 1.9048449105804 6.9696e-05 0.1206926527365 4.416e-06 2.0255375633169 7.4112e-05
3 5 1 43.586282154418 0.024309679421186 0.014242780469964 1296.8708759569 0.2845815849398 569.55841453856
4 6 1 43.686344273703 0.03606789005373 0.019502874712414 1197.1224342918 0.28456117280796 0.0 0.0
5 7 1 43.786421434865 0.020853425593128 0.010328984075085 1097.3559678071 0.28480151031558 0.00026901946781278 1.5173791996311e-05 0.056404066663572
6 8 1 43.886499720205 0.017672994774665 0.0093612999284891 1174.5408162642 0.28471871736412 2.1077774685536 0.033611996313567 0.024801366504008 99.535673519185
7 7 1 43.986562276116 0.03262052637831 0.019065936935872 1294.1475271249 0.28455733414886 49.0 3.3123855367998e-07 41.816326530612
8 10 1 44.0866182165 0.036235847266975 0.021237325012467 1296.8748710778 0.28452022472959 491.16974880896 0.017797952 0.056518617735387 2.048e-06 491.2262674267 0.0178
9 19 1 44.18668712705 0.023615558152653 0.012770489574724 1197.1234433999 0.28492216107883 0.30218505859375 12.796015941711 0.01507568359375 0.63837930470666 0.00029641475991173 0.0 0.0 0.00029641475991173 490.93601451456 0.011593728 0.14092404585518 3.328e-06 491.07693856041 0.011597056 6.0360146575131e-07
10 9 1 44.286756498685 0.032931442572457 0.01781212149642 1197.1208801867 0.28479577277239 0.00021256281089412 0.0 0.0 0.00021256281089412 0.0
11 7 1 44.386826354957 0.021222831636016 0.01147326466314 1197.1220797095 0.28490459755647 83361798.0 106798746.0 106741996.0
12 10 1 44.486892753545 0.021067403432465 0.011388075821759 1197.1186993277 0.28464258518949 40.0 4.5283781344273e-07 45.35 2.0 2.2641890672137e-08 36.5
13 9 1 44.586947592398 0.033348333118212 0.018036952949352 1197.1163186499 0.0 0.28454744891552 0.44671630859375 13.395461386638 0.02215576171875 0.66437388760072
14 10 1 44.687030356331 0.019686400563207 0.010636922240212 1197.1267242563 0.28516684822876 3.8816643882995 7.6416e-05 0.8810142790864 1.7344e-05 6.8498047455168 0.000134848
