--------------------------------------------------------------------------------
CPU name:	Intel(R) Core(TM) i7-8750H CPU @ 2.20GHz
CPU type:	Intel Coffeelake processor
CPU clock:	2.21 GHz
--------------------------------------------------------------------------------
Allocate: Process running on core 0 (Domain S0) - Vector length 2000/8000 Offset 0 Alignment 1024
Allocate: Process running on core 0 (Domain S0) - Vector length 2000/8000 Offset 0 Alignment 1024
--------------------------------------------------------------------------------
LIKWID MICRO BENCHMARK
Test: ddot_sp
--------------------------------------------------------------------------------
Using 1 work groups
Using 1 threads
--------------------------------------------------------------------------------
--------------------------------------------------------------------------------
=========== Threads started
Group: 0 Thread 0 Global Thread 0 running on core 0 - Vector length 2000 Offset 0
=========== Threads finished
--------------------------------------------------------------------------------
Cycles:			96579111208
CPU Clock:		2207990334
Cycle Clock:		2207990334
Time:			4.374073e+01 sec
Iterations:		15000000
Iterations per thread:	15000000
Inner loop executions:	500
Size (Byte):		16000
Size per thread:	16000
Number of Flops:	60000000000
MFlops/s:		1371.72
Data volume (Byte):	240000000000
MByte/s:		5486.88
Cycles per update:	3.219304
Cycles per cacheline:	51.508859
Loads per update:	2
Stores per update:	0
Load bytes per element:	8
Store bytes per elem.:	0
Instructions:		112500000020
UOPs:			135000000000
--------------------------------------------------------------------------------
--------------------------------------------------------------------------------
