1 7 2 0.10064903788506 0.10066624305923 0.10066624305923 0.0014337080513288 0.0 1456.4426018797 - 1.4253926813552 - 32.733636135613 - 67.266363864387 - 9.7044253030717 -
2 10 2 0.20102853860936 0.036920168748211 0.036920168748211 0.0 0.0 - - - - 0.0 0.0 0.0 0.0 0.0 0.0 0.0 0.0 0.0 0.0 0.0 0.0
3 5 2 0.30138895910893 0.036700285100533 0.036700285100533 0.0 0.0 - - - - - -
4 6 2 0.40174515666851 0.036356511336164 0.036356511336164 0.0 0.0 - - - - 0.0 0.0 0.0 0.0
5 7 2 0.50209025429105 0.036530561320166 0.036530561320166 0.0 0.0 - - - - - - - - - -
6 8 2 0.60249637982764 0.036108078911277 0.036108078911277 0.0 0.0 - - - - - - - - - - - -
7 7 2 0.702882067313 0.035954919889257 0.035954919889257 0.0 0.0 - - - - 0.0 0.0 - - - -
8 10 2 0.80317773968949 0.036346427730875 0.036346427730875 0.0 0.0 - - - - 551.7535904351 0.0 0.020054272 0.0 237.91322943835 0.0 0.008647296 0.0 789.66681987345 0.0 0.028701568 0.0
9 19 2 0.90357862233105 0.036697198060754 0.036697198060754 0.0 0.0 - - - - 0.46832275390625 0.0 12.761812308692 0.0 0.02423095703125 0.0 0.66029447237728 0.0 0.0 0.0 0.0 0.0 0.0 0.0 0.0 0.0 502.63543198756 0.0 0.018445312 0.0 0.031392042468551 0.0 1.152e-06 0.0 502.66682403003 0.0 0.018446464 0.0 0.0 0.0
10 9 2 1.0039672383374 0.035665247221681 0.035665247221681 0.0 0.0 - - - - 0.0 0.0 0.0 0.0 0.0 0.0 0.0 0.0 - -
11 7 2 1.1043655892078 0.034999615139077 0.034999615139077 0.0095643924636326 0.0 1496.9545927926 - 0.43390920412268 - 42553410.0 0.0 55204155.0 0.0 52375872.0 0.0
12 10 2 1.2048016394645 0.036221816580243 0.036221816580243 0.0099194151726938 0.0 1496.3796127989 - 0.43361132080776 - 0.0 0.0 0.0 - - - 61654.0 0.0 0.0012206423864673 - 29.898854899925 -
13 9 2 1.3051882065026 0.035732775311037 0.035732775311037 0.0097721779589356 0.0 1496.6222397534 - 0.0 0.0 0.43344746146895 - 0.49749755859375 0.0 13.922723725299 0.0 0.0323486328125 0.0 0.90529304065862 0.0
14 10 2 1.4056050451904 0.035998946438977 0.035998946438977 0.0098523060257959 0.0 1496.5407267944 - 0.43402949000783 - 2.1991754712656 0.0 7.9168e-05 0.0 1.9378344896358 0.0 6.976e-05 0.0 4.8730315010015 0.0 0.000175424 0.0
15 19 2 1.5060444524217 0.035250958874366 0.035250958874366 0.0096462501967074 0.0 1496.6416261808 - 0.43360761518078 - 0.4837646484375 0.0 13.723446507133 0.0 0.031494140625 0.0 0.89342649478683 0.0 0.0 0.0 0.0 0.0 0.0 0.0 0.0 0.0 709.30586850453 0.0 0.025003712 0.0 1406.3985089509 0.0 0.049576896 0.0 2115.7043774555 0.0 0.074580608 0.0 0.0 0.0
16 13 2 1.6064385214737 0.035126103151922 0.035126103151922 0.0096141315768413 0.0 1496.4034820518 - 0.43342923563188 - 204.0 204.0 0.48388671875 0.0 13.775701695607 0.0 0.07122802734375 0.0 2.0277805094316 0.0 0.0 0.0 0.0 0.0 0.03125 0.0 0.88965177448927 0.0
Running without Marker API. Activate Marker API with -m on commandline.
17 9 2 1.7068648214674 0.034773824629192 0.034773824629192 0.0095175026120514 0.0 1496.1827193703 - 0.4334970943901 - 0.27682347049323 - 1.4440222008924e-07 - 5.2164009009768e-07 - 13.0 0.0 2.681755515943e-07 -
18 8 2 1.8072355628975 0.034949121929443 0.034949121929443 0.00025458657637413 0.0 1495.1040845168 - 1.3457958245547 - 0.21081928749282 - 0.014341122390347 - 0.068025665777071 - 4.7433990119811 -
19 5 2 1.9075944471238 0.034859876768868 0.034859876768868 0.011238098382659 0.0 1496.539940438 - 1.7979834049371 - 5.8308151464279 -
20 6 2 2.0079396788079 0.035167377815828 0.035167377815828 0.023655199124741 0.016888785655532 1496.477128332 1496.4729586303 0.86458506836277 0.62243001474275 4.0 0.0 9.0 -
21 7 2 2.1082927757404 0.034746783139011 0.034746783139011 0.023502215379187 0.023515809042911 1496.4698624514 1496.4704804175 0.62499538704277 0.62435690668842 86.525388400858 86.565245237686 13.474611599142 13.434754762314 1.5419254394718 1.541011445702
22 7 2 2.2086179498183 0.03482779800515 0.03482779800515 0.023562034021488 0.023571159720508 1496.4701205554 1496.4739498147 0.62600660782753 0.62497771784526 0.00010714033745767 9.5565093207587e-05 3.9296488768985e-05 3.891650758998e-05 0.36677585400094 0.40722513089005
23 9 2 2.308968909012 0.033031973303447 0.033031973303447 0.022353028135475 0.02236280149689 1496.4678530586 1496.4774337802 0.62424454271221 0.62269489972346 1276.535634509 1280.2719841018 0.0 0.0 0.0 0.0 1276.535634509 1280.2719841018 0.0 0.0
24 6 2 2.4092859941037 0.033637961567306 0.033637961567306 0.022760703985612 0.022766379410418 1496.4708016222 1496.476302732 0.62367544166796 0.62278827678254 0.0 0.0 0.0 0.0
25 13 2 2.5096447959002 0.033777988894583 0.033777988894583 0.022866909748544 0.02286580736374 1496.4757601714 1496.473847838 0.62295721001875 0.62215984672834 1.6052466909724 1.6073039834675 201955100.0 201945364.0 75647412.0 75740699.0 17164546.0 15405703.0 3808.0 4008.0 8.499189176208 7.6286490042921 0.003595353620681 0.0036940684610121 37.457539819495 37.505539864733 54.039675650677 54.862117062514
26 7 2 2.6100060080878 0.032691627167753 0.032691627167753 0.022123890162119 0.022133795773477 1496.476152243 1496.4699477828 0.62368013940707 0.6233160553429 37.417591695028 37.439593691873 62.582408304972 62.560406308127 1.9083449578341 1.9071376431398
27 12 2 2.7103731678995 0.032427003182989 0.032427003182989 0.021945256721166 0.021948637700033 1496.4717588137 1496.4731420442 0.62287324677736 0.62306127782751 6460966.0 6475102.0 34.432374353928 34.587316153475 9.8782287354553 9.8317833448801 99.727734211881 99.732482978647 13.334275811484 13.3613914695 4.5913077647954 4.6213467100594 1.3171902648749 1.3136630611425 13.297971140356 13.325647473029
1 7 2 2.8107421493184 0.031145328217525 0.031145328217525 0.021087362206841 0.021091503169973 1496.4747341234 1496.4739900457 0.62202190183304 0.6219177225288 50.347687396208 50.3528898318 49.652312603792 49.6471101682 2.3549064859828 2.3548659440749
2 10 2 2.9110458110408 0.031602886753581 0.031602886753581 0.021380340670098 0.021386889306861 1496.4671555282 1496.4768064651 0.62200808158892 0.62183461854133 5137.5904127367 5140.5653308425 0.162362688 0.162456704 5108.6188821566 5111.7335343328 0.161447104 0.161545536 10246.209294893 10252.298865175 0.323809792 0.32400224
3 5 2 3.0113525960358 0.030565016370799 0.030565016370799 0.020684725441884 0.020683761194864 1496.4725048994 1496.4681254655 0.62185126017128 0.62227241774291 inf inf
4 6 2 3.1116693930762 0.031046727732172 0.031046727732172 0.02100745833081 0.021017401080851 1496.4720356941 1496.4761912061 0.62249590607819 0.62209331966185 0.0 0.0 0.0 0.0
5 7 2 3.2119829599571 0.030895361330963 0.030895361330963 0.020902254406491 0.020908254115406 1496.4756642674 1496.4725220063 0.62270523592091 0.62278909485491 0.15744283674753 0.15598524711689 0.057476231423621 0.057383955224439 0.3650609491735 0.36788065721009
6 8 2 3.3123366773773 0.030619362945228 0.030619362945228 0.020726837537797 0.020725054881023 1496.4707974193 1496.4705469743 0.62202503819558 0.62211034159475 13.236191985936 13.249496221423 8.4547130370338 8.4594940520463 2.186144659045 2.1946260253048 99.947263790719 99.948743093457
7 7 2 3.4126790611586 0.030863549784597 0.030863549784597 0.02088381233302 0.020893000986636 1496.4735986185 1496.4723124399 0.6220164695599 0.62169154836586 0.0 0.0 0.0 0.0 - -
8 10 2 3.5129510299972 0.030149494294559 0.030149494294559 0.020395122975475 0.020399593204734 1496.475324013 1496.4717765822 0.62196656368838 0.62191142099091 10797.936337485 0.0 0.32555232 0.0 3.9865345277679 0.0 0.000120192 0.0 10801.922872012 0.0 0.325672512 0.0
9 19 2 3.6133150701596 0.030289987214103 0.030289987214103 0.020508162256042 0.020515936469336 1496.4725247815 1496.4689815622 0.62230424576053 0.62274829264446 0.47222900390625 0.0 15.590267522014 0.0 0.06158447265625 0.0 2.0331627154856 0.0 0.0 0.0 0.0 0.0 0.0 0.0 0.0 0.0 10776.505836491 0.0 0.326420224 0.0 2.810169558618 0.0 8.512e-05 0.0 10779.316006049 0.0 0.326505344 0.0 0.0 0.0
10 9 2 3.7136439870921 0.03007597328995 0.03007597328995 0.020357013252 0.020366013494737 1496.4723374541 1496.4737753494 0.622711540192 0.62328477619216 0.0 0.0 0.0 0.0 0.0 0.0 0.0 0.0 - -
11 7 2 3.8139856271939 0.030373586389071 0.030373586389071 0.020561961714266 0.020560612946005 1496.4745896842 1496.4750851369 0.62378527532669 0.62456249328012 67935127.0 67846123.0 87342740.0 87228391.0 87340215.0 87225811.0
12 10 2 3.9143372268034 0.029768592717254 0.029768592717254 0.020154656345135 0.020158240228025 1496.4653539192 1496.4756344151 0.62362526182636 0.62437646970626 3137.0 3143.0 4.3961799844574e-05 4.4091100265421e-05 36.22951864839 36.776646516067 0.0 0.0 0.0 0.0 - -
13 9 2 4.0146544921535 0.029906071062741 0.029906071062741 0.020235355532471 0.020251258135279 1496.4643528185 1496.4708307605 0.0 0.0 0.62451069514923 0.62453556584192 0.45550537109375 0.0 15.231200719684 0.0 0.0595703125 0.0 1.991913694548 0.0
14 10 2 4.1149878186253 0.028823802743412 0.028823802743412 0.019494589630017 0.019506666042675 1496.4704372607 1496.4696111571 0.62653485263258 0.62688746082641 5191.4804348362 5192.0310908388 0.149638208 0.14965408 1.4654554909364 1.7652077504461 4.224e-05 5.088e-05 5192.9458903271 5193.8029597506 0.149680448 0.149705152
15 19 2 4.2153693049104 0.027553850920209 0.027553850920209 0.018644787725254 0.018659279058116 1496.4704651795 1496.4707587118 0.62707184142456 0.62775805198364 0.42926025390625 0.0 15.578956827098 0.0 0.05645751953125 0.0 2.0489883499312 0.0 1270.7024546729 1270.299970097 0.0 0.0 0.0 0.0 1270.7024546729 1270.299970097 10763.894776772 0.0 0.296586752 0.0 316.61984472745 0.0 0.008724096 0.0 11080.5146215 0.0 0.305310848 0.0 0.11467901068487 0.11464268704923
16 13 2 4.3157045308899 0.028792699549483 0.028792699549483 0.01947395637426 0.019490291506849 1496.4691101973 1496.4721849081 0.62628762517643 0.62719673478896 207.0 207.0 0.44073486328125 0.0 15.307174046803 0.0 0.08575439453125 0.0 2.978338116017 0.0 0.0 0.0 0.0 0.0 0.0574951171875 0.0 1.9968644165751 0.0
17 9 2 4.4160491049476 0.028192839168285 0.028192839168285 0.019083540047585 0.019087483994534 1496.4703820184 1496.4673992901 0.62814880771747 0.62888309010836 0.13335608973382 0.13335689554242 0.0 2.0891129014809e-07 0.0 1.5665578393855e-06 0.0 0.0 0.0 0.0
18 8 2 4.5163761395829 0.028291852708256 0.028291852708256 0.019143296641112 0.019153565939815 1496.4702629215 1496.4694462917 0.62774658239475 0.62867572778771 0.066666792412248 0.066666788566623 0.0 0.0 0.0 0.0 14.999971707298 14.99997257256
19 5 2 4.6166861339037 0.028133588476084 0.028133588476084 0.019041475507303 0.019040553380984 1496.4693149271 1496.465648254 0.62821546107363 0.62907654554258 6.5725190839695 6.8106060606061
20 6 2 4.7169953120792 0.028562468702451 0.028562468702451 0.019332856554289 0.019337340823781 1496.4685278269 1496.4746157004 0.62790056223449 0.62990479172902 0.0 0.0 - -
21 7 2 4.8173504987419 0.028266120130187 0.028266120130187 0.019128849693505 0.019140347739116 1496.4668207675 1496.4715459825 0.62890924021563 0.63055839284403 86.134135327978 86.066084301205 13.865864672022 13.933915698795 1.5875131743877 1.5786396772899
22 7 2 4.9176870907003 0.028546569722929 0.028546569722929 0.019324051969002 0.019324051516091 1496.4712274605 1496.4711923867 0.62997088110658 0.63118323385591 0.00011330508560077 0.00011156305310774 6.0805052995873e-05 6.1254896231198e-05 0.53664893039418 0.54906077348066
23 9 2 5.0180372835689 0.02835167950295 0.02835167950295 0.019190714586646 0.019195529028086 1496.4725573435 1496.4692027011 0.63120916099801 0.63153266012303 1262.7723869506 1262.4421772359 0.0 0.0 0.0 0.0 1262.7723869506 1262.4421772359 0.0 0.0
24 6 2 5.1183507779841 0.028858412372489 0.028858412372489 0.019516911790019 0.01953827513793 1496.4691696592 1496.4680108753 0.63118389052916 0.6321821572638 0.0 0.0 0.0 0.0
25 13 2 5.218705298868 0.028889071713868 0.028889071713868 0.019558551952914 0.019557688704994 1496.4658313084 1496.4689274192 0.63250181922136 0.63153457087099 1.5810231205834 1.5834445905643 172736472.0 172728848.0 63726451.0 63821268.0 13648914.0 12642081.0 3320.0 3536.0 7.9015820121647 7.3190327767369 0.0035186547054174 0.0036948084086105 36.892296260398 36.948818184673 55.202603072732 55.728454230182
26 7 2 5.3190781599205 0.028572526944737 0.028572526944737 0.019331713860427 0.019343016701498 1496.4631451941 1496.4680150846 0.6323398201466 0.63187356891383 36.904974461541 36.932341540081 63.095025538459 63.067658459919 1.9915660784017 1.9899857506066
27 12 2 5.4194377869204 0.028986570720238 0.028986570720238 0.0196128672765 0.019618251026773 1496.4685888307 1496.4742666586 0.6322415541108 0.63156906484104 6072270.0 6043206.0 36.856941473288 36.710348778446 15.564739380825 15.013603706377 99.733921581221 99.720942824057 14.022408946897 13.951463122228 5.1682310587028 5.1216307718661 2.1825514074979 2.0946173844126 13.985098342896 13.912530563236
1 7 2 5.5197933984134 0.028423017477668 0.028423017477668 0.019241516228511 0.019246652236595 1496.4678435189 1496.4675434697 0.63273605250985 0.6325490623952 62.34305371781 62.350794068317 37.65694628219 37.649205931683 1.780906869487 1.6840464344174
2 10 2 5.620104606535 0.02876285997659 0.02876285997659 0.019461684757061 0.01947237163949 1496.4722998464 1496.4666911731 0.6327715045019 0.63225187666756 5051.0448584822 5057.8224876943 0.145282496 0.14547744 5031.662084987 5038.8647067071 0.144724992 0.14493216 10082.706943469 10096.687194401 0.290007488 0.2904096
3 5 2 5.7204095563356 0.028834266793744 0.028834266793744 0.019516034048955 0.019515043986021 1496.4668302287 1496.4710366258 0.6333765900618 0.63301969799704 inf inf
4 6 2 5.8207272546685 0.029332744005845 0.029332744005845 0.019854663652849 0.019858114832884 1496.470459053 1496.4687655689 0.63291218464289 0.63189465835676 0.0 0.0 0.0 0.0
5 7 2 5.9210464032216 0.028512249956741 0.028512249956741 0.019293886300358 0.019303859848331 1496.4709030718 1496.4712476282 0.63248944051989 0.63123795290198 0.15743076007961 0.15621080983646 0.056800599460947 0.05681380657544 0.36079733993678 0.36369958413838
6 8 2 6.0213966667443 0.029055682185631 0.029055682185631 0.019670525081538 0.019669542718087 1496.4635004305 1496.4704079779 0.63202051239454 0.63247446250524 14.045371099235 14.092969613817 9.0568821396011 9.1382339970092 3.036295350538 3.0742280437767 99.941606693856 99.940655106559
7 7 2 6.121723166945 0.028992281924995 0.028992281924995 0.019624754825369 0.019627561060474 1496.4727486696 1496.4627729335 0.63211237456071 0.63136563849696 0.0 0.0 0.0 0.0 - -
8 10 2 6.2219999013107 0.028883841500345 0.028883841500345 0.019542640291891 0.019552411388751 1496.4714013081 1496.4648922656 0.63320213781109 0.63093426019204 10639.874477788 0.0 0.307320448 0.0 293.87559130245 0.0 0.008488256 0.0 10933.750069091 0.0 0.315808704 0.0
9 19 2 6.3223581478386 0.028745633062703 0.028745633062703 0.019458288379229 0.019462699730087 1496.4673834817 1496.4656543113 0.63200898242809 0.62981889333772 0.44195556640625 0.0 15.374702844157 0.0 0.05706787109375 0.0 1.9852709790481 0.0 0.0 0.0 0.0 0.0 0.0 0.0 0.0 0.0 10639.718364624 0.0 0.30584544 0.0 4.4150010446166 0.0 0.000126912 0.0 10644.133365669 0.0 0.305972352 0.0 0.0 0.0
10 9 2 6.4226999691047 0.028823908724531 0.028823908724531 0.019512291647297 0.019516714320925 1496.4700432012 1496.4713518183 0.63196335015558 0.62935944870284 0.0 0.0 0.0 0.0 0.0 0.0 0.0 0.0 - -
11 7 2 6.5230286342188 0.02928441480385 0.02928441480385 0.019819602018826 0.019823580386993 1496.4693675021 1496.4626984971 0.6306533840133 0.62824746051181 64769517.0 65030838.0 83272803.0 83608725.0 83270335.0 83606072.0
12 10 2 6.6233822855141 0.028581936618807 0.028581936618807 0.019345418940199 0.019343604579672 1496.4681505357 1496.4697988742 0.63018261302529 0.62799638907635 3908.0 4119.0 5.7657456050353e-05 6.0565342402539e-05 34.629222108495 35.576839038602 0.0 0.0 0.0 0.0 - -
13 9 2 6.7237111707429 0.028569322148158 0.028569322148158 0.019327094170616 0.019346993258021 1496.4728073758 1496.4632263563 0.0 0.0 0.6299704942007 0.62704246559322 0.44207763671875 0.0 15.473858092473 0.0 0.0572509765625 0.0 2.0039319191964 0.0
14 10 2 6.8240730559558 0.028397903575706 0.028397903575706 0.019223143903297 0.019220575446344 1496.4688231601 1496.4711370419 0.62986567370323 0.62719351871687 5171.0003031923 5191.9528357768 0.146845568 0.147440576 1.5122243050624 1.2778408062152 4.2944e-05 3.6288e-05 5172.5283033098 5193.2532134579 0.14688896 0.147477504
15 19 2 6.9244381495887 0.028877618506423 0.028877618506423 0.019548828864594 0.0195581475036 1496.4652045404 1496.4651369126 0.62870749506019 0.6257138553275 0.43951416015625 0.0 15.219889412227 0.0 0.05718994140625 0.0 1.9804244381693 0.0 1267.9338149666 1274.607322339 0.0 0.0 0.0 0.0 1267.9338149666 1274.607322339 10685.565914356 0.0 0.308573696 0.0 3.1537226651756 0.0 9.1072e-05 0.0 10688.719637021 0.0 0.308664768 0.0 0.11862354501049 0.11924789550325
16 13 2 7.024776421846 0.028543007126845 0.028543007126845 0.019311413494083 0.019332538158021 1496.4700878113 1496.4657422846 0.62801999444394 0.62530469345927 207.0 207.0 0.44268798828125 0.0 15.509507681301 0.0 0.0865478515625 0.0 3.0321910784621 0.0 0.0 0.0 0.0 0.0 0.05731201171875 0.0 2.0079177875006 0.0
17 9 2 7.1251086531795 0.029127057299032 0.029127057299032 0.019716730132041 0.019716823431659 1496.4680045704 1496.4707989555 0.62734770290903 0.62434017262213 0.13335475921078 0.13335480172136 2.8821465489667e-08 2.8683158488448e-08 2.1612626096165e-07 2.1508905654842e-07 520.0 512.0 7.4935810273135e-06 7.3428885730427e-06
18 8 2 7.2254258922608 0.028699613705614 0.028699613705614 0.019426521218117 0.019430197947713 1496.4676905206 1496.4659310766 0.62766480886812 0.62427151356323 0.066666807147353 0.066666800540828 2.9266809640885e-08 2.9103078622607e-08 4.3900121954539e-07 4.3654530270706e-07 14.999968391912 14.999969878374
19 5 2 7.3257373657881 0.028417381456099 0.028417381456099 0.019208345496936 0.019238619864164 1496.4688155334 1496.4666161205 0.62620680724749 0.62303485457848 6.1276595744681 6.75
20 6 2 7.4260509589378 0.029149403916215 0.029149403916215 0.019730190187089 0.019728849571223 1496.4671765645 1496.4704529031 0.62697457458484 0.62362850619483 0.0 0.0 - -
21 7 2 7.5264115624133 0.028511451927972 0.028511451927972 0.019302217593895 0.019306736737516 1496.4665375363 1496.4709606661 0.62511389719856 0.62209807960106 86.581324148138 86.71244864746 13.418675851862 13.28755135254 1.5247933961422 1.5305989599167
22 7 2 7.6267505403056 0.028403124731013 0.028403124731013 0.019221654279788 0.019232158186268 1496.4671813078 1496.4692424884 0.62424255359013 0.6216927043571 0.00010535951962727 8.9450964328244e-05 3.4171980074549e-05 3.2806006966537e-05 0.32433690088413 0.36674849972722
23 9 2 7.727086512682 0.028115877853499 0.028115877853499 0.019027311628925 0.019026300732095 1496.4592422029 1496.4685812436 0.62354548081646 0.62181517421878 1278.037135715 1281.5260184208 0.0 0.0 0.0 0.0 1278.037135715 1281.5260184208 0.0 0.0
24 6 2 7.8274044320353 0.028598702469534 0.028598702469534 0.019348309869617 0.019357926523907 1496.4645820556 1496.463537253 0.62257469009142 0.62182159178586 0.0 0.0 0.0 0.0
25 13 2 7.9277598197904 0.028093591926358 0.028093591926358 0.01901969729313 0.019017959021611 1496.4667498798 1496.4655247192 0.62198091749118 0.62203766938724 1.6077663669066 1.6076196815943 167977436.0 167962084.0 63019047.0 63007557.0 14270317.0 12790640.0 3244.0 3500.0 8.4953773196062 7.6151948674321 0.0035766708571501 0.0037835920159219 37.516376306637 37.512964533115 53.9846697029 54.868057007437
26 7 2 8.0281273799753 0.028678294290048 0.028678294290048 0.019414186646322 0.019418309945933 1496.4660344528 1496.466043275 0.62292340786126 0.62291052895497 37.462372888062 37.463199546807 62.537627111938 62.536800453193 1.9042543170914 1.9039819386637
27 12 2 8.1284723381013 0.028662565604974 0.028662565604974 0.01938972991788 0.019408046987981 1496.4682119186 1496.469513409 0.62186997220732 0.6216999628171 5657791.0 5661204.0 33.741560973178 33.656338828278 9.507438503826 9.7814705140461 99.713739867733 99.7230094517 13.215627372252 13.211119287091 4.4591589677966 4.4463790702713 1.2564676453117 1.2922417376423 13.177796299857 13.174525735341
1 7 2 8.2288368456676 0.028618840693824 0.028618840693824 0.019374561483423 0.01937479020336 1496.4657990118 1496.4681959364 0.62184841822291 0.62212088064932 50.358194485477 50.342452167956 49.641805514523 49.657547832044 2.3547125051617 2.3560589112995
2 10 2 8.3291553864145 0.028510928363127 0.028510928363127 0.019298075724942 0.019302721230666 1496.465088811 1496.4705519088 0.62213596119439 0.62214619410995 5138.9428689909 5139.98892402 0.146516032 0.146545856 5113.269625711 5115.2562323651 0.145784064 0.145840704 10252.212494702 10255.245156385 0.292300096 0.29238656
3 5 2 8.4294624196047 0.028823307259034 0.028823307259034 0.019504786010087 0.01951480122585 1496.4640407168 1496.4675802948 0.62206640639648 0.62185325972557 inf inf
4 6 2 8.5297772039096 0.028907074916808 0.028907074916808 0.019567754193853 0.019565880954926 1496.4655007881 1496.4669468616 0.62195824724883 0.62150633501899 0.0 0.0 0.0 0.0
5 7 2 8.6300896892396 0.028370225292987 0.028370225292987 0.019202648332413 0.01920624852009 1496.465000447 1496.4660588452 0.62287129443782 0.62319989206124 0.15747942991775 0.15611294884699 0.05728763224149 0.057241713394745 0.36377850917679 0.36666858077768
6 8 2 8.7304379898471 0.028225614508761 0.028225614508761 0.019103389767717 0.019113464767702 1496.4723000381 1496.4651126356 0.62316510509778 0.62297798276522 13.35451378379 13.340074185231 8.6207148760026 8.6341441059575 2.2038046430858 2.2336395917936 99.944790253819 99.94448524352
7 7 2 8.8307767965391 0.027485152509435 0.027485152509435 0.018607866892539 0.018612997918604 1496.4696815388 1496.468970217 0.62227475195001 0.62216508330924 0.0 0.0 0.0 0.0 - -
8 10 2 8.9310331336155 0.0281659616318 0.0281659616318 0.01906097965652 0.01906534435757 1496.4640624534 1496.4697197846 0.62174261989265 0.62228160186248 10783.991967704 0.0 0.303741504 0.0 3.0311764645595 0.0 8.5376e-05 0.0 10787.023144169 0.0 0.30382688 0.0
9 19 2 9.0313346965494 0.027740661212126 0.027740661212126 0.01877682932991 0.018781734806414 1496.4671246051 1496.4687006898 0.62153616371783 0.62302417507569 0.410400390625 0.0 14.794181994681 0.0 0.0537109375 0.0 1.9361808678346 0.0 0.0 0.0 0.0 0.0 0.0 0.0 0.0 0.0 10771.882245884 0.0 0.298819136 0.0 2.692365529029 0.0 7.4688e-05 0.0 10774.574611413 0.0 0.298893824 0.0 0.0 0.0
10 9 2 9.1316658218749 0.028245933897357 0.028245933897357 0.019121830482457 0.019125716909738 1496.4656123745 1496.4691844531 0.62146402089939 0.62387145723837 0.0 0.0 0.0 0.0 0.0 0.0 0.0 0.0 - -
11 7 2 9.2320185827476 0.028530802087529 0.028530802087529 0.019308132155585 0.019317755603536 1496.4674824672 1496.4691480386 0.62259577561074 0.62534011816914 63914536.0 63665810.0 82173601.0 81853758.0 82171146.0 81851349.0
12 10 2 9.33237475585 0.028292713238711 0.028292713238711 0.019153755256515 0.019152117531186 1496.4687922944 1496.4666056084 0.62224909768009 0.62532873329523 2605.0 2745.0 3.8329284603399e-05 4.0592572893022e-05 36.198848368522 34.331876138434 0.0 0.0 0.0 0.0 - -
13 9 2 9.43269381835 0.028586701240063 0.028586701240063 0.01934456746796 0.019356725404556 1496.4656377591 1496.4645609404 0.0 0.0 0.62354407509335 0.6259769076409 0.43988037109375 0.0 15.387587654825 0.0 0.05755615234375 0.0 2.0133890881781 0.0
14 10 2 9.5330276620459 0.027717457687774 0.027717457687774 0.01875708740254 0.018767032870046 1496.4715145023 1496.4628737383 0.62447835338148 0.62658490714629 5213.6198647014 5198.8675737588 0.144508288 0.144099392 1.2468676019751 1.5793656291684 3.456e-05 4.3776e-05 5214.8667323034 5200.4469393879 0.144542848 0.144143168
15 19 2 9.6333832952786 0.029165025714348 0.029165025714348 0.019742916979608 0.019748431621092 1496.4664257491 1496.4648651495 0.62486881014494 0.62747621379299 0.4398193359375 0.0 15.080368529253 0.0 0.05743408203125 0.0 1.9692793208474 0.0 1275.6928920414 1270.7467623376 0.0 0.0 0.0 0.0 1275.6928920414 1270.7467623376 10704.518866459 0.0 0.312197568 0.0 4.5117052626243 0.0 0.000131584 0.0 10709.030571721 0.0 0.312329152 0.0 0.11912309741743 0.11866123210939
16 13 2 9.7337229760884 0.028051592605226 0.028051592605226 0.018983899226203 0.018999542764053 1496.4676588221 1496.4763995773 0.6251640959366 0.6277842812823 207.0 207.0 0.42181396484375 0.0 15.037077244775 0.0 0.08062744140625 0.0 2.8742553957963 0.0 0.0 0.0 0.0 0.0 0.05535888671875 0.0 1.9734668008987 0.0
17 9 2 9.8340734561025 0.02842356278223 0.02842356278223 0.019234570389007 0.019244558430125 1496.4701537799 1496.4716267843 0.62628110183971 0.62861931073586 0.13335250719643 0.13335393084877 1.4746856711179e-08 1.4794231545672e-07 1.105855226963e-07 1.1093959849184e-06 0.0 0.0 0.0 0.0
18 8 2 9.9343874894814 0.028237512474578 0.028237512474578 0.019111307553725 0.019111749141721 1496.4686818492 1496.465666504 0.62679890803502 0.62949118232675 0.066666785500597 0.06666679694791 0.0 0.0 0.0 0.0 14.999973262413 14.999970686777
19 5 2 10.034693962874 0.02873268434391 0.02873268434391 0.019448979704259 0.019453044578382 1496.4660462444 1496.4659055406 0.62682474943469 0.62959807972952 6.328125 6.2015503875969
20 6 2 10.135008879429 0.028774329488823 0.028774329488823 0.019471406939559 0.019481996446174 1496.4685153413 1496.4684474605 0.62810314683399 0.63041903148431 0.0 0.0 - -
21 7 2 10.235306863462 0.028693898877572 0.028693898877572 0.019422288767011 0.019420242516171 1496.4657998692 1496.4648058663 0.62865011569919 0.63228295482536 86.030622627381 85.903780892437 13.969377372619 14.096219107563 1.5996242413464 1.5861286326207
22 7 2 10.335653269996 0.029076112990276 0.029076112990276 0.019671704008261 0.01968259787091 1496.4651015876 1496.4688519742 0.62873776329292 0.63117998024749 0.00010464295293704 0.00010025908210341 5.9130807527074e-05 5.7040204484958e-05 0.56507204610951 0.56892805408015
23 9 2 10.435995874798 0.028498790354604 0.028498790354604 0.019290691467816 0.019288921039633 1496.4662430147 1496.4669222184 0.63014020138206 0.63217689617048 1264.9408466622 1260.7498617637 0.0 0.0 0.0 0.0 1264.9408466622 1260.7498617637 0.0 0.0
24 6 2 10.536307562099 0.028686280918491 0.028686280918491 0.019416799035619 0.019421209933566 1496.4693067917 1496.4697146537 0.6305965486793 0.63234600594936 0.0 0.0 0.0 0.0
25 13 2 10.636654987683 0.027997426289282 0.027997426289282 0.018939130808649 0.018952613056324 1496.4649222042 1496.4702744442 0.63512156396946 0.63461706185579 1.574501728063 1.5757534111606 167265892.0 167384964.0 61456859.0 61549518.0 13304396.0 12310535.0 7376.0 7788.0 7.9540400262834 7.3546241584758 0.0086520926812742 0.0089243380307445 36.742014923162 36.771234720939 55.295292957873 55.865216782554
26 7 2 10.73702580792 0.019927435090018 0.019927435090018 0.0134862047571 0.013491326272039 1496.4660845827 1496.4640496191 0.63786769722651 0.63729590885014 36.59897321859 36.632095191208 63.40102678141 63.367904808792 2.0239423052698 2.022043373528
27 12 2 10.83739766351 0.023315003808187 0.023315003808187 0.015778269744645 0.015784071984466 1496.4685346339 1496.4697506868 0.63744400278798 0.63679897332417 5101710.0 5088613.0 39.317072118956 39.562430862791 15.942909338241 15.663639581159 99.060236665745 99.059625874477 14.644314112272 14.601350100635 5.7577155408485 5.7766490385977 2.3347297221269 2.2871028537466 14.506692217692 14.464042782311
1 7 2 10.937769791753 0.028074446482467 0.028074446482467 0.018997288174261 0.019008627248193 1496.4656470738 1496.4667837341 0.63366365666134 0.63237878602892 62.357003706841 62.28724255042 37.642996293159 37.71275744958 1.7886727321069 1.6889209310783
2 10 2 11.038050851417 0.028186989372834 0.028186989372834 0.019076882712239 0.019078446613113 1496.470974948 1496.4695944432 0.63450481199728 0.63527584472054 5038.4528167054 5032.7718978289 0.142018816 0.141858688 4991.6363233742 4987.9557600254 0.1406992 0.140595456 10030.08914008 10020.727657854 0.282718016 0.282454144
3 5 2 11.138370737309 0.0276351918821 0.0276351918821 0.018701969973988 0.018705465539278 1496.4677306412 1496.4694842056 0.63224289259813 0.63252710947259 inf inf
4 6 2 11.238684841342 0.02875316587456 0.02875316587456 0.019455668290449 0.019465343823138 1496.4678700601 1496.4648424969 0.63274274731322 0.6324505119032 0.0 0.0 0.0 0.0
5 7 2 11.338994791277 0.028275585059371 0.028275585059371 0.01913583176587 0.019136458141459 1496.4673324586 1496.4677291805 0.63251191581881 0.63133693532114 0.15720939018454 0.15594015548593 0.056799408740232 0.056863859545964 0.3612978122589 0.36465180741143
6 8 2 11.439348910882 0.02937216626472 0.02937216626472 0.019876242586284 0.019884775425111 1496.4642873759 1496.4709695657 0.63255191551169 0.63184517286285 14.145356695915 14.08313973087 9.0866790807728 9.0553475278104 3.0495588981888 3.0010135658385 99.941491005242 99.944732190851
7 7 2 11.539665283092 0.02878836247599 0.02878836247599 0.019476927015973 0.019481226497872 1496.4695198122 1496.4700452955 0.63243534129201 0.63138368571705 0.0 0.0 0.0 0.0 - -
8 10 2 11.639934915817 0.029257294507196 0.029257294507196 0.019795633528191 0.019795755361187 1496.4721197875 1496.4706553094 0.63170126758289 0.63036366764409 10614.720917671 0.0 0.310558016 0.0 2.9706096022865 0.0 8.6912e-05 0.0 10617.691527274 0.0 0.310644928 0.0
9 19 2 11.740285590583 0.028579518981139 0.028579518981139 0.019341070091026 0.019357665194395 1496.4703565156 1496.469533273 0.63159447617204 0.62884568048093 0.42730712890625 0.0 14.951515775624 0.0 0.05517578125 0.0 1.9306056650713 0.0 0.0 0.0 0.0 0.0 0.0 0.0 0.0 0.0 10651.969342133 0.0 0.30442816 0.0 3.0410588805696 0.0 8.6912e-05 0.0 10655.010401013 0.0 0.304515072 0.0 0.0 0.0
10 9 2 11.840611512869 0.028569556755935 0.028569556755935 0.01933958182625 0.019335728008544 1496.4688299263 1496.4678210703 0.6332863413293 0.62899526635865 0.0 0.0 0.0 0.0 0.0 0.0 0.0 0.0 - -
11 7 2 11.940942242351 0.028037586792705 0.028037586792705 0.018978940759139 0.018983299119438 1496.4663745538 1496.4671034403 0.63201851599976 0.62826915405766 61888338.0 62271893.0 79568499.0 80061750.0 79566055.0 80059268.0
12 10 2 12.041308426593 0.028972096597986 0.028972096597986 0.01960998087619 0.019619456675231 1496.4659900412 1496.4757555622 0.63185559165888 0.62759069041812 4171.0 4270.0 6.0868625790006e-05 6.1862865904907e-05 35.868856389355 37.349882903981 0.0 0.0 0.0 0.0 - -
13 9 2 12.141638226701 0.028887871500339 0.028887871500339 0.019550665417749 0.019556870748151 1496.4674342804 1496.4690065066 0.0 0.0 0.63133286017049 0.62766999445408 0.4407958984375 0.0 15.258856936979 0.0 0.05718994140625 0.0 1.979721538348 0.0
14 10 2 12.241989580833 0.028586880592726 0.028586880592726 0.019349544051454 0.01935442688242 1496.4682990485 1496.4702608424 0.63327538747402 0.62841488678446 5143.5935978763 5184.1223990598 0.147039296 0.148197888 1.3141692699958 1.2984977454814 3.7568e-05 3.712e-05 5144.92567746 5185.4298519622 0.147077376 0.148235264
15 19 2 12.342362985379 0.028403054076934 0.028403054076934 0.01922030098242 0.019235692248974 1496.4717557851 1496.471745356 0.63016857852328 0.62520201984739 0.4254150390625 0.0 14.977792103279 0.0 0.0552978515625 0.0 1.946898084013 0.0 1264.5157067517 1275.5815590065 0.0 0.0 0.0 0.0 1264.5157067517 1275.5815590065 10697.004032631 0.0 0.303827584 0.0 5.3560437405054 0.0 0.000152128 0.0 10702.360076372 0.0 0.303979712 0.0 0.11815297726185 0.11918694100217
16 13 2 12.442706499625 0.028523216738024 0.028523216738024 0.019303199504435 0.01931197329179 1496.4704104592 1496.4653217854 0.62926323800169 0.62475274173816 207.0 207.0 0.44110107421875 0.0 15.464632838228 0.0 0.0855712890625 0.0 3.0000574566482 0.0 0.0 0.0 0.0 0.0 0.0572509765625 0.0 2.0071711086562 0.0
17 9 2 12.543044087081 0.028893832711838 0.028893832711838 0.019558785654869 0.019563136315685 1496.472908397 1496.4687046906 0.62881430215851 0.62423532717321 0.13335462452391 0.13335525577891 2.9122131828581e-08 3.3239183106321e-07 2.1838111675954e-07 2.4925289155028e-06 520.0 560.0 7.5717542754311e-06 8.0930184954521e-06
18 8 2 12.643344186208 0.028608487153718 0.028608487153718 0.019353760650683 0.019357977702824 1496.4667869218 1496.4631273078 0.62837287970598 0.62345775888432 0.066666818618222 0.066666817396817 2.9409978482189e-08 2.9173577461719e-08 4.4114867173444e-07 4.3760267252704e-07 14.999965810978 14.999966085793
19 5 2 12.743660177973 0.02886226301982 0.02886226301982 0.019531458377994 0.01952943884889 1496.4693570343 1496.4639245388 0.62737377739406 0.62298685959452 6.8450704225352 6.4137931034483
20 6 2 12.843965657679 0.028102240710342 0.028102240710342 0.01901665735607 0.01902565895754 1496.4630993272 1496.4691923493 0.62663833169409 0.62141155815573 0.0 0.0 - -
21 7 2 12.944326595403 0.028893546472234 0.028893546472234 0.019561989545626 0.019560142122613 1496.4760360576 1496.4686555462 0.62594113716529 0.62148279920629 86.546426920649 86.725129087313 13.453573079351 13.274870912687 1.5240672581793 1.5374756027639
22 7 2 13.04467196296 0.028142470962023 0.028142470962023 0.019050425024035 0.019054312810048 1496.4646504508 1496.4705607874 0.62479396879334 0.62075406528384 9.3861662638979e-05 8.6756065661112e-05 3.3172788589274e-05 3.3603221010745e-05 0.35342212844521 0.38732993197279
23 9 2 13.145006640917 0.028680904867701 0.028680904867701 0.019410805214544 0.019420103925476 1496.4687889285 1496.4737120753 0.62472472174957 0.62153014456714 1275.6979310371 1282.8696364261 0.0 0.0 0.0 0.0 1275.6979310371 1282.8696364261 0.0 0.0
24 6 2 13.245327493321 0.028819795388956 0.028819795388956 0.019508019792954 0.019507775674052 1496.4759706756 1496.4702424907 0.62423635023117 0.62236898258683 0.0 0.0 0.0 0.0
25 13 2 13.345673416147 0.028204065920347 0.028204065920347 0.01909097140743 0.019098632845944 1496.4706921795 1496.4691144449 0.62381183516261 0.6226100039385 1.6030474954669 1.6061418764141 168606912.0 168674576.0 63069754.0 63216840.0 14328353.0 12878527.0 3584.0 3884.0 8.4980816207582 7.6351322798049 0.0039713674371784 0.0041375530121386 37.406386993198 37.478582427265 54.091560018607 54.882147739918
26 7 2 13.446039084976 0.028705831264607 0.028705831264607 0.019427447873544 0.019438881152915 1496.4672823921 1496.4691229283 0.62260127807977 0.6215356954771 37.482235546029 37.546413210919 62.517764453971 62.453586789081 1.9002179844737 1.8959648044582
27 12 2 13.546403838926 0.02866382922601 0.02866382922601 0.019406164237927 0.019405150623633 1496.4680605909 1496.4661189277 0.62238393792611 0.62199304782729 5685036.0 5666486.0 34.109018834709 33.706445229018 9.7256903914065 9.375687154261 99.745718408819 99.732762068061 13.268021318786 13.225419185441 4.5255918906181 4.4578186740486 1.290406674531 1.2399739276665 13.234283183059 13.190075848719
1 7 2 13.646758484813 0.028619245596049 0.028619245596049 0.019372919681897 0.019380016340686 1496.4633221382 1496.4704959982 0.62203539877317 0.62206703906148 50.350408223377 50.352863461635 49.649591776623 49.647136538365 2.3547428395544 2.3538243604091
2 10 2 13.747081075488 0.028290699597446 0.028290699597446 0.019144287609867 0.019154220848782 1496.470460778 1496.4698654158 0.62140001151965 0.62161942439595 5143.8914579948 5144.8234957448 0.145524288 0.145550656 5112.4872151644 5113.8807473344 0.14463584 0.144675264 10256.378673159 10258.704243079 0.290160128 0.29022592
3 5 2 13.847378558602 0.028365636401109 0.028365636401109 0.019196301240942 0.01919470337176 1496.469959219 1496.470884769 0.62180273645613 0.62197968288089 inf inf
4 6 2 13.947689253123 0.028073428339066 0.028073428339066 0.018996922222362 0.019004872617945 1496.4679647626 1496.4713433258 0.62212760030833 0.62206627847342 0.0 0.0 0.0 0.0
5 7 2 14.048015432663 0.028533080228681 0.028533080228681 0.019314208859329 0.019313636833032 1496.470049014 1496.471678952 0.62209425839049 0.62227643266582 0.15743943710424 0.15615186265247 0.057323958058762 0.057364886508217 0.36410164513487 0.36736600853676
6 8 2 14.148363026729 0.028664319275459 0.028664319275459 0.019406623942355 0.019411200152732 1496.4643103623 1496.4752868748 0.6219757215527 0.62219174953624 13.182217791124 13.208455286192 8.4348872438748 8.4546702152516 2.2042784525167 2.2167246314605 99.947319251683 99.94945725699
7 7 2 14.248677759402 0.028590460399419 0.028590460399419 0.019347054853885 0.019356854937035 1496.4679907114 1496.468025145 0.62205474453437 0.62211511011867 0.0 0.0 0.0 0.0 - -
8 10 2 14.348944681004 0.02864636408106 0.02864636408106 0.019387639734696 0.019386733913165 1496.4681851671 1496.472382298 0.62169541687432 0.62313551773782 10778.530047523 0.0 0.308765696 0.0 3.961130972116 0.0 0.000113472 0.0 10782.491178495 0.0 0.308879168 0.0
9 19 2 14.449294027835 0.028207032485863 0.028207032485863 0.019094888179733 0.019104735365602 1496.4655808709 1496.4737307829 0.62151074618024 0.62342985369643 0.42626953125 0.0 15.112172167123 0.0 0.0556640625 0.0 1.973410798456 0.0 0.0 0.0 0.0 0.0 0.0 0.0 0.0 0.0 10760.970341426 0.0 0.30353504 0.0 2.561630686823 0.0 7.2256e-05 0.0 10763.531972113 0.0 0.303607296 0.0 0.0 0.0
10 9 2 14.549632689595 0.028732693402125 0.028732693402125 0.019443651662011 0.019455549174917 1496.4711249523 1496.4695691349 0.62141861851049 0.62403669269499 0.0 0.0 0.0 0.0 0.0 0.0 0.0 0.0 - -
11 7 2 14.649967221716 0.028526315553483 0.028526315553483 0.019311533968347 0.01931024090811 1496.4706697675 1496.4689484571 0.62086061238006 0.62502563784713 64104112.0 63672713.0 82417427.0 81862817.0 82415223.0 81860531.0
12 10 2 14.750322041521 0.029195171454919 0.029195171454919 0.019766276305264 0.019770503774351 1496.4645918338 1496.4703479858 0.62122903385011 0.62534347472867 2658.0 2551.0 3.7835066667153e-05 3.6544665359883e-05 33.824680210685 33.976871814975 0.0 0.0 0.0 0.0 - -
13 9 2 14.85065126915 0.02855610440037 0.02855610440037 0.019320272881572 0.019338802819733 1496.4672568222 1496.4653679326 0.0 0.0 0.62339567142156 0.62761416331825 0.47882080078125 0.0 16.76772132739 0.0 0.0592041015625 0.0 2.0732555369749 0.0
14 10 2 14.951004788195 0.029039699870529 0.029039699870529 0.019656884315094 0.019656476695405 1496.4699206973 1496.4668384727 0.62285656052942 0.6271432439333 5227.4391497434 5192.8536683342 0.151803264 0.150798912 1.4082790174255 1.2914734025217 4.0896e-05 3.7504e-05 5228.8474287608 5194.1781999297 0.15184416 0.150837376
15 19 2 15.051356273671 0.028127427983848 0.028127427983848 0.01902837959251 0.019044937557196 1496.4743809825 1496.4684034503 0.62253389635345 0.62773423779422 0.425537109375 0.0 15.128902280698 0.0 0.05548095703125 0.0 1.9724859686108 0.0 1279.6606223885 1270.1638066771 0.0 0.0 0.0 0.0 1279.6606223885 1270.1638066771 10717.979054932 0.0 0.301469184 0.0 4.3459359337866 0.0 0.00012224 0.0 10722.324990866 0.0 0.301591424 0.0 0.11934544266086 0.11845973776761
16 13 2 15.151687346459 0.029073544080412 0.029073544080412 0.01966625050973 0.019680588305843 1496.4713209162 1496.4728083369 0.62382863080811 0.62787961219732 207.0 207.0 0.43829345703125 0.0 15.075336388952 0.0 0.08551025390625 0.0 2.9411706281747 0.0 0.0 0.0 0.0 0.0 0.05731201171875 0.0 1.9712771019672 0.0
17 9 2 15.252036930616 0.029141487941851 0.029141487941851 0.019723434117196 0.019721816319941 1496.4688286041 1496.4682172038 0.62422936324149 0.62848866767191 0.13335562210205 0.1333559242069 1.0033959505921e-07 1.876318402342e-07 7.5242118388099e-07 1.4070004114935e-06 0.0 0.0 0.0 0.0
18 8 2 15.352381010095 0.029076045959482 0.029076045959482 0.019675921060401 0.019686505132087 1496.4679451334 1496.4739053708 0.62498401511922 0.62887065564377 0.066666789429017 0.066666787232459 0.0 0.0 0.0 0.0 14.999972378522 14.999972872746
19 5 2 15.452703685011 0.029371095583669 0.029371095583669 0.019881478687647 0.019879897123253 1496.4694061162 1496.471527074 0.62574058190107 0.62982719438426 6.4375 6.5384615384615
20 6 2 15.553011027086 0.029053161284309 0.029053161284309 0.019666545354639 0.019670057677627 1496.4722670454 1496.4709116307 0.62654823823786 0.63109550742173 0.0 0.0 - -
21 7 2 15.653365475505 0.029736537504895 0.029736537504895 0.020127466300222 0.020138464332348 1496.4700009183 1496.4730102462 0.62648713389509 0.63068806973071 86.238649843688 86.109460731959 13.761350156312 13.890539268041 1.5801592102173 1.5591076854493
22 7 2 15.753711622974 0.028616539907134 0.028616539907134 0.019371602617391 0.019371215831597 1496.4706596173 1496.4713231641 0.62746012159346 0.63162880134607 0.00010370134209072 9.9543751447732e-05 5.7150038226346e-05 5.5574184885394e-05 0.55110220440882 0.55828903449128
23 9 2 15.854042705726 0.028663548421335 0.028663548421335 0.019404378863689 0.019408758510794 1496.4741171588 1496.4721146598 0.628664191895 0.6315797920974 1268.0520731671 1262.4831883363 0.0 0.0 0.0 0.0 1268.0520731671 1262.4831883363 0.0 0.0
24 6 2 15.954353862216 0.028234569460422 0.028234569460422 0.019103805086889 0.01911629047797 1496.4716500633 1496.4696604185 0.62917652388732 0.6317482367869 0.0 0.0 0.0 0.0
25 13 2 16.054712229218 0.028664378153858 0.028664378153858 0.019407200497759 0.019404473069128 1496.4673929543 1496.4726704537 0.63016867498087 0.63111215736906 1.5868767199994 1.5845044154572 171399772.0 171375684.0 63467707.0 63363880.0 13868907.0 12611808.0 3600.0 3788.0 8.0915551042857 7.3591583739499 0.0039428290488041 0.0040396629430812 37.029049840276 36.97367008029 54.875452226389 55.663131882817
26 7 2 16.155065866926 0.028315259136631 0.028315259136631 0.019172493080717 0.019176530327283 1496.46768157 1496.4697901945 0.63234680939048 0.63329984054217 36.906907852534 36.851375193056 63.093092147466 63.148624806944 1.9884051361265 1.9922647682817
27 12 2 16.255363815632 0.027845968400099 0.027845968400099 0.018850409665829 0.018839496780928 1496.4703583242 1496.4739051937 0.63268818839506 0.63171660112079 5899931.0 5856770.0 37.172400829772 36.998208910372 15.858982079621 15.362785289503 99.74074273072 99.749025486744 14.175512970962 14.079963050726 5.2693785012425 5.2093341440108 2.2480920617593 2.1630744923243 14.138761923127 14.044625931993
1 7 2 16.355718590146 0.028454266508863 0.028454266508863 0.019259827410771 0.019256376683647 1496.4730865083 1496.4726738819 0.63300716163788 0.63274454379191 62.315285531991 62.345637678052 37.684714468009 37.654362321948 1.7879585343058 1.6886039369482
2 10 2 16.456054567957 0.028035554129189 0.028035554129189 0.018970105828831 0.018980318966599 1496.4734132127 1496.4703861338 0.63328251281995 0.63331581872546 5046.9286017317 5048.9991154706 0.14149344 0.141551488 5022.020800845 5024.2625257529 0.140795136 0.140857984 10068.949402577 10073.261641223 0.282288576 0.282409472
3 5 2 16.556371345975 0.028000798662844 0.028000798662844 0.018951773359765 0.018950368430569 1496.4753294369 1496.473662272 0.63203469107914 0.63187737340328 inf inf
4 6 2 16.656686192782 0.027735161063787 0.027735161063787 0.018770920203149 0.018775605565021 1496.4755919422 1496.4708770806 0.63209164340956 0.63198409687664 0.0 0.0 0.0 0.0
5 7 2 16.756997448912 0.029279998923884 0.029279998923884 0.019813913459608 0.019823238439365 1496.4705860644 1496.477391328 0.6317590989614 0.63073705202277 0.15694057723491 0.15560847468723 0.056817239057963 0.056823736995979 0.36203026686283 0.36517122290539
6 8 2 16.857343931536 0.02831202897705 0.02831202897705 0.019167394664226 0.019166314019139 1496.4709177348 1496.4725384269 0.63227415978196 0.62923646125625 14.033692351119 13.868897171138 8.9912053425877 9.0488958856356 2.8975011759086 2.8857122062249 99.942278518389 99.9440924541
7 7 2 16.957662492211 0.028610796998624 0.028610796998624 0.019366420865319 0.019370893359131 1496.4696060854 1496.4725917205 0.63229298772046 0.62914982869443 0.0 0.0 0.0 0.0 - -
8 10 2 17.057933898534 0.028225423380418 0.028225423380418 0.019096343382023 0.019107501291649 1496.4689625208 1496.4735972022 0.6322632329258 0.62779166249262 10633.078269721 0.0 0.300123136 0.0 2.6960091607623 0.0 7.6096e-05 0.0 10635.774278882 0.0 0.300199232 0.0
9 19 2 17.158279199061 0.028797256737608 0.028797256737608 0.019495059751391 0.019498587020435 1496.4740070805 1496.4694516271 0.6316629809328 0.62786530862417 0.44183349609375 0.0 15.342902281269 0.0 0.05706787109375 0.0 1.9817120642336 0.0 0.0 0.0 0.0 0.0 0.0 0.0 0.0 0.0 10643.649386218 0.0 0.306507904 0.0 3.1047401776724 0.0 8.9408e-05 0.0 10646.754126396 0.0 0.306597312 0.0 0.0 0.0
10 9 2 17.258617993977 0.028681633148213 0.028681633148213 0.019416700301072 0.019420257009315 1496.4791098484 1496.468098832 0.63217588688308 0.62607971549001 0.0 0.0 0.0 0.0 0.0 0.0 0.0 0.0 - -
11 7 2 17.358947135553 0.028515762732641 0.028515762732641 0.019298336148632 0.019307323709868 1496.4765234811 1496.468299702 0.63189854951223 0.62549445252396 62941753.0 63615786.0 80922897.0 81789499.0 80920404.0 81786958.0
12 10 2 17.459299507829 0.028814511731963 0.028814511731963 0.019508115357126 0.019507454107408 1496.4746358727 1496.471571635 0.63066560846961 0.62525900941051 3560.0 3829.0 5.2125048929461e-05 5.5584969893822e-05 34.073314606742 36.884565160616 0.0 0.0 0.0 0.0 - -
13 9 2 17.559611111794 0.027760975165793 0.027760975165793 0.018782662367662 0.01879797890394 1496.4728507715 1496.4736347353 0.0 0.0 0.63131088246852 0.62420753456765 0.41046142578125 0.0 14.78555502211 0.0 0.05328369140625 0.0 1.9193739084463 0.0
14 10 2 17.659951726506 0.028072686471232 0.028072686471232 0.019004247148177 0.019002771111992 1496.4776867833 1496.4748726967 0.63034333019546 0.62349190795463 5167.9146614156 5220.7694532617 0.145077248 0.146561024 1.4385513136188 1.3815564121284 4.0384e-05 3.8784e-05 5169.3577723213 5222.155569266 0.14511776 0.146599936
15 19 2 17.760317005832 0.027970372117599 0.027970372117599 0.018940072863042 0.018944914932038 1496.4746457892 1496.4734285466 0.62945218680867 0.62308273842231 0.421630859375 0.0 15.074195566733 0.0 0.055419921875 0.0 1.9813794983489 0.0 1266.7954452313 1280.0724226858 0.0 0.0 0.0 0.0 1266.7954452313 1280.0724226858 10719.889415105 0.0 0.299839296 0.0 3.5672031669975 0.0 9.9776e-05 0.0 10723.456618272 0.0 0.299939072 0.0 0.11813312538354 0.11937125017177
16 13 2 17.860637909868 0.028605438158443 0.028605438158443 0.019353653310832 0.019375429713361 1496.4737727979 1496.4696021799 0.62898514293059 0.62267406723727 207.0 207.0 0.4454345703125 0.0 15.571674443345 0.0 0.08984375 0.0 3.1407926528642 0.0 0.0 0.0 0.0 0.0 0.05743408203125 0.0 2.0078029119193 0.0
17 9 2 17.960980444015 0.028820491059892 0.028820491059892 0.019511072411516 0.019510523483668 1496.4783339331 1496.4752209664 0.62953935280937 0.62343447345609 0.13336316631627 0.13336198249912 2.3381607682518e-07 5.7888797299163e-08 1.7532282959651e-06 4.3407271108576e-07 741.0 571.0 1.0828607057966e-05 8.2636258144556e-06
18 8 2 18.061297732917 0.029334513981118 0.029334513981118 0.019856578559566 0.019861046524271 1496.4743022933 1496.4747440533 0.62745996399294 0.62180570631271 0.066666809784663 0.066666799009978 2.8623599170001e-08 2.8359280893714e-08 4.2935306582777e-07 4.2538836894614e-07 14.99996779852 14.999970222814
19 5 2 18.161613608737 0.028495153481155 0.028495153481155 0.019282343869492 0.019291655714837 1496.4693456445 1496.4709387752 0.62722425542632 0.62081671390256 6.4421768707483 6.3356643356643
20 6 2 18.261921303176 0.028334075767306 0.028334075767306 0.019176560672304 0.019178325665559 1496.4743620559 1496.4754577368 0.62604669970494 0.62059977132636 0.0 0.0 - -
21 7 2 18.362278179196 0.02820547537865 0.02820547537865 0.019094889538465 0.019098874247382 1496.4723271191 1496.4725396159 0.62546412774426 0.62159177504088 86.578856418724 86.716861939231 13.421143581276 13.283138060769 1.5187886313199 1.5355916646837
22 7 2 18.462625142811 0.028201196277735 0.028201196277735 0.019084636091639 0.019094937547006 1496.4766052617 1496.4783028367 0.62465045900855 0.6214227882961 9.6451158198305e-05 8.6787458202676e-05 3.3290967129154e-05 3.408366777702e-05 0.34515881147541 0.39272572884234
23 9 2 18.562960982032 0.028440180984048 0.028440180984048 0.019252916445396 0.019250766477991 1496.4715218365 1496.4734339122 0.62419988460847 0.62150858831542 1277.1041794837 1282.4916979417 0.0 0.0 0.0 0.0 1277.1041794837 1282.4916979417 0.0 0.0
24 6 2 18.663273184746 0.028746288877492 0.028746288877492 0.019458651613663 0.019462451082077 1496.4757711912 1496.4769361269 0.62375781748999 0.62183534847449 0.0 0.0 0.0 0.0
25 13 2 18.763635409642 0.028849107773717 0.028849107773717 0.019521496605701 0.019524142057484 1496.4742480187 1496.4778708476 0.62369772250635 0.6216961307707 1.6033407914037 1.6085028529297 172409208.0 172432572.0 64503886.0 64720314.0 14643649.0 13157502.0 3984.0 3996.0 8.4935422938663 7.6305200620681 0.0041221696233301 0.0040705766425615 37.413248832974 37.533694040126 54.089086703536 54.831715321163
26 7 2 18.86399689267 0.028329781267425 0.028329781267425 0.019180216115095 0.019184154174203 1496.475324399 1496.4763023244 0.62266984616331 0.62208511446308 37.47806164405 37.513085649355 62.52193835595 62.486914350645 1.9020543079463 1.9000455631165
27 12 2 18.964353552198 0.028631728722575 0.028631728722575 0.019378501807086 0.019388935059486 1496.4713056553 1496.4722541331 0.62174496690327 0.62176317679608 5639600.0 5643058.0 33.833605220228 33.738692744253 9.6940740478048 9.4958265536169 99.751595857862 99.746183718119 13.180768978533 13.181753986383 4.4595293411873 4.447351475769 1.2777535048491 1.2517164952714 13.148027402425 13.148296548528
1 7 2 19.064711367555 0.028060415306944 0.028060415306944 0.018997101122115 0.018995780434322 1496.4776080936 1496.4803567465 0.62212643688816 0.62195099400299 50.336056235115 50.343339702832 49.663943764885 49.656660297168 2.356035809549 2.3550249690537
2 10 2 19.16503584868 0.028852927623116 0.028852927623116 0.019529852356419 0.019534409544544 1496.476133895 1496.4726003989 0.62152610684888 0.6218481127489 5144.2194684288 5142.509278023 0.148425792 0.148376448 5118.1185468919 5116.7144606055 0.147672704 0.147632192 10262.338015321 10259.223738628 0.296098496 0.29600864
3 5 2 19.265343943493 0.028654303606784 0.028654303606784 0.019382232433063 0.019400426764346 1496.4715219648 1496.4786021357 0.62225853182005 0.62183793282804 inf inf
4 6 2 19.365657096413 0.028752807169233 0.028752807169233 0.019463004086122 0.019461278496104 1496.4760273117 1496.4758060173 0.62223144343596 0.62220412391953 0.0 0.0 0.0 0.0
5 7 2 19.465958633984 0.029119320677331 0.029119320677331 0.019708387515735 0.019715533088887 1496.4714191714 1496.4757500772 0.62278610820728 0.62393784873845 0.15779325719671 0.15626724696175 0.057226765154631 0.057154610019306 0.36266926845479 0.36574913253125
6 8 2 19.566312448327 0.028203190896747 0.028203190896747 0.019085660575791 0.01909619346856 1496.4750025945 1496.4704932085 0.62223333205461 0.62417703561586 13.285457366613 13.358203960425 8.7711386439896 8.6715096826721 2.3253748303097 2.2952756639442 99.94868059095 99.951014221909
7 7 2 19.666634888636 0.029129412435014 0.029129412435014 0.019714787597767 0.019714668935146 1496.4748983709 1496.4787532516 0.62152669440222 0.62461547004993 0.0 0.0 0.0 0.0 - -
8 10 2 19.766901689763 0.028267891917103 0.028267891917103 0.019129732416587 0.019135194973333 1496.4784342324 1496.4771640581 0.62167381852963 0.62470160443356 10747.198301554 0.0 0.30380064 0.0 3.3734386801693 0.0 9.536e-05 0.0 10750.571740234 0.0 0.303896 0.0
9 19 2 19.867251689691 0.028911094046943 0.028911094046943 0.019567140952676 0.019581721508959 1496.47475661 1496.4796935445 0.6212947088162 0.62492585963473 0.442626953125 0.0 15.309934394261 0.0 0.0576171875 0.0 1.9929092758111 0.0 0.0 0.0 0.0 0.0 0.0 0.0 0.0 0.0 10748.128711264 0.0 0.31074016 0.0 2.1826915265655 0.0 6.3104e-05 0.0 10750.31140279 0.0 0.310803264 0.0 0.0 0.0
10 9 2 19.96758094993 0.028503521460463 0.028503521460463 0.01929103658582 0.019288094024575 1496.4776797888 1496.4750639014 0.62074798851143 0.62545744886073 0.0 0.0 0.0 0.0 0.0 0.0 0.0 0.0 - -
11 7 2 20.067924429755 0.02852775671554 0.02852775671554 0.019310272611864 0.019320165994632 1496.4735939541 1496.4721024348 0.62076804982879 0.62726391068473 64109971.0 63478550.0 82424731.0 81613032.0 82422378.0 81610655.0
12 10 2 20.168282813968 0.028327963283611 0.028327963283611 0.019176364109032 0.019177424826045 1496.4744498313 1496.4734785695 0.62166880184703 0.62719739955173 2839.0 2632.0 4.168413967232e-05 3.8986342071202e-05 36.628038041564 34.297112462006 0.0 0.0 0.0 0.0 - -
13 9 2 20.268604968037 0.028197811222671 0.028197811222671 0.019083226633335 0.019094804844152 1496.4745946302 1496.4767559559 0.0 0.0 0.62177338122081 0.62812901168835 0.42657470703125 0.0 15.127936833916 0.0 0.05560302734375 0.0 1.9718916090567 0.0
14 10 2 20.368934729195 0.028833148104153 0.028833148104153 0.019514158092563 0.019523789692908 1496.4789004489 1496.4790030492 0.62217860175796 0.62829818408831 5231.4520584131 5186.0421019536 0.150839232 0.14952992 1.1631057378424 1.538229534971 3.3536e-05 4.4352e-05 5232.6173838184 5187.6136265001 0.150872832 0.149575232
15 19 2 20.469304831115 0.028345619556904 0.028345619556904 0.019189278859518 0.019193422540114 1496.4773184946 1496.4811159924 0.6230022313589 0.62938128951573 0.42559814453125 0.0 15.014600181056 0.0 0.055419921875 0.0 1.9551494284238 0.0 1279.5849788073 1266.8892252614 0.0 0.0 0.0 0.0 1279.5849788073 1266.8892252614 10700.441928641 0.0 0.303310656 0.0 1.8175647879762 0.0 5.152e-05 0.0 10702.259493429 0.0 0.303362176 0.0 0.11956213354693 0.11837586502544
16 13 2 20.569634171972 0.028629500401607 0.028629500401607 0.019372762974773 0.019391466377756 1496.475213692 1496.4779912201 0.62432963310111 0.63071987961888 207.0 207.0 0.42633056640625 0.0 14.891303041471 0.0 0.08612060546875 0.0 3.0081071712979 0.0 0.0 0.0 0.0 0.0 0.0552978515625 0.0 1.9314990058086 0.0
17 9 2 20.669983920988 0.028053009310102 0.028053009310102 0.018984040987273 0.018994818451855 1496.4788335999 1496.4757666694 0.6249748873176 0.63113032438073 0.13335492643807 0.13335548790501 1.0437213999835e-07 1.9563200091688e-07 7.8266429884627e-07 1.4669962518246e-06 0.0 0.0 0.0 0.0
18 8 2 20.770290419744 0.028686175843194 0.028686175843194 0.019417968451216 0.019416376016963 1496.4767248735 1496.4758826761 0.62521261327861 0.63158142086263 0.066666792077495 0.06666679532972 0.0 0.0 0.0 0.0 14.999971782617 14.999971050869
19 5 2 20.870599452988 0.028034574030291 0.028034574030291 0.018977554852196 0.018980237442662 1496.4795708264 1496.4795449467 0.62670129120357 0.63140185390072 6.4518518518519 6.75
20 6 2 20.970907217176 0.028584068922692 0.028584068922692 0.019344462845573 0.019353930945131 1496.4750218739 1496.4755870733 0.62792029079724 0.63332026054441 0.0 0.0 - -
21 7 2 21.071266480036 0.028079255488978 0.028079255488978 0.01900947690879 0.01900797460378 1496.4736446661 1496.4754331035 0.62775912429174 0.63174632902842 86.199028952611 86.130856884105 13.800971047389 13.869143115895 1.5955236209878 1.5654691753614
22 7 2 21.17160361911 0.028736119219157 0.028736119219157 0.019442387588064 0.019450404561529 1496.4781675713 1496.4778956813 0.62862754228361 0.63148780837341 0.00011403457916487 0.00010624753388948 5.9573763026529e-05 5.7835123971671e-05 0.52241840556447 0.54434321300888
23 9 2 21.271948367086 0.02866234458452 0.02866234458452 0.019392316038353 0.019396591063071 1496.4803576165 1496.4768172304 0.62913647801859 0.6321843544546 1266.3656280095 1260.5380865986 0.0 0.0 0.0 0.0 1266.3656280095 1260.5380865986 0.0 0.0
24 6 2 21.372277870085 0.028722266490475 0.028722266490475 0.019441829602 0.019446717867895 1496.4743463751 1496.4767155887 0.6299856414928 0.63207475162322 0.0 0.0 0.0 0.0
25 13 2 21.472626049312 0.028697237735737 0.028697237735737 0.01942402115069 0.019432990142584 1496.4752489221 1496.4743479786 0.63105839622275 0.63115849881755 1.5846394026061 1.5843880766455 171548328.0 171627540.0 63432991.0 63452248.0 13664471.0 12593358.0 3268.0 3436.0 7.9653769636274 7.3376091039935 0.0035855785198909 0.0037354144911708 36.976746867507 36.970901057021 55.054290590346 55.687754424494
26 7 2 21.572991139322 0.028091036603818 0.028091036603818 0.019017897878658 0.019017213983401 1496.4740468261 1496.4824554891 0.63183967496263 0.63144044956395 36.933956739526 36.957133598908 63.066043260474 63.042866401092 1.987510025108 1.986112215716
27 12 2 21.673344781559 0.02882035971577 0.02882035971577 0.019513027627292 0.019516846117958 1496.4723403441 1496.4792921031 0.63230563250761 0.6314243682578 6065495.0 6046863.0 36.733605418849 36.860583744001 15.442465948781 15.161729313199 99.739394723761 99.73640877923 14.078430255705 14.032438106774 5.1715150192986 5.1724385996725 2.1740567983602 2.1275602817913 14.041741123647 13.995449831865
