1 7 1 0.1006236177953 0.10063690682557 0.0014638594651906 1436.516578213 1.4913355606751 31.664949080346 68.335050919654 10.0871775199
2 10 1 0.20075704510306 0.068680054450857 9.918991612211e-06 1168.0462144561 3.5565118544982 1.2188691559629 8.3712e-05 0.075480429383021 5.184e-06 1.2943495853459 8.8896e-05
3 5 1 0.30086059179392 0.066395987994026 1.3527256356948e-05 1496.5086245496 4.9287128712871 1.9666238767651
4 6 1 0.40123089735697 0.068567899781806 1.3443469614413e-05 1185.3372016963 5.7336295151632 0.0 0.0
5 7 1 0.50155777693071 0.066806673468028 1.4154524672683e-05 1194.3748862628 4.9765923566879 0.44808917197452 0.19044585987261 0.42501776830135
6 8 1 0.60193560971354 0.065654328582563 1.1802155263349e-05 1025.2658824719 5.0336101989569 80.033769523005 38.700640853448 35.972216892436 56.141831996623
7 7 1 0.7020753604294 0.065233444676841 1.3329791385352e-05 1348.0223185757 5.6851458373575 44.0 0.0084991307707166 65.045454545455
8 10 1 0.80241750368313 0.068289214206502 1.4294924079093e-05 1479.5066078688 6.0967741935484 644.7476737228 0.044029312 158.22586517581 0.01080512 802.97353889861 0.054834432
9 19 1 0.90290991234542 0.065689526260849 1.3227888590377e-05 1041.5508586104 4.4857932729227 0.75762939453125 11.533488482209 0.04205322265625 0.64018154871842 0.00010656188891062 0.0 0.0 0.00010656188891062 558.32096968339 0.03667584 30.675209804351 0.00201504 588.99617948774 0.03869088 1.8092118866255e-07
10 9 1 1.0034143518781 0.065260047194047 1.2096541115499e-05 1032.225592965 5.159165539888 0.00010726317710415 0.0 0.0 0.00010726317710415 0.0
11 7 1 1.1034902752122 0.026682181640452 0.0072826286242092 1496.5829095078 0.4344794659127 32365625.0 41982977.0 39829939.0
12 10 1 1.2035706587185 0.045050346124324 0.01231561310284 1496.5454314607 0.43390317384919 40.0 6.382640137925e-07 78.75 76485.0 0.001220440577373 29.918781460417
13 9 1 1.3036485186586 0.044736006346213 0.012259598721597 1496.433673864 0.0 0.4338381919745 0.624267578125 13.954477145183 0.040771484375 0.91137961800767
14 10 1 1.403729125898 0.056174176601402 0.015405910922634 1496.0894018028 0.43396176612464 2.9143640353051 0.000163712 2.528136745247 0.000142016 6.3607874937874 0.000357312
15 19 1 1.5038103844096 0.04369227172414 0.011984928569317 1496.5904032122 0.43376793242084 0.61077880859375 13.979103958019 0.0394287109375 0.90241842279205 0.0 0.0 0.0 0.0 703.7290300246 0.03074752 1403.9967614252 0.061343808 2107.7257914497 0.092091328 0.0
16 13 1 1.6038924708247 0.043948443575274 0.012045002757912 1496.8154049622 0.43378138580795 204.0 0.60882568359375 13.85317963652 0.0894775390625 2.0359660498385 0.0 0.0 0.03955078125 0.89993588014688
17 9 1 1.7039715083082 0.055883914868588 0.015323793574331 1496.6861565811 0.43370290858604 0.27686182863654 1.1459538772023e-05 4.1390822376842e-05 6349.0 8.1383234523012e-05
18 8 1 1.8040445910453 0.043729790068743 0.012000077212368 1496.3487612851 0.434196755203 0.25017896926714 1.9992446460433e-06 7.9912578259469e-06 3.9971385401793
19 5 1 1.9041152371733 0.043307371733379 0.011882577854946 1496.2773071454 0.43415151746266 5.964435640547
20 6 1 2.0041853099283 0.055585680261096 0.015245243729655 1496.5111586511 0.4339668034078 1.0 8.0
Running without Marker API. Activate Marker API with -m on commandline.
21 7 1 2.1042703021583 0.043302667900363 0.022324965320115 1496.5612123486 0.41175141904202 82.748009802483 17.251990197517 8.2819968192845
22 7 1 2.2043362978956 0.04330608005884 0.029267422034139 1496.4957656204 0.39626970710121 0.00040903235584619 0.00027039897236535 0.66106988481623
23 9 1 2.3043926323422 0.055549232575191 0.037547985635341 1496.4971008119 0.39795410213514 2000.1375149442 0.0 0.0 2000.1375149442 0.0
24 6 1 2.404452063728 0.042997239408447 0.029058045305162 1496.4970870837 0.38779312966917 0.0 0.0
25 13 1 2.5045092441942 0.043186661758563 0.029186764839663 1496.4999721086 0.39087004877749 2.5583950551536 257775936.0 153886539.0 51194.0 9916.0 0.019859883274752 0.0089597191880626 59.697790797664 40.273389599873
26 7 1 2.6045712100157 0.054675276161771 0.036956485200642 1496.5003196613 0.38272810856516 60.975732156534 39.024267843466 2.5515439313449
27 12 1 2.7046566143859 0.042536194931873 0.028745229539964 1496.4987216258 0.40479237236897 9033199.0 93.966832790908 55.625343801238 99.749047928646 14.23244042611 13.373773497268 7.91684391833 14.196723822056
1 7 1 2.8047155502976 0.042064057090587 0.028429027884564 1496.4990616633 0.38967551668566 71.151862046418 28.848137953582 4.7500944996111
2 10 1 2.9047711619137 0.042404339961595 0.028666074166235 1496.4944322728 0.39922074686969 7999.4725140685 0.339212352 7961.5729971451 0.337605248 15961.045511214 0.6768176
3 5 1 3.0048298985489 0.042140187989361 0.028477472020394 1496.4996809293 0.38533027600686 137051.23937008
4 6 1 3.1048827085175 0.04247741377652 0.028711312666586 1496.4972436903 0.39689050994491 0.0 0.0
5 7 1 3.2049416652627 0.042443932594203 0.028684576543493 1496.4991103551 0.39644568851358 0.15275721666268 0.053724161763281 0.3516963907631
6 8 1 3.3050117117494 0.041975432456248 0.028340455786777 1496.5000204305 0.38986973425884 12.958643695852 31.216264169219 7.8690033590706 99.921464276386
7 7 1 3.405074493699 0.042320468979416 0.028603932936057 1496.4952579578 0.39273982363505 53.0 3.2957832107928e-07 63.509433962264
8 10 1 3.5051332701895 0.041920960203968 0.028337403231941 1496.4924270246 0.38667788537521 8754.1933728241 0.366984192 3.3648084231298 0.000141056 8757.5581812472 0.367125248
9 19 1 3.6051989688236 0.042093404189737 0.028451359089506 1496.5001798419 0.39251541065951 0.612548828125 14.552133283493 0.07049560546875 1.6747423218847 0.00016629683758641 0.0 0.0 0.00016629683758641 8617.0133060522 0.362719424 2.5984118439788 0.000109376 8619.6117178962 0.3628288 1.9292845551401e-08
10 9 1 3.7052572235718 0.041717765124984 0.028193181338466 1496.4969975474 0.38258579657345 0.00016779422337291 0.0 0.0 0.00016779422337291 0.0
11 7 1 3.8053166277835 0.042003761433251 0.028388958799778 1496.5037436614 0.39120984801889 149566069.0 192288991.0 192277588.0
12 10 1 3.9053858816928 0.04189018374828 0.02831252943904 1496.5002035028 0.38981938327161 33594.0 0.00020948361260595 29.737125677204 2.0 1.2471489706849e-08 40.0
13 9 1 4.0054434915095 0.042277982307431 0.028562556325185 1496.4979827824 0.0 0.40471358181859 0.62646484375 14.81775641975 0.07025146484375 1.6616560443425
14 10 1 4.10550455334 0.042260812818731 0.028567697207966 1496.4995211605 0.38963387119659 8334.8144180483 0.352236032 1.8112287695062 7.6544e-05 8337.6766441138 0.352356992
15 19 1 4.2055721414784 0.042060317031561 0.028426640641754 1496.499756275 0.40039887014224 0.61370849609375 14.591152406988 0.06964111328125 1.6557438981973 1987.6573430787 0.0 0.0 1987.6573430787 8462.5484808618 0.355937472 3.1208514168237 0.000131264 8465.6693322786 0.356068736 0.23479033553791
16 13 1 4.305634001321 0.04216874341702 0.0285005165449 1496.5011804393 0.39174360848621 205.0 0.625732421875 14.838773251717 0.119873046875 2.8426990505631 0.0 0.0 0.0703125 1.6674079970716
17 9 1 4.4056993466921 0.041785636009648 0.028242120495429 1496.4969204497 0.39180275257701 0.1333750995918 4.1405608701969e-06 3.1044481937553e-05 5390.0 3.386589239812e-05
18 8 1 4.5057650543842 0.041705598384166 0.028186485645484 1496.4953538651 0.39318005989946 0.06667096433922 7.5179787407482e-07 1.1276241187238e-05 14.999033086008
19 5 1 4.6058175482277 0.041931265520399 0.02834028051397 1496.496730125 0.39686592973249 6.2451923076923
20 6 1 4.7058699315633 0.042501629503817 0.028729861239778 1496.4984348636 0.39637636918475 1.0 8.0
21 7 1 4.8059309064367 0.042156859286619 0.028493088057597 1496.499632 0.39681692330865 86.209244591146 13.790755408854 7.3624635317399
22 7 1 4.9059984710242 0.04223598748627 0.028541423044211 1496.4945259561 0.40201545249568 0.00050489039375337 0.00029130193411981 0.57696073786285
23 9 1 5.0060666597097 0.042009506033479 0.028393498229618 1496.49591701 0.39163012652455 2032.2488422492 0.0 0.0 2032.2488422492 0.0
24 6 1 5.1061354072754 0.042287581097817 0.028577013387934 1496.4963975441 0.400996838833 0.0 0.0
25 13 1 5.2061935596679 0.054525809671114 0.036856098266355 1496.4972007487 0.39544980300151 2.528765958182 325511076.0 192072607.0 57223.0 12492.0 0.017579432535193 0.0087990861484541 59.006473561594 40.967147919722
26 7 1 5.3062525109783 0.041966324610883 0.028364436005392 1496.5017251862 0.39532454097407 59.033242371782 40.966757628218 2.6412272356017
27 12 1 5.4063095120956 0.042257968598498 0.028559051774841 1496.5007988916 0.38308983980748 7997253.0 94.591367810922 40.934518390252 99.71896599995 12.682376139986 11.996433061739 5.1914695933436 12.646734351019
1 7 1 5.5063665548799 0.054026707897377 0.03651612699145 1496.4978129461 0.40338023713072 68.993496319607 31.006503680393 4.489870799465
2 10 1 5.6064219563498 0.042303622862252 0.02858317873348 1496.4998227626 0.38312905154132 8331.2406870591 0.352441664 8277.2659244854 0.350158336 16608.506611544 0.7026
3 5 1 5.706480706572 0.041921443902568 0.028329009611944 1496.498064272 0.3919312753216 135534.57643312
4 6 1 5.8065430627944 0.054257211113809 0.03667397215636 1496.4982000797 0.38677838754302 0.0 0.0
5 7 1 5.9065942785504 0.042029859418396 0.028407605652554 1496.5011952423 0.39680231050149 0.15226458211354 0.053718942074601 0.35279998361369
6 8 1 6.0066490994008 0.042189258940606 0.028500771528339 1496.4997406174 0.39336689608712 13.610916183426 32.079930309115 9.0201038244176 99.928138425777
7 7 1 6.1067016638969 0.054272810846565 0.036682863967799 1496.4991921852 0.39482550087198 40.0 1.9498694226069e-07 51.775
8 10 1 6.2067549457886 0.042065300757587 0.028428491649412 1496.4975926036 0.39986995028532 8610.4541623816 0.362201344 22.535628723135 0.000947968 8632.9897911047 0.363149312
9 19 1 6.3068213980505 0.04203404422651 0.028405803105336 1496.4984748293 0.39716899039017 0.6082763671875 14.471040757098 0.069580078125 1.655326757284 0.00016653167994683 0.0 0.0 0.00016653167994683 8527.2731329037 0.358435776 1.6702651693867 7.0208e-05 8528.9433980731 0.358505984 1.95254760378e-08
10 9 1 6.4068841002896 0.054097588764154 0.036561909879177 1496.4991806797 0.3988506058672 0.00012939578565169 0.0 0.0 0.00012939578565169 0.0
11 7 1 6.5069500063525 0.041859573054472 0.028286616690531 1496.4963558565 0.39022097802628 149404089.0 192080811.0 192070028.0
12 10 1 6.6070149169383 0.04165772580979 0.028150173377072 1496.498614028 0.40093676013727 32990.0 0.00021280444541584 30.32300697181 1.0 6.4505742775339e-09 68.0
13 9 1 6.7070739180678 0.054104490074331 0.036563892681116 1496.4994250671 0.0 0.3942738086316 0.786376953125 14.534412061636 0.0897216796875 1.6583037667343
14 10 1 6.8071378186837 0.042286262249199 0.028577662395512 1496.4978490796 0.39932907196053 8121.7609155443 0.343438912 1.9327317112675 8.1728e-05 8124.6653103399 0.343561728
15 19 1 6.9072041848943 0.042428491376906 0.028671747208057 1496.4957356451 0.38976851695509 0.614501953125 14.483238342513 0.0701904296875 1.6543230129013 2041.6047139293 0.0 0.0 2041.6047139293 8676.8758457526 0.368146752 1.9850811864087 8.4224e-05 8678.8609269391 0.368230976 0.23523878664678
16 13 1 7.0072663364054 0.054075641166623 0.036537743518123 1496.5029560533 0.40078192641006 205.0 0.789306640625 14.59634363267 0.1400146484375 2.5892369543261 0.0 0.0 0.089111328125 1.6479014617769
17 9 1 7.1073399997619 0.04233035038022 0.0286075407479 1496.4993260048 0.38968127392807 0.13337352108197 4.7935096693419e-06 3.5940489764801e-05 4755.0 2.9334798555625e-05
18 8 1 7.2073971503367 0.042294853787069 0.028580777903631 1496.4983235911 0.40056546492384 0.066670984662581 7.2361554430542e-07 1.0853530182097e-05 14.999028513842
19 5 1 7.3074508733543 0.054216858512801 0.03664781710565 1496.5003259672 0.39117770400576 6.3641975308642
20 6 1 7.4075072675839 0.042496182912651 0.028718448126741 1496.5041138064 0.39662312623876 1.0 8.0
21 7 1 7.5075698529744 0.042058069735256 0.028419341684226 1496.5035371283 0.38551015870901 87.201169844731 12.798830155269 7.242608102027
22 7 1 7.607625572381 0.054434879769102 0.036793693447614 1496.4986126019 0.38697794505734 0.00028455456124624 0.00020229266261375 0.71090992788093
23 9 1 7.7076799629752 0.042011485212209 0.028394810284716 1496.5025554851 0.39223660257067 2029.1042692113 0.0 0.0 2029.1042692113 0.0
24 6 1 7.8077343626274 0.042214262716184 0.028527211906875 1496.5001244237 0.38985454360403 0.0 0.0
25 13 1 7.9077896390965 0.054136308203034 0.03659113016596 1496.4976752487 0.38988079889235 2.5648865059295 323170892.0 193415684.0 58890.0 12864.0 0.018222556999348 0.0091471728214928 59.849351778872 40.123278491307
26 7 1 8.0078567535001 0.042194562414958 0.0285093947693 1496.501742846 0.38883946439295 60.019252288701 39.980747711299 2.6286015655534
27 12 1 8.1079236061268 0.042017570394223 0.028394876408307 1496.4971102339 0.39986897261296 8769554.0 94.050313163018 53.795312737683 99.740762186994 13.987532280025 13.155317913142 7.5246367343241 13.951271307249
1 7 1 8.2079853147004 0.054062061373714 0.036540441904134 1496.5012792211 0.38981824789353 71.121297948394 28.878702051606 4.759723293577
2 10 1 8.3080422188968 0.042110140704784 0.028460018109671 1496.4996119058 0.3998204670091 7985.6717259032 0.33627776 7949.6534183266 0.334761024 15935.32514423 0.671038784
3 5 1 8.408094746255 0.042075698465885 0.028432212686583 1496.4942673164 0.38961989664221 136835.32165605
4 6 1 8.5081475263321 0.054094081496402 0.036563218763966 1496.5007386456 0.40160520412794 0.0 0.0
5 7 1 8.6082092358115 0.041506134306182 0.028050459907035 1496.5003067253 0.39121716209735 0.15258490825279 0.05389559327094 0.3532170637849
6 8 1 8.7082735585314 0.041558155456566 0.028087144460325 1496.4988123673 0.39684994274712 13.775454565083 32.57570618387 9.5520308722726 99.923631044015
7 7 1 8.808331008021 0.041453007170796 0.028017470575542 1496.5045930969 0.3891649653886 56.0 3.5228683697533e-07 52.035714285714
8 10 1 8.9083858334004 0.042314433616546 0.02859749449102 1496.5026657899 0.39694318043588 8524.5828709132 0.360712896 2.3972907429 0.00010144 8526.9801616561 0.360814336
9 19 1 9.0084447213046 0.042028072269823 0.02840570754316 1496.5008792841 0.39241512117581 0.6116943359375 14.554422863137 0.07049560546875 1.6773456801959 0.00016655534317776 0.0 0.0 0.00016655534317776 8610.1369027061 0.361867456 2.5491533209561 0.000107136 8612.6860560271 0.361974592 1.9338373893381e-08
10 9 1 9.1085036572164 0.054390639463241 0.036765705505298 1496.5042918307 0.39468609258051 0.00012869861559048 0.0 0.0 0.00012869861559048 0.0
11 7 1 9.2085717942711 0.04232226337441 0.028595468663456 1496.5001018619 0.39768030273744 148212744.0 190544857.0 190527627.0
12 10 1 9.3086394738956 0.042015276901984 0.028393379116573 1496.4985696572 0.39457472800065 31901.0 0.0002007798194788 30.24939657064 1.0 6.2938409290867e-09 68.0
13 9 1 9.4086980157832 0.042362783548903 0.028637857508757 1496.5015733142 0.0 0.40067122818378 0.62689208984375 14.798179848595 0.07110595703125 1.678500586468
14 10 1 9.5087666718628 0.041842220593642 0.028279425070613 1496.5028457922 0.39071784320382 8310.1272128189 0.347714176 1.7804026397996 7.4496e-05 8312.8253487782 0.347827072
15 19 1 9.6088367844731 0.041933118792563 0.028342682249622 1496.4997810763 0.40036803636662 0.61285400390625 14.615035121474 0.06927490234375 1.6520331503708 1987.9511326685 0.0 0.0 1987.9511326685 8465.8849668716 0.35500096 5.0655903046656 0.000212416 8470.9505571762 0.355213376 0.23467863721438
16 13 1 9.7089008925178 0.041763482794922 0.028228581463638 1496.5067705119 0.38974354074516 205.0 0.61529541015625 14.73285676814 0.10845947265625 2.5969930043631 0.0 0.0 0.0699462890625 1.6748193489027
17 9 1 9.8089702043986 0.041907225518811 0.028322435296514 1496.4998577359 0.39840252805196 0.13337810020875 4.2429635339391e-06 3.1811545728261e-05 4956.0 3.1573764675979e-05
18 8 1 9.9090314736579 0.041729082222944 0.028202773335332 1496.5039732819 0.38968054813322 0.066670912780919 7.3216059270515e-07 1.0981709446682e-05 14.999044685139
19 5 1 10.009085611533 0.041971869934535 0.028361283359366 1496.5022680757 0.40496126361471 6.1545667447307
20 6 1 10.109142825514 0.041961285630897 0.028361840427979 1496.5018596056 0.38955667048475 1.0 8.0
21 7 1 10.209201287691 0.041867198100944 0.028296086856944 1496.4998526229 0.39356373958763 86.776484333634 13.223515666366 7.2656570719996
22 7 1 10.309259741716 0.04210340606229 0.028461274910809 1496.5048143535 0.39061010582909 0.00030501974719018 0.00025719595752493 0.84321084091835
23 9 1 10.4093229974 0.041756231844933 0.028221383050201 1496.5009360921 0.3968107570067 2005.6490085363 0.0 0.0 2005.6490085363 0.0
24 6 1 10.509377139804 0.041825539332556 0.028268955351007 1496.5017483328 0.39311970713928 0.0 0.0
25 13 1 10.609434450706 0.041778323465081 0.02823803759011 1496.503540392 0.39685710508136 2.5197986559797 249396828.0 146638871.0 52537.0 11224.0 0.021065624780119 0.010526196427807 58.797408201198 41.170999977594
26 7 1 10.709498758028 0.041782464794669 0.028227606820017 1496.4955234258 0.39631474240323 58.885956680545 41.114043319455 2.6537730147249
27 12 1 10.809558465683 0.041549679861432 0.028082004030445 1496.4987766107 0.39706901837223 8560521.0 94.149491602205 52.002594234627 99.750389024219 13.806248227654 12.998512515675 7.1796072448523 13.771786316734
1 7 1 10.90961693873 0.041750234525773 0.028221471818858 1496.5026482155 0.40074320417475 69.403223712432 30.596776287568 4.5363722928437
2 10 1 11.00967790998 0.041959926926964 0.02834945946484 1496.5042272903 0.39090115647499 8164.8630274387 0.342597056 8111.7365288183 0.340367872 16276.599556257 0.682964928
3 5 1 11.109741348636 0.042037798778378 0.028408195330061 1496.5025052492 0.40170182326194 131145.7480315
4 6 1 11.209805824437 0.041961070049873 0.028363656109335 1496.5022969928 0.3898585740004 0.0 0.0
5 7 1 11.309863917952 0.041933006473038 0.02834027372045 1496.5053187811 0.39960800638025 0.15223721871706 0.053652329823127 0.35242584090323
6 8 1 11.409921526863 0.042093095311043 0.028449600020814 1496.4997506001 0.3896900023085 13.407119555879 31.622537857749 8.3649739890902 99.926390164698
7 7 1 11.509975811478 0.041937738385935 0.028345668227966 1496.500875558 0.40233319211001 46.0 2.9570629699745e-07 52.978260869565
8 10 1 11.610029704787 0.042031516131392 0.028406092056373 1496.5003075011 0.3895418776746 8677.3164893665 0.364720768 1.3475602408189 5.664e-05 8678.6640496074 0.364777408
9 19 1 11.710088244863 0.041907638564806 0.028324558044959 1496.5030909387 0.39696491604824 0.6148681640625 14.67198308279 0.06988525390625 1.6676018095885 0.00016703398806819 0.0 0.0 0.00016703398806819 8541.7019965571 0.35796256 4.3707545037821 0.000183168 8546.0727510609 0.358145728 1.9545116562161e-08
10 9 1 11.810158526858 0.041982424346687 0.028371011679527 1496.5044744624 0.39235092099962 0.00016673644052079 0.0 0.0 0.00016673644052079 0.0
11 7 1 11.910217191029 0.041657019283745 0.028150513053056 1496.5016586323 0.39581613451966 146581673.0 188452762.0 188443601.0
12 10 1 12.010273673122 0.053964253712392 0.036463249404687 1496.5031348505 0.39222237507994 43539.0 0.00021210896510921 29.414892395324 1.0 4.8717004320083e-09 73.0
13 9 1 12.110330316447 0.041983051162101 0.028374772572013 1496.5062223511 0.0 0.39716489791231 0.6309814453125 15.029432779343 0.0689697265625 1.642799288127
14 10 1 12.210390930811 0.041764295299874 0.028224279806986 1496.5062886523 0.39490484857713 8216.6230636971 0.343161472 2.0810120074087 8.6912e-05 8219.736919661 0.34329152
15 19 1 12.310450498973 0.054129464864225 0.036588836673721 1496.5032043147 0.39504485558944 0.81109619140625 14.984374839854 0.08929443359375 1.6496456009261 2014.8978245688 0.0 0.0 2014.8978245688 8568.9954106041 0.463835136 1.3798030367997 7.4688e-05 8570.3752136409 0.463909824 0.23510030475233
16 13 1 12.410510081628 0.041708821229895 0.02818834616407 1496.5041718386 0.39425000273171 204.0 0.6202392578125 14.870697361448 0.11309814453125 2.7116121049757 0.0 0.0 0.070556640625 1.6916479187004
17 9 1 12.510568206846 0.04186298883616 0.028288384817249 1496.5062307713 0.39562932538053 0.13337188553188 4.022144113943e-06 3.0157361110273e-05 3563.0 2.2568345634612e-05
18 8 1 12.610628883711 0.053575039383743 0.036210722050404 1496.5042743483 0.39100880599385 0.066670013070243 5.8685955149083e-07 8.8024514240386e-06 14.999247096988
19 5 1 12.710688978144 0.04152854023984 0.028067339538896 1496.5043886255 0.38195196799755 6.1425120772947
20 6 1 12.810742040831 0.041543095582173 0.028071908407321 1496.501052517 0.40012101546711 1.0 8.0
21 7 1 12.910797815492 0.053656448394396 0.036265183885953 1496.5071861385 0.38979492419419 86.560226427278 13.439773572722 7.4365621490887
22 7 1 13.010855112807 0.041289161063515 0.02789132080308 1496.5046323416 0.39717966958267 0.00043634116712333 0.00028453083631826 0.65208341031421
23 9 1 13.11091044453 0.042292724245104 0.028581554176478 1496.5079170538 0.3865079858594 2058.9396297894 0.0 0.0 2058.9396297894 0.0
24 6 1 13.210964813385 0.054164334641962 0.036611295596832 1496.5046739144 0.40270555209079 0.0 0.0
25 13 1 13.31102519224 0.041988072026035 0.028377719147942 1496.5037477615 0.38955253319319 2.567047868494 250630488.0 150127028.0 66852.0 10080.0 0.026673530636065 0.0089514249359799 59.899746913472 40.064628130956
26 7 1 13.411083368183 0.042183219954525 0.02850515606593 1496.5045699895 0.39820568353556 58.606152646115 41.393847353885 2.6798595846768
27 12 1 13.511140253358 0.054017455123593 0.036512470719167 1496.5042143086 0.3894241145584 10670823.0 94.304178787334 47.408705026782 99.758106755215 13.23610709152 12.482202096071 6.2750669680479 13.204089842594
1 7 1 13.611198874956 0.042267425177872 0.028567896937444 1496.507025126 0.396512778822 70.04439552264 29.95560447736 4.5918254221105
2 10 1 13.711252424966 0.042027763391129 0.028400823455422 1496.5024471139 0.39363015596731 8110.3812455542 0.340861184 8056.2379884215 0.338585664 16166.619233976 0.679446848
3 5 1 13.811304356306 0.054327002300032 0.036720063922781 1496.50409316 0.39494699430415 174339.09394904
4 6 1 13.911355501409 0.04196526301021 0.028361720862033 1496.5030012536 0.39920229024315 0.0 0.0
5 7 1 14.011407613004 0.042137387247654 0.028465529012823 1496.507246391 0.39680594708032 0.15222445665656 0.053723707042728 0.35292428183165
6 8 1 14.111468697479 0.054186783148343 0.036623707810161 1496.5075790001 0.39076683955566 13.074341479282 31.318600584132 7.7806243998769 99.929049347073
7 7 1 14.211533885241 0.041725103032025 0.02820259308061 1496.5019010791 0.38987746469548 46.0 2.8800531432415e-07 62.478260869565
8 10 1 14.31158416802 0.042034374844467 0.028403084338766 1496.5084854592 0.40076938157442 8459.7062598354 0.355598464 2.7223433302723 0.000114432 8462.4286031656 0.355712896
9 19 1 14.411642561356 0.053827607046245 0.036381812314154 1496.5023251221 0.3907492366421 0.78753662109375 14.630719519394 0.09027099609375 1.6770389962942 0.00013004479270249 0.0 0.0 0.00013004479270249 8657.334211414 0.466003584 1.1794691141565 6.3488e-05 8658.5136805281 0.466067072 1.5019297479999e-08
10 9 1 14.511701262665 0.04205144197747 0.028420792780026 1496.5055943536 0.39757807360567 0.00016646278155575 0.0 0.0 0.00016646278155575 0.0
11 7 1 14.611757694938 0.041715267827155 0.028189184031495 1496.5051747714 0.38939911372441 149202507.0 191821986.0 191812195.0
12 10 1 14.711815606387 0.053834106180057 0.036374236181023 1496.5066566617 0.4028387488991 42216.0 0.00021174736522973 30.042282546902 1.0 5.0158083482502e-09 69.0
13 9 1 14.811873117471 0.041498407809816 0.028047208528523 1496.5061352196 0.0 0.38939027912948 0.61126708984375 14.729892593594 0.06964111328125 1.6781634996795
14 10 1 14.911933564262 0.041879477161288 0.028301413429263 1496.5067440855 0.39398133249271 8235.7047264864 0.344907008 2.0615348101768 8.6336e-05 8238.7794544613 0.345035776
15 19 1 15.011995005624 0.041428763363618 0.02799314932224 1496.5072839933 0.39178172309855 0.611572265625 14.762020779072 0.06878662109375 1.6603590237539 2030.8927220813 0.0 0.0 2030.8927220813 8648.9197096012 0.358314048 1.6684060635201 6.912e-05 8650.5881156647 0.358383168 0.23476932376467
16 13 1 15.112057850979 0.041471753661861 0.02803262555921 1496.5055568365 0.39393131148432 204.0 0.5916748046875 14.266934779554 0.09857177734375 2.376841311015 0.0 0.0 0.06878662109375 1.6586378684297
17 9 1 15.21212386755 0.041653033752208 0.028145595450621 1496.5044619371 0.39384663261269 0.13337674670585 4.2968477659348e-06 3.2215868748179e-05 7506.0 4.756952703703e-05
18 8 1 15.312185055287 0.041597533413953 0.028119179075854 1496.5098633901 0.39687131385547 0.066671004416527 7.2231908968669e-07 1.0834081412273e-05 14.999024069781
19 5 1 15.412244103519 0.041850957059932 0.028285923751525 1496.5090001786 0.39415054025814 6.2027972027972
20 6 1 15.512296705153 0.041555394570174 0.028086115468546 1496.5026692388 0.39685749035034 1.0 8.0
21 7 1 15.624381746062 0.054175812066985 0.036630359118815 1496.5070285825 0.39544690994393 86.347564161626 13.652435838374 7.4119271480459
22 7 1 15.724453776257 0.0418257965805 0.028268175907851 1496.5038410864 0.38219406522073 0.0002017291392736 0.00019330972611527 0.95826377295492
23 9 1 15.824511679553 0.042204153958922 0.02852508553522 1496.5041317424 0.3961926420409 2008.8472116399 0.0 0.0 2008.8472116399 0.0
24 6 1 15.924566245873 0.041698660841884 0.028187017804525 1496.5056152045 0.38838193248863 0.0 0.0
25 13 1 16.024628327637 0.04170942087123 0.028180602457455 1496.5053635168 0.40330924753994 2.479486910106 248889564.0 143999100.0 53027.0 10080.0 0.021305433280441 0.0090433683270063 57.856624313907 42.113026884486
26 7 1 16.124686985468 0.041807515671983 0.028256202555892 1496.5023788911 0.38963380465281 59.895095818891 40.104904181109 2.6345566634728
27 12 1 16.224747556353 0.04166408907321 0.028162117290446 1496.5060223301 0.39844839489728 8609839.0 94.07653267384 53.170483211126 99.747556255117 13.846286237583 13.026105996413 7.3621372993184 13.811332154077
1 7 1 16.324810925263 0.041693365519755 0.028179341127303 1496.5118668121 0.38755009063697 71.510266394165 28.489733605835 4.6051838519541
2 10 1 16.424865336691 0.04165145222083 0.028151006715485 1496.508385295 0.38851859938735 8217.892768426 0.342287168 8174.5663559295 0.34048256 16392.459124355 0.682769728
3 5 1 16.524918152094 0.04182469784192 0.028256330274062 1496.5031604027 0.39089906538744 134049.64251969
4 6 1 16.624974355199 0.041845957029458 0.028281772458108 1496.5060156787 0.39682214373982 0.0 0.0
5 7 1 16.725026602664 0.042102118010961 0.028454850052811 1496.5055499445 0.39224689277669 0.15425498072136 0.052665257032678 0.34141689808908
6 8 1 16.825084284039 0.041877328597469 0.028307868631648 1496.5046225074 0.39168009236581 13.28693467889 31.627902184446 8.4802452244473 99.926738377227
7 7 1 16.925142622121 0.042093707633616 0.028450716875447 1496.5050210259 0.40028424420023 52.0 3.3134635966322e-07 52.192307692308
8 10 1 17.025192131345 0.042052172054384 0.028416697193471 1496.5100189216 0.3895631748895 8674.3326249179 0.364774528 1.2144913688157 5.1072e-05 8675.5471162867 0.3648256
9 19 1 17.125251909654 0.041996881862337 0.028385132689502 1496.5074912336 0.40114306139469 0.6383056640625 15.198882292138 0.0701904296875 1.6713247882921 0.00016667904114752 0.0 0.0 0.00016667904114752 8650.3046866867 0.363285824 30.327584894874 0.001273664 8680.6322715816 0.364559488 1.9201255845521e-08
10 9 1 17.225327067584 0.041610511753921 0.028120294118882 1496.5075844172 0.39047440819534 0.00016822672216571 0.0 0.0 0.00016822672216571 0.0
11 7 1 17.325386861291 0.041676684258669 0.028167505910244 1496.5042388214 0.39198585904443 148103323.0 190409135.0 190399595.0
12 10 1 17.425444175816 0.041958418765598 0.028363523862152 1496.5042595025 0.38853170035352 32209.0 0.00019982374390608 29.453786208824 1.0 6.2039723029612e-09 71.0
13 9 1 17.525505457757 0.041846086559233 0.028281249809996 1496.5052580475 0.0 0.40380541639935 0.61181640625 14.620636158747 0.06927490234375 1.6554690782301
14 10 1 17.625564023195 0.042206690206264 0.028524420676095 1496.5092540941 0.38923514706614 8342.5075569594 0.352109632 1.9212120069999 8.1088e-05 8345.4659505077 0.352234496
15 19 1 17.725624616726 0.042035394778219 0.028414418194074 1496.5074915053 0.39198272894763 0.61041259765625 14.521395620924 0.07098388671875 1.6886694437691 2030.6653107545 0.0 0.0 2030.6653107545 8632.6015947881 0.362874816 2.3111951371595 9.7152e-05 8634.9127899252 0.362971968 0.23516917427629
16 13 1 17.825690285468 0.042251869829444 0.028557876043037 1496.5087415807 0.392776479972 204.0 0.626708984375 14.832692302253 0.10736083984375 2.5409725126279 0.0 0.0 0.0709228515625 1.6785730867957
17 9 1 17.925750087327 0.042045998103712 0.028417458067674 1496.5039846698 0.39662703554707 0.13337112535821 4.0455785499076e-06 3.0333241464688e-05 3977.0 2.5139477957785e-05
18 8 1 18.025805697132 0.042286799390154 0.028566252452784 1496.5052035656 0.39488109117122 0.066670925550918 7.8883685167299e-07 1.1831796921291e-05 14.999041812256
19 5 1 18.125863723618 0.042073937585588 0.028437040614559 1496.5016364198 0.39697386143037 6.5070093457944
20 6 1 18.225917260946 0.042035311444378 0.028413013747109 1496.5049160468 0.39998340531367 1.0 8.0
21 7 1 18.325975326381 0.042131703336201 0.028478780452282 1496.5046253096 0.39485228390072 86.406801609472 13.593198390528 7.2329170865944
22 7 1 18.426035574801 0.042014511498769 0.028395819348837 1496.5110852201 0.39897585256849 0.00048570830811551 0.00027433942158803 0.56482340739123
23 9 1 18.52609159584 0.041574214431252 0.028096200674939 1496.5073600207 0.3850458741608 2066.7730990344 0.0 0.0 2066.7730990344 0.0
24 6 1 18.626144296206 0.04183360731651 0.028277425511325 1496.5106105446 0.40009319718002 0.0 0.0
25 13 1 18.726208729434 0.043049886468443 0.029096282857048 1496.5116145117 0.3888641752058 2.5715919947389 256976804.0 154201219.0 71546.0 11864.0 0.027841423383879 0.010569436453883 60.005890259262 39.9556988809
26 7 1 18.826273980602 0.053582697944912 0.036219275544563 1496.5099685649 0.39838825655894 58.578733247209 41.421266752791 2.676204673757
27 12 1 18.92633243825 0.042001775913903 0.028387422105629 1496.5090816281 0.38971645482901 8404756.0 94.256121177105 48.683733352878 99.739254774321 13.409195794078 12.638987836541 6.5280971251541 13.374231956243
1 7 1 19.026389986472 0.041788250156016 0.028229574223312 1496.5025092849 0.39576546046175 70.234058692275 29.765941307725 4.2916538672213
2 10 1 19.12645443691 0.053024965379058 0.035835004633726 1496.508769699 0.38210515700606 8355.1333382855 0.443030656 8325.0156005636 0.441433664 16680.148938849 0.88446432
3 5 1 19.226510399072 0.04164579004864 0.028147473632358 1496.5112283832 0.39076701060325 135067.27707006
4 6 1 19.326561703596 0.041935721163496 0.028340302706134 1496.50834061 0.39292194906972 0.0 0.0
5 7 1 19.426611566083 0.054246877717497 0.036665314494899 1496.5056117543 0.39794737532277 0.15220672457427 0.053707690166546 0.35286016643989
6 8 1 19.526665543631 0.041911894025524 0.028327867394838 1496.5093337366 0.39343767554031 13.580965201675 32.119561837354 9.1058210913137 99.921757127178
7 7 1 19.626718753965 0.04211862716955 0.028463105537908 1496.5075206361 0.39665683598096 45.0 2.8401988798142e-07 52.377777777778
8 10 1 19.726765562085 0.053838073595542 0.036390660647067 1496.5073429352 0.3964811392922 8538.7566325937 0.459710208 3.2607407411869 0.000175552 8542.0173733349 0.45988576
9 19 1 19.826823960856 0.042068145883623 0.028431052806326 1496.5075389008 0.39688152594281 0.6112060546875 14.528951581996 0.06964111328125 1.6554357654341 0.00016639668454523 0.0 0.0 0.00016639668454523 8517.4138406583 0.358311808 1.2870545840024 5.4144e-05 8518.7008952423 0.358365952 1.9533105645036e-08
10 9 1 19.926881966508 0.041834249530569 0.028266691297353 1496.5074739204 0.40072108702172 0.00016732701264033 0.0 0.0 0.00016732701264033 0.0
11 7 1 20.026936463987 0.054057290511304 0.036531749822173 1496.5084655909 0.39491821021023 190653855.0 245115600.0 245104467.0
12 10 1 20.126993780324 0.042127031206277 0.028472136390049 1496.5086822971 0.40058114445975 33529.0 0.00021364593118496 29.849920963942 1.0 6.3719744455533e-09 66.0
13 9 1 20.227056574049 0.04198083647469 0.028369701888935 1496.5098674631 0.0 0.39067649357345 0.653076171875 15.556530710595 0.07177734375 1.7097644967907
14 10 1 20.327124160376 0.053994075452117 0.036495588369898 1496.5067554799 0.39815663550459 8148.3630253132 0.439963328 1.8893924777075 0.000102016 8151.079767822 0.440110016
15 19 1 20.427186926927 0.04180400115781 0.028253367846586 1496.5137809554 0.3896284780906 0.61517333984375 14.715656942059 0.06964111328125 1.6658958796397 2042.5999817017 0.0 0.0 2042.5999817017 8687.1684513901 0.3631584 2.8414505001948 0.000118784 8690.0099018903 0.363277184 0.23505151372237
16 13 1 20.52724991087 0.041922138653179 0.028313763142211 1496.5086901163 0.40479011546751 204.0 0.61322021484375 14.627598556383 0.1075439453125 2.5653258342139 0.0 0.0 0.068603515625 1.6364507591694
17 9 1 20.627311059658 0.053661782666037 0.036272110558603 1496.5075049672 0.3892167141837 0.13336612787743 3.1686175914835e-06 2.3758788246411e-05 3448.0 1.6756738428582e-05
18 8 1 20.727366153155 0.041994188911141 0.028380721883634 1496.5072132064 0.40035977289552 0.066671012867243 7.7306488108016e-07 1.1595217289101e-05 14.999022168618
19 5 1 20.827419654251 0.041675427910432 0.028160395812563 1496.5075867023 0.39066632826137 6.2624113475177
20 6 1 20.927472445198 0.05398673573347 0.036492644964278 1496.5053355421 0.39253985597433 1.0 8.0
21 7 1 21.027528959899 0.04172744000279 0.028189399612519 1496.512121802 0.39302625184099 86.398221195831 13.601778804169 7.3937004160597
22 7 1 21.127591759059 0.04187685214529 0.028292107213124 1496.5104286169 0.39977192200216 0.00042494923537535 0.00027827599578792 0.65484526767563
23 9 1 21.227658512047 0.053513274514554 0.036162650652353 1496.5110378868 0.39570478778452 2010.9986723151 0.0 0.0 2010.9986723151 0.0
24 6 1 21.327718641807 0.041377207795781 0.027967650525529 1496.5074155778 0.39699936754303 0.0 0.0
25 13 1 21.427776469016 0.042163256064736 0.02849426016619 1496.5107626805 0.39231643130268 2.5489628274796 251659772.0 149681575.0 54102.0 9892.0 0.02149807240547 0.0089382581177893 59.477751970625 40.491811698852
26 7 1 21.527835250942 0.053959750061756 0.036471998099312 1496.5098467431 0.39082189602493 59.712333890904 40.287666109096 2.6068865100021
27 12 1 21.627893938663 0.042006297680592 0.028388067037096 1496.5088389778 0.39230207949899 8165179.0 94.178523214249 45.489290559337 99.729767100023 13.026671625149 12.268326960535 5.9257405057748 12.991469272646
1 7 1 21.727955462453 0.041867987055028 0.028289166977813 1496.5102589425 0.38332951213423 72.179542474557 27.820457525443 4.684060641527
2 10 1 21.828019283358 0.054167837380701 0.036609350838603 1496.5059852653 0.39902158526692 8001.4158393265 0.433419392 7956.7440171344 0.430999616 15958.159856461 0.864419008
3 5 1 21.92807847833 0.041756415722865 0.028225172022569 1496.5071771543 0.38956575521431 135857.76433121
4 6 1 22.028131074529 0.042118850902797 0.028455623155349 1496.5075929947 0.40248037361825 0.0 0.0
5 7 1 22.128184021274 0.054175991415904 0.036617691016245 1496.5086699536 0.38939339537181 0.15239007208429 0.053948662473432 0.35401691025905
6 8 1 22.228246961739 0.041887315977179 0.02830982788272 1496.5066785189 0.40112097349703 14.021116336048 33.199790893026 10.432130790119 99.928258460367
7 7 1 22.328301585124 0.041945717601233 0.028350960379785 1496.5119006383 0.39052635684594 48.0 2.9945211866055e-07 60.104166666667
8 10 1 22.428350987463 0.041846534931531 0.028287959995819 1496.5061666097 0.39513665130122 8565.8299925309 0.358450304 1.1470483775667 4.8e-05 8566.9770409084 0.358498304
9 19 1 22.528414354562 0.041912198375205 0.028328030892211 1496.5060358228 0.39273389891541 0.5992431640625 14.297583693844 0.068603515625 1.6368388747078 0.00016701581571395 0.0 0.0 0.00016701581571395 8610.3200020519 0.36087744 1.3071134925819 5.4784e-05 8611.6271155445 0.360932224 1.9394222888783e-08
10 9 1 22.628472352968 0.041872072224853 0.028298254442618 1496.5084468924 0.39673446150427 0.00016717586754269 0.0 0.0 0.00016717586754269 0.0
11 7 1 22.728528911147 0.042185716346551 0.028519351804622 1496.5070481533 0.38862243064169 151249436.0 194454600.0 194446057.0
12 10 1 22.828592534588 0.041835004064153 0.028275338542084 1496.5077714746 0.39254399041993 27865.0 0.00017520364806879 30.80122016867 1.0 6.2875883032045e-09 69.0
13 9 1 22.928650643502 0.042226529095291 0.028540363255144 1496.5085526617 0.0 0.40038731694881 0.62823486328125 14.877729160821 0.07037353515625 1.6665716236691
14 10 1 23.028711936312 0.041904091441738 0.028317644959347 1496.5063844468 0.39334420614044 8250.027052386 0.345709888 1.9320309118875 8.096e-05 8253.0327732039 0.34583584
15 19 1 23.128777199255 0.042195929271114 0.028516774796163 1496.5051927674 0.39370710103372 0.61553955078125 14.587652444536 0.0709228515625 1.680798427422 2021.334367398 0.0 0.0 2021.334367398 8586.6572974856 0.362321984 2.105226772688 8.8832e-05 8588.7625242583 0.362410816 0.23534640312722
16 13 1 23.228842986658 0.042097538272904 0.028451206461764 1496.5099768468 0.3845282000521 204.0 0.61639404296875 14.642044838177 0.10980224609375 2.6082818758175 0.0 0.0 0.07147216796875 1.6977754733643
17 9 1 23.328913198 0.041429304127783 0.02800381378941 1496.5067241016 0.40074632663451 0.13337750794954 4.38777768905e-06 3.2897433431655e-05 5837.0 3.7830810001455e-05
18 8 1 23.428979982692 0.041427846691365 0.02799812399024 1496.5060056226 0.3897240455728 0.066670945976002 6.9346497769867e-07 1.0401307009327e-05 14.9990372172
19 5 1 23.529032997372 0.04181467604171 0.02825742493653 1496.5072914733 0.39951062392779 6.3358778625954
20 6 1 23.62908727927 0.042131110941286 0.028478209343728 1496.5057783881 0.38462407947316 1.0 8.0
21 7 1 23.729149006865 0.041871122037903 0.02829883868531 1496.509474417 0.39382364502266 86.944292693162 13.055707306838 7.1558206425773
22 7 1 23.829205095839 0.042107291049735 0.028459631784853 1496.5089972395 0.38318925267006 0.00022205884347451 0.00019500464812317 0.8781665484336
23 9 1 23.92926100003 0.041946728476959 0.028351893356485 1496.5015208093 0.3965857775628 2006.9118392926 0.0 0.0 2006.9118392926 0.0
24 6 1 24.029318668723 0.042024308659928 0.028401590670243 1496.5056719171 0.39284144297426 0.0 0.0
25 13 1 24.129374973279 0.042043188303979 0.028415463943201 1496.5030742329 0.39662622289656 2.5212654692799 250963848.0 147645878.0 51984.0 10168.0 0.02071374041093 0.0092889873126268 58.831532579944 41.138464692333
26 7 1 24.229437163739 0.041954289211445 0.028359248020875 1496.5081223118 0.39681256851375 58.811826301418 41.188173698582 2.6756008519353
27 12 1 24.329500859644 0.042008505121582 0.02839325728612 1496.5055444709 0.39069733475904 8180257.0 94.219423668474 45.325165211802 99.732722333785 13.048341309639 12.294071980237 5.9141822559937 13.013466007507
1 7 1 24.429558453156 0.041808411510776 0.028254684430697 1496.5057338372 0.40050671261615 69.442106712371 30.557893287629 4.530472944664
2 10 1 24.529612620923 0.042055345080969 0.028428095813666 1496.5035143558 0.39246559702946 8136.2880114577 0.3421744 8091.0934708745 0.340273728 16227.381482332 0.682448128
3 5 1 24.629669083087 0.041412250581819 0.027989590423738 1496.5027230144 0.3923917113251 132279.07244094
4 6 1 24.729721566061 0.041582699084412 0.028103146822346 1496.5073046975 0.38936497737535 0.0 0.0
5 7 1 24.829779556315 0.041541292129152 0.028079958728124 1496.5041577756 0.40095138646635 0.15234823742483 0.053618505469599 0.35194700231471
6 8 1 24.929848296634 0.041567669101505 0.028093148573004 1496.5072472123 0.38972298529269 13.423559197691 31.618530109338 8.4938190655531 99.92029411136
7 7 1 25.029903966222 0.041489391450517 0.028029176715727 1496.5068780243 0.39815259722455 47.0 3.023713557207e-07 47.978723404255
8 10 1 25.12995305153 0.041692937075115 0.028182709807255 1496.5062953486 0.38924264376679 8695.7285678104 0.362550464 1.011586205213 4.2176e-05 8696.7401540156 0.36259264
9 19 1 25.230020128796 0.041641475710751 0.028143682848385 1496.5078775897 0.4015849379665 0.61480712890625 14.76429733607 0.06903076171875 1.6577405228924 0.00016810163137885 0.0 0.0 0.00016810163137885 8441.0841354801 0.3514992 2.6988476772687 0.000112384 8443.7829831573 0.351611584 1.9908331575333e-08
10 9 1 25.330078965069 0.041492502882523 0.028040672709704 1496.5054816215 0.38218158118748 0.00016870517596441 0.0 0.0 0.00016870517596441 0.0
11 7 1 25.430135717091 0.041637895072986 0.028142563729245 1496.5039310521 0.38949589191303 148918832.0 191457214.0 191447219.0
12 10 1 25.530201924786 0.041544774940234 0.028078107267565 1496.5078297851 0.38626494509881 23493.0 0.00014637251123118 31.470906227387 3.0 1.8691420154664e-08 62.333333333333
13 9 1 25.630236606927 0.042557923325169 0.028762578377583 1496.5036089566 0.0 0.38826736957997 0.61505126953125 14.45209778757 0.071533203125 1.680843366779
14 10 1 25.730295910594 0.042317543236947 0.028600360903417 1496.5019270066 0.39627266861691 8186.5485919213 0.346434624 1.943402043439 8.224e-05 8189.4629387989 0.346557952
15 19 1 25.830354559367 0.042438783106297 0.028662730395856 1496.5056322231 0.39682997008651 0.61480712890625 14.486917010941 0.06964111328125 1.6409780908849 2004.1570887404 0.0 0.0 2004.1570887404 8540.0179145622 0.362427968 1.7463271699938 7.4112e-05 8541.7642417322 0.36250208 0.23463034474175
16 13 1 25.930414201804 0.05420121892473 0.036637252729669 1496.5071473334 0.39527841946567 204.0 0.789794921875 14.571534322352 0.13970947265625 2.5776075783511 0.0 0.0 0.08984375 1.6575964855102
17 9 1 26.030474364173 0.042475766121551 0.028699517304842 1496.5065550128 0.38324351593438 0.13337079677924 3.8343615329013e-06 2.8749633544202e-05 3903.0 2.360491019387e-05
18 8 1 26.130526056381 0.042307110202347 0.028592334133482 1496.5060226368 0.39263778051856 0.066670903712809 7.4010444901289e-07 1.1100861212276e-05 14.999046725204
19 5 1 26.230579349142 0.054187257788917 0.036625904834421 1496.5038827062 0.39185644257413 6.2330677290837
20 6 1 26.330633955318 0.04228138812529 0.028574240273206 1496.5035016199 0.39935806765286 1.0 8.0
21 7 1 26.430699268986 0.042078615150328 0.028434103549557 1496.5060925059 0.39009387598751 86.500914161577 13.499085838423 7.4257075440701
22 7 1 26.53075579818 0.054148774764521 0.036600560929959 1496.5068499898 0.40341876838115 0.00055890366492729 0.00029119930894222 0.52101878591205
23 9 1 26.630810337326 0.042097148777777 0.028453701947988 1496.5016072932 0.38950703651474 2043.3959661755 0.0 0.0 2043.3959661755 0.0
24 6 1 26.730863695305 0.035205684675226 0.023787878221566 1496.505974297 0.3983812679055 0.0 0.0
25 13 1 26.830917818687 0.054097596010575 0.036567382285718 1496.5058597287 0.38615826610908 2.5896117933094 322961152.0 195153415.0 57938.0 12772.0 0.017939618942157 0.0091394893216135 60.426281548562 39.546639343174
26 7 1 26.930975758216 0.042194191941685 0.028517938299631 1496.5054887714 0.3967600545664 58.819880641395 41.180119358605 2.6694099260749
27 12 1 27.031033216764 0.041874526044156 0.028291936016429 1496.5043607366 0.39262964500922 8444926.0 94.13171885698 50.803298927664 99.724023632652 13.518756915317 12.725438252485 6.8679744869927 13.481448341072
1 7 1 27.131090776761 0.054210513365434 0.036640734182047 1496.5040080844 0.39494238243656 70.308187233561 29.691812766439 4.6236567459939
2 10 1 27.231153629363 0.041968282956152 0.028361816424209 1496.511023812 0.39377775461514 8107.5595195424 0.340260352 8075.3523405779 0.338908672 16182.91186012 0.679169024
3 5 1 27.331207679376 0.041695828397085 0.028176489207748 1496.5013881039 0.39679846148607 133151.2977707
4 6 1 27.431259444954 0.05422134223578 0.036649220193911 1496.5022674223 0.39802762203309 0.0 0.0
5 7 1 27.531311421584 0.041812113526092 0.028258278655502 1496.5076357633 0.38478516395168 0.15362142388391 0.053366416499169 0.34738915412929
6 8 1 27.631367230665 0.041460192902996 0.028015765402106 1496.5010023424 0.39933657707516 13.798154246811 32.847948152841 9.9195092769324 99.925738500359
7 7 1 27.731422112204 0.054270368802696 0.036681108522318 1496.5013113238 0.39194956704909 43.0 2.0809410174013e-07 48.813953488372
8 10 1 27.831471564363 0.042428101881779 0.028676638542216 1496.5078256001 0.38983477055393 8686.2368961708 0.368540544 4.3005459096053 0.000182464 8690.5374420804 0.368723008
9 19 1 27.931539968629 0.042129817455142 0.028467091975247 1496.5047886889 0.39011331814533 0.67169189453125 15.943384878096 0.07098388671875 1.6848847445003 0.00016615310539746 0.0 0.0 0.00016615310539746 8823.1605654544 0.371718144 58.684897047857 0.002472384 8881.8454625022 0.374190528 1.8707047549851e-08
10 9 1 28.031605473422 0.054284223959602 0.036680823647393 1496.5023627018 0.40309115889385 0.0001289509085588 0.0 0.0 0.0001289509085588 0.0
11 7 1 28.131662743562 0.042226279093767 0.028537138597809 1496.5038356948 0.38760731262015 151743138.0 195088203.0 195077596.0
12 10 1 28.231721867881 0.042205890382548 0.0285239043686 1496.5058723381 0.39529985410715 29684.0 0.00018631322488038 30.779611912141 1.0 6.2765538633736e-09 66.0
13 9 1 28.331781880792 0.05434552868106 0.036735127873286 1496.5034212241 0.0 0.39217794073387 0.7994384765625 14.71028980607 0.09124755859375 1.6790260543652
14 10 1 28.431841020509 0.042131456052085 0.028475592479953 1496.5033098075 0.3966882925425 8177.7248707963 0.344539456 1.9519857063172 8.224e-05 8180.6581660484 0.34466304
15 19 1 28.531900630338 0.042289649045203 0.028576956322368 1496.5052402 0.39390295928256 0.61468505859375 14.535118462126 0.07012939453125 1.6583111024707 2020.1062890989 0.0 0.0 2020.1062890989 8584.0194041805 0.363015168 1.5875279534299 6.7136e-05 8585.6069321339 0.363082304 0.23528986419564
16 13 1 28.631961615175 0.041624471983931 0.028136757534438 1496.5030329334 0.39465069697169 204.0 0.61309814453125 14.729271395153 0.10589599609375 2.5440802260418 0.0 0.0 0.07037353515625 1.6906769456059
17 9 1 28.73202208914 0.041809172384979 0.028258726574898 1496.5029410017 0.39906717823681 0.13337319130128 4.2660194835825e-06 3.1985584523849e-05 5105.0 3.2650718836115e-05
18 8 1 28.832076923578 0.041606819702433 0.028120925010408 1496.503586593 0.39142533085242 0.066670947148687 7.5649166776437e-07 1.1346646479722e-05 14.99903695338
19 5 1 28.932128577742 0.05391074795151 0.036438186299038 1496.502569373 0.39300762016895 6.3769063180828
20 6 1 29.032181525393 0.041658269291363 0.028152174295064 1496.5043980729 0.38947420024126 1.0 8.0
21 7 1 29.13223814245 0.04193970578923 0.028347205827916 1496.5030323666 0.39325437909219 86.816427268088 13.183572731912 7.2629605017054
22 7 1 29.232295382699 0.041837005887948 0.028280756600468 1496.5015750377 0.38195163056693 0.00020139437121617 0.00019249980570854 0.95583508390069
23 9 1 29.332356064998 0.041535181584664 0.028073301531754 1496.5075721419 0.39227512778826 2028.9347195515 0.0 0.0 2028.9347195515 0.0
24 6 1 29.432416378636 0.041880376623292 0.028304108192063 1496.5028942241 0.39036317846203 0.0 0.0
25 13 1 29.532482728542 0.041104707946583 0.027782031640623 1496.5016836878 0.40249945068543 2.4844754403939 245369408.0 142248243.0 58148.0 10724.0 0.023698145776999 0.010079496136699 57.973096222329 41.993126135757
26 7 1 29.632546505063 0.041308114077578 0.027919142983516 1496.5033997618 0.38958004458781 59.903798991816 40.096201008184 2.6353331075147
27 12 1 29.732605314162 0.041603703741414 0.028118321280771 1496.503288474 0.39047875590658 8002271.0 94.182501442403 44.298924642767 99.731013858441 12.889243958372 12.139412377008 5.7097964681414 12.854573678372
1 7 1 29.832663954782 0.04161631885453 0.028131146540096 1496.5065093262 0.3928197269782 70.647593338182 29.352406661818 4.6739890726633
2 10 1 29.932722341777 0.041448871276024 0.028012078785434 1496.5001820295 0.39678870574174 8046.0026469505 0.333497728 8006.3509037449 0.331854208 16052.353550695 0.665351936
3 5 1 30.032773897209 0.04183789810353 0.028264322170596 1496.5046466789 0.39285084250557 133421.36535433
4 6 1 30.132828694509 0.041787219352632 0.028246450231962 1496.5003872814 0.39696502981605 0.0 0.0
5 7 1 30.23288805343 0.041722049571386 0.028199820871686 1496.5016548061 0.39550673737283 0.15283739420665 0.053451921871507 0.34973065426145
6 8 1 30.332946518325 0.041788428599132 0.028243381372679 1496.5008827637 0.39661358013392 13.710171705697 32.590646469045 9.6392591870631 99.927732083091
7 7 1 30.433000864535 0.041697148151505 0.028182852018266 1496.5033497437 0.400530215614 49.0 3.1539151260585e-07 54.755102040816
8 10 1 30.533054379218 0.041776833419768 0.02823635506174 1496.4996810776 0.38243579875572 8836.2235665599 0.36914944 1.0340659275425 4.32e-05 8837.2576324875 0.36919264
9 19 1 30.633113039765 0.041880733509525 0.028307367269897 1496.4960330988 0.40044340341225 0.615966796875 14.707641085964 0.069091796875 1.6497274781323 0.00016714129418025 0.0 0.0 0.00016714129418025 8468.3277077595 0.354659776 2.762893347455 0.000115712 8471.0906011069 0.354775488 1.9730788165388e-08
10 9 1 30.733172952132 0.041001279779992 0.027713689738596 1496.5032128628 0.3892293616051 0.00017072637823895 0.0 0.0 0.00017072637823895 0.0
11 7 1 30.833233261241 0.04195474030115 0.028355264753844 1496.500599284 0.39879700946782 146544175.0 188404623.0 188395299.0
12 10 1 30.933293392812 0.042126948778238 0.028469810741817 1496.4992542824 0.39102233020063 33742.0 0.00020988982152865 29.566445379646 3.0 1.8661296443185e-08 57.333333333333
13 9 1 31.033362601431 0.041648919596699 0.028139240339425 1496.5044093048 0.0 0.39618096507087 0.601318359375 14.43779010831 0.07012939453125 1.6838226587949
14 10 1 31.133445416112 0.041569476177736 0.028088059320973 1496.5024165629 0.39360500537057 8250.1319606159 0.342953664 3.5102679518043 0.00014592 8254.7507342367 0.343145664
15 19 1 31.233515969848 0.041623845168516 0.028130375249163 1496.5015343341 0.40041338482982 0.60882568359375 14.62684865199 0.06793212890625 1.6320483759062 1987.4945878997 0.0 0.0 1987.4945878997 8494.4540459572 0.35357184 5.5506645064775 0.00023104 8500.0047104637 0.35380288 0.233822763116
16 13 1 31.333579397635 0.041697478769462 0.028183234719874 1496.5041767545 0.39063098480915 205.0 0.61553955078125 14.762032836193 0.109130859375 2.6172052266845 0.0 0.0 0.0701904296875 1.6833255093328
17 9 1 31.433645955876 0.04189066744688 0.028313375458689 1496.501633034 0.39114506448456 0.13337221912252 3.9980722909658e-06 2.9976799645908e-05 4228.0 2.645359882035e-05
18 8 1 31.53369851856 0.041488472060855 0.028040211203268 1496.5034590063 0.39286364651582 0.066670979897573 7.7414795594418e-07 1.1611468095017e-05 14.99902958583
19 5 1 31.633752451724 0.041730167374485 0.028207462675506 1496.4980551855 0.39680846250871 6.0734597156398
20 6 1 31.733809995417 0.042027883862877 0.028403912242363 1496.5015162342 0.39468518646284 1.0 8.0
21 7 1 31.833866307219 0.042420964157117 0.028669116757242 1496.5058407237 0.39646887359134 86.263760914831 13.736239085169 7.3040689415913
22 7 1 31.933923634425 0.042145042185613 0.028487733858299 1496.5017188882 0.39212274961399 0.00036604740569232 0.00021234624916736 0.58010587116643
23 9 1 32.033984098426 0.042289023135591 0.028583390691294 1496.4990915751 0.38706984439927 2056.2629153478 0.0 0.0 2056.2629153478 0.0
24 6 1 32.134037172889 0.042388428632737 0.028649898795913 1496.4991893175 0.40041184091659 0.0 0.0
25 13 1 32.234095703907 0.042211517228436 0.028531675702196 1496.4972565414 0.38957727321345 2.5668848486757 251990224.0 150932129.0 52925.0 10944.0 0.02100279890223 0.010060707751901 59.896025569627 40.072910923719
26 7 1 32.334158926076 0.04236307249994 0.028634180855915 1496.50276756 0.39137362541481 59.62887823757 40.37112176243 2.5809346565529
27 12 1 32.434217166332 0.042212311617336 0.028529487283061 1496.5039337025 0.39009126322716 8501274.0 94.211408784142 48.389641364341 99.742967936335 13.4956443541 12.714436670495 6.5304939027561 13.460956220912
1 7 1 32.534274037919 0.042267027530521 0.028567184523682 1496.500772342 0.40479766145962 68.773186627254 31.226813372746 4.4822073548152
2 10 1 32.634332479263 0.041781246490142 0.028233800245445 1496.5004795621 0.38951265839188 8195.8010534892 0.342430784 8163.9368054871 0.341099456 16359.737858976 0.68353024
3 5 1 32.73438313161 0.054096913941201 0.036564645403095 1496.5024926424 0.40136057012297 170827.08121019
4 6 1 32.834434647186 0.041835435226201 0.028276040539116 1496.4985910834 0.39129322837104 0.0 0.0
5 7 1 32.934484472535 0.042050717335373 0.028417658702954 1496.4996785859 0.3965756730462 0.15222189111998 0.053724639803699 0.35293635763172
6 8 1 33.034539099544 0.053780882123791 0.036343869601022 1496.4981892576 0.39214878182234 13.516733850052 31.938557032354 8.8856954064509 99.926328503544
7 7 1 33.134591746468 0.042044937408842 0.028416085776701 1496.5001282792 0.38865763911053 43.0 2.6636366787677e-07 52.232558139535
8 10 1 33.234648994869 0.041931562623659 0.028332526843526 1496.4988787202 0.39516198389112 8585.5860710728 0.36000704 6.3051311102541 0.000264384 8591.891202183 0.360271424
9 19 1 33.334709872822 0.053888220640301 0.036423849708038 1496.4983220691 0.39534721487272 0.787841796875 14.619925978513 0.090087890625 1.6717547834123 0.00012989851802167 0.0 0.0 0.00012989851802167 8588.9363296931 0.462842496 3.0759969067532 0.00016576 8592.0123265998 0.463008256 1.5118520910349e-08
10 9 1 33.434768002569 0.042123571946063 0.028470977415594 1496.4997176537 0.39221404808259 0.00016617774031516 0.0 0.0 0.00016617774031516 0.0
11 7 1 33.53482249099 0.041880620284197 0.02830139169 1496.4966348879 0.38375981506549 151996897.0 195414835.0 195405304.0
12 10 1 33.634877962207 0.054301954140125 0.036703865907393 1496.5011301985 0.39002805483681 31186.0 0.00015008845598342 31.376002052203 1.0 4.8126869743929e-09 69.0
13 9 1 33.734934830171 0.041930472943104 0.028341127892323 1496.4952477419 0.0 0.38937822554574 0.61383056640625 14.639247385527 0.0703125 1.6768830653403
14 10 1 33.8349941121 0.042463185428934 0.028696026341537 1496.4968125914 0.39657366984804 8180.5819438902 0.347373568 2.0452540035026 8.6848e-05 8183.5827550332 0.347500992
15 19 1 33.935051080608 0.054359963551644 0.036745563625294 1496.4959812667 0.38924882777316 0.79083251953125 14.5480693485 0.09063720703125 1.6673522406825 2044.9524381007 0.0 0.0 2044.9524381007 8683.7568158326 0.472048704 2.1321574266673 0.000115904 8685.8889732593 0.472164608 0.2354338680124
16 13 1 34.035118712225 0.042577243189294 0.028768822527958 1496.4934816397 0.40502537817797 204.0 0.66766357421875 15.681230728124 0.14947509765625 3.5106805058209 0.0 0.0 0.0714111328125 1.6772136348756
17 9 1 34.135188369216 0.042465997946075 0.028696440746236 1496.499278187 0.38739167694064 0.13337271486596 4.0230156603649e-06 3.016370825478e-05 5179.0 3.1664434810076e-05
18 8 1 34.235243625758 0.054535226395173 0.036863644507999 1496.4974465141 0.4012139286834 0.066670035976958 5.7672286763645e-07 8.6504058260261e-06 14.999241943496
19 5 1 34.335296809823 0.042614128377865 0.028803208154193 1496.497306724 0.39275987234203 6.3262910798122
20 6 1 34.435349126129 0.042387531888142 0.028645169147522 1496.4999596689 0.39639952398325 1.0 8.0
21 7 1 34.53540493521 0.05467821911449 0.036960070820321 1496.5002824517 0.39155444554735 86.650420006955 13.349579993044 7.3047980361826
22 7 1 34.635460317658 0.041952499345464 0.028354971726696 1496.500038658 0.38879865775234 0.0003162678794269 0.00021188887054134 0.66996645668003
23 9 1 34.735515469127 0.051118622238813 0.034551976886583 1496.4989917345 0.39703441180879 2004.7002151437 0.0 0.0 2004.7002151437 0.0
24 6 1 34.835567178545 0.053873655334139 0.036415877739162 1496.4956653005 0.3950269575504 0.0 0.0
25 13 1 34.93562447586 0.041869647391234 0.028293296079065 1496.4956374093 0.40040756683901 2.4974553000944 249884868.0 145622891.0 71163.0 10020.0 0.028478315061479 0.0092926795391228 58.275994127023 41.686234878376
26 7 1 35.035683271372 0.041616604182356 0.028101245089741 1496.5007770908 0.38941154107892 59.929694457786 40.070305542214 2.6249268741826
27 12 1 35.135741315068 0.054079159304007 0.036551340974183 1496.4977386618 0.39823535929032 11186311.0 94.017098219422 52.915165687777 99.757221124998 13.86076346893 13.031487604546 7.3344459551753 13.827112463314
1 7 1 35.235802321645 0.041936202144689 0.028339868826678 1496.498850739 0.3895101586478 71.182334708754 28.817665291246 4.7364698126019
2 10 1 35.335857551012 0.04178874925326 0.028236119553058 1496.5006698031 0.3970993979443 8038.4261793572 0.335915776 7985.800340123 0.333716608 16024.22651948 0.669632384
3 5 1 35.435910307538 0.054042764154655 0.036524864816444 1496.4982856348 0.38941759704113 175874.55095541
4 6 1 35.53596715014 0.041751111342711 0.028208770654492 1496.498528383 0.40623293627705 0.0 0.0
5 7 1 35.636030442057 0.041959699570506 0.028352935935303 1496.4939456111 0.38960918508016 0.15238202365284 0.053940043393731 0.35397904622017
6 8 1 35.736091339031 0.041529384447883 0.028068317805728 1496.4963189656 0.39285603036299 13.103896269025 31.598394680855 8.3530107914763 99.926400336345
7 7 1 35.836149552113 0.041563963462978 0.028089980981235 1496.4979725977 0.38723397249356 49.0 3.0592971644367e-07 73.551020408163
8 10 1 35.936219170155 0.04190848639606 0.028321909025191 1496.5018940324 0.38891469862168 8709.3829290459 0.364997056 3.3673370750337 0.00014112 8712.7502661209 0.365138176
9 19 1 36.036278249183 0.05403495160704 0.036509230210286 1496.5010347853 0.38834245430958 0.7901611328125 14.623148708614 0.09100341796875 1.6841584060361 0.00012954578086618 0.0 0.0 0.00012954578086618 8702.4408094175 0.470235968 2.731269217622 0.000147584 8705.1720786351 0.470383552 1.4881472726325e-08
10 9 1 36.136341531136 0.041932357012558 0.028338568547014 1496.5002776478 0.39702992435679 0.00016693552422783 0.0 0.0 0.00016693552422783 0.0
11 7 1 36.236399314867 0.041694556650203 0.028176125527995 1496.5000712382 0.39965283702352 145307014.0 186813807.0 186804323.0
12 10 1 36.33645716925 0.042069372340373 0.028434118948201 1496.5024439968 0.39071614339269 26572.0 0.00016536721076765 31.016483516484 1.0 6.2233633436568e-09 73.0
13 9 1 36.436519209347 0.041743111293953 0.028208038313072 1496.4986296975 0.0 0.40092336334154 0.5965576171875 14.291163228983 0.0677490234375 1.6229988934082
14 10 1 36.536579916103 0.041891072340652 0.028308921174295 1496.4960692275 0.38929402455257 8339.2966682542 0.34934208 2.5055457913915 0.00010496 8343.0045704711 0.349497408
15 19 1 36.636640298582 0.041588700026783 0.028112241080671 1496.4968232925 0.40067797493316 0.60955810546875 14.656820364094 0.0692138671875 1.6642469503237 1986.578660713 0.0 0.0 1986.578660713 8451.3602919459 0.351481088 2.1482758523941 8.9344e-05 8453.5085677983 0.351570432 0.23500049059871
16 13 1 36.736706094137 0.041757956493125 0.028223649368361 1496.4983167275 0.38930430653047 204.0 0.6121826171875 14.660262824123 0.10540771484375 2.5242546258485 0.0 0.0 0.07025146484375 1.6823492034462
17 9 1 36.836765924981 0.041734813236133 0.028204624795891 1496.5018161782 0.39474551128342 0.13336976777962 4.0757864795742e-06 3.0560047808652e-05 4080.0 2.5861911099009e-05
18 8 1 36.936818724986 0.041899710980258 0.02832226455272 1496.4982968139 0.38259126329487 0.066670822839278 6.8521785935922e-07 1.0277627156501e-05 14.999064919458
19 5 1 37.036883126511 0.041630148648963 0.028116477519534 1496.4983465833 0.40128222230112 6.6879535558781
20 6 1 37.136946363174 0.041730350346614 0.028199984369059 1496.499840642 0.38913566954446 1.0 8.0
21 7 1 37.237011717603 0.04208639237164 0.02844684864535 1496.5020878855 0.39939123768106 86.09436716381 13.90563283619 7.4127457112716
22 7 1 37.337074015854 0.041989739608662 0.028378735458484 1496.499261755 0.39216778057534 0.00033229659757261 0.00027595419019626 0.8304454280064
23 9 1 37.437129874754 0.042149259602621 0.028487915924626 1496.5008985056 0.3968926493337 2005.2992103981 0.0 0.0 2005.2992103981 0.0
24 6 1 37.537183431104 0.041882542397361 0.028311358689151 1496.4995221003 0.39302042327952 0.0 0.0
25 13 1 37.637244777356 0.042207332420323 0.028528566534696 1496.4956323217 0.39661175630106 2.5213574335928 251962764.0 148239006.0 52474.0 11052.0 0.020826093176212 0.010028862836256 58.833695759902 41.135449284085
26 7 1 37.737303087359 0.04175877352709 0.028221283864814 1496.5001691062 0.39037424458049 59.781842131595 40.218157868405 2.5839474302581
27 12 1 37.837361845733 0.041803002057518 0.028257967512301 1496.4971404224 0.39686752729332 8590313.0 94.103940100902 52.244918200303 99.754246440147 13.768024957587 12.956253959165 7.1930933768885 13.734189546132
1 7 1 37.93742435413 0.041566837574698 0.028094381370373 1496.505221503 0.40057427426944 69.436069915896 30.563930084104 4.5305032118328
2 10 1 38.037477827146 0.042111779301727 0.028452565165697 1496.4982598673 0.38958478999757 8192.4304724367 0.344997824 8149.8557812285 0.343204928 16342.286253665 0.688202752
3 5 1 38.137530195083 0.041876159206284 0.028306396702387 1496.4984695779 0.40050161270416 131067.4015748
4 6 1 38.237588783167 0.041888674681112 0.028311362765263 1496.4997375579 0.38959601746815 0.0 0.0
5 7 1 38.337640500737 0.042121020300077 0.028469969710177 1496.4972192788 0.39915546407329 0.15219086985383 0.053656825056479 0.35256270700084
6 8 1 38.43769644116 0.041979048420315 0.028377396682209 1496.4986565878 0.38933818434772 13.338860789656 31.567056211358 8.3771861714853 99.921999026125
7 7 1 38.537756553709 0.042080139616141 0.028442031587006 1496.4967791939 0.40300113021319 40.0 2.5669015892862e-07 54.3
8 10 1 38.637812039419 0.041913902189937 0.028326692568837 1496.497994076 0.39027615465929 8786.0459837693 0.368257472 55.979135260837 0.002346304 8842.0251190302 0.370603776
9 19 1 38.737881061443 0.049015276086309 0.033134406652785 1496.4958418279 0.40282481356386 0.71826171875 14.653833990147 0.08099365234375 1.6524165282907 0.00014281262004266 0.0 0.0 0.00014281262004266 8434.6432584 0.413426368 5.1184043023288 0.00025088 8439.7616627023 0.413677248 1.6921404389153e-08
10 9 1 38.837946134167 0.042020432730509 0.028401139127636 1496.4937837993 0.38882651504847 0.00016658562382956 0.0 0.0 0.00016658562382956 0.0
11 7 1 38.93800247586 0.042346912981163 0.028621745544618 1496.4978417981 0.39610969591742 148925260.0 191465735.0 191455906.0
12 10 1 39.038059515021 0.041934642352573 0.028345889243805 1496.4976345829 0.39295014858121 33584.0 0.00021085474104255 29.540167937113 1.0 6.2784284493374e-09 68.0
13 9 1 39.138121791533 0.042187092260734 0.028513734922563 1496.4983123725 0.0 0.39687810500601 0.6165771484375 14.615303292931 0.06982421875 1.6551085891025
14 10 1 39.238189685833 0.042185600403816 0.028511987629305 1496.4970197649 0.39665486335355 8178.549568985 0.345017024 1.8918303695111 7.9808e-05 8181.5337152054 0.345142912
15 19 1 39.338251940605 0.041808359880027 0.028260610191451 1496.5024910167 0.39486933251496 0.61431884765625 14.693684454954 0.069580078125 1.6642623227667 2015.7955069714 0.0 0.0 2015.7955069714 8575.4286709362 0.358524608 1.5384482956177 6.432e-05 8576.9671192318 0.358588928 0.23502427827331
16 13 1 39.438311590289 0.042188461834298 0.028514411557122 1496.4982527727 0.39779855829083 205.0 0.61419677734375 14.558406508303 0.10882568359375 2.5795129488527 0.0 0.0 0.069580078125 1.6492679538374
17 9 1 39.538370890334 0.053972184014348 0.036480345070474 1496.4977589781 0.39531133080129 0.13336640350077 3.2145871387951e-06 2.4103425258645e-05 3637.0 1.7849547211905e-05
18 8 1 39.638656077624 0.042023641083396 0.0040709396660284 1496.5286522777 0.3962505164414 0.067331967206611 7.8601366491149e-05 0.0011673707118932 14.85178647657
