1 9 1 0.10098242902596 0.10099122335374 0.0014557357877335 1496.2189182341 1.4829104676674 0.0 0.0 0.0 0.0 -
2 7 1 0.20143518781277 0.067415823580975 1.5383278086237e-05 1492.1197844247 5.4980569948187 36.0 0.0058290155440415 87.833333333333
3 7 1 0.30190590040187 0.067342879407009 1.5162649731071e-05 1495.3686015312 5.6679085520745 0.013362740010379 0.0090814737934613 0.67961165048544
4 6 1 0.40236956013217 0.067164338968583 1.4854132462349e-05 1495.5777274324 6.3554952510176 1.0 8.0
5 19 1 0.50282668618252 0.067129422605977 1.5181224192184e-05 1497.2004492908 5.5636725884111 0.4130859375 6.15357501173 0.04254150390625 0.63372366772692 0.0 0.0 0.0 0.0 564.27549246681 0.037879488 31.52739764235 0.002116416 595.80289010916 0.039995904 0.0
6 9 1 0.6032164449276 0.066796797498875 1.4590918757316e-05 1494.6501044669 0.0 6.2428765264586 0.75775146484375 11.34412865911 0.04241943359375 0.6350519064101
7 13 1 0.70357646097704 0.066846139422231 1.474630998077e-05 1498.970466507 6.3093622795115 198.0 0.75408935546875 11.280970927963 0.0050048828125 0.074871680784538 0.0 0.0 0.0423583984375 0.63367007883499
8 10 1 0.80404696788796 0.066533679837399 1.4570532153656e-05 1495.4543232784 6.2341539057957 546.57286488397 0.036365504 29.529946409121 0.001964736 576.10281129309 0.03833024
9 7 1 0.90451465238686 0.066554634547747 1.5565851447904e-05 1496.1279049007 5.3047707271885 0.44372394627142 0.18557974370851 0.41823242867084
Warning: Sanitizing vector length to a multiple of the loop stride 4096 and thread count 1 from 62500000 elements (500000000 bytes) to 62496768 elements (499974144 bytes)
10 9 1 1.004985378567 0.0663125005909 1.4668840886861e-05 1499.7313801132 6.2762163209924 0.0001055607907653 0.0 0.0 0.0001055607907653 0.0
11 7 1 1.1050679447196 0.035253477296437 0.0076366296439447 1495.9530945173 0.61181134467662 43.925569463217 56.074430536783 4.4543018644751
12 10 1 1.2051508533671 0.033392945106441 0.0072230058422859 1496.1100951279 0.61188694524186 38.0 1.458374909811e-06 115.21052631579 63574.0 0.0024398612241138 30.307908893573
13 5 1 1.305230283607 0.033040969035145 0.0071518633910469 1496.1140520905 0.6119658955923 5.9619883563112
14 6 1 1.4053065860888 0.033185276288705 0.0071823834958329 1496.0337949591 0.61177104158413 0.0 0.0
15 9 1 1.5053852443559 0.031380491945971 0.0067919034727203 1496.1266289362 0.61278070039694 0.30340923368901 5.8408784484992e-05 0.00019250826276718 8809.0 0.0003600580703487
16 7 1 1.6054689684676 0.032907770215401 0.0071173746940818 1496.1803135198 0.61184253365864 52.604050766855 47.395949233145 11.491120963846
17 8 1 1.705549663583 0.032567404541408 0.0070522589759203 1496.1989815344 0.61187683673491 0.2503541054913 6.2890943370047e-06 2.5120795701204e-05 3.9943423257932
18 10 1 1.8056332173532 0.032408157984686 0.0070146542998446 1495.8310853809 0.6118524880885 3.4756680726263 0.00011264 3.2268418356087 0.000104576 7.9505907161326 0.000257664
19 8 1 1.9057191414059 0.031888054046042 0.0069041457699736 1495.9623142844 0.61182377569934 38.692914794287 0.21336976789829 0.14340138720205 3.9492075357449
Running without Marker API. Activate Marker API with -m on commandline.
20 12 1 2.0058042608673 0.048245935918895 0.013331699409046 1496.043856243 0.84915810594723 15696867.0 48.924947889283 50.092110737767 52.304405713573 53.340837655681 26.096977026749 26.719551466936 27.899608138446
21 7 1 2.1058789614151 0.031964518306908 0.021611900152866 1496.0595147829 4.5416584791473 16.570666213657 83.429333786343 15.881963282822
22 7 1 2.2059414435918 0.031897165498772 0.02156816726373 1496.0612243185 4.5425602664617 9552230.0 13359209.0 13343987.0
23 13 1 2.3060045917309 0.031969027823637 0.021616588618672 1496.0496806242 4.5354819950386 0.22048373273092 190859940.0 9569394.0 56443.0 13592.0 0.02957299473111 0.015470506802004 5.0138305607767 94.94112593769
24 5 1 2.4060648132598 0.031354453269705 0.021199025219115 1496.0562956472 4.5334773661754 1.0002553308307
25 10 1 2.5061232271765 0.031296331515706 0.021161308190201 1496.0619450013 4.5283346471086 8710.3228652596 0.272601152 4325.9378158126 0.135385984 13036.260681072 0.407987136
26 6 1 2.6061822989009 0.031654619279495 0.021403471594366 1496.0609142242 4.536884892087 0.0 0.0
27 19 1 2.7062480465585 0.031610055976037 0.021373621076251 1496.0595381487 4.5297984231096 0.42236328125 13.361674575021 0.05615234375 1.7764076024594 0.00022144851642486 0.0 0.0 0.00022144851642486 5290.3468480655 0.16722816 1920.6566431273 0.060712064 7211.0034911928 0.227940224 3.0709805742755e-08
1 9 1 2.8063148679105 0.03105317369832 0.020996154501808 1496.0531530951 4.5272681431721 0.0 0.0 0.0 0.0 -
2 7 1 2.9063727264055 0.031320538115856 0.021175668060784 1496.0566224529 4.522174282453 6.0 5.8048872894059e-07 113.16666666667
3 7 1 3.0064329044429 0.031009613415762 0.020967022951249 1496.0546645463 4.5342439864748 0.0021574829422105 0.0020726826353904 0.96069479616221
4 6 1 3.1065025962288 0.031128549767585 0.021046648041754 1496.0621080322 4.5353681485653 1.0 8.0
5 19 1 3.2065699865936 0.031189949687452 0.021089327623034 1496.0617838632 4.5265623913664 0.42156982421875 13.516207254042 0.05548095703125 1.7788088017843 0.0 0.0 0.0 0.0 5293.0547709866 0.165090112 1916.9846889511 0.059790656 7210.0394599376 0.224880768 0.0
6 9 1 3.3066374829687 0.030865787286048 0.020866800142478 1496.0549468691 0.0 4.5353530937471 0.4091796875 13.256739045984 0.05450439453125 1.7658514272172
7 13 1 3.406702553791 0.031161536198378 0.021068574060508 1496.052422107 4.5325268959992 201.0 0.423583984375 13.593167605038 0.05010986328125 1.6080678103366 0.0 0.0 0.05535888671875 1.7765134031368
8 10 1 3.5067645956171 0.030748949395295 0.020790421505348 1496.0574211406 4.525678742938 5283.9123025407 0.162474752 1916.4211187332 0.058927936 7200.3334212739 0.221402688
9 7 1 3.6068226144867 0.031111812819016 0.021036664495423 1496.0612781057 4.5320098098923 1.384166127919 0.43469665773439 0.31404948363238
10 9 1 3.7068836850043 0.03071696507933 0.020768212339321 1496.0631249071 4.5386111270894 0.00022788709698115 0.0 0.0 0.00022788709698115 0.0
11 7 1 3.8069490820123 0.031051415013977 0.020990169448009 1496.0554292173 4.5294487237855 5.0325852801946 94.967414719805 45.074919711319
12 10 1 3.9070138728586 0.030616474526499 0.020706040899764 1496.0573285859 4.5271309782533 930564.0 0.092173187301954 36.234484678109 959726.0 0.09506170919631 34.902526346061
13 5 1 4.0070754036605 0.034771902226568 0.023513460609257 1496.0640313862 4.5280633080731 6.173835125448
14 6 1 4.1071345206885 0.030838437524649 0.020851470322597 1496.0677737513 4.5212720080661 0.0 0.0
15 9 1 4.2071955676483 0.030743239334127 0.020791422714106 1496.0562878451 4.5317520865273 0.18282602526248 6.3097936885079e-05 0.00034512557385903 2098.0 0.00020716662219858
16 7 1 4.3072684542414 0.030871817190375 0.020877938476647 1496.0595904157 4.5295268938742 8.5255859888281 91.474414011172 26.592508904003
17 8 1 4.4073284773407 0.03069990738153 0.020761200253733 1496.0585965506 4.5269742388324 0.090968092078032 1.8867801513889e-05 0.00020741120411434 10.992865488947
18 10 1 4.5073876505451 0.030706980173893 0.020767103308082 1496.0625974472 4.5311565211942 7688.202182796 0.236081472 1917.2667473845 0.058873472 9606.7361339165 0.294993856
19 8 1 4.6074510387931 0.030474141602244 0.0206081598322 1496.061517389 4.5360722516002 83.336822085175 95.302291224033 98.764764213135 99.952560009609
20 12 1 4.7075137520179 0.030544270612763 0.020653802719581 1496.0568900796 4.5311002930072 38022582.0 95.802344512006 98.840094552232 99.95318045471 83.401516352442 79.900608024203 82.434137620749 83.36246814172
21 7 1 4.8075787159239 0.030552211421406 0.020661626191994 1496.0526937258 4.5301705325086 16.701420784227 83.298579215773 15.951537438628
22 7 1 4.9076408411085 0.030610228071137 0.020701104170428 1496.0537383909 4.5218843903465 9205629.0 12876467.0 12865201.0
23 13 1 5.0077039611594 0.042470048673528 0.028726778167552 1496.0594568989 4.5250724830464 0.22099093522736 253638132.0 12745588.0 68171.0 15756.0 0.026877267807665 0.01344592775979 5.0251071869588 94.934569617474
24 5 1 5.1077648169381 0.030861411867867 0.020872739439678 1496.0635510126 4.5259367462083 1.0002486194191
25 10 1 5.2078224760974 0.030759558583839 0.020800143650116 1496.0496204353 4.5261149962835 8718.8039213574 0.26818656 4346.5424783515 0.133697728 13065.346399709 0.401884288
26 6 1 5.3078807686006 0.030538370276628 0.020651180549314 1496.0654361835 4.5255728471242 0.0 0.0
27 19 1 5.4079445138406 0.030786421784964 0.020819703010703 1496.0646385676 4.5234842054038 0.42144775390625 13.689403622479 0.05535888671875 1.7981591724241 0.00022737296490295 0.0 0.0 0.00022737296490295 5284.6757293327 0.162696256 1917.4167239153 0.0590304 7202.092453248 0.221726656 3.1570403515218e-08
1 9 1 5.5080121008229 0.030514860445287 0.020635685371426 1496.0623207371 4.5308127914889 0.0 0.0 0.0 0.0 -
2 7 1 5.6080712658726 0.031085322013184 0.021020343886604 1496.0557639751 4.5276396169095 10.0 9.7580805933538e-07 71.5
3 7 1 5.7081315136776 0.030577016028597 0.02067768132193 1496.0595365995 4.5208673527099 0.0021324234246507 0.0020461430941776 0.95953883760808
4 6 1 5.8081901504878 0.030931224659511 0.020917055838714 1496.059064262 4.5260434158553 1.0 8.0
5 19 1 5.9082550573112 0.030635398731123 0.020717079566092 1496.0629693618 4.5302758784731 0.409423828125 13.364403437944 0.05438232421875 1.7751466104961 0.0 0.0 0.0 0.0 5285.476759129 0.161922688 1914.9277773363 0.058664576 7200.4045364653 0.220587264 0.0
6 9 1 6.008325066222 0.046794421517235 0.031651737973037 1496.0560687568 0.0 4.5300789455 0.62786865234375 13.417596200276 0.08355712890625 1.7856215804586
7 13 1 6.1083909053928 0.030758638921496 0.020798372280776 1496.0603772796 4.5259504006759 200.0 0.4119873046875 13.394198154834 0.05072021484375 1.648974617284 0.0 0.0 0.054443359375 1.7700184820906
8 10 1 6.2084590921942 0.030561554828381 0.020663605504692 1496.0548764542 4.5254368977891 5284.1500017541 0.16149184 1916.8616364242 0.058582272 7201.0116381784 0.220074112
9 7 1 6.3084761339905 0.030602241052859 0.020692609752237 1496.0666047052 4.5232737062725 1.3811824387624 0.43384697930535 0.31411272481433
10 9 1 6.4085351640356 0.030598615861693 0.020688857258056 1496.0567255017 4.5273601527204 0.00022876851788461 0.0 0.0 0.00022876851788461 0.0
11 7 1 6.5085968733335 0.030580787097238 0.020677189325228 1496.0545975515 4.5216640315881 5.0412411586064 94.958758841394 45.162845829209
12 10 1 6.608659721563 0.030169200596841 0.020395328673381 1496.0612448179 4.5263246001245 916357.0 0.092132330112237 36.231589871633 944751.0 0.094987118563907 34.95608472497
13 5 1 6.7087191430309 0.030105202970632 0.020344039149822 1496.0599414371 4.5281698442106 6.3261296660118
14 6 1 6.808775973135 0.03003412530349 0.020303104661815 1496.0577249852 4.5245723453996 0.0 0.0
15 9 1 6.9088348817666 0.031130361004061 0.021050062118313 1496.0537897734 4.5255772769712 0.18284932369294 6.6523282856804e-05 0.00036381476022583 1770.0 0.00017239562321602
16 7 1 7.0088978758736 0.030790149362184 0.0208164574634 1496.0607999302 4.5266112905328 8.5203779943907 91.479622005609 26.578448308568
17 8 1 7.1089566993345 0.031192490311304 0.021091824755464 1496.0645838675 4.5300408715701 0.090967436533764 1.8390017236992e-05 0.0002021604426565 10.992944707514
18 10 1 7.209016407121 0.031197844286461 0.021095397394497 1496.0615179393 4.5224307092035 7701.3177511201 0.240264512 1920.793226922 0.059924608 9623.495689101 0.30023232
19 8 1 7.3090781173249 0.031043608303882 0.02099095954216 1496.0553670197 4.5268550755151 83.427419001514 95.29295044457 98.77554316792 99.949160459096
20 12 1 7.4091393400626 0.031237035493337 0.021121399374876 1496.0564334871 4.5290048260748 38845782.0 95.755472241491 98.821756246277 99.948746044036 83.320822055917 79.784246635136 82.339099674492 83.278116838472
21 7 1 7.5092030726176 0.030869446907923 0.020871047351574 1496.0657802325 4.5293148374929 16.570141852297 83.429858147703 15.811116445166
22 7 1 7.6092659851782 0.031227110388604 0.021115494508385 1496.0623769589 4.5326371650951 9368878.0 13104312.0 13091992.0
23 13 1 7.7093275241347 0.030914213171346 0.02090207213806 1496.0561983542 4.5276585948048 0.2208647094433 184551240.0 9269381.0 53877.0 14416.0 0.029193518287929 0.016783414730782 5.0226598314918 94.93136323549
24 5 1 7.8093885810613 0.031233619604634 0.021119517011805 1496.0571637416 4.5251372554349 1.0002440676735
25 10 1 7.9094463009274 0.030971553891907 0.020938936100869 1496.0601807014 4.5263691627949 8727.8457175065 0.270314944 4352.3974441342 0.134800512 13080.243161641 0.405115456
26 6 1 8.0095065233623 0.039026919844624 0.026392357563325 1496.0633003527 4.5276808874696 0.0 0.0
27 19 1 8.1095721650095 0.030984132879401 0.020950081683608 1496.055236763 4.5188937628928 0.4305419921875 13.895563702341 0.05572509765625 1.7985043465037 0.0002259220881619 0.0 0.0 0.0002259220881619 5289.332337874 0.163885376 1920.8324542001 0.059515328 7210.1647920741 0.223400704 3.1333831427854e-08
1 9 1 8.2096408619291 0.034643623373841 0.023425721650496 1496.0623784599 4.5259869655098 0.0 0.0 0.0 0.0 -
2 7 1 8.3096994162868 0.030853893288437 0.020861121793806 1496.0650519702 4.5268266130194 8.0 7.8646346941085e-07 72.625
3 7 1 8.4097591575979 0.03075824296835 0.02079468683587 1496.0553710808 4.5257726073315 0.0021408034394109 0.0020625871366398 0.96346404283027
4 6 1 8.5098198439414 0.030818254787026 0.02083681507278 1496.0519790926 4.522845086015 1.0 8.0
5 19 1 8.6098846429423 0.030713116088559 0.02076576821206 1496.0620646536 4.5258730042595 0.42510986328125 13.841313335172 0.05523681640625 1.7984764635076 0.0 0.0 0.0 0.0 5276.7824512723 0.162066432 1917.3963276861 0.058889216 7194.1787789584 0.220955648 0.0
6 9 1 8.7099532936522 0.030917901787502 0.020904426564265 1496.0568977954 0.0 4.5305418544124 0.427001953125 13.810832185825 0.0555419921875 1.796434718282
7 13 1 8.8100187984827 0.030367044883755 0.020530119913389 1496.0582657588 4.5254318938138 201.0 0.4132080078125 13.607119474228 0.052490234375 1.7285262552195 0.0 0.0 0.05419921875 1.7848038542267
8 10 1 8.9100816911097 0.030447164236139 0.020583628405498 1496.0606920867 4.5225910069569 5276.9099530557 0.160666944 1917.980129351 0.058397056 7194.8900824067 0.219064
9 7 1 9.0101410101916 0.030645508674395 0.020719335683564 1496.0647347885 4.5258417439529 1.3826848821412 0.43423249915068 0.31405022558593
10 9 1 9.1102009010044 0.031021452143025 0.020975736185654 1496.0555634777 4.529417375356 0.00022565030056383 0.0 0.0 0.00022565030056383 0.0
11 7 1 9.2102660452185 0.031015647850445 0.020970912715228 1496.0600989118 4.5236968554527 5.0397210925508 94.960278907449 45.132129656249
12 10 1 9.3103303603774 0.030811326059995 0.020829616789545 1496.0584356327 4.5250003543009 936919.0 0.092208668246061 36.192217256775 965462.0 0.095017781966401 34.884975276085
13 5 1 9.4103907459052 0.031035066769985 0.020983580497707 1496.0609739781 4.5311688700459 6.405504587156
14 6 1 9.510448169486 0.030808199208029 0.020826912619828 1496.0630487425 4.5193042074283 0.0 0.0
15 9 1 9.6105090732865 0.031060680498823 0.021000926326172 1496.0550074491 4.5245216780899 0.18281459207578 6.4028072405599e-05 0.00035023502051224 1782.0 0.00017392991619936
16 7 1 9.7105740435349 0.03069452984852 0.020753852015703 1496.0664874732 4.5363625831061 8.5056530209063 91.494346979094 26.56250475302
17 8 1 9.8106354637961 0.030891891199445 0.020884565481943 1496.0587677032 4.5284454381227 0.090967896572759 1.9057142941342e-05 0.00020949305919259 10.99288911446
18 10 1 9.9106957804625 0.030723788702093 0.020772728651585 1496.0547333134 4.5268903012427 7693.4886609182 0.23637312 1918.688367883 0.058949376 9613.6872592109 0.295368896
19 8 1 10.010761322442 0.046890336410134 0.031714652391039 1496.0589357299 4.530122260328 83.368778778667 95.30495517855 98.782502841985 99.95381457116
20 12 1 10.110824980699 0.030836500344266 0.020849653196658 1496.0671145508 4.526981474554 38370622.0 95.80281497652 98.846555054541 99.949873108651 83.374332472935 79.874957476955 82.412655449216 83.332539511883
21 7 1 10.210889630198 0.030591595621463 0.020681666676428 1496.0576566715 4.5271703295041 16.692689290658 83.307310709342 15.914469741859
22 7 1 10.310951598633 0.030851722341665 0.020858872471869 1496.0556815983 4.5272112783302 9267736.0 12962293.0 12948852.0
23 13 1 10.411013827109 0.030671315396415 0.020736948350019 1496.0616359469 4.5290323812667 0.22079771479141 183093308.0 9193519.0 58724.0 14068.0 0.032073263977512 0.016830762596741 5.0212206554267 94.929875317999
24 5 1 10.511074454558 0.030649714657248 0.020722397751434 1496.0635022539 4.5262311117224 1.0002479899476
25 10 1 10.61113278421 0.030628549738364 0.020709419639544 1496.0606065246 4.5327446417007 8721.5109524238 0.267127232 4381.0878786704 0.134186368 13102.598831094 0.4013136
26 6 1 10.71119118363 0.030917713324677 0.020902049939314 1496.0626971123 4.5360954651591 0.0 0.0
27 19 1 10.811256388551 0.030919137668719 0.020904581049417 1496.0578453966 4.5295186572395 0.43035888671875 13.918851532336 0.0557861328125 1.8042590129847 0.00022639699965119 0.0 0.0 0.00022639699965119 5278.3961101578 0.163203456 1915.2803236137 0.059218816 7193.6764337715 0.222422272 3.1471668448742e-08
1 9 1 10.911324201145 0.030674762997612 0.020740419962105 1496.0553060841 4.5233028051578 0.0 0.0 0.0 0.0 -
2 7 1 11.011385944873 0.030364008638917 0.020533397173186 1496.0562360421 4.5292516525505 38.0 3.7973585573875e-06 49.815789473684
3 7 1 11.111446438223 0.031046852039043 0.020990171713188 1496.0636443457 4.5276614511376 0.002143819913908 0.0020552456351263 0.95868389960975
4 6 1 11.21150905178 0.0309204188535 0.020907239462534 1496.0560401104 4.5288707905443 1.0 8.0
5 19 1 11.311574178779 0.030898462028323 0.020891849388913 1496.0523908622 4.5310899505253 0.42999267578125 13.916313225788 0.0555419921875 1.7975649447079 0.0 0.0 0.0 0.0 5290.9817922376 0.1634832 1914.4864862781 0.059154688 7205.4682785157 0.222637888 0.0
6 9 1 11.411642652805 0.031072800108181 0.021009380877227 1496.0555883407 0.0 4.5284948066712 0.43121337890625 13.877519161613 0.05584716796875 1.7973007831388
7 13 1 11.51170959104 0.030655851477986 0.020731161725829 1496.0599154015 4.5283021892631 201.0 0.427734375 13.952780770326 0.05401611328125 1.7620164072115 0.0 0.0 0.05523681640625 1.8018359870355
8 10 1 11.611771628336 0.030836932540263 0.020853866428081 1496.0572775445 4.5302379980403 5294.0342164982 0.163251776 1914.9131620955 0.059050048 7208.9473785937 0.222301824
9 7 1 11.711830569586 0.030512818160636 0.020634518804661 1496.0637627454 4.5207842166503 1.3806134208655 0.43368241599838 0.31412299014629
10 9 1 11.811890688729 0.030898572569018 0.020897010823924 1496.0599013901 4.5243573924148 0.00022654768223885 0.0 0.0 0.00022654768223885 0.0
11 7 1 11.911953569577 0.03064695567022 0.020725764712287 1496.0577699294 4.5262203571991 5.0353758049337 94.964624195066 45.172324338038
12 10 1 12.012019616238 0.038852214805899 0.026275993547847 1496.0597116702 4.5261567328174 1180592.0 0.092130333700421 36.249220729939 1217915.0 0.095042923693154 34.910034772542
13 5 1 12.112080698535 0.030805947620914 0.020832344517115 1496.0656589162 4.5284175969751 6.422131147541
14 6 1 12.212140346521 0.034572146129267 0.023381508543585 1496.0603466835 4.519468547635 0.0 0.0
15 9 1 12.312200980312 0.030891239734199 0.020890879439615 1496.0618260584 4.5214129547852 0.18280143224328 6.2065967200539e-05 0.00033952670085177 1418.0 0.00013903561056929
16 7 1 12.412267169226 0.030666689902562 0.020738033823405 1496.0645405547 4.5261511494067 8.5198829082394 91.480117091761 26.504352972078
17 8 1 12.512328908424 0.030762752485079 0.020802030996579 1496.0573645084 4.5282492246886 0.090968064575968 2.0019488923158e-05 0.00022007161542323 10.992868812383
18 10 1 12.612389509597 0.030770597250168 0.020808961535752 1496.0560216245 4.5225522152561 7702.5531247597 0.23701216 1920.7759771279 0.059103424 9624.6727222165 0.296156928
19 8 1 12.712454111075 0.030874277173883 0.020879294412308 1496.0616137235 4.5288408966111 83.358633740683 95.295330633022 98.800907803004 99.954655849222
20 12 1 12.812518231428 0.03058943826576 0.020686532732204 1496.0581811575 4.5259047390228 38011637.0 95.758727781179 98.825538610715 99.951096554984 83.245589777926 79.714917705281 82.267902467702 83.2048798167
21 7 1 12.912582735956 0.030762998030394 0.02080394869643 1496.0611956835 4.5295953655736 16.539867985647 83.460132014353 15.779408083476
22 7 1 13.012647343776 0.030355737114258 0.020525602242018 1496.0645992876 4.5268346958754 9118779.0 12754387.0 12742352.0
23 13 1 13.112709851323 0.03083014425428 0.020849994332492 1496.0571338177 4.525308839055 0.2209793929134 184091428.0 9250613.0 54608.0 12716.0 0.029663521323763 0.015074031583915 5.025010181354 94.930252265738
24 5 1 13.212770801333 0.031001112655071 0.02096538024403 1496.0604067489 4.5249943874586 1.0002474688909
25 10 1 13.312829678252 0.030864084778124 0.020872429110267 1496.063580346 4.523596500702 8728.4467346636 0.26939552 4312.6371948778 0.1331056 13041.083929541 0.40250112
26 6 1 13.412888936627 0.031051183059731 0.020997093191648 1496.0596530675 4.5376469330447 0.0 0.0
27 19 1 13.512954565589 0.030851221284251 0.020864194734531 1496.0605562314 4.5278869281852 0.43017578125 13.943557607867 0.05596923828125 1.8141660508533 0.00022689539371893 0.0 0.0 0.00022689539371893 5286.6263703882 0.16309888 1915.8372842171 0.05910592 7202.4636546053 0.2222048 3.1502469793632e-08
1 9 1 13.613015553654 0.031266668554345 0.021144438955226 1496.0636169532 4.5350500390028 0.0 0.0 0.0 0.0 -
2 7 1 13.713073678534 0.030811486434611 0.020833746209375 1496.0608292826 4.5278648298159 9.0 8.8613718132169e-07 78.888888888889
3 7 1 13.813133445215 0.031189899853532 0.021089894370615 1496.0518898807 4.5283044342513 0.0021511808918049 0.0020733270301502 0.9638087796562
4 6 1 13.91319210649 0.03089286885035 0.020887121962042 1496.0597762695 4.5290255693305 1.0 8.0
5 19 1 14.013257600447 0.03104137302605 0.020989575065254 1496.0654141023 4.5269169626412 0.42919921875 13.826682807807 0.05609130859375 1.8069854238303 0.0 0.0 0.0 0.0 5297.2770199954 0.164434752 1916.0430806359 0.059476608 7213.3201006313 0.22391136 0.0
6 9 1 14.113324705399 0.030957978226012 0.020932472641438 1496.0585576721 0.0 4.5248846595401 0.42706298828125 13.794925016209 0.0557861328125 1.8019953501236
7 13 1 14.213390182142 0.030811291629287 0.020832065900198 1496.061879645 4.5249142807435 200.0 0.424560546875 13.779381662515 0.05108642578125 1.6580423305815 0.0 0.0 0.0556640625 1.8066124318881
8 10 1 14.313451801739 0.030991667768113 0.020952356375541 1496.0603266946 4.5286089662901 5302.1218873889 0.1643216 1915.3370010333 0.059359488 7217.4588884223 0.223681088
9 7 1 14.413510783762 0.030708522307201 0.020760131995701 1496.0548997823 4.5303085141563 1.3839054403345 0.43472354930923 0.31412807308869
10 9 1 14.513570537758 0.030908334580922 0.020897073795878 1496.0603648868 4.5264115383377 0.00022647612997954 0.0 0.0 0.00022647612997954 0.0
11 7 1 14.613637189675 0.030688929421977 0.020749328907904 1496.0601417404 4.5405288450815 5.0203583333033 94.979641666697 45.361528940313
12 10 1 14.713701391575 0.030855838623462 0.020861733391915 1496.0542143799 4.5283758764559 937230.0 0.092165975657043 36.254218281532 966520.0 0.095046316050537 34.948280428755
13 5 1 14.813761171847 0.030621277610321 0.020702010241702 1496.060015202 4.5327198278812 6.1531531531532
14 6 1 14.91381901222 0.030959047390115 0.020932314078965 1496.0593389086 4.5236666708113 0.0 0.0
15 9 1 15.013880260328 0.034397720160495 0.023257980222545 1496.0551627153 4.5223609333043 0.18279565819504 5.4175222754862e-05 0.00029637040228306 3739.0 0.00032936773639094
16 7 1 15.113943502699 0.030325940054349 0.020505205218538 1496.0624467756 4.5336748245875 8.5051999597099 91.49480004029 26.641414307119
17 8 1 15.214003810304 0.030725279189339 0.020774196940084 1496.0587552475 4.5235883253255 0.090968172489157 1.8348651004219e-05 0.00020170407409697 10.992855771827
18 10 1 15.314064130595 0.030836861866704 0.020847960202483 1496.057118535 4.5283867202364 7690.3431038182 0.237146048 1917.949765954 0.059143552 9609.600395816 0.29632992
19 8 1 15.414127346689 0.031028101800103 0.020979683938194 1496.0590873015 4.5239208667179 83.376677922548 95.278194092417 98.782203291468 99.946956458365
20 12 1 15.514190409658 0.03060453250711 0.020692137236068 1496.0630778047 4.5221135426935 38081667.0 95.77048977399 98.84337521254 99.948644580081 83.376366908615 79.84995494414 82.412015182067 83.333548625276
21 7 1 15.614255630888 0.031010188771021 0.020967023857321 1496.0527135701 4.522750133319 16.658693663385 83.341306336615 15.869609580846
22 7 1 15.714317734327 0.030709852419831 0.02076166053794 1496.0571592202 4.5359955309019 9205629.0 12875630.0 12863270.0
23 13 1 15.814381216806 0.030979512821976 0.020946440183159 1496.0534045885 4.5339034117135 0.22056049924144 184942980.0 9276156.0 55236.0 13480.0 0.029866502637732 0.015559390250984 5.0156842936131 94.938889813498
24 5 1 15.914443229638 0.030962786746262 0.020935108855809 1496.0551683423 4.5269081776158 1.0002476622329
25 10 1 16.014505585871 0.042948619211053 0.02904581945412 1496.0622795769 4.5306099965918 8713.6365004184 0.374238656 4848.2013118227 0.208223552 13561.837812241 0.582462208
26 6 1 16.114565418695 0.030974794908853 0.020942934140365 1496.0551943442 4.5321898872413 0.0 0.0
27 19 1 16.214632626939 0.038618495532972 0.026113771000025 1496.0570973489 4.5289863567271 0.53399658203125 13.827482781543 0.07037353515625 1.8222754197187 0.00018126029777684 0.0 0.0 0.00018126029777684 5281.3458728827 0.203957632 1915.9598782616 0.073991488 7197.3057511443 0.27794912 2.5184465415829e-08
1 9 1 16.314701655481 0.030862317033069 0.020867328835067 1496.0644971906 4.5272971887013 0.0 0.0 0.0 0.0 -
2 7 1 16.414762320079 0.030671040856819 0.020737474777429 1496.0547788594 4.5254196971993 6.0 5.9318014851451e-07 50.0
3 7 1 16.514823175858 0.030767494862126 0.020801734711273 1496.0604355579 4.5301589431416 0.0021328833438193 0.0020502771221759 0.96127016422032
4 6 1 16.614884337888 0.030673322344286 0.020736729080771 1496.0580448664 4.5312737463793 1.0 8.0
5 19 1 16.714949849968 0.030893007479255 0.020887570920359 1496.0555130653 4.5287558970784 0.429931640625 13.916794631073 0.055908203125 1.8097364966018 0.0 0.0 0.0 0.0 5286.985416026 0.16333088 1914.4889030217 0.05914432 7201.4743190477 0.2224752 0.0
6 9 1 16.815019861597 0.030724844275127 0.020773211134538 1496.0630333808 0.0 4.5317236371658 0.43896484375 14.286967244464 0.05584716796875 1.8176550373588
7 13 1 16.915086118466 0.03100215735525 0.020961440646132 1496.0635113209 4.5312690266345 200.0 0.4267578125 13.765423083621 0.05316162109375 1.7147716684545 0.0 0.0 0.05596923828125 1.8053336624257
8 10 1 17.015151525441 0.046784782731024 0.031641095259855 1496.0604112169 4.5333469640632 5296.5105646559 0.247796096 1914.3154413029 0.089560832 7210.8260059588 0.337356928
9 7 1 17.115211713445 0.030789615686204 0.020816413971979 1496.0698556645 4.5337489433706 1.409541717609 0.43512549456966 0.30869997612256
10 9 1 17.215273409152 0.030493463572157 0.020617513205959 1496.0596836465 4.530046023427 0.0002295573929618 0.0 0.0 0.0002295573929618 0.0
11 7 1 17.315338390273 0.030938380810431 0.020918850312872 1496.0581020382 4.5249040579927 5.0370802544112 94.962919745589 45.268043631769
12 10 1 17.415404042793 0.03112732294708 0.021046503976421 1496.0639155718 4.5294224263871 944710.0 0.092107233641609 36.26692212425 974474.0 0.095009160901941 34.949162317312
13 5 1 17.515464959279 0.030585548501782 0.020677764680487 1496.0553485006 4.5254065189776 6.2272727272727
14 6 1 17.615525582197 0.030964553585246 0.020934466904311 1496.0537049335 4.5329546561471 0.0 0.0
15 9 1 17.715587614963 0.030779932502501 0.020810937224165 1496.0660511181 4.5270168524942 0.18289232264752 6.2283056387256e-05 0.00034054494735294 1534.0 0.00015117438053489
16 7 1 17.815652205567 0.031022522213199 0.020975273183233 1496.0567922245 4.5294529855163 8.519358646396 91.480641353604 26.547288734116
17 8 1 17.915713638513 0.030774464362364 0.020807956249674 1496.0649850192 4.5350646993749 0.090968154471214 1.8464095332395e-05 0.00020297317714891 10.992857949168
18 10 1 18.01577655651 0.030861621170331 0.02086540343361 1496.0540493723 4.5257767182194 7694.9901850361 0.237479872 1919.1442884063 0.059227904 9615.5715982051 0.296752128
19 8 1 18.115840729416 0.030864421836638 0.020868325966504 1496.0590250564 4.5306093082654 83.487540987329 95.355128649973 98.782295788009 99.948774861456
20 12 1 18.215905313678 0.03064066753558 0.020717154316972 1496.0602075563 4.5308447670455 38113062.0 95.768555672593 98.816206370404 99.949707530715 83.344338960939 79.817669657761 82.35771398569 83.302423034866
21 7 1 18.315971402019 0.03070181375549 0.02075898581554 1496.0598377763 4.5281773032257 16.680620307669 83.319379692331 15.9448008747
22 7 1 18.416034594555 0.030358183506698 0.020530323779426 1496.0648875859 4.5295622928738 9115919.0 12750008.0 12737777.0
23 13 1 18.516097951091 0.030336708711438 0.020513077165765 1496.0555725057 4.5335094372418 0.22057966655704 181116676.0 9084680.0 54381.0 12292.0 0.030025396446653 0.014742430454057 5.0159268603185 94.939305312781
24 5 1 18.616159104061 0.030341421188133 0.020517768349785 1496.0557095991 4.5336560681707 1.0002514259403
25 10 1 18.716218393242 0.030484622128668 0.020615672069131 1496.065473815 4.5319990255914 8724.4092735495 0.26596032 4853.4057393109 0.14795424 13577.81501286 0.41391456
26 6 1 18.81627747584 0.030256206090905 0.020459924306631 1496.0564073277 4.524552913068 0.0 0.0
27 19 1 18.916343765328 0.030492965232957 0.020618486779543 1496.0606349788 4.5327220697378 0.41168212890625 13.500888672555 0.05401611328125 1.7714286842419 0.00022956114456309 0.0 0.0 0.00022956114456309 5299.8306581656 0.161607552 1914.3395059825 0.058373888 7214.1701641481 0.21998144 3.1820866342179e-08
1 9 1 19.016413463456 0.034151941078914 0.023095999595754 1496.0623559626 4.5308391998256 0.0 0.0 0.0 0.0 -
2 7 1 19.116474427963 0.030506913294145 0.020630330037162 1496.0570428215 4.526164905403 11.0 1.0933249233455e-06 72.454545454545
3 7 1 19.216536069306 0.030201674191293 0.020423189458978 1496.0617828711 4.5336500197615 0.0021601203101783 0.0020787613340755 0.96233590521812
4 6 1 19.316596725749 0.030255743088485 0.020459294587096 1496.0620013971 4.5342962960211 1.0 8.0
5 19 1 19.416663646769 0.030678254996301 0.020744167019857 1496.058656987 4.526140887132 0.42755126953125 13.936622848425 0.0557861328125 1.8184258791521 0.0 0.0 0.0 0.0 5281.5916687418 0.162030016 1916.6065347292 0.058798144 7198.198203471 0.22082816 0.0
6 9 1 19.51673363484 0.030485994826647 0.020614678561979 1496.0651260485 0.0 4.5291161853509 0.42462158203125 13.928414816239 0.0555419921875 1.8218855085205
7 13 1 19.616800774223 0.030992676225441 0.020958795371048 1496.0602013825 4.5308391838166 201.0 0.4256591796875 13.734185992563 0.05291748046875 1.7074188780545 0.0 0.0 0.05609130859375 1.8098246239125
8 10 1 19.716864766821 0.030637195470459 0.020717826168822 1496.0658851752 4.5307205660954 5285.7558765831 0.161940736 1915.5361676818 0.058686656 7201.2920442648 0.220627392
9 7 1 19.81692440937 0.030991385073876 0.020957532760728 1496.0547649618 4.5208172533699 1.4043682839176 0.43359112743696 0.3087446023969
10 9 1 19.916985937454 0.030728305467393 0.02077989884661 1496.0564070616 4.5237356867053 0.000227802994455 0.0 0.0 0.000227802994455 0.0
11 7 1 20.017053440171 0.042937063178027 0.029042920026043 1496.061350521 4.5293412494205 5.0306187137974 94.969381286203 45.170623023213
12 10 1 20.117118650528 0.03094374294023 0.020926067170568 1496.0550206518 4.5259581735581 940204.0 0.092124974707873 36.26137093652 969845.0 0.095029319270666 34.923562012487
13 5 1 20.217182542552 0.038650357529314 0.02614208165001 1496.0606342074 4.5282560019888 6.3731343283582
14 6 1 20.317242002981 0.030935744143025 0.020920123343012 1496.0622733169 4.5207953440296 0.0 0.0
15 9 1 20.417304264982 0.030595982818571 0.020691203076584 1496.0568097214 4.5201054168501 0.18286888103808 6.9772503042526e-05 0.00038154388349977 1884.0 0.00018645588047109
16 7 1 20.517369478058 0.031053164637607 0.021000704791745 1496.06538695 4.5413619287799 8.4938979765627 91.506102023437 26.654099771903
17 8 1 20.617431648546 0.031059207226932 0.021005106939029 1496.054992444 4.5227401975617 0.090967423369388 1.8533724843639e-05 0.00020374024191473 10.992946298361
18 10 1 20.717493721179 0.031121267672758 0.021046580992479 1496.0593499786 4.5252934240974 7698.3722680976 0.239583104 1919.6400554176 0.059741632 9619.4251194355 0.299368704
19 8 1 20.817559544946 0.030900570456177 0.020895629971303 1496.0601407727 4.5260095272347 83.404097556153 95.323334545295 98.799779028475 99.952341090535
20 12 1 20.917633495267 0.031111201220906 0.021036138068013 1496.0579927404 4.5202793605648 38688998.0 95.773702901274 98.845793318297 99.946380105269 83.320877591203 79.799489758933 82.359182454792 83.27620102435
21 7 1 21.017702068055 0.046657602942752 0.031560663312881 1496.0627432777 4.5271785933843 16.645797225338 83.354202774662 15.878432560684
22 7 1 21.117774245194 0.030347433877105 0.020519498492882 1496.0541578206 4.5505855344459 9068467.0 12683883.0 12672092.0
23 13 1 21.217837984998 0.030674550976934 0.020738835243447 1496.0632564505 4.5430777932056 0.22011509499035 183109968.0 9165771.0 58575.0 13680.0 0.031988973970003 0.0160466414368 5.0056100714299 94.946354313163
24 5 1 21.317898152162 0.03034082861752 0.020513730443153 1496.0517114054 4.5427090653813 1.0002517016772
25 10 1 21.417957393322 0.031013027492321 0.020970297039797 1496.0564820767 4.5374227746478 8705.5524026749 0.269985536 4847.207904395 0.150326592 13552.76030707 0.420312128
26 6 1 21.518015859791 0.030712383076899 0.020761797354703 1496.0649824665 4.5388858241085 0.0 0.0
27 19 1 21.61808173158 0.03093860007968 0.020919134819252 1496.0562260873 4.5427361581271 0.42742919921875 13.815402058204 0.0552978515625 1.7873417484982 0.00022625458107258 0.0 0.0 0.00022625458107258 5314.9212820396 0.164436224 1909.5555664396 0.059078976 7224.4768484791 0.2235152 3.131778062521e-08
1 9 1 21.71815004795 0.030721634970675 0.020769389778941 1496.0645102461 4.5363852345872 0.0 0.0 0.0 0.0 -
2 7 1 21.81821084121 0.031000139534523 0.020961387640962 1496.0577120446 4.543989710092 4.0 3.9283454084124e-07 90.25
3 7 1 21.918272520607 0.030713681477034 0.020766213999127 1496.063653418 4.5467425589102 0.0021636617021595 0.0020815466426004 0.96204810600605
4 6 1 22.018333667235 0.03085839827481 0.020865312373447 1496.0576475852 4.5470073226329 1.0 8.0
5 19 1 22.118398839537 0.030863112563648 0.020866851788541 1496.0505484361 4.5390319222772 0.4278564453125 13.863036154573 0.05609130859375 1.8174222861701 0.0 0.0 0.0 0.0 5286.6590063953 0.163162752 1910.5453436817 0.058965376 7197.204350077 0.222128128 0.0
6 9 1 22.218468280341 0.030639310240812 0.020716900617016 1496.0643265377 0.0 4.5416360648753 0.42828369140625 13.978241939526 0.055908203125 1.8247213362698
7 13 1 22.318534790005 0.030879219792682 0.020879015342356 1496.0598345923 4.5396945976876 201.0 0.42828369140625 13.869640952125 0.05462646484375 1.7690364332552 0.0 0.0 0.05609130859375 1.8164742817448
8 10 1 22.418597884686 0.030518169417579 0.020633677517483 1496.0621627617 4.5372888962609 5284.9911733924 0.161288256 1912.7857638268 0.05837472 7197.7769372192 0.219662976
9 7 1 22.518657824426 0.030662610769688 0.020730787518393 1496.0573736704 4.5369365442794 1.4084735527052 0.43494032990744 0.3088026247082
10 9 1 22.618719532818 0.030538671092291 0.020644660913464 1496.0556269978 4.5497976885596 0.00022921757069407 0.0 0.0 0.00022921757069407 0.0
11 7 1 22.718783772773 0.030678007638843 0.020742616731908 1496.0609396806 4.5391144839166 5.0224786751205 94.97752132488 45.238900482493
12 10 1 22.818848262804 0.030579338289272 0.020674916445438 1496.0597909516 4.534046478634 928201.0 0.092218191861719 36.243149921192 957099.0 0.095089252449264 34.92079398265
13 5 1 22.91891045232 0.030780944584114 0.020812130973068 1496.0645445109 4.5348171124213 6.3011811023622
14 6 1 23.018971560892 0.038818204514567 0.026247959702636 1496.054257824 4.5400507870456 0.0 0.0
15 9 1 23.119033096224 0.031229016762564 0.021113636609238 1496.0608381024 4.5365088542845 0.18285035687256 6.4828401848486e-05 0.00035454348001993 1798.0 0.00017501721700237
16 7 1 23.219103585353 0.030818971489403 0.020837175236111 1496.0575560245 4.5410531611886 8.494641355529 91.505358644471 26.628937240156
17 8 1 23.319164992023 0.030384736831447 0.020542396273078 1496.0512273449 4.5317339102754 0.09096891041228 1.8788993407662e-05 0.00020654301917554 10.992766599797
18 10 1 23.419226377854 0.030953812110295 0.020928551164965 1496.0649815273 4.5375332030439 7675.9548437323 0.237600064 1914.2327216069 0.0592528 9591.5645847464 0.296895488
19 8 1 23.519291501228 0.030728907098719 0.020774247680076 1496.0542719256 4.523516819783 83.377510723377 95.317212647625 98.790072998406 99.948647559508
20 12 1 23.619356497752 0.030984681958593 0.020950284190538 1496.0636460615 4.536407619369 38611418.0 95.783739410969 98.836981330238 99.949900829853 83.494563537981 79.974215161546 82.523506175798 83.45273345453
21 7 1 23.719422685761 0.030666447075461 0.020734475681513 1496.0585145795 4.53236429111 16.605055393774 83.394944606226 15.862155249942
22 7 1 23.819485683492 0.0309984370266 0.020959001049227 1496.0627842656 4.5339115253851 9297064.0 13003647.0 12991411.0
23 13 1 23.919549065397 0.030817889640302 0.020836401451243 1496.0567615011 4.5337597766993 0.22056748686584 183971412.0 9227824.0 58260.0 13268.0 0.031667963716015 0.015724725752499 5.0159010574969 94.936706253035
24 5 1 24.019610496531 0.030996802474022 0.020956703705512 1496.0540625106 4.5274299711746 1.0002482432482
25 10 1 24.119669650708 0.031008874061602 0.020966296282088 1496.0612682207 4.5354749831658 8714.3756159341 0.270222976 4845.9129377442 0.150266304 13560.288553678 0.42048928
26 6 1 24.219731231344 0.042539431081317 0.028768823045905 1496.0570663218 4.52676936518 0.0 0.0
27 19 1 24.319797378579 0.030686058988182 0.02074672938942 1496.0621341346 4.5343526725797 0.4166259765625 13.577044113842 0.054443359375 1.7742050028636 0.00022811661812603 0.0 0.0 0.00022811661812603 5286.088254685 0.162209216 1913.3410394151 0.058712896 7199.4292941001 0.220922112 3.1685375160636e-08
1 9 1 24.419865333426 0.030476639640746 0.020603897672928 1496.0515105955 4.5382598389863 0.0 0.0 0.0 0.0 -
2 7 1 24.519925884765 0.030880193819301 0.02087953723941 1496.066868238 4.5378658887742 5.0 4.9230376599581e-07 107.8
3 7 1 24.619987065824 0.030875116195883 0.020875536934736 1496.047416001 4.5292039703926 0.0021215309918775 0.0020418577755887 0.96244541484716
4 6 1 24.720047966906 0.031075067098508 0.021011044877122 1496.0574088983 4.533779669429 1.0 8.0
5 19 1 24.820113748088 0.0308820358622 0.020880539807274 1496.0557167184 4.5278709931067 0.4146728515625 13.427639725983 0.054443359375 1.7629459281096 0.0 0.0 0.0 0.0 5271.8762689889 0.162806272 1916.0602061351 0.05917184 7187.9364751241 0.221978112 0.0
6 9 1 24.920182331749 0.031024443990371 0.020973818032767 1496.0577758111 0.0 4.5318941994306 0.42474365234375 13.690612875305 0.05523681640625 1.7804288909543
7 13 1 25.020252482007 0.046823215556244 0.031668881294572 1496.0612311505 4.5333685131624 201.0 0.6494140625 13.869488773575 0.08251953125 1.7623636110783 0.0 0.0 0.0850830078125 1.8171115930793
8 10 1 25.120315921901 0.031111661505113 0.02103752979349 1496.0605371956 4.5465663429153 5295.2903197704 0.16474528 1907.5177965101 0.059346048 7202.8081162805 0.224091328
9 7 1 25.220375279944 0.031068926653486 0.021007021920666 1496.0686522828 4.5443494185087 1.4080043403591 0.43527339519025 0.30914208338252
10 9 1 25.320436841552 0.030568443688276 0.020666417949926 1496.0580661603 4.5335691268861 0.00022899432078987 0.0 0.0 0.00022899432078987 0.0
11 7 1 25.420501638741 0.030697962952577 0.020755463916499 1496.0605018751 4.5382059948756 5.0235541616063 94.976445838394 45.186212568694
12 10 1 25.520567001318 0.030790195571819 0.020818266887734 1496.0588772214 4.5414606416438 932738.0 0.092181340497496 36.311146324048 961715.0 0.095045101493184 35.00975756851
13 5 1 25.620629499804 0.031140125734179 0.021055271122066 1496.0646234936 4.5314355619438 6.3752417794971
14 6 1 25.720689851807 0.030891814183387 0.020886926703683 1496.055907449 4.5318140976752 0.0 0.0
15 9 1 25.820750661376 0.031157984398985 0.021066277169829 1496.0618320304 4.5298690066765 0.18284424665103 6.5560956297632e-05 0.0003585617677255 2013.0 0.00019609837299722
16 7 1 25.92081613087 0.030893360847051 0.020887844100848 1496.0568696923 4.5222982089478 8.5275594253675 91.472440574633 26.553412936514
17 8 1 26.020878883056 0.031005858656403 0.020963768343234 1496.0562526015 4.5325192676661 0.090967753815823 1.8806323469547e-05 0.00020673615298475 10.992906365751
18 10 1 26.120940483625 0.031024460299654 0.020976054669706 1496.0641751195 4.5351512289621 7679.4569735886 0.238251008 1915.2103671136 0.059418368 9596.1423059251 0.297715136
19 8 1 26.221004984529 0.030779865453227 0.020809633840638 1496.055614213 4.5301642471446 83.307927187685 95.313678599152 98.7757285664 99.952893043741
20 12 1 26.321070557314 0.031139303021462 0.021053280030442 1496.0636526336 4.5365342132109 38824714.0 95.730399971523 98.805170850711 99.951221791357 83.545077102614 79.97803646685 82.546856168596 83.504325310594
21 7 1 26.421150197763 0.030734838241277 0.020789647267445 1496.0586250591 4.5335353763673 16.509628717813 83.490371282187 15.761600356095
22 7 1 26.521215039349 0.031006991245495 0.020965676982372 1496.0654551068 4.533449691159 9299577.0 13008097.0 12996706.0
23 13 1 26.62127924578 0.030633576621791 0.020716103274295 1496.0516261163 4.5310633879778 0.22069874428446 182909260.0 9179728.0 53262.0 12940.0 0.029119356778328 0.015755353228153 5.0187333325825 94.936391957411
24 5 1 26.721340313579 0.030918360259566 0.020903850302935 1496.070242391 4.5318203541601 1.0002477615675
25 10 1 26.821400034957 0.030577752664543 0.020678166976133 1496.0578851558 4.5357033938096 8719.5901845715 0.266625472 4853.827474774 0.148419136 13573.417659345 0.415044608
26 6 1 26.921460679621 0.030892283528307 0.020892182823142 1496.064130529 4.5374681220496 0.0 0.0
27 19 1 27.021529026797 0.038664220419803 0.026151269665762 1496.0578093359 4.5332989514467 0.53338623046875 13.795344240164 0.06964111328125 1.8011772260015 0.00018104593663072 0.0 0.0 0.00018104593663072 5270.3411522978 0.203773632 1914.7236177581 0.074031296 7185.0647700558 0.277804928 2.5197537172559e-08
1 9 1 27.121597407497 0.030811174746092 0.020837065601487 1496.0618537522 4.5277222871877 0.0 0.0 0.0 0.0 -
2 7 1 27.221660018336 0.030918167266385 0.020907344566802 1496.0615396356 4.5373149707032 12.0 1.1798143208222e-06 77.25
3 7 1 27.321722600181 0.030700107623282 0.020760973282879 1496.0605615891 4.5372784423235 0.0021595062368195 0.002073573924108 0.96020742554647
4 6 1 27.421784355688 0.030671282777849 0.020741464209248 1496.0593120287 4.526871644641 1.0 8.0
5 19 1 27.521851171604 0.030142081883617 0.020382498704144 1496.0629544242 4.5285762902222 0.41229248046875 13.678301388095 0.05364990234375 1.7799003582732 0.0 0.0 0.0 0.0 5277.6479280438 0.159079296 1916.5996636549 0.057770304 7194.2475916988 0.2168496 0.0
6 9 1 27.62192197967 0.031122354052215 0.021045760997977 1496.0633109785 0.0 4.5390747533333 0.43072509765625 13.839733875323 0.055419921875 1.7807111178679
7 13 1 27.721990335906 0.030904986647565 0.020900171200527 1496.0535845951 4.5310441092496 201.0 0.4100341796875 13.267573429604 0.05047607421875 1.6332663331769 0.0 0.0 0.05438232421875 1.75966179306
8 10 1 27.822054127356 0.031111405993014 0.021039867910412 1496.0620806331 4.5365236192029 5280.4710927205 0.16428288 1912.3656453636 0.059496384 7192.8367380841 0.223779264
9 7 1 27.922114270057 0.030917238543329 0.020908194461657 1496.0576706626 4.5351990629948 1.4068410851894 0.43443543206629 0.30880206488126
10 9 1 28.022176617229 0.031074775343558 0.021014619781332 1496.0645490813 4.5375056857921 0.00022526309273709 0.0 0.0 0.00022526309273709 0.0
11 7 1 28.122241563919 0.031125934845889 0.02104734616967 1496.0514928777 4.5329001666769 5.0275409366618 94.972459063338 45.199270013922
12 10 1 28.222309173553 0.042814502541109 0.028959293271759 1496.0637563051 4.5289636349621 1300952.0 0.092173167818886 36.262708385859 1341005.0 0.095010944993332 34.919270994515
13 5 1 28.32237233619 0.03108267266078 0.021019714620105 1496.0552093584 4.5241572861698 6.2640776699029
14 6 1 28.422432607552 0.030792516020352 0.020824070727278 1496.0638571457 4.5319264458731 0.0 0.0
15 9 1 28.522494800692 0.030717594798866 0.020771111314361 1496.0603218783 4.5412827352806 0.18281390588024 6.3193419009611e-05 0.00034567074482293 1433.0 0.00014193756965638
16 7 1 28.622560620836 0.030544357595605 0.020655627094091 1496.0621734872 4.5353879301555 8.505388800027 91.494611199973 26.596923838087
17 8 1 28.722622249493 0.030730020660314 0.02078147405152 1496.0620234979 4.5390744986686 0.090968192070029 1.9196632791866e-05 0.00021102577016248 10.992853405619
18 10 1 28.822684641969 0.030540531256616 0.020653360103764 1496.0657535367 4.5422297315811 7669.300511898 0.234224512 1912.4895866815 0.058408448 9583.1815609494 0.292675456
19 8 1 28.922753832697 0.0307621272959 0.020801074185314 1496.0535635781 4.5392250325873 83.407244022928 95.323299809121 98.767242615106 99.952989090202
20 12 1 29.022817889626 0.030326653132441 0.020503025211054 1496.0620937221 4.5378245284875 37740295.0 95.814420634497 98.840385322902 99.950299805553 83.391101584969 79.900700844363 82.424086131596 83.349656045329
21 7 1 29.122883768664 0.030709784464486 0.020764074764849 1496.058101264 4.5342601585109 16.601377027886 83.398622972114 15.864974729688
22 7 1 29.222951284972 0.030645439812979 0.020720200528595 1496.0619100104 4.5346393618796 9190262.0 12854019.0 12841484.0
23 13 1 29.323014582613 0.030601323202659 0.020690583323833 1496.0569342157 4.5389789713744 0.2203138649257 182683936.0 9152804.0 54768.0 12992.0 0.029979647471576 0.015316617658161 5.0101854604227 94.944518274448
24 5 1 29.423076708704 0.030559599526573 0.020663227672971 1496.0643355754 4.5278968776884 1.0002501574408
25 10 1 29.523136258834 0.030488063387365 0.020611187469361 1496.0577795453 4.5397055959167 8705.6024722774 0.26541696 4858.0450033235 0.148112384 13563.647475601 0.413529344
26 6 1 29.623196249315 0.030698503877127 0.020757026889446 1496.0530268216 4.5303381138666 0.0 0.0
27 19 1 29.723263063418 0.030676808000477 0.020741873753464 1496.0623636523 4.529845461151 0.43035888671875 14.028802693946 0.05523681640625 1.8006050826863 0.00022818540963881 0.0 0.0 0.00022818540963881 5275.344162192 0.16183072 1914.963251688 0.05874496 7190.30741388 0.22057568 3.1735139612853e-08
1 9 1 29.823331696007 0.031073288480597 0.021010833762515 1496.0524338603 4.5299248992466 0.0 0.0 0.0 0.0 -
2 7 1 29.92339233161 0.030824962432665 0.020840338783963 1496.0615885568 4.5389986555148 8.0 7.8936457533074e-07 77.75
3 7 1 30.023454541059 0.034947072985927 0.023632404209651 1496.057853221 4.534548658861 0.0021462197371512 0.0020664039048445 0.96281096901444
4 6 1 30.123515157635 0.031030075223337 0.02098123558525 1496.0649845773 4.5326086648019 1.0 8.0
5 19 1 30.223581675453 0.030893610016652 0.020888170286506 1496.055952896 4.533936532336 0.42791748046875 13.851326544166 0.05523681640625 1.7879689805263 0.0 0.0 0.0 0.0 5267.8937784312 0.162744256 1912.6637504698 0.059089088 7180.557528901 0.221833344 0.0
6 9 1 30.323652228913 0.03088236295393 0.020879862972033 1496.061870311 0.0 4.5352400079903 0.4263916015625 13.806961669306 0.05517578125 1.786643765968
7 13 1 30.42371870777 0.030738463432443 0.020781181843534 1496.057256511 4.5368997870659 200.0 0.41143798828125 13.385118914142 0.0509033203125 1.6560138220433 0.0 0.0 0.05438232421875 1.7691946228305
8 10 1 30.523783151591 0.030915862221064 0.020902382014435 1496.0642242581 4.5335083779297 5278.3901944295 0.163185984 1913.5124738554 0.059157888 7191.9026682849 0.222343872
9 7 1 30.623843240834 0.030867095652967 0.020868627688238 1496.0563535659 4.5322096013723 1.4056854137566 0.43450850001077 0.3091079239768
10 9 1 30.723905276317 0.030973172135202 0.020942851687879 1496.0614121104 4.5330337709752 0.00022600203716442 0.0 0.0 0.00022600203716442 0.0
11 7 1 30.823971216968 0.030805669457033 0.020826581903814 1496.0595844391 4.5381284830996 5.0229232759709 94.977076724029 45.237991678098
12 10 1 30.924038446958 0.031022101796128 0.020975824074567 1496.0638467977 4.538059956692 941229.0 0.092252652745623 36.279510087343 970154.0 0.095087677995235 34.929082393105
13 5 1 31.024102518384 0.042517379118656 0.028754001985044 1496.0590347269 4.5380129649087 6.2311178247734
14 6 1 31.12416258135 0.030930256069319 0.02091340346541 1496.0625144844 4.5388931637789 0.0 0.0
15 9 1 31.224225300918 0.030833325470522 0.020847446913106 1496.0567733506 4.5306961298421 0.18284919150962 6.1535316989094e-05 0.00033653589868816 1497.0 0.00014738939125228
16 7 1 31.324291773432 0.030719753966711 0.020767873015629 1496.063100691 4.5413578645341 8.4976222900481 91.502377709952 26.700961832255
17 8 1 31.424355401789 0.030963925677853 0.020935363914872 1496.053208247 4.5347636655603 0.090967791127637 1.8056115856675e-05 0.00019848910952823 10.992901856844
18 10 1 31.524417285959 0.030288179534014 0.020477661557887 1496.06031456 4.5417235541862 7668.0010345018 0.232249792 1912.3985954636 0.057923072 9581.7984594974 0.290215232
19 8 1 31.624482362217 0.030612581138235 0.020697358018747 1496.0606546081 4.5360566655381 83.270926822166 95.328413745166 98.756790327912 99.950098430725
20 12 1 31.724548673451 0.030772883267991 0.02080426536834 1496.0616223865 4.5323551934999 38327270.0 95.759956292217 98.832053522205 99.946928127153 83.461823175591 79.923005393634 82.487033751508 83.41752842292
21 7 1 31.824616484233 0.031251816234026 0.021128090711233 1496.0581761946 4.5278722148926 16.590439874101 83.409560125899 15.803973229576
22 7 1 31.924680221319 0.03111922810632 0.021041111493235 1496.0601168358 4.534151167933 9332810.0 13053869.0 13041401.0
23 13 1 32.024748918238 0.047332063371453 0.032013386355182 1496.0603511455 4.536738609901 0.22042266173713 282656672.0 14167437.0 73337.0 17608.0 0.025945610793861 0.013193744812788 5.0122422017337 94.94861844266
24 5 1 32.124811722976 0.031283966361033 0.021152708667742 1496.0591092856 4.5320475251538 1.0002459260652
25 10 1 32.224872620434 0.031085863843806 0.021016352642643 1496.0652376651 4.5299148261981 8713.6548419892 0.270871488 4403.6088135693 0.136889984 13117.263655559 0.407761472
26 6 1 32.32493247138 0.031310815971089 0.021170619431646 1496.0591778853 4.5364146850638 0.0 0.0
27 19 1 32.424999849966 0.031130152607668 0.021047897061005 1496.0585233831 4.523875871273 0.4320068359375 13.877440351227 0.05596923828125 1.7979108225593 0.00022486237341078 0.0 0.0 0.00022486237341078 5311.5895088567 0.165350592 1920.2290702961 0.059777024 7231.8185791529 0.225127616 3.1093475444612e-08
1 9 1 32.525070136135 0.030914608218421 0.020902507052271 1496.0610423924 4.5304127528136 0.0 0.0 0.0 0.0 -
2 7 1 32.625132550356 0.03068117073366 0.020743516913719 1496.0606667991 4.5351952915722 8.0 7.9238447207731e-07 87.5
3 7 1 32.725195247271 0.030711271327446 0.020762220489988 1496.0588326619 4.5298332320864 0.0021488462033531 0.0020688050011544 0.96275154449221
4 6 1 32.82525660592 0.030537420713933 0.020647646418311 1496.0611247582 4.5250656675613 1.0 8.0
5 19 1 32.925323602144 0.030894475314718 0.020887682820161 1496.049364765 4.5290982422135 0.42315673828125 13.696841715893 0.05535888671875 1.791870104762 0.0 0.0 0.0 0.0 5287.4074842171 0.16335168 1915.0774174764 0.059165312 7202.4849016935 0.222516992 0.0
6 9 1 33.025401573609 0.030486306515166 0.0206089136835 1496.0588228344 0.0 4.5544837484867 0.43438720703125 14.248600656664 0.0565185546875 1.8538997060659
7 13 1 33.125478563799 0.030484495278689 0.020608534945707 1496.0579878313 4.5279394733581 201.0 0.41119384765625 13.488622458634 0.05108642578125 1.6758166836688 0.0 0.0 0.05413818359375 1.7759252071854
8 10 1 33.225544749089 0.030652421998214 0.02072494199957 1496.0636351504 4.5254505757317 5287.5190094095 0.162075264 1916.8187102286 0.058755136 7204.3377196381 0.2208304
9 7 1 33.32560627989 0.030401136721502 0.020554772753642 1496.0555966724 4.5342004748942 1.3850024584168 0.43501664927787 0.31409088600113
10 9 1 33.4256687222 0.030816781515134 0.020835668892618 1496.0690688882 4.5300342358553 0.00022714896416299 0.0 0.0 0.00022714896416299 0.0
11 7 1 33.525733550195 0.03035186184742 0.020520508762352 1496.0598487836 4.5306790961442 5.0311053576914 94.968894642309 45.090649420076
12 10 1 33.625800099726 0.030556002423616 0.020657538451443 1496.0573886722 4.5336825810726 927096.0 0.092178495164411 36.305529308723 956162.0 0.095068444145368 34.944006350388
13 5 1 33.725876970314 0.03041297907305 0.020569664941098 1496.0518555598 4.525529117919 6.2776735459662
14 6 1 33.825938156809 0.030837932842949 0.020851126468549 1496.0613440765 4.5266423667434 0.0 0.0
15 9 1 33.925999966681 0.030718466439431 0.020769474496605 1496.0563688683 4.5284599286946 0.18282779412982 6.2328510166857e-05 0.00034091375692363 1776.0 0.00017542858012098
16 7 1 34.026067998544 0.034845287657245 0.023560041280406 1496.0603235252 4.523537039152 8.5229871917666 91.477012808233 26.484337639158
17 8 1 34.126131530858 0.030920107164982 0.020906387755537 1496.0597795086 4.5279091312447 0.09096785499336 1.8838759255767e-05 0.00020709248621001 10.992894139067
18 10 1 34.226193875311 0.030746141480417 0.020788100150745 1496.0590979892 4.5183688384417 7707.959587415 0.236990016 1922.3162697552 0.059103808 9631.6746668396 0.296136832
19 8 1 34.326259718107 0.030988147681215 0.020952642694063 1496.0545490621 4.5219383659618 83.284332375426 95.28147327029 98.791180934617 99.949082622326
20 12 1 34.426326167969 0.030725922499943 0.020780119928001 1496.0621549323 4.5278412366955 38219918.0 95.762356162041 98.842867742416 99.949811509276 83.324759207389 79.793752683343 82.360581540047 83.282939768344
21 7 1 34.526396927107 0.046976043504063 0.031771794681991 1496.0640117266 4.5299361463492 16.653573293197 83.346426706803 15.888740803402
22 7 1 34.626479815821 0.030874238212818 0.020879831259538 1496.0575740237 4.5617840526517 9204439.0 12874616.0 12862871.0
23 13 1 34.726567188682 0.030961906044984 0.020937658540373 1496.05770781 4.5914204213491 0.21779752412787 184865444.0 9158396.0 87397.0 19584.0 0.047276006866919 0.022933977861217 4.9540875795046 94.975702435767
24 5 1 34.826641036616 0.03064363401293 0.02072289337242 1496.0523768978 4.5812593261842 1.0002498977816
25 10 1 34.926711798472 0.03079092133491 0.020820743180525 1496.0602165979 4.5813405106351 8605.3354856774 0.264966208 4333.9361803605 0.133445888 12939.271666038 0.398412096
26 6 1 35.026785102764 0.042391605553001 0.028668734335683 1496.0583814643 4.5789709802607 0.0 0.0
27 19 1 35.126864002047 0.030800236653675 0.020827853121811 1496.0636439484 4.5867749704908 0.485107421875 15.750119952962 0.0574951171875 1.8667102410279 0.00022727098102231 0.0 0.0 0.00022727098102231 5509.7426006222 0.169701376 2420.0956907617 0.07453952 7929.8382913839 0.244240896 2.8660228956907e-08
1 9 1 35.226945417489 0.030665887123414 0.020738096342323 1496.0568233232 4.5607005622384 0.0 0.0 0.0 0.0 -
2 7 1 35.327010868861 0.030799432968456 0.020827657410416 1496.057702465 4.5344720485255 9.0 8.8768969682241e-07 70.444444444444
3 7 1 35.427074497218 0.031020385697136 0.020976237696104 1496.0590959915 4.5342434818715 0.0021642289573788 0.002084311628356 0.96307353307033
4 6 1 35.527137323702 0.030825815045734 0.020845826857669 1496.0601196112 4.532267752302 1.0 8.0
5 19 1 35.627205102771 0.031316805102208 0.021178200076958 1496.0598803272 4.5303994171294 0.4212646484375 13.451712173787 0.0557861328125 1.781348149354 0.0 0.0 0.0 0.0 5284.4358631056 0.165491648 1915.4219533004 0.059984896 7199.8578164061 0.225476544 0.0
6 9 1 35.727276528777 0.030567483252726 0.020670897113268 1496.0592127713 0.0 4.5365877763412 0.41064453125 13.434031446255 0.0543212890625 1.7770939338834
7 13 1 35.827344873235 0.030494227390241 0.020621158330693 1496.0618068941 4.5238527806379 201.0 0.406982421875 13.346211945847 0.046630859375 1.529170054983 0.0 0.0 0.0540771484375 1.7733568962238
8 10 1 35.92740908782 0.03084952783704 0.020859976972751 1496.0538562146 4.5265959888829 5284.3150423933 0.163018624 1917.0751757501 0.059140864 7201.3902181433 0.222159488
9 7 1 36.02747504478 0.047039668734978 0.031819009603032 1496.0578822338 4.5223052921671 1.3813155144857 0.43383424482196 0.31407324414473
10 9 1 36.127538818108 0.031157782345091 0.021071450383766 1496.0600861284 4.5277760877245 0.00022466297255918 0.0 0.0 0.00022466297255918 0.0
11 7 1 36.227605948431 0.031034471481158 0.020987386903128 1496.0584471322 4.5270076704649 5.0350916441797 94.96490835582 45.164592555786
12 10 1 36.327672084793 0.031168348948286 0.021074774306234 1496.0554047588 4.5374516873638 945558.0 0.092229450456413 36.31760188164 974498.0 0.095052249582652 34.995370949966
13 5 1 36.427735430455 0.030979289022371 0.020949979297554 1496.0640635099 4.5275871275639 6.2140077821012
14 6 1 36.527796369593 0.030795094699197 0.020824809175366 1496.0539956616 4.5251178672856 0.0 0.0
15 9 1 36.627858422292 0.03067194511595 0.020741482330673 1496.0626566737 4.5334384061203 0.18280932101308 6.5847901645217e-05 0.00036019991366035 1485.0 0.00014704381044082
16 7 1 36.72791362781 0.030769106762922 0.020807242718546 1496.0583663151 4.5278115153929 8.5298079688664 91.470192031134 26.574799443845
17 8 1 36.827928879209 0.030438979694323 0.02057979255276 1496.0590746682 4.5282339068849 0.090968628726529 1.9637511474736e-05 0.00021587124868916 10.992800639067
18 10 1 36.927945906508 0.038192447228974 0.025828891318693 1496.0560369723 4.528983365879 7692.3824817678 0.293790912 1918.2632513902 0.073263168 9611.7299265785 0.367095488
19 8 1 37.028010711852 0.030419596111563 0.020567607253235 1496.0562902969 4.5212018154703 83.344254517144 95.296460635555 98.768784746364 99.94998406922
20 12 1 37.12807593127 0.030648426223897 0.020722148581833 1496.065907846 4.5312689708244 38134607.0 95.794738359307 98.81271622912 99.947291970257 83.371354575368 79.865370982084 82.381500012932 83.327411177001
21 7 1 37.228142787959 0.030568566007898 0.020666411154391 1496.0514393814 4.5258389533081 16.571429360597 83.428570639403 15.777420103723
22 7 1 37.328207550717 0.03030420974699 0.020487254134462 1496.0656230279 4.5268084418025 9102654.0 12731600.0 12719153.0
23 13 1 37.428272292635 0.030614116929044 0.020698415856959 1496.0513584173 4.5232219150416 0.22108134838014 182753092.0 9188105.0 56365.0 13908.0 0.030842159431152 0.015960331877723 5.0276057709601 94.925591737731
24 5 1 37.528335360134 0.030568142872613 0.020668532720279 1496.0618737653 4.5250097274846 1.0002493879899
25 10 1 37.628396036511 0.030895659549873 0.020890620756266 1496.0615078829 4.5259708832441 8723.7025500272 0.269524544 4376.8043139431 0.135224256 13100.50686397 0.4047488
26 6 1 37.72845616562 0.030604986448818 0.020690769974515 1496.0561322592 4.5247588982554 0.0 0.0
27 19 1 37.828522716057 0.030736900459496 0.020782197549432 1496.065300625 4.5254054601163 0.42694091796875 13.890174727649 0.0555419921875 1.807013438479 0.00022773929366184 0.0 0.0 0.00022773929366184 5290.9766947486 0.162628224 1917.851153459 0.0589488 7208.8278482076 0.221577024 3.1591723156278e-08
1 9 1 37.928592245656 0.030430634777891 0.020574024503031 1496.0566367848 4.5282056006777 0.0 0.0 0.0 0.0 -
2 7 1 38.028659320708 0.038949623810329 0.026340108963322 1496.0655854957 4.5257709529374 10.0 7.7840814133961e-07 57.2
3 7 1 38.128722134507 0.031091946300267 0.021022650744068 1496.0530743541 4.5269349602371 0.0021319200528831 0.0020563684167496 0.96456169356288
4 6 1 38.228783718767 0.030772872395136 0.020804508195442 1496.0689272614 4.5261036371095 1.0 8.0
5 19 1 38.328851654587 0.031019611912268 0.020973625945657 1496.0521341895 4.5430270012054 0.4232177734375 13.643554749636 0.05560302734375 1.7925120243609 0.0 0.0 0.0 0.0 5292.2390023544 0.1641632 1908.7114360894 0.059207488 7200.9504384438 0.223370688 0.0
6 9 1 38.428922578629 0.030924630272781 0.020909317083965 1496.0611884679 0.0 4.5363038056896 0.423828125 13.705196190269 0.0555419921875 1.7960438555797
7 13 1 38.528990723751 0.031079071027467 0.021013645301677 1496.0615401729 4.5350651948591 200.0 0.4241943359375 13.648874368304 0.05108642578125 1.6437565246433 0.0 0.0 0.0556640625 1.791046535812
8 10 1 38.629054793365 0.030911238539354 0.020898276152458 1496.0594810293 4.5354802717939 5288.7182696309 0.163480832 1911.6454335781 0.059091328 7200.363703209 0.22257216
9 7 1 38.72911605597 0.031029796153385 0.020981243286856 1496.0615051651 4.5344067594653 1.4051594400362 0.4347165330424 0.30937167744551
10 9 1 38.829177791544 0.030845806602319 0.02085600656843 1496.0547653884 4.5288411792465 0.00022693522300285 0.0 0.0 0.00022693522300285 0.0
11 7 1 38.929244018513 0.031157235078041 0.021067346786967 1496.0655712752 4.5310166627741 5.0310513647122 94.968948635288 45.236749243289
12 10 1 39.029311216791 0.030829470137252 0.020844339541673 1496.0588009292 4.5297550102807 936010.0 0.092150867867798 36.277933996432 965035.0 0.095008400308545 34.957057516049
13 5 1 39.12937548574 0.030994579881187 0.020954484736963 1496.0670693387 4.5290237525149 6.3752244165171
14 6 1 39.229438140976 0.030897710895237 0.020890724501427 1496.0547764176 4.5326242902656 0.0 0.0
15 9 1 39.329500381232 0.030658864164971 0.020729092712076 1496.0594214543 4.5295508332739 0.1829075436208 6.711767500414e-05 0.00036694864342659 1318.0 0.00013047359241218
16 7 1 39.429566764046 0.030942853178239 0.02092187930914 1496.0625973547 4.5270933338457 8.5187409659502 91.48125903405 26.549431116557
17 8 1 39.529629725534 0.030453103533338 0.020588443268247 1496.057498418 4.5263797379899 0.09096866988727 1.8625221597807e-05 0.00020474325524258 10.992795665136
18 10 1 39.629692787596 0.030740292790345 0.020784502141717 1496.0603826984 4.5247476309038 7697.125906176 0.236611904 1919.6527633118 0.059010688 9618.1361061357 0.29566432
19 8 1 39.729759030875 0.030653107894169 0.020725449852519 1496.0533941113 4.530413312071 83.435380902128 95.249476337145 98.77744893727 99.950338754007
20 12 1 39.829825239723 0.031035453662418 0.02098404531227 1496.0618888267 4.5231650000718 38616802.0 95.750199615183 98.812071491575 99.951614325806 83.371853369452 79.828716024128 82.381455355274 83.331513336111
21 7 1 39.929892703479 0.030187603810483 0.020409621041653 1496.0590577223 4.5255874946143 16.798564784866 83.201435215134 16.039500828657
22 7 1 40.029961047031 0.046326691216429 0.031330349055799 1496.0627176165 4.5308255635698 13903225.0 19449607.0 19432945.0
23 13 1 40.130026068925 0.030498077287083 0.020620348302975 1496.0624737571 4.5245209192712 0.22101787522757 182063808.0 9150821.0 57365.0 13572.0 0.031508184207594 0.016026249434484 5.0261614872957 94.926304079062
24 5 1 40.230092400093 0.046532398389857 0.031471201912629 1496.0561732138 4.5230277128721 1.0001871560113
25 10 1 40.330153006702 0.030547381155446 0.020652761190652 1496.0632954747 4.5277514552122 8715.0310740317 0.266221376 4374.1454404899 0.133618688 13089.176514522 0.399840064
26 6 1 40.430213077823 0.030611842690147 0.02069519069626 1496.0550953034 4.5244270796759 0.0 0.0
27 19 1 40.530280699236 0.030853541732783 0.020859277032692 1496.0684890096 4.5223050607339 0.42120361328125 13.651710294047 0.05572509765625 1.8061167219918 0.00022687832925717 0.0 0.0 0.00022687832925717 5274.1624740961 0.162726592 1917.5497099297 0.0591632 7191.7121840257 0.221889792 3.1547192581081e-08
1 9 1 40.630351042487 0.030800909864632 0.020824274593315 1496.0602381174 4.5263068079207 0.0 0.0 0.0 0.0 -
2 7 1 40.730413662387 0.030858499754793 0.020865131159192 1496.0568071665 4.5276685965705 7.0 6.8815127373852e-07 92.428571428571
3 7 1 40.830477793613 0.030768760643696 0.020802744527707 1496.0599217628 4.5273968348245 0.0021671007863717 0.0020742493768927 0.95715408805031
4 6 1 40.930539922422 0.030959567475026 0.020929992271326 1496.0589530135 4.5242270895793 1.0 8.0
5 19 1 41.03060786096 0.030821522080039 0.020838189129866 1496.0674765337 4.5288678804812 0.42156982421875 13.67777435274 0.0555419921875 1.8020522167356 0.0 0.0 0.0 0.0 5285.5118438653 0.16290752 1915.3161822022 0.05903296 7200.8280260674 0.22194048 0.0
6 9 1 41.130679277905 0.031043370007137 0.020988835711094 1496.05097145 0.0 4.5377776711253 0.42205810546875 13.595756690453 0.05572509765625 1.7950724307135
7 13 1 41.230751638977 0.03084715936673 0.020856171473401 1496.0584889882 4.5382207636069 201.0 0.4368896484375 14.163043126386 0.0621337890625 2.0142467033614 0.0 0.0 0.05560302734375 1.8025331500611
8 10 1 41.330816314753 0.03078887270776 0.020817148795782 1496.0576996438 4.5414357586027 5296.9806835083 0.163088064 1910.9864969227 0.05883712 7207.967180431 0.221925184
9 7 1 41.430878092912 0.030836523902119 0.020847729154308 1496.0567556106 4.527660205415 1.3829182768469 0.43428137560304 0.31403256640241
10 9 1 41.53094117219 0.030654543111066 0.020724895789935 1496.0602994327 4.5389836333858 0.00022835114438463 0.0 0.0 0.00022835114438463 0.0
11 7 1 41.631006815649 0.030884476818212 0.020882373242497 1496.0494491692 4.533222083619 5.0290222259016 94.970977774098 45.13953833685
12 10 1 41.731074021175 0.030542269101319 0.02065026315215 1496.0624167099 4.5314168203086 927253.0 0.0921804948394 36.25907815882 956486.0 0.095086619064008 34.939801523493
13 5 1 41.831138173241 0.030774226065619 0.020805358090297 1496.0670701474 4.526533908743 6.3171206225681
14 6 1 41.931198727298 0.03054998067393 0.020655358443958 1496.0590837432 4.5304541401283 0.0 0.0
15 9 1 42.03126366674 0.038428173449773 0.025991500305913 1496.0630439331 4.5316915036669 0.1827531345615 5.2843000837905e-05 0.00028914962780089 2317.0 0.00018301529587657
16 7 1 42.131329468762 0.030632589910174 0.020711350930464 1496.0531931404 4.5273502337758 8.5263270141791 91.473672985821 26.546347238489
17 8 1 42.231405749498 0.03066291067928 0.020731712617164 1496.0650144494 4.5504057768826 0.090968499900812 1.8395815300048e-05 0.00020222181656404 10.992816206603
18 10 1 42.331469260066 0.031098700155542 0.021024980253312 1496.0620475396 4.5446715714025 7662.8715286524 0.238305344 1911.0848910966 0.059432256 9575.1809082264 0.29777568
19 8 1 42.431535425422 0.030869207705106 0.020871148831557 1496.0568551278 4.5399849736566 83.378425299208 95.32431745809 98.727871284704 99.947203740987
20 12 1 42.531601785584 0.030824678832357 0.020841901303875 1496.0642500441 4.5390957740968 38392258.0 95.801874950934 98.823093447642 99.950779138857 83.452372224032 79.948937281656 82.47021578723 83.411296247779
21 7 1 42.632564811094 0.031438876460639 0.0089848392354049 1496.0589160318 4.465349087129 16.817059373488 83.182940626512 15.876488426053
