1 7 2 0.10087772863061 0.1008864197937 0.1008864197937 2.7792068058737e-05 0.0021925591841877 2205.1657845059 2195.0672219561 10.122216724394 0.83962484357788 9.3268807743071 40.851337342846 90.673119225693 59.148662657154 25.421196893559 10.427636154432
2 10 2 0.2012871905084 0.05315488810442 0.05315488810442 0.00021738549788297 2.2223782242142e-05 2196.7564939046 2197.6069834217 6.1668657905217 6.2254217937334 30.248807914738 1.8228991435304 0.001607872 9.6896e-05 1.2473735222572 0.16976801799061 6.6304e-05 9.024e-06 31.496181436995 1.992667161521 0.001674176 0.00010592
3 5 2 0.30177638991303 0.052648825298352 0.052648825298352 0.0 2.1303584065554e-05 - 2192.513561949 - 5.9988523335884 - 2.0204479065239
4 6 2 0.40236851656312 0.05257945177519 0.05257945177519 0.0 2.1113838476977e-05 - 2189.9950734518 - 6.6998131915505 0.0 0.0 0.0 0.0
5 7 2 0.50294723875157 0.052198257869128 0.052198257869128 0.0 2.1582541780504e-05 - 2191.4366998465 - 6.1432070121165 - 0.51959267852539 - 0.21100799175045 - 0.40610270404366
6 8 2 0.603464070367 0.051925786826761 0.051925786826761 0.0 2.0435916887237e-05 - 2197.0707972835 - 6.0257711309921 - 83.229552152813 - 41.835264919006 - 38.852571631174 - 56.677820373612
7 7 2 0.70407903803856 0.052062826615642 0.052062826615642 0.0 2.0774198401957e-05 - 2193.3977872722 - 6.5920390860756 0.0 61.0 - 0.0087656272452939 - 74.72131147541
8 10 2 0.80456378951677 0.051797978907972 0.051797978907972 0.00021980464092398 0.00015854579843307 2195.6669023319 2195.8017070366 6.1426908133693 3.915451373356 921.18374125706 0.0 0.047715456 0.0 149.6744113081 0.0 0.007752832 0.0 1070.8581525652 0.0 0.055468288 0.0
9 19 2 0.9052018101452 0.051982931495809 0.051982931495809 0.0 2.5545462175838e-05 - 2194.4487549673 - 5.812467800103 0.610107421875 0.0 11.73668749182 0.0 0.0347900390625 0.0 0.66925889058998 0.0 0.0 0.00036550458878087 0.0 0.0 0.0 0.0 0.0 0.00036550458878087 620.26020988446 0.0 0.032242944 0.0 65.066280463092 0.0 0.003382336 0.0 685.32649034755 0.0 0.03562528 0.0 0.0 5.3332914155341e-07
Warning: Sanitizing vector length to a multiple of the loop stride 4096 and thread count 2 from 62500000 elements (500000000 bytes) to 62496768 elements (499974144 bytes)
10 9 2 1.0057688523379 0.05185411190245 0.05185411190245 0.0 2.0921375767799e-05 - 2191.4752298762 - 6.3952104097453 0.0 0.00025070335838469 0.0 0.0 0.0 0.0 0.0 0.00025070335838469 - 0.0
11 7 2 1.1059915973109 0.025272616170572 0.025272616170572 0.0080787331668377 2.0416897043036e-05 2194.7612803428 2203.9670114759 0.61206082628119 6.2410022148394 29105267.0 12746.0 37013493.0 12202.0 33592486.0 9676.0
12 10 2 1.206438496582 0.046430803489772 0.046430803489772 0.014858588493285 0.0 2194.6918470054 - 0.61119049569623 - 0.0 0.0 0.0 - - - 131011.0 0.0 0.0024404193696699 - 30.158208089397 -
13 9 2 1.3068227997345 0.050862868267833 0.050862868267833 0.016251816082249 0.0 2195.1276620003 - 0.0 0.0 0.6109701080848 - 0.75531005859375 0.0 14.849930495788 0.0 0.05194091796875 0.0 1.0211952203568 0.0
14 10 2 1.4072268174083 0.05118502004896 0.05118502004896 0.016368385537383 0.0 2195.5700458888 - 0.61123729407985 - 4.1187050390592 0.0 0.000210816 0.0 3.8436245567905 0.0 0.000196736 0.0 8.0436033747019 0.0 0.000411712 0.0
Running without Marker API. Activate Marker API with -m on commandline.
15 19 2 1.507686129392 0.050050677446524 0.050050677446524 0.0071714784470825 0.0 2195.5495645043 - 0.60433519873716 - 0.74639892578125 0.0 14.912863598674 0.0 0.0596923828125 0.0 1.1926388584106 0.0 0.0 0.0 0.0 0.0 0.0 0.0 0.0 0.0 2177.9819487253 0.0 0.109009472 0.0 1820.4166786224 0.0 0.091113088 0.0 3998.3986273476 0.0 0.20012256 0.0 0.0 0.0
16 13 2 1.6080725437472 0.050776023659212 0.050776023659212 0.038189746368772 0.0 2195.1308557361 - 4.6310764874217 - 205.0 205.0 0.7003173828125 0.0 13.792284868795 0.0 0.1053466796875 0.0 2.0747327595903 0.0 0.0 0.0 0.0 0.0 0.04132080078125 0.0 0.81378567684974 0.0
17 9 2 1.7084033458893 0.050325723413513 0.050325723413513 0.045840603233366 0.04588563633734 2195.1147131276 2195.135229976 9.5685559370226 9.4794565236204 0.20858187510398 0.20818629306018 1.5691404891181e-05 6.8294731996971e-06 7.522899524879e-05 3.2804624643194e-05 159.0 55.0 1.5029719142758e-05 5.1454935066211e-06
18 8 2 1.8087212761254 0.048935946114872 0.048935946114872 0.048613264948568 0.048659803337354 2195.1031757486 2195.1044974099 9.2359493033124 9.1417263635333 0.09091890692957 0.090918836168249 1.3335709097079e-05 1.3101959534173e-05 0.00014667696244313 0.00014410610701095 10.998812389756 10.998820950034
19 5 2 1.9090258652994 0.048689996886682 0.048689996886682 0.048365116664103 0.048395801559894 2195.0980197049 2195.0997359088 9.24754697272 9.1207251205374 6.1758793969849 5.8419301164725
20 6 2 2.0093290107767 0.04895642958137 0.04895642958137 0.048636014946499 0.048670837111258 2195.1075072231 2195.1090163844 9.2595683294698 9.1639016035135 0.0 0.0 - -
21 7 2 2.1097018902484 0.048960103128421 0.048960103128421 0.048641258536404 0.048681912547677 2195.1105172796 2195.1042072577 9.2425679102516 9.130618007351 8.6311761467786 8.759570618044 91.368823853221 91.240429381956 21.888465174766 21.739476610466
22 7 2 2.2100659137184 0.04835750102743 0.04835750102743 0.04804374016805 0.048079470756796 2195.0981780958 2195.0958074233 9.2333533594587 9.1185240107711 0.0096408684087172 0.0080033585335752 0.0076471014760668 0.0079620175480007 0.79319633376101 0.9948345453473
23 9 2 2.3104114172944 0.04854768497813 0.04854768497813 0.047904762619326 0.048275379227748 2195.1024781485 2195.1021837241 9.2343315112164 9.0863670047291 0.0 0.0 0.0 0.0 0.0 0.0 0.0 0.0 - -
24 6 2 2.410695300198 0.047558862297968 0.047558862297968 0.047220251106424 0.047277656619051 2195.1099962515 2195.10441731 9.2516467894947 9.1226520628921 0.0 0.0 0.0 0.0
25 13 2 2.5110560631233 0.047889650899776 0.047889650899776 0.047579759672979 0.047613163500784 2195.0977698981 2195.0988481046 9.2243081214221 9.1239309419409 0.10840921474399 0.10960188172876 420266304.0 420561356.0 10363468.0 10484882.0 5120201.0 5054326.0 13204.0 14064.0 1.2183229897965 1.2018046660473 0.0057232758779538 0.005921371434802 2.4659288411569 2.4930683360266 96.310024893169 96.299205626491
26 7 2 2.6114420753446 0.047216035946194 0.047216035946194 0.046906998348113 0.046954430669576 2195.1047240655 2195.1052881544 9.2753319495387 9.1483658255363 2.4576676347241 2.4918987873662 97.542332365276 97.508101212634 49.582180500497 49.222541927198
27 12 2 2.7118309441653 0.046929844350503 0.046929844350503 0.046624220814452 0.046666294521239 2195.1029891495 2195.10280235 9.2506792909982 9.1758529426509 94057976.0 94062633.0 92.462135268571 95.203540602569 93.197162779688 96.225145005243 99.93573006504 99.9387301863 91.356974170149 91.279127134349 84.470609034476 86.90096086302 85.142107927951 87.833472444548 91.298259102268 91.223200583207
1 7 2 2.8122177787685 0.046561790439664 0.046561790439664 0.046262103812121 0.046310868428386 2195.0919617362 2195.1026946562 9.2321045507902 9.1372041676864 4.2001606509172 4.3168698137288 95.799839349083 95.683130186271 41.164023238168 39.289612962004
2 10 2 2.9125520470508 0.0467973258503 0.0467973258503 0.046491277990581 0.046527143076796 2195.1010075776 2195.1088089343 9.2161415341514 9.1449929682771 6291.3611974714 5901.5461029432 0.29441888 0.276176576 2997.2584426873 3123.4509524664 0.14026368 0.146169152 9288.6196401587 9024.9970554096 0.43468256 0.422345728
3 5 2 3.0128555946619 0.046508235992635 0.046508235992635 0.046207745097394 0.046248449375398 2195.106634183 2195.1082784922 9.2382096263399 9.129534272556 1.0001329642538 1.0001330054336
4 6 2 3.1131591938983 0.046844617334345 0.046844617334345 0.046538725256208 0.046575199883145 2195.1022853659 2195.0978155687 9.2244085706574 9.1331267977952 0.0 0.0 0.0 0.0
5 7 2 3.213461132974 0.047023056078397 0.047023056078397 0.046717896264264 0.046748590669977 2195.1027370768 2195.1010678803 9.2720429145937 9.1374636714041 1.4001482076003 1.238213708536 0.43066594105759 0.40022415431844 0.30758596748534 0.32322704195517
6 8 2 3.314089141013 0.04682168483648 0.04682168483648 0.039629554914744 0.046561511029561 2195.112309123 2195.1084968665 9.2262700821944 8.162892798997 91.326353811859 90.154598230647 91.796796451637 95.150765295034 92.666541920124 96.299582936107 99.931049633602 99.836575401603
7 7 2 3.414385063478 0.046951971674963 0.046951971674963 0.046644818400015 0.046673167477797 2195.0997646954 2195.1027111531 9.1886402444023 9.1737196376712 0.0 0.0 0.0 0.0 - -
8 10 2 3.5146523474918 0.04631621526841 0.04631621526841 0.046007448023819 0.046032906990989 2195.1000563706 2195.1014949547 9.2196706749877 9.1362663832484 6672.8063640121 0.0 0.309059136 0.0 2782.7185631013 0.0 0.128884992 0.0 9455.5249271134 0.0 0.437944128 0.0
9 19 2 3.6150197247943 0.047017889020723 0.047017889020723 0.046711159616589 0.046767341519238 2195.1053413291 2195.1103110893 9.2624726173933 9.1040768267226 0.722900390625 0.0 15.37500737871 0.0 0.10052490234375 0.0 2.138013944 0.0 0.0 0.0 0.0 0.0 0.0 0.0 0.0 0.0 6712.1985817123 0.0 0.315593408 0.0 2786.6173222335 0.0 0.131020864 0.0 9498.8159039458 0.0 0.446614272 0.0 0.0 0.0
10 9 2 3.7153669283821 0.046392679570632 0.046392679570632 0.046085918466752 0.046132222277459 2195.1015075274 2195.1015946105 9.2456135553357 9.1096381079585 0.0 0.0 0.0 0.0 0.0 0.0 0.0 0.0 - -
11 7 2 3.8157098171824 0.046696665589134 0.046696665589134 0.046392631568632 0.046436632619631 2195.1031615384 2195.1020678207 9.2402641370803 9.1667197074153 10101575.0 10191772.0 14132758.0 14258908.0 14120305.0 14247137.0
12 10 2 3.916081844384 0.04621404428819 0.04621404428819 0.045915693578272 0.045963270812835 2195.1070075421 2195.1046126964 9.2193041000608 9.1382282785799 1043691.0 1053929.0 0.094900083544073 0.094889923424795 41.284222054229 41.060816240942 1044923.0 1054555.0 0.095012106070784 0.094946284993804 42.005812868508 41.7277382403
13 9 2 4.0164284674136 0.046618040270328 0.046618040270328 0.046309509868085 0.046359741276621 2195.1050434 2195.0930371158 0.0 0.0 9.243019215348 9.1219565115114 0.70428466796875 0.0 15.107556299766 0.0 0.09814453125 0.0 2.1052907990315 0.0
14 10 2 4.1167537420268 0.046563278516046 0.046563278516046 0.046261067683466 0.04630536490061 2195.101751504 2195.0970262908 9.2361947728302 9.1240929216569 5785.5912338124 5696.4414975332 0.269396096 0.265244992 1383.7857224292 1399.9330390264 0.0644336 0.065185472 7169.4869141347 7096.5339755046 0.333834816 0.330437888
15 19 2 4.2171470651139 0.0459000882485 0.0459000882485 0.045602783177156 0.045664585896621 2195.1020952932 2195.1086210175 9.2321693884036 9.1712639501734 0.7847900390625 0.0 17.097789329156 0.0 0.099609375 0.0 2.1701347165331 0.0 0.0 0.0 0.0 0.0 0.0 0.0 0.0 0.0 6873.9479168717 0.0 0.315514816 0.0 2854.2230091308 0.0 0.131009088 0.0 9728.1709260024 0.0 0.446523904 0.0 0.0 0.0
16 13 2 4.3175282716546 0.046264608996852 0.046264608996852 0.045961181799946 0.046008175306433 2195.0997846699 2195.1051165192 9.2362715066533 9.1315277154106 206.0 206.0 0.7037353515625 0.0 15.211094761665 0.0 0.140380859375 0.0 3.0343033783027 0.0 0.0 0.0 0.0 0.0 0.09814453125 0.0 2.1213738401351 0.0
17 9 2 4.4178809611088 0.045949750873122 0.045949750873122 0.045646750717001 0.045693478851376 2195.0973805706 2195.1059197071 9.2640241450098 9.1850706859333 0.18319352476409 0.18319327715793 4.9629652504202e-06 1.1287756407304e-05 2.7091379222116e-05 6.1616651999585e-05 6.0 100.0 5.5144058338002e-07 9.1030293607288e-06
18 8 2 4.5182033501399 0.046019589929614 0.046019589929614 0.045717543935678 0.045760281072745 2195.1120252851 2195.1078908758 9.2341440092405 9.1174463223535 0.090918927927327 0.090918966793503 1.3720270574712e-05 1.3534226977287e-05 0.00015090664713599 0.00014886032534913 10.998809849576 10.998805147789
19 5 2 4.6185101374644 0.046083404224029 0.046083404224029 0.045780956549098 0.045822017222754 2195.0984092312 2195.1012774041 9.2238486044806 9.1342913354622 5.9964788732394 5.9222797927461
20 6 2 4.7188157120475 0.046125894555974 0.046125894555974 0.045820723873349 0.045856327663133 2195.0968549787 2195.1021781165 9.2425672649539 9.1386625501219 0.0 0.0 - -
21 7 2 4.8191699258064 0.046096612147266 0.046096612147266 0.045798251474572 0.045840908003727 2195.1055572931 2195.1114585004 9.2302874841249 9.1318817727289 8.6887401130559 8.7932585131672 91.311259886944 91.206741486833 21.934357113625 21.779597507956
22 7 2 4.9195216044918 0.046514177429681 0.046514177429681 0.046211600238672 0.046251440925179 2195.1028676381 2195.1067713796 9.2393476046144 9.1258638928336 0.0096505985927709 0.0079785595681604 0.007653322390367 0.0079374445455871 0.79304121053174 0.9948468113546
23 9 2 5.0198564116697 0.045629626969669 0.045629626969669 0.045335509080787 0.045377431534527 2195.0989778948 2195.101489848 9.2559957787587 9.1479850730326 0.0 0.0 0.0 0.0 0.0 0.0 0.0 0.0 - -
24 6 2 5.1201782916935 0.045790283970807 0.045790283970807 0.045492624768078 0.045526105580966 2195.1083579458 2195.1071990961 9.2454551888509 9.1309206955407 0.0 0.0 0.0 0.0
25 13 2 5.2205333151543 0.045741832276265 0.045741832276265 0.042434978764436 0.045501584473257 2195.1036734691 2195.1030411477 9.223940134112 8.6766695511897 0.10841353970868 0.11525159441653 374823072.0 401910032.0 9244575.0 10539553.0 4584216.0 4957857.0 13208.0 16140.0 1.2230346375263 1.233573836246 0.0063776757050857 0.0077972674242677 2.4663836595416 2.622366241408 96.304204027227 96.136262654922
26 7 2 5.3209125961622 0.045744209756791 0.045744209756791 0.04545101251894 0.045497044164734 2195.10083849 2195.097787073 9.2418771559251 9.1109183948856 2.4661260723445 2.5015417426307 97.533873927656 97.498458257369 49.291219487141 48.900325039525
27 12 2 5.4212862780902 0.046204936499938 0.046204936499938 0.045906737043067 0.045947616122497 2195.1045074094 2195.1105582235 9.2154661969549 9.170425808966 92569608.0 92621070.0 92.349076383687 95.15168632796 93.12106193644 96.182786486919 99.926054564258 99.930347382081 91.316585555322 91.286062456765 84.33002334546 86.860227810006 85.034974193214 87.801478545106 91.249061108229 91.222479324468
1 7 2 5.5216654232421 0.045619551886484 0.045619551886484 0.045323526126087 0.045371980084896 2195.1063215857 2195.1062389271 9.216158964888 9.1478180927392 4.2099553340605 4.3045248843081 95.790044665939 95.695475115692 40.976280802474 39.307892281302
2 10 2 5.6219987568349 0.046364742136621 0.046364742136621 0.04605771837775 0.046083665520921 2195.1016758827 2195.0948017629 9.2639054575986 9.1647977046864 6245.2241650944 5880.6022730933 0.289558208 0.272652608 3013.9205258218 3132.6935362221 0.139739648 0.145246528 9259.1446909163 9013.2958093154 0.429297856 0.417899136
3 5 2 5.7222865116354 0.045721875931164 0.045721875931164 0.045423859879929 0.04546261688817 2195.1015923052 2195.1072319926 9.2593759306143 9.1747362016084 1.0001337916268 1.0001314503345
4 6 2 5.8225984343179 0.04558462873541 0.04558462873541 0.045284422232117 0.045322568793929 2195.1019168078 2195.1101015597 9.2275460401626 9.1359240033454 0.0 0.0 0.0 0.0
5 7 2 5.922905565811 0.045974655094836 0.045974655094836 0.045672586458228 0.045715642856965 2195.0990261453 2195.0982981019 9.2353565902944 9.1274488662682 1.4018899607932 1.2395403210487 0.43068843456883 0.40034007027263 0.30721985791606 0.32297462492703
6 8 2 6.0232496718813 0.045839358791673 0.045839358791673 0.045542002095038 0.045586989913668 2195.1008784019 2195.1054028253 9.2187141436426 9.1382772840609 91.316482616289 91.230169019557 91.605219175851 94.822594799588 92.448332753768 95.981943355669 99.938957961248 99.940495361587
7 7 2 6.1235763068661 0.046282969486454 0.046282969486454 0.045979366582416 0.046021430326428 2195.1039112902 2195.1091720188 9.2473391003047 9.1028031406124 0.0 0.0 0.0 0.0 - -
8 10 2 6.223846828782 0.046361612919397 0.046361612919397 0.038806169556554 0.04608322353597 2195.1000581329 2195.1013667627 9.2912531681913 8.1231981878964 6775.3901605218 0.0 0.314118016 0.0 2925.6355734606 0.0 0.135637184 0.0 9701.0257339824 0.0 0.4497552 0.0
9 19 2 6.3242159251162 0.046500107273506 0.046500107273506 0.046200882103612 0.046255267083838 2195.1052325133 2195.1016329744 9.2182467806703 9.1507146416999 0.7030029296875 0.0 15.118307696637 0.0 0.09808349609375 0.0 2.1093176305344 0.0 0.0 0.0 0.0 0.0 0.0 0.0 0.0 0.0 6654.3991001995 0.0 0.309430272 0.0 2782.2869147167 0.0 0.12937664 0.0 9436.6860149162 0.0 0.438806912 0.0 0.0 0.0
10 9 2 6.4245808225933 0.04631568905272 0.04631568905272 0.046016500111099 0.046060986620978 2195.1090855818 2195.1074281356 9.2835763801906 9.151159950347 0.0 0.0 0.0 0.0 0.0 0.0 0.0 0.0 - -
11 7 2 6.5249250382541 0.046529932200627 0.046529932200627 0.046227854054103 0.046272470532918 2195.1037756197 2195.1024023897 9.2306101051678 9.1476814591486 10073709.0 10175099.0 14094830.0 14236198.0 14084089.0 14225488.0
12 10 2 6.6252934851965 0.046093612446123 0.046093612446123 0.04580023633117 0.045843795850071 2195.1054102734 2195.1069552716 9.2595743399084 9.1099209703457 1037294.0 1054304.0 0.094969211962473 0.094876260426293 41.383546034201 41.029721977722 1037450.0 1055337.0 0.094983494506348 0.094969219551005 42.065232059376 41.74184360067
13 9 2 6.7256334494693 0.045918158006197 0.045918158006197 0.045619398369626 0.045668734486924 2195.1064547336 2195.1029891753 0.0 0.0 9.2332043948284 9.1381449404691 0.70562744140625 0.0 15.367067670942 0.0 0.09814453125 0.0 2.137379535929 0.0
14 10 2 6.8259751291509 0.045964185123457 0.045964185123457 0.045657875061592 0.045707904497496 2195.1005804827 2195.0966086513 9.254819411812 9.1612988838681 5769.4854219153 5673.2101156499 0.265189696 0.26076448 1381.0794606604 1394.1247479507 0.063480192 0.064079808 7150.6901975353 7067.4504318411 0.328675648 0.3248496
15 19 2 6.9263659307501 0.046171511388022 0.046171511388022 0.045867933390923 0.045924485727681 2195.1046157937 2195.1056085041 9.2560240721631 9.1042418497889 0.70294189453125 0.0 15.224580556261 0.0 0.09808349609375 0.0 2.1243293352358 0.0 0.0 0.0 0.0 0.0 0.0 0.0 0.0 0.0 6652.7381661516 0.0 0.307166976 0.0 2783.6080764153 0.0 0.128523392 0.0 9436.3462425669 0.0 0.435690368 0.0 0.0 0.0
16 13 2 7.0267366084484 0.045964064664443 0.045964064664443 0.045657168157382 0.045718726788846 2195.1084081027 2195.1091635422 9.2263561121489 9.1283584173221 205.0 205.0 0.70306396484375 0.0 15.295948475758 0.0 0.1390380859375 0.0 3.0249301699607 0.0 0.0 0.0 0.0 0.0 0.09814453125 0.0 2.1352448258546 0.0
17 9 2 7.1270791159461 0.046491666085509 0.046491666085509 0.046189356983733 0.046230170852268 2195.0987705472 2195.1036595374 9.2401802952092 9.1162177171644 0.18293500807775 0.18293259341328 4.8920394831071e-06 7.8583166931989e-06 2.6741953519513e-05 4.2957444305429e-05 23.0 47.0 2.0836464465086e-06 4.1970555065949e-06
18 8 2 7.2274029441454 0.046477654800281 0.046477654800281 0.046175033229635 0.046212821131529 2195.1010160978 2195.1018436271 9.271004540822 9.1571252347763 0.090918910671891 0.090918912642428 1.3093017066657e-05 1.2921615952166e-05 0.00014400763240452 0.00014212242070013 10.998811937033 10.998811698649
19 5 2 7.3277092278969 0.045275046354179 0.045275046354179 0.044981304333644 0.045020869232409 2195.1079122993 2195.1085680563 9.2149222964244 9.1362371665235 6.0608856088561 5.9365942028986
20 6 2 7.4280368392337 0.046384412278353 0.046384412278353 0.046089051759657 0.046128988451092 2195.1008289414 2195.1053717459 9.2594274198868 9.1872375239697 0.0 0.0 - -
21 7 2 7.5283936559942 0.045616727892474 0.045616727892474 0.045325865566924 0.045363845931526 2195.1032882129 2195.0974101956 9.2432912603947 9.1207515422678 8.6359323949743 8.7860023770194 91.364067605026 91.213997622981 21.858568005961 21.748467205371
22 7 2 7.6287472964407 0.045929297294951 0.045929297294951 0.045636925156058 0.045669287420966 2195.1168092962 2195.1056785987 9.2569772685165 9.1347079077021 0.0096524013259439 0.0080478861887957 0.0076963744262465 0.0080063509141814 0.79735333896241 0.99483898335042
23 9 2 7.7290886835789 0.045031441095361 0.045031441095361 0.044738083094534 0.044777002677157 2195.1063621158 2195.1017812836 9.2128423673402 9.1499450415524 0.0 0.0 0.0 0.0 0.0 0.0 0.0 0.0 - -
24 6 2 7.8294053394855 0.045426485976535 0.045426485976535 0.045129513299607 0.045173467706702 2195.1031156277 2195.1057622308 9.2360999586277 9.1180459020373 0.0 0.0 0.0 0.0
25 13 2 7.9297507905305 0.045201015686308 0.045201015686308 0.04490729721415 0.044954470956303 2195.1160939548 2195.1101116942 9.2179299803056 9.1317329255871 0.10848422608292 0.10950823990899 396660764.0 397077444.0 9788527.0 9891362.0 4845908.0 4787862.0 13016.0 12664.0 1.2216756583467 1.2057753650696 0.0060585775506649 0.005821030720647 2.4677326038731 2.4910410171775 96.30453316023 96.297362587032
26 7 2 8.0301303994043 0.045606712585941 0.045606712585941 0.045309993506938 0.045354629911304 2195.1088182132 2195.0963500125 9.2761565130243 9.140358388056 2.457350390462 2.4938184577596 97.542649609538 97.50618154224 49.574254906084 49.189645002753
27 12 2 8.1305024610227 0.045694022727892 0.045694022727892 0.045072866769335 0.04544577617469 2195.1035658299 2195.0999664231 9.2257372164601 9.083285339242 90926293.0 91535113.0 92.265295583974 95.16431470402 93.004102784659 96.194675588591 99.936386937055 99.935005269508 91.354925743844 91.211975422551 84.288892268077 86.801251338869 84.963829037653 87.741063855668 91.296812077427 91.152692444948
1 7 2 8.2308777614489 0.045750049754667 0.045750049754667 0.045451401067186 0.045497736577634 2195.1096028777 2195.1092142013 9.2201739314484 9.1337914062241 4.2131636658903 4.3125008964207 95.78683633411 95.687499103579 40.930547383569 39.333925778996
2 10 2 8.3312024201813 0.045895055235441 0.045895055235441 0.045592996108755 0.045635154951987 2195.1074453178 2195.1013847805 9.2118860613897 9.1418592855735 6293.8189423278 5905.3765729147 0.288855168 0.271027584 3001.9973021757 3133.580976474 0.137776832 0.143815872 9295.8162445035 9038.9575493886 0.426632 0.414843456
3 5 2 8.4315181115101 0.045650386676761 0.045650386676761 0.045353850097692 0.045401241209493 2195.1027055637 2195.1012986145 9.2350113022555 9.1586873257383 1.000132123947 1.0001321514737
4 6 2 8.531830718907 0.045669418295151 0.045669418295151 0.045371336580168 0.045411717067967 2195.109168489 2195.1051990974 9.2188289562635 9.1426373272907 0.0 0.0 0.0 0.0
5 7 2 8.632143953053 0.045886259010352 0.045886259010352 0.045587903771896 0.04563437060984 2195.1035399264 2195.1034992471 9.2839023699247 9.1437219914859 1.4016998333902 1.2389735332131 0.43017622498247 0.40013280395646 0.30689610909209 0.32295508598861
6 8 2 8.7325108602937 0.045729135171701 0.045729135171701 0.045433094014289 0.045480624152094 2195.0955211444 2195.098835293 9.2436079403456 9.1672577435822 91.394518759424 91.313889506254 91.831540904752 94.82930223801 92.722824947955 95.98765415811 99.926591506954 99.929898294677
7 7 2 8.8328509667624 0.043638279170158 0.043638279170158 0.043349475969151 0.043398788990923 2195.1084490243 2195.1078213036 9.2523925206979 9.1191556456574 0.0 0.0 0.0 0.0 - -
8 10 2 8.9331144803186 0.045892450422493 0.045892450422493 0.045588470744395 0.045617182104924 2195.1029217634 2195.1054314946 9.2271460351851 9.1284399487886 6668.4174234028 0.0 0.306030016 0.0 2783.1094400965 0.0 0.127723712 0.0 9451.5268634993 0.0 0.433753728 0.0
9 19 2 9.0334721402922 0.045831313397576 0.045831313397576 0.045537564131391 0.045587578623131 2195.1005622353 2195.0998487232 9.2372989269675 9.12441777878 0.7052001953125 0.0 15.386864199048 0.0 0.09808349609375 0.0 2.1400978680864 0.0 0.0 0.0 0.0 0.0 0.0 0.0 0.0 0.0 6660.8168383005 0.0 0.305273984 0.0 2783.2974126975 0.0 0.127562176 0.0 9444.114250998 0.0 0.43283616 0.0 0.0 0.0
10 9 2 9.1338219686184 0.045907188990335 0.045907188990335 0.038399927874237 0.045646319600533 2195.1094066369 2195.1065227365 9.2443767650286 8.0872331748442 0.0 0.0 0.0 0.0 0.0 0.0 0.0 0.0 - -
11 7 2 9.2341694475411 0.045872693332902 0.045872693332902 0.045573211395105 0.045609652510887 2195.1060147364 2195.1058141687 9.2639813283724 9.1513277928973 9898833.0 10028454.0 13848735.0 14029865.0 13835894.0 14017414.0
12 10 2 9.3345372441859 0.045639317127436 0.045639317127436 0.045342432304077 0.045386324217398 2195.0973081669 2195.1029345506 9.2059786506317 9.1403384067904 1032101.0 1040141.0 0.094895367867454 0.094860878931063 41.296800410037 41.027247267438 1032142.0 1041294.0 0.094899137566429 0.094966032552935 41.964532980927 41.685897546706
13 9 2 9.4348888078465 0.046020646889527 0.046020646889527 0.045712761803422 0.045773691421467 2195.0951846732 2195.107499876 0.0 0.0 9.2581680694481 9.1677295102769 0.7200927734375 0.0 15.647167567333 0.0 0.09930419921875 0.0 2.1578184126166 0.0
14 10 2 9.5352216596033 0.045258732762096 0.045258732762096 0.044969948128095 0.045010182797089 2195.1054777659 2195.1085032658 9.2276017936406 9.1346754676297 5789.0441028748 5689.9784921877 0.2620048 0.257521216 1383.4936194334 1400.1657610058 0.062615168 0.063369728 7172.6027705281 7090.3153582937 0.324622912 0.320898688
15 19 2 9.6356241665581 0.045639865985797 0.045639865985797 0.04534499681307 0.045390639004911 2195.1051718693 2195.0932890696 9.2515628662553 9.1118008904669 0.7108154296875 0.0 15.574441649515 0.0 0.09844970703125 0.0 2.1570989507701 0.0 0.0 0.0 0.0 0.0 0.0 0.0 0.0 0.0 6706.8817444656 0.0 0.306101184 0.0 2789.2120463196 0.0 0.127299264 0.0 9496.0937907852 0.0 0.433400448 0.0 0.0 0.0
16 13 2 9.7359973847642 0.045564032961261 0.045564032961261 0.045261867866868 0.045338106648081 2195.1007239607 2195.1044329421 9.2134220873989 9.1557799748838 205.0 205.0 0.68914794921875 0.0 15.124823340477 0.0 0.14007568359375 0.0 3.0742599917097 0.0 0.0 0.0 0.0 0.0 0.09600830078125 0.0 2.1071071751457 0.0
17 9 2 9.8363366942109 0.045719521999018 0.045719521999018 0.045422685178123 0.045461095753487 2195.1008634754 2195.1097737285 9.2549126477393 9.1574302335923 0.18308100450256 0.1830744425871 4.7980031449065e-06 1.3865482019343e-05 2.6206995957571e-05 7.5736852306661e-05 73.0 220.0 6.7356582611188e-06 2.0068460817471e-05
18 8 2 9.9366548182683 0.045454056599264 0.045454056599264 0.045161087599541 0.045204358650805 2195.1038952504 2195.0974890072 9.2455198096264 9.1067820191056 0.090918892839965 0.090918777979398 1.29793409684e-05 1.2772335850396e-05 0.00014275735837705 0.00014048072504109 10.99881409423 10.99882798938
19 5 2 10.036953892593 0.045967516313312 0.045967516313312 0.045667724170914 0.045705304213081 2195.1002123505 2195.1089682674 9.2141176919912 9.1491839989441 6.186170212766 6.0415224913495
20 6 2 10.137256443927 0.046008579251235 0.046008579251235 0.045711247008687 0.045755801899435 2195.1059716921 2195.1036130275 9.245982427589 9.1264617947101 0.0 0.0 - -
21 7 2 10.237601691188 0.045890438847542 0.045890438847542 0.04559756449419 0.045631468272186 2195.1000827508 2195.0953721932 9.2138873408791 9.1392693832001 8.6755561180772 8.7531558789857 91.324443881923 91.246844121014 21.824039126308 21.704844790642
22 7 2 10.337964619658 0.044718846333091 0.044718846333091 0.044427691917068 0.044467584681719 2195.1030109724 2195.1055531418 9.2666483234363 9.1480100227857 0.0095777167721731 0.0080147001758231 0.0076568485910753 0.0079752008777037 0.79944404007867 0.99507164369809
23 9 2 10.438313657302 0.045524391077412 0.045524391077412 0.045228918251057 0.045270836176262 2195.1055554408 2195.1118639606 9.2480614103999 9.1562038780157 0.0 0.0 0.0 0.0 0.0 0.0 0.0 0.0 - -
24 6 2 10.5386327559 0.046130673065402 0.046130673065402 0.045826932946773 0.045866463881532 2195.1026546881 2195.0996953597 9.2132975602721 9.1466482824439 0.0 0.0 0.0 0.0
25 13 2 10.638988833604 0.045913432933474 0.045913432933474 0.045612933886865 0.045658006389087 2195.1042823011 2195.0989298812 9.2566743778515 9.1243594603843 0.108030158476 0.10959673436166 402893568.0 403291688.0 9901642.0 10055077.0 4921909.0 4867930.0 14568.0 14216.0 1.2216400039427 1.207049424733 0.0067526518566809 0.0065166232734259 2.4576321853815 2.493251732974 96.313975158819 96.29318221902
26 7 2 10.739365830419 0.046134394614918 0.046134394614918 0.045836852248378 0.045880610117083 2195.1096156492 2195.1107379338 9.2315255898447 9.1376054778113 2.4688925183979 2.4943848105424 97.531107481602 97.505615189458 49.249374148777 49.003828047879
27 12 2 10.839745086973 0.045770238866433 0.045770238866433 0.045472278969024 0.045521638181846 2195.0998315903 2195.0974757195 9.2300147385656 9.144234354582 91716147.0 91721832.0 92.19057468692 95.135496203347 92.860400034031 96.229643559671 99.933452285125 99.938370179959 91.339103746689 91.24572004492 84.206044657954 86.807068529052 84.817857126674 87.805431162682 91.278319660358 91.189485471862
1 7 2 10.940120327622 0.046372429776506 0.046372429776506 0.046077081484853 0.046118575086392 2195.1007650674 2195.1005640229 9.2424552396678 9.1139816445911 4.203610925042 4.3189127756817 95.796389074958 95.681087224318 40.941241007595 39.315706378087
2 10 2 11.040442138812 0.045710119856034 0.045710119856034 0.045411193116544 0.04545073944832 2195.105897327 2195.1096523202 9.2200834311785 9.1502274901868 6287.0097235604 5898.2923004611 0.287379968 0.269611648 2993.6814086462 3123.6020480736 0.136841536 0.142780224 9280.6911322066 9021.8943485347 0.424221504 0.412391872
3 5 2 11.140748720542 0.046007625541905 0.046007625541905 0.045710082269657 0.045744352858933 2195.0997594562 2195.102725908 9.25126595748 9.1048146721018 1.000132837407 1.0001318760207
4 6 2 11.241052692023 0.046129163252056 0.046129163252056 0.04583177847851 0.045862568436298 2195.104636965 2195.10156092 9.2239326186774 9.1323641585873 0.0 0.0 0.0 0.0
5 7 2 11.341357073791 0.045997920892828 0.045997920892828 0.045702498333208 0.045735663507254 2195.1074762134 2195.1070759917 9.2282343022623 9.1374118484959 1.3984961773498 1.239375994201 0.43094376164146 0.40043496489501 0.30814797253013 0.32309401405921
6 8 2 11.441736302267 0.046169065073775 0.046169065073775 0.045872122738035 0.04591577509189 2195.1049232584 2195.1049646578 9.2749009521595 9.1545175858476 91.355653087793 91.227437647726 91.936657789097 94.81707121022 92.835005555713 95.952969999684 99.919178238279 99.919049931803
7 7 2 11.542073327521 0.045076943808344 0.045076943808344 0.044776817912956 0.044817285801468 2195.0988144464 2195.1011110116 9.2124641035852 9.1546694570438 0.0 0.0 0.0 0.0 - -
8 10 2 11.642340885059 0.045833298707028 0.045833298707028 0.045527578260332 0.045560005283281 2195.1103121139 2195.1042748527 9.2433075027389 9.1434474945168 6697.4789216499 0.0 0.306967552 0.0 2782.9520370185 0.0 0.127551872 0.0 9480.4309586684 0.0 0.434519424 0.0
9 19 2 11.742699445305 0.045335446133707 0.045335446133707 0.045037544654386 0.045096401562266 2195.1058242359 2195.0980557603 9.2266791479224 9.1358441434293 0.6929931640625 0.0 15.285901500091 0.0 0.09600830078125 0.0 2.1177314655313 0.0 0.0 0.0 0.0 0.0 0.0 0.0 0.0 0.0 6682.9177131389 0.0 0.302973056 0.0 2785.3299519229 0.0 0.126274176 0.0 9468.2476650618 0.0 0.429247232 0.0 0.0 0.0
10 9 2 11.843072367345 0.045378606688733 0.045378606688733 0.03971519176326 0.045137766100576 2195.0911653043 2195.0976185146 9.2832721875008 8.3519506743291 0.0 0.0 0.0 0.0 0.0 0.0 0.0 0.0 - -
11 7 2 11.943416635537 0.045361400069679 0.045361400069679 0.045053012316256 0.045106397848954 2195.1128441436 2195.1048459908 9.2441831368648 9.1088502163658 9804625.0 9961762.0 13717743.0 13937450.0 13706408.0 13926423.0
12 10 2 12.043801087225 0.045829064527426 0.045829064527426 0.045535579727646 0.045583592607211 2195.1047246541 2195.0973642405 9.2878603156388 9.1632655179138 1028523.0 1042799.0 0.095002815844508 0.094929237231741 41.480418036349 41.176656287549 1028815.0 1043353.0 0.095029787358248 0.094979669575296 42.279457434038 41.89260489978
13 9 2 12.144149767115 0.04507627720809 0.04507627720809 0.044781739976924 0.044829142410061 2195.098504845 2195.0976387455 0.0 0.0 9.2196383987645 9.1560326667244 0.68719482421875 0.0 15.24515480829 0.0 0.09588623046875 0.0 2.127199414142 0.0
14 10 2 12.244481339108 0.04577099694308 0.04577099694308 0.045478430530063 0.045517131384478 2195.1048983778 2195.1058231501 9.2437257893417 9.10899087441 5779.0517503681 5705.6665889267 0.26451296 0.261154048 1381.3337751551 1403.6752592454 0.063225024 0.064247616 7160.4358630766 7109.4565059325 0.327740288 0.325406912
15 19 2 12.344869443512 0.045999007741068 0.045999007741068 0.04570170719826 0.045758892171265 2195.1072721947 2195.102852357 9.2069760484969 9.1568887836071 0.71484375 0.0 15.540416741681 0.0 0.10009765625 0.0 2.1760829453856 0.0 0.0 0.0 0.0 0.0 0.0 0.0 0.0 0.0 6649.6223945047 0.0 0.305876032 0.0 2782.8356802948 0.0 0.12800768 0.0 9432.4580747995 0.0 0.433883712 0.0 0.0 0.0
16 13 2 12.445245445861 0.045533391992254 0.045533391992254 0.04523416818091 0.04528824250368 2195.0970414818 2195.0923690649 9.2772950758083 9.1251637747984 206.0 206.0 0.7130126953125 0.0 15.659116620036 0.0 0.14544677734375 0.0 3.1942882131095 0.0 0.0 0.0 0.0 0.0 0.09906005859375 0.0 2.1755475324703 0.0
17 9 2 12.545592502724 0.045782878005758 0.045782878005758 0.045486407543291 0.045516980584284 2195.1081188738 2195.1025452273 9.2626878284785 9.1168337713448 0.18302487214974 0.18302130119786 8.6684392087891e-06 9.6146642132946e-06 4.7362083125494e-05 5.2533033862001e-05 118.0 60.0 1.0881657730182e-05 5.4422627622422e-06
18 8 2 12.645906576461 0.04565567962769 0.04565567962769 0.045353657634983 0.045389682125606 2195.103412802 2195.1070994478 9.2206115878761 9.1568817028461 0.090918967211913 0.090918891165741 1.24290760096e-05 1.2881523783769e-05 0.00013670498456753 0.00014168148795707 10.998805097172 10.998814296767
19 5 2 12.746212616577 0.045853601032152 0.045853601032152 0.045551272457672 0.045596683241409 2195.0965689613 2195.0995272854 9.2446187604113 9.1245099158665 5.9653916211293 6.0681003584229
20 6 2 12.846510521634 0.045816601095233 0.045816601095233 0.045514214555513 0.045560893328864 2195.1029685895 2195.1071533136 9.2303044835839 9.1309489224527 0.0 0.0 - -
21 7 2 12.946860215916 0.04605615422153 0.04605615422153 0.045757563499291 0.045802399612021 2195.1046764718 2195.1078598286 9.2113226883964 9.136380076862 8.6916108373359 8.7667604090077 91.308389162664 91.233239590992 21.875891415006 21.71555178496
22 7 2 13.047219741646 0.045373319172045 0.045373319172045 0.045079498355013 0.045117288974027 2195.0977679808 2195.0947205887 9.2347017458512 9.1210473308214 0.0096581640178976 0.0080514084753076 0.0076795909113259 0.0080113678106699 0.79513983165897 0.9950268745201
23 9 2 13.147559627122 0.045602672227609 0.045602672227609 0.04530717902285 0.045348541749746 2195.102883193 2195.1043605944 9.2347149131349 9.1196108657358 0.0 0.0 0.0 0.0 0.0 0.0 0.0 0.0 - -
24 6 2 13.247875459741 0.045406683601601 0.045406683601601 0.045111624230429 0.045146518851736 2195.1052392731 2195.1063636074 9.2272342025823 9.1338861973049 0.0 0.0 0.0 0.0
25 13 2 13.34846744963 0.045357937552328 0.045357937552328 0.039443920782488 0.045110295105602 2195.0978599946 2195.0990064438 9.258051901767 8.319446216867 0.10801408445433 0.12020030828165 348403416.0 398453820.0 8562596.0 10902396.0 4252007.0 5207465.0 13896.0 20380.0 1.2204263232597 1.3069180764787 0.0073231199317518 0.010000657039754 2.4576670625985 2.7361755497789 96.31458349421 95.946905716703
26 7 2 13.448857066564 0.045570459857188 0.045570459857188 0.045279547264906 0.04532880775568 2195.100491035 2195.0993603981 9.2699422677534 9.1280484095994 2.4593727751215 2.4976447855113 97.540627224879 97.502355214489 49.525702516145 49.093462048067
27 12 2 13.549233886766 0.045085474661322 0.045085474661322 0.044799323822888 0.044840297548685 2195.1098226071 2195.0983495882 9.2362003308074 9.1226859476226 90398346.0 90353102.0 92.343364335449 95.167343562814 93.088813815244 96.212289424219 99.938711268014 99.941650038756 91.379060804598 91.249868293139 84.382499045102 86.840075659147 85.063683778511 87.793587381414 91.32305573693 91.196624030354
1 7 2 13.649613530963 0.045821651316722 0.045821651316722 0.045529177285805 0.045549770342834 2195.0995489287 2195.0940344573 9.2332125852093 9.1365698737825 4.207090384604 4.3098790559083 95.792909615396 95.690120944092 41.054155047074 39.39480195335
2 10 2 13.749955020446 0.045400428789979 0.045400428789979 0.045102520065005 0.045139406788565 2195.1035717235 2195.1049007901 9.2654775527063 9.1144916937191 6252.9693125422 5916.3042984141 0.283887488 0.268602752 2992.2113869987 3137.5196181284 0.13584768 0.142444736 9245.1806995409 9053.8239165425 0.419735168 0.411047488
3 5 2 13.850219773915 0.045670724324453 0.045670724324453 0.045368473187908 0.045403643596957 2195.1048827887 2195.1073207592 9.2096984101288 9.1488492903935 1.0001334891381 1.0001309986463
4 6 2 13.950483732173 0.045471237858526 0.045471237858526 0.04515071363309 0.045209072855047 2195.0988860831 2195.0991552357 9.2129812462247 9.1326956129723 0.0 0.0 0.0 0.0
5 7 2 14.050781184377 0.045960398363047 0.045960398363047 0.045659214149194 0.045704950081696 2195.1072174952 2195.101905529 9.2108841182081 9.1535599057423 1.4009740961213 1.2400589410171 0.43046446611031 0.40021003201723 0.30726083180415 0.32273468524729
6 8 2 14.151136413433 0.045663508557846 0.045663508557846 0.045366966997389 0.045411669518356 2195.1101566955 2195.104902567 9.2263049254147 9.1320946472965 91.343753278778 91.239599662366 91.621489678359 94.795070463239 92.42753284198 95.951098653241 99.933130527543 99.935933716741
7 7 2 14.251463001321 0.045400406147308 0.045400406147308 0.045108242320988 0.045142059603978 2195.0998806006 2195.1050102345 9.2201072898506 9.1419855569545 0.0 0.0 0.0 0.0 - -
8 10 2 14.351734325694 0.045928849875759 0.045928849875759 0.045627286170729 0.045661969762336 2195.0993957035 2195.1003216845 9.223110474563 9.1420044420899 6640.0276258814 0.0 0.304968832 0.0 2780.926070335 0.0 0.127724736 0.0 9420.9536962164 0.0 0.432693568 0.0
9 19 2 14.452092625096 0.045938128842608 0.045938128842608 0.045641567356603 0.045697552720863 2195.1070273936 2195.1066493863 9.2382239173436 9.1604961997334 0.70684814453125 0.0 15.386959859707 0.0 0.09881591796875 0.0 2.1510653667961 0.0 0.0 0.0 0.0 0.0 0.0 0.0 0.0 0.0 6792.610318742 0.0 0.312039808 0.0 2795.1835922603 0.0 0.128405504 0.0 9587.7939110023 0.0 0.440445312 0.0 0.0 0.0
10 9 2 14.552440187344 0.045975255578488 0.045975255578488 0.045681629035585 0.045722674312225 2195.1056746752 2195.1018384733 9.2221095305015 9.1396492007515 0.0 0.0 0.0 0.0 0.0 0.0 0.0 0.0 - -
11 7 2 14.652777598429 0.045719169679047 0.045719169679047 0.045423931883625 0.045465468053386 2195.1030704977 2195.1029201373 9.2614929090132 9.1177693405244 9865196.0 10029256.0 13803090.0 14032627.0 13792662.0 14022896.0
12 10 2 14.753138021714 0.046015492511749 0.046015492511749 0.045722720050421 0.045765808148899 2195.1040343203 2195.1068092298 9.2131878592592 9.1478498641006 1040135.0 1048325.0 0.094912899972871 0.094892415133146 41.293573430372 41.02852455107 1040363.0 1048865.0 0.094933705100277 0.094941294921544 42.014656422806 41.740585299347
13 9 2 14.853489174184 0.045958085187709 0.045958085187709 0.045655865750908 0.045695177051751 2195.1015432186 2195.1019494385 0.0 0.0 9.2764877127583 9.1653465528198 0.7864990234375 0.0 17.113398441757 0.0 0.1007080078125 0.0 2.1913012128589 0.0
14 10 2 14.953830715292 0.045267062548149 0.045267062548149 0.044952670411052 0.045009684658312 2195.1010606239 2195.0983478638 9.2276303920052 9.1444224114668 5787.9024891734 5683.5786887285 0.262001344 0.257278912 1385.6524472575 1395.7118585461 0.062724416 0.063179776 7173.7585281702 7079.345686704 0.324734976 0.320461184
15 19 2 15.054224393417 0.045498088444296 0.045498088444296 0.045201157882738 0.045257523643882 2195.1109937591 2195.1109787081 9.2229556321152 9.1318594894254 0.67742919921875 0.0 14.889179356362 0.0 0.0958251953125 0.0 2.1061367320919 0.0 0.0 0.0 0.0 0.0 0.0 0.0 0.0 0.0 6654.8575193593 0.0 0.302783296 0.0 2784.5966354194 0.0 0.126693824 0.0 9439.4541547787 0.0 0.42947712 0.0 0.0 0.0
16 13 2 15.154599711957 0.045859400273219 0.045859400273219 0.04555517379 0.045614005338088 2195.1009615572 2195.1020322691 9.245843908819 9.1196152234907 206.0 206.0 0.6966552734375 0.0 15.191111730354 0.0 0.13360595703125 0.0 2.9133821252624 0.0 0.0 0.0 0.0 0.0 0.0980224609375 0.0 2.1374562326046 0.0
17 9 2 15.254953692949 0.045750212781903 0.045750212781903 0.045452162313807 0.045491157522954 2195.10236412 2195.0975110447 9.2388041772554 9.1206607294678 0.18298789813936 0.18295764606842 8.3764552019812e-06 7.8990748821404e-06 4.5776006430774e-05 4.3174335983675e-05 34.0 65.0 3.12966458096e-06 5.9016076705646e-06
18 8 2 15.355269211288 0.045793411376618 0.045793411376618 0.038298315262299 0.0455306341153 2195.1129374365 2195.1118812692 9.227184564956 8.0847464319025 0.090920021310514 0.090918769578792 1.3856416322684e-05 1.4876203052613e-05 0.00015240225555338 0.00016362081362882 10.998677580428 10.998829005637
19 5 2 15.45558278598 0.046081747686169 0.046081747686169 0.045780686648452 0.045820372911938 2195.1053257166 2195.0998820938 9.2421188983892 9.1703635500812 6.041935483871 6.1378763866878
20 6 2 15.555892647273 0.045825774094379 0.045825774094379 0.045530503693511 0.045564688240635 2195.0996033396 2195.098436482 9.2176667280314 9.1454794768826 0.0 0.0 - -
21 7 2 15.656258630693 0.046195797011946 0.046195797011946 0.045889613296192 0.045938198129643 2195.0976398485 2195.1097579879 9.3636105999679 9.2574618594475 8.4837323837272 8.5821792700191 91.516267616273 91.417820729981 22.050062449965 21.828109983512
22 7 2 15.756619551211 0.045599890801821 0.045599890801821 0.045307125133291 0.045342933159974 2195.1062918821 2195.101505729 9.2197262394248 9.1490303380294 0.0095576009642986 0.008081046083272 0.0076512038608991 0.0080416560957046 0.80053602253112 0.99512563260233
23 9 2 15.856955586528 0.046165864305708 0.046165864305708 0.045867226486714 0.045909176111659 2195.0965513854 2195.102315836 9.2124775338538 9.160763338209 0.0 0.0 0.0 0.0 0.0 0.0 0.0 0.0 - -
24 6 2 15.957273125498 0.04582206522476 0.04582206522476 0.045506774626457 0.045570482953169 2195.1056791484 2195.1122382295 9.2379074697646 9.1171592090921 0.0 0.0 0.0 0.0
25 13 2 16.057623836889 0.046125015114606 0.046125015114606 0.045830296742076 0.045863190656915 2195.1070615344 2195.1075551901 9.2333076810437 9.1213471520697 0.10830354998925 0.10963292848394 404813508.0 405104056.0 9973114.0 10102912.0 4942867.0 4872002.0 13248.0 13684.0 1.2210232371989 1.2026544607097 0.0060005408712794 0.0062216113679198 2.4636317224869 2.4939054177231 96.309344499443 96.297218510199
26 7 2 16.157993212181 0.045841238133421 0.045841238133421 0.045541356326042 0.04558515812153 2195.0996953762 2195.0969668241 9.2372764779846 9.1285825168092 2.4672478338037 2.4965295513482 97.532752166196 97.503470448652 49.316242148223 49.033042062936
27 12 2 16.258371554876 0.045920276454559 0.045920276454559 0.04562198144561 0.045665633346612 2195.1071928009 2195.1092012797 9.2023525409801 9.1535367782144 92005956.0 92037396.0 92.161967210036 95.149781291074 92.913379433827 96.18826786451 99.935892193762 99.938503257958 91.327057142053 91.270935540865 84.168812457149 86.84409554945 84.855055128143 87.791931960491 91.268509369217 91.214806889076
1 7 2 16.358749915686 0.045975310826607 0.045975310826607 0.045677382176087 0.045724240732251 2195.1006118771 2195.1054620518 9.2768433808695 9.1529008231604 4.1860073990657 4.298986001491 95.813992600934 95.701013998509 41.28606880053 39.510383951254
2 10 2 16.459093250094 0.043539236501456 0.043539236501456 0.043253992728433 0.043291727193622 2195.1031623677 2195.0971344835 9.2590292525915 9.1804514780121 6246.7976440263 5873.0878294443 0.2719808 0.25570976 3011.8437192994 3120.6323977559 0.131133376 0.135869952 9258.6413633257 8993.7202272002 0.403114176 0.391579712
3 5 2 16.559406282267 0.045882416096116 0.045882416096116 0.045579541833249 0.045616555808625 2195.1057223427 2195.1051875199 9.2372446429992 9.1177980074904 1.0001335207841 1.0001314383639
4 6 2 16.659720039006 0.045796626635995 0.045796626635995 0.045498266869004 0.0455440942779 2195.1008307069 2195.109895809 9.2622064403516 9.1246017737975 0.0 0.0 0.0 0.0
5 7 2 16.760021540626 0.045829899589157 0.045829899589157 0.045531054363286 0.045569594454732 2195.102191798 2195.0993637509 9.2175179312512 9.1572455195534 1.4003031049787 1.2384440242209 0.43047498609249 0.4000766230528 0.30741557635768 0.32304780452592
6 8 2 16.860376695414 0.04550382519159 0.04550382519159 0.045211937153013 0.04525585352042 2195.113554201 2195.1042966805 9.2264875805764 9.1263197038516 91.329379183776 91.215918806327 91.675182720935 94.821476745657 92.517665360019 96.004436088781 99.93744660282 99.943422156508
7 7 2 16.960707033834 0.045689454342457 0.045689454342457 0.045371793962135 0.045432208232973 2195.1112599998 2195.1087518316 9.2405668947751 9.1251609591231 0.0 0.0 0.0 0.0 - -
8 10 2 17.060966714439 0.045170949841161 0.045170949841161 0.044874844831409 0.044901927730991 2195.0987024942 2195.1006057928 9.2380204137225 9.1249225696059 6654.4474503411 0.0 0.300587712 0.0 2781.7425234991 0.0 0.125653952 0.0 9436.1899738402 0.0 0.426241664 0.0
9 19 2 17.161323955976 0.045618418847194 0.045618418847194 0.045324687695144 0.045379373370049 2195.1024043263 2195.1052706334 9.2391713749384 9.1193631820766 0.6866455078125 0.0 15.051935712909 0.0 0.095947265625 0.0 2.1032571502838 0.0 0.0 0.0 0.0 0.0 0.0 0.0 0.0 0.0 6656.6445675633 0.0 0.3036656 0.0 2784.6211949061 0.0 0.127030016 0.0 9441.2657624694 0.0 0.430695616 0.0 0.0 0.0
10 9 2 17.261668393535 0.045636118170783 0.045636118170783 0.045344269077602 0.045383774652568 2195.1060304625 2195.1078195651 9.231626890416 9.1266679580213 0.0 0.0 0.0 0.0 0.0 0.0 0.0 0.0 - -
11 7 2 17.361982310584 0.043726833753344 0.043726833753344 0.043446987087542 0.04348644149007 2195.098991111 2195.0961910517 9.2380689051935 9.1410850849181 9459579.0 9568741.0 13235622.0 13388157.0 13225972.0 13378493.0
12 10 2 17.462352142352 0.045452102989553 0.045452102989553 0.045157695727325 0.045202972919299 2195.1061107538 2195.106620243 9.246841715798 9.1648606229836 1024072.0 1033563.0 0.094961990055656 0.094897218850039 41.413143802389 41.118937113654 1024382.0 1034333.0 0.094990736293145 0.09496791687088 42.166411553502 41.894737961566
13 9 2 17.5626972447 0.045251633831675 0.045251633831675 0.044951485293617 0.045012529936434 2195.1079051592 2195.1058240872 0.0 0.0 9.2271795420003 9.1217342658164 0.68817138671875 0.0 15.207658341765 0.0 0.0960693359375 0.0 2.1230025924557 0.0
14 10 2 17.663027374808 0.045622451959871 0.045622451959871 0.045307279103459 0.045367111457634 2195.0976994005 2195.0991114888 9.2158857451835 9.1513994537875 5794.2390345989 5679.6778969249 0.264347392 0.259120832 1386.4499886073 1395.6679061443 0.063253248 0.063673792 7180.7942345615 7075.4930989665 0.32760544 0.322801344
15 19 2 17.763421136257 0.045525182665214 0.045525182665214 0.045228880211368 0.045283806804301 2195.1016992474 2195.1062129731 9.233934599635 9.1357436679154 0.70892333984375 0.0 15.572114121037 0.0 0.09820556640625 0.0 2.1571701782822 0.0 0.0 0.0 0.0 0.0 0.0 0.0 0.0 0.0 6695.0043504799 0.0 0.304791296 0.0 2784.8414564819 0.0 0.126780416 0.0 9479.8458069619 0.0 0.431571712 0.0 0.0 0.0
16 13 2 17.863801005068 0.045888970696711 0.045888970696711 0.045587104032733 0.045650009903161 2195.1029210185 2195.1087237818 9.2415023204199 9.1219061906185 206.0 206.0 0.70965576171875 0.0 15.464625833711 0.0 0.145751953125 0.0 3.1761870208051 0.0 0.0 0.0 0.0 0.0 0.098388671875 0.0 2.1440592452001 0.0
17 9 2 17.964159126952 0.042921492793068 0.042921492793068 0.042621125979632 0.042682667855519 2195.0987155152 2195.1008068543 9.2411143322132 9.1827509558797 0.18309512178957 0.18308337648533 6.3822005336502e-06 1.2470644055181e-05 3.4857294237392e-05 6.8114562308062e-05 413.0 205.0 4.0551520313808e-05 1.9972515869625e-05
18 8 2 18.064474522115 0.045772131793784 0.045772131793784 0.045475922627749 0.045511791789645 2195.1057873675 2195.0979754907 9.219440775183 9.1288773411926 0.090918789176787 0.090918851495128 1.2761317819978e-05 1.2898507097721e-05 0.00014035952233332 0.00014186834617475 10.998826634785 10.998819095879
19 5 2 18.164779445495 0.045935577466365 0.045935577466365 0.045628443664104 0.045681149916653 2195.1072630528 2195.1105132296 9.2203110198291 9.1180179827577 6.2218597063622 6.2745098039216
20 6 2 18.265084060029 0.045729221213853 0.045729221213853 0.038239535339502 0.045473797839439 2195.1003777679 2195.1051782389 9.2537869912879 8.0722485917036 0.0 0.0 - -
21 7 2 18.365438624296 0.0460231493576 0.0460231493576 0.045730267758595 0.04577446217801 2195.0985584913 2195.1027542248 9.2337114690877 9.1252465249974 8.6386005272934 8.7675552142904 91.361399472707 91.23244478571 21.84329365148 21.704666024596
22 7 2 18.465792400599 0.045896147517922 0.045896147517922 0.045600405696631 0.045635737321502 2195.1052726648 2195.1074841531 9.2687209183842 9.1177588464623 0.0095748851868755 0.0080012253072841 0.0077023896379281 0.0079608742789118 0.80443676217506 0.9949568938728
23 9 2 18.566135395367 0.046017650811212 0.046017650811212 0.045715078148734 0.045759749422814 2195.0990232085 2195.1082145197 9.2133883106212 9.1439810901043 0.0 0.0 0.0 0.0 0.0 0.0 0.0 0.0 - -
24 6 2 18.666451659102 0.045771304883415 0.045771304883415 0.045470954372731 0.04550988527669 2195.105862474 2195.1058970978 9.227462529984 9.1243517242788 0.0 0.0 0.0 0.0
25 13 2 18.766804702688 0.046845462358852 0.046845462358852 0.046540966880703 0.04658806861916 2195.1103446252 2195.1070394732 9.2422292712445 9.1392650793377 0.10819900379569 0.10941798835235 411090772.0 411506816.0 10118456.0 10242846.0 5008138.0 4946903.0 14220.0 14036.0 1.2182560011345 1.2021436359392 0.0063985868308423 0.0063340384621965 2.4613678265685 2.4891072521141 96.313977585466 96.302415073484
26 7 2 18.867177479815 0.045513643959732 0.045513643959732 0.045218805128183 0.045258669815922 2195.1051747614 2195.1043001377 9.2175155105202 9.1388956962987 2.4730216354191 2.4943481960309 97.526978364581 97.505651803969 49.28822805952 49.080038438758
27 12 2 18.96756368314 0.045839031831494 0.045839031831494 0.045032983514605 0.045581581937967 2195.1035383758 2195.1002574209 9.4114391269635 9.2187570551717 91030931.0 91963638.0 93.007751398258 95.189127902922 93.847739511749 96.214126500737 99.81328324545 99.812286677915 91.541058193352 91.365958446228 85.140279831808 86.970459045111 85.909213839595 87.906958838065 91.370135700412 91.194452370374
1 7 2 19.067958232554 0.045302961145518 0.045302961145518 0.044570651406032 0.04506062342391 2195.1129522998 2195.1103738912 9.2875492218352 9.1526569478637 4.1846134438322 4.3087734696763 95.815386556168 95.691226530324 41.446577060743 39.62123990654
2 10 2 19.168282373222 0.045303952894537 0.045303952894537 0.044672635357785 0.045039506415459 2195.1057785039 2195.1025306502 4.9864752476038 14.292502629445 12882.854292178 0.5325804584021 0.583644224 2.4128e-05 6620.558534886 0.093236897226894 0.299937472 4.224e-06 19503.412827064 0.625817355629 0.883581696 2.8352e-05
3 5 2 19.268549622819 0.045273482198421 0.045273482198421 0.040754084183291 0.045008973225568 2195.0957237639 2195.1060673029 4.9960069797774 14.217547556825 1.0001346608059 inf
