1 7 1 0.1006164083658 0.10062302304722 0.0014931501923316 2195.9040041354 1.5195392984659 30.993256387412 69.006743612588 10.33804743489
2 10 1 0.20108773852361 0.078108375872652 1.7043992202101e-05 2197.1892250443 6.0821076450622 0.93408676322952 7.296e-05 0.052439958637447 4.096e-06 0.98652672186696 7.7056e-05
3 5 1 0.30118955511166 0.077775964125294 1.6360511356154e-05 2188.9691621978 5.9311986863711 1.984555984556
4 6 1 0.40161248268689 0.077986997102567 7.0476885108872e-05 2191.3667430895 12.292621267183 0.0 0.0
5 7 1 0.50187659540265 0.077832718852876 7.541389055673e-05 1786.9709925523 6.7584023380419 0.75868647507712 0.31596038317909 0.41645711839923
6 8 1 0.60234397233262 0.07788015486944 1.6360058419874e-05 2194.4501018468 6.928831766737 84.280177187154 43.419158361019 41.281838316722 56.550387596899
7 7 1 0.70243863524507 0.077523944038206 0.00011222402200145 2193.2809543944 4.8785146097503 460.0 0.0090572576199102 64.65652173913
8 10 1 0.80290099907629 0.077759893946093 1.6745507193831e-05 2190.6915776338 7.0920774985613 648.34080194284 0.050414912 40.632154182082 0.003159552 688.97295612492 0.053574464
9 19 1 0.9033673215706 0.077771358669203 1.7064827270963e-05 2205.2406817847 5.8195860364535 0.8770751953125 11.277611839638 0.04949951171875 0.63647482268239 9.0007428438716e-05 0.0 0.0 9.0007428438716e-05 583.93692455811 0.045413568 33.720177259015 0.002622464 617.65710181712 0.048036032 1.4572394322662e-07
Warning: Sanitizing vector length to a multiple of the loop stride 4096 and thread count 1 from 62500000 elements (500000000 bytes) to 62496768 elements (499974144 bytes)
10 9 1 1.0038373943773 0.077367485353265 1.6917170043807e-05 2191.5044774056 7.1647803568003 9.0477284715117e-05 0.0 0.0 9.0477284715117e-05 0.0
11 7 1 1.1039085870376 0.047097591635121 0.014862395623389 2195.3811239577 0.6114793496479 53593988.0 68151229.0 61846437.0
12 10 1 1.2039820307912 0.060523158333718 0.019209336068291 2194.8354973179 0.61127879329479 45.0 6.4859948130202e-07 76.866666666667 169303.0 0.0024402186218417 30.275612363632
13 9 1 1.304050696973 0.060230162007286 0.019134675410767 2195.0336452586 0.0 0.6118162123727 0.8946533203125 14.853908581622 0.0614013671875 1.0194454927761
14 10 1 1.4041231542314 0.060537234687416 0.019216809063968 2194.7191009342 0.61130395593259 4.8092054667393 0.000291136 4.4571576715262 0.000269824 9.9165414987941 0.00060032
15 19 1 1.5041991027226 0.059777769251202 0.017377197493821 2194.680141299 0.61156758758366 0.88995361328125 14.88770197398 0.05902099609375 0.98734022418482 0.0 0.0 0.0 0.0 814.85596753045 0.048710272 2130.6981775242 0.127368384 2945.5541450547 0.176078656 0.0
Running without Marker API. Activate Marker API with -m on commandline.
16 13 1 1.6042700915616 0.059830345188668 0.029264004222623 2194.7794830128 1.1161082903979 204.0 0.89837646484375 15.015398323557 0.18426513671875 3.0797939764127 0.0 0.0 0.07781982421875 1.3006748327016
17 9 1 1.7043325081286 0.059665001705665 0.059232386412326 2194.7043786936 4.8490538235042 0.18250008889831 3.2073842365111e-05 0.00017574699584384 2672.0 9.9076655259626e-05
18 8 1 1.8043818384605 0.059847371063419 0.059411932165312 2194.7035839024 4.9573380312617 0.090935865568602 1.1753639187464e-05 0.00012925196361162 10.996761220089
19 5 1 1.904438351456 0.059579828850028 0.059145189384455 2194.6996817494 4.9769450538393 6.4528437724982
20 6 1 2.0044932936685 0.059578551569719 0.059144960198697 2194.7111593333 4.9476987405687 1.0 8.0
21 7 1 2.1045436576011 0.05959881956236 0.059151103826394 2194.7008852164 4.9394932421162 14.946230843354 85.053769156646 17.815303685686
22 7 1 2.2045931509901 0.059536924008005 0.059105151629082 2194.701883762 4.9400558387453 0.0031158065057012 0.0029646354608676 0.95148253123002
23 9 1 2.3046423372883 0.059526477485652 0.059087385203514 2194.7097207407 4.939425080257 0.0 0.0 0.0 0.0 -
24 6 1 2.4046904120809 0.059288566363674 0.058860153866072 2194.7009747387 4.9482274915104 0.0 0.0
25 13 1 2.5047401165382 0.054592849130702 0.054171059467374 2194.6903318187 4.9540853855898 0.20185360609826 478398944.0 21961100.0 104858.0 31468.0 0.021918526642902 0.014478919920024 4.5905410694218 95.373061484015
26 7 1 2.6048014052939 0.05892333666524 0.058497404899642 2194.7005537896 4.9440485338723 4.609368449433 95.390631550567 50.086246191649
27 12 1 2.7048527212985 0.059055527024319 0.058630334903666 2194.7038380512 4.9396726455998 110256720.0 98.473993240503 98.88138337509 99.954301198149 85.176502303728 83.876703121069 84.223703788442 85.137577662716
1 7 1 2.8049036396251 0.058765353396781 0.05834206134382 2194.7017802579 4.9493397200174 7.6519623027172 92.348037697283 33.332313346638
2 10 1 2.9049522226122 0.059000841309663 0.058573114557589 2194.7048035594 4.9427784542168 12182.49313137 0.718777344 6747.3391762432 0.398098688 18929.832307613 1.116876032
3 5 1 3.00499959173 0.058781722513927 0.058352790951348 2194.701823475 4.9418279851684 1.0001387366566
4 6 1 3.1050471601399 0.05902766691376 0.058589025303219 2194.6987631526 4.938491601718 0.0 0.0
5 7 1 3.2050996220733 0.059106142653567 0.058680124830076 2194.7038339743 4.9438035488406 1.4507654800615 0.46421936511382 0.31998236206594
6 8 1 3.3051504371304 0.059023862249011 0.058598011559007 2194.7079803052 4.947668393069 85.076230989635 98.322975117526 98.83937323488 99.952055918164
7 7 1 3.405203573033 0.059186888510007 0.05875836594889 2194.6989577391 4.9754761717653 7.0 2.6847267467858e-07 87.428571428571
8 10 1 3.5052568801455 0.058896723035322 0.058468640275332 2194.7014576735 4.9446899398959 7202.5771577409 0.424208192 2583.7574682846 0.152174848 9786.3346260254 0.57638304
9 19 1 3.6053165600714 0.05901658084538 0.058589305670776 2194.7061621769 4.9454146157691 0.898193359375 15.219339150267 0.12750244140625 2.1604511745657 0.00011861073447036 0.0 0.0 0.00011861073447036 7151.6519926119 0.422066048 2576.0028422911 0.15202688 9727.6548349029 0.574092928 1.2193147935799e-08
10 9 1 3.7053687239727 0.058990883052619 0.058565345794521 2194.6992951809 4.941501107296 0.00011866240404905 0.0 0.0 0.00011866240404905 0.0
11 7 1 3.8054240910394 0.059016528304771 0.058587239375469 2194.6985849328 4.9515838655734 23803894.0 33299209.0 33260182.0
12 10 1 3.9054767857821 0.058902821369391 0.053412495827291 2194.7075508683 4.9454062227214 2297099.0 0.096333185226221 37.704599148752 2203401.0 0.092403782623492 39.745391782976
13 9 1 4.0055207696542 0.058934024149694 0.058506089046931 2194.7124371198 0.0 4.9439715156486 0.8924560546875 15.143307581044 0.12713623046875 2.1572636911035
14 10 1 4.1055381226848 0.059002480938995 0.05855806439089 2194.7011838156 4.9386279045497 10541.782075962 0.621991296 2582.2230790181 0.152357568 13124.821934194 0.774397056
15 19 1 4.205564328808 0.058526941327278 0.0580959448282 2194.7102349395 4.9730770628047 0.9229736328125 15.770064381996 0.12982177734375 2.2181541423427 0.0 0.0 0.0 0.0 7709.8540563864 0.451234176 2610.42666053 0.152780288 10320.280716916 0.604014464 0.0
16 13 1 4.305628251841 0.058297493772621 0.057868619732949 2194.7087821545 4.943848511913 204.0 0.881103515625 15.113917573568 0.17169189453125 2.9450990672241 0.0 0.0 0.12554931640625 2.1535971494063
17 9 1 4.405687632829 0.058524153051541 0.058095211071427 2194.6950342131 4.949015512262 0.18274339129237 2.7086488198606e-05 0.00014822143776061 2816.0 0.00010865463072261
18 8 1 4.505735385131 0.058689780072654 0.058263314748118 2194.7001372077 4.9404708189845 0.090935382238642 1.1138026728806e-05 0.00012248287140397 10.996819668891
19 5 1 4.6057897811023 0.058385046355471 0.057958918015527 2194.7055195066 4.9503223929821 6.5059856344773
20 6 1 4.7058373730648 0.058656451209455 0.058228805532974 2194.6999789482 4.9485629040891 1.0 8.0
21 7 1 4.8058873112373 0.059072479523393 0.058640972565129 2194.7035400739 4.9561354475982 14.79180237859 85.20819762141 17.690740588694
22 7 1 4.9059411138621 0.059196313208113 0.058762661596566 2194.7046866839 4.9775097478694 0.0031679769623151 0.0030401297671629 0.95964389998003
23 9 1 5.0059993706623 0.058919721327856 0.058487467477667 2194.699149578 4.9613203987404 0.0 0.0 0.0 0.0 -
24 6 1 5.1060507301488 0.059148374432278 0.058706721701351 2194.7039657395 4.940509114661 0.0 0.0
25 13 1 5.2061009138127 0.058972824483151 0.05854145838807 2194.709115769 4.9363388799595 0.20257928483391 516995092.0 23814843.0 91781.0 29868.0 0.017752779749793 0.01261365939621 4.6063963407993 95.363237220055
26 7 1 5.3061519489968 0.058921403533198 0.058491930711766 2194.698759226 4.9406713175651 4.6122909405861 95.387709059414 50.018308313312
27 12 1 5.4062042723317 0.054676254628977 0.054276573691329 2194.7041907655 4.9481932542565 102108908.0 98.445933825871 98.851524296 99.948988779706 85.209558673688 83.885345745216 84.230947594835 85.166092238001
1 7 1 5.5062563039756 0.058772120264799 0.058343931517719 2194.7051281898 4.9571498853118 7.6301904152751 92.369809584725 33.369526276984
2 10 1 5.6063171878062 0.058750286018503 0.058319714373656 2194.7041385613 4.9389288234809 12162.245878683 0.714535424 6725.7996986696 0.395142656 18888.045577353 1.10967808
3 5 1 5.7063657037588 0.058753178469585 0.058324841612342 2194.7006760615 4.9453453801053 1.0001386907027
4 6 1 5.8064137848925 0.058858882020905 0.058429666467279 2194.7063083319 4.9517504152978 0.0 0.0
5 7 1 5.9064621867051 0.058633791713258 0.058205976638608 2194.6982266768 4.9488643514269 1.4524382077875 0.46452981354777 0.31982759132687
6 8 1 6.0065144448171 0.058653996294819 0.058226525904678 2194.6968040709 4.9418818810153 85.128151354308 98.32798666018 98.839719288769 99.951711140252
7 7 1 6.1065634753053 0.05881293254121 0.058363859355213 2194.7052608218 4.9421829794885 40.0 1.5341644618166e-06 50.25
8 10 1 6.2066136145814 0.058796716516527 0.05836722965407 2194.7011544751 4.9443218656297 7174.7788821068 0.42185344 2576.4486348046 0.15148672 9751.2275169114 0.57334016
9 19 1 6.3066659424457 0.058987089258341 0.058549926484754 2194.697363421 4.9382107603301 0.89508056640625 15.174177564282 0.12744140625 2.1604966078569 0.00011867003590129 0.0 0.0 0.00011867003590129 7175.0708387455 0.423236544 2580.6346764004 0.152224128 9755.7055151458 0.575460672 1.2164167493274e-08
10 9 1 6.4067190774424 0.058867752325005 0.058437636786992 2194.7038414412 4.9490780229335 0.0001189106042533 0.0 0.0 0.0001189106042533 0.0
11 7 1 6.5067778723309 0.058872528085137 0.058416990139621 2194.7000465873 4.9570786014266 23709497.0 33166605.0 33128673.0
12 10 1 6.6068363836812 0.058688036267978 0.058260538248724 2194.6954113207 4.9373416543747 2509044.0 0.096308379165696 37.665562261961 2406922.0 0.092388478080996 39.708944452708
13 9 1 6.7068883908666 0.058847682718455 0.058418261078822 2194.7088893458 0.0 4.9425424088058 0.89239501953125 15.164488698743 0.12689208984375 2.1562801453175
14 10 1 6.8069478715006 0.058703425231014 0.053209355264691 2194.7039893271 4.9445942991677 9617.9627982203 0.56460736 2356.5082183129 0.138335104 11975.421693598 0.702998272
15 19 1 6.9070032784257 0.059106054783928 0.05867583642938 2194.6983679774 4.946020623587 0.89654541015625 15.168419097396 0.12713623046875 2.1509848852798 0.0 0.0 0.0 0.0 7166.4579466261 0.423581056 2576.3857959507 0.15228 9742.8437425768 0.575861056 0.0
16 13 1 7.0070574923166 0.058972001950867 0.058540316988645 2194.7067010905 4.9474380427865 204.0 0.89349365234375 15.151150084546 0.17095947265625 2.8989938784626 0.0 0.0 0.12677001953125 2.1496645075212
17 9 1 7.1071106889127 0.059152988947095 0.058707139761537 2194.7072061428 4.9384508807191 0.18272664589575 2.6899340116514e-05 0.00014721082404074 4674.0 0.00017808429986485
18 8 1 7.2071584058856 0.059045855023004 0.058616407113067 2194.6988191635 4.9461024378696 0.090935281450022 1.1236430004264e-05 0.00012356513143295 10.996831857276
19 5 1 7.3072061572817 0.058919156063379 0.058490190983516 2194.7018685145 4.9475709274101 6.4899224806202
20 6 1 7.4072571643838 0.059044070454063 0.058614555509556 2194.7070388342 4.946179093737 1.0 8.0
21 7 1 7.5073062745887 0.058848252512295 0.058418648792277 2194.7001123014 4.9472384098705 14.905457405203 85.094542594797 17.800793107587
22 7 1 7.6073654753081 0.058869008770245 0.058438131393409 2194.6990818467 4.9502787999789 0.0031236814962282 0.0029772852942845 0.95313344138304
23 9 1 7.7074165702798 0.058820046358418 0.058390800005125 2194.7089724887 4.9461008524452 0.0 0.0 0.0 0.0 -
24 6 1 7.8074670021528 0.058972974857996 0.058541737849754 2194.6978518025 4.9436737908052 0.0 0.0
25 13 1 7.9075170780179 0.058758341943173 0.058327489477832 2194.7005563758 4.9479381389626 0.20210438609276 515105476.0 23673549.0 101088.0 32328.0 0.01962471856929 0.013888611815107 4.5958643623505 95.370622307265
26 7 1 8.0075776348285 0.058746701480786 0.058313766414432 2194.7047747777 4.9645040048864 4.591319140139 95.408680859861 50.280322324746
27 12 1 8.1076350410143 0.058793141943408 0.05834465938632 2194.6997864096 4.9398303693801 109576835.0 98.443357120143 98.856044710545 99.954969496974 85.065753231686 83.741583240808 84.092639048077 85.027447695103
1 7 1 8.2076865182643 0.058810071795668 0.058383392232272 2194.7014462269 4.9429054007675 7.6541768197733 92.345823180227 33.349164769009
2 10 1 8.3077363368615 0.058594995909163 0.053407351829964 2194.7038349961 4.9398824116915 11183.690310618 0.655308288 6192.6314759458 0.362857216 17376.321786564 1.018165504
3 5 1 8.4077846779807 0.058875149680324 0.058445228904911 2194.7011725156 4.9457133059392 1.0001387315216
4 6 1 8.5078314854576 0.058992623233806 0.058561744498162 2194.696282897 4.9440902235479 0.0 0.0
5 7 1 8.6078897531282 0.058690168691982 0.058264471547376 2194.7015832554 4.9476863242574 1.4529222957711 0.46444487547882 0.3196625702769
6 8 1 8.707941493987 0.058874403241335 0.058444830320985 2194.706426382 4.9459643102936 85.127286275066 98.29371677405 98.812933836253 99.95363676688
7 7 1 8.8079903777238 0.058716269598031 0.058287190831162 2194.6976455788 4.9475349232328 11.0 4.2290764615871e-07 69.272727272727
8 10 1 8.9080362766106 0.058852337091664 0.058422098354983 2194.7052121465 4.9433048461655 7203.9486781919 0.423969216 2581.6281138225 0.151934848 9785.5767920144 0.575904064
9 19 1 9.0080884006535 0.05902514315281 0.058593199563972 2194.7030650307 4.9326246065974 0.89300537109375 15.129236853892 0.12713623046875 2.1539334540809 0.00011859352855575 0.0 0.0 0.00011859352855575 7158.1384039369 0.422510144 2585.4094009552 0.15260416 9743.5478048921 0.575114304 1.2171493477582e-08
10 9 1 9.1081395228014 0.059227827608577 0.058783728568803 2194.6978595925 4.9371154090641 0.00011818768782575 0.0 0.0 0.00011818768782575 0.0
11 7 1 9.2081941099118 0.058941464986895 0.05851506896161 2194.7027838768 4.9488383912811 23780974.0 33269669.0 33236485.0
12 10 1 9.3082450228031 0.058787272795097 0.058357162692319 2194.7073381029 4.9398474620083 2512886.0 0.096345018690555 37.671264832547 2410837.0 0.092432420660898 39.696858808787
13 9 1 9.4082960199406 0.058945867527533 0.058513912615289 2194.695146442 0.0 4.9507417358497 0.89141845703125 15.122662443044 0.126708984375 2.1495821452762
14 10 1 9.5083522711389 0.058816834134323 0.058386626650245 2194.7000190265 4.9832377768022 10448.816993388 0.614566336 2559.5567360221 0.150545024 13009.149561715 0.765156992
15 19 1 9.6084164867688 0.058729080447764 0.058300465487645 2194.7108522691 4.9522325475887 0.8927001953125 15.20030942944 0.12774658203125 2.1751844411198 0.0 0.0 0.0 0.0 7162.4335472805 0.420643136 2572.4414352848 0.15107712 9734.8749825652 0.571720256 0.0
16 13 1 9.7084700149142 0.058647978583408 0.058218184630153 2194.6977870659 4.9425510683959 204.0 0.89385986328125 15.241102675176 0.17083740234375 2.912929080766 0.0 0.0 0.127685546875 2.1771517102402
17 9 1 9.8085317593237 0.053396449653628 0.053006557574853 2194.7043064738 4.9511553053772 0.18283140026901 3.2449605487681e-05 0.0001774837661361 5719.0 0.00024195475069628
18 8 1 9.9085807870942 0.058574472460461 0.058145042215039 2194.7044109252 4.944712353176 0.090935426820613 1.120878244697e-05 0.00012326089884728 10.996814277594
19 5 1 10.008626842697 0.058811888070149 0.058384290857851 2194.6962985893 4.9480377212623 6.5157813702848
20 6 1 10.108672801371 0.059072186926556 0.05862673315437 2194.7039137446 4.9505376298026 1.0 8.0
21 7 1 10.208722628121 0.058998391830263 0.058566835954881 2194.7070170025 4.9497334382347 14.799789106053 85.200210893947 17.671199262534
22 7 1 10.308771816231 0.059049922390795 0.058610804291289 2194.6999667456 4.946754767576 0.0031304887668843 0.0029694889417561 0.94857038720878
23 9 1 10.408820753415 0.058878049378386 0.058449213838299 2194.6999311661 4.9506399630175 0.0 0.0 0.0 0.0 -
24 6 1 10.508867926864 0.05897342235904 0.058522556904185 2194.7070858293 4.949976622979 0.0 0.0
25 13 1 10.608922757654 0.058809468484544 0.058380059527126 2194.6991786479 4.9491554436668 0.20205467607199 515569736.0 23689199.0 99275.0 32772.0 0.019255397101121 0.014027976227061 4.5947613573656 95.371955269306
26 7 1 10.708973117057 0.058996994974777 0.058565117514636 2194.6938450983 4.940198201652 4.612779971522 95.387220028478 50.060369971401
27 12 1 10.809024142277 0.058771609352675 0.058341883339862 2194.7044335209 4.948439713127 109608227.0 98.470738879847 98.858731653419 99.954694094267 85.094171992908 83.792859905105 84.123019143168 85.055619307561
1 7 1 10.909075997276 0.05864196902485 0.058215587040589 2194.7060486924 4.9438135435679 7.6494163677485 92.350583632252 33.297538540517
2 10 1 11.009127912062 0.058533078613867 0.058100369562716 2194.6974338121 4.9701706295089 12122.01102014 0.709538624 6766.294228477 0.396052032 18888.305248617 1.105590656
3 5 1 11.109184025568 0.058941855417968 0.058494568612659 2194.7044827641 4.9467231531861 1.0001389588892
4 6 1 11.209231671883 0.058878712477099 0.053385718687376 2194.7068085255 4.9379335978498 0.0 0.0
5 7 1 11.309280029307 0.05868333297765 0.058254901456724 2194.6968463401 4.9437780255678 1.4524342616568 0.4649412607815 0.32011174140931
6 8 1 11.40933020663 0.058871728199667 0.058443188879907 2194.7085627609 4.9386019792252 85.155077106102 98.337311577086 98.868986665087 99.953003837534
7 7 1 11.509377803122 0.058678720274578 0.058251458235126 2194.701334182 4.9456292104767 10.0 3.8454915341888e-07 69.4
8 10 1 11.609428327394 0.058804358457437 0.058373386869855 2194.6959276422 4.9397136448148 7194.2215695833 0.423051584 2582.9410605668 0.151888192 9777.1626301501 0.574939776
9 19 1 11.709481966962 0.05865321090331 0.05821771991753 2194.7099378253 4.948234111566 0.88494873046875 15.087813895263 0.1256103515625 2.1415767291848 0.00011934555486723 0.0 0.0 0.00011934555486723 7158.651359977 0.419877888 2575.017150365 0.151033024 9733.668510342 0.570910912 1.2261107386226e-08
10 9 1 11.809535104676 0.058799816412425 0.058371604112658 2194.7098848644 4.9404855457931 0.00011904799074374 0.0 0.0 0.00011904799074374 0.0
11 7 1 11.909584522878 0.058714837413515 0.058287870688518 2194.6998489901 4.9441259043642 23717748.0 33178274.0 33140363.0
12 10 1 12.009634952939 0.058891403751654 0.058462166004151 2194.7041043507 4.9443850244027 2515166.0 0.096347653633624 37.694581987829 2412662.0 0.092421065930045 39.689546235652
13 9 1 12.109686018923 0.0587220246064 0.058278874921068 2194.707382465 0.0 4.9515008274113 0.900146484375 15.328941575303 0.12774658203125 2.1754458039808
14 10 1 12.20973783044 0.058602845294889 0.058177471546787 2194.694860899 4.9428070076061 10536.445131511 0.617465664 2580.6583151209 0.15123392 13117.894124964 0.76874592
15 19 1 12.309789246996 0.058799067255818 0.058372483261977 2194.7040037443 4.9477420337663 0.89447021484375 15.21231979671 0.127685546875 2.1715573534436 0.0 0.0 0.0 0.0 7169.8726472278 0.421581824 2576.1388244643 0.15147456 9746.0114716921 0.573056384 0.0
16 13 1 12.409841987033 0.05858875444723 0.058164315559609 2194.7064192967 4.9490016564743 205.0 0.891845703125 15.222131133173 0.16796875 2.8669110921497 0.0 0.0 0.127197265625 2.1710184287936
17 9 1 12.509897452839 0.058748404521198 0.058323270376388 2194.6961061041 4.958517778601 0.18282211849115 2.6608792222685e-05 0.00014554471002902 2505.0 9.6461685264582e-05
18 8 1 12.609955725945 0.05841423356933 0.052931505580384 2194.699397693 4.9590634954152 0.090937938882294 1.2348537339091e-05 0.00013579082054053 10.996510502557
19 5 1 12.710005127841 0.058594561090335 0.058171672150663 2194.7089166957 4.9430802973922 6.4879564879565
20 6 1 12.810053324021 0.058553248772271 0.058131495343851 2194.7043483156 4.9528550541148 1.0 8.0
21 7 1 12.910110583455 0.058931033864376 0.058508736912421 2194.70144069 4.9370235499062 14.890461138722 85.109538861278 17.705124928558
22 7 1 13.010167408977 0.058509833923997 0.05806914640028 2194.7103146936 5.0023032149064 0.003190424559676 0.0030634337995176 0.96019628178536
23 9 1 13.11022518657 0.058540097314456 0.058095471962724 2194.7048900485 4.9423268695969 0.0 0.0 0.0 0.0 -
24 6 1 13.2102741772 0.058925186457006 0.058499444471709 2194.7009238851 4.9419331337648 0.0 0.0
25 13 1 13.310327387384 0.058829883228539 0.058401856632647 2194.7041805039 4.9656562083971 0.20138325289394 515762232.0 23621906.0 133564.0 39728.0 0.025896428957598 0.017301383169134 4.5799991807077 95.376803007166
26 7 1 13.410383203764 0.058948490028592 0.058520651401257 2194.7070836608 4.9502097222208 4.6043610420778 95.395638957922 50.174769620569
27 12 1 13.510434484439 0.058839891308573 0.058415248599626 2194.6968667411 4.9522517306561 109762468.0 98.463711657795 98.858751062339 99.957223082848 85.10689432921 83.799407033218 84.135612801802 85.070488223532
1 7 1 13.610489750048 0.046184004665168 0.04584710703697 2194.7004291186 4.9443758824491 7.6440334401678 92.355966559832 33.302176577039
2 10 1 13.710539074039 0.062920011973443 0.062467237392176 2194.7025402955 4.9384989418206 12187.448920443 0.766834432 6741.9145466635 0.424201344 18929.363467107 1.191035776
3 5 1 13.810586465804 0.058962276503071 0.05853692223123 2194.6990072966 4.9532727960723 1.0001373555711
4 6 1 13.910634412868 0.058842040944156 0.05841610646094 2194.702640462 4.9520650905495 0.0 0.0
5 7 1 14.010681786515 0.059185761604543 0.05875645818128 2194.7019651989 4.9477210824328 1.4491101414178 0.46428801225257 0.32039525428916
6 8 1 14.110737201593 0.059071169631672 0.058627179296606 2194.7020071976 4.9698805448138 85.193193879675 98.320790252454 98.809332147664 99.951776150732
7 7 1 14.210789883654 0.058811352699467 0.058387514405353 2194.7022481549 4.9466097703807 6.0 2.3023747959952e-07 79.666666666667
8 10 1 14.310835039725 0.059044899327454 0.058612618754025 2194.7058664371 4.9402251151385 7180.8360896443 0.423991744 2581.5386212222 0.152426688 9762.3747108665 0.576418432
9 19 1 14.410887298743 0.058818717443373 0.058392565550743 2194.6990436166 4.9398247405051 0.89373779296875 15.194785466534 0.1279296875 2.1749826086086 0.00011900973540845 0.0 0.0 0.00011900973540845 7179.3222694211 0.422278528 2581.7207616979 0.151853504 9761.0430311191 0.574132032 1.2192317463311e-08
10 9 1 14.510950028742 0.05888587702317 0.058128656339251 2194.703507748 4.9460855274023 0.00011887400432613 0.0 0.0 0.00011887400432613 0.0
11 7 1 14.611008557304 0.05376445403971 0.053373358056306 2194.7078266775 4.9436272345341 21718018.0 30381666.0 30348727.0
12 10 1 14.711059481066 0.05887181063407 0.058445868450938 2194.7034116661 4.947445805459 2512851.0 0.096345420307568 37.695096525819 2409752.0 0.092392493338046 39.735903528662
13 9 1 14.81110948899 0.058839182010359 0.058411946694148 2194.6973137316 0.0 4.9542443564307 0.90234375 15.335762992781 0.12774658203125 2.171114173694
14 10 1 14.911161831349 0.058953287529666 0.058524895867133 2194.7031491374 4.9398844183887 10543.683958036 0.621584832 2582.1490603624 0.152226176 13126.609226171 0.773856768
15 19 1 15.011213834005 0.058725223242407 0.058300831007223 2194.6965440057 4.9473049946031 0.89691162109375 15.273021907324 0.1275634765625 2.172209308357 0.0 0.0 0.0 0.0 7212.3186701511 0.423545024 2578.7199373411 0.151435904 9791.0386074921 0.574980928 0.0
16 13 1 15.111267861286 0.058736708800585 0.058300021157155 2194.6972442135 4.9458578870111 206.0 0.89825439453125 15.292896263236 0.1748046875 2.9760722224575 0.0 0.0 0.12725830078125 2.166588891
17 9 1 15.211321169304 0.058626608143863 0.05820360732893 2194.7057262445 4.9338479778969 0.18276985052117 2.7337132887646e-05 0.00014957134784371 2015.0 7.736562186602e-05
18 8 1 15.311368276625 0.058783938278206 0.058358475301657 2194.7037367055 4.9389496557852 0.090935324316034 1.1078108484658e-05 0.00012182403887578 10.996826673479
19 5 1 15.411415202771 0.058965985145329 0.058538748470309 2194.697591006 4.9391738810017 6.4198184568835
20 6 1 15.511463058342 0.058753377761548 0.053272032587064 2194.7093081675 4.9461199623284 1.0 8.0
21 7 1 15.611524184947 0.058825369265576 0.05839665284773 2194.7047619408 4.9902249638919 14.722541741149 85.277458258851 17.905319119484
22 7 1 15.711580645402 0.058687173877301 0.05826240389326 2194.6954727992 4.9495631407691 0.0031467467050837 0.0029870550972615 0.94925183918864
23 9 1 15.811631007523 0.058925054199612 0.058497249089561 2194.7055867711 4.9410895457361 0.0 0.0 0.0 0.0 -
24 6 1 15.911679480899 0.058807119556997 0.058382338249549 2194.7023110366 4.9467167872189 0.0 0.0
25 13 1 16.011729257826 0.05886599130875 0.058440772011919 2194.7002459045 4.9417372302796 0.20235798736377 516105904.0 23749091.0 98147.0 33032.0 0.019016833413322 0.01422789381615 4.6015925832152 95.365162689555
26 7 1 16.111762472685 0.058893260790401 0.058452080924949 2194.7080428949 4.9424540486173 4.6099220710773 95.390077928923 49.990628656081
27 12 1 16.211781426393 0.058925072317063 0.058497238672027 2194.705195925 4.9446740856923 109976678.0 98.44877565769 98.861166728459 99.959495048577 85.153467939858 83.832546616854 84.183711915088 85.118976569035
1 7 1 16.311799693449 0.058989784229205 0.058559051339043 2194.6962568274 4.9421729486632 7.6545150902505 92.345484909749 33.254936657807
2 10 1 16.411818520334 0.058886616215179 0.058459029873351 2194.7014443215 4.9359938213449 12200.063888453 0.71842048 6735.2801280127 0.396617856 18935.344016466 1.115038336
3 5 1 16.511836850801 0.058492547157949 0.053323557712361 2194.7039963468 4.9418859992947 1.0001457061147
4 6 1 16.611856425937 0.058606798522738 0.05817751865216 2194.7013258052 4.9498238518326 0.0 0.0
5 7 1 16.711874442067 0.058810281958102 0.058381677415517 2194.7023835161 4.9364116100646 1.4492119802954 0.46437328455339 0.32043157996715
6 8 1 16.811892972732 0.05869808239466 0.058272100353134 2194.7080889877 4.9499992824364 85.180103887883 98.323044243914 98.811971606342 99.952116559382
7 7 1 16.911911690912 0.058792386445694 0.0583648155037 2194.6991591885 4.9517146752369 39.0 1.4986706791076e-06 58.051282051282
8 10 1 17.011930071202 0.058691250303818 0.05826466585704 2194.6995406821 4.946658297495 7177.4814443269 0.42125536 2575.6141710644 0.151166016 9753.0956153913 0.572421376
9 19 1 17.111952806928 0.058889778616283 0.05844152796257 2194.708412266 4.979035501076 0.977783203125 16.603614856427 0.12908935546875 2.1920502759889 0.00011886612863008 0.0 0.0 0.00011886612863008 7575.207149389 0.446102272 2632.3660852944 0.155019456 10207.573234683 0.601121728 1.1644895990185e-08
10 9 1 17.211967315518 0.05848055521701 0.058055036076361 2194.7014802308 4.9443902289239 0.00011969790597959 0.0 0.0 0.00011969790597959 0.0
11 7 1 17.311985502858 0.058592029176532 0.058167354762045 2194.7007466216 4.9362254602395 23698481.0 33154614.0 33122794.0
12 10 1 17.412003769008 0.059060063634096 0.058632671148996 2194.712211107 4.9372285814736 2525112.0 0.096307765982433 37.654689772176 2422930.0 0.092410544732992 39.696727515859
13 9 1 17.512022167415 0.054504523838559 0.054108000772653 2194.7032134556 0.0 4.9481112863796 0.82391357421875 15.116425503673 0.11688232421875 2.144451799358
14 10 1 17.612041669176 0.059000950920243 0.058569852963439 2194.6958951493 4.9613287769889 10495.63992345 0.619252736 2570.8971403706 0.151685376 13067.274679051 0.770981632
15 19 1 17.712061105713 0.058915120401128 0.058487953025358 2194.7095976035 4.9452061782256 0.89605712890625 15.209289615389 0.12835693359375 2.1786755712256 0.0 0.0 0.0 0.0 7211.1498221069 0.42484576 2579.3060756792 0.151960128 9790.4558977862 0.576805888 0.0
16 13 1 17.812078808411 0.059019191570096 0.058589203760113 2194.7007930333 4.9496773955568 205.0 0.89990234375 15.247622337917 0.178466796875 3.0238773545896 0.0 0.0 0.12701416015625 2.1520823443574
17 9 1 17.912096559119 0.058962507500574 0.058534801583568 2194.6971506256 4.9427139053284 0.1828015579977 2.6695856175884e-05 0.00014603735585349 1379.0 5.2741526742899e-05
18 8 1 18.012115712119 0.059049496630692 0.058620429640167 2194.7051923982 4.9388000455937 0.090935185482339 1.114275050172e-05 0.00012253508301122 10.99684346269
19 5 1 18.11213385507 0.059042169933433 0.058595306170609 2194.7043937364 4.9416717477256 6.4456993918332
20 6 1 18.212152770731 0.058876301044346 0.058449822131722 2194.6994413338 4.945356885605 1.0 8.0
21 7 1 18.312175202083 0.058980990924273 0.058543678681713 2194.7053901474 4.9654859557 14.832796823765 85.167203176235 17.843704714697
22 7 1 18.412190174481 0.058604975001276 0.053114938432522 2194.7068097522 4.9505429140857 0.0031471591569739 0.0029898061723548 0.95000158022818
23 9 1 18.512208390808 0.05878086012325 0.058352435849305 2194.7009312984 4.9437640582755 0.0 0.0 0.0 0.0 -
24 6 1 18.612230430823 0.05858737027396 0.058155807604533 2194.7011144909 4.9729290030665 0.0 0.0
25 13 1 18.712255973848 0.058658862642207 0.058217701347143 2194.7045530582 5.0109086909929 0.19956460228411 514135908.0 23342625.0 289600.0 57968.0 0.056327518754049 0.025740664664877 4.5401662550284 95.377765561553
26 7 1 18.812318997349 0.058410823865017 0.057982213887197 2194.6998656277 4.9501676897758 4.6035269999709 95.396473000029 50.05970555502
27 12 1 18.912371990124 0.058841685842113 0.058408012489623 2194.6989053788 4.946736885182 109796713.0 98.432281848 98.833181827583 99.951486707986 85.143994087387 83.809176236741 84.150518491654 85.102687932902
1 7 1 19.012424109637 0.058663951834245 0.058231007709165 2194.7002344515 4.9390958071605 7.6526370986507 92.347362901349 33.254672675342
2 10 1 19.112473088491 0.05890006026983 0.058453126301882 2194.6959690176 4.9321401200717 12176.688389016 0.71720768 5911.5859373467 0.348192768 18088.274326363 1.065400448
3 5 1 19.212520877028 0.05856405854952 0.058137368568589 2194.699325189 4.9307452128908 1.0001389384741
4 6 1 19.312567281391 0.058497515868936 0.058070004261594 2194.702032841 4.9374558347297 0.0 0.0
5 7 1 19.412615240232 0.058741358644432 0.053257762376639 2194.7016238563 4.9392067644457 1.4230020861443 0.46450645735241 0.32642710919069
6 8 1 19.512665441108 0.058706830405964 0.058278672458551 2194.7013179095 4.9380611363767 85.152629713281 98.322088553236 98.848134575812 99.952038022644
7 7 1 19.612721343545 0.058923300430337 0.058493691275085 2194.7010944242 4.9478148796908 7.0 2.6818813627635e-07 123.71428571429
8 10 1 19.712766943494 0.058879227918585 0.058450789150679 2194.6984229303 4.9317521745519 7199.1617924426 0.423881088 2586.2947831205 0.15227904 9785.4565755631 0.576160128
9 19 1 19.812820418193 0.058948478252249 0.058517725885827 2194.6998971295 4.9452242109658 0.89520263671875 15.186187383634 0.12762451171875 2.1650179190823 0.00011874776427724 0.0 0.0 0.00011874776427724 7203.2334097412 0.424619648 2577.6195841697 0.151946752 9780.8529939109 0.5765664 1.2140839285813e-08
10 9 1 19.91287228678 0.058826408301401 0.058395850697579 2194.7104209149 4.9427321510168 0.00011899417629128 0.0 0.0 0.00011899417629128 0.0
11 7 1 20.012921770204 0.058973219443587 0.058543516983461 2194.7008812129 4.930580467964 23885368.0 33413790.0 33376827.0
12 10 1 20.112972154972 0.059037127846769 0.058597241567332 2194.7008612982 4.9473222258296 2519509.0 0.096348741811151 37.732429612278 2416086.0 0.092393734734639 39.739086274247
13 9 1 20.213031358409 0.058527879811249 0.058097053616213 2194.7098712631 0.0 4.9605775817934 0.92852783203125 15.864709861791 0.12750244140625 2.1784906922554
14 10 1 20.313087158483 0.058748274075549 0.058317362275556 2194.7013592491 4.9354603719216 10550.288902155 0.619811264 2584.3784926303 0.151827776 13135.467009765 0.771686016
15 19 1 20.413150817001 0.056583661701454 0.05617366287536 2194.6982630234 4.9329464599547 0.84619140625 14.954695062237 0.12158203125 2.1487126777247 0.0 0.0 0.0 0.0 7192.1628923061 0.406958912 2585.4292847265 0.146293056 9777.5921770326 0.553251968 0.0
16 13 1 20.513203993668 0.058558344305417 0.058131382562718 2194.7032181139 4.9365392653521 205.0 0.8778076171875 14.990308001354 0.16961669921875 2.8965419229427 0.0 0.0 0.12603759765625 2.1523422349322
17 9 1 20.613264944533 0.058485697855528 0.058057994203204 2194.7052591585 4.9559185088389 0.18279325689903 2.9074822896825e-05 0.00015905850899569 2091.0 8.0845019517635e-05
18 8 1 20.713314024844 0.058616117233755 0.058185438243009 2194.6969354756 4.9315462573834 0.090935369870731 1.1132787202301e-05 0.00012242526992661 10.996821164543
19 5 1 20.813363244659 0.058468005258574 0.058038808275335 2194.7065523407 4.936357481016 6.4510828976848
20 6 1 20.913410592942 0.058753650429188 0.058322220923028 2194.7096122385 4.9368768217866 1.0 8.0
21 7 1 21.01346108732 0.058517815567116 0.058091724367947 2194.6963265997 4.9401490366397 14.860875383276 85.139124616724 17.671395830495
22 7 1 21.11351104361 0.058670198731414 0.058223010213276 2194.700123782 4.9421414840784 0.0031394286761019 0.0029791400405994 0.94894337408501
23 9 1 21.213560491706 0.058798563590675 0.058368073021423 2194.7017153024 4.9301720124125 0.0 0.0 0.0 0.0 -
24 6 1 21.313918845967 0.058924257937633 0.058184238414804 2194.7001141328 4.9451496091406 0.0 0.0
25 13 1 21.413969663742 0.053740220137006 0.053346829578408 2194.7019766763 4.9255153934709 0.20302443909232 471119952.0 21750668.0 93960.0 30696.0 0.019943965353435 0.014177068858251 4.6168004364205 95.349078529368
26 7 1 21.514020988805 0.058700329864479 0.058271370219851 2194.7024313707 4.9407948593677 4.6125108147945 95.387489185206 50.010843842394
27 12 1 21.614077030747 0.058885816329709 0.058456227556589 2194.6988753786 4.9431121139428 109840135.0 98.473936689899 98.868662169798 99.952383525384 85.107411441659 83.808618461472 84.144559099714 85.066886292694
1 7 1 21.714135521262 0.058683400918092 0.058252230491483 2194.6976563307 4.9614988169154 7.6334514372269 92.366548562773 33.39918346989
2 10 1 21.814192474512 0.058868339330423 0.058420619065094 2194.7041040642 4.9453109085449 12175.405797961 0.71674592 5881.3604042176 0.34622592 18056.766202179 1.06297184
3 5 1 21.914241738715 0.058659378989566 0.05823153311525 2194.698180008 4.9476899071132 1.0001382378924
4 6 1 22.01429026735 0.058932070182583 0.058502476880101 2194.7012449485 4.9477982606303 0.0 0.0
5 7 1 22.114336620985 0.058863571723144 0.058419289244177 2194.7086112099 4.9442442445589 1.4538761620574 0.46401730444618 0.3191587540644
6 8 1 22.214385512874 0.058824597462155 0.058393718273575 2194.7034469748 4.9365950148514 85.05056173631 98.359093623546 98.871508088691 99.958293577565
7 7 1 22.314434554233 0.059002903981481 0.058565695008392 2194.7030680256 4.9405396869259 40.0 1.5283688956755e-06 48.625
8 10 1 22.414492895279 0.05880241626667 0.056641724509102 2194.7121959862 4.9400183704382 6998.9809625098 0.411556992 2505.6058807487 0.14733568 9504.5868432585 0.558892672
9 19 1 22.51454504831 0.05543731621264 0.055033513101914 2194.6985024242 4.9365428668601 0.8486328125 15.307970704154 0.1209716796875 2.1821344890415 0.00012626873878869 0.0 0.0 0.00012626873878869 7201.2778986039 0.39921952 2585.0763671587 0.143309696 9786.3542657626 0.542529216 1.2902530948674e-08
10 9 1 22.614603768011 0.058710809904117 0.058278638941266 2194.6969358504 4.9518098713989 0.00011922846936419 0.0 0.0 0.00011922846936419 0.0
11 7 1 22.714653760536 0.058928599784809 0.058497132684937 2194.7027735896 4.9317751095847 23857028.0 33375619.0 33341622.0
12 10 1 22.814704729591 0.058714015787104 0.058286282693921 2194.7008839483 4.9423453180441 2509015.0 0.096362285924051 37.662745738866 2405608.0 0.092390793166714 39.700350597437
13 9 1 22.914755259299 0.058833590964923 0.0584062768378 2194.6975027779 0.0 4.9356033378452 0.89593505859375 15.228291251641 0.1280517578125 2.1765075990151
14 10 1 23.014806812642 0.058728509748052 0.058296695246053 2194.7092639166 4.9381835313133 10545.546390619 0.619324224 2582.9390299663 0.15169216 13129.259150418 0.771061824
15 19 1 23.114859154094 0.058808626928936 0.058366641289843 2194.7039519717 4.9409703415575 0.89593505859375 15.234755602718 0.1275634765625 2.1691286334001 0.0 0.0 0.0 0.0 7177.3056104515 0.422087488 2578.6627561165 0.151647616 9755.968366568 0.573735104 0.0
16 13 1 23.214916909947 0.058593165140721 0.058161848415694 2194.6914762261 4.9680903693325 205.0 1.0042724609375 17.139754415478 0.27593994140625 4.709422007559 0.0 0.0 0.1307373046875 2.2312722716636
17 9 1 23.31497837263 0.058221820802512 0.057795819284726 2194.7048511864 4.9443894734338 0.18267396406833 2.5961403065817e-05 0.00014211879179512 1273.0 4.9326665825052e-05
18 8 1 23.415027623245 0.058707743525504 0.058279452867761 2194.7057483132 4.9345760110008 0.090935343597063 1.1275058818224e-05 0.0001239898412677 10.996824341821
19 5 1 23.515074700672 0.058610446471534 0.058180659765259 2194.6979364515 4.9315051180047 6.5794542536116
20 6 1 23.615127069301 0.05894535661541 0.058514290817082 2194.7062244438 4.9508773259693 1.0 8.0
21 7 1 23.715177163283 0.058791116412366 0.058362509152164 2194.7027751605 4.9346368316501 14.867219242762 85.132780757238 17.657994835406
22 7 1 23.815227942105 0.058900707062837 0.058471302181847 2194.6956461497 4.9516780386774 0.0031506381742916 0.0029939829324114 0.95027825055937
23 9 1 23.915278006194 0.058744774689853 0.053244489078964 2194.7060016657 4.9482401139517 0.0 0.0 0.0 0.0 -
24 6 1 24.015327119117 0.058876864497078 0.058444181716232 2194.7054025544 4.9386151822473 0.0 0.0
25 13 1 24.115377342639 0.0588372461607 0.058389247792495 2194.7020089766 4.9458185139669 0.20219100178788 515650880.0 23708432.0 113580.0 31688.0 0.022026530818681 0.01347481458773 4.5977681643828 95.366730490211
26 7 1 24.215428134143 0.058900189809606 0.05847156352608 2194.6992364803 4.9469088060865 4.6055331050695 95.394466894931 50.033851850618
27 12 1 24.315479361373 0.059135928649187 0.058705640995388 2194.7038267881 4.9398498980139 110214526.0 98.475932292264 98.874520405777 99.956412279086 85.034685798667 83.738699612035 84.077637761991 84.997621117141
1 7 1 24.415529868433 0.058874805448751 0.058443329290154 2194.6967246922 4.9462663299238 7.6527075947802 92.34729240522 33.254522351796
2 10 1 24.515577473984 0.05896851977675 0.058537646023404 2194.7059545589 4.9369409523778 12182.52943638 0.718385728 6734.3169796942 0.397112704 18916.846416074 1.115498432
3 5 1 24.61563355669 0.05884948631072 0.058419266144427 2194.7092995728 4.9585833196309 1.0001390487038
4 6 1 24.71568393421 0.058885248347614 0.058453417086974 2194.6960000878 4.9615857926243 0.0 0.0
5 7 1 24.815739871977 0.058663096690549 0.058233257443666 2194.702282319 4.9553537115359 1.4514095538632 0.46484217954078 0.3202694775596
6 8 1 24.915793437263 0.058872630448736 0.058440039613955 2194.7038531873 4.9326657982515 85.117709758551 98.340503514908 98.859442272283 99.950090238037
7 7 1 25.015843361847 0.058730372222034 0.058300394829585 2194.694158282 4.9298662151944 7.0 2.6810121755487e-07 75.571428571429
8 10 1 25.115888468095 0.058930801055128 0.058484602202762 2194.6973280569 4.9376916978502 7164.9214407422 0.42223456 2579.4103809619 0.15200672 9744.3318217042 0.57424128
9 19 1 25.215940901041 0.058773306957851 0.058345339243676 2194.708220215 4.9372905980895 0.893798828125 15.207564018237 0.1278076171875 2.1745861140527 0.00011910168684263 0.0 0.0 0.00011910168684263 7202.017751078 0.4232864 2583.450887133 0.151837952 9785.468638211 0.575124352 1.2171280829367e-08
10 9 1 25.315992346585 0.058684192650709 0.05825428953981 2194.6972012703 4.9382386686377 0.00011928254754503 0.0 0.0 0.00011928254754503 0.0
11 7 1 25.416043292994 0.062984902342479 0.062525256264914 2194.7005865719 4.9431549732174 25444672.0 35595607.0 35556008.0
12 10 1 25.516094410612 0.05849095825748 0.058068626429431 2194.7063181306 4.9409211116575 2499564.0 0.096331369886032 37.665686895795 2397399.0 0.092394005447911 39.674848033223
13 9 1 25.61615168907 0.058740577782286 0.058276918689276 2194.697669998 0.0 4.9534733986365 0.900390625 15.328256190077 0.1278076171875 2.1757977536619
14 10 1 25.716204938207 0.058879690819463 0.058450101140471 2194.7005855535 4.937851605106 10546.734729027 0.62098848 2583.2092166782 0.15209856 13130.673297361 0.773129984
15 19 1 25.816257718102 0.059000740757809 0.058568425308286 2194.7044855363 4.9455841334746 0.9056396484375 15.349631831828 0.1280517578125 2.170341527374 0.0 0.0 0.0 0.0 7240.2724866376 0.42718144 2581.0116626348 0.1522816 9821.2841492724 0.57946304 0.0
16 13 1 25.916312628609 0.058853515631864 0.058423819512846 2194.7029575742 4.9392364134576 205.0 0.9013671875 15.315434903467 0.17779541015625 3.0209819795368 0.0 0.0 0.12774658203125 2.1705854044527
17 9 1 26.016365930286 0.059012659323071 0.058582501209048 2194.7010893797 4.9463648444347 0.1827624297222 2.6961525558838e-05 0.00014752225388894 1554.0 5.9430086125438e-05
18 8 1 26.116413371873 0.058965866476023 0.058525970231988 2194.7077107542 4.9350624778315 0.090935263371794 1.1305059506816e-05 0.00012431986324815 10.996834043483
19 5 1 26.216461501924 0.058962558229437 0.058531193493165 2194.7078606275 4.9534602972212 6.4463519313305
20 6 1 26.316516087223 0.058984100784768 0.058542250573623 2194.7015444283 4.9572197308591 1.0 8.0
21 7 1 26.41656968965 0.05886545322045 0.058442961505895 2194.7015797551 4.936932031881 14.859875482935 85.140124517065 17.629635751546
22 7 1 26.516620151417 0.058964398056605 0.058537011912613 2194.7054757664 4.93222019862 0.0031073703648984 0.0029516841196223 0.94989775051125
23 9 1 26.616673018275 0.058516955894057 0.053338784977146 2194.693100374 4.9407261270021 0.0 0.0 0.0 0.0 -
24 6 1 26.716723803438 0.058436075062606 0.058012752662914 2194.7002564906 4.9370998506437 0.0 0.0
25 13 1 26.816774353981 0.058424883007136 0.058000833644715 2194.7100653226 4.9400072031307 0.20242885463128 512220692.0 23578597.0 98438.0 33008.0 0.019217888214481 0.014128675613909 4.6032105629969 95.363442873175
26 7 1 26.916827375743 0.058612394097536 0.058189838518966 2194.6957310277 4.9451509849196 4.6087472396127 95.391252760387 50.041155338434
27 12 1 27.016879507939 0.058504689473733 0.058082863575509 2194.696463615 4.9467691903778 109188072.0 98.434496581275 98.81658868379 99.956455866351 85.146007042625 83.813043391465 84.138379559981 85.108930951522
