1 9 2 0.10066239633453 0.10068032142342 0.10068032142342 0.0014129032853774 1.3589499368829e-05 997.08937620367 993.62630450725 1.4052062720066 27.288444040036 0.0 0.0 0.0 0.0 0.0 0.0 0.0 0.0 - -
2 7 2 0.20718199468095 8.3343189760824e-05 8.3343189760824e-05 0.0 0.0 - - - - 0.0 0.0 - - - -
3 7 2 0.31270801801035 7.72639392262e-05 7.72639392262e-05 0.0 0.0 - - - - - - - - - -
4 6 2 0.41936003490367 7.8318836009489e-05 7.8318836009489e-05 0.0 0.0 - - - - 0.0 0.0 - -
5 19 2 0.52592892792426 8.0444942412922e-05 8.0444942412922e-05 0.0 0.0 - - - - 0.01318359375 0.0 163.88343821951 0.0 0.00067138671875 0.0 8.3459158352528 0.0 0.0 0.0 0.0 0.0 0.0 0.0 0.0 0.0 2778.1485485171 0.0 0.000223488 0.0 0.79557518571509 0.0 6.4e-08 0.0 2778.9441237028 0.0 0.000223552 0.0 0.0 0.0
6 9 2 0.63321611683993 7.826899123021e-05 7.826899123021e-05 0.0 0.0 - - 0.0 0.0 - - 0.0 0.0 0.0 0.0 0.0 0.0 0.0 0.0
7 13 2 0.74030644334671 7.8065080769523e-05 7.8065080769523e-05 0.0 0.0 - - - - 198.0 198.0 0.0 0.0 0.0 0.0 0.0003662109375 0.0 4.6910979133064 0.0 0.0 0.0 0.0 0.0 0.0 0.0 0.0 0.0
8 10 2 0.8480809356688 7.6043195268219e-05 7.6043195268219e-05 0.0 0.0 - - - - 1922.2758786557 0.0 0.000146176 0.0 5.0497615025981 0.0 3.84e-07 0.0 1927.3256401583 0.0 0.00014656 0.0
Warning: Sanitizing vector length to a multiple of the loop stride 4096 and thread count 2 from 62500000 elements (500000000 bytes) to 62496768 elements (499974144 bytes)
9 7 2 0.95503213724019 8.1227052313247e-05 8.1227052313247e-05 0.0 0.0 - - - - - - - - - -
10 9 2 1.0625634196651 8.1727312643466e-05 8.1727312643466e-05 2.6584939595527e-05 0.0 996.68786293293 - 0.71583352651936 - 0.0 0.0 0.0 0.0 0.0 0.0 0.0 0.0 - -
11 7 2 1.1712760741099 8.2031818931426e-05 8.2031818931426e-05 2.7735447728153e-05 0.0 996.76004888497 - 0.728588603602 - 39.083126388707 - 60.916873611293 - 3.0054812187651 -
12 10 2 1.2805820083058 8.1494401583926e-05 8.1494401583926e-05 2.7565069209891e-05 0.0 994.68864894498 - 0.72411289266626 - 0.0 0.0 0.0 - - - 203.0 0.0 0.0024164077658346 - 29.187192118227 -
13 5 2 1.390632194839 8.1737281599322e-05 8.1737281599322e-05 2.467407201172e-05 0.0 997.07475575606 - 0.71823146120769 - 6.1341463414634 -
14 6 2 1.4992485509828 8.4081798762869e-05 8.4081798762869e-05 2.4872544860121e-05 0.0 995.9716034086 - 0.72400875827684 - 0.0 0.0 0.0 0.0
15 9 2 1.6086609554398 8.1806158021599e-05 8.1806158021599e-05 2.5599372368878e-05 0.0 997.90163975883 - 0.72556574452236 - 0.29526598340654 - 0.0 - 0.0 - 13.0 0.0 0.00016696206108243 -
16 7 2 1.7182118921324 8.1663873833475e-05 8.1663873833475e-05 2.765977429052e-05 0.0 998.10609252121 - 0.72660072135128 - 44.458642551728 - 55.541357448272 - 4.1039825686963 -
17 8 2 1.8288366385301 8.5227322417574e-05 8.5227322417574e-05 2.5516901915889e-05 0.0 995.41982303152 - 0.70468396090651 - 0.25036603221083 - 0.0 - 0.0 - 3.9941520467836 -
Running without Marker API. Activate Marker API with -m on commandline.
18 10 2 1.9391321420353 8.2189509687691e-05 8.2189509687691e-05 2.6114586132877e-05 0.0 996.7009563116 - 0.72118982367884 - 14.795075486162 0.0 1.216e-06 0.0 6.2295054678575 0.0 5.12e-07 0.0 21.024580954019 0.0 1.728e-06 0.0
19 8 2 2.0492420988027 8.1090205737408e-05 8.1090205737408e-05 0.0 0.0 - - - - - - - - - - - -
20 12 2 2.1585559429119 8.886599130495e-05 8.886599130495e-05 0.0 0.0 - - - - 0.0 0.0 - - - - - - - - - - - - - -
21 7 2 2.2701480006593 8.2474984332653e-05 8.2474984332653e-05 0.0 0.0 - - - - - - - - - -
22 7 2 2.3839744349208 8.2330887607101e-05 8.2330887607101e-05 5.8795089099844e-05 8.7711404962547e-05 997.25327848785 997.4578919287 7.1829052258636 6.8833256285338 16946.0 26305.0 23510.0 36521.0 23393.0 36268.0
23 13 2 2.4974898160092 8.1134612904402e-05 8.1134612904402e-05 5.9696826470433e-05 9.0883798596464e-05 996.89672818887 997.3265026959 7.1184957043281 6.6824481908443 0.14047911827663 0.1496457542866 526968.0 802268.0 17335.0 27757.0 11052.0 13954.0 500.0 440.0 2.0972810493237 1.7393190305484 0.1567457606534 0.081144954055253 3.2895735604439 3.459816420448 94.456399629579 94.719719594948
24 5 2 2.6137559492123 8.2308230889247e-05 8.2308230889247e-05 5.6462353429596e-05 9.5312280668207e-05 996.97791104817 997.14090723522 7.3643026004728 7.1498011489174 1.0 1.0000935016363
25 10 2 2.7302376438666 8.1665686370903e-05 8.1665686370903e-05 5.6183675799992e-05 8.1208473804092e-05 997.38010002388 997.1982652648 7.2141153197184 6.6848819426312 5491.2659150781 8499.8244776562 0.000448448 0.000694144 1596.3620192685 2273.4640244957 0.000130368 0.000185664 7087.6279343466 10773.288502152 0.000578816 0.000879808
26 6 2 2.847547945444 8.0445848681636e-05 8.0445848681636e-05 5.5928108022599e-05 8.2750490021235e-05 997.52644954963 997.1662236072 7.1538283197125 6.9632425836956 0.0 0.0 0.0 0.0
27 19 2 2.9638173058699 7.7002027567806e-05 7.7002027567806e-05 5.6315084763545e-05 9.6816233599356e-05 997.03807236134 997.3044441458 7.1622291378515 6.6858278311481 0.0 0.0 0.0 0.0 0.0 0.0 0.0 0.0 0.0 0.0 0.0 0.0 0.0 0.0 0.0 0.0 12571.097548667 0.0 0.000968 0.0 3977.8692805235 0.0 0.000306304 0.0 16548.96682919 0.0 0.001274304 0.0 0.0 0.0
1 9 2 3.0815414215236 8.044675495035e-05 8.044675495035e-05 5.790966456611e-05 8.6589444294417e-05 997.25305346322 997.12277801891 7.0661284971801 6.8119920148296 0.0 0.0 0.0 0.0 0.0 0.0 0.0 0.0 - -
2 7 2 3.1987416350152 7.9244136366652e-05 7.9244136366652e-05 5.5485848890089e-05 8.0041652834611e-05 997.36729774759 997.21202203503 7.3021050748405 6.9360348686536 0.0 0.0 0.0 0.0 - -
3 7 2 3.3172488900904 8.0939765130856e-05 8.0939765130856e-05 5.7934586955749e-05 8.6064714708919e-05 997.0335498803 997.37212636111 7.2499574709385 6.7832857142857 0.0091478093403948 0.0085836909871245 0.0091478093403948 0.008417555032535 1.0 0.98064516129032
4 6 2 3.4348849862078 7.9200635468372e-05 7.9200635468372e-05 5.4668394509917e-05 7.9317997266354e-05 997.23405329078 997.35055275892 7.2932535364527 6.8057153965785 0.0 0.0 - -
5 19 2 3.5536914014919 7.9825960881147e-05 7.9825960881147e-05 5.7244463329916e-05 0.00010849984986231 997.15110915048 996.98689691457 7.2221587011205 6.2457417116624 0.0 0.0 0.0 0.0 0.0 0.0 0.0 0.0 0.0 0.0 0.0 0.0 0.0 0.0 0.0 0.0 13956.762783712 0.0 0.001114112 0.0 4751.1360441334 0.0 0.000379264 0.0 18707.898827845 0.0 0.001493376 0.0 0.0 0.0
6 9 2 3.6730882046236 7.8850815744704e-05 7.8850815744704e-05 5.1640097601551e-05 8.7401914196662e-05 997.32385587755 997.15151231736 0.0 0.0 7.4295586413717 6.6205464405849 0.0 0.0 0.0 0.0 0.0 0.0 0.0 0.0
7 13 2 3.7925434784002 8.0233781802521e-05 8.0233781802521e-05 5.2044746582423e-05 0.0001009343186365 997.13555409804 997.04161882322 7.5871977804201 6.527767195147 199.0 199.0 0.01446533203125 0.0 180.28979447651 0.0 0.0003662109375 0.0 4.5642985943421 0.0 0.0 0.0 0.0 0.0 0.0015869140625 0.0 19.778627242149 0.0
8 10 2 3.9130773478869 7.9374639061492e-05 7.9374639061492e-05 5.147425042686e-05 6.9418824101585e-05 997.39577601084 996.96545561703 7.4822816493216 6.9978530970217 8766.9312040701 0.0 0.000695872 0.0 3051.8563972598 0.0 0.00024224 0.0 11818.78760133 0.0 0.000938112 0.0
9 7 2 4.0327794321663 8.2299168202105e-05 8.2299168202105e-05 5.7659081266645e-05 8.1633513831033e-05 997.48065129255 996.8678215798 7.3158742022653 6.9119475138122 1.4149945380325 1.3054404542664 0.40723279480251 0.41394260282382 0.28779813904352 0.31709037472447
10 9 2 4.1534904808117 8.0502037341914e-05 8.0502037341914e-05 5.810677801144e-05 8.7039406710998e-05 997.40287077811 997.09868180712 7.1280155642023 6.8726251386454 0.0 0.0 0.0 0.0 0.0 0.0 0.0 0.0 - -
11 7 2 4.2732915704168 7.9210604424228e-05 7.9210604424228e-05 5.9274052115278e-05 9.0599683354575e-05 997.07095040359 997.30981073529 6.9534871358707 6.6642223851743 3.4752960423212 3.5405621686506 96.524703957679 96.459437831349 36.450057736721 34.982949392345
12 10 2 4.3940070933108 8.0155842693103e-05 8.0155842693103e-05 5.953913571417e-05 9.1095865475578e-05 997.09426594486 997.1731191047 6.9957406027047 6.7709070088579 1774.0 2806.0 0.094452135022894 0.094506752888081 36.036640360767 36.851389878831 1719.0 2761.0 0.091523799382387 0.092991142096932 36.591041303083 37.312567910177
13 5 2 4.5141738070597 7.9390951898347e-05 7.9390951898347e-05 5.5131950957209e-05 7.9980026562048e-05 997.4410273572 997.14827606644 7.3876980994596 6.8566544946003 6.3684210526316 5.4
14 6 2 4.634192478189 7.9341107119068e-05 7.9341107119068e-05 5.4928040496523e-05 8.0497052863477e-05 997.15983067683 997.25282701437 7.1875481766973 6.7501994908234 0.0 0.0 0.0 0.0
15 9 2 4.7551330910436 8.1208926938964e-05 8.1208926938964e-05 5.8061464575732e-05 8.6833230578526e-05 997.59548926143 997.32668502579 7.2477515696589 6.7204881812443 0.19452457718197 0.19169530756821 0.0 0.0 0.0 0.0 0.0 0.0 0.0 0.0
16 7 2 4.8767669079314 7.9481578769764e-05 7.9481578769764e-05 5.8989483739031e-05 9.1070943085938e-05 997.67352211835 997.10649243111 7.2286634460548 6.7960639772766 5.5868367887787 5.8488406806647 94.413163211221 94.151159319335 30.642732485664 29.97386345636
17 8 2 4.9962928307919 8.0632540036754e-05 8.0632540036754e-05 5.6260255506339e-05 8.1247443358801e-05 997.06774274237 996.98299663251 7.3427168963274 6.9943826799298 0.091016618368916 0.091008386970938 0.0 3.9009167154281e-05 0.0 0.00042863266180883 10.987004548408 10.987998285469
18 10 2 5.1151185269429 7.9412702347487e-05 7.9412702347487e-05 5.7602892606367e-05 8.5702660357612e-05 997.16034716622 997.32465425507 7.015894916938 6.7767745171808 5348.0612980732 8265.4787029895 0.000424704 0.000656384 1313.6437486226 2045.4158490822 0.00010432 0.000162432 6661.7050466957 10310.894552072 0.000529024 0.000818816
19 8 2 5.2357480630613 7.4582290100984e-05 7.4582290100984e-05 6.1124199695235e-05 9.2736664982564e-05 996.52703631461 997.19438961251 7.0913678898118 6.7111329726185 88.353645879667 87.985693065437 89.679892061798 91.403623641623 89.507902618391 90.989269799077 97.504670402989 98.41294660308
20 12 2 5.3566414430031 8.0163092842816e-05 8.0163092842816e-05 5.9250035994352e-05 9.0476430809449e-05 996.98377077416 997.19722609381 7.1043738114643 6.5838361855772 115994.0 175553.0 90.785730296395 92.811857387797 90.890908150422 92.824389215792 98.738727865234 99.265179176659 88.710269509621 87.922451269107 80.536266022209 81.602460083739 80.629569579981 81.613478374101 87.591391599621 87.276378788789
21 7 2 5.4788601702504 8.131042903495e-05 8.131042903495e-05 5.9645169153726e-05 9.1245852947771e-05 997.29249909802 997.16537366149 7.2354881266491 6.8086559594252 11.13440909229 11.715483249407 88.86559090771 88.284516750593 16.808736887484 15.915398388541
22 7 2 5.6014416895517 8.2503984931506e-05 8.2503984931506e-05 5.918523778129e-05 8.7193019258048e-05 996.84401171881 996.9167980004 7.1478684397745 6.717238008797 17466.0 26672.0 24123.0 37087.0 23767.0 36897.0
23 13 2 5.7231393050382 8.1814314440026e-05 8.1814314440026e-05 6.2237097676224e-05 9.1466076245312e-05 997.16604511975 997.30731208924 8.049463751978 6.812879708384 0.12423187814894 0.14678080970216 549392.0 807408.0 15946.0 27369.0 8481.0 13673.0 404.0 340.0 1.5437064973644 1.693443711234 0.1133980836998 0.062669678774548 2.9024812884061 3.3897360442304 95.44041413053 94.854150565761
24 5 2 5.8427817269293 8.0189374635527e-05 8.0189374635527e-05 5.5024104980224e-05 8.0059325074537e-05 997.19391253404 996.9629250864 7.3487049140644 6.711452991453 1.0 0.99937317175094
25 10 2 5.9625497060069 7.9061976355105e-05 7.9061976355105e-05 5.5152342003278e-05 7.9653769824951e-05 997.46904134832 997.30855546557 7.329459231603 6.7851931910295 5592.7769628978 8519.8983260239 0.000442176 0.0006736 1487.8454273855 3133.5417026165 0.000117632 0.000247744 7080.6223902832 11653.44002864 0.000559808 0.000921344
26 6 2 6.0855694007939 8.3724728889488e-05 8.3724728889488e-05 5.7701222761853e-05 8.2139664907892e-05 997.23200504272 997.06857508532 7.3212211809349 6.8308399593021 0.0 0.0 0.0 0.0
27 19 2 6.2053051692688 8.1222520969676e-05 8.1222520969676e-05 5.823546816885e-05 9.8817728054578e-05 997.02551956823 996.9697680611 7.1188722096051 6.6861662987491 0.0 0.0 0.0 0.0 0.0 0.0 0.0 0.0 0.0 0.0 0.0 0.0 0.0 0.0 0.0 0.0 12355.981912636 0.0 0.001003584 0.0 3995.7390650454 0.0 0.000324544 0.0 16351.720977681 0.0 0.001328128 0.0 0.0 0.0
1 9 2 6.3255458852958 7.9654676094169e-05 7.9654676094169e-05 5.7358200053543e-05 8.5618377367195e-05 997.16357500232 997.00135838649 7.0620955143941 6.812337755985 0.0 0.0 0.0 0.0 0.0 0.0 0.0 0.0 - -
2 7 2 6.4431824109845 7.9335669506783e-05 7.9335669506783e-05 5.5308220222114e-05 7.8930567391051e-05 997.22193041244 997.21634976309 7.2501930501931 6.8338498960336 0.0 0.0 0.0 0.0 - -
3 7 2 6.56183761624 7.926769935322e-05 7.926769935322e-05 5.7669956491215e-05 8.5951431119649e-05 997.34285959192 997.15077702267 7.0973120678117 6.7610764569595 0.0085851648351648 0.0081361354735507 0.0085851648351648 0.007998234872304 1.0 0.98305084745763
4 6 2 6.6821695373378 8.2300980739533e-05 8.2300980739533e-05 5.6154222066782e-05 8.0117779406601e-05 997.19163706099 997.22167491569 7.262732227627 6.7589739668948 0.0 0.0 - -
5 19 2 6.800244581988 7.8855347088275e-05 7.8855347088275e-05 5.7188274669638e-05 9.7253508253938e-05 996.8283731931 997.15194387851 7.0423525472909 6.6270610757735 0.0 0.0 0.0 0.0 0.0 0.0 0.0 0.0 0.0 0.0 0.0 0.0 0.0 0.0 0.0 0.0 12675.766918901 0.0 0.000999552 0.0 4240.6762806542 0.0 0.0003344 0.0 16916.443199555 0.0 0.001333952 0.0 0.0 0.0
6 9 2 6.9177313793974 7.7843951203266e-05 7.7843951203266e-05 5.0861612776088e-05 8.6039792319279e-05 997.20523913321 997.30163348624 0.0 0.0 7.4309169149288 6.5904342091562 0.0 0.0 0.0 0.0 0.0 0.0 0.0 0.0
7 13 2 7.0363357783225 7.7501381629311e-05 7.7501381629311e-05 5.0251693931458e-05 9.6707481353657e-05 997.06407658232 997.15437006403 7.4558289632916 6.4539433893795 199.0 199.0 0.0 0.0 0.0 0.0 0.0003662109375 0.0 4.7252181806459 0.0 0.0 0.0 0.0 0.0 0.0 0.0 0.0 0.0
8 10 2 7.1561644511221 7.5811190477392e-05 7.5811190477392e-05 4.9921358985147e-05 6.7279123667453e-05 997.61421708421 997.07324862936 7.473137973138 6.9452240621199 8934.1955420418 0.0 0.000677312 0.0 3056.0132157414 0.0 0.00023168 0.0 11990.208757783 0.0 0.000908992 0.0
9 7 2 7.2751861768211 8.1603153829626e-05 8.1603153829626e-05 5.6659013740569e-05 8.1220255297376e-05 997.12445377178 996.8804537059 7.4365409777566 6.8373450314705 1.4388009991674 1.2008010680908 0.42541929344594 0.41335113484646 0.29567625661376 0.34422948632422
10 9 2 7.395259516798 8.0092403883111e-05 8.0092403883111e-05 5.7561204245515e-05 8.4719358802748e-05 997.09080191567 997.06023879297 7.0407382773528 6.7149014114858 0.0 0.0 0.0 0.0 0.0 0.0 0.0 0.0 - -
11 7 2 7.5146917450674 8.0434973457066e-05 8.0434973457066e-05 6.0331667704702e-05 9.1228633842202e-05 997.42945995709 997.38900136544 6.9515480603561 6.7228102981935 3.4804683685962 3.5290669951522 96.519531631404 96.470933004848 36.209918286841 34.670296322742
12 10 2 7.6342209830589 8.0570007495477e-05 8.0570007495477e-05 6.0217477846718e-05 9.229349958134e-05 996.78682867362 997.29091542037 7.0349920592906 6.6054159234636 1781.0 2904.0 0.094282689253573 0.094178693043619 35.827624929815 35.559228650138 1730.0 2815.0 0.091582848067761 0.091292362574996 36.646820809249 37.164831261101
13 5 2 7.7531176708633 7.9379170405063e-05 7.9379170405063e-05 5.5763167116622e-05 8.0721807504588e-05 996.93584883008 997.0039979272 7.3015901269728 6.8743150420622 6.0 6.2916666666667
14 6 2 7.8727413366171 7.9168916063376e-05 7.9168916063376e-05 5.4922149749881e-05 7.9436265333552e-05 997.05289047159 996.94323551335 7.2150127983809 6.7004548408057 0.0 0.0 0.0 0.0
15 9 2 7.9930316944192 7.9144446808094e-05 7.9144446808094e-05 5.7063662721441e-05 8.4289334297879e-05 996.95419272543 997.09783385067 7.1135400779529 6.7447695710504 0.19567304976558 0.19018093476921 0.0 0.0 0.0 0.0 0.0 0.0 0.0 0.0
16 7 2 8.1131738781927 7.9412702347487e-05 7.9412702347487e-05 5.9340209731411e-05 9.0679435001421e-05 997.23316110328 996.9438591279 7.0352960137531 6.6798851725749 5.8600282539804 6.0280037578205 94.13997174602 93.97199624218 28.864668695856 29.291744548287
17 8 2 8.2341017316901 7.9434452796627e-05 7.9434452796627e-05 5.5046761698078e-05 7.8825893354566e-05 997.2631054225 997.0837253397 7.3176314679839 6.7925419757907 0.091018613336546 0.090980085903944 0.0 0.0 0.0 0.0 10.986763732627 10.991416309013
18 10 2 8.3535790794537 7.9980932831269e-05 7.9980932831269e-05 5.7820850232122e-05 8.5967743956503e-05 997.02095578439 997.34002759981 7.1541825521417 6.7790323733295 5222.8448107908 8223.5600000761 0.000417728 0.000657728 1299.5097246398 2038.8859472798 0.000103936 0.000163072 6522.3545354306 10262.445947356 0.000521664 0.0008208
19 8 2 8.4740544538263 8.097329707328e-05 8.097329707328e-05 5.9862220510768e-05 9.015515855028e-05 996.82858438088 997.18577765902 7.0337024810989 6.7864720128253 88.54034986791 88.211138978382 90.640919860416 91.172050522972 90.661357838722 90.618670178278 98.441414913668 98.944003538417
20 12 2 8.594238009673 7.9779741176724e-05 7.9779741176724e-05 6.0095584704664e-05 9.1437528780816e-05 996.95131235749 997.20143943596 6.8680476437079 6.7240586471176 117044.0 177818.0 91.139229691398 92.55755885231 91.770616178531 92.329797883229 98.589419363658 99.170500174336 88.253834205486 88.120759803557 80.433864668004 81.56242411628 80.991087451554 81.36171941979 87.008942709354 87.389798254613
21 7 2 8.7150255392414 7.9984557906126e-05 7.9984557906126e-05 5.9570855119165e-05 9.0763264857481e-05 997.309962175 997.03722165833 7.0080494695879 6.6900801603206 11.394754457494 11.873130937938 88.605245542506 88.126869062062 16.225658169662 15.657175802732
22 7 2 8.8348219162492 7.8942348884835e-05 7.8942348884835e-05 5.7266213779056e-05 8.4478291324781e-05 997.2018490854 997.10492718478 7.1074742702885 6.7726595706034 16877.0 26110.0 23334.0 36125.0 23109.0 35624.0
23 13 2 8.9550511208509 8.2249323422826e-05 8.2249323422826e-05 6.0575907123169e-05 9.2843151556478e-05 997.10771113937 997.12417225922 6.9713183145599 6.69162938045 0.14344489160844 0.14944043418208 534728.0 819564.0 17904.0 28342.0 10854.0 14696.0 408.0 492.0 2.0298170284705 1.793148552157 0.12380125970587 0.099443118536197 3.3482443410482 3.4581802031324 94.498137370775 94.649228126174
24 5 2 9.0747520342311 7.9005787694827e-05 7.9005787694827e-05 5.545005127588e-05 8.1250615299301e-05 997.06239080337 997.25308602996 7.2653327791961 7.6982654988837 1.0 0.99964568324082
25 10 2 9.1946379895574 8.013137343782e-05 8.013137343782e-05 5.6286537299049e-05 7.9975495218478e-05 997.19967308879 997.09178169373 7.2700456514105 6.90049653986 5702.6353149255 8560.3424797439 0.00045696 0.000685952 1896.8849962112 2590.1465443002 0.000152 0.000207552 7599.5203111367 11150.489024044 0.00060896 0.000893504
26 6 2 9.3153544857841 8.1896784893015e-05 8.1896784893015e-05 5.6591043587007e-05 8.1850112053717e-05 997.25440424356 997.21243651099 7.1352339598926 6.9709401049707 0.0 0.0 0.0 0.0
27 19 2 9.4365870521987 7.8830877832993e-05 7.8830877832993e-05 5.7103991679222e-05 9.6281081923644e-05 997.00069010755 997.03018160894 7.1286344609119 6.6169848338576 0.0 0.0 0.0 0.0 0.0 0.0 0.0 0.0 0.0 0.0 0.0 0.0 0.0 0.0 0.0 0.0 12924.072749239 0.0 0.001018816 0.0 4144.5688413133 0.0 0.00032672 0.0 17068.641590553 0.0 0.001345536 0.0 0.0 0.0
1 9 2 9.5590321880275 7.9853148942572e-05 7.9853148942572e-05 5.7593376784868e-05 8.4996223894924e-05 996.99561932983 996.99386729434 7.2707511011956 6.6372032129082 0.0 0.0 0.0 0.0 0.0 0.0 0.0 0.0 - -
2 7 2 9.6802481071921 7.9114539940526e-05 7.9114539940526e-05 5.5423769483169e-05 7.9221479648296e-05 997.26730214387 997.08428134715 7.2241450593586 6.8266302225693 0.0 0.0 0.0 0.0 - -
3 7 2 9.8019949983211 8.1889534743302e-05 8.1889534743302e-05 5.8563537443376e-05 8.6250952929678e-05 997.48065129255 997.34703802876 7.1113128645317 6.8040393208222 0.0092776954035162 0.0094331770385373 0.0092776954035162 0.00937768776184 1.0 0.99411764705882
4 6 2 9.9248396926194 8.0021714923406e-05 8.0021714923406e-05 5.5768604728907e-05 7.9772944160863e-05 997.36989814652 997.14977280047 7.2481154299175 6.9539816716701 0.0 0.0 - -
5 19 2 10.047503638873 8.0978734685565e-05 8.0978734685565e-05 5.804922994809e-05 9.8368218772355e-05 997.06166113785 997.1858985924 7.1439884006246 6.4934940623972 0.0 0.0 0.0 0.0 0.0 0.0 0.0 0.0 0.0 0.0 0.0 0.0 0.0 0.0 0.0 0.0 12674.537382997 0.0 0.001026368 0.0 4285.9647208326 0.0 0.000347072 0.0 16960.50210383 0.0 0.00137344 0.0 0.0 0.0
6 9 2 10.168494215228 7.9573111909894e-05 7.9573111909894e-05 5.1457937590005e-05 8.6560896829921e-05 997.0796887548 997.01092197168 0.0 0.0 7.3994917573467 6.7699259311762 0.0 0.0 0.0 0.0 0.0 0.0 0.0 0.0
7 13 2 10.290589487832 8.2514860156076e-05 8.2514860156076e-05 5.2989984851292e-05 9.9844983642078e-05 997.19995847623 997.26038861612 7.4803940382524 6.5537312988906 199.0 199.0 0.0 0.0 0.0 0.0 0.00048828125 0.0 5.9174947285425 0.0 0.0 0.0 0.0 0.0 0.0 0.0 0.0 0.0
8 10 2 10.411810500227 8.0245563295805e-05 8.0245563295805e-05 5.0885628897013e-05 6.8867812723375e-05 997.30673221926 997.16790384331 7.5610692162672 7.1102222222222 8569.6949682444 0.0 0.00068768 0.0 9053.8089604012 0.0 0.000726528 0.0 17623.503928646 0.0 0.001414208 0.0
9 7 2 10.532791280723 8.0950640355426e-05 8.0950640355426e-05 5.6361757602325e-05 8.0357487481496e-05 997.19737632272 997.15733158732 7.1922053891523 6.880193986421 1.400774835203 1.1912706110572 0.41731236266913 0.41396702230844 0.29791537667699 0.34750040709982
10 9 2 10.652530269171 7.8435744673616e-05 7.8435744673616e-05 5.7293854974838e-05 8.5838147530379e-05 997.3551000886 997.1477107508 6.9782548705778 6.8263783783784 0.0 0.0 0.0 0.0 0.0 0.0 0.0 0.0 - -
11 7 2 10.772787184751 7.5891848392953e-05 7.5891848392953e-05 5.8360080117047e-05 8.9755947181692e-05 997.22384504014 997.14546379672 6.9685099015258 6.6264552388599 3.4753711410647 3.5899998990297 96.524628858935 96.41000010097 35.929479768786 34.389879344498
12 10 2 10.892331179516 7.7717979851997e-05 7.7717979851997e-05 5.897724911139e-05 9.1353245790399e-05 997.14802345666 997.10394021461 6.9459921016117 7.0730449426376 1762.0 2703.0 0.094033514782794 0.094832122934428 36.042565266742 37.456529781724 1712.0 2600.0 0.091365140356495 0.091218468231414 37.544392523364 39.233461538462
13 5 2 11.011215126995 7.8477433034468e-05 7.8477433034468e-05 5.4849195118392e-05 7.9322075475568e-05 997.78152556705 996.92823236252 7.2420725140601 6.8726002120058 5.3529411764706 5.4444444444444
14 6 2 11.131999577063 8.1153644547399e-05 8.1153644547399e-05 5.5996078176161e-05 7.9274496368075e-05 997.05907462535 997.04039584045 7.1866821750509 6.8569020929686 0.0 0.0 0.0 0.0
15 9 2 11.251653485003 7.9621144151745e-05 7.9621144151745e-05 5.7679019178356e-05 8.4705764772036e-05 997.1738221502 997.12193212613 7.0897293082321 6.7191330290069 0.1922691322268 0.18823909996046 0.0 0.0 0.0 0.0 0.0 0.0 0.0 0.0
16 7 2 11.37291799014 7.8913348285982e-05 7.8913348285982e-05 5.9045672399309e-05 9.0739248736556e-05 997.03112457777 997.1872603502 7.1730155235055 6.9398024605788 5.6536587237635 5.88220606448 94.346341276237 94.11779393552 31.23424796748 31.322752202094
17 8 2 11.495323968816 8.2784928232898e-05 8.2784928232898e-05 5.6481838206951e-05 8.0302205089932e-05 996.65708009348 997.17257805581 7.5084031082465 6.9376370184779 0.091018613336546 0.090980269339179 0.0 0.0 0.0 0.0 10.986763732627 10.991394148021
18 10 2 11.619380409637 8.1561465468774e-05 8.1561465468774e-05 5.7769646049772e-05 8.4972207773999e-05 997.11240481068 997.15406451669 7.156674525654 6.5354267591399 5114.5721524549 8257.2327033266 0.000417152 0.000673472 1227.2462176188 2080.9827168319 0.000100096 0.000169728 6342.603054356 10338.215420158 0.000517312 0.0008432
19 8 2 11.744035093842 8.2097070278846e-05 8.2097070278846e-05 6.0662908919728e-05 9.1529515055303e-05 997.29937921412 996.97227400918 7.2048867122329 6.6407601012592 88.837264890868 87.943086854925 90.193017314789 92.364549091053 90.336435753021 92.001168363103 98.591212632774 99.138579745732
20 12 2 11.86718599912 8.0244657027091e-05 8.0244657027091e-05 5.9935628276615e-05 9.116066368864e-05 997.11000831945 997.05773099455 7.0020645844362 6.6840986112034 116569.0 176920.0 91.023342398065 92.262604567036 91.348471720612 92.518087271083 98.405236383601 99.08263621976 88.130249718377 87.942021493404 80.219098957428 81.137599538717 80.505636241296 81.362276193222 86.724780560827 87.135273240613
21 7 2 11.989683496436 8.0451286293921e-05 8.0451286293921e-05 5.9968707084681e-05 9.1898819556324e-05 997.34688493563 997.09675607015 7.0062999629414 6.6638299270553 11.523174804673 11.980848787271 88.476825195327 88.019151212729 16.172928176796 15.490194376952
22 7 2 12.110033978824 8.0231062996379e-05 8.0231062996379e-05 5.7780521274342e-05 8.4759687760528e-05 997.30011275188 997.09152056419 7.2868735356306 6.7527797833935 16620.0 25838.0 22983.0 35901.0 22746.0 35724.0
23 13 2 12.229709712434 7.9845898792858e-05 7.9845898792858e-05 5.9847267076984e-05 9.0992550842164e-05 997.20695054935 997.07308043088 6.9184913567313 6.6402235375814 0.14454018201917 0.15059733973417 528296.0 803228.0 17830.0 27963.0 9941.0 14463.0 396.0 452.0 1.8817102533428 1.8006095405041 0.12739070521072 0.082666440910924 3.3750018928782 3.4813278421569 94.615897148568 94.635396176428
24 5 2 12.351170639533 8.510225733502e-05 8.510225733502e-05 5.7920086656323e-05 8.3227640499241e-05 996.78400490603 997.2408485793 7.6741714697406 7.0926397899289 1.0 0.99989379779099
25 10 2 12.471873202784 8.2080757441991e-05 8.2080757441991e-05 5.7259869898057e-05 8.0986437969123e-05 997.09138028635 997.24769512373 7.1912132938766 6.8840998382251 5642.0531977582 8413.1777230253 0.000463104 0.00069056 1656.9047878989 2921.6104660033 0.000136 0.000239808 7298.9579856571 11334.788189029 0.000599104 0.000930368
26 6 2 12.591667047677 7.987671192914e-05 7.987671192914e-05 5.5585085314289e-05 7.9763881473721e-05 997.11960579448 997.27197392465 7.2289469031764 7.1053120206668 0.0 0.0 0.0 0.0
27 19 2 12.712023456156 7.9368295180493e-05 7.9368295180493e-05 5.7142508099573e-05 9.743159005627e-05 997.34422380862 997.23947755822 7.1585490463215 6.5496055316945 0.0 0.0 0.0 0.0 0.0 0.0 0.0 0.0 0.0 0.0 0.0 0.0 0.0 0.0 0.0 0.0 12583.362131299 0.0 0.00099872 0.0 3887.4968814479 0.0 0.000308544 0.0 16470.859012747 0.0 0.001307264 0.0 0.0 0.0
1 9 2 12.831612414536 7.9191572781231e-05 7.9191572781231e-05 5.6818517034261e-05 8.4823126570519e-05 996.94861143359 997.17301666226 7.1549215406562 6.5954478190402 0.0 0.0 0.0 0.0 0.0 0.0 0.0 0.0 - -
2 7 2 12.951642743907 7.939820204806e-05 7.939820204806e-05 5.5298251266258e-05 8.0607164512247e-05 997.38189521519 997.21670832459 7.2454432108294 6.7792682926829 0.0 0.0 0.0 0.0 - -
3 7 2 13.071063657411 8.1186270221109e-05 8.1186270221109e-05 5.7515890809807e-05 8.6104137397985e-05 996.95832992438 997.17409464981 7.1788360386856 6.7837278212131 0.0097354404959399 0.0085889230598731 0.0097354404959399 0.0084780982461973 1.0 0.98709677419355
4 6 2 13.190282705903 8.181068936517e-05 8.181068936517e-05 5.6494072834592e-05 8.0794762136078e-05 996.87296768936 996.97462105618 7.3398092546803 6.8147836722214 0.0 0.0 - -
5 19 2 13.30949332519 8.1470838597357e-05 8.1470838597357e-05 5.8273078320488e-05 9.8520018781977e-05 997.02452161897 997.19705134188 7.3751218672937 6.602860787172 0.01348876953125 0.0 165.56561542117 0.0 0.0015869140625 0.0 19.478307696608 0.0 0.0 0.0 0.0 0.0 0.0 0.0 0.0 0.0 12267.260497211 0.0 0.000999424 0.0 4037.7637650912 0.0 0.00032896 0.0 16305.024262302 0.0 0.001328384 0.0 0.0 0.0
6 9 2 13.428743975273 7.7453349387461e-05 7.7453349387461e-05 5.0473729766427e-05 8.4684467457253e-05 997.35753510312 996.87122876819 0.0 0.0 7.5445678677865 6.6725935447015 0.0 0.0 0.0 0.0 0.0 0.0 0.0 0.0
7 13 2 13.549915335017 8.5441201834118e-05 8.5441201834118e-05 5.4476265542515e-05 0.00010210204587469 997.16546270168 997.22543362079 7.8730189914866 6.7891168760734 199.0 199.0 0.0 0.0 0.0 0.0 0.0009765625 0.0 11.429643767137 0.0 0.0 0.0 0.0 0.0 0.0 0.0 0.0 0.0
8 10 2 13.669050264554 8.223935446697e-05 8.223935446697e-05 5.3021251121931e-05 7.097443434944e-05 997.07943922865 997.38884881173 7.4066337511077 7.0310185393006 8904.3500492713 0.0 0.000732288 0.0 3031.1521973354 0.0 0.00024928 0.0 11935.502246607 0.0 0.000981568 0.0
9 7 2 13.789899448489 8.2314574770246e-05 8.2314574770246e-05 5.6605543886434e-05 8.1445463072845e-05 997.17798026241 997.10157021918 7.1530004580852 6.8266170382468 1.4091273476867 1.185005127426 0.41307833256986 0.41087773937483 0.29314478442846 0.34673076923077
10 9 2 13.91007583575 7.9222385917512e-05 7.9222385917512e-05 5.7383122443183e-05 8.5633783935335e-05 997.26933649637 997.18076343757 7.1364327979713 6.668113334039 0.0 0.0 0.0 0.0 0.0 0.0 0.0 0.0 - -
11 7 2 14.031291676976 7.8605216923165e-05 7.8605216923165e-05 5.8649632971221e-05 8.9918622415884e-05 997.02231574861 996.86065996138 7.1422028473678 6.6409089387905 3.3886781373859 3.5704026970777 96.611321862614 96.429597302922 36.9518321513 35.123348017621
12 10 2 14.151578745929 8.1588653530199e-05 8.1588653530199e-05 6.0784802061782e-05 9.1651861331715e-05 997.4447121621 997.27890638453 7.018784010046 6.7695963585247 1800.0 2822.0 0.094181665969025 0.094450766450231 35.469444444444 36.640326009922 1747.0 2783.0 0.091408539137715 0.093145458196666 36.606182026331 36.875314408911
13 5 2 14.27139967285 7.8586185280168e-05 7.8586185280168e-05 5.4740442872692e-05 7.9008959634826e-05 997.17385989111 997.25473172393 7.1723564685626 6.761847514155 6.3888888888889 6.3333333333333
14 6 2 14.391517379212 7.9072851579675e-05 7.9072851579675e-05 5.5089356327644e-05 7.9898915512131e-05 997.35212723867 997.07633563681 7.1661656351312 6.823458844472 0.0 0.0 0.0 0.0
15 9 2 14.511174816163 7.9429921453056e-05 7.9429921453056e-05 5.7322855573691e-05 8.5249979134889e-05 997.20409466026 997.31852576015 7.0969424964937 6.6389300585786 0.19467040673212 0.18995694826734 0.0 0.0 0.0 0.0 0.0 0.0 0.0 0.0
16 7 2 14.631836996987 8.2269261334537e-05 8.2269261334537e-05 6.063617399266e-05 9.3534181451025e-05 997.16953648368 997.2620340001 7.047345692016 6.6467879568507 5.668273362478 5.9137857530424 94.331726637522 94.086214246958 30.126491646778 29.910519020484
17 8 2 14.751793013228 8.2233916854685e-05 8.2233916854685e-05 5.6475947460309e-05 8.0247375832726e-05 996.88542935711 997.19347686925 7.3022029528943 6.9155732583568 0.091047574408249 0.090987191502655 5.8589172720881e-05 0.0 0.00064350064350064 0.0 10.983268983269 10.990557939914
18 10 2 14.871617176435 8.1149113203829e-05 8.1149113203829e-05 5.770937918028e-05 8.5375950486157e-05 997.04745647441 997.02952945643 7.2176820629073 6.7210787286412 5092.4524456849 8119.3740015992 0.000413248 0.00065888 1255.5651685814 1996.9164615881 0.000101888 0.000162048 6348.0176142664 10116.290463187 0.000515136 0.000820928
19 8 2 14.991373855248 8.0560038539621e-05 8.0560038539621e-05 6.0000426489677e-05 9.0504978273945e-05 997.56101146224 997.09666807486 6.8975360733448 6.7412920210612 88.276742289219 88.102497859621 90.920762468658 91.885586113322 90.727426517234 91.338850754264 98.477479382533 99.137339721926
20 12 2 15.112509111966 8.4693530144931e-05 8.4693530144931e-05 6.2555197994894e-05 9.7381292142634e-05 997.13214259367 996.91741718212 7.4917241005047 7.1978430518806 122543.0 190357.0 91.678839264585 91.747611067626 91.555617211917 91.239618191083 97.328284765348 98.105139290911 88.767113364723 88.576866164742 81.380659181456 81.267158664719 81.271278522275 80.817194494337 86.395508873597 86.898457930444
21 7 2 15.232793900746 8.1107424842977e-05 8.1107424842977e-05 6.0610345334307e-05 9.2657366470075e-05 997.36445440901 997.15189381952 7.0321223910415 6.7972276701127 11.398944362206 11.654383536857 88.601055637794 88.345616463143 16.154716466739 16.076354898994
22 7 2 15.353607337819 7.9120883821526e-05 7.9120883821526e-05 5.7549422752231e-05 8.5444373774076e-05 996.88671969154 997.16864443001 7.0093824162481 6.6932770126367 17236.0 26396.0 23843.0 36625.0 23536.0 36367.0
23 13 2 15.473840963199 8.1884097131017e-05 8.1884097131017e-05 6.0779364449497e-05 9.0419335880457e-05 997.35548397617 997.1908022055 7.0606411538664 6.6542835228599 0.14163019734439 0.15027913922883 536524.0 798168.0 17778.0 27733.0 10479.0 13873.0 476.0 424.0 1.9531279122649 1.7381052610478 0.14929434657164 0.085696244399675 3.3135516770918 3.4745817923044 94.584026064072 94.701616702248
24 5 2 15.594564762139 8.0347971660506e-05 8.0347971660506e-05 5.5794886521617e-05 7.9811007446857e-05 997.50292946016 997.39004690859 7.4305111339086 6.835260788575 1.0008301510875 0.99957306009179
25 10 2 15.71486256947 8.0965140654853e-05 8.0965140654853e-05 5.6192738487134e-05 8.0262329266509e-05 997.20657341075 997.14522396492 7.2098255813953 6.7966309811596 5356.9721054267 8280.8971191457 0.000433728 0.000670464 2949.2198502799 4594.9651540277 0.000238784 0.000372032 8306.1919557067 12875.862273173 0.000672512 0.001042496
26 6 2 15.834481359498 8.1943910866152e-05 8.1943910866152e-05 5.6673967174353e-05 8.0275470162864e-05 997.05614649287 997.308480902 7.1477311692765 6.8635852930921 0.0 0.0 0.0 0.0
27 19 2 15.954944389584 8.2002818332573e-05 8.2002818332573e-05 5.8419440717825e-05 9.871803849602e-05 997.27243980322 997.10420161669 7.1631847983109 6.6516853932584 0.013916015625 0.0 169.70167499075 0.0 0.0015869140625 0.0 19.351945393682 0.0 0.0 0.0 0.0 0.0 0.0 0.0 0.0 0.0 11980.076050749 0.0 0.0009824 0.0 4022.4958935219 0.0 0.000329856 0.0 16002.571944271 0.0 0.001312256 0.0 0.0 0.0
1 9 2 16.074795252374 8.0873607514722e-05 8.0873607514722e-05 5.7769646049772e-05 8.5667315877759e-05 997.11240481068 996.91334939008 7.1978884372177 6.7368064711542 0.0 0.0 0.0 0.0 0.0 0.0 0.0 0.0 - -
2 7 2 16.195646780826 7.8395868850193e-05 7.8395868850193e-05 5.4472640467658e-05 7.9661019974664e-05 997.09910720887 997.16348372638 7.2052865020379 6.815010079082 0.0 0.0 0.0 0.0 - -
3 7 2 16.315975885241 7.8590716623739e-05 7.8590716623739e-05 5.6621403588931e-05 8.5219619132964e-05 996.79394531472 996.96335156927 7.1887584857899 6.7173982926742 0.010338428912256 0.0087430484464488 0.01025006627198 0.0086877126967878 0.99145299145299 0.99367088607595
4 6 2 16.437140786914 8.0383316140359e-05 8.0383316140359e-05 5.5415613064742e-05 8.0204328068803e-05 997.12053967217 997.36091095866 7.3538184004811 6.919429241595 0.0 0.0 - -
5 19 2 16.557951498837 7.9438984140198e-05 7.9438984140198e-05 5.7152477055429e-05 9.7398511248204e-05 997.18943838032 997.28655505871 7.2150906698701 6.5081297120538 0.0 0.0 0.0 0.0 0.0 0.0 0.0 0.0 0.0 0.0 0.0 0.0 0.0 0.0 0.0 0.0 12509.324115301 0.0 0.000993728 0.0 4285.2511733939 0.0 0.000340416 0.0 16794.575288695 0.0 0.001334144 0.0 0.0 0.0
6 9 2 16.678545910699 8.0688728697032e-05 8.0688728697032e-05 5.2478396162149e-05 8.8154570363772e-05 996.78564178944 997.14236588591 0.0 0.0 7.5080713128039 6.7241808378266 0.0 0.0 0.0 0.0 0.0 0.0 0.0 0.0
7 13 2 16.798990833536 8.1433681580077e-05 8.1433681580077e-05 5.2474317952935e-05 9.9230986588235e-05 997.06593541683 996.95900222652 7.5118707836015 6.5894743176963 200.0 200.0 0.0 0.0 0.0 0.0 0.0003662109375 0.0 4.4970450849615 0.0 0.0 0.0 0.0 0.0 0.0 0.0 0.0 0.0
8 10 2 16.918721797881 8.1798907871885e-05 8.1798907871885e-05 5.2520084523e-05 6.974236203254e-05 997.21966809439 997.0137056468 7.6383287201793 7.0154063539815 9979.5953422573 0.0 0.00081632 0.0 2969.2327968535 0.0 0.00024288 0.0 12948.828139111 0.0 0.0010592 0.0
9 7 2 17.038875288263 8.0202062397525e-05 8.0202062397525e-05 5.5783105028333e-05 8.0449473755983e-05 997.629222586 997.13009628048 7.2008072063641 6.9424783951824 1.3864646700983 1.2551519180386 0.41635470285447 0.4196613615923 0.3002995401426 0.33435104990965
10 9 2 17.158995399862 7.8373212132339e-05 7.8373212132339e-05 5.7052334362514e-05 8.5100897931409e-05 996.75627597087 997.1169628287 7.0733707865169 6.777272563242 0.0 0.0 0.0 0.0 0.0 0.0 0.0 0.0 - -
11 7 2 17.279275483295 7.8987662320543e-05 7.8987662320543e-05 5.9723561397501e-05 9.1126678611859e-05 997.34318343445 997.30418745393 8.5440814209776 6.5782277321645 2.8580966760495 3.5722987722709 97.141903323951 96.427701227729 43.832249229716 34.61602998929
12 10 2 17.398783475629 8.0619852274756e-05 8.0619852274756e-05 6.0135460528087e-05 9.1007504275947e-05 996.98795448486 997.0305545143 7.1422420752381 6.6884241374717 1761.0 2833.0 0.094774231742102 0.094345277740775 36.589437819421 36.829156371338 1697.0 2750.0 0.091329853075723 0.091581190888504 37.309369475545 37.228363636364
13 5 2 17.518936731288 8.3828949791617e-05 8.3828949791617e-05 5.7643674698504e-05 8.2414717462639e-05 996.8883428922 997.2060514087 7.3371207751759 6.9320806494645 5.4375 5.4375
14 6 2 17.638629782787 8.3372190359677e-05 8.3372190359677e-05 5.7579329619799e-05 8.1703296522024e-05 997.40477456819 997.25987622525 7.2536248430186 6.9450350512287 0.0 0.0 0.0 0.0
15 9 2 17.758962832189 8.0047996716117e-05 8.0047996716117e-05 5.8124903385723e-05 8.5467936760644e-05 997.06738623 997.00403739278 7.0708891461331 6.657548268681 0.1953034562593 0.18686244749568 0.0 0.0 0.0 0.0 0.0 0.0 0.0 0.0
16 7 2 17.879097125987 8.2164134163694e-05 8.2164134163694e-05 6.078525519614e-05 9.2374610631258e-05 997.14305204388 997.35304080179 7.1099803890391 6.6820833879638 5.7885555820611 6.08661954213 94.211444417939 93.91338045787 29.261171567492 28.767693463561
17 8 2 17.999165194199 8.1541527557062e-05 8.1541527557062e-05 5.5866028615679e-05 8.0961062445127e-05 997.09110360888 997.16718025603 7.2094029588913 6.8529073335379 0.091047307175019 0.090978827861307 0.0 0.0 0.0 0.0 10.983301220295 10.991568296796
18 10 2 18.120340674747 8.1243365150102e-05 8.1243365150102e-05 5.8376846088259e-05 8.6040245453636e-05 997.18845105792 997.08856121767 7.0517817067163 6.7442636925481 5259.0632996381 8139.1015595957 0.000427264 0.000661248 1326.5821744444 1998.5385846588 0.000107776 0.000162368 6585.6454740825 10137.640144255 0.00053504 0.000823616
19 8 2 18.24068830692 8.2502172394078e-05 8.2502172394078e-05 6.0646596082873e-05 9.2757962297347e-05 997.03119586521 997.22083530931 7.0994058985784 6.7250238181281 88.369521361646 88.088108137155 90.847890733573 92.070951573743 90.603565504565 91.757326468103 97.92585065527 98.835385900549
20 12 2 18.362210471502 8.0478474355346e-05 8.0478474355346e-05 5.9869470660481e-05 9.0171018252778e-05 997.2630175951 997.36119823421 7.0017488076312 6.7396193185667 116983.0 175223.0 90.564440987152 92.298956187259 90.485797081627 91.683169446933 98.937452450356 99.175336571112 88.540980752783 88.054413700916 80.1866442633 81.273304722755 80.117012178046 80.731077318914 87.600190731364 87.328261153603
21 7 2 18.482227068182 7.8933286197693e-05 7.8933286197693e-05 5.8683164913645e-05 9.0414351402529e-05 997.27209214429 997.13583082692 7.1474695071472 6.8052864938608 11.289139415467 11.695425773439 88.710860584533 88.304574226561 16.142335253618 15.871993514098
22 7 2 18.60277749973 8.0954265430283e-05 8.0954265430283e-05 5.77778024682e-05 8.6566334442206e-05 997.25318576658 997.0735525478 7.1276762256135 6.8021719779242 16980.0 26143.0 23488.0 36352.0 23243.0 36184.0
23 13 2 18.724266513002 8.1231583656818e-05 8.1231583656818e-05 6.0082443808308e-05 9.2399986155254e-05 997.35841954338 997.22023642155 7.0400870765637 6.4835140377095 0.1420436976311 0.15423734631926 530372.0 815652.0 17593.0 29099.0 9905.0 14671.0 448.0 476.0 1.867557110858 1.7986837523846 0.1370736011705 0.10016526655976 3.3171057295634 3.5675753875427 94.678263558408 94.533575593513
24 5 2 18.844076213973 8.1205301864107e-05 8.1205301864107e-05 5.6127034005357e-05 8.0947015280057e-05 997.04329511399 996.99416656821 7.3396539464328 6.8857880738542 1.0 1.0003180998834
25 10 2 18.962766385794 7.8845378132419e-05 7.8845378132419e-05 5.4672019584773e-05 7.9708599082157e-05 997.30018012924 997.05176306649 7.0801596150461 6.8771991555243 5612.1996048625 8484.8600621389 0.000442496 0.000668992 1560.9285276469 2337.7400726069 0.000123072 0.00018432 7173.1281325094 10822.600134746 0.000565568 0.000853312
26 6 2 19.081528713824 7.6109352884353e-05 7.6109352884353e-05 5.424108881119e-05 7.8041970916817e-05 997.34386943546 997.17523464111 7.1725088381569 6.8395615742028 0.0 0.0 0.0 0.0
27 19 2 19.201498663041 8.0192999710384e-05 8.0192999710384e-05 5.7635518280076e-05 9.6895532111845e-05 997.07302039257 997.1511183572 7.1488871402878 6.6631559267107 0.013671875 0.0 170.48713789702 0.0 0.0018310546875 0.0 22.833098825494 0.0 0.0 0.0 0.0 0.0 0.0 0.0 0.0 0.0 11796.341369152 0.0 0.000945984 0.0 14128.315490028 0.0 0.001132992 0.0 25924.65685918 0.0 0.002078976 0.0 0.0 0.0
1 9 2 19.320975655547 7.9829585956003e-05 7.9829585956003e-05 5.7258057360629e-05 8.4419836992718e-05 997.05981777233 997.0819298415 7.1285117905901 6.592194189873 0.0 0.0 0.0 0.0 0.0 0.0 0.0 0.0 - -
2 7 2 19.442195942927 7.9371013986635e-05 7.9371013986635e-05 5.5472254859377e-05 7.9211963826798e-05 996.78447608522 997.20160514207 7.2351654846336 6.8700727058361 0.0 0.0 0.0 0.0 - -
3 7 2 19.563195060865 7.878465812857e-05 7.878465812857e-05 5.6880596441181e-05 8.5524578555279e-05 997.04644028295 997.22527764757 7.091520253093 6.8483309143686 0.0087379906968656 0.0087867048453203 0.0087379906968656 0.0087024872269946 1.0 0.99041533546326
4 6 2 19.684035241926 7.9606643852318e-05 7.9606643852318e-05 5.498604169423e-05 7.9599393702101e-05 996.8453656223 997.33540147459 7.2710168374378 6.8503685216238 0.0 0.0 - -
5 19 2 19.805131223677 8.1808876827741e-05 8.1808876827741e-05 5.8344673548907e-05 9.9790154384872e-05 996.96058636932 997.27724577619 7.1528248430643 6.7379145759393 0.0 0.0 0.0 0.0 0.0 0.0 0.0 0.0 0.0 0.0 0.0 0.0 0.0 0.0 0.0 0.0 12518.543704694 0.0 0.001024128 0.0 4043.7665547783 0.0 0.000330816 0.0 16562.310259472 0.0 0.001354944 0.0 0.0 0.0
6 9 2 19.925806672275 7.7518600734881e-05 7.7518600734881e-05 5.0293382292309e-05 8.4892456127153e-05 996.7704257962 997.10232597293 0.0 0.0 7.462014253059 6.6784899472408 0.0 0.0 0.0 0.0 0.0 0.0 0.0 0.0
7 13 2 20.045695896512 7.6234417966908e-05 7.6234417966908e-05 5.0016064065776e-05 9.7213179296158e-05 997.24800406117 996.93153773667 7.4009655357382 6.6304549388058 200.0 200.0 0.0 0.0 0.0 0.0 0.0003662109375 0.0 4.8037480611312 0.0 0.0 0.0 0.0 0.0 0.0 0.0 0.0 0.0
8 10 2 20.165850533324 7.8974068289831e-05 7.8974068289831e-05 5.0664499330758e-05 6.8437335084149e-05 997.03330056725 996.93388038839 7.5957201086957 7.1602427345565 9676.8979558624 0.0 0.000764224 0.0 3162.9622914103 0.0 0.000249792 0.0 12839.860247273 0.0 0.001014016 0.0
9 7 2 20.284918570261 7.9440796677626e-05 7.9440796677626e-05 5.5482676949589e-05 7.9754365652222e-05 997.31028159323 997.1529994977 7.2553922730505 6.9441331965596 1.4337520739512 1.3189457902628 0.40560559374259 0.41986901286199 0.28289799966937 0.31833682321268
10 9 2 20.404902128009 7.7678104028574e-05 7.7678104028574e-05 5.6909143905677e-05 8.4618762975476e-05 997.21663781053 997.20652865672 7.0512604570209 6.7296479152402 0.0 0.0 0.0 0.0 0.0 0.0 0.0 0.0 - -
11 7 2 20.526104088823 7.8902473061412e-05 7.8902473061412e-05 5.9151705838866e-05 9.0741514408341e-05 997.23109969553 997.21215915719 7.017094017094 6.6826736968564 3.4257961222317 3.518049667171 96.574203877768 96.481950332829 36.807883211679 35.575032222427
12 10 2 20.648128045329 8.3968515173598e-05 8.3968515173598e-05 6.1844683322993e-05 9.250919153531e-05 996.91334617866 997.17903679799 6.9854642235643 6.8297203265088 1837.0 2826.0 0.094021906029276 0.094540345242874 35.937942297224 37.238145789101 1793.0 2734.0 0.091769884327976 0.091462598688612 36.293920803123 37.899414776884
13 5 2 20.778429105349 8.19022225053e-05 8.19022225053e-05 5.6677139114852e-05 8.0871794976782e-05 997.11194994071 997.22781298437 7.2295243049535 6.9094850948509 6.2941176470588 6.15
14 6 2 20.902665853768 8.4012016071878e-05 8.4012016071878e-05 5.6976660924882e-05 8.2002365197696e-05 997.07953782241 997.00226004121 7.2879499217527 6.8286857099732 0.0 0.0 0.0 0.0
15 9 2 21.024160305559 8.3327783192683e-05 8.3327783192683e-05 5.9237348232354e-05 8.7146799553626e-05 997.08721543951 997.034374034 7.1757602371281 6.8176822999752 0.19458777033703 0.19100287142401 0.0 0.0 0.0 0.0 0.0 0.0 0.0 0.0
16 7 2 21.143652267812 7.915441576395e-05 7.915441576395e-05 5.9160768526008e-05 9.0573854696222e-05 997.06634933365 997.23286017447 6.871887994105 6.5032209786569 6.0095435779992 6.0545419070156 93.990456422001 93.945458092984 28.78559699742 29.240267829337
17 8 2 21.263827710741 8.0606258244043e-05 8.0606258244043e-05 5.6030516387299e-05 8.0043012237682e-05 997.00157299857 996.99431627266 7.3335507976988 6.8612546125461 0.091038491192693 0.091007962711206 0.0 3.8842493688095e-05 0.0 0.00042680324370465 10.984364820847 10.988049509176
18 10 2 21.384322877116 7.9697270723735e-05 7.9697270723735e-05 5.7304277065051e-05 8.6482504586146e-05 997.53652486499 997.19284644718 7.1731140102099 6.8620429295653 5182.8123629456 8199.0260653355 0.000413056 0.00065344 1280.8468730862 2038.1124538513 0.00010208 0.000162432 6463.6592360318 10237.138519187 0.000515136 0.000815872
19 8 2 21.504261965164 7.9235979948225e-05 7.9235979948225e-05 5.945530585811e-05 9.0960378302811e-05 996.95194335794 997.13334816841 7.1193163320673 6.6687485465599 88.554900959538 87.985712577714 89.493098796576 90.836720867209 89.755275933816 90.798860194484 98.24326075193 98.702275625697
20 12 2 21.624450123044 7.8887066493271e-05 7.8887066493271e-05 5.9007155978958e-05 9.0922315016816e-05 997.01680087643 997.33567911531 6.8819363703625 6.5753047581597 114990.0 176343.0 91.991477519784 92.871279268244 92.173232454996 92.522527120441 98.697278024176 99.118762865552 88.30440792505 87.884994916572 81.232529565351 81.619919063852 81.393027184764 81.313418256484 87.154046997389 87.110519705759
21 7 2 21.744192906038 7.999633939941e-05 7.999633939941e-05 5.9870376929195e-05 9.0768249335409e-05 996.96440545409 996.88511074454 7.0564516129032 6.7792067144984 11.448249763482 11.759654938296 88.551750236518 88.240345061704 16.064671151998 15.73822455703
22 7 2 21.864683903577 7.9610268927175e-05 7.9610268927175e-05 5.7230869299204e-05 8.531024600438e-05 997.24246062829 997.14212143551 7.0955056179775 6.643388969265 16924.0 26458.0 23386.0 36755.0 23128.0 36544.0
23 13 2 21.984382789634 8.6247780989725e-05 8.6247780989725e-05 6.7580004880554e-05 0.00010277177845446 997.34411797525 997.32637781279 7.1464372993435 6.7772897056626 0.13992986408652 0.14755160889234 596556.0 907208.0 19478.0 30966.0 11451.0 16515.0 460.0 512.0 1.9195180335124 1.8204204548461 0.13108576562804 0.10207141030502 3.2650748630472 3.4133296884507 94.684321337812 94.664178446398
24 5 2 22.103991482923 7.8756563798431e-05 7.8756563798431e-05 5.5031808264295e-05 7.9811007446857e-05 997.33351803937 997.15464685032 7.190467732386 6.6903821317329 1.0009773578759 1.0
25 10 2 22.22339467253 7.8687687376154e-05 7.8687687376154e-05 5.4824725863109e-05 7.9283105920859e-05 997.67924160361 997.14867873481 7.1646828921656 6.7507523728683 5685.2604888674 8640.1319275019 0.00044736 0.000679872 1442.8686848714 2537.6269993228 0.000113536 0.00019968 7128.1291737387 11177.758926825 0.000560896 0.000879552
26 6 2 22.34281201443 7.9149884420379e-05 7.9149884420379e-05 5.5032261398652e-05 7.9567221162748e-05 997.34173012792 997.16831391426 7.1638058160797 6.8979022627278 0.0 0.0 0.0 0.0
27 19 2 22.461953151001 7.85626222936e-05 7.85626222936e-05 5.7282526615911e-05 9.8341936979644e-05 997.15789924469 997.11041693769 7.2043084287912 6.5843269318285 0.0 0.0 0.0 0.0 0.0 0.0 0.0 0.0 0.0 0.0 0.0 0.0 0.0 0.0 0.0 0.0 13102.617630978 0.0 0.001029376 0.0 4137.5400987154 0.0 0.000325056 0.0 17240.157729694 0.0 0.001354432 0.0 0.0 0.0
1 9 2 22.582044528444 7.7050059809657e-05 7.7050059809657e-05 5.6318256704045e-05 8.3405722301573e-05 997.42781831213 997.11769663724 7.9390610028745 7.2116914155859 0.0 0.0 0.0 0.0 0.0 0.0 0.0 0.0 - -
2 7 2 22.701264434266 7.9058351280248e-05 7.9058351280248e-05 5.5057636922648e-05 8.0265048072652e-05 997.11888275751 996.94503152943 7.1025895832116 6.7258885176185 0.0 0.0 0.0 0.0 - -
3 7 2 22.8209152473 7.8674999614156e-05 7.8674999614156e-05 5.6324600585044e-05 8.4912394038864e-05 997.20654651642 997.11526921665 7.1285198141882 6.7401266095964 0.0093830220412499 0.008532232879768 0.0093830220412499 0.0084485835378095 1.0 0.99019607843137
4 6 2 22.941333546681 7.826899123021e-05 7.826899123021e-05 5.4670660181702e-05 7.9340200849851e-05 997.27538256482 997.39283190146 7.2532163039558 6.7413082816771 0.0 0.0 - -
5 19 2 23.061544046803 8.2165040432408e-05 8.2165040432408e-05 5.8342407877121e-05 9.8636474311746e-05 997.24377107488 997.23173582041 7.1581141935843 6.6128748063311 0.0133056640625 0.0 161.93826464974 0.0 0.0015869140625 0.0 19.313737985749 0.0 0.0 0.0 0.0 0.0 0.0 0.0 0.0 0.0 12620.063162423 0.0 0.001036928 0.0 4030.1325023068 0.0 0.000331136 0.0 16650.195664729 0.0 0.001368064 0.0 0.0 0.0
6 9 2 23.182104169082 7.6543455598438e-05 7.6543455598438e-05 5.0431135136862e-05 8.590928962444e-05 996.88798003732 997.09891626042 0.0 0.0 7.3621750347291 6.6081910073196 0.0 0.0 0.0 0.0 0.0 0.0 0.0 0.0
7 13 2 23.301672566944 7.855174706903e-05 7.855174706903e-05 5.0821283818307e-05 0.00010184058735066 997.15317168703 997.06326180475 7.4740103958417 6.6540442918048 200.0 200.0 0.0133056640625 0.0 169.38724546517 0.0 0.00030517578125 0.0 3.885028565715 0.0 0.0 0.0 0.0 0.0 0.00152587890625 0.0 19.425142828575 0.0
8 10 2 23.422151044381 7.6370358274033e-05 7.6370358274033e-05 4.9654462848826e-05 6.8098390585054e-05 997.55272003107 997.21025265933 7.3454886714037 7.1812968891862 8864.5911227863 0.0 0.000676992 0.0 2859.329259874 0.0 0.000218368 0.0 11723.92038266 0.0 0.00089536 0.0
9 7 2 23.541846102359 5.466884764462e-05 5.466884764462e-05 4.0261440760915e-05 6.3877444048853e-05 996.87292281094 997.48418927347 7.0099408284024 6.4682022575021 1.4265088757396 1.2593833165091 0.4291124260355 0.42153803799211 0.30081300813008 0.33471781979816
10 9 2 23.662197181977 7.7016527867233e-05 7.7016527867233e-05 5.6188207143563e-05 8.38330280003e-05 996.79200180219 997.04726651423 7.098231152327 6.7486320857956 0.0 0.0 0.0 0.0 0.0 0.0 0.0 0.0 - -
11 7 2 23.782955563225 8.1607685173196e-05 8.1607685173196e-05 6.0316261136562e-05 9.2472940786744e-05 997.17475184898 997.19438762737 7.0540010598834 6.744464273911 3.4272663756771 3.4879504493468 96.572733624323 96.512049550653 36.200225288651 35.551624548736
12 10 2 23.903369642113 7.9721739979018e-05 7.9721739979018e-05 5.9353350627767e-05 9.1541296548587e-05 997.13744693248 997.10060225546 7.0607514419708 6.6973213101711 1764.0 2847.0 0.095089213519487 0.094384033947752 36.274376417234 36.050228310502 1695.0 2814.0 0.091369737480459 0.093290014586925 37.650737463127 36.651385927505
13 5 2 24.023801079672 7.7954515986394e-05 7.7954515986394e-05 5.434349717589e-05 7.9550002057179e-05 996.8032493112 997.18859402535 7.1547548025295 6.8110572259942 6.1 5.9545454545455
14 6 2 24.143434976294 7.9813273119148e-05 7.9813273119148e-05 5.5411987989885e-05 8.0037574625397e-05 997.05531190697 997.39594963064 7.1806224310041 6.7833250124813 0.0 0.0 0.0 0.0
15 9 2 24.263756616679 8.1324023065663e-05 8.1324023065663e-05 5.8315219815696e-05 8.5409935562938e-05 997.10100399863 997.20642265658 7.0683253693634 6.9529307610019 0.19421101774043 0.19303552325796 0.0 0.0 0.0 0.0 0.0 0.0 0.0 0.0
16 7 2 24.38270017217 7.7605602531441e-05 7.7605602531441e-05 5.8636492074866e-05 9.0184159149133e-05 997.11913055967 996.88167311711 6.9683360258481 6.6900736159199 5.8762615724641 6.0977876928797 94.123738427536 93.90221230712 29.837824595786 29.716489107966
17 8 2 24.502426625109 7.6858837110968e-05 7.6858837110968e-05 5.4292746127897e-05 7.8760642007146e-05 997.25453723771 997.21147787914 7.2017791669171 6.7176702481255 0.091062090521128 0.090979361521218 6.0106990442989e-05 0.0 0.00066006600660066 0.0 10.981518151815 10.99150382328
18 10 2 24.621786321974 7.9414514884915e-05 7.9414514884915e-05 5.7581595291584e-05 8.4884752843082e-05 997.11773916704 997.23311040366 7.1126161423934 6.7159502384111 5264.9317395682 8243.5308072926 0.000418112 0.000654656 1302.3311941133 2066.3225134322 0.000103424 0.000164096 6567.2629336815 10309.853320725 0.000521536 0.000818752
19 8 2 24.741377450869 7.7918265237828e-05 7.7918265237828e-05 5.860794461037e-05 8.9677554937917e-05 997.59506117722 997.11159328892 7.1426441351889 6.5522778439942 88.728071192757 87.841641191481 90.637781334323 91.469644526414 90.510209604218 92.151790000253 98.466819752743 99.054091609611
20 12 2 24.860778363023 8.062075854347e-05 8.062075854347e-05 5.9622965570229e-05 9.1329682803831e-05 996.9212457746 997.05233233387 7.0149277603028 6.6867162099396 116549.0 177552.0 91.395035564441 93.116382806164 91.800015444148 92.2766288186 99.154861903577 99.478462647562 88.577204569118 88.092840025601 80.955167617933 82.028866143061 81.313887474445 81.289103006187 87.828604868558 87.633402960045
21 7 2 24.981481503568 7.8767439023001e-05 7.8767439023001e-05 5.8861699850335e-05 9.0598323951504e-05 997.4243425821 997.08750879294 7.0662568677583 6.6525920010648 11.421950900315 11.958266854059 88.578049099685 88.041733145941 16.090337015802 15.360209424084
22 7 2 25.101828630948 7.8777407978857e-05 7.8777407978857e-05 5.648047880388e-05 8.4465150428426e-05 996.96541438763 996.94982399439 7.1347452776188 6.8515033448504 16710.0 25479.0 23078.0 35355.0 22746.0 35136.0
23 13 2 25.222721329376 7.6742834715555e-05 7.6742834715555e-05 5.854903714395e-05 8.8860553692102e-05 997.2336756359 997.24375958075 6.9869139674471 6.7799059604481 0.14312470493541 0.14749467114053 516836.0 784408.0 17319.0 26807.0 10220.0 13939.0 460.0 580.0 1.9774164338397 1.7770089035298 0.14608115533748 0.11741338691089 3.3509662639599 3.4174817186974 94.525536146863 94.688095990862
24 5 2 25.34356940857 7.8205552420218e-05 7.8205552420218e-05 5.4718692423552e-05 7.8036986438889e-05 997.46413096841 997.11154586071 7.2486943994237 6.7506565795147 1.0008257638315 1.0
25 10 2 25.463542313129 7.925229278508e-05 7.925229278508e-05 5.5202639916914e-05 7.9501063546615e-05 997.35648385971 997.28359749256 7.3044729583883 6.7865929135077 5555.1200416865 8669.0236440623 0.000440256 0.00068704 1380.9064211781 3490.2207908372 0.00010944 0.000276608 6936.0264628645 12159.244434899 0.000549696 0.000963648
26 6 2 25.584329923355 7.797536016682e-05 7.797536016682e-05 5.4435936584735e-05 7.9279027711646e-05 997.46196943067 997.09738683748 7.1840688912809 6.9320099845477 0.0 0.0 0.0 0.0
27 19 2 25.704052948786 7.8683156032584e-05 7.8683156032584e-05 5.6769125389339e-05 9.7477809760693e-05 997.40435513907 997.13416502757 7.1736715529088 6.5797699883771 0.0 0.0 0.0 0.0 0.0 0.0 0.0 0.0 0.0 0.0 0.0 0.0 0.0 0.0 0.0 0.0 12576.618045039 0.0 0.000989568 0.0 4254.0235658746 0.0 0.00033472 0.0 16830.641610913 0.0 0.001324288 0.0 0.0 0.0
1 9 2 25.82480600208 7.9988182980982e-05 7.9988182980982e-05 5.7320589901906e-05 8.6050214409492e-05 996.83709674701 997.42243767827 6.9826672554648 6.6197232195768 0.0 0.0 0.0 0.0 0.0 0.0 0.0 0.0 - -
2 7 2 25.944790581193 7.8151176297368e-05 7.8151176297368e-05 5.4972900797874e-05 7.9164837853661e-05 996.94855423371 996.84539688739 7.1074462475833 6.8740901042691 0.0 0.0 0.0 0.0 - -
3 7 2 26.06590444725 8.0217468965666e-05 8.0217468965666e-05 5.7925524268608e-05 8.5511437658924e-05 997.20177210366 997.29172124059 7.0896234263213 6.7616539467555 0.0095205567177561 0.0089260886491296 0.0095205567177561 0.0088704743896335 1.0 0.99376947040498
4 6 2 26.185622721114 7.773610522628e-05 7.773610522628e-05 5.4432311509878e-05 7.7959500463829e-05 997.05042546712 997.08414355627 7.1788681049423 6.6974852071006 0.0 0.0 - -
5 19 2 26.305688895224 7.8532715426032e-05 7.8532715426032e-05 5.7008380329878e-05 9.9004872544052e-05 996.97546338238 996.95781147347 7.1162961705979 6.5349344978166 0.0 0.0 0.0 0.0 0.0 0.0 0.0 0.0 0.0 0.0 0.0 0.0 0.0 0.0 0.0 0.0 12938.913349521 0.0 0.001016128 0.0 4196.1620480369 0.0 0.000329536 0.0 17135.075397558 0.0 0.001345664 0.0 0.0 0.0
6 9 2 26.42592322115 7.7441567894177e-05 7.7441567894177e-05 5.0487776931497e-05 8.4829470451518e-05 997.26285424309 997.24759475445 0.0 0.0 7.4383470191602 6.57809480305 0.0 0.0 0.0 0.0 0.0 0.0 0.0 0.0
7 13 2 26.545724134033 7.9253199053794e-05 7.9253199053794e-05 5.1490110129357e-05 9.8488752511338e-05 997.33802522299 997.26194343592 7.504854368932 6.7015077236148 199.0 199.0 0.0 0.0 0.0 0.0 0.0003662109375 0.0 4.6207716770074 0.0 0.0 0.0 0.0 0.0 0.0 0.0 0.0 0.0
8 10 2 26.665889642444 7.8372305863625e-05 7.8372305863625e-05 5.0489589468925e-05 6.777304011667e-05 996.92666893476 997.13508357841 7.5118317265557 7.0479713491353 8703.4825948204 0.0 0.000682112 0.0 2816.5051106714 0.0 0.000220736 0.0 11519.987705492 0.0 0.000902848 0.0
9 7 2 26.785464972356 7.8970443214974e-05 7.8970443214974e-05 5.4790740786328e-05 7.8666390060873e-05 997.06079426812 997.210676915 7.2981047802994 6.9428114377125 1.4032472235635 1.3467706458708 0.41181796233704 0.42575484903019 0.29347498817153 0.3161301817318
10 9 2 26.904455545974 7.8809127383853e-05 7.8809127383853e-05 5.6513104477589e-05 8.4393555200008e-05 997.20879283849 997.21650310977 7.0764866091693 6.8258750229064 0.0 0.0 0.0 0.0 0.0 0.0 0.0 0.0 - -
11 7 2 27.023165466297 7.6277918865188e-05 7.6277918865188e-05 5.7576610813656e-05 8.8768567417615e-05 997.35767867031 997.05693810311 7.0598399822202 6.4938177478702 3.4030362890849 3.5936885844236 96.596963710915 96.406311415576 36.748203592814 34.896341463415
12 10 2 27.143016163239 7.7911921356829e-05 7.7911921356829e-05 5.8405393552755e-05 9.0178721536848e-05 997.03264205082 997.02975823517 7.0313676286073 6.6576676033721 1734.0 2825.0 0.094593857400033 0.09450689147598 35.915801614764 36.271150442478 1679.0 2727.0 0.09159347553325 0.091228422320353 36.471113758189 37.435276861019
13 5 2 27.262579959975 9.252097302918e-05 9.252097302918e-05 5.8094543383798e-05 8.2066710276402e-05 996.86962421137 997.09755949784 7.5132442569151 7.0569279925187 5.8620689655172 6.0
14 6 2 27.383909102009 7.8959567990404e-05 7.8959567990404e-05 5.4549673308362e-05 7.9350169805707e-05 997.13000513085 997.2813248745 7.4287565566183 6.7564626900224 0.0 0.0 0.0 0.0
15 9 2 27.50435305242 7.8521840201462e-05 7.8521840201462e-05 5.7579782754156e-05 8.5543610198277e-05 997.0863521724 997.22753489702 7.0204419889503 6.8179421430893 0.19662983425414 0.19162844450865 0.0 0.0 0.0 0.0 0.0 0.0 0.0 0.0
16 7 2 27.624387548814 7.7631884324151e-05 7.7631884324151e-05 5.8301625784984e-05 9.0247597959124e-05 997.19065688536 997.16647548511 7.0666776514527 6.5682672646923 5.7934293464322 6.1211168741182 94.206570653568 93.878883125882 29.642699926632 28.703101013202
17 8 2 27.744666547444 7.7438849088034e-05 7.7438849088034e-05 5.3793392066395e-05 7.8808221114639e-05 997.42673890725 997.09844111644 7.2474969474969 6.8460872303574 0.091025641025641 0.09100928987561 0.0 3.9363879703984e-05 0.0 0.00043252595155709 10.985915492958 10.987889273356
18 10 2 27.864491204567 7.9158947107521e-05 7.9158947107521e-05 5.7112601232006e-05 8.5358731380588e-05 996.82224039185 997.26844661691 7.2055225245827 6.7887415309211 5172.7822938804 8232.1458762567 0.000409472 0.000651648 1280.6638251808 2030.1432228718 0.000101376 0.000160704 6453.4461190612 10262.289099129 0.000510848 0.000812352
19 8 2 27.984864694398 7.863240498459e-05 7.863240498459e-05 5.9844548270841e-05 9.1435716243388e-05 996.84787817224 996.97627950145 7.2668647518433 7.3665668808411 88.861798467456 89.185023663801 89.971832692249 92.683797110786 89.653057515825 92.357707460911 97.558833328285 99.251678767004
20 12 2 28.104927635848 7.8755657529717e-05 7.8755657529717e-05 5.9285380474205e-05 8.9807151364042e-05 997.26150895659 997.08656117766 6.8546130874417 6.7156072106262 115433.0 174502.0 91.346495369608 91.923874797997 91.367286651131 91.350242404099 98.075940155761 98.829812838821 88.228595013529 88.04738863016 80.593729458703 80.936571287294 80.612073314276 80.43150294413 86.531024045737 87.017069392657
21 7 2 28.225759326078 7.8033361364527e-05 7.8033361364527e-05 5.8679539838789e-05 9.0040968692296e-05 997.21048698049 996.96429182006 7.095337241795 6.8188119831166 11.335397731222 11.631195680072 88.664602268778 88.368804319928 16.451927210202 16.127387950037
22 7 2 28.34550287487 7.8332430040201e-05 7.8332430040201e-05 5.6701608370135e-05 8.4134362347758e-05 996.8798349209 997.2702816477 7.1332801276935 6.7397001706051 16662.0 25967.0 23039.0 35973.0 22801.0 35613.0
23 13 2 28.466118183476 7.8483776915467e-05 7.8483776915467e-05 5.9263630025065e-05 8.9929497640454e-05 997.2125137238 997.19006107483 7.0975199435611 6.6943601160359 0.14089428532106 0.14937947506059 523144.0 793844.0 17224.0 27386.0 9664.0 13554.0 432.0 388.0 1.8472925236646 1.7073883533793 0.13610019421039 0.073692060404815 3.2924013273592 3.4497961816175 94.724205954766 94.769123404598
24 5 2 28.585946421267 7.8662311852158e-05 7.8662311852158e-05 5.5008245277727e-05 8.0226078517943e-05 997.24789576681 997.16290172865 7.3563810447219 6.7756218905473 1.0003333333333 1.0002105484788
25 10 2 28.706095370336 7.9081914266817e-05 7.9081914266817e-05 5.51985617077e-05 7.8758829469718e-05 997.28280208637 997.1885288137 7.1719163968207 6.649667151274 5648.8263358522 8642.3805788776 0.00044672 0.000683456 1448.624518793 3208.015414802 0.00011456 0.000253696 7097.4508546453 11850.39599368 0.00056128 0.000937152
26 6 2 28.826287394358 7.8960474259118e-05 7.8960474259118e-05 5.5214874544555e-05 7.9558158475607e-05 997.237175195 997.2908377364 7.3254178189251 6.9509085870383 0.0 0.0 0.0 0.0
27 19 2 28.945901353067 7.8951411571977e-05 7.8951411571977e-05 5.6743749865343e-05 9.8736617004661e-05 997.2895157495 997.29185434265 7.0264280103243 6.6290538484941 0.0 0.0 0.0 0.0 0.0 0.0 0.0 0.0 0.0 0.0 0.0 0.0 0.0 0.0 0.0 0.0 12751.133639735 0.0 0.00100672 0.0 4164.181405424 0.0 0.000328768 0.0 16915.315045159 0.0 0.001335488 0.0 0.0 0.0
1 9 2 29.065938643487 7.9447140558625e-05 7.9447140558625e-05 5.7189180938353e-05 8.6136309937337e-05 997.17251133358 997.1104089002 7.1376541115258 6.797911525945 0.0 0.0 0.0 0.0 0.0 0.0 0.0 0.0 - -
2 7 2 29.185378151813 7.8305241978776e-05 7.8305241978776e-05 5.4892696016671e-05 7.907194531046e-05 997.20214153149 997.0987634185 7.1970057034221 6.7614693118413 0.0 0.0 0.0 0.0 - -
3 7 2 29.305504352632 7.7580227007444e-05 7.7580227007444e-05 5.7068647199369e-05 8.366854022868e-05 997.37044125956 997.3316633389 7.0666591852766 6.8114209827357 0.0088678433060697 0.0081022480885541 0.0088678433060697 0.0079596028757275 1.0 0.98239436619718
4 6 2 29.425194465102 7.7433411475749e-05 7.7433411475749e-05 5.4322652995465e-05 7.8318836008993e-05 997.11191124207 997.3426428017 7.1567070622649 6.6180885281054 0.0 0.0 - -
5 19 2 29.545882160109 7.9418139959772e-05 7.9418139959772e-05 5.7312433483478e-05 9.6960330324907e-05 997.0227891246 997.23636426126 7.0821434570805 6.5286651411137 0.01300048828125 0.0 163.69671069903 0.0 0.00146484375 0.0 18.444699797074 0.0 0.0 0.0 0.0 0.0 0.0 0.0 0.0 0.0 12791.435313325 0.0 0.001015872 0.0 4107.4746923717 0.0 0.000326208 0.0 16898.910005697 0.0 0.00134208 0.0 0.0 0.0
6 9 2 29.66643788064 8.1653904877619e-05 8.1653904877619e-05 5.2176155545977e-05 8.7658388242769e-05 997.12704478775 997.06917666132 0.0 0.0 7.5351743995812 6.7705795884082 0.0 0.0 0.0 0.0 0.0 0.0 0.0 0.0
7 13 2 29.787480783138 7.8825440220708e-05 7.8825440220708e-05 5.0717516050536e-05 9.8360515488284e-05 996.96476690391 997.10780826664 7.5569509148606 6.5095363761771 199.0 199.0 0.0 0.0 0.0 0.0 0.0003662109375 0.0 4.6458470320575 0.0 0.0 0.0 0.0 0.0 0.0 0.0 0.0 0.0
8 10 2 29.90754567941 7.5999694369939e-05 7.5999694369939e-05 4.9455083731711e-05 6.7140464554187e-05 997.33215717899 997.25181421001 7.5211908207567 6.9439028962414 8758.7720650532 0.0 0.000665664 0.0 2917.9064710518 0.0 0.00022176 0.0 11676.678536105 0.0 0.000887424 0.0
9 7 2 30.027083451734 8.6407284283418e-05 8.6407284283418e-05 5.5090715730715e-05 7.8594794832455e-05 996.69500429864 997.01935301077 7.2509691656229 6.8836369409057 1.3964334705075 1.2654284240187 0.42231764776048 0.42211374369965 0.30242589903477 0.33357378077466
10 9 2 30.147746924897 7.5398838212447e-05 7.5398838212447e-05 5.5812558761544e-05 8.3035964666196e-05 996.80893625066 996.74905941438 6.9497263442984 6.7494659300184 0.0 0.0 0.0 0.0 0.0 0.0 0.0 0.0 - -
11 7 2 30.267124426317 3.3523786005705e-05 3.3523786005705e-05 3.478893713046e-05 6.5582135500188e-05 997.62575450794 996.75923534629 6.3444343442691 6.1937775495357 4.0912288014171 3.8948386651005 95.908771198583 96.105161334899 31.213649851632 32.460443407235
12 10 2 30.387160151611 9.2965044699121e-05 9.2965044699121e-05 6.1334000902563e-05 9.3221065610283e-05 997.48986308619 997.33844562444 7.1518017542006 6.7583771353482 1780.0 2879.0 0.094050512522456 0.09457950065703 36.823033707865 36.943035776311 1729.0 2788.0 0.091355806826588 0.091590013140604 37.130711393869 37.737446197991
13 5 2 30.506079379225 7.9228729798511e-05 7.9228729798511e-05 5.5152342003278e-05 7.8995818738471e-05 997.12837569212 997.08886672419 7.2738301559792 6.6950343715196 5.45 6.5
14 6 2 30.625390421242 7.8616998416449e-05 7.8616998416449e-05 5.5236624993695e-05 7.9083273669387e-05 997.63001057928 997.47922244393 7.1925300920463 6.9127024993068 0.0 0.0 0.0 0.0
15 9 2 30.744645869111 7.7878389414404e-05 7.7878389414404e-05 5.6093502062933e-05 8.3875622629865e-05 996.782122743 997.10581838225 7.0903259064093 6.7486145544699 0.18775416690532 0.18969666034709 0.0 0.0 0.0 0.0 0.0 0.0 0.0 0.0
16 7 2 30.865216457887 7.9938338201703e-05 7.9938338201703e-05 5.902392195017e-05 9.0502259467803e-05 997.30008778806 997.48189986171 7.0226978649989 6.6699505744056 5.763989651228 6.0342971585931 94.236010348772 93.965702841407 29.997311827957 29.466635264563
17 8 2 30.985164110175 7.8423963180332e-05 7.8423963180332e-05 5.4785303174043e-05 7.9424936974625e-05 997.3046768907 997.27392780574 7.1688704417433 6.9214579055441 0.091016898903054 0.090980887695467 0.0 0.0 0.0 0.0 10.986970684039 10.991319444444
18 10 2 31.104690972836 7.9545017579755e-05 7.9545017579755e-05 5.7560751111158e-05 8.5452530192503e-05 997.08295259936 997.26383296434 7.0708600055664 6.6669377076999 5286.8678994048 8342.6469713786 0.000420544 0.000663616 1311.4586327849 2066.1507785225 0.00010432 0.000164352 6598.3265321898 10408.797749901 0.000524864 0.000827968
19 8 2 31.224487341687 7.7567539245446e-05 7.7567539245446e-05 5.8281234738915e-05 9.0770061872837e-05 997.48646785672 997.31884263829 6.8934505306035 6.5548429319372 88.339112721392 87.868667505342 89.783700570682 92.124942590707 89.802360478316 92.355578186465 98.630051781244 99.227720202081
20 12 2 31.343356223355 9.0347740652611e-05 9.0347740652611e-05 6.0400090992622e-05 9.1400371763536e-05 997.31479878076 997.2070921576 7.149431452478 6.6640346240254 117980.0 176621.0 90.601796914731 92.428420176536 90.385658586201 92.237049954422 97.736056958807 98.916889837562 88.511110777679 87.563148527319 80.192656833766 80.933234840635 80.001350398368 80.765665048808 86.507269644545 86.614743167069
21 7 2 31.462785639473 7.8088643756091e-05 7.8088643756091e-05 5.8738900439566e-05 8.9825276738325e-05 997.25882964711 997.28779868314 7.0472980319669 6.6562909237433 11.402629061622 11.998123401486 88.597370938378 88.001876598514 16.327409724197 15.392835083385
22 7 2 31.581995805625 7.7784137468131e-05 7.7784137468131e-05 5.6642700903714e-05 8.4102189808405e-05 997.16887481278 997.11219811474 7.125056999544 6.5757661647476 16693.0 26378.0 23068.0 36635.0 22808.0 36398.0
23 13 2 31.703014838818 7.8205552420218e-05 7.8205552420218e-05 5.8488770274458e-05 9.122591503606e-05 997.16970208039 997.15333874614 6.9139214741015 6.5881929445644 0.14463571849143 0.15178668997924 516304.0 805288.0 17479.0 28251.0 10078.0 14276.0 500.0 436.0 1.9519507886826 1.7727819115646 0.16075800303697 0.085683631197783 3.3854085964858 3.5081858912588 94.501882611795 94.633348565979
24 5 2 31.822314693854 8.1003203940848e-05 8.1003203940848e-05 5.6044110418011e-05 8.1049423644757e-05 997.24346386229 997.09553923254 7.2493406013715 6.8401850931202 1.0006449532409 0.99989482541018
25 10 2 31.94229534973 7.8271710036352e-05 7.8271710036352e-05 5.5111106776784e-05 7.9736693412296e-05 997.06391680013 997.16756129407 7.159710366751 6.7578248012596 5614.0845753327 8654.9789149282 0.000439424 0.00067744 1318.0752017822 2778.4240295631 0.000103168 0.000217472 6932.1597771149 11433.402944491 0.000542592 0.000894912
26 6 2 32.06148211693 7.7852107621694e-05 7.7852107621694e-05 5.4566892413931e-05 7.8638295730734e-05 997.1004557348 997.33219001835 7.0973654741557 6.7473950233281 0.0 0.0 0.0 0.0
27 19 2 32.18270774767 7.9051101130535e-05 7.9051101130535e-05 5.7499124838595e-05 9.7462856326909e-05 997.32083934958 997.17389179864 7.0980589584382 6.5260634747254 0.0 0.0 0.0 0.0 0.0 0.0 0.0 0.0 0.0 0.0 0.0 0.0 0.0 0.0 0.0 0.0 12969.838311385 0.0 0.00102528 0.0 4340.2810978362 0.0 0.000343104 0.0 17310.119409221 0.0 0.001368384 0.0 0.0 0.0
1 9 2 32.303252656416 7.9380982942491e-05 7.9380982942491e-05 5.6917753458462e-05 8.4569824464912e-05 997.3675026574 997.29585109724 7.0306168140602 6.7827082424771 0.0 0.0 0.0 0.0 0.0 0.0 0.0 0.0 - -
2 7 2 32.423786379088 7.5697906888122e-05 7.5697906888122e-05 5.3138159786057e-05 7.8596154235526e-05 997.15256971887 997.27558069173 7.2896127307764 6.669614704299 0.0 0.0 0.0 0.0 - -
3 7 2 32.54362081485 8.8982899969077e-05 8.8982899969077e-05 5.7585673500798e-05 8.5465671088859e-05 997.18835990498 996.97760778651 7.1567832404122 6.7101892699587 0.0097232930694766 0.0082416077980395 0.0096376252891288 0.0082142270412354 0.99118942731278 0.99667774086379
4 6 2 32.662449255183 7.7370878934472e-05 7.7370878934472e-05 5.4378388521385e-05 7.9043397845964e-05 997.44324872916 996.97626772927 7.2528103469116 6.8673280579505 0.0 0.0 - -
5 19 2 32.782284532869 7.8913348285982e-05 7.8913348285982e-05 5.7150664518001e-05 9.7005643760615e-05 997.15781344868 997.12122678018 7.2057932925784 6.5384991295318 0.0 0.0 0.0 0.0 0.0 0.0 0.0 0.0 0.0 0.0 0.0 0.0 0.0 0.0 0.0 0.0 12375.295450155 0.0 0.000976576 0.0 4261.8898742096 0.0 0.00033632 0.0 16637.185324365 0.0 0.001312896 0.0 0.0 0.0
6 9 2 32.901678154091 7.7782324930703e-05 7.7782324930703e-05 5.0547590666631e-05 8.5237744507248e-05 997.32791680119 997.39581482693 0.0 0.0 7.5108402908699 6.6328279266573 0.013427734375 0.0 172.63220644231 0.0 0.00152587890625 0.0 19.617296186626 0.0
7 13 2 33.022141388088 7.8514590051749e-05 7.8514590051749e-05 5.1637831929766e-05 9.7174209741449e-05 996.91639365685 997.11139210712 7.4142485361093 6.5858669614889 199.0 199.0 0.0 0.0 0.0 0.0 0.00030517578125 0.0 3.8868671548671 0.0 0.0 0.0 0.0 0.0 0.0 0.0 0.0 0.0
8 10 2 33.141262650186 7.7488693867313e-05 7.7488693867313e-05 5.0457870063929e-05 6.8170438947829e-05 997.04414843913 997.43755598596 7.5086311530681 6.8513525822024 8796.1219370548 0.0 0.0006816 0.0 3025.3703901814 0.0 0.000234432 0.0 11821.492327236 0.0 0.000916032 0.0
9 7 2 33.261048238065 7.7740636569851e-05 7.7740636569851e-05 5.4575048832358e-05 7.8699922003297e-05 997.24949791352 997.15817677963 7.3166271793937 6.7758661048689 1.4729967802685 1.3110174781523 0.41522386246279 0.41885143570537 0.28189054315998 0.31948577550292
10 9 2 33.380286445078 7.6761866358552e-05 7.6761866358552e-05 5.6652216725213e-05 8.3903716960004e-05 997.3363965034 997.2158587599 7.0894811454494 6.7219560008713 0.0 0.0 0.0 0.0 0.0 0.0 0.0 0.0 - -
11 7 2 33.499495136731 7.8546309456745e-05 7.8546309456745e-05 5.8935560750539e-05 9.0588354995648e-05 997.08009282927 997.18510959861 7.0666666666667 6.7557110029738 3.4222140210054 3.4714753770352 96.577785978995 96.528524622965 36.147050359712 35.558319513543
12 10 2 33.619369351346 7.9007600232255e-05 7.9007600232255e-05 5.9472978098036e-05 8.9835245694181e-05 996.93248831427 997.18933725216 6.8885739778513 6.6859908269257 1796.0 2799.0 0.094263370597806 0.094394981788749 34.596881959911 36.010718113612 1746.0 2717.0 0.091639111950874 0.091629569674895 35.934135166094 36.882591093117
13 5 2 33.739043958464 8.0971484535852e-05 8.0971484535852e-05 5.6739671656129e-05 8.0912123934562e-05 997.21783992086 997.26050979975 7.1996320147194 7.0809771186105 6.05 5.7407407407407
14 6 2 33.859770543274 7.8371399594911e-05 7.8371399594911e-05 5.481067869804e-05 8.0272298222365e-05 996.73833768282 997.26907405512 7.1123066972423 6.9047786092922 0.0 0.0 0.0 0.0
15 9 2 33.97975942082 7.8961380527832e-05 7.8961380527832e-05 5.7548516483517e-05 8.5215087789394e-05 997.19732908544 997.35115868769 7.2094118982743 6.757591002192 0.19766121707539 0.18911926407704 0.0 0.0 0.0 0.0 0.0 0.0 0.0 0.0
16 7 2 34.099635163404 7.8232740481643e-05 7.8232740481643e-05 5.908600135709e-05 9.1065505473653e-05 997.07601657615 997.04695776145 7.1016829148739 6.6462067597063 5.8077825666825 6.0332988336452 94.192217433317 93.966701166355 29.139027283511 29.608497961743
17 8 2 34.218332320744 7.9244136366652e-05 7.9244136366652e-05 5.5531615460154e-05 7.9893477899846e-05 997.51253153801 997.00847846382 7.2288090603433 6.7200137210809 0.091016339290981 0.090978389297557 0.0 0.0 0.0 0.0 10.9870382372 10.991621281944
18 10 2 34.337381627825 7.8422150642904e-05 7.8422150642904e-05 5.7099007201294e-05 8.5076881810484e-05 996.9136641784 997.05625414998 7.0704185837729 6.5972802979725 5313.6007694748 8515.9613007939 0.000416704 0.00066784 1334.3168880496 2090.8378392558 0.00010464 0.000163968 6647.9176575244 10606.79914005 0.000521344 0.000831808
19 8 2 34.455636871322 7.8412181687048e-05 7.8412181687048e-05 5.8948701646894e-05 8.9842948978252e-05 996.98378539032 997.27484525826 7.1235899682401 6.7516856228291 88.605668339854 88.187824683512 89.793298537178 90.960306652545 90.130754625608 90.318757250214 98.335011645694 99.299440157361
20 12 2 34.574715843296 7.8916067092124e-05 7.8916067092124e-05 5.8934201347468e-05 9.0250769899624e-05 997.37584652521 997.20152298554 6.9572590135872 6.7148781227875 114935.0 175309.0 91.498673163092 91.615946699827 91.867577326315 90.912046728919 98.744507765259 98.523749493751 88.371431427275 88.019782095697 80.858687211189 80.640156650098 81.184693100823 80.020585429533 87.261934967976 86.72038961691
21 7 2 34.69275781367 7.5739595248973e-05 7.5739595248973e-05 5.7525859765663e-05 8.8298213954966e-05 997.13112797099 997.27550954189 7.0579307277478 6.5727055013998 11.369741081205 12.035758822956 88.630258918795 87.964241177044 16.464296166228 15.509229098806
22 7 2 34.810942808653 7.8473807959611e-05 7.8473807959611e-05 5.6867908679183e-05 8.4913753441935e-05 997.1542230395 997.13123251123 7.0811375049371 6.6854084909026 16668.0 26099.0 23111.0 36292.0 22959.0 36112.0
23 13 2 34.93003273651 7.8390431237908e-05 7.8390431237908e-05 5.8580756548945e-05 9.0661309627138e-05 997.13227962123 997.15877441819 7.0241238793806 6.7965215028195 0.14236650964194 0.14713408904616 517116.0 800304.0 17167.0 27197.0 9306.0 13156.0 432.0 344.0 1.7995962221242 1.6438753273756 0.11409432313059 0.068973789959815 3.3197580426829 3.3983336332194 94.766551412062 94.888817249445
24 5 2 35.048669182003 7.6611425752001e-05 7.6611425752001e-05 5.3628904294775e-05 7.76536347728e-05 997.17101271985 997.26824368973 7.0729098189207 6.6120070993132 0.99983563445102 0.99978777589134
25 10 2 35.168490795876 7.6292419164614e-05 7.6292419164614e-05 5.4124180147064e-05 7.7816310006991e-05 997.27261481253 997.42160213396 7.2429810199503 6.705544709098 5762.2501005172 8808.2145953459 0.000439616 0.000672 1697.8882229505 2890.7721424345 0.000129536 0.000220544 7460.1383234677 11698.98673778 0.000569152 0.000892544
26 6 2 35.288684223708 7.8253584662069e-05 7.8253584662069e-05 5.523118738141e-05 8.0550975851969e-05 997.53180173321 997.2207304958 7.289020452099 7.3660133427257 0.0 0.0 0.0 0.0
27 19 2 35.409202091208 7.8750219917432e-05 7.8750219917432e-05 5.716471168307e-05 9.8076400246395e-05 997.07427309177 997.09176216428 7.1792624630093 6.5693386347771 0.0 0.0 0.0 0.0 0.0 0.0 0.0 0.0 0.0 0.0 0.0 0.0 0.0 0.0 0.0 0.0 12808.903912365 0.0 0.001008704 0.0 4265.0293593104 0.0 0.000335872 0.0 17073.933271675 0.0 0.001344576 0.0 0.0 0.0
1 9 2 35.528790791302 7.689418159082e-05 7.689418159082e-05 5.58193557769e-05 8.3642258435969e-05 997.26679031615 997.24293722302 7.1370220162225 6.7604014063873 0.0 0.0 0.0 0.0 0.0 0.0 0.0 0.0 - -
2 7 2 35.648462258199 7.5155051928336e-05 7.5155051928336e-05 5.3281803377252e-05 7.7845310605844e-05 996.66835337588 997.06905818897 7.0787430016254 6.7795185477506 0.0 0.0 0.0 0.0 - -
3 7 2 35.767737073937 7.7030121897945e-05 7.7030121897945e-05 5.6537573732872e-05 8.394631158957e-05 996.97591741862 997.05054092841 7.0531373657434 6.7882085669268 0.0090336590662324 0.0089749779885825 0.0090336590662324 0.0089465761595047 1.0 0.99683544303797
4 6 2 35.886898918748 7.8080487337663e-05 7.8080487337663e-05 5.4485781364013e-05 7.9227370394938e-05 996.99490351087 997.15842248802 7.2434939759036 6.800847952079 0.0 0.0 - -
5 19 2 36.006444367168 7.7898327326116e-05 7.7898327326116e-05 5.6924550473818e-05 9.6836624645424e-05 996.82667488845 997.12642996394 7.0044047950934 6.5563429973922 0.0 0.0 0.0 0.0 0.0 0.0 0.0 0.0 0.0 0.0 0.0 0.0 0.0 0.0 0.0 0.0 11120.136076524 0.0 0.00086624 0.0 4187.6123813847 0.0 0.000326208 0.0 15307.748457908 0.0 0.001192448 0.0 0.0 0.0
6 9 2 36.124998414709 7.5894567199096e-05 7.5894567199096e-05 5.0132519595546e-05 8.4938675831575e-05 996.9414879865 996.9815763296 0.0 0.0 7.4052878179384 6.6745121777525 0.0 0.0 0.0 0.0 0.0 0.0 0.0 0.0
7 13 2 36.245370623983 7.7663603729147e-05 7.7663603729147e-05 5.0169223478469e-05 9.6119312958167e-05 996.92238340199 997.30590887534 7.7116389217803 6.5968278650288 199.0 199.0 0.01312255859375 0.0 168.96664542525 0.0 0.00030517578125 0.0 3.9294568703547 0.0 0.0 0.0 0.0 0.0 0.00152587890625 0.0 19.647284351773 0.0
8 10 2 36.364636590913 7.5984287801798e-05 7.5984287801798e-05 4.9883295699152e-05 6.8079358942056e-05 996.85357121981 997.20741226234 7.3630526386195 6.953670276775 8646.8402745818 0.0 0.000657024 0.0 3023.7830299775 0.0 0.00022976 0.0 11670.623304559 0.0 0.000886784 0.0
9 7 2 36.484605999994 7.6829836512115e-05 7.6829836512115e-05 5.7872507548829e-05 7.84729016904e-05 996.93749120483 997.14573205676 7.4797071742313 6.6931282368401 1.4285212298682 1.2404344129242 0.42711566617862 0.41207389657571 0.29899147261397 0.33220127745755
10 9 2 36.60374383684 7.8940536347407e-05 7.8940536347407e-05 5.7441123640889e-05 8.5431232877721e-05 997.29511326055 997.23513414015 7.1303858701766 6.7182411003813 0.0 0.0 0.0 0.0 0.0 0.0 0.0 0.0 - -
11 7 2 36.723678469672 7.8335148846344e-05 7.8335148846344e-05 5.9182972109505e-05 8.9805791960971e-05 997.12310352609 997.28062957062 7.0042366064246 6.8003019489432 3.5074421168688 3.4638827779684 96.492557883131 96.536117222032 35.51056635672 36.105491602189
12 10 2 36.842859863605 7.8113113011373e-05 7.8113113011373e-05 5.8504176842599e-05 8.9441925072236e-05 996.79031230183 997.21457247458 6.9432643183652 6.7778655312135 1766.0 2741.0 0.094971766603926 0.094121282878923 35.651755379388 36.667274717256 1702.0 2665.0 0.091529981177736 0.091511572007417 36.622209165687 37.901688555347
13 5 2 36.962810647958 7.8805502308996e-05 7.8805502308996e-05 5.5033620801723e-05 7.8914254554196e-05 997.36636639357 997.24825856382 7.3269184362934 6.9160081013463 6.1666666666667 7.9285714285714
14 6 2 37.081878365888 7.8392243775336e-05 7.8392243775336e-05 5.4793006458114e-05 8.0109622988173e-05 997.44490649217 997.35465856648 7.1792436026836 6.9061291456698 0.0 0.0 0.0 0.0
15 9 2 37.201875804954 7.8081393606378e-05 7.8081393606378e-05 5.6924550473818e-05 8.5117663902621e-05 997.48660648387 997.31340769238 7.1235611000851 6.6209157238025 0.19483980720159 0.19029995417856 0.0 0.0 0.0 0.0 0.0 0.0 0.0 0.0
16 7 2 37.321777530262 7.7526757153308e-05 7.7526757153308e-05 0.0 0.0 - - - - - - - - - -
