1 9 2 0.10097259445239 0.10098487413691 0.10098487413691 1.098739606534e-05 0.0014498665634415 1496.3802510278 1496.3910382096 23.573372206025 1.4371605087934 0.0 0.0 0.0 0.0 0.0 0.0 0.0 0.0 - -
2 7 2 0.20160909606846 0.031629614587842 0.031629614587842 0.0 1.9215826494618e-05 - 1497.0866761601 - 5.4753484770263 0.0 102.0 - 0.013164687661332 - 42.117647058824
3 7 2 0.30236993820969 0.031729319647078 0.031729319647078 0.0 1.9948259171274e-05 - 1496.9148272668 - 5.4667328699106 - 0.011909227306827 - 0.007033008252063 - 0.59055118110236
4 6 2 0.40310529060668 0.030603415258561 0.030603415258561 0.0 1.8586215226496e-05 - 1494.177996266 - 5.9347700318195 0.0 1.0 - 8.0
5 19 2 0.50368929713763 0.030344750113563 0.030344750113563 0.0 2.182395720098e-05 - 1497.6591706708 - 5.1207354660432 0.35833740234375 0.0 11.808876362557 0.0 0.02020263671875 0.0 0.665770409812 0.0 0.0 0.0 0.0 0.0 0.0 0.0 0.0 0.0 581.18257471223 0.0 0.01763584 0.0 55.224577356166 0.0 0.001675776 0.0 636.4071520684 0.0 0.019311616 0.0 0.0 0.0
6 9 2 0.60447825889579 0.030057870230514 0.030057870230514 0.0 1.9374361706015e-05 - 1498.4202073138 0.0 0.0 - 5.7950142257147 0.34710693359375 0.0 11.547955025815 0.0 0.01953125 0.0 0.64978822019705 0.0
7 13 2 0.70526966028438 0.029993159780885 0.029993159780885 0.0 2.1546747059908e-05 - 1494.1188472548 - 5.8316783131053 199.0 199.0 0.35498046875 0.0 11.835380844943 0.0 0.00592041015625 0.0 0.1973920120288 0.0 0.0 0.0 0.0 0.0 0.02020263671875 0.0 0.67357480393332 0.0
8 10 2 0.80596577023401 0.029739158288848 0.029739158288848 0.0 1.9142900297375e-05 - 1500.2299478804 - 6.104578939766 596.10133642039 0.0 0.017727552 0.0 76.225425682275 0.0 0.00226688 0.0 672.32676210267 0.0 0.019994432 0.0
9 7 2 0.90668849598085 0.030203840394013 0.030203840394013 0.0 1.9264292973531e-05 - 1496.4612964548 - 5.3169146143268 - 0.50506313289161 - 0.20565070633829 - 0.40717821782178
Warning: Sanitizing vector length to a multiple of the loop stride 4096 and thread count 2 from 62500000 elements (500000000 bytes) to 62496768 elements (499974144 bytes)
10 9 2 1.0072992650673 0.029065572070838 0.029065572070838 0.0 1.8734332409716e-05 - 1490.2556665168 - 5.7612480846915 0.0 0.00044726454956113 0.0 0.0 0.0 0.0 0.0 0.00044726454956113 - 0.0
11 7 2 1.1181781586827 7.5399346539872e-05 7.5399346539872e-05 2.1838904806626e-05 1.2628009024431e-05 1498.6849433329 1486.6856826812 0.77121422972951 3.7406413524755 37.66748247397 15.029233473224 62.33251752603 84.970766526776 3.2142245989305 8.3119298245614
12 10 2 1.2306835420345 7.45052079476e-05 7.45052079476e-05 2.1831657482676e-05 1.2582260291999e-05 1494.3163132263 1491.241328846 0.7587965805507 3.7270897625117 0.0 8.0 0.0 0.0010733932644573 - 18.5 155.0 0.0 0.002440214738897 0.0 29.496774193548 -
13 5 2 1.3312372973294 0.016131609112769 0.016131609112769 0.0035135470406253 0.0 1496.3481627627 - 0.61130350266461 - 5.9708670730598 -
14 6 2 1.4317501496338 0.026883536905129 0.026883536905129 0.0058516741636678 0.0 1496.2059093963 - 0.61201059387654 - 0.0 0.0 0.0 0.0
15 9 2 1.5323068328475 0.026346938698498 0.026346938698498 0.0057404825489288 0.0 1496.3597026309 - 0.61184372797766 - 0.30325862899098 - 1.7380101319232e-06 - 5.7311151794953e-06 - 556.0 0.0 2.6842600926369e-05 -
16 7 2 1.6329310928275 0.026580319742067 0.026580319742067 0.0057788476171292 0.0 1496.588679031 - 0.61235887050131 - 52.56598433551 - 47.43401566449 - 11.295714208386 -
Running without Marker API. Activate Marker API with -m on commandline.
17 8 2 1.7334616729923 0.026263056359275 0.026263056359275 0.001934132296796 0.0 1496.3455573865 - 0.62283899240838 - 0.25017977704437 - 7.6432593308297e-05 - 0.00030551067800632 - 3.9971256342699 -
18 10 2 1.834000303122 0.026145810964251 0.026145810964251 0.0069293630118747 0.0 1496.3044641796 - 13.110180806628 - 1.1504711038081 0.0 3.008e-05 0.0 0.45774063066408 0.0 1.1968e-05 0.0 5.1942546431507 0.0 0.000135808 0.0
19 8 2 1.9346148752418 0.026717058626685 0.026717058626685 0.0086894870606408 0.0 1496.3187886091 - 13.340565545048 - 91.710681050966 - 0.012416674833245 - 0.011019668596759 - 14.385994908225 -
20 12 2 2.0351529029377 0.026530217179773 0.026530217179773 0.017943872222026 0.01801924484406 1496.3272404395 1496.3239618927 8.7746027330143 8.73924995156 35939173.0 36067519.0 94.786299061473 94.830703492525 94.900706257209 95.007929433682 99.978419091613 99.976557855282 90.721370640112 90.664521638349 85.991429687603 85.977803687779 86.095221463686 86.138484739548 90.701792144227 90.643267929979
21 7 2 2.135689126956 0.0243521834428 0.0243521834428 0.016505676114932 0.016536219961718 1496.3144618654 1496.3130002409 8.6301289080355 8.6365714323566 9.4092470945892 9.403407579688 90.590752905411 90.596592420312 20.577819806184 20.586698494011
22 7 2 2.2361894332367 0.023942684274018 0.023942684274018 0.01622360301949 0.01626581188713 1496.3144300919 1496.3233603037 8.6042546301546 8.6359510694951 3787943.0 3784003.0 5301314.0 5295737.0 5300161.0 5294495.0
23 13 2 2.3366498620233 0.023528660057345 0.023528660057345 0.015947866349968 0.015978972770275 1496.3206140797 1496.3188735221 8.6247913206028 8.6136391438653 0.11594483423746 0.11609494933535 140833148.0 141107844.0 3713114.0 3725176.0 1819942.0 1795180.0 3036.0 2892.0 1.2922682094701 1.2722042581843 0.0030326667128111 0.00300337662306 2.6365341205041 2.6399496260463 96.068165003313 96.084842739146
24 5 2 2.4371104991705 0.022645927847053 0.022645927847053 0.015349452999619 0.015392001585569 1496.3145785358 1496.3186006935 8.6604831926813 8.5638042021769 1.0001300295062 1.000133074116
25 10 2 2.5374738409937 0.022530689960763 0.022530689960763 0.015267844055326 0.015302392048594 1496.3244703488 1496.3249944362 8.6240892216136 8.6041303473588 4137.5627715949 4154.3647426246 0.093222144 0.093600704 2139.647923963 2157.5520361186 0.048207744 0.048611136 6277.2106955579 6311.9167787432 0.141429888 0.14221184
26 6 2 2.6378892222265 0.02188912694954 0.02188912694954 0.014834307777788 0.014867618743449 1496.3199731645 1496.321097961 8.5905492044989 8.6296599131655 0.0 0.0 0.0 0.0
27 19 2 2.7384101127191 0.022401754632208 0.022401754632208 0.015181260729058 0.015234336506003 1496.3174329926 1496.3179447256 8.6419749361956 8.5828886394242 0.32537841796875 0.0 14.52468448614 0.0 0.041015625 0.0 1.8309112689338 0.0 0.0 0.0 0.0 0.0 0.0 0.0 0.0 0.0 4823.7707168097 0.0 0.108060928 0.0 2056.0789436457 0.0 0.046059776 0.0 6879.8496604554 0.0 0.154120704 0.0 0.0 0.0
1 9 2 2.8389387134584 0.021660168585411 0.021660168585411 0.014679882704986 0.014720064586709 1496.321364086 1496.3203979174 8.6300593072934 8.5923146907191 0.0 0.0 0.0 0.0 0.0 0.0 0.0 0.0 - -
2 7 2 2.9393928570034 0.022799874596474 0.022799874596474 0.015449569797447 0.015489190464522 1496.3137879734 1496.3077865659 8.6031059085611 8.6099451940215 0.0 0.0 0.0 0.0 - -
3 7 2 3.0398627861258 0.022535510337105 0.022535510337105 0.015273033139274 0.015310952044094 1496.3154003893 1496.3169096502 8.6296455258785 8.6104894520615 0.0085777859965508 0.0083494981698524 0.0084137678741563 0.0083066853602598 0.98087873462214 0.99487240924883
4 6 2 3.1403218098375 0.022671233690454 0.022671233690454 0.015366724278506 0.015408366496005 1496.3159610737 1496.3169837618 8.6164769999832 8.6145580171429 0.0 0.0 - -
5 19 2 3.2408567293374 0.021789191787769 0.021789191787769 0.014770914982243 0.014814030218335 1496.3100683771 1496.3115865452 8.6221563800284 8.5965528734291 0.30535888671875 0.0 14.014236493625 0.0 0.03900146484375 0.0 1.7899454566114 0.0 0.0 0.0 0.0 0.0 0.0 0.0 0.0 0.0 4749.6840180229 0.0 0.103491776 0.0 2027.1129113102 0.0 0.044169152 0.0 6776.7969293331 0.0 0.147660928 0.0 0.0 0.0
6 9 2 3.3414227887765 0.014572829312071 0.014572829312071 0.0098796697771089 0.009930272404756 1496.3239271951 1496.3265366503 0.0 0.0 8.646063906031 8.6484140033516 0.21844482421875 0.0 14.989870500837 0.0 0.02728271484375 0.0 1.8721632058883 0.0
7 13 2 3.4418783636679 0.020631077573874 0.020631077573874 0.013979202819341 0.014036798661642 1496.3093041455 1496.3130121423 8.6012079910683 8.6261280157084 201.0 201.0 0.29107666015625 0.0 14.108650365643 0.0 0.03631591796875 0.0 1.7602530860888 0.0 0.0 0.0 0.0 0.0 0.03717041015625 0.0 1.8016708057615 0.0
8 10 2 3.5422289402359 0.020909415579733 0.020909415579733 0.014167372338368 0.014192597102333 1496.3161881389 1496.3135108427 8.6337884473437 8.5933995741855 4739.8543312738 0.0 0.099107584 0.0 2023.7726797594 0.0 0.042315904 0.0 6763.6270110332 0.0 0.141423488 0.0
9 7 2 3.6426371121931 0.021548163005602 0.021548163005602 0.014600610569709 0.014636909697626 1496.3222984053 1496.3199638592 8.6223325658085 8.6017474971963 1.3119892232663 1.1979520785202 0.38077034600677 0.38085020125446 0.2902236841998 0.31791772649612
10 9 2 3.7431092834564 0.02042936824188 0.02042936824188 0.0138496251967 0.013889885440113 1496.3129354967 1496.314292367 8.6433268014577 8.5742563654325 0.0 0.0 0.0 0.0 0.0 0.0 0.0 0.0 - -
11 7 2 3.8436300588977 0.021530994095165 0.021530994095165 0.014596336913368 0.014639179468896 1496.3242926009 1496.3181239678 8.6201154484763 8.5895523419419 2.6397740849354 2.6492334993158 97.360225915065 97.350766500684 46.255415952845 46.146578997159
12 10 2 3.9441678130072 0.021093104440727 0.021093104440727 0.014301727759324 0.014335555096816 1496.3160411048 1496.312153558 8.6333292500995 8.606039091156 344689.0 346386.0 0.094248601127848 0.094190439338389 39.493967025347 39.589325203675 333330.0 335980.0 0.091142700271681 0.091360805023621 40.79727897279 40.88284124055
13 5 2 4.044633439937 0.02110702926778 0.02110702926778 0.014307223948624 0.014349507554292 1496.3118954821 1496.3121480117 8.6240666723639 8.590676657802 6.1165048543689 5.8230088495575
14 6 2 4.1450691535371 0.02123257828422 0.02123257828422 0.014391979590383 0.014415719558854 1496.3231805182 1496.3188613287 8.6129691670749 8.6111796862655 0.0 0.0 0.0 0.0
15 9 2 4.2455036323744 0.020864877150401 0.020864877150401 0.014142013951869 0.014177048874714 1496.3166904904 1496.3150098164 8.6392993037145 8.5935589286151 0.18241806407554 0.18245107872405 3.8739408576518e-06 1.345367693109e-05 2.1236607664292e-05 7.3738544190456e-05 0.0 89.0 0.0 2.4436270344225e-05
16 7 2 4.3460330629323 0.016008911012388 0.016008911012388 0.010859660168898 0.01089755053738 1496.3125818502 1496.3185501217 8.6376492043814 8.6238107988657 4.5670581133778 4.5979518299595 95.432941886622 95.40204817004 36.334832459902 36.158674795595
17 8 2 4.4464994780085 0.01904614671062 0.01904614671062 0.012909699823535 0.012942944657365 1496.3201188323 1496.3170303612 8.5938573633182 8.6349116603075 0.090919562203408 0.09091980497758 1.3267294370506e-05 1.3296433715163e-05 0.00014592342999655 0.00014624353537099 10.998733119312 10.998703750482
18 10 2 4.5469597681901 0.019596842774164 0.019596842774164 0.013284193058772 0.013325134550636 1496.3174697507 1496.3160796481 8.6376707828214 8.5980990571277 4040.8566273951 4072.4470221915 0.079188032 0.079807104 1005.4680862153 1020.1741285773 0.019704 0.019992192 5046.4814735556 5092.7158599025 0.098895104 0.099801152
19 8 2 4.6474797681678 0.019188896344538 0.019188896344538 0.013010548148125 0.013051043929566 1496.3155648348 1496.3180998494 8.6447985004686 8.5905225283673 90.588780573534 90.508882137987 94.445144219013 94.54567616306 94.668222603234 94.774073550775 99.976611514683 99.975358293022
20 12 2 4.7480039009319 0.020156960358842 0.020156960358842 0.013665422681619 0.01371133447884 1496.3165334056 1496.315114957 8.6151113136675 8.6129428582159 27329006.0 27421248.0 95.108676839546 95.137500671013 95.221900862402 95.207603242566 99.977441550564 99.977050643355 90.585452567526 90.586855196796 86.154625346088 86.182069970701 86.257189839609 86.245573685683 90.565017894012 90.566066096324
21 7 2 4.8485527398234 0.018176075575268 0.018176075575268 0.012327521384748 0.012364926182525 1496.3119187673 1496.3096887024 8.6829629823419 8.5527983918419 9.31797964477 9.5330023541122 90.68202035523 90.466997645888 20.563165937336 20.578504766349
22 7 2 4.9490604528692 0.015032175574978 0.015032175574978 0.01019930620554 0.010235264256273 1496.3152211964 1496.319851747 8.6875847359864 8.6996784471833 2369656.0 2374349.0 3312149.0 3318764.0 3304291.0 3311351.0
23 13 2 5.0495111213223 0.018276126694222 0.018276126694222 0.012390705366772 0.012434414883427 1496.3224263015 1496.3175333764 8.6488555603824 8.6308850087278 0.11562223383411 0.1158629733786 109420408.0 109806400.0 2879460.0 2895622.0 1445559.0 1432029.0 5660.0 5728.0 1.3211054742183 1.3041398315581 0.0095512347203092 0.0097708330297688 2.6315566288146 2.6370248000117 96.037786662247 96.0490645354
24 5 2 5.1499466238441 0.020298033143182 0.020298033143182 0.01375987796057 0.013794047281161 1496.3111777313 1496.3166723205 8.6032880037905 8.6199527750998 1.0001347463264 1.000128445252
25 10 2 5.2503473618589 0.02009166740555 0.02009166740555 0.013621568671442 0.013657770866402 1496.3237240091 1496.3260704129 8.6482880138683 8.602262142268 4126.4628926267 4156.0425182498 0.08290752 0.083501824 2134.6704150673 2158.6947028607 0.042889088 0.043371776 6261.133307694 6314.7372211105 0.125796608 0.1268736
26 6 2 5.3507836425621 0.019754970323588 0.019754970323588 0.013392091217733 0.013424925671845 1496.3149722785 1496.3134876464 8.5929295051822 8.619370925639 0.0 0.0 0.0 0.0
27 19 2 5.451314049697 0.020694309569418 0.020694309569418 0.014028918102762 0.01407983010055 1496.3129595949 1496.3146998033 8.5891327865856 8.6261020867183 0.27716064453125 0.0 13.393084876861 0.0 0.03546142578125 0.0 1.7135834207127 0.0 0.0 0.0 0.0 0.0 0.0 0.0 0.0 0.0 4752.3510591209 0.0 0.098346624 0.0 2028.7022313632 0.0 0.041982592 0.0 6781.0532904842 0.0 0.140329216 0.0 0.0 0.0
1 9 2 5.5518208631687 0.02038740261255 0.02038740261255 0.013820451547098 0.013857091299241 1496.3162494398 1496.3170323514 8.6123190757998 8.6112411716539 0.0 0.0 0.0 0.0 0.0 0.0 0.0 0.0 - -
2 7 2 5.6522682150652 0.020620893271894 0.020620893271894 0.01397977807568 0.014015057142751 1496.3043689011 1496.3076575039 8.6492737604577 8.6415772751546 0.0 0.0 0.0 0.0 - -
3 7 2 5.7527453389684 0.020356741902666 0.020356741902666 0.013799892700884 0.013840611337537 1496.3165535558 1496.3124992917 8.6321892100259 8.606150188157 0.0086040980159622 0.0082760097238359 0.0084423400832597 0.0082344284039342 0.98119989656064 0.99497568015394
4 6 2 5.8531946358655 0.021369365182359 0.021369365182359 0.014484403353839 0.014518851696403 1496.3182625484 1496.3172921793 8.6014142118935 8.6183542939004 0.0 0.0 - -
5 19 2 5.9536738161969 0.020811381028668 0.020811381028668 0.014105185769303 0.014155625332162 1496.3079181494 1496.3074967326 8.5706547870849 8.6388605778547 0.2940673828125 0.0 14.130123436182 0.0 0.03729248046875 0.0 1.7919272352651 0.0 0.0 0.0 0.0 0.0 0.0 0.0 0.0 0.0 4751.464780919 0.0 0.098884544 0.0 2029.2158382871 0.0 0.042230784 0.0 6780.6806192061 0.0 0.141115328 0.0 0.0 0.0
6 9 2 6.0541143239018 0.021126349727514 0.021126349727514 0.014313357902432 0.014357127662468 1496.3212779467 1496.3203787842 0.0 0.0 8.6304480109946 8.6124744551311 0.29266357421875 0.0 13.85301190189 0.0 0.0372314453125 0.0 1.7623226819923 0.0
7 13 2 6.1546222226603 0.020872369071534 0.020872369071534 0.01414643436652 0.014202980252764 1496.3152203744 1496.3213174514 8.629422921022 8.5919973738523 201.0 201.0 0.29205322265625 0.0 13.992337029655 0.0 0.0389404296875 0.0 1.8656449372873 0.0 0.0 0.0 0.0 0.0 0.0372314453125 0.0 1.783767103049 0.0
8 10 2 6.2550204639719 0.019352810882136 0.019352810882136 0.013113211021448 0.013144145317812 1496.3118725172 1496.30947444 8.6125740988985 8.6139407696731 4759.8270122627 0.0 0.092116032 0.0 2027.04032189 0.0 0.039228928 0.0 6786.8673341527 0.0 0.13134496 0.0
9 7 2 6.355447613047 0.018836344835521 0.018836344835521 0.012770348278632 0.012803745306265 1496.3239953394 1496.3254463565 8.6406936278003 8.5754038258221 1.3134359738204 1.1980599371717 0.38094209194736 0.38086724903945 0.29003476342994 0.3179033345682
10 9 2 6.4559091108139 0.019930559394152 0.019930559394152 0.013509481559238 0.013550664024624 1496.3127599022 1496.3130659384 8.5986203592013 8.6277327971418 0.0 0.0 0.0 0.0 0.0 0.0 0.0 0.0 - -
11 7 2 6.5564365664761 0.020359270312809 0.020359270312809 0.01380479279779 0.013842729820919 1496.3119351716 1496.3155724783 8.6209161530522 8.5961415076799 2.6394560698053 2.6470192013921 97.360543930195 97.352980798608 46.273882708136 46.202686270947
12 10 2 6.656971829318 0.020110862848946 0.020110862848946 0.013636311087229 0.013668717949228 1496.3205107008 1496.324792758 8.6561418702532 8.5702931610523 327666.0 331476.0 0.094214237285796 0.09414075502092 39.496304163386 39.544202295189 316880.0 321639.0 0.091112924475298 0.091347000398743 40.86428616511 40.859901939752
13 5 2 6.757432639495 0.020829530139668 0.020829530139668 0.014118660356357 0.014156382677514 1496.3141444867 1496.3158990331 8.6371570968666 8.5852513105243 6.2427184466019 5.957264957265
14 6 2 6.8578293896698 0.020325021271654 0.020325021271654 0.013778368601712 0.013812401129064 1496.3132531321 1496.3161551246 8.6229887312253 8.6086655801544 0.0 0.0 0.0 0.0
15 9 2 6.9582595672203 0.020729785220151 0.020729785220151 0.014053778688698 0.01409200877549 1496.3196018517 1496.324282168 8.6122446826966 8.609096765517 0.18242809062836 0.18242123270424 1.360119357413e-05 4.9809809543892e-06 7.4556465110617e-05 2.7304831134789e-05 37.0 41.0 1.0270289025363e-05 1.1345567729442e-05
16 7 2 7.0587806470492 0.020654866914738 0.020654866914738 0.014003812013727 0.014048663889821 1496.3102403568 1496.3133064182 8.6190809008943 8.6013627779149 4.5731459599275 4.6025077351906 95.426854040072 95.397492264809 36.398335196275 36.078065327981
17 8 2 7.1592509485029 0.021671659217533 0.021671659217533 0.014690025787811 0.014723744415444 1496.3188378378 1496.3212206007 8.6557245527393 8.5566698307555 0.09091952403219 0.090919381017889 1.307779848874e-05 1.3161767067258e-05 0.00014383927575457 0.00014476305183675 10.998737736968 10.998755037754
18 10 2 7.2597177205098 0.021577128747597 0.021577128747597 0.014628202943816 0.014668634858216 1496.3191892988 1496.3206820606 8.6379108543159 8.5783457391857 4040.9365407207 4080.5725835883 0.087191808 0.08804704 1006.6866752333 1020.9269387825 0.021721408 0.022028672 5047.6944024413 5101.6181665162 0.108914752 0.110078272
19 8 2 7.3602389126723 0.021411991224083 0.021411991224083 0.014515975867668 0.014559658659817 1496.3149027598 1496.3080001794 8.6079147908167 8.6062473861457 90.581502480444 90.583587207688 94.469375468334 94.53604108448 94.712452171158 94.761016409992 99.976674946359 99.97404142825
20 12 2 7.4607657278522 0.021296891942863 0.021296891942863 0.014438701276056 0.014483964890741 1496.315005775 1496.3167333617 8.5973190021695 8.6201066716269 28860944.0 28967069.0 95.072624790097 95.162707003598 95.17205674215 95.21022993386 99.981688055664 99.977850710405 90.539917103786 90.588857443838 86.078675673347 86.206808987186 86.168701280311 86.249859466735 90.523337484565 90.568792655462
21 7 2 7.5613108053826 0.020745055331713 0.020745055331713 0.014066518125328 0.014097177929297 1496.3167412607 1496.3183361308 8.598763575911 8.6212033534672 9.449466013529 9.4197506813479 90.550533986471 90.580249318652 20.544300551446 20.521352782056
22 7 2 7.6617628064373 0.021342154198675 0.021342154198675 0.014464983696359 0.014504066702588 1496.3078439632 1496.3130003109 8.6160382451665 8.6059867371111 3372636.0 3385727.0 4720092.0 4738437.0 4719245.0 4737518.0
23 13 2 7.7622758580432 0.020920886281714 0.020920886281714 0.014180851454999 0.014225249014472 1496.313916658 1496.3226211299 8.6174659654274 8.6156910523159 0.11604339419638 0.11606730022326 125228912.0 125620980.0 3304748.0 3315818.0 1622378.0 1606259.0 2872.0 2864.0 1.2955299012739 1.2786550463147 0.0034401001583404 0.0032717464869324 2.6389656727194 2.6395415797584 96.062064325848 96.07853162744
24 5 2 7.8627393307059 0.021544022971796 0.021544022971796 0.014598091671679 0.01464013747453 1496.3188734687 1496.3150029421 8.6664908003638 8.5651719953646 1.0001301609559 1.0001326427166
25 10 2 7.9631706506158 0.021122307532581 0.021122307532581 0.014320254184128 0.014351582553731 1496.3129171148 1496.319412867 8.6180735089351 8.6124968672343 4142.2171259007 4153.9491774116 0.087493184 0.087740992 2141.081220896 2157.5400286974 0.045224576 0.045572224 6283.2983467967 6311.4892061089 0.13271776 0.133313216
26 6 2 8.0635980062396 0.021011189749956 0.021011189749956 0.014241809149697 0.014277324207754 1496.3206061183 1496.3189260979 8.6298190339714 8.6138307896469 0.0 0.0 0.0 0.0
27 19 2 8.1641401486038 0.020573355356362 0.020573355356362 0.01394774128016 0.013996104031749 1496.3186258916 1496.3195776272 8.6374672440576 8.5925904194244 0.292236328125 0.0 14.204602169311 0.0 0.037109375 0.0 1.8037590056268 0.0 0.0 0.0 0.0 0.0 0.0 0.0 0.0 0.0 4731.2301913794 0.0 0.09733728 0.0 2027.5732022049 0.0 0.041713984 0.0 6758.8033935844 0.0 0.139051264 0.0 0.0 0.0
1 9 2 8.2646562576744 0.020203038844514 0.020203038844514 0.013696771887279 0.013724433110963 1496.3163510547 1496.3143969127 8.6364112812361 8.5899304234525 0.0 0.0 0.0 0.0 0.0 0.0 0.0 0.0 - -
2 7 2 8.365105334434 0.020847454583626 0.020847454583626 0.014131576446508 0.014171693102316 1496.3180444753 1496.3250742362 8.6245798417476 8.6084031990333 0.0 0.0 0.0 0.0 - -
3 7 2 8.4655590295507 0.020732658784097 0.020732658784097 0.014050938190667 0.0140904306707 1496.320896268 1496.3096644733 8.6420605270416 8.5755532429583 0.0085952826155355 0.0082155698320188 0.0084226505520069 0.0081722684572651 0.97991548722126 0.99472935223739
4 6 2 8.566008892645 0.02111501038328 0.02111501038328 0.014307998506371 0.014344117810063 1496.3131474224 1496.3126539367 8.654318044955 8.5818414727706 0.0 0.0 - -
5 19 2 8.6665313014519 0.020559957772126 0.020559957772126 0.013940123436774 0.013988982630053 1496.3164589011 1496.3221825063 8.5792957989125 8.6412232941959 0.29559326171875 0.0 14.377133698178 0.0 0.03741455078125 0.0 1.8197776082971 0.0 0.0 0.0 0.0 0.0 0.0 0.0 0.0 0.0 4854.0893471728 0.0 0.099799872 0.0 2048.3310552853 0.0 0.0421136 0.0 6902.420402458 0.0 0.141913472 0.0 0.0 0.0
6 9 2 8.7670276361991 0.020861028821384 0.020861028821384 0.014134710914116 0.014182413706268 1496.3149885743 1496.3208082924 0.0 0.0 8.6398656288797 8.5918922938622 0.29034423828125 0.0 13.918021050986 0.0 0.03704833984375 0.0 1.7759593815322 0.0
7 13 2 8.8675188941959 0.020716594184647 0.020716594184647 0.014038378125305 0.01409848199465 1496.3157882772 1496.3188496404 8.605276945661 8.6154903102175 201.0 201.0 0.2911376953125 0.0 14.053357068135 0.0 0.036865234375 0.0 1.779502656007 0.0 0.0 0.0 0.0 0.0 0.03717041015625 0.0 1.7942336382588 0.0
8 10 2 8.9679160873633 0.021560273283921 0.021560273283921 0.014609949652534 0.01463846696636 1496.321302126 1496.3232438021 8.6178339132963 8.6155561153966 4732.7637575028 0.0 0.10203968 0.0 2022.4337338302 0.0 0.043604224 0.0 6755.197491333 0.0 0.145643904 0.0
9 7 2 9.0683378244992 0.020753797416227 0.020753797416227 0.014070537219416 0.014105480644797 1496.3176389185 1496.3122335635 8.6471215544711 8.6264912087763 1.3128770314218 1.1983522013171 0.38119538255075 0.38120898959447 0.29035117031328 0.3181109770362
10 9 2 9.1688192515011 0.021431451194803 0.021431451194803 0.014529357145426 0.014568422033345 1496.3113371454 1496.3146004397 8.6427136662727 8.5746576441739 0.0 0.0 0.0 0.0 0.0 0.0 0.0 0.0 - -
11 7 2 9.2693360372906 0.021264362329316 0.021264362329316 0.014415604507586 0.014456169138605 1496.3245093597 1496.3222054453 8.6182417922848 8.5993565648972 2.6404302588224 2.6461246339893 97.359569741178 97.353875366011 46.225334063347 46.146922007557
12 10 2 9.3698228363713 0.020976996875562 0.020976996875562 0.014219611049397 0.014257568908583 1496.3178201429 1496.3116659841 8.6391551939977 8.5877604094196 342067.0 345115.0 0.094135282230822 0.094157727391532 39.524482045915 39.525378497023 331098.0 334840.0 0.091116663332215 0.091354399083728 40.870905290881 40.880563851392
13 5 2 9.4702960286013 0.020425273503848 0.020425273503848 0.013847056473317 0.013878586409118 1496.3161471827 1496.3141376141 8.6434707104625 8.579393493419 6.1739130434783 5.9734513274336
14 6 2 9.5707370146296 0.020880441684498 0.020880441684498 0.014153206990751 0.014186185938384 1496.3205647456 1496.3194920524 8.6381750968008 8.586463388756 0.0 0.0 0.0 0.0
15 9 2 9.6712116952788 0.021300937761458 0.021300937761458 0.014439758026479 0.014477310941439 1496.3103669615 1496.317936736 8.654207096767 8.5739162602145 0.18242213300445 0.18239888233928 1.3845072552252e-05 7.2429050380038e-06 7.5895793587252e-05 3.9709152518443e-05 34.0 0.0 9.2300483681682e-06 0.0
16 7 2 9.7716945590626 0.019390223380194 0.019390223380194 0.013146074464856 0.01318501569531 1496.3136637608 1496.3160503561 8.6565944079263 8.6198966454945 4.5595489798533 4.5840609219715 95.440451020147 95.415939078029 36.494064652469 36.359332883876
17 8 2 9.8721625640205 0.02035386833872 0.02035386833872 0.013796419873839 0.013832324928516 1496.3258723322 1496.3174275227 8.5932588999302 8.6357718859475 0.090919478420727 0.090919734087138 1.3260107446369e-05 1.4422277498193e-05 0.00014584451733222 0.00015862648129141 10.998743254691 10.998712326211
18 10 2 9.9726253391283 0.020646505314731 0.020646505314731 0.013996405701609 0.014036939078543 1496.3155943523 1496.3189480896 8.6393134295642 8.5754274567991 4040.0227897398 4082.3474343554 0.083412352 0.084286208 1009.3097927392 1018.6339857232 0.02083872 0.021031232 5049.4627740034 5101.0868132174 0.10425376 0.105319616
19 8 2 10.073144660575 0.020952710187092 0.020952710187092 0.014205989704034 0.014250104617873 1496.3140330539 1496.3138031518 8.6216238802622 8.5938693654847 90.58288173037 90.552766186294 94.492350569271 94.522109086746 94.732763344615 94.751091055949 99.979896517924 99.979132310339
20 12 2 10.173598033186 0.020791585869215 0.020791585869215 0.014091533169856 0.014135807071864 1496.3187665694 1496.3174110901 8.63506687658 8.5789427385678 28193887.0 28254935.0 95.167402777772 95.179663304835 95.234548538838 95.266334889817 99.977083684843 99.974938891206 90.626331262394 90.538103908246 86.246725695201 86.17386246245 86.307577435052 86.25233327212 90.605563046707 90.515414055526
21 7 2 10.274125655537 0.020957479832166 0.020957479832166 0.014204585987976 0.014249816989704 1496.3149266714 1496.316224129 8.5912055253944 8.6274798240909 9.4758333700844 9.3932532396272 90.524166629916 90.606746760373 20.549125136087 20.486375436256
22 7 2 10.374625337642 0.020394461506077 0.020394461506077 0.013827594237808 0.013864522976994 1496.3128632778 1496.3174095487 8.6084017205897 8.6409630132756 3227222.0 3223737.0 4516523.0 4511529.0 4515360.0 4510362.0
23 13 2 10.47513328079 0.020973177535841 0.020973177535841 0.014219040322636 0.014264082440983 1496.3142327765 1496.3194196718 8.6134997302754 8.5975713502546 0.11609682838732 0.11631191638443 125566152.0 125963912.0 3314900.0 3331567.0 1628047.0 1609652.0 2592.0 2504.0 1.2965651762586 1.2778675848048 0.0030565561967687 0.0027507878605739 2.6399630371726 2.6448583146576 96.060415230372 96.074523312677
24 5 2 10.575598072466 0.020550444753527 0.020550444753527 0.013929218026061 0.013957634783267 1496.3161135216 1496.3134361656 8.5902857739854 8.6286892774337 1.0001313706103 1.0001262982147
25 10 2 10.676023993119 0.020393690571992 0.020393690571992 0.013819584585971 0.013859127344313 1496.3171810042 1496.3142500782 8.6294894853955 8.5971011397913 4134.4018485696 4160.8821954247 0.084315712 0.084855744 2136.7518471545 2160.6494344146 0.043576256 0.044063616 6271.1536957241 6321.5316298392 0.127891968 0.12891936
26 6 2 10.776466683175 0.019966511556435 0.019966511556435 0.013532796200384 0.013575968056194 1496.323607488 1496.3252356186 8.6038280565373 8.6077439143471 0.0 0.0 0.0 0.0
27 19 2 10.877001414244 0.020164657922792 0.020164657922792 0.013670171943595 0.013723562526174 1496.3108171368 1496.3149397784 8.6147302612011 8.6126548123149 0.27655029296875 0.0 13.714603740248 0.0 0.03546142578125 0.0 1.7585929757414 0.0 0.0 0.0 0.0 0.0 0.0 0.0 0.0 0.0 4757.0088402827 0.0 0.095923456 0.0 2028.1853605745 0.0 0.040897664 0.0 6785.1942008572 0.0 0.13682112 0.0 0.0 0.0
1 9 2 10.97752023472 0.020742305878189 0.020742305878189 0.014060913226169 0.014099545992397 1496.3184081605 1496.3178651051 8.6018300174739 8.6194544730562 0.0 0.0 0.0 0.0 0.0 0.0 0.0 0.0 - -
2 7 2 11.077934945575 0.01917991781608 0.01917991781608 0.013002866437696 0.013035808695751 1496.3221413505 1496.3200005916 8.6228076578221 8.6126282498644 0.0 0.0 0.0 0.0 - -
3 7 2 11.178364289683 0.020703756456186 0.020703756456186 0.014037511617135 0.014074359276884 1496.3227749558 1496.3186074942 8.6702591808307 8.5494155180407 0.0086723796967699 0.0081941900733129 0.0085135135135135 0.0081496728742227 0.98168136211614 0.99456722400971
4 6 2 11.278819590988 0.021141972240203 0.021141972240203 0.014330042601037 0.014362116086134 1496.3145883948 1496.310427593 8.6288544564342 8.6022793155922 0.0 0.0 - -
5 19 2 11.379367590096 0.019742326461042 0.019742326461042 0.01338407069491 0.013443806762564 1496.3213740635 1496.3150587951 8.6145051031356 8.6041613579247 0.27752685546875 0.0 14.057454475611 0.0 0.035400390625 0.0 1.7931215297678 0.0 0.0 0.0 0.0 0.0 0.0 0.0 0.0 0.0 4763.8592232577 0.0 0.094049664 0.0 2031.5530735015 0.0 0.040107584 0.0 6795.4122967591 0.0 0.134157248 0.0 0.0 0.0
6 9 2 11.479859943345 0.021223663169846 0.021223663169846 0.014381749539671 0.014427475171258 1496.3167138199 1496.3136330549 0.0 0.0 8.6204259882711 8.6081446804509 0.29083251953125 0.0 13.703219713007 0.0 0.03717041015625 0.0 1.7513663809488 0.0
7 13 2 11.580355085001 0.020292785174727 0.020292785174727 0.013751947576338 0.013810050278357 1496.3118480037 1496.3123801494 8.618789379928 8.6129703874291 201.0 201.0 0.290771484375 0.0 14.328811046457 0.0 0.0362548828125 0.0 1.7865897904272 0.0 0.0 0.0 0.0 0.0 0.037109375 0.0 1.828697967306 0.0
8 10 2 11.680761697878 0.020808704954299 0.020808704954299 0.014100300620004 0.014124571907911 1496.3170201901 1496.327019578 8.6582016012282 8.5869530436574 4714.8698689069 0.0 0.098110336 0.0 2022.0214613263 0.0 0.042075648 0.0 6736.8913302332 0.0 0.140185984 0.0
9 7 2 11.781174037953 0.019988243563213 0.019988243563213 0.013546839249409 0.013590293750853 1496.3148778576 1496.3165546246 8.6293964604124 8.6086904501283 1.3112779234404 1.198033369763 0.38092303271047 0.38095936275465 0.29049755654472 0.31798727178192
10 9 2 11.8816494687 0.0202249701527 0.0202249701527 0.013706580234329 0.013745471186473 1496.3141049674 1496.3201436033 8.6328935889294 8.6026930089945 0.0 0.0 0.0 0.0 0.0 0.0 0.0 0.0 - -
11 7 2 11.982112983035 0.019935542835283 0.019935542835283 0.013518427474738 0.01356045515928 1496.3181911121 1496.3182484115 8.6202521481464 8.603860670529 2.6398647107115 2.64485376436 97.360135289289 97.35514623564 46.278126572763 46.247706320116
12 10 2 12.08264693864 0.020509603365325 0.020509603365325 0.013904663186604 0.013948594199598 1496.3179925415 1496.3222561938 8.607813001667 8.6238320380794 335774.0 336162.0 0.094153638220701 0.094140426233814 39.502305121897 39.557674573569 324933.0 326209.0 0.091113737597214 0.091353140156551 40.818916515097 40.907016667229
13 5 2 12.183115357602 0.020697300902378 0.020697300902378 0.01403272611854 0.014065570084764 1496.3124350433 1496.3120358682 8.5896395453455 8.6444395511521 6.2830188679245 5.6146788990826
14 6 2 12.28356507122 0.020464607448669 0.020464607448669 0.013870951806295 0.01390800918548 1496.3162430387 1496.3194126801 8.6772777491429 8.552555332104 0.0 0.0 0.0 0.0
15 9 2 12.384033184888 0.021530407061925 0.021530407061925 0.014596072839001 0.014635564866076 1496.3174891755 1496.321076734 8.629627249168 8.5933672960541 0.18245693811874 0.18242688507063 9.1052657090605e-06 1.0106369539402e-05 4.9903641938434e-05 5.5399562051883e-05 7.0 34.0 1.874613528336e-06 9.0425411668336e-06
16 7 2 12.484546587989 0.021152542462183 0.021152542462183 0.014340586551468 0.014383678686715 1496.3155212497 1496.3087890082 8.6075709943849 8.6039991578895 4.5747871983204 4.5932150805045 95.42521280168 95.406784919496 36.383929485412 36.154774960768
17 8 2 12.585015589454 0.021263495368188 0.021263495368188 0.014413092403922 0.014446899358316 1496.3158817968 1496.3099134506 8.6193331247571 8.5928745701486 0.090919482785008 0.09091942664211 1.2460400981121e-05 1.2931912403536e-05 0.00013704874466329 0.00014223486532136 10.998742726734 10.998749518476
18 10 2 12.685479142743 0.020602707018358 0.020602707018358 0.01396682348412 0.013994197985551 1496.3204960333 1496.3241535655 8.5774360309597 8.6472854038062 4069.3308857567 4044.5015271901 0.083839232 0.08332768 1014.6674406122 1011.0329667572 0.020904896 0.020830016 5084.1350074369 5055.7270899978 0.104746944 0.104161664
19 8 2 12.785996250132 0.020947348073285 0.020947348073285 0.014198765027972 0.01425146620886 1496.3086897052 1496.3084896502 8.6220863083966 8.6167811166086 90.617105248718 90.611647762261 94.508337954755 94.547124610159 94.781358057364 94.788321249081 99.975365887707 99.976334200751
20 12 2 12.886508802579 0.020347998912236 0.020347998912236 0.013798274282855 0.013838479718381 1496.3186937557 1496.3110587704 8.6312746700577 8.5792042674502 27610107.0 27671114.0 95.089041125411 95.196040896655 95.184089652387 95.302852642651 99.976675208104 99.975378656602 90.636057818818 90.572416228798 86.184958293788 86.221354394255 86.271106531654 86.31809637342 90.614917146949 90.550116083174
21 7 2 12.987045155237 0.020846357519964 0.020846357519964 0.014133468451017 0.01417820165218 1496.3209979047 1496.3204197708 8.561921089863 8.6506153688413 9.5306003149736 9.3843248690201 90.469399685026 90.61567513098 20.512002528684 20.504602410039
22 7 2 13.087559152618 0.020011884333936 0.020011884333936 0.013569602640977 0.013604355824104 1496.3147375349 1496.3161746623 8.5955813238182 8.6210040891261 3171696.0 3170397.0 4438811.0 4436978.0 4437718.0 4435962.0
23 13 2 13.188071938791 0.021022247354472 0.021022247354472 0.01425349863027 0.014296518292277 1496.3172652309 1496.3147258084 8.6273618064276 8.5865384667702 0.11591028896632 0.11646136611045 125870448.0 126250348.0 3317632.0 3343452.0 1635168.0 1616008.0 2668.0 2524.0 1.2990880909552 1.2800028083883 0.0029792537164879 0.0028015764360507 2.6357513242505 2.6482715120912 96.062181331078 96.068924103084
24 5 2 13.2885527697 0.020762322081022 0.020762322081022 0.014073363222798 0.014110349487618 1496.3238148308 1496.3223730156 8.5962523901208 8.6128034787879 1.0001323979242 1.0001285033316
25 10 2 13.388987569232 0.020285329490214 0.020285329490214 0.01374999714028 0.013790626091299 1496.3178206409 1496.3193395635 8.6259736037932 8.5930491235834 4137.0145868464 4163.2672538418 0.083920704 0.084453248 2138.0543027868 2161.6094538249 0.043371136 0.04384896 6275.0688896332 6324.8767076668 0.12729184 0.128302208
26 6 2 13.489421827026 0.02099292921135 0.02099292921135 0.014227704951376 0.014262438204362 1496.3165431784 1496.3158186651 8.6119099554965 8.6124872162584 0.0 0.0 0.0 0.0
27 19 2 13.589922261041 0.020121334326138 0.020121334326138 0.013642026055121 0.01369284338474 1496.3184721359 1496.3191552644 8.6640245856508 8.651066908314 0.30487060546875 0.0 15.151609755459 0.0 0.03729248046875 0.0 1.8533800922092 0.0 0.0 0.0 0.0 0.0 0.0 0.0 0.0 0.0 5173.4938803128 0.0 0.1040976 0.0 2538.163283419 0.0 0.051071232 0.0 7711.6571637317 0.0 0.155168832 0.0 0.0 0.0
1 9 2 13.690412735421 0.020529923955764 0.020529923955764 0.013919926050842 0.01395784722045 1496.3161466836 1496.3180430216 8.6450689834824 8.6045045140638 0.0 0.0 0.0 0.0 0.0 0.0 0.0 0.0 - -
2 7 2 13.790849069573 0.019931793251055 0.019931793251055 0.0135100640629 0.013539529870248 1496.3147119091 1496.3123993383 8.6211841932216 8.635841107833 0.0 0.0 0.0 0.0 - -
3 7 2 13.891341035995 0.019640716261523 0.019640716261523 0.013317167929785 0.013353859772068 1496.3158766793 1496.3193621108 8.6331765389202 8.6592564395605 0.0084779484351506 0.0083312271587674 0.0083101139199826 0.008286028960054 0.98020340457932 0.99457484499557
4 6 2 13.991803708735 0.019221968601466 0.019221968601466 0.013032767084481 0.013065925856339 1496.3145198234 1496.3242604861 8.6654558607484 8.6361265471324 0.0 0.0 - -
5 19 2 14.092344346373 0.019549292175816 0.019549292175816 0.01325511996579 0.013307140351185 1496.3099679947 1496.3125937682 8.6890016140737 8.6128014395749 0.29901123046875 0.0 15.295245872823 0.0 0.03485107421875 0.0 1.7827281880755 0.0 0.0 0.0 0.0 0.0 0.0 0.0 0.0 0.0 4937.9735660927 0.0 0.096533888 0.0 2465.3299754567 0.0 0.048195456 0.0 7403.3035415494 0.0 0.144729344 0.0 0.0 0.0
6 9 2 14.192847839665 0.019663942122951 0.019663942122951 0.013311301221047 0.013364066721936 1496.3199561674 1496.3174129194 0.0 0.0 8.6463536160794 8.5839765593224 0.28509521484375 0.0 14.498375405154 0.0 0.03558349609375 0.0 1.8095810021846 0.0
7 13 2 14.293357568373 0.019601286289661 0.019601286289661 0.013286477324689 0.013337214933745 1496.3234370402 1496.3151755393 8.6577729765468 8.6508973719768 202.0 201.0 0.29730224609375 0.0 15.167486546563 0.0 0.07000732421875 0.0 3.5715678646905 0.0 0.0 0.0 0.0 0.0 0.03466796875 0.0 1.7686578440664 0.0
8 10 2 14.393734919273 0.019777860996282 0.019777860996282 0.013402960844784 0.01343577038622 1496.3113375264 1496.3070885247 8.6799139338311 8.6245127645086 4877.0070746342 0.0 0.096456768 0.0 2450.2742743065 0.0 0.048461184 0.0 7327.2813489407 0.0 0.144917952 0.0
9 7 2 14.494137939289 0.01975680933204 0.01975680933204 0.0133926447321 0.013428860515792 1496.3137024314 1496.3176299509 8.6350529982086 8.6797424216696 1.3161478798088 1.1994191459337 0.38141800508049 0.38146829602478 0.28979874597063 0.31804419440696
10 9 2 14.594617195717 0.020411341429471 0.020411341429471 0.013835739324012 0.013876682627708 1496.3201431099 1496.3189957356 8.6162009961347 8.5975936838129 0.0 0.0 0.0 0.0 0.0 0.0 0.0 0.0 - -
11 7 2 14.695137776387 0.019631381708276 0.019631381708276 0.013312894273443 0.013354381579392 1496.3244101215 1496.3177004225 8.634848310799 8.570761069994 2.6352462855247 2.655031925418 97.364753714475 97.344968074582 46.19223126702 46.007797320953
12 10 2 14.795674620051 0.020905727597758 0.020905727597758 0.014174927220628 0.014218212768833 1496.3086928918 1496.3073958203 8.6537977503109 8.5699494780582 340607.0 344931.0 0.094188344611644 0.094172298796128 39.486763337219 39.470839095355 329497.0 334710.0 0.091116086822945 0.091381783980135 40.865582994686 40.849744554988
13 5 2 14.896141847733 0.020259252712728 0.020259252712728 0.01373077225463 0.013774037419736 1496.3188358869 1496.3213873084 8.6431250370661 8.5816105402567 5.8598130841121 6.504854368932
14 6 2 14.996639078431 0.01894121361307 0.01894121361307 0.012846127203765 0.012872600319279 1496.3141037026 1496.311808786 8.6993579591623 8.7351895299397 0.0 0.0 0.0 0.0
15 9 2 15.097117030341 0.01962219572517 0.01962219572517 0.013302697288646 0.013343623379947 1496.3211391323 1496.3116783155 8.6221195396724 8.6243640897683 0.1825386363563 0.18257624262502 1.0275431472707e-05 1.3174177558052e-05 5.6291816778178e-05 7.2157129364905e-05 64.0 33.0 1.8789360407236e-05 9.6610635425715e-06
16 7 2 15.19764259264 0.020920411581995 0.020920411581995 0.014182955443733 0.014219000462354 1496.3183664914 1496.3189547926 8.6610197761491 8.5744390270551 4.5624865685933 4.6002207607485 95.437513431407 95.399779239251 36.274120011944 36.217928902628
17 8 2 15.298052876286 0.021306955758083 0.021306955758083 0.014438867964506 0.014474638943691 1496.3176451006 1496.322013016 8.641955139814 8.5953868267906 0.090919737917962 0.090919654375128 1.2199697664381e-05 1.317988007923e-05 0.00013418095942368 0.00014496183657772 10.99871186279 10.998721969114
18 10 2 15.398529293575 0.019339849043252 0.019339849043252 0.01311029170877 0.013151457414719 1496.3139334624 1496.3123383018 8.6302001864169 8.6173334860839 4044.480793261 4063.3003817276 0.078219648 0.078583616 1008.1501647917 1016.2048295231 0.019497472 0.019653248 5052.6673595778 5079.7203111716 0.097717824 0.098241024
19 8 2 15.499048348683 0.021373440896165 0.021373440896165 0.014487180437785 0.014531487858667 1496.3192092316 1496.3184324603 8.6109361412275 8.6187106911903 90.530474543854 90.558026081959 94.483264096622 94.512593803773 94.734183992416 94.712074299159 99.978191889734 99.978513984394
20 12 2 15.599585405238 0.020992895692477 0.020992895692477 0.014233100131098 0.014278231029164 1496.3225416471 1496.3192416382 8.6290228282364 8.622342223861 28476004.0 28565934.0 95.100123598803 95.165216722828 95.218493437492 95.306867963778 99.976113221504 99.974028505422 90.622749030967 90.621597835736 86.182346337083 86.240239978068 86.289616338927 86.368606595971 90.601102175639 90.598062052367
21 7 2 15.700123571539 0.021209448449835 0.021209448449835 0.014382860192066 0.014422154276605 1496.3147258236 1496.3183496868 8.5953816465032 8.6436566085382 9.4920969395058 9.3970170498042 90.507903060494 90.602982950196 20.61783573834 20.547411269472
22 7 2 15.800620237851 0.021159762608668 0.021159762608668 0.014342421030343 0.014382130024178 1496.3124304427 1496.3210373277 8.6202473372021 8.6039959559183 3342419.0 3357834.0 4677802.0 4699563.0 4676867.0 4698665.0
23 13 2 15.901141428202 0.021074780488036 0.021074780488036 0.014294950605515 0.014332400246109 1496.3161888522 1496.3189353983 8.6716523637227 8.5614694150555 0.11531827592437 0.11680237953563 126236504.0 126567216.0 3310288.0 3361651.0 1635144.0 1621014.0 2616.0 2736.0 1.2953020308611 1.2807534614651 0.0030094306160443 0.0029928761331054 2.6222906173004 2.6560203394219 96.079397921223 96.06023332298
24 5 2 16.001610228553 0.021383599832511 0.021383599832511 0.014494494799482 0.014518024595557 1496.322036658 1496.3164652262 8.6189802184234 8.6119795354171 1.0001355580659 1.0001300555396
25 10 2 16.101994894721 0.021919688914635 0.021919688914635 0.014822316174398 0.014883654806561 1496.3211984564 1496.3147558793 8.6420723291717 8.5921145287019 4121.6117779701 4162.3744002628 0.090344448 0.091237952 2131.7441220072 2163.0409165316 0.046727168 0.047413184 6253.3558999774 6325.4153167944 0.137071616 0.138651136
26 6 2 16.202440699314 0.021739296680123 0.021739296680123 0.01473110497883 0.014766284395197 1496.3229567559 1496.3187978314 8.6526192760455 8.5860635822393 0.0 0.0 0.0 0.0
27 19 2 16.30299283755 0.021215194671811 0.021215194671811 0.014381304282206 0.014434235112672 1496.3174054233 1496.3146314453 8.611510648922 8.5955823685319 0.3040771484375 0.0 14.332988838492 0.0 0.0390625 0.0 1.8412510751977 0.0 0.0 0.0 0.0 0.0 0.0 0.0 0.0 0.0 4755.6133969421 0.0 0.100891264 0.0 2030.0740420367 0.0 0.043068416 0.0 6785.6874389788 0.0 0.14395968 0.0 0.0 0.0
1 9 2 16.403513326722 0.021368048887146 0.021368048887146 0.014485110420882 0.014520149873305 1496.3154446601 1496.3142734844 8.5890787787957 8.638414498258 0.0 0.0 0.0 0.0 0.0 0.0 0.0 0.0 - -
2 7 2 16.50395967577 0.021080557511139 0.021080557511139 0.01428879808044 0.014324179515962 1496.3225935677 1496.3246582495 8.6149263831778 8.6132136265882 0.0 0.0 0.0 0.0 - -
3 7 2 16.604427936196 0.021364556582918 0.021364556582918 0.014486812183137 0.014521625609645 1496.3161802376 1496.323730685 8.5737174220221 8.6439557938892 0.0085418239654495 0.0084822967658213 0.0083698041922293 0.0084414258813923 0.97986147058099 0.99518162526526
4 6 2 16.704873690963 0.021020006119541 0.021020006119541 0.014246432036461 0.01427220080268 1496.319645399 1496.3207101729 8.6336818885171 8.5976104303485 0.0 0.0 - -
5 19 2 16.805419033927 0.021134756623295 0.021134756623295 0.014328018785824 0.01437214638248 1496.3156068659 1496.3166945214 8.6462164486261 8.5771610736822 0.290771484375 0.0 13.757976472485 0.0 0.0374755859375 0.0 1.7731732901146 0.0 0.0 0.0 0.0 0.0 0.0 0.0 0.0 0.0 4754.7081705799 0.0 0.1004896 0.0 2150.321804506 0.0 0.045446528 0.0 6905.0299750859 0.0 0.145936128 0.0 0.0 0.0
6 9 2 16.905867172158 0.020685673477017 0.020685673477017 0.014015229719652 0.014057418204194 1496.3200516324 1496.3251918713 0.0 0.0 8.6151081330089 8.6079544477463 0.27557373046875 0.0 13.3219607655 0.0 0.035400390625 0.0 1.7113482267973 0.0
7 13 2 17.006311430353 0.021236034351828 0.021236034351828 0.014387936036577 0.014445496095216 1496.3256353831 1496.3166898942 8.5990342048392 8.6226440244267 201.0 201.0 0.2952880859375 0.0 13.90504842125 0.0 0.04278564453125 0.0 2.0147662139926 0.0 0.0 0.0 0.0 0.0 0.0372314453125 0.0 1.7532202432746 0.0
8 10 2 17.106717431737 0.020723210991413 0.020723210991413 0.014042847912351 0.014075047772659 1496.3195684166 1496.3167358036 8.6028407012902 8.6221241567916 4738.3483206674 0.0 0.098193792 0.0 2023.8130093535 0.0 0.041939904 0.0 6762.161330021 0.0 0.140133696 0.0
9 7 2 17.207140344751 0.021174199277975 0.021174199277975 0.014340014465834 0.014383456737419 1496.317716538 1496.3180199914 8.6081660975675 8.6099995173664 1.3119713128327 1.1982010781709 0.38100823820703 0.38108884308389 0.29040897044036 0.31805082638185
10 9 2 17.30760688122 0.020937857702573 0.020937857702573 0.014192990722615 0.014234282350818 1496.3222545831 1496.3221175509 8.630273244001 8.5939078104139 0.0 0.0 0.0 0.0 0.0 0.0 0.0 0.0 - -
11 7 2 17.408125171735 0.020969426139781 0.020969426139781 0.014219809897848 0.01426207674408 1496.3209121722 1496.3164179386 8.6222866561144 8.5969632930332 2.6389155090952 2.6466538887239 97.361084490905 97.353346111276 46.192436268672 46.104481518025
12 10 2 17.508660031445 0.021393438980688 0.021393438980688 0.014505038749913 0.014547026121215 1496.3142126806 1496.3130361396 8.6671137858873 8.5479763136714 347990.0 353595.0 0.094184635338008 0.094113710985908 39.519882755252 39.513921294136 336655.0 343194.0 0.091116780395175 0.091345355358808 40.822777026927 40.853103492485
13 5 2 17.609128794654 0.02072451641564 0.02072451641564 0.014047190871228 0.014082090359707 1496.3158535231 1496.3207806165 8.6112839172552 8.6131551147929 6.2545454545455 5.8468468468468
14 6 2 17.709559070043 0.021191430696581 0.021191430696581 0.014363771193741 0.014395018936865 1496.3151366633 1496.3190988711 8.6055049506455 8.6206231686629 0.0 0.0 0.0 0.0
15 9 2 17.80997931876 0.02031557166714 0.02031557166714 0.013765744669307 0.013808603984272 1496.3072349664 1496.3117459695 8.6320703590552 8.6172511157613 0.18259832464373 0.18256000547245 2.3859000126112e-05 1.0176048465127e-05 0.00013066385013479 5.5740842244126e-05 138.0 101.0 3.9196928778612e-05 2.8549469304939e-05
16 7 2 17.910461186943 0.020666115667423 0.020666115667423 0.014018183910077 0.014056842947855 1496.3128009361 1496.3210812123 8.5872022042298 8.631802385706 4.5836796792566 4.5887803719425 95.416320320743 95.411219628058 36.361909417671 36.102679529448
17 8 2 18.010924662323 0.019884353174397 0.019884353174397 0.013478183084846 0.013512231012761 1496.3185685085 1496.323227039 8.6185770745264 8.6035254398797 0.090919570692259 0.090919709561759 1.2744258928584e-05 1.3555168960855e-05 0.00014017068967165 0.00014908944415014 10.998732092398 10.998715293088
18 10 2 18.111393295986 0.020496894276864 0.020496894276864 0.013894187632793 0.013935316196207 1496.318314767 1496.3128081847 8.6502376855963 8.5726378623046 4034.8684480141 4083.7843465135 0.082702272 0.083704896 1004.8929228878 1022.166173909 0.020597184 0.020951232 5039.9362266606 5106.0754173931 0.10330304 0.104658688
19 8 2 18.2119173445 0.020844519417427 0.020844519417427 0.014132843369326 0.01417629787077 1496.3086436548 1496.3072890624 8.6265382690654 8.5943449048921 90.563926305493 90.529790628068 94.4577523201 94.538190747248 94.730029960348 94.757153001828 99.979337359669 99.979477380946
20 12 2 18.312445239532 0.020911791796073 0.020911791796073 0.014179033735561 0.01421907972996 1496.3247727525 1496.3183797329 8.6455702355579 8.5786132224047 28370199.0 28413308.0 95.070193198151 95.098733311869 95.159332509441 95.217895783201 99.980609935094 99.977943434112 90.630304267469 90.512383478077 86.162405363155 86.076130178033 86.243192592199 86.183986971047 90.612730992647 90.492419554579
21 7 2 18.412976297114 0.021169402455436 0.021169402455436 0.014353514418521 0.014395503601654 1496.3176430445 1496.3166324364 8.6141713318897 8.6122533040704 9.4853425626991 9.4736188953453 90.514657437301 90.526381104655 20.608914611715 20.600270084878
22 7 2 18.513468092319 0.020368492532535 0.020368492532535 0.013808880741455 0.013838686720071 1496.3172512222 1496.3120637079 8.5915306163572 8.6253160897555 3228638.0 3223091.0 4518678.0 4510844.0 4517916.0 4509979.0
23 13 2 18.613945055875 0.019995253537303 0.019995253537303 0.013557325221249 0.01359920614748 1496.3156998666 1496.3151553323 8.6189216421145 8.6109091336697 0.11602379526387 0.11613175618006 119722648.0 120092492.0 3158791.0 3171523.0 1552218.0 1538263.0 2660.0 2648.0 1.2965115840071 1.2808985594204 0.00319154317402 0.0031450758803473 2.638423934626 2.6409003154002 96.061872938193 96.075056049299
24 5 2 18.714390339566 0.02016541436223 0.02016541436223 0.013669638812327 0.013703438066439 1496.3235673077 1496.3256675106 8.6012099247345 8.6257467956997 1.0001301162738 1.0001340863077
25 10 2 18.814812080326 0.02120882427406 0.02120882427406 0.014374553852904 0.014407314474903 1496.3173948195 1496.3171379502 8.6615985117327 8.5698101057782 4120.7481787142 4173.2214316215 0.087396224 0.08850912 2130.4309666644 2167.6864028823 0.045183936 0.04597408 6251.1791453785 6340.9078345038 0.13258016 0.1344832
26 6 2 18.915241596558 0.020788652514846 0.020788652514846 0.014091139549574 0.014124618562559 1496.3129589873 1496.3050332669 8.6344805573288 8.5873006431302 0.0 0.0 0.0 0.0
27 19 2 19.015776635639 0.021407592098446 0.021407592098446 0.014511191274988 0.014564217679539 1496.3224688716 1496.3208150944 8.6872392731864 8.5581101331083 0.29254150390625 0.0 13.665315676838 0.0 0.037109375 0.0 1.7334679598409 0.0 0.0 0.0 0.0 0.0 0.0 0.0 0.0 0.0 4731.4444115998 0.0 0.101288832 0.0 2025.3450178149 0.0 0.04335776 0.0 6756.7894294147 0.0 0.144646592 0.0 0.0 0.0
1 9 2 19.116289775118 0.020974607976405 0.020974607976405 0.014218956072495 0.01425890649281 1496.3142834805 1496.3156917607 8.6202323710247 8.6053504830464 0.0 0.0 0.0 0.0 0.0 0.0 0.0 0.0 - -
2 7 2 19.216743696714 0.021387806904064 0.021387806904064 0.014487567263701 0.014531208836695 1496.3095705664 1496.307151102 8.6083316085827 8.6269907452849 0.0 0.0 0.0 0.0 - -
3 7 2 19.317206691959 0.021857593843035 0.021857593843035 0.014818154851578 0.014845081377797 1496.3230975548 1496.3155493684 8.608889356719 8.623132729071 0.0085513966344196 0.0083943902386101 0.0083870818395155 0.0083487202589756 0.98078503407937 0.99455946431649
4 6 2 19.417654807542 0.02152027620896 0.02152027620896 0.014586085573641 0.014618149093667 1496.3186307593 1496.3221871282 8.6394507559752 8.6030428861194 0.0 0.0 - -
5 19 2 19.518142691004 0.021769749935359 0.021769749935359 0.014755252156315 0.014805946281427 1496.314204611 1496.3109629314 8.6511374500722 8.5814790418706 0.3079833984375 0.0 14.14730988422 0.0 0.037109375 0.0 1.7046302833147 0.0 0.0 0.0 0.0 0.0 0.0 0.0 0.0 0.0 4726.6850701336 0.0 0.102898752 0.0 2025.8834451914 0.0 0.044102976 0.0 6752.568515325 0.0 0.147001728 0.0 0.0 0.0
6 9 2 19.618624497584 0.021598421385361 0.021598421385361 0.014633752129173 0.014677400496533 1496.3147779089 1496.315939091 0.0 0.0 8.6349678879208 8.5992714223691 0.30572509765625 0.0 14.1549742086 0.0 0.038818359375 0.0 1.7972776196186 0.0
7 13 2 19.719119144611 0.022007358886537 0.022007358886537 0.014908928037004 0.014967846515926 1496.3199086058 1496.3143911761 8.635349653808 8.5878132716956 201.0 201.0 0.3074951171875 0.0 13.972377093174 0.0 0.041748046875 0.0 1.8970039562785 0.0 0.0 0.0 0.0 0.0 0.03887939453125 0.0 1.7666542692242 0.0
8 10 2 19.819520788541 0.020301524541495 0.020301524541495 0.013759400090147 0.013791262949891 1496.3175682703 1496.3148912355 8.6296458857119 8.6014476089958 4741.9366857516 0.0 0.096268544 0.0 2023.7455525089 0.0 0.04108512 0.0 6765.6822382605 0.0 0.137353664 0.0
9 7 2 19.919917998015 0.020821963933465 0.020821963933465 0.014113594929874 0.014139064743979 1496.3131104874 1496.3154387178 8.6002940668277 8.6224377472755 1.3102650686478 1.1976002450691 0.38103459411657 0.38087864133586 0.29080725971715 0.31803487257459
10 9 2 20.020384746468 0.021047420934211 0.021047420934211 0.014266986806056 0.014308431533977 1496.3129943462 1496.3111734687 8.627675109067 8.6002306543811 0.0 0.0 0.0 0.0 0.0 0.0 0.0 0.0 - -
11 7 2 20.120904172096 0.021764614300425 0.021764614300425 0.014756859703359 0.014786857283101 1496.3196930684 1496.3227894819 8.630066131662 8.5984019065234 2.6367167596389 2.6464113435168 97.363283240361 97.353588656483 46.198881726319 46.082670200796
12 10 2 20.221439443997 0.021358223327702 0.021358223327702 0.014467123015797 0.014519766671052 1496.318782707 1496.3155321398 8.5843153750017 8.6242469865337 350487.0 349878.0 0.094200475723328 0.094131694189161 39.414343470657 39.499056814089 339026.0 339522.0 0.09112009998253 0.091345500644489 40.75734309463 40.937467969675
13 5 2 20.321910481054 0.021067453443523 0.021067453443523 0.014275144575076 0.014301290655098 1496.3095373341 1496.3175896148 8.6031256398007 8.6141564309217 5.7758620689655 6.1391304347826
14 6 2 20.422297069574 0.021425788317052 0.021425788317052 0.014512230813017 0.014547179220933 1496.3131657597 1496.3200684407 8.6160782381675 8.6176755333593 0.0 0.0 0.0 0.0
15 9 2 20.522752485931 0.020088355378505 0.020088355378505 0.013620304919329 0.01365480988161 1496.3214159948 1496.32348572 8.5567280820247 8.656882717237 0.18244023676789 0.18251403812765 2.2765048479594e-06 2.0963144494648e-05 1.2478085362582e-05 0.00011485771017781 0.0 31.0 0.0 8.9021572511517e-06
16 7 2 20.623275960094 0.020606991092728 0.020606991092728 0.013970291781587 0.014010783486409 1496.3168574246 1496.3187796842 8.6207288539366 8.5909332920059 4.5794952288529 4.6023558886888 95.420504771147 95.397644111311 36.321341386656 36.13054450172
17 8 2 20.723735342548 0.020091397442733 0.020091397442733 0.013617132856227 0.013660132588094 1496.3173540567 1496.3156067444 8.6521301294739 8.5787660000438 0.090919504138749 0.090919590223649 1.3526732997544e-05 1.3085352626074e-05 0.0001487770212308 0.00014392225695129 10.998740143522 10.998729729645
18 10 2 20.824204849514 0.021005173565162 0.021005173565162 0.014238360329413 0.014278868340713 1496.3143503738 1496.3179524447 8.611427646257 8.6138302221086 4052.9291384287 4063.4499750843 0.08513248 0.085353472 1011.5481280878 1014.8235116397 0.021247744 0.021316544 5064.5442976218 5078.4928612502 0.106381632 0.106674624
19 8 2 20.924726317981 0.020745813582981 0.020745813582981 0.014064526017157 0.014109453084237 1496.315142687 1496.31716814 8.6489358887046 8.5731745647304 90.618631023128 90.487830004628 94.513606339883 94.544867524948 94.768414528437 94.825542067136 99.977169387269 99.975656188983
20 12 2 21.025267839793 0.021159182822752 0.021159182822752 0.014348285474291 0.014391082734045 1496.3172473284 1496.3150937682 8.6063307330666 8.6104554701021 28664812.0 28757176.0 95.105643811653 95.193867436775 95.217244055185 95.251887737516 99.979780087167 99.980596147549 90.491290270625 90.512895293931 86.062324205349 86.162725559291 86.163312705667 86.215241413351 90.472993010611 90.495332305279
21 7 2 21.125806142887 0.020646867680929 0.020646867680929 0.013999154249217 0.014029457575439 1496.3165433183 1496.313262214 8.5890245014068 8.6227543543206 9.4855956073128 9.4163321763469 90.514404392687 90.583667823653 20.507951518937 20.508668669547
22 7 2 21.226256891061 0.021121650743848 0.021121650743848 0.014315590984124 0.014349347660208 1496.3185135057 1496.3190363458 8.6417238662908 8.5763338246979 3327892.0 3360991.0 4657521.0 4703956.0 4656611.0 4703161.0
23 13 2 21.326729720925 0.020905724880012 0.020905724880012 0.014170259491047 0.014203725368257 1496.3198318451 1496.3105501957 8.7098756684384 8.6490164478375 0.11481220146731 0.11562008305002 125135376.0 125430908.0 3271514.0 3302299.0 1661204.0 1651736.0 8388.0 8536.0 1.3275254792857 1.3168492729081 0.013108203710516 0.013151463433558 2.6143798057553 2.6327633696154 96.044986511248 96.037235894043
24 5 2 21.427204549238 0.019881081913549 0.019881081913549 0.013473248110194 0.013501658073034 1496.306880947 1496.3127699607 8.5999404409107 8.6201579912051 1.0001335836436 1.0001312299427
25 10 2 21.527637674638 0.020754997754256 0.020754997754256 0.014068223058287 0.014103304635781 1496.3208398976 1496.3270866898 8.617386331855 8.6013619179562 4141.2614454451 4157.1697102356 0.085951872 0.086282048 2140.4433055595 2158.0074606761 0.044424896 0.04478944 6281.7047510047 6315.1771709117 0.130376768 0.131071488
26 6 2 21.628079639055 0.02060207740709 0.02060207740709 0.013965885861584 0.014000458767527 1496.3229256842 1496.320127624 8.6570645046172 8.5616890050798 0.0 0.0 0.0 0.0
27 19 2 21.728615706349 0.021261120963679 0.021261120963679 0.014412971917161 0.01446553222819 1496.3151020582 1496.3149178212 8.5882505516157 8.6306344798697 0.30828857421875 0.0 14.500109130906 0.0 0.0389404296875 0.0 1.8315322956876 0.0 0.0 0.0 0.0 0.0 0.0 0.0 0.0 0.0 4755.2292361589 0.0 0.101101504 0.0 2028.473290457 0.0 0.043127616 0.0 6783.702526616 0.0 0.14422912 0.0 0.0 0.0
1 9 2 21.829131530963 0.020226403311011 0.020226403311011 0.013711972696305 0.013752785095212 1496.3077073188 1496.3138547829 8.6213283908158 8.6033827907301 0.0 0.0 0.0 0.0 0.0 0.0 0.0 0.0 - -
2 7 2 21.929577898129 0.020806095011762 0.020806095011762 0.014102598021696 0.014134469487637 1496.315045669 1496.3223204103 8.617716956503 8.6038119464738 0.0 0.0 0.0 0.0 - -
3 7 2 22.030030289633 0.020236677298625 0.020236677298625 0.013714979882787 0.013751616917183 1496.3245696218 1496.3250406582 8.6208965371741 8.5888625096329 0.0085806986827306 0.0083014333709045 0.0084143350036783 0.0082594407336136 0.98061187262209 0.99494151968525
4 6 2 22.130432622059 0.020913255755511 0.020913255755511 0.014173266677528 0.014205508209949 1496.3242191343 1496.3109162104 8.6340510237222 8.5829621362561 0.0 0.0 - -
5 19 2 22.230932094898 0.020921620073264 0.020921620073264 0.014184929886552 0.014242793426881 1496.3180878172 1496.320157877 8.6092852361309 8.6026763961644 0.29168701171875 0.0 13.941894112278 0.0 0.0372314453125 0.0 1.7795679867105 0.0 0.0 0.0 0.0 0.0 0.0 0.0 0.0 0.0 4752.7363393368 0.0 0.099434944 0.0 2030.0347607533 0.0 0.042471616 0.0 6782.7711000901 0.0 0.14190656 0.0 0.0 0.0
6 9 2 22.331431910172 0.020232037199467 0.020232037199467 0.013708064123908 0.013756940982539 1496.3188473979 1496.311220229 0.0 0.0 8.6463492052608 8.5903723676719 0.27880859375 0.0 13.78054967976 0.0 0.035400390625 0.0 1.7497195302672 0.0
7 13 2 22.431926406817 0.021570378771254 0.021570378771254 0.014616324126905 0.014664662871734 1496.3146289209 1496.3159827924 8.6399460428862 8.5912432080144 201.0 201.0 0.30609130859375 0.0 14.190353903366 0.0 0.0399169921875 0.0 1.8505466506085 0.0 0.0 0.0 0.0 0.0 0.03887939453125 0.0 1.8024437560208 0.0
8 10 2 22.53231764359 0.02117391482051 0.02117391482051 0.01434810882077 0.014373924241636 1496.3135521151 1496.3135966293 8.6342318237832 8.6022967486176 4714.7823558494 0.0 0.0998304 0.0 2022.4008816036 0.0 0.042822144 0.0 6737.183237453 0.0 0.142652544 0.0
9 7 2 22.632730577945 0.021711582007424 0.021711582007424 0.014716346256565 0.014758898466177 1496.3156601114 1496.3144920834 8.6497773489644 8.6020755298781 1.3110948531217 1.1982054737091 0.38086718624787 0.38082876522103 0.29049552390587 0.31783260348674
10 9 2 22.733194797988 0.021525189894597 0.021525189894597 0.014591753433927 0.014627985977056 1496.3234801683 1496.32010848 8.6425342656307 8.5984189996938 0.0 0.0 0.0 0.0 0.0 0.0 0.0 0.0 - -
11 7 2 22.833720173668 0.022021137861196 0.022021137861196 0.014927155509695 0.014963852334514 1496.3180829363 1496.3188619072 8.6148885706018 8.6061363904569 2.6414683943961 2.644138183383 97.358531605604 97.355861816617 46.146420183151 46.110372927622
12 10 2 22.934207749119 0.021478886741884 0.021478886741884 0.014550688737556 0.014602239858725 1496.3121004327 1496.312706715 8.5956082387333 8.6236938076122 352083.0 352006.0 0.09420974118497 0.094163286520889 39.437348579738 39.509164616512 340540.0 341416.0 0.091121085832402 0.091330410932813 40.822387972044 40.87855577946
13 5 2 23.034624934029 0.02179447871059 0.02179447871059 0.014768777927594 0.014804434761426 1496.3138906631 1496.3151974419 8.6607628808966 8.5895825695487 5.8220338983051 5.7416666666667
14 6 2 23.135068512788 0.020570043329318 0.020570043329318 0.013943296405791 0.013976808031733 1496.3174931614 1496.32203532 8.596360196911 8.6342536616187 0.0 0.0 0.0 0.0
15 9 2 23.235534604452 0.021687429394447 0.021687429394447 0.014686564284709 0.014735586542778 1496.3143580288 1496.3105447339 8.6149856561695 8.614033610486 0.18246277073864 0.18247379468249 1.1425112769849e-05 1.8535097133177e-05 6.2616131080318e-05 0.00010157676155871 456.0 56.0 0.00012115933541979 1.4828077706541e-05
16 7 2 23.336054271053 0.02106012639901 0.02106012639901 0.014279656034235 0.014319485061873 1496.3117042264 1496.3092828738 8.6043225002443 8.6071322583298 4.5796051179114 4.598040741788 95.420394882089 95.401959258212 36.292154175424 36.120870789948
17 8 2 23.436523320531 0.020534621127599 0.020534621127599 0.01391813324408 0.013954412441856 1496.3177389684 1496.3101364809 8.6214122717946 8.5995415969632 0.0909196508812 0.090919393697642 1.3187211547284e-05 1.3398700381891e-05 0.00014504247893027 0.00014736900277238 10.998722391781 10.998753503852
18 10 2 23.536988050605 0.021256707343394 0.021256707343394 0.014410412252934 0.014449422332966 1496.3191292506 1496.3225723904 8.6112130798062 8.6055966320178 4053.6370289154 4067.2850504699 0.086166976 0.086457088 1009.3965943727 1018.0707505824 0.021456448 0.021640832 5063.1931964499 5085.4160173397 0.107626816 0.1080992
19 8 2 23.637509005417 0.020886934380841 0.020886934380841 0.014160143132729 0.014206834017274 1496.3193063641 1496.3226407398 8.6011601375569 8.6096656254778 90.504706906352 90.523513937214 94.539262498836 94.53839186165 94.821321810751 94.770787694021 99.979006132461 99.97727054618
20 12 2 23.738049215464 0.021298057856104 0.021298057856104 0.014435101620841 0.014479329321159 1496.3136927506 1496.3105291843 8.601787537174 8.6144078564593 28864680.0 28971463.0 95.074409278052 95.118492980489 95.195827565038 95.17639823712 99.976850600803 99.975106538458 90.57421803993 90.631605320636 86.112902759678 86.207417145013 86.222876423673 86.259897608663 90.553250652626 90.60904397682
21 7 2 23.838541194569 0.020406008304959 0.020406008304959 0.013837809793873 0.013876328867707 1496.321078523 1496.3143508503 8.6578943415712 8.5618779104443 9.3593198090298 9.5164865726803 90.64068019097 90.48351342732 20.490070052397 20.541331191231
22 7 2 23.939031023031 0.021132191976533 0.021132191976533 0.014323895511454 0.014360028856836 1496.3244950086 1496.3224936133 8.5869442610789 8.6238291533671 3351019.0 3345279.0 4689861.0 4681755.0 4689058.0 4680793.0
23 13 2 24.039555102346 0.02051369538561 0.02051369538561 0.01390918325196 0.013952374584953 1496.3150634074 1496.3187628611 8.6067545762372 8.6162159697587 0.11618781401772 0.1160602291667 122829852.0 123211268.0 3245238.0 3251751.0 1591761.0 1573148.0 2572.0 2540.0 1.2959072848187 1.2767890677012 0.0028795931464608 0.0029096364790272 2.6420596843184 2.6391668982743 96.059153437716 96.081134397546
24 5 2 24.140024214333 0.01943623663995 0.01943623663995 0.013174520211358 0.013206133491384 1496.3141250446 1496.3182610957 8.6363565910347 8.5889738922324 1.0001347415045 1.0001312506076
25 10 2 24.240457643214 0.020445298765836 0.020445298765836 0.013856741162903 0.013894174949976 1496.318872003 1496.3139072031 8.5803647533891 8.6274475556437 4157.9545974672 4145.6775452767 0.085010624 0.084759616 2148.8065546595 2152.4064042309 0.043932992 0.044006592 6306.7611521267 6298.0839495075 0.128943616 0.128766208
26 6 2 24.340890084648 0.020046506612274 0.020046506612274 0.013585937203244 0.0136215048044 1496.3220087853 1496.3260160854 8.6362285431946 8.5864261703623 0.0 0.0 0.0 0.0
27 19 2 24.44142360632 0.020551739306767 0.020551739306767 0.013930573728597 0.013986377670051 1496.3161123841 1496.3124222126 8.597885214618 8.6140082625377 0.293212890625 0.0 14.267059651173 0.0 0.03729248046875 0.0 1.8145656633777 0.0 0.0 0.0 0.0 0.0 0.0 0.0 0.0 0.0 4756.5663684635 0.0 0.097755712 0.0 2029.7120052639 0.0 0.041714112 0.0 6786.2783737274 0.0 0.139469824 0.0 0.0 0.0
1 9 2 24.541948347859 0.020055317546366 0.020055317546366 0.01356868540154 0.01362852700835 1496.3132563481 1496.3124477664 8.6121814139612 8.5966847403253 0.0 0.0 0.0 0.0 0.0 0.0 0.0 0.0 - -
2 7 2 24.64241522767 0.020310072760093 0.020310072760093 0.013769900103677 0.013803842492437 1496.3168322322 1496.322202786 8.5870006787693 8.6301044507979 0.0 0.0 0.0 0.0 - -
3 7 2 24.742830179499 0.020140481756012 0.020140481756012 0.013655393744146 0.013693872051783 1496.3131857973 1496.3173671901 8.6314821288637 8.5774095995002 0.0085702470399794 0.008237724580387 0.008409240089921 0.0081936034630175 0.98121326616289 0.99464401644666
4 6 2 24.843280961192 0.020476083586143 0.020476083586143 0.013879689814189 0.013915868908303 1496.3143413256 1496.3111477016 8.6410166966945 8.5880171725552 0.0 0.0 - -
5 19 2 24.943816538386 0.019835327745625 0.019835327745625 0.013446928547356 0.013498735589652 1496.3135788752 1496.3112895305 8.6223266650809 8.6033217751739 0.28021240234375 0.0 14.126935835762 0.0 0.035400390625 0.0 1.7847141765938 0.0 0.0 0.0 0.0 0.0 0.0 0.0 0.0 0.0 4752.6708511683 0.0 0.094270784 0.0 2027.8356130956 0.0 0.040222784 0.0 6780.5064642639 0.0 0.134493568 0.0 0.0 0.0
6 9 2 25.044310313922 0.020328842423207 0.020328842423207 0.013775270823681 0.013822750760621 1496.3203730385 1496.3236035073 0.0 0.0 8.6421505928796 8.5783009217627 0.2939453125 0.0 14.459520438037 0.0 0.0372314453125 0.0 1.8314591916949 0.0
7 13 2 25.144798190136 0.020518403428431 0.020518403428431 0.013900802627728 0.013963616543272 1496.3219883792 1496.321877014 8.619143684782 8.5912779718682 201.0 201.0 0.2806396484375 0.0 13.677460306129 0.0 0.04071044921875 0.0 1.9840943941253 0.0 0.0 0.0 0.0 0.0 0.03546142578125 0.0 1.7282741274165 0.0
8 10 2 25.245201933979 0.020880325727315 0.020880325727315 0.014149499078636 0.01417444436767 1496.3167388886 1496.3143702235 8.5792973646368 8.6356691680688 4741.9030379624 0.0 0.09901248 0.0 2025.0504016173 0.0 0.042283712 0.0 6766.9534395798 0.0 0.141296192 0.0
9 7 2 25.345624150344 0.020758787198766 0.020758787198766 0.014070744221106 0.01410752846677 1496.3186271942 1496.3197372042 8.6093924647099 8.622147415046 1.3105877246881 1.1978282234065 0.38094085947748 0.38087092532355 0.29066414426257 0.31796790047275
10 9 2 25.446087781542 0.020936940916093 0.020936940916093 0.014193320928812 0.014233960750817 1496.3213349166 1496.3239393036 8.6093461379633 8.6075122849113 0.0 0.0 0.0 0.0 0.0 0.0 0.0 0.0 - -
11 7 2 25.546560410292 0.021037953211386 0.021037953211386 0.014261914132249 0.014303625199325 1496.3201001519 1496.3195282717 8.645810324934 8.5710291550317 2.6321062461954 2.6552620334542 97.367893753805 97.344737966546 46.195542797731 45.950101796461
12 10 2 25.647052434694 0.020791702732314 0.020791702732314 0.014097504511832 0.014139364602007 1496.317025693 1496.3113040884 8.6202401784582 8.6143232450899 340015.0 341276.0 0.094174406630472 0.094179137840157 39.530164845669 39.552992299488 329000.0 330994.0 0.091123567435041 0.091341698655238 40.781325227964 40.901248965238
13 5 2 25.747518587054 0.021449050415099 0.021449050415099 0.014534697970219 0.014576421267154 1496.3028944243 1496.3152351699 8.6337590962977 8.5913609927156 6.1739130434783 6.0854700854701
14 6 2 25.847963830885 0.02057105795467 0.02057105795467 0.013941636768606 0.013974934145535 1496.3182188803 1496.3179647369 8.6199288541269 8.5992214254876 0.0 0.0 0.0 0.0
15 9 2 25.948427870651 0.021027538806871 0.021027538806871 0.014254259599285 0.014284455574521 1496.3170951526 1496.320377901 8.6319165919209 8.5948285964867 0.18242033743955 0.1824465861291 3.2915579766793e-06 2.1803248575021e-05 1.8043810371582e-05 0.00011950483172973 0.0 78.0 0.0 2.1258167360646e-05
16 7 2 26.048948710413 0.020922720760589 0.020922720760589 0.01418461055134 0.014228353133911 1496.3112164467 1496.3163927732 8.6501078517571 8.5778202923309 4.5685451820753 4.6052766039378 95.431454817925 95.394723396062 36.277018825049 36.137170697587
17 8 2 26.149414518525 0.020746366191432 0.020746366191432 0.014062601852649 0.014098571680284 1496.3177678713 1496.3103825506 8.6267653360728 8.6066257482786 0.090919548885343 0.090919397301289 1.2781970974367e-05 1.2719596224713e-05 0.00014058550807908 0.00013989969799913 10.998734730427 10.998753067909
18 10 2 26.249860663742 0.021066186973663 0.021066186973663 0.014280564214518 0.014303772410593 1496.318081357 1496.3172003589 4.4107325603763 15.135456832562 7908.5294461827 0.069875008792067 0.16660256 1.472e-06 1975.6277703237 0.012152175442099 0.041618944 2.56e-07 9884.3850697959 0.08506522809469 0.208226304 1.792e-06
